[2025-11-17T15:42:52.684+0000] {processor.py:161} INFO - Started process (PID=28369) to work on /usr/local/python/3.12.1/lib/python3.12/site-packages/airflow/example_dags/example_branch_datetime_operator.py
[2025-11-17T15:42:52.685+0000] {processor.py:830} INFO - Processing file /usr/local/python/3.12.1/lib/python3.12/site-packages/airflow/example_dags/example_branch_datetime_operator.py for tasks to queue
[2025-11-17T15:42:52.686+0000] {logging_mixin.py:188} INFO - [2025-11-17T15:42:52.686+0000] {dagbag.py:545} INFO - Filling up the DagBag from /usr/local/python/3.12.1/lib/python3.12/site-packages/airflow/example_dags/example_branch_datetime_operator.py
[2025-11-17T15:42:52.694+0000] {processor.py:840} INFO - DAG(s) 'example_branch_datetime_operator_2', 'example_branch_datetime_operator', 'example_branch_datetime_operator_3' retrieved from /usr/local/python/3.12.1/lib/python3.12/site-packages/airflow/example_dags/example_branch_datetime_operator.py
[2025-11-17T15:42:52.782+0000] {logging_mixin.py:188} INFO - [2025-11-17T15:42:52.782+0000] {override.py:1829} INFO - Created Permission View: can read on DAG:example_branch_datetime_operator_2
[2025-11-17T15:42:52.791+0000] {logging_mixin.py:188} INFO - [2025-11-17T15:42:52.791+0000] {override.py:1829} INFO - Created Permission View: can edit on DAG:example_branch_datetime_operator_2
[2025-11-17T15:42:52.797+0000] {logging_mixin.py:188} INFO - [2025-11-17T15:42:52.797+0000] {override.py:1829} INFO - Created Permission View: can delete on DAG:example_branch_datetime_operator_2
[2025-11-17T15:42:52.810+0000] {logging_mixin.py:188} INFO - [2025-11-17T15:42:52.810+0000] {override.py:1829} INFO - Created Permission View: can read on DAG:example_branch_datetime_operator
[2025-11-17T15:42:52.816+0000] {logging_mixin.py:188} INFO - [2025-11-17T15:42:52.816+0000] {override.py:1829} INFO - Created Permission View: can edit on DAG:example_branch_datetime_operator
[2025-11-17T15:42:52.822+0000] {logging_mixin.py:188} INFO - [2025-11-17T15:42:52.822+0000] {override.py:1829} INFO - Created Permission View: can delete on DAG:example_branch_datetime_operator
[2025-11-17T15:42:52.835+0000] {logging_mixin.py:188} INFO - [2025-11-17T15:42:52.835+0000] {override.py:1829} INFO - Created Permission View: can read on DAG:example_branch_datetime_operator_3
[2025-11-17T15:42:52.842+0000] {logging_mixin.py:188} INFO - [2025-11-17T15:42:52.842+0000] {override.py:1829} INFO - Created Permission View: can edit on DAG:example_branch_datetime_operator_3
[2025-11-17T15:42:52.853+0000] {logging_mixin.py:188} INFO - [2025-11-17T15:42:52.853+0000] {override.py:1829} INFO - Created Permission View: can delete on DAG:example_branch_datetime_operator_3
[2025-11-17T15:42:52.853+0000] {logging_mixin.py:188} INFO - [2025-11-17T15:42:52.853+0000] {dag.py:3096} INFO - Sync 3 DAGs
[2025-11-17T15:42:52.866+0000] {logging_mixin.py:188} INFO - [2025-11-17T15:42:52.866+0000] {dag.py:3118} INFO - Creating ORM DAG for example_branch_datetime_operator_3
[2025-11-17T15:42:52.867+0000] {logging_mixin.py:188} INFO - [2025-11-17T15:42:52.866+0000] {dag.py:3118} INFO - Creating ORM DAG for example_branch_datetime_operator
[2025-11-17T15:42:52.867+0000] {logging_mixin.py:188} INFO - [2025-11-17T15:42:52.867+0000] {dag.py:3118} INFO - Creating ORM DAG for example_branch_datetime_operator_2
[2025-11-17T15:42:52.885+0000] {logging_mixin.py:188} INFO - [2025-11-17T15:42:52.885+0000] {dag.py:3954} INFO - Setting next_dagrun for example_branch_datetime_operator to 2025-11-16 00:00:00+00:00, run_after=2025-11-17 00:00:00+00:00
[2025-11-17T15:42:52.887+0000] {logging_mixin.py:188} INFO - [2025-11-17T15:42:52.887+0000] {dag.py:3954} INFO - Setting next_dagrun for example_branch_datetime_operator_2 to 2025-11-16 00:00:00+00:00, run_after=2025-11-17 00:00:00+00:00
[2025-11-17T15:42:52.889+0000] {logging_mixin.py:188} INFO - [2025-11-17T15:42:52.889+0000] {dag.py:3954} INFO - Setting next_dagrun for example_branch_datetime_operator_3 to 2025-11-16 00:00:00+00:00, run_after=2025-11-17 00:00:00+00:00
[2025-11-17T15:42:52.913+0000] {processor.py:183} INFO - Processing /usr/local/python/3.12.1/lib/python3.12/site-packages/airflow/example_dags/example_branch_datetime_operator.py took 0.233 seconds
[2025-11-17T15:43:56.579+0000] {processor.py:161} INFO - Started process (PID=29462) to work on /usr/local/python/3.12.1/lib/python3.12/site-packages/airflow/example_dags/example_branch_datetime_operator.py
[2025-11-17T15:43:56.580+0000] {processor.py:830} INFO - Processing file /usr/local/python/3.12.1/lib/python3.12/site-packages/airflow/example_dags/example_branch_datetime_operator.py for tasks to queue
[2025-11-17T15:43:56.581+0000] {logging_mixin.py:188} INFO - [2025-11-17T15:43:56.581+0000] {dagbag.py:545} INFO - Filling up the DagBag from /usr/local/python/3.12.1/lib/python3.12/site-packages/airflow/example_dags/example_branch_datetime_operator.py
[2025-11-17T15:43:56.589+0000] {processor.py:840} INFO - DAG(s) 'example_branch_datetime_operator', 'example_branch_datetime_operator_3', 'example_branch_datetime_operator_2' retrieved from /usr/local/python/3.12.1/lib/python3.12/site-packages/airflow/example_dags/example_branch_datetime_operator.py
[2025-11-17T15:43:56.604+0000] {logging_mixin.py:188} INFO - [2025-11-17T15:43:56.604+0000] {dag.py:3096} INFO - Sync 3 DAGs
[2025-11-17T15:43:56.620+0000] {logging_mixin.py:188} INFO - [2025-11-17T15:43:56.620+0000] {dag.py:3954} INFO - Setting next_dagrun for example_branch_datetime_operator to 2025-11-16 00:00:00+00:00, run_after=2025-11-17 00:00:00+00:00
[2025-11-17T15:43:56.623+0000] {logging_mixin.py:188} INFO - [2025-11-17T15:43:56.623+0000] {dag.py:3954} INFO - Setting next_dagrun for example_branch_datetime_operator_2 to 2025-11-16 00:00:00+00:00, run_after=2025-11-17 00:00:00+00:00
[2025-11-17T15:43:56.625+0000] {logging_mixin.py:188} INFO - [2025-11-17T15:43:56.625+0000] {dag.py:3954} INFO - Setting next_dagrun for example_branch_datetime_operator_3 to 2025-11-16 00:00:00+00:00, run_after=2025-11-17 00:00:00+00:00
[2025-11-17T15:43:56.639+0000] {processor.py:183} INFO - Processing /usr/local/python/3.12.1/lib/python3.12/site-packages/airflow/example_dags/example_branch_datetime_operator.py took 0.064 seconds
[2025-11-17T15:44:55.389+0000] {processor.py:161} INFO - Started process (PID=30024) to work on /usr/local/python/3.12.1/lib/python3.12/site-packages/airflow/example_dags/example_branch_datetime_operator.py
[2025-11-17T15:44:55.389+0000] {processor.py:830} INFO - Processing file /usr/local/python/3.12.1/lib/python3.12/site-packages/airflow/example_dags/example_branch_datetime_operator.py for tasks to queue
[2025-11-17T15:44:55.391+0000] {logging_mixin.py:188} INFO - [2025-11-17T15:44:55.390+0000] {dagbag.py:545} INFO - Filling up the DagBag from /usr/local/python/3.12.1/lib/python3.12/site-packages/airflow/example_dags/example_branch_datetime_operator.py
[2025-11-17T15:44:55.398+0000] {processor.py:840} INFO - DAG(s) 'example_branch_datetime_operator_3', 'example_branch_datetime_operator', 'example_branch_datetime_operator_2' retrieved from /usr/local/python/3.12.1/lib/python3.12/site-packages/airflow/example_dags/example_branch_datetime_operator.py
[2025-11-17T15:44:55.419+0000] {logging_mixin.py:188} INFO - [2025-11-17T15:44:55.418+0000] {dag.py:3096} INFO - Sync 3 DAGs
[2025-11-17T15:44:55.443+0000] {logging_mixin.py:188} INFO - [2025-11-17T15:44:55.443+0000] {dag.py:3954} INFO - Setting next_dagrun for example_branch_datetime_operator to 2025-11-16 00:00:00+00:00, run_after=2025-11-17 00:00:00+00:00
[2025-11-17T15:44:55.449+0000] {logging_mixin.py:188} INFO - [2025-11-17T15:44:55.448+0000] {dag.py:3954} INFO - Setting next_dagrun for example_branch_datetime_operator_2 to 2025-11-16 00:00:00+00:00, run_after=2025-11-17 00:00:00+00:00
[2025-11-17T15:44:55.451+0000] {logging_mixin.py:188} INFO - [2025-11-17T15:44:55.451+0000] {dag.py:3954} INFO - Setting next_dagrun for example_branch_datetime_operator_3 to 2025-11-16 00:00:00+00:00, run_after=2025-11-17 00:00:00+00:00
[2025-11-17T15:44:55.478+0000] {processor.py:183} INFO - Processing /usr/local/python/3.12.1/lib/python3.12/site-packages/airflow/example_dags/example_branch_datetime_operator.py took 0.093 seconds
[2025-11-17T16:01:25.427+0000] {processor.py:161} INFO - Started process (PID=41250) to work on /usr/local/python/3.12.1/lib/python3.12/site-packages/airflow/example_dags/example_branch_datetime_operator.py
[2025-11-17T16:01:25.427+0000] {processor.py:830} INFO - Processing file /usr/local/python/3.12.1/lib/python3.12/site-packages/airflow/example_dags/example_branch_datetime_operator.py for tasks to queue
[2025-11-17T16:01:25.428+0000] {logging_mixin.py:188} INFO - [2025-11-17T16:01:25.428+0000] {dagbag.py:545} INFO - Filling up the DagBag from /usr/local/python/3.12.1/lib/python3.12/site-packages/airflow/example_dags/example_branch_datetime_operator.py
[2025-11-17T16:01:25.436+0000] {processor.py:840} INFO - DAG(s) 'example_branch_datetime_operator_3', 'example_branch_datetime_operator', 'example_branch_datetime_operator_2' retrieved from /usr/local/python/3.12.1/lib/python3.12/site-packages/airflow/example_dags/example_branch_datetime_operator.py
[2025-11-17T16:01:25.451+0000] {logging_mixin.py:188} INFO - [2025-11-17T16:01:25.451+0000] {dag.py:3096} INFO - Sync 3 DAGs
[2025-11-17T16:01:25.466+0000] {logging_mixin.py:188} INFO - [2025-11-17T16:01:25.466+0000] {dag.py:3954} INFO - Setting next_dagrun for example_branch_datetime_operator to 2025-11-16 00:00:00+00:00, run_after=2025-11-17 00:00:00+00:00
[2025-11-17T16:01:25.470+0000] {logging_mixin.py:188} INFO - [2025-11-17T16:01:25.469+0000] {dag.py:3954} INFO - Setting next_dagrun for example_branch_datetime_operator_2 to 2025-11-16 00:00:00+00:00, run_after=2025-11-17 00:00:00+00:00
[2025-11-17T16:01:25.471+0000] {logging_mixin.py:188} INFO - [2025-11-17T16:01:25.471+0000] {dag.py:3954} INFO - Setting next_dagrun for example_branch_datetime_operator_3 to 2025-11-16 00:00:00+00:00, run_after=2025-11-17 00:00:00+00:00
[2025-11-17T16:01:25.486+0000] {processor.py:183} INFO - Processing /usr/local/python/3.12.1/lib/python3.12/site-packages/airflow/example_dags/example_branch_datetime_operator.py took 0.067 seconds
[2025-11-17T16:02:27.461+0000] {processor.py:161} INFO - Started process (PID=42012) to work on /usr/local/python/3.12.1/lib/python3.12/site-packages/airflow/example_dags/example_branch_datetime_operator.py
[2025-11-17T16:02:27.461+0000] {processor.py:830} INFO - Processing file /usr/local/python/3.12.1/lib/python3.12/site-packages/airflow/example_dags/example_branch_datetime_operator.py for tasks to queue
[2025-11-17T16:02:27.462+0000] {logging_mixin.py:188} INFO - [2025-11-17T16:02:27.462+0000] {dagbag.py:545} INFO - Filling up the DagBag from /usr/local/python/3.12.1/lib/python3.12/site-packages/airflow/example_dags/example_branch_datetime_operator.py
[2025-11-17T16:02:27.470+0000] {processor.py:840} INFO - DAG(s) 'example_branch_datetime_operator_2', 'example_branch_datetime_operator_3', 'example_branch_datetime_operator' retrieved from /usr/local/python/3.12.1/lib/python3.12/site-packages/airflow/example_dags/example_branch_datetime_operator.py
[2025-11-17T16:02:27.485+0000] {logging_mixin.py:188} INFO - [2025-11-17T16:02:27.485+0000] {dag.py:3096} INFO - Sync 3 DAGs
[2025-11-17T16:02:27.501+0000] {logging_mixin.py:188} INFO - [2025-11-17T16:02:27.501+0000] {dag.py:3954} INFO - Setting next_dagrun for example_branch_datetime_operator to 2025-11-16 00:00:00+00:00, run_after=2025-11-17 00:00:00+00:00
[2025-11-17T16:02:27.506+0000] {logging_mixin.py:188} INFO - [2025-11-17T16:02:27.506+0000] {dag.py:3954} INFO - Setting next_dagrun for example_branch_datetime_operator_2 to 2025-11-16 00:00:00+00:00, run_after=2025-11-17 00:00:00+00:00
[2025-11-17T16:02:27.509+0000] {logging_mixin.py:188} INFO - [2025-11-17T16:02:27.508+0000] {dag.py:3954} INFO - Setting next_dagrun for example_branch_datetime_operator_3 to 2025-11-16 00:00:00+00:00, run_after=2025-11-17 00:00:00+00:00
[2025-11-17T16:02:27.525+0000] {processor.py:183} INFO - Processing /usr/local/python/3.12.1/lib/python3.12/site-packages/airflow/example_dags/example_branch_datetime_operator.py took 0.069 seconds
[2025-11-17T16:03:32.049+0000] {processor.py:161} INFO - Started process (PID=42804) to work on /usr/local/python/3.12.1/lib/python3.12/site-packages/airflow/example_dags/example_branch_datetime_operator.py
[2025-11-17T16:03:32.050+0000] {processor.py:830} INFO - Processing file /usr/local/python/3.12.1/lib/python3.12/site-packages/airflow/example_dags/example_branch_datetime_operator.py for tasks to queue
[2025-11-17T16:03:32.051+0000] {logging_mixin.py:188} INFO - [2025-11-17T16:03:32.051+0000] {dagbag.py:545} INFO - Filling up the DagBag from /usr/local/python/3.12.1/lib/python3.12/site-packages/airflow/example_dags/example_branch_datetime_operator.py
[2025-11-17T16:03:32.058+0000] {processor.py:840} INFO - DAG(s) 'example_branch_datetime_operator_2', 'example_branch_datetime_operator_3', 'example_branch_datetime_operator' retrieved from /usr/local/python/3.12.1/lib/python3.12/site-packages/airflow/example_dags/example_branch_datetime_operator.py
[2025-11-17T16:03:32.074+0000] {logging_mixin.py:188} INFO - [2025-11-17T16:03:32.073+0000] {dag.py:3096} INFO - Sync 3 DAGs
[2025-11-17T16:03:32.090+0000] {logging_mixin.py:188} INFO - [2025-11-17T16:03:32.090+0000] {dag.py:3954} INFO - Setting next_dagrun for example_branch_datetime_operator to 2025-11-16 00:00:00+00:00, run_after=2025-11-17 00:00:00+00:00
[2025-11-17T16:03:32.094+0000] {logging_mixin.py:188} INFO - [2025-11-17T16:03:32.093+0000] {dag.py:3954} INFO - Setting next_dagrun for example_branch_datetime_operator_2 to 2025-11-16 00:00:00+00:00, run_after=2025-11-17 00:00:00+00:00
[2025-11-17T16:03:32.095+0000] {logging_mixin.py:188} INFO - [2025-11-17T16:03:32.095+0000] {dag.py:3954} INFO - Setting next_dagrun for example_branch_datetime_operator_3 to 2025-11-16 00:00:00+00:00, run_after=2025-11-17 00:00:00+00:00
[2025-11-17T16:03:32.109+0000] {processor.py:183} INFO - Processing /usr/local/python/3.12.1/lib/python3.12/site-packages/airflow/example_dags/example_branch_datetime_operator.py took 0.064 seconds
[2025-11-17T16:04:33.231+0000] {processor.py:161} INFO - Started process (PID=43650) to work on /usr/local/python/3.12.1/lib/python3.12/site-packages/airflow/example_dags/example_branch_datetime_operator.py
[2025-11-17T16:04:33.232+0000] {processor.py:830} INFO - Processing file /usr/local/python/3.12.1/lib/python3.12/site-packages/airflow/example_dags/example_branch_datetime_operator.py for tasks to queue
[2025-11-17T16:04:33.233+0000] {logging_mixin.py:188} INFO - [2025-11-17T16:04:33.233+0000] {dagbag.py:545} INFO - Filling up the DagBag from /usr/local/python/3.12.1/lib/python3.12/site-packages/airflow/example_dags/example_branch_datetime_operator.py
[2025-11-17T16:04:33.241+0000] {processor.py:840} INFO - DAG(s) 'example_branch_datetime_operator', 'example_branch_datetime_operator_2', 'example_branch_datetime_operator_3' retrieved from /usr/local/python/3.12.1/lib/python3.12/site-packages/airflow/example_dags/example_branch_datetime_operator.py
[2025-11-17T16:04:33.256+0000] {logging_mixin.py:188} INFO - [2025-11-17T16:04:33.256+0000] {dag.py:3096} INFO - Sync 3 DAGs
[2025-11-17T16:04:33.271+0000] {logging_mixin.py:188} INFO - [2025-11-17T16:04:33.271+0000] {dag.py:3954} INFO - Setting next_dagrun for example_branch_datetime_operator to 2025-11-16 00:00:00+00:00, run_after=2025-11-17 00:00:00+00:00
[2025-11-17T16:04:33.275+0000] {logging_mixin.py:188} INFO - [2025-11-17T16:04:33.275+0000] {dag.py:3954} INFO - Setting next_dagrun for example_branch_datetime_operator_2 to 2025-11-16 00:00:00+00:00, run_after=2025-11-17 00:00:00+00:00
[2025-11-17T16:04:33.277+0000] {logging_mixin.py:188} INFO - [2025-11-17T16:04:33.277+0000] {dag.py:3954} INFO - Setting next_dagrun for example_branch_datetime_operator_3 to 2025-11-16 00:00:00+00:00, run_after=2025-11-17 00:00:00+00:00
[2025-11-17T16:04:33.293+0000] {processor.py:183} INFO - Processing /usr/local/python/3.12.1/lib/python3.12/site-packages/airflow/example_dags/example_branch_datetime_operator.py took 0.065 seconds
[2025-11-17T16:06:43.425+0000] {processor.py:161} INFO - Started process (PID=46081) to work on /usr/local/python/3.12.1/lib/python3.12/site-packages/airflow/example_dags/example_branch_datetime_operator.py
[2025-11-17T16:06:43.427+0000] {processor.py:830} INFO - Processing file /usr/local/python/3.12.1/lib/python3.12/site-packages/airflow/example_dags/example_branch_datetime_operator.py for tasks to queue
[2025-11-17T16:06:43.428+0000] {logging_mixin.py:188} INFO - [2025-11-17T16:06:43.428+0000] {dagbag.py:545} INFO - Filling up the DagBag from /usr/local/python/3.12.1/lib/python3.12/site-packages/airflow/example_dags/example_branch_datetime_operator.py
[2025-11-17T16:06:43.441+0000] {processor.py:840} INFO - DAG(s) 'example_branch_datetime_operator_3', 'example_branch_datetime_operator_2', 'example_branch_datetime_operator' retrieved from /usr/local/python/3.12.1/lib/python3.12/site-packages/airflow/example_dags/example_branch_datetime_operator.py
[2025-11-17T16:06:43.465+0000] {logging_mixin.py:188} INFO - [2025-11-17T16:06:43.465+0000] {dag.py:3096} INFO - Sync 3 DAGs
[2025-11-17T16:06:43.498+0000] {logging_mixin.py:188} INFO - [2025-11-17T16:06:43.494+0000] {dag.py:3954} INFO - Setting next_dagrun for example_branch_datetime_operator to 2025-11-16 00:00:00+00:00, run_after=2025-11-17 00:00:00+00:00
[2025-11-17T16:06:43.515+0000] {logging_mixin.py:188} INFO - [2025-11-17T16:06:43.512+0000] {dag.py:3954} INFO - Setting next_dagrun for example_branch_datetime_operator_2 to 2025-11-16 00:00:00+00:00, run_after=2025-11-17 00:00:00+00:00
[2025-11-17T16:06:43.520+0000] {logging_mixin.py:188} INFO - [2025-11-17T16:06:43.519+0000] {dag.py:3954} INFO - Setting next_dagrun for example_branch_datetime_operator_3 to 2025-11-16 00:00:00+00:00, run_after=2025-11-17 00:00:00+00:00
[2025-11-17T16:06:43.556+0000] {processor.py:183} INFO - Processing /usr/local/python/3.12.1/lib/python3.12/site-packages/airflow/example_dags/example_branch_datetime_operator.py took 0.136 seconds
[2025-11-17T16:07:46.480+0000] {processor.py:161} INFO - Started process (PID=46996) to work on /usr/local/python/3.12.1/lib/python3.12/site-packages/airflow/example_dags/example_branch_datetime_operator.py
[2025-11-17T16:07:46.481+0000] {processor.py:830} INFO - Processing file /usr/local/python/3.12.1/lib/python3.12/site-packages/airflow/example_dags/example_branch_datetime_operator.py for tasks to queue
[2025-11-17T16:07:46.482+0000] {logging_mixin.py:188} INFO - [2025-11-17T16:07:46.482+0000] {dagbag.py:545} INFO - Filling up the DagBag from /usr/local/python/3.12.1/lib/python3.12/site-packages/airflow/example_dags/example_branch_datetime_operator.py
[2025-11-17T16:07:46.491+0000] {processor.py:840} INFO - DAG(s) 'example_branch_datetime_operator', 'example_branch_datetime_operator_3', 'example_branch_datetime_operator_2' retrieved from /usr/local/python/3.12.1/lib/python3.12/site-packages/airflow/example_dags/example_branch_datetime_operator.py
[2025-11-17T16:07:46.514+0000] {logging_mixin.py:188} INFO - [2025-11-17T16:07:46.514+0000] {dag.py:3096} INFO - Sync 3 DAGs
[2025-11-17T16:07:46.538+0000] {logging_mixin.py:188} INFO - [2025-11-17T16:07:46.538+0000] {dag.py:3954} INFO - Setting next_dagrun for example_branch_datetime_operator to 2025-11-16 00:00:00+00:00, run_after=2025-11-17 00:00:00+00:00
[2025-11-17T16:07:46.543+0000] {logging_mixin.py:188} INFO - [2025-11-17T16:07:46.543+0000] {dag.py:3954} INFO - Setting next_dagrun for example_branch_datetime_operator_2 to 2025-11-16 00:00:00+00:00, run_after=2025-11-17 00:00:00+00:00
[2025-11-17T16:07:46.546+0000] {logging_mixin.py:188} INFO - [2025-11-17T16:07:46.546+0000] {dag.py:3954} INFO - Setting next_dagrun for example_branch_datetime_operator_3 to 2025-11-16 00:00:00+00:00, run_after=2025-11-17 00:00:00+00:00
[2025-11-17T16:07:46.562+0000] {processor.py:183} INFO - Processing /usr/local/python/3.12.1/lib/python3.12/site-packages/airflow/example_dags/example_branch_datetime_operator.py took 0.086 seconds
[2025-11-17T16:08:43.308+0000] {processor.py:161} INFO - Started process (PID=47767) to work on /usr/local/python/3.12.1/lib/python3.12/site-packages/airflow/example_dags/example_branch_datetime_operator.py
[2025-11-17T16:08:43.308+0000] {processor.py:830} INFO - Processing file /usr/local/python/3.12.1/lib/python3.12/site-packages/airflow/example_dags/example_branch_datetime_operator.py for tasks to queue
[2025-11-17T16:08:43.310+0000] {logging_mixin.py:188} INFO - [2025-11-17T16:08:43.309+0000] {dagbag.py:545} INFO - Filling up the DagBag from /usr/local/python/3.12.1/lib/python3.12/site-packages/airflow/example_dags/example_branch_datetime_operator.py
[2025-11-17T16:08:43.317+0000] {processor.py:840} INFO - DAG(s) 'example_branch_datetime_operator', 'example_branch_datetime_operator_2', 'example_branch_datetime_operator_3' retrieved from /usr/local/python/3.12.1/lib/python3.12/site-packages/airflow/example_dags/example_branch_datetime_operator.py
[2025-11-17T16:08:43.332+0000] {logging_mixin.py:188} INFO - [2025-11-17T16:08:43.332+0000] {dag.py:3096} INFO - Sync 3 DAGs
[2025-11-17T16:08:43.356+0000] {logging_mixin.py:188} INFO - [2025-11-17T16:08:43.356+0000] {dag.py:3954} INFO - Setting next_dagrun for example_branch_datetime_operator to 2025-11-16 00:00:00+00:00, run_after=2025-11-17 00:00:00+00:00
[2025-11-17T16:08:43.361+0000] {logging_mixin.py:188} INFO - [2025-11-17T16:08:43.361+0000] {dag.py:3954} INFO - Setting next_dagrun for example_branch_datetime_operator_2 to 2025-11-16 00:00:00+00:00, run_after=2025-11-17 00:00:00+00:00
[2025-11-17T16:08:43.364+0000] {logging_mixin.py:188} INFO - [2025-11-17T16:08:43.364+0000] {dag.py:3954} INFO - Setting next_dagrun for example_branch_datetime_operator_3 to 2025-11-16 00:00:00+00:00, run_after=2025-11-17 00:00:00+00:00
[2025-11-17T16:08:43.387+0000] {processor.py:183} INFO - Processing /usr/local/python/3.12.1/lib/python3.12/site-packages/airflow/example_dags/example_branch_datetime_operator.py took 0.083 seconds
[2025-11-17T16:09:44.642+0000] {processor.py:161} INFO - Started process (PID=48781) to work on /usr/local/python/3.12.1/lib/python3.12/site-packages/airflow/example_dags/example_branch_datetime_operator.py
[2025-11-17T16:09:44.642+0000] {processor.py:830} INFO - Processing file /usr/local/python/3.12.1/lib/python3.12/site-packages/airflow/example_dags/example_branch_datetime_operator.py for tasks to queue
[2025-11-17T16:09:44.644+0000] {logging_mixin.py:188} INFO - [2025-11-17T16:09:44.643+0000] {dagbag.py:545} INFO - Filling up the DagBag from /usr/local/python/3.12.1/lib/python3.12/site-packages/airflow/example_dags/example_branch_datetime_operator.py
[2025-11-17T16:09:44.651+0000] {processor.py:840} INFO - DAG(s) 'example_branch_datetime_operator', 'example_branch_datetime_operator_3', 'example_branch_datetime_operator_2' retrieved from /usr/local/python/3.12.1/lib/python3.12/site-packages/airflow/example_dags/example_branch_datetime_operator.py
[2025-11-17T16:09:44.667+0000] {logging_mixin.py:188} INFO - [2025-11-17T16:09:44.666+0000] {dag.py:3096} INFO - Sync 3 DAGs
[2025-11-17T16:09:44.682+0000] {logging_mixin.py:188} INFO - [2025-11-17T16:09:44.682+0000] {dag.py:3954} INFO - Setting next_dagrun for example_branch_datetime_operator to 2025-11-16 00:00:00+00:00, run_after=2025-11-17 00:00:00+00:00
[2025-11-17T16:09:44.686+0000] {logging_mixin.py:188} INFO - [2025-11-17T16:09:44.685+0000] {dag.py:3954} INFO - Setting next_dagrun for example_branch_datetime_operator_2 to 2025-11-16 00:00:00+00:00, run_after=2025-11-17 00:00:00+00:00
[2025-11-17T16:09:44.687+0000] {logging_mixin.py:188} INFO - [2025-11-17T16:09:44.687+0000] {dag.py:3954} INFO - Setting next_dagrun for example_branch_datetime_operator_3 to 2025-11-16 00:00:00+00:00, run_after=2025-11-17 00:00:00+00:00
[2025-11-17T16:09:44.702+0000] {processor.py:183} INFO - Processing /usr/local/python/3.12.1/lib/python3.12/site-packages/airflow/example_dags/example_branch_datetime_operator.py took 0.064 seconds
[2025-11-17T16:10:43.033+0000] {processor.py:161} INFO - Started process (PID=49477) to work on /usr/local/python/3.12.1/lib/python3.12/site-packages/airflow/example_dags/example_branch_datetime_operator.py
[2025-11-17T16:10:43.033+0000] {processor.py:830} INFO - Processing file /usr/local/python/3.12.1/lib/python3.12/site-packages/airflow/example_dags/example_branch_datetime_operator.py for tasks to queue
[2025-11-17T16:10:43.035+0000] {logging_mixin.py:188} INFO - [2025-11-17T16:10:43.034+0000] {dagbag.py:545} INFO - Filling up the DagBag from /usr/local/python/3.12.1/lib/python3.12/site-packages/airflow/example_dags/example_branch_datetime_operator.py
[2025-11-17T16:10:43.042+0000] {processor.py:840} INFO - DAG(s) 'example_branch_datetime_operator_3', 'example_branch_datetime_operator', 'example_branch_datetime_operator_2' retrieved from /usr/local/python/3.12.1/lib/python3.12/site-packages/airflow/example_dags/example_branch_datetime_operator.py
[2025-11-17T16:10:43.058+0000] {logging_mixin.py:188} INFO - [2025-11-17T16:10:43.057+0000] {dag.py:3096} INFO - Sync 3 DAGs
[2025-11-17T16:10:43.080+0000] {logging_mixin.py:188} INFO - [2025-11-17T16:10:43.078+0000] {dag.py:3954} INFO - Setting next_dagrun for example_branch_datetime_operator to 2025-11-16 00:00:00+00:00, run_after=2025-11-17 00:00:00+00:00
[2025-11-17T16:10:43.088+0000] {logging_mixin.py:188} INFO - [2025-11-17T16:10:43.087+0000] {dag.py:3954} INFO - Setting next_dagrun for example_branch_datetime_operator_2 to 2025-11-16 00:00:00+00:00, run_after=2025-11-17 00:00:00+00:00
[2025-11-17T16:10:43.090+0000] {logging_mixin.py:188} INFO - [2025-11-17T16:10:43.090+0000] {dag.py:3954} INFO - Setting next_dagrun for example_branch_datetime_operator_3 to 2025-11-16 00:00:00+00:00, run_after=2025-11-17 00:00:00+00:00
[2025-11-17T16:10:43.123+0000] {processor.py:183} INFO - Processing /usr/local/python/3.12.1/lib/python3.12/site-packages/airflow/example_dags/example_branch_datetime_operator.py took 0.095 seconds
