[2025-11-17T15:42:51.454+0000] {processor.py:161} INFO - Started process (PID=28349) to work on /usr/local/python/3.12.1/lib/python3.12/site-packages/airflow/example_dags/example_bash_operator.py
[2025-11-17T15:42:51.454+0000] {processor.py:830} INFO - Processing file /usr/local/python/3.12.1/lib/python3.12/site-packages/airflow/example_dags/example_bash_operator.py for tasks to queue
[2025-11-17T15:42:51.455+0000] {logging_mixin.py:188} INFO - [2025-11-17T15:42:51.455+0000] {dagbag.py:545} INFO - Filling up the DagBag from /usr/local/python/3.12.1/lib/python3.12/site-packages/airflow/example_dags/example_bash_operator.py
[2025-11-17T15:42:51.464+0000] {processor.py:840} INFO - DAG(s) 'example_bash_operator' retrieved from /usr/local/python/3.12.1/lib/python3.12/site-packages/airflow/example_dags/example_bash_operator.py
[2025-11-17T15:42:51.551+0000] {logging_mixin.py:188} INFO - [2025-11-17T15:42:51.550+0000] {override.py:1829} INFO - Created Permission View: can read on DAG:example_bash_operator
[2025-11-17T15:42:51.559+0000] {logging_mixin.py:188} INFO - [2025-11-17T15:42:51.559+0000] {override.py:1829} INFO - Created Permission View: can edit on DAG:example_bash_operator
[2025-11-17T15:42:51.565+0000] {logging_mixin.py:188} INFO - [2025-11-17T15:42:51.565+0000] {override.py:1829} INFO - Created Permission View: can delete on DAG:example_bash_operator
[2025-11-17T15:42:51.565+0000] {logging_mixin.py:188} INFO - [2025-11-17T15:42:51.565+0000] {dag.py:3096} INFO - Sync 1 DAGs
[2025-11-17T15:42:51.572+0000] {logging_mixin.py:188} INFO - [2025-11-17T15:42:51.572+0000] {dag.py:3118} INFO - Creating ORM DAG for example_bash_operator
[2025-11-17T15:42:51.579+0000] {logging_mixin.py:188} INFO - [2025-11-17T15:42:51.579+0000] {dag.py:3954} INFO - Setting next_dagrun for example_bash_operator to 2025-11-16 00:00:00+00:00, run_after=2025-11-17 00:00:00+00:00
[2025-11-17T15:42:51.595+0000] {processor.py:183} INFO - Processing /usr/local/python/3.12.1/lib/python3.12/site-packages/airflow/example_dags/example_bash_operator.py took 0.145 seconds
[2025-11-17T15:43:55.343+0000] {processor.py:161} INFO - Started process (PID=29452) to work on /usr/local/python/3.12.1/lib/python3.12/site-packages/airflow/example_dags/example_bash_operator.py
[2025-11-17T15:43:55.344+0000] {processor.py:830} INFO - Processing file /usr/local/python/3.12.1/lib/python3.12/site-packages/airflow/example_dags/example_bash_operator.py for tasks to queue
[2025-11-17T15:43:55.346+0000] {logging_mixin.py:188} INFO - [2025-11-17T15:43:55.345+0000] {dagbag.py:545} INFO - Filling up the DagBag from /usr/local/python/3.12.1/lib/python3.12/site-packages/airflow/example_dags/example_bash_operator.py
[2025-11-17T15:43:55.358+0000] {processor.py:840} INFO - DAG(s) 'example_bash_operator' retrieved from /usr/local/python/3.12.1/lib/python3.12/site-packages/airflow/example_dags/example_bash_operator.py
[2025-11-17T15:43:55.386+0000] {logging_mixin.py:188} INFO - [2025-11-17T15:43:55.386+0000] {dag.py:3096} INFO - Sync 1 DAGs
[2025-11-17T15:43:55.407+0000] {logging_mixin.py:188} INFO - [2025-11-17T15:43:55.407+0000] {dag.py:3954} INFO - Setting next_dagrun for example_bash_operator to 2025-11-16 00:00:00+00:00, run_after=2025-11-17 00:00:00+00:00
[2025-11-17T15:43:55.424+0000] {processor.py:183} INFO - Processing /usr/local/python/3.12.1/lib/python3.12/site-packages/airflow/example_dags/example_bash_operator.py took 0.095 seconds
[2025-11-17T15:44:54.259+0000] {processor.py:161} INFO - Started process (PID=30021) to work on /usr/local/python/3.12.1/lib/python3.12/site-packages/airflow/example_dags/example_bash_operator.py
[2025-11-17T15:44:54.260+0000] {processor.py:830} INFO - Processing file /usr/local/python/3.12.1/lib/python3.12/site-packages/airflow/example_dags/example_bash_operator.py for tasks to queue
[2025-11-17T15:44:54.261+0000] {logging_mixin.py:188} INFO - [2025-11-17T15:44:54.261+0000] {dagbag.py:545} INFO - Filling up the DagBag from /usr/local/python/3.12.1/lib/python3.12/site-packages/airflow/example_dags/example_bash_operator.py
[2025-11-17T15:44:54.269+0000] {processor.py:840} INFO - DAG(s) 'example_bash_operator' retrieved from /usr/local/python/3.12.1/lib/python3.12/site-packages/airflow/example_dags/example_bash_operator.py
[2025-11-17T15:44:54.286+0000] {logging_mixin.py:188} INFO - [2025-11-17T15:44:54.286+0000] {dag.py:3096} INFO - Sync 1 DAGs
[2025-11-17T15:44:54.300+0000] {logging_mixin.py:188} INFO - [2025-11-17T15:44:54.300+0000] {dag.py:3954} INFO - Setting next_dagrun for example_bash_operator to 2025-11-16 00:00:00+00:00, run_after=2025-11-17 00:00:00+00:00
[2025-11-17T15:44:54.316+0000] {processor.py:183} INFO - Processing /usr/local/python/3.12.1/lib/python3.12/site-packages/airflow/example_dags/example_bash_operator.py took 0.061 seconds
[2025-11-17T16:01:24.287+0000] {processor.py:161} INFO - Started process (PID=41223) to work on /usr/local/python/3.12.1/lib/python3.12/site-packages/airflow/example_dags/example_bash_operator.py
[2025-11-17T16:01:24.287+0000] {processor.py:830} INFO - Processing file /usr/local/python/3.12.1/lib/python3.12/site-packages/airflow/example_dags/example_bash_operator.py for tasks to queue
[2025-11-17T16:01:24.288+0000] {logging_mixin.py:188} INFO - [2025-11-17T16:01:24.288+0000] {dagbag.py:545} INFO - Filling up the DagBag from /usr/local/python/3.12.1/lib/python3.12/site-packages/airflow/example_dags/example_bash_operator.py
[2025-11-17T16:01:24.296+0000] {processor.py:840} INFO - DAG(s) 'example_bash_operator' retrieved from /usr/local/python/3.12.1/lib/python3.12/site-packages/airflow/example_dags/example_bash_operator.py
[2025-11-17T16:01:24.313+0000] {logging_mixin.py:188} INFO - [2025-11-17T16:01:24.312+0000] {dag.py:3096} INFO - Sync 1 DAGs
[2025-11-17T16:01:24.327+0000] {logging_mixin.py:188} INFO - [2025-11-17T16:01:24.327+0000] {dag.py:3954} INFO - Setting next_dagrun for example_bash_operator to 2025-11-16 00:00:00+00:00, run_after=2025-11-17 00:00:00+00:00
[2025-11-17T16:01:24.343+0000] {processor.py:183} INFO - Processing /usr/local/python/3.12.1/lib/python3.12/site-packages/airflow/example_dags/example_bash_operator.py took 0.060 seconds
[2025-11-17T16:02:26.968+0000] {processor.py:161} INFO - Started process (PID=42010) to work on /usr/local/python/3.12.1/lib/python3.12/site-packages/airflow/example_dags/example_bash_operator.py
[2025-11-17T16:02:26.968+0000] {processor.py:830} INFO - Processing file /usr/local/python/3.12.1/lib/python3.12/site-packages/airflow/example_dags/example_bash_operator.py for tasks to queue
[2025-11-17T16:02:26.969+0000] {logging_mixin.py:188} INFO - [2025-11-17T16:02:26.969+0000] {dagbag.py:545} INFO - Filling up the DagBag from /usr/local/python/3.12.1/lib/python3.12/site-packages/airflow/example_dags/example_bash_operator.py
[2025-11-17T16:02:26.978+0000] {processor.py:840} INFO - DAG(s) 'example_bash_operator' retrieved from /usr/local/python/3.12.1/lib/python3.12/site-packages/airflow/example_dags/example_bash_operator.py
[2025-11-17T16:02:26.994+0000] {logging_mixin.py:188} INFO - [2025-11-17T16:02:26.994+0000] {dag.py:3096} INFO - Sync 1 DAGs
[2025-11-17T16:02:27.009+0000] {logging_mixin.py:188} INFO - [2025-11-17T16:02:27.008+0000] {dag.py:3954} INFO - Setting next_dagrun for example_bash_operator to 2025-11-16 00:00:00+00:00, run_after=2025-11-17 00:00:00+00:00
[2025-11-17T16:02:27.025+0000] {processor.py:183} INFO - Processing /usr/local/python/3.12.1/lib/python3.12/site-packages/airflow/example_dags/example_bash_operator.py took 0.062 seconds
[2025-11-17T16:03:30.906+0000] {processor.py:161} INFO - Started process (PID=42794) to work on /usr/local/python/3.12.1/lib/python3.12/site-packages/airflow/example_dags/example_bash_operator.py
[2025-11-17T16:03:30.906+0000] {processor.py:830} INFO - Processing file /usr/local/python/3.12.1/lib/python3.12/site-packages/airflow/example_dags/example_bash_operator.py for tasks to queue
[2025-11-17T16:03:30.908+0000] {logging_mixin.py:188} INFO - [2025-11-17T16:03:30.907+0000] {dagbag.py:545} INFO - Filling up the DagBag from /usr/local/python/3.12.1/lib/python3.12/site-packages/airflow/example_dags/example_bash_operator.py
[2025-11-17T16:03:30.916+0000] {processor.py:840} INFO - DAG(s) 'example_bash_operator' retrieved from /usr/local/python/3.12.1/lib/python3.12/site-packages/airflow/example_dags/example_bash_operator.py
[2025-11-17T16:03:30.932+0000] {logging_mixin.py:188} INFO - [2025-11-17T16:03:30.932+0000] {dag.py:3096} INFO - Sync 1 DAGs
[2025-11-17T16:03:30.947+0000] {logging_mixin.py:188} INFO - [2025-11-17T16:03:30.946+0000] {dag.py:3954} INFO - Setting next_dagrun for example_bash_operator to 2025-11-16 00:00:00+00:00, run_after=2025-11-17 00:00:00+00:00
[2025-11-17T16:03:30.962+0000] {processor.py:183} INFO - Processing /usr/local/python/3.12.1/lib/python3.12/site-packages/airflow/example_dags/example_bash_operator.py took 0.060 seconds
[2025-11-17T16:04:32.459+0000] {processor.py:161} INFO - Started process (PID=43642) to work on /usr/local/python/3.12.1/lib/python3.12/site-packages/airflow/example_dags/example_bash_operator.py
[2025-11-17T16:04:32.460+0000] {processor.py:830} INFO - Processing file /usr/local/python/3.12.1/lib/python3.12/site-packages/airflow/example_dags/example_bash_operator.py for tasks to queue
[2025-11-17T16:04:32.462+0000] {logging_mixin.py:188} INFO - [2025-11-17T16:04:32.462+0000] {dagbag.py:545} INFO - Filling up the DagBag from /usr/local/python/3.12.1/lib/python3.12/site-packages/airflow/example_dags/example_bash_operator.py
[2025-11-17T16:04:32.475+0000] {processor.py:840} INFO - DAG(s) 'example_bash_operator' retrieved from /usr/local/python/3.12.1/lib/python3.12/site-packages/airflow/example_dags/example_bash_operator.py
[2025-11-17T16:04:32.493+0000] {logging_mixin.py:188} INFO - [2025-11-17T16:04:32.493+0000] {dag.py:3096} INFO - Sync 1 DAGs
[2025-11-17T16:04:32.508+0000] {logging_mixin.py:188} INFO - [2025-11-17T16:04:32.508+0000] {dag.py:3954} INFO - Setting next_dagrun for example_bash_operator to 2025-11-16 00:00:00+00:00, run_after=2025-11-17 00:00:00+00:00
[2025-11-17T16:04:32.529+0000] {processor.py:183} INFO - Processing /usr/local/python/3.12.1/lib/python3.12/site-packages/airflow/example_dags/example_bash_operator.py took 0.075 seconds
[2025-11-17T16:06:42.060+0000] {processor.py:161} INFO - Started process (PID=46013) to work on /usr/local/python/3.12.1/lib/python3.12/site-packages/airflow/example_dags/example_bash_operator.py
[2025-11-17T16:06:42.066+0000] {processor.py:830} INFO - Processing file /usr/local/python/3.12.1/lib/python3.12/site-packages/airflow/example_dags/example_bash_operator.py for tasks to queue
[2025-11-17T16:06:42.075+0000] {logging_mixin.py:188} INFO - [2025-11-17T16:06:42.075+0000] {dagbag.py:545} INFO - Filling up the DagBag from /usr/local/python/3.12.1/lib/python3.12/site-packages/airflow/example_dags/example_bash_operator.py
[2025-11-17T16:06:42.094+0000] {processor.py:840} INFO - DAG(s) 'example_bash_operator' retrieved from /usr/local/python/3.12.1/lib/python3.12/site-packages/airflow/example_dags/example_bash_operator.py
[2025-11-17T16:06:42.183+0000] {logging_mixin.py:188} INFO - [2025-11-17T16:06:42.183+0000] {dag.py:3096} INFO - Sync 1 DAGs
[2025-11-17T16:06:42.227+0000] {logging_mixin.py:188} INFO - [2025-11-17T16:06:42.226+0000] {dag.py:3954} INFO - Setting next_dagrun for example_bash_operator to 2025-11-16 00:00:00+00:00, run_after=2025-11-17 00:00:00+00:00
[2025-11-17T16:06:42.297+0000] {processor.py:183} INFO - Processing /usr/local/python/3.12.1/lib/python3.12/site-packages/airflow/example_dags/example_bash_operator.py took 0.253 seconds
[2025-11-17T16:07:45.351+0000] {processor.py:161} INFO - Started process (PID=46980) to work on /usr/local/python/3.12.1/lib/python3.12/site-packages/airflow/example_dags/example_bash_operator.py
[2025-11-17T16:07:45.351+0000] {processor.py:830} INFO - Processing file /usr/local/python/3.12.1/lib/python3.12/site-packages/airflow/example_dags/example_bash_operator.py for tasks to queue
[2025-11-17T16:07:45.353+0000] {logging_mixin.py:188} INFO - [2025-11-17T16:07:45.352+0000] {dagbag.py:545} INFO - Filling up the DagBag from /usr/local/python/3.12.1/lib/python3.12/site-packages/airflow/example_dags/example_bash_operator.py
[2025-11-17T16:07:45.361+0000] {processor.py:840} INFO - DAG(s) 'example_bash_operator' retrieved from /usr/local/python/3.12.1/lib/python3.12/site-packages/airflow/example_dags/example_bash_operator.py
[2025-11-17T16:07:45.377+0000] {logging_mixin.py:188} INFO - [2025-11-17T16:07:45.377+0000] {dag.py:3096} INFO - Sync 1 DAGs
[2025-11-17T16:07:45.394+0000] {logging_mixin.py:188} INFO - [2025-11-17T16:07:45.394+0000] {dag.py:3954} INFO - Setting next_dagrun for example_bash_operator to 2025-11-16 00:00:00+00:00, run_after=2025-11-17 00:00:00+00:00
[2025-11-17T16:07:45.411+0000] {processor.py:183} INFO - Processing /usr/local/python/3.12.1/lib/python3.12/site-packages/airflow/example_dags/example_bash_operator.py took 0.064 seconds
[2025-11-17T16:08:42.701+0000] {processor.py:161} INFO - Started process (PID=47747) to work on /usr/local/python/3.12.1/lib/python3.12/site-packages/airflow/example_dags/example_bash_operator.py
[2025-11-17T16:08:42.702+0000] {processor.py:830} INFO - Processing file /usr/local/python/3.12.1/lib/python3.12/site-packages/airflow/example_dags/example_bash_operator.py for tasks to queue
[2025-11-17T16:08:42.704+0000] {logging_mixin.py:188} INFO - [2025-11-17T16:08:42.703+0000] {dagbag.py:545} INFO - Filling up the DagBag from /usr/local/python/3.12.1/lib/python3.12/site-packages/airflow/example_dags/example_bash_operator.py
[2025-11-17T16:08:42.715+0000] {processor.py:840} INFO - DAG(s) 'example_bash_operator' retrieved from /usr/local/python/3.12.1/lib/python3.12/site-packages/airflow/example_dags/example_bash_operator.py
[2025-11-17T16:08:42.741+0000] {logging_mixin.py:188} INFO - [2025-11-17T16:08:42.741+0000] {dag.py:3096} INFO - Sync 1 DAGs
[2025-11-17T16:08:42.763+0000] {logging_mixin.py:188} INFO - [2025-11-17T16:08:42.763+0000] {dag.py:3954} INFO - Setting next_dagrun for example_bash_operator to 2025-11-16 00:00:00+00:00, run_after=2025-11-17 00:00:00+00:00
[2025-11-17T16:08:42.780+0000] {processor.py:183} INFO - Processing /usr/local/python/3.12.1/lib/python3.12/site-packages/airflow/example_dags/example_bash_operator.py took 0.082 seconds
[2025-11-17T16:09:43.652+0000] {processor.py:161} INFO - Started process (PID=48734) to work on /usr/local/python/3.12.1/lib/python3.12/site-packages/airflow/example_dags/example_bash_operator.py
[2025-11-17T16:09:43.653+0000] {processor.py:830} INFO - Processing file /usr/local/python/3.12.1/lib/python3.12/site-packages/airflow/example_dags/example_bash_operator.py for tasks to queue
[2025-11-17T16:09:43.654+0000] {logging_mixin.py:188} INFO - [2025-11-17T16:09:43.654+0000] {dagbag.py:545} INFO - Filling up the DagBag from /usr/local/python/3.12.1/lib/python3.12/site-packages/airflow/example_dags/example_bash_operator.py
[2025-11-17T16:09:43.663+0000] {processor.py:840} INFO - DAG(s) 'example_bash_operator' retrieved from /usr/local/python/3.12.1/lib/python3.12/site-packages/airflow/example_dags/example_bash_operator.py
[2025-11-17T16:09:43.680+0000] {logging_mixin.py:188} INFO - [2025-11-17T16:09:43.680+0000] {dag.py:3096} INFO - Sync 1 DAGs
[2025-11-17T16:09:43.697+0000] {logging_mixin.py:188} INFO - [2025-11-17T16:09:43.697+0000] {dag.py:3954} INFO - Setting next_dagrun for example_bash_operator to 2025-11-16 00:00:00+00:00, run_after=2025-11-17 00:00:00+00:00
[2025-11-17T16:09:43.717+0000] {processor.py:183} INFO - Processing /usr/local/python/3.12.1/lib/python3.12/site-packages/airflow/example_dags/example_bash_operator.py took 0.069 seconds
[2025-11-17T16:10:41.890+0000] {processor.py:161} INFO - Started process (PID=49460) to work on /usr/local/python/3.12.1/lib/python3.12/site-packages/airflow/example_dags/example_bash_operator.py
[2025-11-17T16:10:41.891+0000] {processor.py:830} INFO - Processing file /usr/local/python/3.12.1/lib/python3.12/site-packages/airflow/example_dags/example_bash_operator.py for tasks to queue
[2025-11-17T16:10:41.892+0000] {logging_mixin.py:188} INFO - [2025-11-17T16:10:41.892+0000] {dagbag.py:545} INFO - Filling up the DagBag from /usr/local/python/3.12.1/lib/python3.12/site-packages/airflow/example_dags/example_bash_operator.py
[2025-11-17T16:10:41.901+0000] {processor.py:840} INFO - DAG(s) 'example_bash_operator' retrieved from /usr/local/python/3.12.1/lib/python3.12/site-packages/airflow/example_dags/example_bash_operator.py
[2025-11-17T16:10:41.917+0000] {logging_mixin.py:188} INFO - [2025-11-17T16:10:41.917+0000] {dag.py:3096} INFO - Sync 1 DAGs
[2025-11-17T16:10:41.932+0000] {logging_mixin.py:188} INFO - [2025-11-17T16:10:41.932+0000] {dag.py:3954} INFO - Setting next_dagrun for example_bash_operator to 2025-11-16 00:00:00+00:00, run_after=2025-11-17 00:00:00+00:00
[2025-11-17T16:10:41.947+0000] {processor.py:183} INFO - Processing /usr/local/python/3.12.1/lib/python3.12/site-packages/airflow/example_dags/example_bash_operator.py took 0.061 seconds
