[2025-11-17T15:42:36.131+0000] {processor.py:161} INFO - Started process (PID=28117) to work on /usr/local/python/3.12.1/lib/python3.12/site-packages/airflow/example_dags/example_external_task_marker_dag.py
[2025-11-17T15:42:36.132+0000] {processor.py:830} INFO - Processing file /usr/local/python/3.12.1/lib/python3.12/site-packages/airflow/example_dags/example_external_task_marker_dag.py for tasks to queue
[2025-11-17T15:42:36.133+0000] {logging_mixin.py:188} INFO - [2025-11-17T15:42:36.133+0000] {dagbag.py:545} INFO - Filling up the DagBag from /usr/local/python/3.12.1/lib/python3.12/site-packages/airflow/example_dags/example_external_task_marker_dag.py
[2025-11-17T15:42:36.137+0000] {processor.py:840} INFO - DAG(s) 'example_external_task_marker_child', 'example_external_task_marker_parent' retrieved from /usr/local/python/3.12.1/lib/python3.12/site-packages/airflow/example_dags/example_external_task_marker_dag.py
[2025-11-17T15:42:36.225+0000] {logging_mixin.py:188} INFO - [2025-11-17T15:42:36.225+0000] {override.py:1829} INFO - Created Permission View: can read on DAG:example_external_task_marker_child
[2025-11-17T15:42:36.234+0000] {logging_mixin.py:188} INFO - [2025-11-17T15:42:36.234+0000] {override.py:1829} INFO - Created Permission View: can edit on DAG:example_external_task_marker_child
[2025-11-17T15:42:36.240+0000] {logging_mixin.py:188} INFO - [2025-11-17T15:42:36.240+0000] {override.py:1829} INFO - Created Permission View: can delete on DAG:example_external_task_marker_child
[2025-11-17T15:42:36.254+0000] {logging_mixin.py:188} INFO - [2025-11-17T15:42:36.254+0000] {override.py:1829} INFO - Created Permission View: can read on DAG:example_external_task_marker_parent
[2025-11-17T15:42:36.260+0000] {logging_mixin.py:188} INFO - [2025-11-17T15:42:36.260+0000] {override.py:1829} INFO - Created Permission View: can edit on DAG:example_external_task_marker_parent
[2025-11-17T15:42:36.266+0000] {logging_mixin.py:188} INFO - [2025-11-17T15:42:36.266+0000] {override.py:1829} INFO - Created Permission View: can delete on DAG:example_external_task_marker_parent
[2025-11-17T15:42:36.266+0000] {logging_mixin.py:188} INFO - [2025-11-17T15:42:36.266+0000] {dag.py:3096} INFO - Sync 2 DAGs
[2025-11-17T15:42:36.273+0000] {logging_mixin.py:188} INFO - [2025-11-17T15:42:36.273+0000] {dag.py:3118} INFO - Creating ORM DAG for example_external_task_marker_parent
[2025-11-17T15:42:36.274+0000] {logging_mixin.py:188} INFO - [2025-11-17T15:42:36.274+0000] {dag.py:3118} INFO - Creating ORM DAG for example_external_task_marker_child
[2025-11-17T15:42:36.274+0000] {logging_mixin.py:188} INFO - [2025-11-17T15:42:36.274+0000] {dag.py:3954} INFO - Setting next_dagrun for example_external_task_marker_child to None, run_after=None
[2025-11-17T15:42:36.275+0000] {logging_mixin.py:188} INFO - [2025-11-17T15:42:36.275+0000] {dag.py:3954} INFO - Setting next_dagrun for example_external_task_marker_parent to None, run_after=None
[2025-11-17T15:42:36.290+0000] {processor.py:183} INFO - Processing /usr/local/python/3.12.1/lib/python3.12/site-packages/airflow/example_dags/example_external_task_marker_dag.py took 0.163 seconds
[2025-11-17T15:43:28.149+0000] {processor.py:161} INFO - Started process (PID=29200) to work on /usr/local/python/3.12.1/lib/python3.12/site-packages/airflow/example_dags/example_external_task_marker_dag.py
[2025-11-17T15:43:28.150+0000] {processor.py:830} INFO - Processing file /usr/local/python/3.12.1/lib/python3.12/site-packages/airflow/example_dags/example_external_task_marker_dag.py for tasks to queue
[2025-11-17T15:43:28.151+0000] {logging_mixin.py:188} INFO - [2025-11-17T15:43:28.151+0000] {dagbag.py:545} INFO - Filling up the DagBag from /usr/local/python/3.12.1/lib/python3.12/site-packages/airflow/example_dags/example_external_task_marker_dag.py
[2025-11-17T15:43:28.155+0000] {processor.py:840} INFO - DAG(s) 'example_external_task_marker_child', 'example_external_task_marker_parent' retrieved from /usr/local/python/3.12.1/lib/python3.12/site-packages/airflow/example_dags/example_external_task_marker_dag.py
[2025-11-17T15:43:28.168+0000] {logging_mixin.py:188} INFO - [2025-11-17T15:43:28.168+0000] {dag.py:3096} INFO - Sync 2 DAGs
[2025-11-17T15:43:28.177+0000] {logging_mixin.py:188} INFO - [2025-11-17T15:43:28.177+0000] {dag.py:3954} INFO - Setting next_dagrun for example_external_task_marker_child to None, run_after=None
[2025-11-17T15:43:28.179+0000] {logging_mixin.py:188} INFO - [2025-11-17T15:43:28.179+0000] {dag.py:3954} INFO - Setting next_dagrun for example_external_task_marker_parent to None, run_after=None
[2025-11-17T15:43:28.194+0000] {processor.py:183} INFO - Processing /usr/local/python/3.12.1/lib/python3.12/site-packages/airflow/example_dags/example_external_task_marker_dag.py took 0.049 seconds
[2025-11-17T15:44:24.495+0000] {processor.py:161} INFO - Started process (PID=29709) to work on /usr/local/python/3.12.1/lib/python3.12/site-packages/airflow/example_dags/example_external_task_marker_dag.py
[2025-11-17T15:44:24.496+0000] {processor.py:830} INFO - Processing file /usr/local/python/3.12.1/lib/python3.12/site-packages/airflow/example_dags/example_external_task_marker_dag.py for tasks to queue
[2025-11-17T15:44:24.497+0000] {logging_mixin.py:188} INFO - [2025-11-17T15:44:24.497+0000] {dagbag.py:545} INFO - Filling up the DagBag from /usr/local/python/3.12.1/lib/python3.12/site-packages/airflow/example_dags/example_external_task_marker_dag.py
[2025-11-17T15:44:24.502+0000] {processor.py:840} INFO - DAG(s) 'example_external_task_marker_parent', 'example_external_task_marker_child' retrieved from /usr/local/python/3.12.1/lib/python3.12/site-packages/airflow/example_dags/example_external_task_marker_dag.py
[2025-11-17T15:44:24.515+0000] {logging_mixin.py:188} INFO - [2025-11-17T15:44:24.514+0000] {dag.py:3096} INFO - Sync 2 DAGs
[2025-11-17T15:44:24.523+0000] {logging_mixin.py:188} INFO - [2025-11-17T15:44:24.523+0000] {dag.py:3954} INFO - Setting next_dagrun for example_external_task_marker_child to None, run_after=None
[2025-11-17T15:44:24.525+0000] {logging_mixin.py:188} INFO - [2025-11-17T15:44:24.525+0000] {dag.py:3954} INFO - Setting next_dagrun for example_external_task_marker_parent to None, run_after=None
[2025-11-17T15:44:24.540+0000] {processor.py:183} INFO - Processing /usr/local/python/3.12.1/lib/python3.12/site-packages/airflow/example_dags/example_external_task_marker_dag.py took 0.048 seconds
[2025-11-17T15:45:12.721+0000] {processor.py:161} INFO - Started process (PID=30673) to work on /usr/local/python/3.12.1/lib/python3.12/site-packages/airflow/example_dags/example_external_task_marker_dag.py
[2025-11-17T15:45:12.722+0000] {processor.py:830} INFO - Processing file /usr/local/python/3.12.1/lib/python3.12/site-packages/airflow/example_dags/example_external_task_marker_dag.py for tasks to queue
[2025-11-17T15:45:12.723+0000] {logging_mixin.py:188} INFO - [2025-11-17T15:45:12.723+0000] {dagbag.py:545} INFO - Filling up the DagBag from /usr/local/python/3.12.1/lib/python3.12/site-packages/airflow/example_dags/example_external_task_marker_dag.py
[2025-11-17T15:45:12.727+0000] {processor.py:840} INFO - DAG(s) 'example_external_task_marker_child', 'example_external_task_marker_parent' retrieved from /usr/local/python/3.12.1/lib/python3.12/site-packages/airflow/example_dags/example_external_task_marker_dag.py
[2025-11-17T15:45:12.740+0000] {logging_mixin.py:188} INFO - [2025-11-17T15:45:12.740+0000] {dag.py:3096} INFO - Sync 2 DAGs
[2025-11-17T15:45:12.748+0000] {logging_mixin.py:188} INFO - [2025-11-17T15:45:12.748+0000] {dag.py:3954} INFO - Setting next_dagrun for example_external_task_marker_child to None, run_after=None
[2025-11-17T15:45:12.751+0000] {logging_mixin.py:188} INFO - [2025-11-17T15:45:12.751+0000] {dag.py:3954} INFO - Setting next_dagrun for example_external_task_marker_parent to None, run_after=None
[2025-11-17T15:45:12.764+0000] {processor.py:183} INFO - Processing /usr/local/python/3.12.1/lib/python3.12/site-packages/airflow/example_dags/example_external_task_marker_dag.py took 0.047 seconds
[2025-11-17T16:01:10.149+0000] {processor.py:161} INFO - Started process (PID=41079) to work on /usr/local/python/3.12.1/lib/python3.12/site-packages/airflow/example_dags/example_external_task_marker_dag.py
[2025-11-17T16:01:10.150+0000] {processor.py:830} INFO - Processing file /usr/local/python/3.12.1/lib/python3.12/site-packages/airflow/example_dags/example_external_task_marker_dag.py for tasks to queue
[2025-11-17T16:01:10.151+0000] {logging_mixin.py:188} INFO - [2025-11-17T16:01:10.151+0000] {dagbag.py:545} INFO - Filling up the DagBag from /usr/local/python/3.12.1/lib/python3.12/site-packages/airflow/example_dags/example_external_task_marker_dag.py
[2025-11-17T16:01:10.155+0000] {processor.py:840} INFO - DAG(s) 'example_external_task_marker_child', 'example_external_task_marker_parent' retrieved from /usr/local/python/3.12.1/lib/python3.12/site-packages/airflow/example_dags/example_external_task_marker_dag.py
[2025-11-17T16:01:10.168+0000] {logging_mixin.py:188} INFO - [2025-11-17T16:01:10.168+0000] {dag.py:3096} INFO - Sync 2 DAGs
[2025-11-17T16:01:10.177+0000] {logging_mixin.py:188} INFO - [2025-11-17T16:01:10.176+0000] {dag.py:3954} INFO - Setting next_dagrun for example_external_task_marker_child to None, run_after=None
[2025-11-17T16:01:10.179+0000] {logging_mixin.py:188} INFO - [2025-11-17T16:01:10.179+0000] {dag.py:3954} INFO - Setting next_dagrun for example_external_task_marker_parent to None, run_after=None
[2025-11-17T16:01:10.193+0000] {processor.py:183} INFO - Processing /usr/local/python/3.12.1/lib/python3.12/site-packages/airflow/example_dags/example_external_task_marker_dag.py took 0.048 seconds
[2025-11-17T16:02:01.303+0000] {processor.py:161} INFO - Started process (PID=41689) to work on /usr/local/python/3.12.1/lib/python3.12/site-packages/airflow/example_dags/example_external_task_marker_dag.py
[2025-11-17T16:02:01.304+0000] {processor.py:830} INFO - Processing file /usr/local/python/3.12.1/lib/python3.12/site-packages/airflow/example_dags/example_external_task_marker_dag.py for tasks to queue
[2025-11-17T16:02:01.305+0000] {logging_mixin.py:188} INFO - [2025-11-17T16:02:01.305+0000] {dagbag.py:545} INFO - Filling up the DagBag from /usr/local/python/3.12.1/lib/python3.12/site-packages/airflow/example_dags/example_external_task_marker_dag.py
[2025-11-17T16:02:01.310+0000] {processor.py:840} INFO - DAG(s) 'example_external_task_marker_child', 'example_external_task_marker_parent' retrieved from /usr/local/python/3.12.1/lib/python3.12/site-packages/airflow/example_dags/example_external_task_marker_dag.py
[2025-11-17T16:02:01.323+0000] {logging_mixin.py:188} INFO - [2025-11-17T16:02:01.323+0000] {dag.py:3096} INFO - Sync 2 DAGs
[2025-11-17T16:02:01.332+0000] {logging_mixin.py:188} INFO - [2025-11-17T16:02:01.332+0000] {dag.py:3954} INFO - Setting next_dagrun for example_external_task_marker_child to None, run_after=None
[2025-11-17T16:02:01.335+0000] {logging_mixin.py:188} INFO - [2025-11-17T16:02:01.335+0000] {dag.py:3954} INFO - Setting next_dagrun for example_external_task_marker_parent to None, run_after=None
[2025-11-17T16:02:01.349+0000] {processor.py:183} INFO - Processing /usr/local/python/3.12.1/lib/python3.12/site-packages/airflow/example_dags/example_external_task_marker_dag.py took 0.050 seconds
[2025-11-17T16:03:04.535+0000] {processor.py:161} INFO - Started process (PID=42549) to work on /usr/local/python/3.12.1/lib/python3.12/site-packages/airflow/example_dags/example_external_task_marker_dag.py
[2025-11-17T16:03:04.536+0000] {processor.py:830} INFO - Processing file /usr/local/python/3.12.1/lib/python3.12/site-packages/airflow/example_dags/example_external_task_marker_dag.py for tasks to queue
[2025-11-17T16:03:04.537+0000] {logging_mixin.py:188} INFO - [2025-11-17T16:03:04.537+0000] {dagbag.py:545} INFO - Filling up the DagBag from /usr/local/python/3.12.1/lib/python3.12/site-packages/airflow/example_dags/example_external_task_marker_dag.py
[2025-11-17T16:03:04.541+0000] {processor.py:840} INFO - DAG(s) 'example_external_task_marker_parent', 'example_external_task_marker_child' retrieved from /usr/local/python/3.12.1/lib/python3.12/site-packages/airflow/example_dags/example_external_task_marker_dag.py
[2025-11-17T16:03:04.554+0000] {logging_mixin.py:188} INFO - [2025-11-17T16:03:04.554+0000] {dag.py:3096} INFO - Sync 2 DAGs
[2025-11-17T16:03:04.565+0000] {logging_mixin.py:188} INFO - [2025-11-17T16:03:04.565+0000] {dag.py:3954} INFO - Setting next_dagrun for example_external_task_marker_child to None, run_after=None
[2025-11-17T16:03:04.569+0000] {logging_mixin.py:188} INFO - [2025-11-17T16:03:04.569+0000] {dag.py:3954} INFO - Setting next_dagrun for example_external_task_marker_parent to None, run_after=None
[2025-11-17T16:03:04.585+0000] {processor.py:183} INFO - Processing /usr/local/python/3.12.1/lib/python3.12/site-packages/airflow/example_dags/example_external_task_marker_dag.py took 0.054 seconds
[2025-11-17T16:04:06.328+0000] {processor.py:161} INFO - Started process (PID=43297) to work on /usr/local/python/3.12.1/lib/python3.12/site-packages/airflow/example_dags/example_external_task_marker_dag.py
[2025-11-17T16:04:06.329+0000] {processor.py:830} INFO - Processing file /usr/local/python/3.12.1/lib/python3.12/site-packages/airflow/example_dags/example_external_task_marker_dag.py for tasks to queue
[2025-11-17T16:04:06.330+0000] {logging_mixin.py:188} INFO - [2025-11-17T16:04:06.330+0000] {dagbag.py:545} INFO - Filling up the DagBag from /usr/local/python/3.12.1/lib/python3.12/site-packages/airflow/example_dags/example_external_task_marker_dag.py
[2025-11-17T16:04:06.335+0000] {processor.py:840} INFO - DAG(s) 'example_external_task_marker_child', 'example_external_task_marker_parent' retrieved from /usr/local/python/3.12.1/lib/python3.12/site-packages/airflow/example_dags/example_external_task_marker_dag.py
[2025-11-17T16:04:06.352+0000] {logging_mixin.py:188} INFO - [2025-11-17T16:04:06.352+0000] {dag.py:3096} INFO - Sync 2 DAGs
[2025-11-17T16:04:06.360+0000] {logging_mixin.py:188} INFO - [2025-11-17T16:04:06.360+0000] {dag.py:3954} INFO - Setting next_dagrun for example_external_task_marker_child to None, run_after=None
[2025-11-17T16:04:06.363+0000] {logging_mixin.py:188} INFO - [2025-11-17T16:04:06.363+0000] {dag.py:3954} INFO - Setting next_dagrun for example_external_task_marker_parent to None, run_after=None
[2025-11-17T16:04:06.377+0000] {processor.py:183} INFO - Processing /usr/local/python/3.12.1/lib/python3.12/site-packages/airflow/example_dags/example_external_task_marker_dag.py took 0.053 seconds
[2025-11-17T16:05:08.541+0000] {processor.py:161} INFO - Started process (PID=44105) to work on /usr/local/python/3.12.1/lib/python3.12/site-packages/airflow/example_dags/example_external_task_marker_dag.py
[2025-11-17T16:05:08.542+0000] {processor.py:830} INFO - Processing file /usr/local/python/3.12.1/lib/python3.12/site-packages/airflow/example_dags/example_external_task_marker_dag.py for tasks to queue
[2025-11-17T16:05:08.544+0000] {logging_mixin.py:188} INFO - [2025-11-17T16:05:08.544+0000] {dagbag.py:545} INFO - Filling up the DagBag from /usr/local/python/3.12.1/lib/python3.12/site-packages/airflow/example_dags/example_external_task_marker_dag.py
[2025-11-17T16:05:08.550+0000] {processor.py:840} INFO - DAG(s) 'example_external_task_marker_child', 'example_external_task_marker_parent' retrieved from /usr/local/python/3.12.1/lib/python3.12/site-packages/airflow/example_dags/example_external_task_marker_dag.py
[2025-11-17T16:05:08.574+0000] {logging_mixin.py:188} INFO - [2025-11-17T16:05:08.574+0000] {dag.py:3096} INFO - Sync 2 DAGs
[2025-11-17T16:05:08.584+0000] {logging_mixin.py:188} INFO - [2025-11-17T16:05:08.584+0000] {dag.py:3954} INFO - Setting next_dagrun for example_external_task_marker_child to None, run_after=None
[2025-11-17T16:05:08.586+0000] {logging_mixin.py:188} INFO - [2025-11-17T16:05:08.586+0000] {dag.py:3954} INFO - Setting next_dagrun for example_external_task_marker_parent to None, run_after=None
[2025-11-17T16:05:08.601+0000] {processor.py:183} INFO - Processing /usr/local/python/3.12.1/lib/python3.12/site-packages/airflow/example_dags/example_external_task_marker_dag.py took 0.066 seconds
[2025-11-17T16:06:26.977+0000] {processor.py:161} INFO - Started process (PID=45111) to work on /usr/local/python/3.12.1/lib/python3.12/site-packages/airflow/example_dags/example_external_task_marker_dag.py
[2025-11-17T16:06:26.978+0000] {processor.py:830} INFO - Processing file /usr/local/python/3.12.1/lib/python3.12/site-packages/airflow/example_dags/example_external_task_marker_dag.py for tasks to queue
[2025-11-17T16:06:26.979+0000] {logging_mixin.py:188} INFO - [2025-11-17T16:06:26.979+0000] {dagbag.py:545} INFO - Filling up the DagBag from /usr/local/python/3.12.1/lib/python3.12/site-packages/airflow/example_dags/example_external_task_marker_dag.py
[2025-11-17T16:06:26.983+0000] {processor.py:840} INFO - DAG(s) 'example_external_task_marker_child', 'example_external_task_marker_parent' retrieved from /usr/local/python/3.12.1/lib/python3.12/site-packages/airflow/example_dags/example_external_task_marker_dag.py
[2025-11-17T16:06:26.996+0000] {logging_mixin.py:188} INFO - [2025-11-17T16:06:26.996+0000] {dag.py:3096} INFO - Sync 2 DAGs
[2025-11-17T16:06:27.004+0000] {logging_mixin.py:188} INFO - [2025-11-17T16:06:27.004+0000] {dag.py:3954} INFO - Setting next_dagrun for example_external_task_marker_child to None, run_after=None
[2025-11-17T16:06:27.007+0000] {logging_mixin.py:188} INFO - [2025-11-17T16:06:27.007+0000] {dag.py:3954} INFO - Setting next_dagrun for example_external_task_marker_parent to None, run_after=None
[2025-11-17T16:06:27.020+0000] {processor.py:183} INFO - Processing /usr/local/python/3.12.1/lib/python3.12/site-packages/airflow/example_dags/example_external_task_marker_dag.py took 0.047 seconds
[2025-11-17T16:07:18.032+0000] {processor.py:161} INFO - Started process (PID=46556) to work on /usr/local/python/3.12.1/lib/python3.12/site-packages/airflow/example_dags/example_external_task_marker_dag.py
[2025-11-17T16:07:18.032+0000] {processor.py:830} INFO - Processing file /usr/local/python/3.12.1/lib/python3.12/site-packages/airflow/example_dags/example_external_task_marker_dag.py for tasks to queue
[2025-11-17T16:07:18.034+0000] {logging_mixin.py:188} INFO - [2025-11-17T16:07:18.033+0000] {dagbag.py:545} INFO - Filling up the DagBag from /usr/local/python/3.12.1/lib/python3.12/site-packages/airflow/example_dags/example_external_task_marker_dag.py
[2025-11-17T16:07:18.038+0000] {processor.py:840} INFO - DAG(s) 'example_external_task_marker_child', 'example_external_task_marker_parent' retrieved from /usr/local/python/3.12.1/lib/python3.12/site-packages/airflow/example_dags/example_external_task_marker_dag.py
[2025-11-17T16:07:18.051+0000] {logging_mixin.py:188} INFO - [2025-11-17T16:07:18.051+0000] {dag.py:3096} INFO - Sync 2 DAGs
[2025-11-17T16:07:18.059+0000] {logging_mixin.py:188} INFO - [2025-11-17T16:07:18.059+0000] {dag.py:3954} INFO - Setting next_dagrun for example_external_task_marker_child to None, run_after=None
[2025-11-17T16:07:18.062+0000] {logging_mixin.py:188} INFO - [2025-11-17T16:07:18.062+0000] {dag.py:3954} INFO - Setting next_dagrun for example_external_task_marker_parent to None, run_after=None
[2025-11-17T16:07:18.076+0000] {processor.py:183} INFO - Processing /usr/local/python/3.12.1/lib/python3.12/site-packages/airflow/example_dags/example_external_task_marker_dag.py took 0.048 seconds
[2025-11-17T16:08:13.504+0000] {processor.py:161} INFO - Started process (PID=47348) to work on /usr/local/python/3.12.1/lib/python3.12/site-packages/airflow/example_dags/example_external_task_marker_dag.py
[2025-11-17T16:08:13.505+0000] {processor.py:830} INFO - Processing file /usr/local/python/3.12.1/lib/python3.12/site-packages/airflow/example_dags/example_external_task_marker_dag.py for tasks to queue
[2025-11-17T16:08:13.507+0000] {logging_mixin.py:188} INFO - [2025-11-17T16:08:13.506+0000] {dagbag.py:545} INFO - Filling up the DagBag from /usr/local/python/3.12.1/lib/python3.12/site-packages/airflow/example_dags/example_external_task_marker_dag.py
[2025-11-17T16:08:13.511+0000] {processor.py:840} INFO - DAG(s) 'example_external_task_marker_parent', 'example_external_task_marker_child' retrieved from /usr/local/python/3.12.1/lib/python3.12/site-packages/airflow/example_dags/example_external_task_marker_dag.py
[2025-11-17T16:08:13.524+0000] {logging_mixin.py:188} INFO - [2025-11-17T16:08:13.524+0000] {dag.py:3096} INFO - Sync 2 DAGs
[2025-11-17T16:08:13.532+0000] {logging_mixin.py:188} INFO - [2025-11-17T16:08:13.532+0000] {dag.py:3954} INFO - Setting next_dagrun for example_external_task_marker_child to None, run_after=None
[2025-11-17T16:08:13.535+0000] {logging_mixin.py:188} INFO - [2025-11-17T16:08:13.535+0000] {dag.py:3954} INFO - Setting next_dagrun for example_external_task_marker_parent to None, run_after=None
[2025-11-17T16:08:13.551+0000] {processor.py:183} INFO - Processing /usr/local/python/3.12.1/lib/python3.12/site-packages/airflow/example_dags/example_external_task_marker_dag.py took 0.051 seconds
[2025-11-17T16:09:03.855+0000] {processor.py:161} INFO - Started process (PID=48068) to work on /usr/local/python/3.12.1/lib/python3.12/site-packages/airflow/example_dags/example_external_task_marker_dag.py
[2025-11-17T16:09:03.856+0000] {processor.py:830} INFO - Processing file /usr/local/python/3.12.1/lib/python3.12/site-packages/airflow/example_dags/example_external_task_marker_dag.py for tasks to queue
[2025-11-17T16:09:03.857+0000] {logging_mixin.py:188} INFO - [2025-11-17T16:09:03.857+0000] {dagbag.py:545} INFO - Filling up the DagBag from /usr/local/python/3.12.1/lib/python3.12/site-packages/airflow/example_dags/example_external_task_marker_dag.py
[2025-11-17T16:09:03.861+0000] {processor.py:840} INFO - DAG(s) 'example_external_task_marker_child', 'example_external_task_marker_parent' retrieved from /usr/local/python/3.12.1/lib/python3.12/site-packages/airflow/example_dags/example_external_task_marker_dag.py
[2025-11-17T16:09:03.874+0000] {logging_mixin.py:188} INFO - [2025-11-17T16:09:03.874+0000] {dag.py:3096} INFO - Sync 2 DAGs
[2025-11-17T16:09:03.883+0000] {logging_mixin.py:188} INFO - [2025-11-17T16:09:03.883+0000] {dag.py:3954} INFO - Setting next_dagrun for example_external_task_marker_child to None, run_after=None
[2025-11-17T16:09:03.885+0000] {logging_mixin.py:188} INFO - [2025-11-17T16:09:03.885+0000] {dag.py:3954} INFO - Setting next_dagrun for example_external_task_marker_parent to None, run_after=None
[2025-11-17T16:09:03.900+0000] {processor.py:183} INFO - Processing /usr/local/python/3.12.1/lib/python3.12/site-packages/airflow/example_dags/example_external_task_marker_dag.py took 0.048 seconds
[2025-11-17T16:10:04.203+0000] {processor.py:161} INFO - Started process (PID=49094) to work on /usr/local/python/3.12.1/lib/python3.12/site-packages/airflow/example_dags/example_external_task_marker_dag.py
[2025-11-17T16:10:04.204+0000] {processor.py:830} INFO - Processing file /usr/local/python/3.12.1/lib/python3.12/site-packages/airflow/example_dags/example_external_task_marker_dag.py for tasks to queue
[2025-11-17T16:10:04.205+0000] {logging_mixin.py:188} INFO - [2025-11-17T16:10:04.205+0000] {dagbag.py:545} INFO - Filling up the DagBag from /usr/local/python/3.12.1/lib/python3.12/site-packages/airflow/example_dags/example_external_task_marker_dag.py
[2025-11-17T16:10:04.209+0000] {processor.py:840} INFO - DAG(s) 'example_external_task_marker_child', 'example_external_task_marker_parent' retrieved from /usr/local/python/3.12.1/lib/python3.12/site-packages/airflow/example_dags/example_external_task_marker_dag.py
[2025-11-17T16:10:04.222+0000] {logging_mixin.py:188} INFO - [2025-11-17T16:10:04.222+0000] {dag.py:3096} INFO - Sync 2 DAGs
[2025-11-17T16:10:04.233+0000] {logging_mixin.py:188} INFO - [2025-11-17T16:10:04.232+0000] {dag.py:3954} INFO - Setting next_dagrun for example_external_task_marker_child to None, run_after=None
[2025-11-17T16:10:04.236+0000] {logging_mixin.py:188} INFO - [2025-11-17T16:10:04.236+0000] {dag.py:3954} INFO - Setting next_dagrun for example_external_task_marker_parent to None, run_after=None
[2025-11-17T16:10:04.256+0000] {processor.py:183} INFO - Processing /usr/local/python/3.12.1/lib/python3.12/site-packages/airflow/example_dags/example_external_task_marker_dag.py took 0.057 seconds
