[2025-11-17T15:42:41.133+0000] {processor.py:161} INFO - Started process (PID=28181) to work on /usr/local/python/3.12.1/lib/python3.12/site-packages/airflow/example_dags/example_branch_python_dop_operator_3.py
[2025-11-17T15:42:41.133+0000] {processor.py:830} INFO - Processing file /usr/local/python/3.12.1/lib/python3.12/site-packages/airflow/example_dags/example_branch_python_dop_operator_3.py for tasks to queue
[2025-11-17T15:42:41.135+0000] {logging_mixin.py:188} INFO - [2025-11-17T15:42:41.135+0000] {dagbag.py:545} INFO - Filling up the DagBag from /usr/local/python/3.12.1/lib/python3.12/site-packages/airflow/example_dags/example_branch_python_dop_operator_3.py
[2025-11-17T15:42:41.143+0000] {processor.py:840} INFO - DAG(s) 'example_branch_dop_operator_v3' retrieved from /usr/local/python/3.12.1/lib/python3.12/site-packages/airflow/example_dags/example_branch_python_dop_operator_3.py
[2025-11-17T15:42:41.272+0000] {logging_mixin.py:188} INFO - [2025-11-17T15:42:41.272+0000] {override.py:1829} INFO - Created Permission View: can read on DAG:example_branch_dop_operator_v3
[2025-11-17T15:42:41.283+0000] {logging_mixin.py:188} INFO - [2025-11-17T15:42:41.282+0000] {override.py:1829} INFO - Created Permission View: can edit on DAG:example_branch_dop_operator_v3
[2025-11-17T15:42:41.290+0000] {logging_mixin.py:188} INFO - [2025-11-17T15:42:41.290+0000] {override.py:1829} INFO - Created Permission View: can delete on DAG:example_branch_dop_operator_v3
[2025-11-17T15:42:41.290+0000] {logging_mixin.py:188} INFO - [2025-11-17T15:42:41.290+0000] {dag.py:3096} INFO - Sync 1 DAGs
[2025-11-17T15:42:41.302+0000] {logging_mixin.py:188} INFO - [2025-11-17T15:42:41.302+0000] {dag.py:3118} INFO - Creating ORM DAG for example_branch_dop_operator_v3
[2025-11-17T15:42:41.314+0000] {logging_mixin.py:188} INFO - [2025-11-17T15:42:41.314+0000] {dag.py:3954} INFO - Setting next_dagrun for example_branch_dop_operator_v3 to 2025-11-17 15:41:00+00:00, run_after=2025-11-17 15:42:00+00:00
[2025-11-17T15:42:41.332+0000] {processor.py:183} INFO - Processing /usr/local/python/3.12.1/lib/python3.12/site-packages/airflow/example_dags/example_branch_python_dop_operator_3.py took 0.204 seconds
[2025-11-17T15:43:33.794+0000] {processor.py:161} INFO - Started process (PID=29246) to work on /usr/local/python/3.12.1/lib/python3.12/site-packages/airflow/example_dags/example_branch_python_dop_operator_3.py
[2025-11-17T15:43:33.794+0000] {processor.py:830} INFO - Processing file /usr/local/python/3.12.1/lib/python3.12/site-packages/airflow/example_dags/example_branch_python_dop_operator_3.py for tasks to queue
[2025-11-17T15:43:33.795+0000] {logging_mixin.py:188} INFO - [2025-11-17T15:43:33.795+0000] {dagbag.py:545} INFO - Filling up the DagBag from /usr/local/python/3.12.1/lib/python3.12/site-packages/airflow/example_dags/example_branch_python_dop_operator_3.py
[2025-11-17T15:43:33.802+0000] {processor.py:840} INFO - DAG(s) 'example_branch_dop_operator_v3' retrieved from /usr/local/python/3.12.1/lib/python3.12/site-packages/airflow/example_dags/example_branch_python_dop_operator_3.py
[2025-11-17T15:43:33.813+0000] {logging_mixin.py:188} INFO - [2025-11-17T15:43:33.813+0000] {dag.py:3096} INFO - Sync 1 DAGs
[2025-11-17T15:43:33.833+0000] {logging_mixin.py:188} INFO - [2025-11-17T15:43:33.833+0000] {dag.py:3954} INFO - Setting next_dagrun for example_branch_dop_operator_v3 to 2025-11-17 15:42:00+00:00, run_after=2025-11-17 15:43:00+00:00
[2025-11-17T15:43:33.849+0000] {processor.py:183} INFO - Processing /usr/local/python/3.12.1/lib/python3.12/site-packages/airflow/example_dags/example_branch_python_dop_operator_3.py took 0.059 seconds
[2025-11-17T15:44:29.034+0000] {processor.py:161} INFO - Started process (PID=29759) to work on /usr/local/python/3.12.1/lib/python3.12/site-packages/airflow/example_dags/example_branch_python_dop_operator_3.py
[2025-11-17T15:44:29.034+0000] {processor.py:830} INFO - Processing file /usr/local/python/3.12.1/lib/python3.12/site-packages/airflow/example_dags/example_branch_python_dop_operator_3.py for tasks to queue
[2025-11-17T15:44:29.035+0000] {logging_mixin.py:188} INFO - [2025-11-17T15:44:29.035+0000] {dagbag.py:545} INFO - Filling up the DagBag from /usr/local/python/3.12.1/lib/python3.12/site-packages/airflow/example_dags/example_branch_python_dop_operator_3.py
[2025-11-17T15:44:29.044+0000] {processor.py:840} INFO - DAG(s) 'example_branch_dop_operator_v3' retrieved from /usr/local/python/3.12.1/lib/python3.12/site-packages/airflow/example_dags/example_branch_python_dop_operator_3.py
[2025-11-17T15:44:29.066+0000] {logging_mixin.py:188} INFO - [2025-11-17T15:44:29.066+0000] {dag.py:3096} INFO - Sync 1 DAGs
[2025-11-17T15:44:29.089+0000] {logging_mixin.py:188} INFO - [2025-11-17T15:44:29.089+0000] {dag.py:3954} INFO - Setting next_dagrun for example_branch_dop_operator_v3 to 2025-11-17 15:43:00+00:00, run_after=2025-11-17 15:44:00+00:00
[2025-11-17T15:44:29.119+0000] {processor.py:183} INFO - Processing /usr/local/python/3.12.1/lib/python3.12/site-packages/airflow/example_dags/example_branch_python_dop_operator_3.py took 0.089 seconds
[2025-11-17T15:45:28.789+0000] {processor.py:161} INFO - Started process (PID=30819) to work on /usr/local/python/3.12.1/lib/python3.12/site-packages/airflow/example_dags/example_branch_python_dop_operator_3.py
[2025-11-17T15:45:28.791+0000] {processor.py:830} INFO - Processing file /usr/local/python/3.12.1/lib/python3.12/site-packages/airflow/example_dags/example_branch_python_dop_operator_3.py for tasks to queue
[2025-11-17T15:45:28.794+0000] {logging_mixin.py:188} INFO - [2025-11-17T15:45:28.794+0000] {dagbag.py:545} INFO - Filling up the DagBag from /usr/local/python/3.12.1/lib/python3.12/site-packages/airflow/example_dags/example_branch_python_dop_operator_3.py
[2025-11-17T15:45:28.807+0000] {processor.py:840} INFO - DAG(s) 'example_branch_dop_operator_v3' retrieved from /usr/local/python/3.12.1/lib/python3.12/site-packages/airflow/example_dags/example_branch_python_dop_operator_3.py
[2025-11-17T15:45:28.819+0000] {logging_mixin.py:188} INFO - [2025-11-17T15:45:28.819+0000] {dag.py:3096} INFO - Sync 1 DAGs
[2025-11-17T15:45:28.836+0000] {logging_mixin.py:188} INFO - [2025-11-17T15:45:28.836+0000] {dag.py:3954} INFO - Setting next_dagrun for example_branch_dop_operator_v3 to 2025-11-17 15:44:00+00:00, run_after=2025-11-17 15:45:00+00:00
[2025-11-17T15:45:28.852+0000] {processor.py:183} INFO - Processing /usr/local/python/3.12.1/lib/python3.12/site-packages/airflow/example_dags/example_branch_python_dop_operator_3.py took 0.068 seconds
[2025-11-17T16:01:15.153+0000] {processor.py:161} INFO - Started process (PID=41154) to work on /usr/local/python/3.12.1/lib/python3.12/site-packages/airflow/example_dags/example_branch_python_dop_operator_3.py
[2025-11-17T16:01:15.153+0000] {processor.py:830} INFO - Processing file /usr/local/python/3.12.1/lib/python3.12/site-packages/airflow/example_dags/example_branch_python_dop_operator_3.py for tasks to queue
[2025-11-17T16:01:15.155+0000] {logging_mixin.py:188} INFO - [2025-11-17T16:01:15.155+0000] {dagbag.py:545} INFO - Filling up the DagBag from /usr/local/python/3.12.1/lib/python3.12/site-packages/airflow/example_dags/example_branch_python_dop_operator_3.py
[2025-11-17T16:01:15.165+0000] {processor.py:840} INFO - DAG(s) 'example_branch_dop_operator_v3' retrieved from /usr/local/python/3.12.1/lib/python3.12/site-packages/airflow/example_dags/example_branch_python_dop_operator_3.py
[2025-11-17T16:01:15.185+0000] {logging_mixin.py:188} INFO - [2025-11-17T16:01:15.185+0000] {dag.py:3096} INFO - Sync 1 DAGs
[2025-11-17T16:01:15.212+0000] {logging_mixin.py:188} INFO - [2025-11-17T16:01:15.212+0000] {dag.py:3954} INFO - Setting next_dagrun for example_branch_dop_operator_v3 to 2025-11-17 16:00:00+00:00, run_after=2025-11-17 16:01:00+00:00
[2025-11-17T16:01:15.236+0000] {processor.py:183} INFO - Processing /usr/local/python/3.12.1/lib/python3.12/site-packages/airflow/example_dags/example_branch_python_dop_operator_3.py took 0.089 seconds
[2025-11-17T16:02:06.420+0000] {processor.py:161} INFO - Started process (PID=41753) to work on /usr/local/python/3.12.1/lib/python3.12/site-packages/airflow/example_dags/example_branch_python_dop_operator_3.py
[2025-11-17T16:02:06.420+0000] {processor.py:830} INFO - Processing file /usr/local/python/3.12.1/lib/python3.12/site-packages/airflow/example_dags/example_branch_python_dop_operator_3.py for tasks to queue
[2025-11-17T16:02:06.422+0000] {logging_mixin.py:188} INFO - [2025-11-17T16:02:06.421+0000] {dagbag.py:545} INFO - Filling up the DagBag from /usr/local/python/3.12.1/lib/python3.12/site-packages/airflow/example_dags/example_branch_python_dop_operator_3.py
[2025-11-17T16:02:06.428+0000] {processor.py:840} INFO - DAG(s) 'example_branch_dop_operator_v3' retrieved from /usr/local/python/3.12.1/lib/python3.12/site-packages/airflow/example_dags/example_branch_python_dop_operator_3.py
[2025-11-17T16:02:06.439+0000] {logging_mixin.py:188} INFO - [2025-11-17T16:02:06.439+0000] {dag.py:3096} INFO - Sync 1 DAGs
[2025-11-17T16:02:06.456+0000] {logging_mixin.py:188} INFO - [2025-11-17T16:02:06.455+0000] {dag.py:3954} INFO - Setting next_dagrun for example_branch_dop_operator_v3 to 2025-11-17 16:01:00+00:00, run_after=2025-11-17 16:02:00+00:00
[2025-11-17T16:02:06.473+0000] {processor.py:183} INFO - Processing /usr/local/python/3.12.1/lib/python3.12/site-packages/airflow/example_dags/example_branch_python_dop_operator_3.py took 0.057 seconds
[2025-11-17T16:03:09.115+0000] {processor.py:161} INFO - Started process (PID=42605) to work on /usr/local/python/3.12.1/lib/python3.12/site-packages/airflow/example_dags/example_branch_python_dop_operator_3.py
[2025-11-17T16:03:09.115+0000] {processor.py:830} INFO - Processing file /usr/local/python/3.12.1/lib/python3.12/site-packages/airflow/example_dags/example_branch_python_dop_operator_3.py for tasks to queue
[2025-11-17T16:03:09.116+0000] {logging_mixin.py:188} INFO - [2025-11-17T16:03:09.116+0000] {dagbag.py:545} INFO - Filling up the DagBag from /usr/local/python/3.12.1/lib/python3.12/site-packages/airflow/example_dags/example_branch_python_dop_operator_3.py
[2025-11-17T16:03:09.122+0000] {processor.py:840} INFO - DAG(s) 'example_branch_dop_operator_v3' retrieved from /usr/local/python/3.12.1/lib/python3.12/site-packages/airflow/example_dags/example_branch_python_dop_operator_3.py
[2025-11-17T16:03:09.133+0000] {logging_mixin.py:188} INFO - [2025-11-17T16:03:09.133+0000] {dag.py:3096} INFO - Sync 1 DAGs
[2025-11-17T16:03:09.150+0000] {logging_mixin.py:188} INFO - [2025-11-17T16:03:09.149+0000] {dag.py:3954} INFO - Setting next_dagrun for example_branch_dop_operator_v3 to 2025-11-17 16:02:00+00:00, run_after=2025-11-17 16:03:00+00:00
[2025-11-17T16:03:09.166+0000] {processor.py:183} INFO - Processing /usr/local/python/3.12.1/lib/python3.12/site-packages/airflow/example_dags/example_branch_python_dop_operator_3.py took 0.055 seconds
[2025-11-17T16:04:09.927+0000] {processor.py:161} INFO - Started process (PID=43375) to work on /usr/local/python/3.12.1/lib/python3.12/site-packages/airflow/example_dags/example_branch_python_dop_operator_3.py
[2025-11-17T16:04:09.928+0000] {processor.py:830} INFO - Processing file /usr/local/python/3.12.1/lib/python3.12/site-packages/airflow/example_dags/example_branch_python_dop_operator_3.py for tasks to queue
[2025-11-17T16:04:09.929+0000] {logging_mixin.py:188} INFO - [2025-11-17T16:04:09.929+0000] {dagbag.py:545} INFO - Filling up the DagBag from /usr/local/python/3.12.1/lib/python3.12/site-packages/airflow/example_dags/example_branch_python_dop_operator_3.py
[2025-11-17T16:04:09.935+0000] {processor.py:840} INFO - DAG(s) 'example_branch_dop_operator_v3' retrieved from /usr/local/python/3.12.1/lib/python3.12/site-packages/airflow/example_dags/example_branch_python_dop_operator_3.py
[2025-11-17T16:04:09.946+0000] {logging_mixin.py:188} INFO - [2025-11-17T16:04:09.946+0000] {dag.py:3096} INFO - Sync 1 DAGs
[2025-11-17T16:04:09.962+0000] {logging_mixin.py:188} INFO - [2025-11-17T16:04:09.962+0000] {dag.py:3954} INFO - Setting next_dagrun for example_branch_dop_operator_v3 to 2025-11-17 16:03:00+00:00, run_after=2025-11-17 16:04:00+00:00
[2025-11-17T16:04:09.981+0000] {processor.py:183} INFO - Processing /usr/local/python/3.12.1/lib/python3.12/site-packages/airflow/example_dags/example_branch_python_dop_operator_3.py took 0.058 seconds
[2025-11-17T16:05:12.427+0000] {processor.py:161} INFO - Started process (PID=44156) to work on /usr/local/python/3.12.1/lib/python3.12/site-packages/airflow/example_dags/example_branch_python_dop_operator_3.py
[2025-11-17T16:05:12.428+0000] {processor.py:830} INFO - Processing file /usr/local/python/3.12.1/lib/python3.12/site-packages/airflow/example_dags/example_branch_python_dop_operator_3.py for tasks to queue
[2025-11-17T16:05:12.429+0000] {logging_mixin.py:188} INFO - [2025-11-17T16:05:12.429+0000] {dagbag.py:545} INFO - Filling up the DagBag from /usr/local/python/3.12.1/lib/python3.12/site-packages/airflow/example_dags/example_branch_python_dop_operator_3.py
[2025-11-17T16:05:12.436+0000] {processor.py:840} INFO - DAG(s) 'example_branch_dop_operator_v3' retrieved from /usr/local/python/3.12.1/lib/python3.12/site-packages/airflow/example_dags/example_branch_python_dop_operator_3.py
[2025-11-17T16:05:12.447+0000] {logging_mixin.py:188} INFO - [2025-11-17T16:05:12.446+0000] {dag.py:3096} INFO - Sync 1 DAGs
[2025-11-17T16:05:12.463+0000] {logging_mixin.py:188} INFO - [2025-11-17T16:05:12.463+0000] {dag.py:3954} INFO - Setting next_dagrun for example_branch_dop_operator_v3 to 2025-11-17 16:04:00+00:00, run_after=2025-11-17 16:05:00+00:00
[2025-11-17T16:05:12.479+0000] {processor.py:183} INFO - Processing /usr/local/python/3.12.1/lib/python3.12/site-packages/airflow/example_dags/example_branch_python_dop_operator_3.py took 0.055 seconds
[2025-11-17T16:06:31.897+0000] {processor.py:161} INFO - Started process (PID=45156) to work on /usr/local/python/3.12.1/lib/python3.12/site-packages/airflow/example_dags/example_branch_python_dop_operator_3.py
[2025-11-17T16:06:31.897+0000] {processor.py:830} INFO - Processing file /usr/local/python/3.12.1/lib/python3.12/site-packages/airflow/example_dags/example_branch_python_dop_operator_3.py for tasks to queue
[2025-11-17T16:06:31.898+0000] {logging_mixin.py:188} INFO - [2025-11-17T16:06:31.898+0000] {dagbag.py:545} INFO - Filling up the DagBag from /usr/local/python/3.12.1/lib/python3.12/site-packages/airflow/example_dags/example_branch_python_dop_operator_3.py
[2025-11-17T16:06:31.904+0000] {processor.py:840} INFO - DAG(s) 'example_branch_dop_operator_v3' retrieved from /usr/local/python/3.12.1/lib/python3.12/site-packages/airflow/example_dags/example_branch_python_dop_operator_3.py
[2025-11-17T16:06:31.916+0000] {logging_mixin.py:188} INFO - [2025-11-17T16:06:31.916+0000] {dag.py:3096} INFO - Sync 1 DAGs
[2025-11-17T16:06:31.933+0000] {logging_mixin.py:188} INFO - [2025-11-17T16:06:31.933+0000] {dag.py:3954} INFO - Setting next_dagrun for example_branch_dop_operator_v3 to 2025-11-17 16:05:00+00:00, run_after=2025-11-17 16:06:00+00:00
[2025-11-17T16:06:31.948+0000] {processor.py:183} INFO - Processing /usr/local/python/3.12.1/lib/python3.12/site-packages/airflow/example_dags/example_branch_python_dop_operator_3.py took 0.056 seconds
[2025-11-17T16:07:22.819+0000] {processor.py:161} INFO - Started process (PID=46631) to work on /usr/local/python/3.12.1/lib/python3.12/site-packages/airflow/example_dags/example_branch_python_dop_operator_3.py
[2025-11-17T16:07:22.819+0000] {processor.py:830} INFO - Processing file /usr/local/python/3.12.1/lib/python3.12/site-packages/airflow/example_dags/example_branch_python_dop_operator_3.py for tasks to queue
[2025-11-17T16:07:22.820+0000] {logging_mixin.py:188} INFO - [2025-11-17T16:07:22.820+0000] {dagbag.py:545} INFO - Filling up the DagBag from /usr/local/python/3.12.1/lib/python3.12/site-packages/airflow/example_dags/example_branch_python_dop_operator_3.py
[2025-11-17T16:07:22.827+0000] {processor.py:840} INFO - DAG(s) 'example_branch_dop_operator_v3' retrieved from /usr/local/python/3.12.1/lib/python3.12/site-packages/airflow/example_dags/example_branch_python_dop_operator_3.py
[2025-11-17T16:07:22.837+0000] {logging_mixin.py:188} INFO - [2025-11-17T16:07:22.837+0000] {dag.py:3096} INFO - Sync 1 DAGs
[2025-11-17T16:07:22.853+0000] {logging_mixin.py:188} INFO - [2025-11-17T16:07:22.853+0000] {dag.py:3954} INFO - Setting next_dagrun for example_branch_dop_operator_v3 to 2025-11-17 16:06:00+00:00, run_after=2025-11-17 16:07:00+00:00
[2025-11-17T16:07:22.874+0000] {processor.py:183} INFO - Processing /usr/local/python/3.12.1/lib/python3.12/site-packages/airflow/example_dags/example_branch_python_dop_operator_3.py took 0.059 seconds
[2025-11-17T16:08:18.669+0000] {processor.py:161} INFO - Started process (PID=47412) to work on /usr/local/python/3.12.1/lib/python3.12/site-packages/airflow/example_dags/example_branch_python_dop_operator_3.py
[2025-11-17T16:08:18.670+0000] {processor.py:830} INFO - Processing file /usr/local/python/3.12.1/lib/python3.12/site-packages/airflow/example_dags/example_branch_python_dop_operator_3.py for tasks to queue
[2025-11-17T16:08:18.671+0000] {logging_mixin.py:188} INFO - [2025-11-17T16:08:18.671+0000] {dagbag.py:545} INFO - Filling up the DagBag from /usr/local/python/3.12.1/lib/python3.12/site-packages/airflow/example_dags/example_branch_python_dop_operator_3.py
[2025-11-17T16:08:18.677+0000] {processor.py:840} INFO - DAG(s) 'example_branch_dop_operator_v3' retrieved from /usr/local/python/3.12.1/lib/python3.12/site-packages/airflow/example_dags/example_branch_python_dop_operator_3.py
[2025-11-17T16:08:18.688+0000] {logging_mixin.py:188} INFO - [2025-11-17T16:08:18.688+0000] {dag.py:3096} INFO - Sync 1 DAGs
[2025-11-17T16:08:18.704+0000] {logging_mixin.py:188} INFO - [2025-11-17T16:08:18.704+0000] {dag.py:3954} INFO - Setting next_dagrun for example_branch_dop_operator_v3 to 2025-11-17 16:07:00+00:00, run_after=2025-11-17 16:08:00+00:00
[2025-11-17T16:08:18.721+0000] {processor.py:183} INFO - Processing /usr/local/python/3.12.1/lib/python3.12/site-packages/airflow/example_dags/example_branch_python_dop_operator_3.py took 0.055 seconds
[2025-11-17T16:09:20.295+0000] {processor.py:161} INFO - Started process (PID=48286) to work on /usr/local/python/3.12.1/lib/python3.12/site-packages/airflow/example_dags/example_branch_python_dop_operator_3.py
[2025-11-17T16:09:20.295+0000] {processor.py:830} INFO - Processing file /usr/local/python/3.12.1/lib/python3.12/site-packages/airflow/example_dags/example_branch_python_dop_operator_3.py for tasks to queue
[2025-11-17T16:09:20.297+0000] {logging_mixin.py:188} INFO - [2025-11-17T16:09:20.297+0000] {dagbag.py:545} INFO - Filling up the DagBag from /usr/local/python/3.12.1/lib/python3.12/site-packages/airflow/example_dags/example_branch_python_dop_operator_3.py
[2025-11-17T16:09:20.303+0000] {processor.py:840} INFO - DAG(s) 'example_branch_dop_operator_v3' retrieved from /usr/local/python/3.12.1/lib/python3.12/site-packages/airflow/example_dags/example_branch_python_dop_operator_3.py
[2025-11-17T16:09:20.315+0000] {logging_mixin.py:188} INFO - [2025-11-17T16:09:20.314+0000] {dag.py:3096} INFO - Sync 1 DAGs
[2025-11-17T16:09:20.331+0000] {logging_mixin.py:188} INFO - [2025-11-17T16:09:20.331+0000] {dag.py:3954} INFO - Setting next_dagrun for example_branch_dop_operator_v3 to 2025-11-17 16:08:00+00:00, run_after=2025-11-17 16:09:00+00:00
[2025-11-17T16:09:20.349+0000] {processor.py:183} INFO - Processing /usr/local/python/3.12.1/lib/python3.12/site-packages/airflow/example_dags/example_branch_python_dop_operator_3.py took 0.058 seconds
[2025-11-17T16:10:19.573+0000] {processor.py:161} INFO - Started process (PID=49229) to work on /usr/local/python/3.12.1/lib/python3.12/site-packages/airflow/example_dags/example_branch_python_dop_operator_3.py
[2025-11-17T16:10:19.573+0000] {processor.py:830} INFO - Processing file /usr/local/python/3.12.1/lib/python3.12/site-packages/airflow/example_dags/example_branch_python_dop_operator_3.py for tasks to queue
[2025-11-17T16:10:19.575+0000] {logging_mixin.py:188} INFO - [2025-11-17T16:10:19.574+0000] {dagbag.py:545} INFO - Filling up the DagBag from /usr/local/python/3.12.1/lib/python3.12/site-packages/airflow/example_dags/example_branch_python_dop_operator_3.py
[2025-11-17T16:10:19.581+0000] {processor.py:840} INFO - DAG(s) 'example_branch_dop_operator_v3' retrieved from /usr/local/python/3.12.1/lib/python3.12/site-packages/airflow/example_dags/example_branch_python_dop_operator_3.py
[2025-11-17T16:10:19.592+0000] {logging_mixin.py:188} INFO - [2025-11-17T16:10:19.592+0000] {dag.py:3096} INFO - Sync 1 DAGs
[2025-11-17T16:10:19.609+0000] {logging_mixin.py:188} INFO - [2025-11-17T16:10:19.609+0000] {dag.py:3954} INFO - Setting next_dagrun for example_branch_dop_operator_v3 to 2025-11-17 16:09:00+00:00, run_after=2025-11-17 16:10:00+00:00
[2025-11-17T16:10:19.626+0000] {processor.py:183} INFO - Processing /usr/local/python/3.12.1/lib/python3.12/site-packages/airflow/example_dags/example_branch_python_dop_operator_3.py took 0.057 seconds
[2025-11-17T16:11:18.463+0000] {processor.py:161} INFO - Started process (PID=50185) to work on /usr/local/python/3.12.1/lib/python3.12/site-packages/airflow/example_dags/example_branch_python_dop_operator_3.py
[2025-11-17T16:11:18.463+0000] {processor.py:830} INFO - Processing file /usr/local/python/3.12.1/lib/python3.12/site-packages/airflow/example_dags/example_branch_python_dop_operator_3.py for tasks to queue
[2025-11-17T16:11:18.465+0000] {logging_mixin.py:188} INFO - [2025-11-17T16:11:18.464+0000] {dagbag.py:545} INFO - Filling up the DagBag from /usr/local/python/3.12.1/lib/python3.12/site-packages/airflow/example_dags/example_branch_python_dop_operator_3.py
[2025-11-17T16:11:18.471+0000] {processor.py:840} INFO - DAG(s) 'example_branch_dop_operator_v3' retrieved from /usr/local/python/3.12.1/lib/python3.12/site-packages/airflow/example_dags/example_branch_python_dop_operator_3.py
[2025-11-17T16:11:18.482+0000] {logging_mixin.py:188} INFO - [2025-11-17T16:11:18.482+0000] {dag.py:3096} INFO - Sync 1 DAGs
[2025-11-17T16:11:18.601+0000] {logging_mixin.py:188} INFO - [2025-11-17T16:11:18.601+0000] {dag.py:3954} INFO - Setting next_dagrun for example_branch_dop_operator_v3 to 2025-11-17 16:10:00+00:00, run_after=2025-11-17 16:11:00+00:00
[2025-11-17T16:11:18.624+0000] {processor.py:183} INFO - Processing /usr/local/python/3.12.1/lib/python3.12/site-packages/airflow/example_dags/example_branch_python_dop_operator_3.py took 0.165 seconds
[2025-11-17T16:12:10.518+0000] {processor.py:161} INFO - Started process (PID=50625) to work on /usr/local/python/3.12.1/lib/python3.12/site-packages/airflow/example_dags/example_branch_python_dop_operator_3.py
[2025-11-17T16:12:10.518+0000] {processor.py:830} INFO - Processing file /usr/local/python/3.12.1/lib/python3.12/site-packages/airflow/example_dags/example_branch_python_dop_operator_3.py for tasks to queue
[2025-11-17T16:12:10.520+0000] {logging_mixin.py:188} INFO - [2025-11-17T16:12:10.520+0000] {dagbag.py:545} INFO - Filling up the DagBag from /usr/local/python/3.12.1/lib/python3.12/site-packages/airflow/example_dags/example_branch_python_dop_operator_3.py
[2025-11-17T16:12:10.529+0000] {processor.py:840} INFO - DAG(s) 'example_branch_dop_operator_v3' retrieved from /usr/local/python/3.12.1/lib/python3.12/site-packages/airflow/example_dags/example_branch_python_dop_operator_3.py
[2025-11-17T16:12:10.545+0000] {logging_mixin.py:188} INFO - [2025-11-17T16:12:10.545+0000] {dag.py:3096} INFO - Sync 1 DAGs
[2025-11-17T16:12:10.562+0000] {logging_mixin.py:188} INFO - [2025-11-17T16:12:10.561+0000] {dag.py:3954} INFO - Setting next_dagrun for example_branch_dop_operator_v3 to 2025-11-17 16:11:00+00:00, run_after=2025-11-17 16:12:00+00:00
[2025-11-17T16:12:10.579+0000] {processor.py:183} INFO - Processing /usr/local/python/3.12.1/lib/python3.12/site-packages/airflow/example_dags/example_branch_python_dop_operator_3.py took 0.067 seconds
[2025-11-17T16:13:15.400+0000] {processor.py:161} INFO - Started process (PID=51130) to work on /usr/local/python/3.12.1/lib/python3.12/site-packages/airflow/example_dags/example_branch_python_dop_operator_3.py
[2025-11-17T16:13:15.400+0000] {processor.py:830} INFO - Processing file /usr/local/python/3.12.1/lib/python3.12/site-packages/airflow/example_dags/example_branch_python_dop_operator_3.py for tasks to queue
[2025-11-17T16:13:15.403+0000] {logging_mixin.py:188} INFO - [2025-11-17T16:13:15.402+0000] {dagbag.py:545} INFO - Filling up the DagBag from /usr/local/python/3.12.1/lib/python3.12/site-packages/airflow/example_dags/example_branch_python_dop_operator_3.py
[2025-11-17T16:13:15.412+0000] {processor.py:840} INFO - DAG(s) 'example_branch_dop_operator_v3' retrieved from /usr/local/python/3.12.1/lib/python3.12/site-packages/airflow/example_dags/example_branch_python_dop_operator_3.py
[2025-11-17T16:13:15.430+0000] {logging_mixin.py:188} INFO - [2025-11-17T16:13:15.430+0000] {dag.py:3096} INFO - Sync 1 DAGs
[2025-11-17T16:13:15.448+0000] {logging_mixin.py:188} INFO - [2025-11-17T16:13:15.448+0000] {dag.py:3954} INFO - Setting next_dagrun for example_branch_dop_operator_v3 to 2025-11-17 16:12:00+00:00, run_after=2025-11-17 16:13:00+00:00
[2025-11-17T16:13:15.464+0000] {processor.py:183} INFO - Processing /usr/local/python/3.12.1/lib/python3.12/site-packages/airflow/example_dags/example_branch_python_dop_operator_3.py took 0.070 seconds
[2025-11-17T16:14:18.828+0000] {processor.py:161} INFO - Started process (PID=51644) to work on /usr/local/python/3.12.1/lib/python3.12/site-packages/airflow/example_dags/example_branch_python_dop_operator_3.py
[2025-11-17T16:14:18.828+0000] {processor.py:830} INFO - Processing file /usr/local/python/3.12.1/lib/python3.12/site-packages/airflow/example_dags/example_branch_python_dop_operator_3.py for tasks to queue
[2025-11-17T16:14:18.830+0000] {logging_mixin.py:188} INFO - [2025-11-17T16:14:18.829+0000] {dagbag.py:545} INFO - Filling up the DagBag from /usr/local/python/3.12.1/lib/python3.12/site-packages/airflow/example_dags/example_branch_python_dop_operator_3.py
[2025-11-17T16:14:18.836+0000] {processor.py:840} INFO - DAG(s) 'example_branch_dop_operator_v3' retrieved from /usr/local/python/3.12.1/lib/python3.12/site-packages/airflow/example_dags/example_branch_python_dop_operator_3.py
[2025-11-17T16:14:18.847+0000] {logging_mixin.py:188} INFO - [2025-11-17T16:14:18.847+0000] {dag.py:3096} INFO - Sync 1 DAGs
[2025-11-17T16:14:18.864+0000] {logging_mixin.py:188} INFO - [2025-11-17T16:14:18.864+0000] {dag.py:3954} INFO - Setting next_dagrun for example_branch_dop_operator_v3 to 2025-11-17 16:13:00+00:00, run_after=2025-11-17 16:14:00+00:00
[2025-11-17T16:14:18.880+0000] {processor.py:183} INFO - Processing /usr/local/python/3.12.1/lib/python3.12/site-packages/airflow/example_dags/example_branch_python_dop_operator_3.py took 0.056 seconds
[2025-11-17T16:15:16.514+0000] {processor.py:161} INFO - Started process (PID=52088) to work on /usr/local/python/3.12.1/lib/python3.12/site-packages/airflow/example_dags/example_branch_python_dop_operator_3.py
[2025-11-17T16:15:16.515+0000] {processor.py:830} INFO - Processing file /usr/local/python/3.12.1/lib/python3.12/site-packages/airflow/example_dags/example_branch_python_dop_operator_3.py for tasks to queue
[2025-11-17T16:15:16.516+0000] {logging_mixin.py:188} INFO - [2025-11-17T16:15:16.516+0000] {dagbag.py:545} INFO - Filling up the DagBag from /usr/local/python/3.12.1/lib/python3.12/site-packages/airflow/example_dags/example_branch_python_dop_operator_3.py
[2025-11-17T16:15:16.523+0000] {processor.py:840} INFO - DAG(s) 'example_branch_dop_operator_v3' retrieved from /usr/local/python/3.12.1/lib/python3.12/site-packages/airflow/example_dags/example_branch_python_dop_operator_3.py
[2025-11-17T16:15:16.534+0000] {logging_mixin.py:188} INFO - [2025-11-17T16:15:16.533+0000] {dag.py:3096} INFO - Sync 1 DAGs
[2025-11-17T16:15:16.552+0000] {logging_mixin.py:188} INFO - [2025-11-17T16:15:16.552+0000] {dag.py:3954} INFO - Setting next_dagrun for example_branch_dop_operator_v3 to 2025-11-17 16:14:00+00:00, run_after=2025-11-17 16:15:00+00:00
[2025-11-17T16:15:16.582+0000] {processor.py:183} INFO - Processing /usr/local/python/3.12.1/lib/python3.12/site-packages/airflow/example_dags/example_branch_python_dop_operator_3.py took 0.072 seconds
[2025-11-17T16:16:11.806+0000] {processor.py:161} INFO - Started process (PID=52580) to work on /usr/local/python/3.12.1/lib/python3.12/site-packages/airflow/example_dags/example_branch_python_dop_operator_3.py
[2025-11-17T16:16:11.806+0000] {processor.py:830} INFO - Processing file /usr/local/python/3.12.1/lib/python3.12/site-packages/airflow/example_dags/example_branch_python_dop_operator_3.py for tasks to queue
[2025-11-17T16:16:11.808+0000] {logging_mixin.py:188} INFO - [2025-11-17T16:16:11.807+0000] {dagbag.py:545} INFO - Filling up the DagBag from /usr/local/python/3.12.1/lib/python3.12/site-packages/airflow/example_dags/example_branch_python_dop_operator_3.py
[2025-11-17T16:16:11.814+0000] {processor.py:840} INFO - DAG(s) 'example_branch_dop_operator_v3' retrieved from /usr/local/python/3.12.1/lib/python3.12/site-packages/airflow/example_dags/example_branch_python_dop_operator_3.py
[2025-11-17T16:16:11.825+0000] {logging_mixin.py:188} INFO - [2025-11-17T16:16:11.825+0000] {dag.py:3096} INFO - Sync 1 DAGs
[2025-11-17T16:16:11.841+0000] {logging_mixin.py:188} INFO - [2025-11-17T16:16:11.841+0000] {dag.py:3954} INFO - Setting next_dagrun for example_branch_dop_operator_v3 to 2025-11-17 16:15:00+00:00, run_after=2025-11-17 16:16:00+00:00
[2025-11-17T16:16:11.858+0000] {processor.py:183} INFO - Processing /usr/local/python/3.12.1/lib/python3.12/site-packages/airflow/example_dags/example_branch_python_dop_operator_3.py took 0.057 seconds
[2025-11-17T16:17:08.891+0000] {processor.py:161} INFO - Started process (PID=53016) to work on /usr/local/python/3.12.1/lib/python3.12/site-packages/airflow/example_dags/example_branch_python_dop_operator_3.py
[2025-11-17T16:17:08.892+0000] {processor.py:830} INFO - Processing file /usr/local/python/3.12.1/lib/python3.12/site-packages/airflow/example_dags/example_branch_python_dop_operator_3.py for tasks to queue
[2025-11-17T16:17:08.893+0000] {logging_mixin.py:188} INFO - [2025-11-17T16:17:08.893+0000] {dagbag.py:545} INFO - Filling up the DagBag from /usr/local/python/3.12.1/lib/python3.12/site-packages/airflow/example_dags/example_branch_python_dop_operator_3.py
[2025-11-17T16:17:08.900+0000] {processor.py:840} INFO - DAG(s) 'example_branch_dop_operator_v3' retrieved from /usr/local/python/3.12.1/lib/python3.12/site-packages/airflow/example_dags/example_branch_python_dop_operator_3.py
[2025-11-17T16:17:08.911+0000] {logging_mixin.py:188} INFO - [2025-11-17T16:17:08.911+0000] {dag.py:3096} INFO - Sync 1 DAGs
[2025-11-17T16:17:08.927+0000] {logging_mixin.py:188} INFO - [2025-11-17T16:17:08.927+0000] {dag.py:3954} INFO - Setting next_dagrun for example_branch_dop_operator_v3 to 2025-11-17 16:16:00+00:00, run_after=2025-11-17 16:17:00+00:00
[2025-11-17T16:17:08.945+0000] {processor.py:183} INFO - Processing /usr/local/python/3.12.1/lib/python3.12/site-packages/airflow/example_dags/example_branch_python_dop_operator_3.py took 0.058 seconds
[2025-11-17T16:18:09.917+0000] {processor.py:161} INFO - Started process (PID=53491) to work on /usr/local/python/3.12.1/lib/python3.12/site-packages/airflow/example_dags/example_branch_python_dop_operator_3.py
[2025-11-17T16:18:09.918+0000] {processor.py:830} INFO - Processing file /usr/local/python/3.12.1/lib/python3.12/site-packages/airflow/example_dags/example_branch_python_dop_operator_3.py for tasks to queue
[2025-11-17T16:18:09.919+0000] {logging_mixin.py:188} INFO - [2025-11-17T16:18:09.919+0000] {dagbag.py:545} INFO - Filling up the DagBag from /usr/local/python/3.12.1/lib/python3.12/site-packages/airflow/example_dags/example_branch_python_dop_operator_3.py
[2025-11-17T16:18:09.930+0000] {processor.py:840} INFO - DAG(s) 'example_branch_dop_operator_v3' retrieved from /usr/local/python/3.12.1/lib/python3.12/site-packages/airflow/example_dags/example_branch_python_dop_operator_3.py
[2025-11-17T16:18:09.947+0000] {logging_mixin.py:188} INFO - [2025-11-17T16:18:09.947+0000] {dag.py:3096} INFO - Sync 1 DAGs
[2025-11-17T16:18:09.966+0000] {logging_mixin.py:188} INFO - [2025-11-17T16:18:09.966+0000] {dag.py:3954} INFO - Setting next_dagrun for example_branch_dop_operator_v3 to 2025-11-17 16:17:00+00:00, run_after=2025-11-17 16:18:00+00:00
[2025-11-17T16:18:09.983+0000] {processor.py:183} INFO - Processing /usr/local/python/3.12.1/lib/python3.12/site-packages/airflow/example_dags/example_branch_python_dop_operator_3.py took 0.072 seconds
[2025-11-17T16:19:06.980+0000] {processor.py:161} INFO - Started process (PID=53948) to work on /usr/local/python/3.12.1/lib/python3.12/site-packages/airflow/example_dags/example_branch_python_dop_operator_3.py
[2025-11-17T16:19:06.981+0000] {processor.py:830} INFO - Processing file /usr/local/python/3.12.1/lib/python3.12/site-packages/airflow/example_dags/example_branch_python_dop_operator_3.py for tasks to queue
[2025-11-17T16:19:06.982+0000] {logging_mixin.py:188} INFO - [2025-11-17T16:19:06.982+0000] {dagbag.py:545} INFO - Filling up the DagBag from /usr/local/python/3.12.1/lib/python3.12/site-packages/airflow/example_dags/example_branch_python_dop_operator_3.py
[2025-11-17T16:19:06.989+0000] {processor.py:840} INFO - DAG(s) 'example_branch_dop_operator_v3' retrieved from /usr/local/python/3.12.1/lib/python3.12/site-packages/airflow/example_dags/example_branch_python_dop_operator_3.py
[2025-11-17T16:19:07.000+0000] {logging_mixin.py:188} INFO - [2025-11-17T16:19:07.000+0000] {dag.py:3096} INFO - Sync 1 DAGs
[2025-11-17T16:19:07.017+0000] {logging_mixin.py:188} INFO - [2025-11-17T16:19:07.017+0000] {dag.py:3954} INFO - Setting next_dagrun for example_branch_dop_operator_v3 to 2025-11-17 16:18:00+00:00, run_after=2025-11-17 16:19:00+00:00
[2025-11-17T16:19:07.034+0000] {processor.py:183} INFO - Processing /usr/local/python/3.12.1/lib/python3.12/site-packages/airflow/example_dags/example_branch_python_dop_operator_3.py took 0.057 seconds
[2025-11-17T16:20:06.081+0000] {processor.py:161} INFO - Started process (PID=54417) to work on /usr/local/python/3.12.1/lib/python3.12/site-packages/airflow/example_dags/example_branch_python_dop_operator_3.py
[2025-11-17T16:20:06.082+0000] {processor.py:830} INFO - Processing file /usr/local/python/3.12.1/lib/python3.12/site-packages/airflow/example_dags/example_branch_python_dop_operator_3.py for tasks to queue
[2025-11-17T16:20:06.083+0000] {logging_mixin.py:188} INFO - [2025-11-17T16:20:06.083+0000] {dagbag.py:545} INFO - Filling up the DagBag from /usr/local/python/3.12.1/lib/python3.12/site-packages/airflow/example_dags/example_branch_python_dop_operator_3.py
[2025-11-17T16:20:06.089+0000] {processor.py:840} INFO - DAG(s) 'example_branch_dop_operator_v3' retrieved from /usr/local/python/3.12.1/lib/python3.12/site-packages/airflow/example_dags/example_branch_python_dop_operator_3.py
[2025-11-17T16:20:06.101+0000] {logging_mixin.py:188} INFO - [2025-11-17T16:20:06.100+0000] {dag.py:3096} INFO - Sync 1 DAGs
[2025-11-17T16:20:06.119+0000] {logging_mixin.py:188} INFO - [2025-11-17T16:20:06.118+0000] {dag.py:3954} INFO - Setting next_dagrun for example_branch_dop_operator_v3 to 2025-11-17 16:19:00+00:00, run_after=2025-11-17 16:20:00+00:00
[2025-11-17T16:20:06.135+0000] {processor.py:183} INFO - Processing /usr/local/python/3.12.1/lib/python3.12/site-packages/airflow/example_dags/example_branch_python_dop_operator_3.py took 0.058 seconds
[2025-11-17T16:21:06.527+0000] {processor.py:161} INFO - Started process (PID=54941) to work on /usr/local/python/3.12.1/lib/python3.12/site-packages/airflow/example_dags/example_branch_python_dop_operator_3.py
[2025-11-17T16:21:06.530+0000] {processor.py:830} INFO - Processing file /usr/local/python/3.12.1/lib/python3.12/site-packages/airflow/example_dags/example_branch_python_dop_operator_3.py for tasks to queue
[2025-11-17T16:21:06.532+0000] {logging_mixin.py:188} INFO - [2025-11-17T16:21:06.531+0000] {dagbag.py:545} INFO - Filling up the DagBag from /usr/local/python/3.12.1/lib/python3.12/site-packages/airflow/example_dags/example_branch_python_dop_operator_3.py
[2025-11-17T16:21:06.547+0000] {processor.py:840} INFO - DAG(s) 'example_branch_dop_operator_v3' retrieved from /usr/local/python/3.12.1/lib/python3.12/site-packages/airflow/example_dags/example_branch_python_dop_operator_3.py
[2025-11-17T16:21:06.559+0000] {logging_mixin.py:188} INFO - [2025-11-17T16:21:06.558+0000] {dag.py:3096} INFO - Sync 1 DAGs
[2025-11-17T16:21:06.575+0000] {logging_mixin.py:188} INFO - [2025-11-17T16:21:06.575+0000] {dag.py:3954} INFO - Setting next_dagrun for example_branch_dop_operator_v3 to 2025-11-17 16:20:00+00:00, run_after=2025-11-17 16:21:00+00:00
[2025-11-17T16:21:06.594+0000] {processor.py:183} INFO - Processing /usr/local/python/3.12.1/lib/python3.12/site-packages/airflow/example_dags/example_branch_python_dop_operator_3.py took 0.076 seconds
[2025-11-17T16:22:07.364+0000] {processor.py:161} INFO - Started process (PID=55422) to work on /usr/local/python/3.12.1/lib/python3.12/site-packages/airflow/example_dags/example_branch_python_dop_operator_3.py
[2025-11-17T16:22:07.365+0000] {processor.py:830} INFO - Processing file /usr/local/python/3.12.1/lib/python3.12/site-packages/airflow/example_dags/example_branch_python_dop_operator_3.py for tasks to queue
[2025-11-17T16:22:07.366+0000] {logging_mixin.py:188} INFO - [2025-11-17T16:22:07.366+0000] {dagbag.py:545} INFO - Filling up the DagBag from /usr/local/python/3.12.1/lib/python3.12/site-packages/airflow/example_dags/example_branch_python_dop_operator_3.py
[2025-11-17T16:22:07.373+0000] {processor.py:840} INFO - DAG(s) 'example_branch_dop_operator_v3' retrieved from /usr/local/python/3.12.1/lib/python3.12/site-packages/airflow/example_dags/example_branch_python_dop_operator_3.py
[2025-11-17T16:22:07.384+0000] {logging_mixin.py:188} INFO - [2025-11-17T16:22:07.384+0000] {dag.py:3096} INFO - Sync 1 DAGs
[2025-11-17T16:22:07.401+0000] {logging_mixin.py:188} INFO - [2025-11-17T16:22:07.401+0000] {dag.py:3954} INFO - Setting next_dagrun for example_branch_dop_operator_v3 to 2025-11-17 16:21:00+00:00, run_after=2025-11-17 16:22:00+00:00
[2025-11-17T16:22:07.417+0000] {processor.py:183} INFO - Processing /usr/local/python/3.12.1/lib/python3.12/site-packages/airflow/example_dags/example_branch_python_dop_operator_3.py took 0.057 seconds
[2025-11-17T16:23:06.739+0000] {processor.py:161} INFO - Started process (PID=55876) to work on /usr/local/python/3.12.1/lib/python3.12/site-packages/airflow/example_dags/example_branch_python_dop_operator_3.py
[2025-11-17T16:23:06.740+0000] {processor.py:830} INFO - Processing file /usr/local/python/3.12.1/lib/python3.12/site-packages/airflow/example_dags/example_branch_python_dop_operator_3.py for tasks to queue
[2025-11-17T16:23:06.741+0000] {logging_mixin.py:188} INFO - [2025-11-17T16:23:06.741+0000] {dagbag.py:545} INFO - Filling up the DagBag from /usr/local/python/3.12.1/lib/python3.12/site-packages/airflow/example_dags/example_branch_python_dop_operator_3.py
[2025-11-17T16:23:06.748+0000] {processor.py:840} INFO - DAG(s) 'example_branch_dop_operator_v3' retrieved from /usr/local/python/3.12.1/lib/python3.12/site-packages/airflow/example_dags/example_branch_python_dop_operator_3.py
[2025-11-17T16:23:06.759+0000] {logging_mixin.py:188} INFO - [2025-11-17T16:23:06.759+0000] {dag.py:3096} INFO - Sync 1 DAGs
[2025-11-17T16:23:06.775+0000] {logging_mixin.py:188} INFO - [2025-11-17T16:23:06.775+0000] {dag.py:3954} INFO - Setting next_dagrun for example_branch_dop_operator_v3 to 2025-11-17 16:22:00+00:00, run_after=2025-11-17 16:23:00+00:00
[2025-11-17T16:23:06.792+0000] {processor.py:183} INFO - Processing /usr/local/python/3.12.1/lib/python3.12/site-packages/airflow/example_dags/example_branch_python_dop_operator_3.py took 0.057 seconds
[2025-11-17T16:24:09.738+0000] {processor.py:161} INFO - Started process (PID=56376) to work on /usr/local/python/3.12.1/lib/python3.12/site-packages/airflow/example_dags/example_branch_python_dop_operator_3.py
[2025-11-17T16:24:09.739+0000] {processor.py:830} INFO - Processing file /usr/local/python/3.12.1/lib/python3.12/site-packages/airflow/example_dags/example_branch_python_dop_operator_3.py for tasks to queue
[2025-11-17T16:24:09.740+0000] {logging_mixin.py:188} INFO - [2025-11-17T16:24:09.740+0000] {dagbag.py:545} INFO - Filling up the DagBag from /usr/local/python/3.12.1/lib/python3.12/site-packages/airflow/example_dags/example_branch_python_dop_operator_3.py
[2025-11-17T16:24:09.747+0000] {processor.py:840} INFO - DAG(s) 'example_branch_dop_operator_v3' retrieved from /usr/local/python/3.12.1/lib/python3.12/site-packages/airflow/example_dags/example_branch_python_dop_operator_3.py
[2025-11-17T16:24:09.758+0000] {logging_mixin.py:188} INFO - [2025-11-17T16:24:09.757+0000] {dag.py:3096} INFO - Sync 1 DAGs
[2025-11-17T16:24:09.774+0000] {logging_mixin.py:188} INFO - [2025-11-17T16:24:09.774+0000] {dag.py:3954} INFO - Setting next_dagrun for example_branch_dop_operator_v3 to 2025-11-17 16:23:00+00:00, run_after=2025-11-17 16:24:00+00:00
[2025-11-17T16:24:09.790+0000] {processor.py:183} INFO - Processing /usr/local/python/3.12.1/lib/python3.12/site-packages/airflow/example_dags/example_branch_python_dop_operator_3.py took 0.055 seconds
[2025-11-17T16:25:07.570+0000] {processor.py:161} INFO - Started process (PID=56830) to work on /usr/local/python/3.12.1/lib/python3.12/site-packages/airflow/example_dags/example_branch_python_dop_operator_3.py
[2025-11-17T16:25:07.571+0000] {processor.py:830} INFO - Processing file /usr/local/python/3.12.1/lib/python3.12/site-packages/airflow/example_dags/example_branch_python_dop_operator_3.py for tasks to queue
[2025-11-17T16:25:07.572+0000] {logging_mixin.py:188} INFO - [2025-11-17T16:25:07.572+0000] {dagbag.py:545} INFO - Filling up the DagBag from /usr/local/python/3.12.1/lib/python3.12/site-packages/airflow/example_dags/example_branch_python_dop_operator_3.py
[2025-11-17T16:25:07.578+0000] {processor.py:840} INFO - DAG(s) 'example_branch_dop_operator_v3' retrieved from /usr/local/python/3.12.1/lib/python3.12/site-packages/airflow/example_dags/example_branch_python_dop_operator_3.py
[2025-11-17T16:25:07.590+0000] {logging_mixin.py:188} INFO - [2025-11-17T16:25:07.590+0000] {dag.py:3096} INFO - Sync 1 DAGs
[2025-11-17T16:25:07.606+0000] {logging_mixin.py:188} INFO - [2025-11-17T16:25:07.606+0000] {dag.py:3954} INFO - Setting next_dagrun for example_branch_dop_operator_v3 to 2025-11-17 16:24:00+00:00, run_after=2025-11-17 16:25:00+00:00
[2025-11-17T16:25:07.624+0000] {processor.py:183} INFO - Processing /usr/local/python/3.12.1/lib/python3.12/site-packages/airflow/example_dags/example_branch_python_dop_operator_3.py took 0.058 seconds
[2025-11-17T16:26:07.790+0000] {processor.py:161} INFO - Started process (PID=57344) to work on /usr/local/python/3.12.1/lib/python3.12/site-packages/airflow/example_dags/example_branch_python_dop_operator_3.py
[2025-11-17T16:26:07.790+0000] {processor.py:830} INFO - Processing file /usr/local/python/3.12.1/lib/python3.12/site-packages/airflow/example_dags/example_branch_python_dop_operator_3.py for tasks to queue
[2025-11-17T16:26:07.792+0000] {logging_mixin.py:188} INFO - [2025-11-17T16:26:07.791+0000] {dagbag.py:545} INFO - Filling up the DagBag from /usr/local/python/3.12.1/lib/python3.12/site-packages/airflow/example_dags/example_branch_python_dop_operator_3.py
[2025-11-17T16:26:07.798+0000] {processor.py:840} INFO - DAG(s) 'example_branch_dop_operator_v3' retrieved from /usr/local/python/3.12.1/lib/python3.12/site-packages/airflow/example_dags/example_branch_python_dop_operator_3.py
[2025-11-17T16:26:07.809+0000] {logging_mixin.py:188} INFO - [2025-11-17T16:26:07.809+0000] {dag.py:3096} INFO - Sync 1 DAGs
[2025-11-17T16:26:07.825+0000] {logging_mixin.py:188} INFO - [2025-11-17T16:26:07.825+0000] {dag.py:3954} INFO - Setting next_dagrun for example_branch_dop_operator_v3 to 2025-11-17 16:25:00+00:00, run_after=2025-11-17 16:26:00+00:00
[2025-11-17T16:26:07.842+0000] {processor.py:183} INFO - Processing /usr/local/python/3.12.1/lib/python3.12/site-packages/airflow/example_dags/example_branch_python_dop_operator_3.py took 0.056 seconds
[2025-11-17T16:27:08.528+0000] {processor.py:161} INFO - Started process (PID=57826) to work on /usr/local/python/3.12.1/lib/python3.12/site-packages/airflow/example_dags/example_branch_python_dop_operator_3.py
[2025-11-17T16:27:08.529+0000] {processor.py:830} INFO - Processing file /usr/local/python/3.12.1/lib/python3.12/site-packages/airflow/example_dags/example_branch_python_dop_operator_3.py for tasks to queue
[2025-11-17T16:27:08.530+0000] {logging_mixin.py:188} INFO - [2025-11-17T16:27:08.530+0000] {dagbag.py:545} INFO - Filling up the DagBag from /usr/local/python/3.12.1/lib/python3.12/site-packages/airflow/example_dags/example_branch_python_dop_operator_3.py
[2025-11-17T16:27:08.536+0000] {processor.py:840} INFO - DAG(s) 'example_branch_dop_operator_v3' retrieved from /usr/local/python/3.12.1/lib/python3.12/site-packages/airflow/example_dags/example_branch_python_dop_operator_3.py
[2025-11-17T16:27:08.547+0000] {logging_mixin.py:188} INFO - [2025-11-17T16:27:08.547+0000] {dag.py:3096} INFO - Sync 1 DAGs
[2025-11-17T16:27:08.563+0000] {logging_mixin.py:188} INFO - [2025-11-17T16:27:08.563+0000] {dag.py:3954} INFO - Setting next_dagrun for example_branch_dop_operator_v3 to 2025-11-17 16:26:00+00:00, run_after=2025-11-17 16:27:00+00:00
[2025-11-17T16:27:08.579+0000] {processor.py:183} INFO - Processing /usr/local/python/3.12.1/lib/python3.12/site-packages/airflow/example_dags/example_branch_python_dop_operator_3.py took 0.055 seconds
[2025-11-17T16:28:07.120+0000] {processor.py:161} INFO - Started process (PID=58288) to work on /usr/local/python/3.12.1/lib/python3.12/site-packages/airflow/example_dags/example_branch_python_dop_operator_3.py
[2025-11-17T16:28:07.121+0000] {processor.py:830} INFO - Processing file /usr/local/python/3.12.1/lib/python3.12/site-packages/airflow/example_dags/example_branch_python_dop_operator_3.py for tasks to queue
[2025-11-17T16:28:07.122+0000] {logging_mixin.py:188} INFO - [2025-11-17T16:28:07.122+0000] {dagbag.py:545} INFO - Filling up the DagBag from /usr/local/python/3.12.1/lib/python3.12/site-packages/airflow/example_dags/example_branch_python_dop_operator_3.py
[2025-11-17T16:28:07.129+0000] {processor.py:840} INFO - DAG(s) 'example_branch_dop_operator_v3' retrieved from /usr/local/python/3.12.1/lib/python3.12/site-packages/airflow/example_dags/example_branch_python_dop_operator_3.py
[2025-11-17T16:28:07.144+0000] {logging_mixin.py:188} INFO - [2025-11-17T16:28:07.144+0000] {dag.py:3096} INFO - Sync 1 DAGs
[2025-11-17T16:28:07.161+0000] {logging_mixin.py:188} INFO - [2025-11-17T16:28:07.161+0000] {dag.py:3954} INFO - Setting next_dagrun for example_branch_dop_operator_v3 to 2025-11-17 16:27:00+00:00, run_after=2025-11-17 16:28:00+00:00
[2025-11-17T16:28:07.177+0000] {processor.py:183} INFO - Processing /usr/local/python/3.12.1/lib/python3.12/site-packages/airflow/example_dags/example_branch_python_dop_operator_3.py took 0.063 seconds
[2025-11-17T16:29:02.207+0000] {processor.py:161} INFO - Started process (PID=58715) to work on /usr/local/python/3.12.1/lib/python3.12/site-packages/airflow/example_dags/example_branch_python_dop_operator_3.py
[2025-11-17T16:29:02.208+0000] {processor.py:830} INFO - Processing file /usr/local/python/3.12.1/lib/python3.12/site-packages/airflow/example_dags/example_branch_python_dop_operator_3.py for tasks to queue
[2025-11-17T16:29:02.209+0000] {logging_mixin.py:188} INFO - [2025-11-17T16:29:02.209+0000] {dagbag.py:545} INFO - Filling up the DagBag from /usr/local/python/3.12.1/lib/python3.12/site-packages/airflow/example_dags/example_branch_python_dop_operator_3.py
[2025-11-17T16:29:02.215+0000] {processor.py:840} INFO - DAG(s) 'example_branch_dop_operator_v3' retrieved from /usr/local/python/3.12.1/lib/python3.12/site-packages/airflow/example_dags/example_branch_python_dop_operator_3.py
[2025-11-17T16:29:02.227+0000] {logging_mixin.py:188} INFO - [2025-11-17T16:29:02.226+0000] {dag.py:3096} INFO - Sync 1 DAGs
[2025-11-17T16:29:02.243+0000] {logging_mixin.py:188} INFO - [2025-11-17T16:29:02.242+0000] {dag.py:3954} INFO - Setting next_dagrun for example_branch_dop_operator_v3 to 2025-11-17 16:28:00+00:00, run_after=2025-11-17 16:29:00+00:00
[2025-11-17T16:29:02.260+0000] {processor.py:183} INFO - Processing /usr/local/python/3.12.1/lib/python3.12/site-packages/airflow/example_dags/example_branch_python_dop_operator_3.py took 0.057 seconds
[2025-11-17T16:30:00.839+0000] {processor.py:161} INFO - Started process (PID=59180) to work on /usr/local/python/3.12.1/lib/python3.12/site-packages/airflow/example_dags/example_branch_python_dop_operator_3.py
[2025-11-17T16:30:00.840+0000] {processor.py:830} INFO - Processing file /usr/local/python/3.12.1/lib/python3.12/site-packages/airflow/example_dags/example_branch_python_dop_operator_3.py for tasks to queue
[2025-11-17T16:30:00.841+0000] {logging_mixin.py:188} INFO - [2025-11-17T16:30:00.841+0000] {dagbag.py:545} INFO - Filling up the DagBag from /usr/local/python/3.12.1/lib/python3.12/site-packages/airflow/example_dags/example_branch_python_dop_operator_3.py
[2025-11-17T16:30:00.847+0000] {processor.py:840} INFO - DAG(s) 'example_branch_dop_operator_v3' retrieved from /usr/local/python/3.12.1/lib/python3.12/site-packages/airflow/example_dags/example_branch_python_dop_operator_3.py
[2025-11-17T16:30:00.858+0000] {logging_mixin.py:188} INFO - [2025-11-17T16:30:00.858+0000] {dag.py:3096} INFO - Sync 1 DAGs
[2025-11-17T16:30:00.875+0000] {logging_mixin.py:188} INFO - [2025-11-17T16:30:00.874+0000] {dag.py:3954} INFO - Setting next_dagrun for example_branch_dop_operator_v3 to 2025-11-17 16:29:00+00:00, run_after=2025-11-17 16:30:00+00:00
[2025-11-17T16:30:00.891+0000] {processor.py:183} INFO - Processing /usr/local/python/3.12.1/lib/python3.12/site-packages/airflow/example_dags/example_branch_python_dop_operator_3.py took 0.056 seconds
[2025-11-17T16:30:59.823+0000] {processor.py:161} INFO - Started process (PID=59693) to work on /usr/local/python/3.12.1/lib/python3.12/site-packages/airflow/example_dags/example_branch_python_dop_operator_3.py
[2025-11-17T16:30:59.824+0000] {processor.py:830} INFO - Processing file /usr/local/python/3.12.1/lib/python3.12/site-packages/airflow/example_dags/example_branch_python_dop_operator_3.py for tasks to queue
[2025-11-17T16:30:59.825+0000] {logging_mixin.py:188} INFO - [2025-11-17T16:30:59.825+0000] {dagbag.py:545} INFO - Filling up the DagBag from /usr/local/python/3.12.1/lib/python3.12/site-packages/airflow/example_dags/example_branch_python_dop_operator_3.py
[2025-11-17T16:30:59.831+0000] {processor.py:840} INFO - DAG(s) 'example_branch_dop_operator_v3' retrieved from /usr/local/python/3.12.1/lib/python3.12/site-packages/airflow/example_dags/example_branch_python_dop_operator_3.py
[2025-11-17T16:30:59.842+0000] {logging_mixin.py:188} INFO - [2025-11-17T16:30:59.842+0000] {dag.py:3096} INFO - Sync 1 DAGs
[2025-11-17T16:30:59.859+0000] {logging_mixin.py:188} INFO - [2025-11-17T16:30:59.859+0000] {dag.py:3954} INFO - Setting next_dagrun for example_branch_dop_operator_v3 to 2025-11-17 16:29:00+00:00, run_after=2025-11-17 16:30:00+00:00
[2025-11-17T16:30:59.876+0000] {processor.py:183} INFO - Processing /usr/local/python/3.12.1/lib/python3.12/site-packages/airflow/example_dags/example_branch_python_dop_operator_3.py took 0.057 seconds
[2025-11-17T16:31:58.391+0000] {processor.py:161} INFO - Started process (PID=60153) to work on /usr/local/python/3.12.1/lib/python3.12/site-packages/airflow/example_dags/example_branch_python_dop_operator_3.py
[2025-11-17T16:31:58.392+0000] {processor.py:830} INFO - Processing file /usr/local/python/3.12.1/lib/python3.12/site-packages/airflow/example_dags/example_branch_python_dop_operator_3.py for tasks to queue
[2025-11-17T16:31:58.393+0000] {logging_mixin.py:188} INFO - [2025-11-17T16:31:58.393+0000] {dagbag.py:545} INFO - Filling up the DagBag from /usr/local/python/3.12.1/lib/python3.12/site-packages/airflow/example_dags/example_branch_python_dop_operator_3.py
[2025-11-17T16:31:58.399+0000] {processor.py:840} INFO - DAG(s) 'example_branch_dop_operator_v3' retrieved from /usr/local/python/3.12.1/lib/python3.12/site-packages/airflow/example_dags/example_branch_python_dop_operator_3.py
[2025-11-17T16:31:58.410+0000] {logging_mixin.py:188} INFO - [2025-11-17T16:31:58.410+0000] {dag.py:3096} INFO - Sync 1 DAGs
[2025-11-17T16:31:58.426+0000] {logging_mixin.py:188} INFO - [2025-11-17T16:31:58.426+0000] {dag.py:3954} INFO - Setting next_dagrun for example_branch_dop_operator_v3 to 2025-11-17 16:30:00+00:00, run_after=2025-11-17 16:31:00+00:00
[2025-11-17T16:31:58.442+0000] {processor.py:183} INFO - Processing /usr/local/python/3.12.1/lib/python3.12/site-packages/airflow/example_dags/example_branch_python_dop_operator_3.py took 0.055 seconds
[2025-11-17T16:33:01.067+0000] {processor.py:161} INFO - Started process (PID=60643) to work on /usr/local/python/3.12.1/lib/python3.12/site-packages/airflow/example_dags/example_branch_python_dop_operator_3.py
[2025-11-17T16:33:01.068+0000] {processor.py:830} INFO - Processing file /usr/local/python/3.12.1/lib/python3.12/site-packages/airflow/example_dags/example_branch_python_dop_operator_3.py for tasks to queue
[2025-11-17T16:33:01.069+0000] {logging_mixin.py:188} INFO - [2025-11-17T16:33:01.069+0000] {dagbag.py:545} INFO - Filling up the DagBag from /usr/local/python/3.12.1/lib/python3.12/site-packages/airflow/example_dags/example_branch_python_dop_operator_3.py
[2025-11-17T16:33:01.075+0000] {processor.py:840} INFO - DAG(s) 'example_branch_dop_operator_v3' retrieved from /usr/local/python/3.12.1/lib/python3.12/site-packages/airflow/example_dags/example_branch_python_dop_operator_3.py
[2025-11-17T16:33:01.087+0000] {logging_mixin.py:188} INFO - [2025-11-17T16:33:01.087+0000] {dag.py:3096} INFO - Sync 1 DAGs
[2025-11-17T16:33:01.105+0000] {logging_mixin.py:188} INFO - [2025-11-17T16:33:01.105+0000] {dag.py:3954} INFO - Setting next_dagrun for example_branch_dop_operator_v3 to 2025-11-17 16:32:00+00:00, run_after=2025-11-17 16:33:00+00:00
[2025-11-17T16:33:01.123+0000] {processor.py:183} INFO - Processing /usr/local/python/3.12.1/lib/python3.12/site-packages/airflow/example_dags/example_branch_python_dop_operator_3.py took 0.061 seconds
[2025-11-17T16:34:01.881+0000] {processor.py:161} INFO - Started process (PID=61120) to work on /usr/local/python/3.12.1/lib/python3.12/site-packages/airflow/example_dags/example_branch_python_dop_operator_3.py
[2025-11-17T16:34:01.882+0000] {processor.py:830} INFO - Processing file /usr/local/python/3.12.1/lib/python3.12/site-packages/airflow/example_dags/example_branch_python_dop_operator_3.py for tasks to queue
[2025-11-17T16:34:01.883+0000] {logging_mixin.py:188} INFO - [2025-11-17T16:34:01.883+0000] {dagbag.py:545} INFO - Filling up the DagBag from /usr/local/python/3.12.1/lib/python3.12/site-packages/airflow/example_dags/example_branch_python_dop_operator_3.py
[2025-11-17T16:34:01.897+0000] {processor.py:840} INFO - DAG(s) 'example_branch_dop_operator_v3' retrieved from /usr/local/python/3.12.1/lib/python3.12/site-packages/airflow/example_dags/example_branch_python_dop_operator_3.py
[2025-11-17T16:34:01.920+0000] {logging_mixin.py:188} INFO - [2025-11-17T16:34:01.919+0000] {dag.py:3096} INFO - Sync 1 DAGs
[2025-11-17T16:34:01.947+0000] {logging_mixin.py:188} INFO - [2025-11-17T16:34:01.947+0000] {dag.py:3954} INFO - Setting next_dagrun for example_branch_dop_operator_v3 to 2025-11-17 16:33:00+00:00, run_after=2025-11-17 16:34:00+00:00
[2025-11-17T16:34:01.965+0000] {processor.py:183} INFO - Processing /usr/local/python/3.12.1/lib/python3.12/site-packages/airflow/example_dags/example_branch_python_dop_operator_3.py took 0.090 seconds
[2025-11-17T16:35:00.321+0000] {processor.py:161} INFO - Started process (PID=61587) to work on /usr/local/python/3.12.1/lib/python3.12/site-packages/airflow/example_dags/example_branch_python_dop_operator_3.py
[2025-11-17T16:35:00.322+0000] {processor.py:830} INFO - Processing file /usr/local/python/3.12.1/lib/python3.12/site-packages/airflow/example_dags/example_branch_python_dop_operator_3.py for tasks to queue
[2025-11-17T16:35:00.323+0000] {logging_mixin.py:188} INFO - [2025-11-17T16:35:00.323+0000] {dagbag.py:545} INFO - Filling up the DagBag from /usr/local/python/3.12.1/lib/python3.12/site-packages/airflow/example_dags/example_branch_python_dop_operator_3.py
[2025-11-17T16:35:00.329+0000] {processor.py:840} INFO - DAG(s) 'example_branch_dop_operator_v3' retrieved from /usr/local/python/3.12.1/lib/python3.12/site-packages/airflow/example_dags/example_branch_python_dop_operator_3.py
[2025-11-17T16:35:00.341+0000] {logging_mixin.py:188} INFO - [2025-11-17T16:35:00.340+0000] {dag.py:3096} INFO - Sync 1 DAGs
[2025-11-17T16:35:00.357+0000] {logging_mixin.py:188} INFO - [2025-11-17T16:35:00.357+0000] {dag.py:3954} INFO - Setting next_dagrun for example_branch_dop_operator_v3 to 2025-11-17 16:34:00+00:00, run_after=2025-11-17 16:35:00+00:00
[2025-11-17T16:35:00.374+0000] {processor.py:183} INFO - Processing /usr/local/python/3.12.1/lib/python3.12/site-packages/airflow/example_dags/example_branch_python_dop_operator_3.py took 0.057 seconds
[2025-11-17T16:35:54.468+0000] {processor.py:161} INFO - Started process (PID=62033) to work on /usr/local/python/3.12.1/lib/python3.12/site-packages/airflow/example_dags/example_branch_python_dop_operator_3.py
[2025-11-17T16:35:54.469+0000] {processor.py:830} INFO - Processing file /usr/local/python/3.12.1/lib/python3.12/site-packages/airflow/example_dags/example_branch_python_dop_operator_3.py for tasks to queue
[2025-11-17T16:35:54.470+0000] {logging_mixin.py:188} INFO - [2025-11-17T16:35:54.470+0000] {dagbag.py:545} INFO - Filling up the DagBag from /usr/local/python/3.12.1/lib/python3.12/site-packages/airflow/example_dags/example_branch_python_dop_operator_3.py
[2025-11-17T16:35:54.478+0000] {processor.py:840} INFO - DAG(s) 'example_branch_dop_operator_v3' retrieved from /usr/local/python/3.12.1/lib/python3.12/site-packages/airflow/example_dags/example_branch_python_dop_operator_3.py
[2025-11-17T16:35:54.495+0000] {logging_mixin.py:188} INFO - [2025-11-17T16:35:54.495+0000] {dag.py:3096} INFO - Sync 1 DAGs
[2025-11-17T16:35:54.517+0000] {logging_mixin.py:188} INFO - [2025-11-17T16:35:54.516+0000] {dag.py:3954} INFO - Setting next_dagrun for example_branch_dop_operator_v3 to 2025-11-17 16:34:00+00:00, run_after=2025-11-17 16:35:00+00:00
[2025-11-17T16:35:54.533+0000] {processor.py:183} INFO - Processing /usr/local/python/3.12.1/lib/python3.12/site-packages/airflow/example_dags/example_branch_python_dop_operator_3.py took 0.069 seconds
[2025-11-17T16:36:50.227+0000] {processor.py:161} INFO - Started process (PID=62487) to work on /usr/local/python/3.12.1/lib/python3.12/site-packages/airflow/example_dags/example_branch_python_dop_operator_3.py
[2025-11-17T16:36:50.228+0000] {processor.py:830} INFO - Processing file /usr/local/python/3.12.1/lib/python3.12/site-packages/airflow/example_dags/example_branch_python_dop_operator_3.py for tasks to queue
[2025-11-17T16:36:50.230+0000] {logging_mixin.py:188} INFO - [2025-11-17T16:36:50.229+0000] {dagbag.py:545} INFO - Filling up the DagBag from /usr/local/python/3.12.1/lib/python3.12/site-packages/airflow/example_dags/example_branch_python_dop_operator_3.py
[2025-11-17T16:36:50.237+0000] {processor.py:840} INFO - DAG(s) 'example_branch_dop_operator_v3' retrieved from /usr/local/python/3.12.1/lib/python3.12/site-packages/airflow/example_dags/example_branch_python_dop_operator_3.py
[2025-11-17T16:36:50.249+0000] {logging_mixin.py:188} INFO - [2025-11-17T16:36:50.248+0000] {dag.py:3096} INFO - Sync 1 DAGs
[2025-11-17T16:36:50.265+0000] {logging_mixin.py:188} INFO - [2025-11-17T16:36:50.265+0000] {dag.py:3954} INFO - Setting next_dagrun for example_branch_dop_operator_v3 to 2025-11-17 16:35:00+00:00, run_after=2025-11-17 16:36:00+00:00
[2025-11-17T16:36:50.282+0000] {processor.py:183} INFO - Processing /usr/local/python/3.12.1/lib/python3.12/site-packages/airflow/example_dags/example_branch_python_dop_operator_3.py took 0.060 seconds
[2025-11-17T16:37:53.468+0000] {processor.py:161} INFO - Started process (PID=63106) to work on /usr/local/python/3.12.1/lib/python3.12/site-packages/airflow/example_dags/example_branch_python_dop_operator_3.py
[2025-11-17T16:37:53.468+0000] {processor.py:830} INFO - Processing file /usr/local/python/3.12.1/lib/python3.12/site-packages/airflow/example_dags/example_branch_python_dop_operator_3.py for tasks to queue
[2025-11-17T16:37:53.470+0000] {logging_mixin.py:188} INFO - [2025-11-17T16:37:53.469+0000] {dagbag.py:545} INFO - Filling up the DagBag from /usr/local/python/3.12.1/lib/python3.12/site-packages/airflow/example_dags/example_branch_python_dop_operator_3.py
[2025-11-17T16:37:53.476+0000] {processor.py:840} INFO - DAG(s) 'example_branch_dop_operator_v3' retrieved from /usr/local/python/3.12.1/lib/python3.12/site-packages/airflow/example_dags/example_branch_python_dop_operator_3.py
[2025-11-17T16:37:53.487+0000] {logging_mixin.py:188} INFO - [2025-11-17T16:37:53.487+0000] {dag.py:3096} INFO - Sync 1 DAGs
[2025-11-17T16:37:53.504+0000] {logging_mixin.py:188} INFO - [2025-11-17T16:37:53.504+0000] {dag.py:3954} INFO - Setting next_dagrun for example_branch_dop_operator_v3 to 2025-11-17 16:36:00+00:00, run_after=2025-11-17 16:37:00+00:00
[2025-11-17T16:37:53.521+0000] {processor.py:183} INFO - Processing /usr/local/python/3.12.1/lib/python3.12/site-packages/airflow/example_dags/example_branch_python_dop_operator_3.py took 0.057 seconds
[2025-11-17T16:38:59.194+0000] {processor.py:161} INFO - Started process (PID=64083) to work on /usr/local/python/3.12.1/lib/python3.12/site-packages/airflow/example_dags/example_branch_python_dop_operator_3.py
[2025-11-17T16:38:59.195+0000] {processor.py:830} INFO - Processing file /usr/local/python/3.12.1/lib/python3.12/site-packages/airflow/example_dags/example_branch_python_dop_operator_3.py for tasks to queue
[2025-11-17T16:38:59.196+0000] {logging_mixin.py:188} INFO - [2025-11-17T16:38:59.196+0000] {dagbag.py:545} INFO - Filling up the DagBag from /usr/local/python/3.12.1/lib/python3.12/site-packages/airflow/example_dags/example_branch_python_dop_operator_3.py
[2025-11-17T16:38:59.202+0000] {processor.py:840} INFO - DAG(s) 'example_branch_dop_operator_v3' retrieved from /usr/local/python/3.12.1/lib/python3.12/site-packages/airflow/example_dags/example_branch_python_dop_operator_3.py
[2025-11-17T16:38:59.216+0000] {logging_mixin.py:188} INFO - [2025-11-17T16:38:59.215+0000] {dag.py:3096} INFO - Sync 1 DAGs
[2025-11-17T16:38:59.232+0000] {logging_mixin.py:188} INFO - [2025-11-17T16:38:59.232+0000] {dag.py:3954} INFO - Setting next_dagrun for example_branch_dop_operator_v3 to 2025-11-17 16:37:00+00:00, run_after=2025-11-17 16:38:00+00:00
[2025-11-17T16:38:59.249+0000] {processor.py:183} INFO - Processing /usr/local/python/3.12.1/lib/python3.12/site-packages/airflow/example_dags/example_branch_python_dop_operator_3.py took 0.060 seconds
