[2025-11-17T15:42:23.678+0000] {processor.py:161} INFO - Started process (PID=27906) to work on /usr/local/python/3.12.1/lib/python3.12/site-packages/airflow/example_dags/example_setup_teardown.py
[2025-11-17T15:42:23.679+0000] {processor.py:830} INFO - Processing file /usr/local/python/3.12.1/lib/python3.12/site-packages/airflow/example_dags/example_setup_teardown.py for tasks to queue
[2025-11-17T15:42:23.680+0000] {logging_mixin.py:188} INFO - [2025-11-17T15:42:23.680+0000] {dagbag.py:545} INFO - Filling up the DagBag from /usr/local/python/3.12.1/lib/python3.12/site-packages/airflow/example_dags/example_setup_teardown.py
[2025-11-17T15:42:23.688+0000] {processor.py:840} INFO - DAG(s) 'example_setup_teardown' retrieved from /usr/local/python/3.12.1/lib/python3.12/site-packages/airflow/example_dags/example_setup_teardown.py
[2025-11-17T15:42:23.816+0000] {logging_mixin.py:188} INFO - [2025-11-17T15:42:23.816+0000] {override.py:1829} INFO - Created Permission View: can read on DAG:example_setup_teardown
[2025-11-17T15:42:23.827+0000] {logging_mixin.py:188} INFO - [2025-11-17T15:42:23.827+0000] {override.py:1829} INFO - Created Permission View: can edit on DAG:example_setup_teardown
[2025-11-17T15:42:23.836+0000] {logging_mixin.py:188} INFO - [2025-11-17T15:42:23.836+0000] {override.py:1829} INFO - Created Permission View: can delete on DAG:example_setup_teardown
[2025-11-17T15:42:23.836+0000] {logging_mixin.py:188} INFO - [2025-11-17T15:42:23.836+0000] {dag.py:3096} INFO - Sync 1 DAGs
[2025-11-17T15:42:23.848+0000] {logging_mixin.py:188} INFO - [2025-11-17T15:42:23.847+0000] {dag.py:3118} INFO - Creating ORM DAG for example_setup_teardown
[2025-11-17T15:42:23.857+0000] {logging_mixin.py:188} INFO - [2025-11-17T15:42:23.857+0000] {dag.py:3954} INFO - Setting next_dagrun for example_setup_teardown to 2025-11-16 00:00:00+00:00, run_after=2025-11-17 00:00:00+00:00
[2025-11-17T15:42:23.878+0000] {processor.py:183} INFO - Processing /usr/local/python/3.12.1/lib/python3.12/site-packages/airflow/example_dags/example_setup_teardown.py took 0.206 seconds
[2025-11-17T15:43:18.012+0000] {processor.py:161} INFO - Started process (PID=28719) to work on /usr/local/python/3.12.1/lib/python3.12/site-packages/airflow/example_dags/example_setup_teardown.py
[2025-11-17T15:43:18.012+0000] {processor.py:830} INFO - Processing file /usr/local/python/3.12.1/lib/python3.12/site-packages/airflow/example_dags/example_setup_teardown.py for tasks to queue
[2025-11-17T15:43:18.014+0000] {logging_mixin.py:188} INFO - [2025-11-17T15:43:18.013+0000] {dagbag.py:545} INFO - Filling up the DagBag from /usr/local/python/3.12.1/lib/python3.12/site-packages/airflow/example_dags/example_setup_teardown.py
[2025-11-17T15:43:18.018+0000] {processor.py:840} INFO - DAG(s) 'example_setup_teardown' retrieved from /usr/local/python/3.12.1/lib/python3.12/site-packages/airflow/example_dags/example_setup_teardown.py
[2025-11-17T15:43:18.029+0000] {logging_mixin.py:188} INFO - [2025-11-17T15:43:18.029+0000] {dag.py:3096} INFO - Sync 1 DAGs
[2025-11-17T15:43:18.044+0000] {logging_mixin.py:188} INFO - [2025-11-17T15:43:18.044+0000] {dag.py:3954} INFO - Setting next_dagrun for example_setup_teardown to 2025-11-16 00:00:00+00:00, run_after=2025-11-17 00:00:00+00:00
[2025-11-17T15:43:18.060+0000] {processor.py:183} INFO - Processing /usr/local/python/3.12.1/lib/python3.12/site-packages/airflow/example_dags/example_setup_teardown.py took 0.051 seconds
[2025-11-17T15:44:05.346+0000] {processor.py:161} INFO - Started process (PID=29537) to work on /usr/local/python/3.12.1/lib/python3.12/site-packages/airflow/example_dags/example_setup_teardown.py
[2025-11-17T15:44:05.347+0000] {processor.py:830} INFO - Processing file /usr/local/python/3.12.1/lib/python3.12/site-packages/airflow/example_dags/example_setup_teardown.py for tasks to queue
[2025-11-17T15:44:05.348+0000] {logging_mixin.py:188} INFO - [2025-11-17T15:44:05.348+0000] {dagbag.py:545} INFO - Filling up the DagBag from /usr/local/python/3.12.1/lib/python3.12/site-packages/airflow/example_dags/example_setup_teardown.py
[2025-11-17T15:44:05.353+0000] {processor.py:840} INFO - DAG(s) 'example_setup_teardown' retrieved from /usr/local/python/3.12.1/lib/python3.12/site-packages/airflow/example_dags/example_setup_teardown.py
[2025-11-17T15:44:05.365+0000] {logging_mixin.py:188} INFO - [2025-11-17T15:44:05.365+0000] {dag.py:3096} INFO - Sync 1 DAGs
[2025-11-17T15:44:05.379+0000] {logging_mixin.py:188} INFO - [2025-11-17T15:44:05.379+0000] {dag.py:3954} INFO - Setting next_dagrun for example_setup_teardown to 2025-11-16 00:00:00+00:00, run_after=2025-11-17 00:00:00+00:00
[2025-11-17T15:44:05.395+0000] {processor.py:183} INFO - Processing /usr/local/python/3.12.1/lib/python3.12/site-packages/airflow/example_dags/example_setup_teardown.py took 0.052 seconds
[2025-11-17T15:44:51.643+0000] {processor.py:161} INFO - Started process (PID=30002) to work on /usr/local/python/3.12.1/lib/python3.12/site-packages/airflow/example_dags/example_setup_teardown.py
[2025-11-17T15:44:51.644+0000] {processor.py:830} INFO - Processing file /usr/local/python/3.12.1/lib/python3.12/site-packages/airflow/example_dags/example_setup_teardown.py for tasks to queue
[2025-11-17T15:44:51.646+0000] {logging_mixin.py:188} INFO - [2025-11-17T15:44:51.645+0000] {dagbag.py:545} INFO - Filling up the DagBag from /usr/local/python/3.12.1/lib/python3.12/site-packages/airflow/example_dags/example_setup_teardown.py
[2025-11-17T15:44:51.653+0000] {processor.py:840} INFO - DAG(s) 'example_setup_teardown' retrieved from /usr/local/python/3.12.1/lib/python3.12/site-packages/airflow/example_dags/example_setup_teardown.py
[2025-11-17T15:44:51.670+0000] {logging_mixin.py:188} INFO - [2025-11-17T15:44:51.670+0000] {dag.py:3096} INFO - Sync 1 DAGs
[2025-11-17T15:44:51.687+0000] {logging_mixin.py:188} INFO - [2025-11-17T15:44:51.687+0000] {dag.py:3954} INFO - Setting next_dagrun for example_setup_teardown to 2025-11-16 00:00:00+00:00, run_after=2025-11-17 00:00:00+00:00
[2025-11-17T15:44:51.703+0000] {processor.py:183} INFO - Processing /usr/local/python/3.12.1/lib/python3.12/site-packages/airflow/example_dags/example_setup_teardown.py took 0.065 seconds
[2025-11-17T16:00:59.797+0000] {processor.py:161} INFO - Started process (PID=40889) to work on /usr/local/python/3.12.1/lib/python3.12/site-packages/airflow/example_dags/example_setup_teardown.py
[2025-11-17T16:00:59.802+0000] {processor.py:830} INFO - Processing file /usr/local/python/3.12.1/lib/python3.12/site-packages/airflow/example_dags/example_setup_teardown.py for tasks to queue
[2025-11-17T16:00:59.809+0000] {logging_mixin.py:188} INFO - [2025-11-17T16:00:59.809+0000] {dagbag.py:545} INFO - Filling up the DagBag from /usr/local/python/3.12.1/lib/python3.12/site-packages/airflow/example_dags/example_setup_teardown.py
[2025-11-17T16:00:59.826+0000] {processor.py:840} INFO - DAG(s) 'example_setup_teardown' retrieved from /usr/local/python/3.12.1/lib/python3.12/site-packages/airflow/example_dags/example_setup_teardown.py
[2025-11-17T16:00:59.889+0000] {logging_mixin.py:188} INFO - [2025-11-17T16:00:59.889+0000] {dag.py:3096} INFO - Sync 1 DAGs
[2025-11-17T16:00:59.927+0000] {logging_mixin.py:188} INFO - [2025-11-17T16:00:59.926+0000] {dag.py:3954} INFO - Setting next_dagrun for example_setup_teardown to 2025-11-16 00:00:00+00:00, run_after=2025-11-17 00:00:00+00:00
[2025-11-17T16:00:59.951+0000] {processor.py:183} INFO - Processing /usr/local/python/3.12.1/lib/python3.12/site-packages/airflow/example_dags/example_setup_teardown.py took 0.171 seconds
[2025-11-17T16:01:49.982+0000] {processor.py:161} INFO - Started process (PID=41517) to work on /usr/local/python/3.12.1/lib/python3.12/site-packages/airflow/example_dags/example_setup_teardown.py
[2025-11-17T16:01:49.983+0000] {processor.py:830} INFO - Processing file /usr/local/python/3.12.1/lib/python3.12/site-packages/airflow/example_dags/example_setup_teardown.py for tasks to queue
[2025-11-17T16:01:49.984+0000] {logging_mixin.py:188} INFO - [2025-11-17T16:01:49.984+0000] {dagbag.py:545} INFO - Filling up the DagBag from /usr/local/python/3.12.1/lib/python3.12/site-packages/airflow/example_dags/example_setup_teardown.py
[2025-11-17T16:01:49.988+0000] {processor.py:840} INFO - DAG(s) 'example_setup_teardown' retrieved from /usr/local/python/3.12.1/lib/python3.12/site-packages/airflow/example_dags/example_setup_teardown.py
[2025-11-17T16:01:50.005+0000] {logging_mixin.py:188} INFO - [2025-11-17T16:01:50.005+0000] {dag.py:3096} INFO - Sync 1 DAGs
[2025-11-17T16:01:50.020+0000] {logging_mixin.py:188} INFO - [2025-11-17T16:01:50.020+0000] {dag.py:3954} INFO - Setting next_dagrun for example_setup_teardown to 2025-11-16 00:00:00+00:00, run_after=2025-11-17 00:00:00+00:00
[2025-11-17T16:01:50.037+0000] {processor.py:183} INFO - Processing /usr/local/python/3.12.1/lib/python3.12/site-packages/airflow/example_dags/example_setup_teardown.py took 0.058 seconds
[2025-11-17T16:02:40.017+0000] {processor.py:161} INFO - Started process (PID=42214) to work on /usr/local/python/3.12.1/lib/python3.12/site-packages/airflow/example_dags/example_setup_teardown.py
[2025-11-17T16:02:40.018+0000] {processor.py:830} INFO - Processing file /usr/local/python/3.12.1/lib/python3.12/site-packages/airflow/example_dags/example_setup_teardown.py for tasks to queue
[2025-11-17T16:02:40.019+0000] {logging_mixin.py:188} INFO - [2025-11-17T16:02:40.019+0000] {dagbag.py:545} INFO - Filling up the DagBag from /usr/local/python/3.12.1/lib/python3.12/site-packages/airflow/example_dags/example_setup_teardown.py
[2025-11-17T16:02:40.025+0000] {processor.py:840} INFO - DAG(s) 'example_setup_teardown' retrieved from /usr/local/python/3.12.1/lib/python3.12/site-packages/airflow/example_dags/example_setup_teardown.py
[2025-11-17T16:02:40.042+0000] {logging_mixin.py:188} INFO - [2025-11-17T16:02:40.041+0000] {dag.py:3096} INFO - Sync 1 DAGs
[2025-11-17T16:02:40.068+0000] {logging_mixin.py:188} INFO - [2025-11-17T16:02:40.067+0000] {dag.py:3954} INFO - Setting next_dagrun for example_setup_teardown to 2025-11-16 00:00:00+00:00, run_after=2025-11-17 00:00:00+00:00
[2025-11-17T16:02:40.097+0000] {processor.py:183} INFO - Processing /usr/local/python/3.12.1/lib/python3.12/site-packages/airflow/example_dags/example_setup_teardown.py took 0.085 seconds
[2025-11-17T16:03:22.376+0000] {processor.py:161} INFO - Started process (PID=42712) to work on /usr/local/python/3.12.1/lib/python3.12/site-packages/airflow/example_dags/example_setup_teardown.py
[2025-11-17T16:03:22.377+0000] {processor.py:830} INFO - Processing file /usr/local/python/3.12.1/lib/python3.12/site-packages/airflow/example_dags/example_setup_teardown.py for tasks to queue
[2025-11-17T16:03:22.378+0000] {logging_mixin.py:188} INFO - [2025-11-17T16:03:22.378+0000] {dagbag.py:545} INFO - Filling up the DagBag from /usr/local/python/3.12.1/lib/python3.12/site-packages/airflow/example_dags/example_setup_teardown.py
[2025-11-17T16:03:22.384+0000] {processor.py:840} INFO - DAG(s) 'example_setup_teardown' retrieved from /usr/local/python/3.12.1/lib/python3.12/site-packages/airflow/example_dags/example_setup_teardown.py
[2025-11-17T16:03:22.401+0000] {logging_mixin.py:188} INFO - [2025-11-17T16:03:22.401+0000] {dag.py:3096} INFO - Sync 1 DAGs
[2025-11-17T16:03:22.417+0000] {logging_mixin.py:188} INFO - [2025-11-17T16:03:22.416+0000] {dag.py:3954} INFO - Setting next_dagrun for example_setup_teardown to 2025-11-16 00:00:00+00:00, run_after=2025-11-17 00:00:00+00:00
[2025-11-17T16:03:22.432+0000] {processor.py:183} INFO - Processing /usr/local/python/3.12.1/lib/python3.12/site-packages/airflow/example_dags/example_setup_teardown.py took 0.060 seconds
[2025-11-17T16:04:05.201+0000] {processor.py:161} INFO - Started process (PID=43292) to work on /usr/local/python/3.12.1/lib/python3.12/site-packages/airflow/example_dags/example_setup_teardown.py
[2025-11-17T16:04:05.202+0000] {processor.py:830} INFO - Processing file /usr/local/python/3.12.1/lib/python3.12/site-packages/airflow/example_dags/example_setup_teardown.py for tasks to queue
[2025-11-17T16:04:05.203+0000] {logging_mixin.py:188} INFO - [2025-11-17T16:04:05.203+0000] {dagbag.py:545} INFO - Filling up the DagBag from /usr/local/python/3.12.1/lib/python3.12/site-packages/airflow/example_dags/example_setup_teardown.py
[2025-11-17T16:04:05.209+0000] {processor.py:840} INFO - DAG(s) 'example_setup_teardown' retrieved from /usr/local/python/3.12.1/lib/python3.12/site-packages/airflow/example_dags/example_setup_teardown.py
[2025-11-17T16:04:05.224+0000] {logging_mixin.py:188} INFO - [2025-11-17T16:04:05.223+0000] {dag.py:3096} INFO - Sync 1 DAGs
[2025-11-17T16:04:05.238+0000] {logging_mixin.py:188} INFO - [2025-11-17T16:04:05.238+0000] {dag.py:3954} INFO - Setting next_dagrun for example_setup_teardown to 2025-11-16 00:00:00+00:00, run_after=2025-11-17 00:00:00+00:00
[2025-11-17T16:04:05.255+0000] {processor.py:183} INFO - Processing /usr/local/python/3.12.1/lib/python3.12/site-packages/airflow/example_dags/example_setup_teardown.py took 0.060 seconds
[2025-11-17T16:04:46.914+0000] {processor.py:161} INFO - Started process (PID=43835) to work on /usr/local/python/3.12.1/lib/python3.12/site-packages/airflow/example_dags/example_setup_teardown.py
[2025-11-17T16:04:46.915+0000] {processor.py:830} INFO - Processing file /usr/local/python/3.12.1/lib/python3.12/site-packages/airflow/example_dags/example_setup_teardown.py for tasks to queue
[2025-11-17T16:04:46.917+0000] {logging_mixin.py:188} INFO - [2025-11-17T16:04:46.916+0000] {dagbag.py:545} INFO - Filling up the DagBag from /usr/local/python/3.12.1/lib/python3.12/site-packages/airflow/example_dags/example_setup_teardown.py
[2025-11-17T16:04:46.925+0000] {processor.py:840} INFO - DAG(s) 'example_setup_teardown' retrieved from /usr/local/python/3.12.1/lib/python3.12/site-packages/airflow/example_dags/example_setup_teardown.py
[2025-11-17T16:04:46.942+0000] {logging_mixin.py:188} INFO - [2025-11-17T16:04:46.942+0000] {dag.py:3096} INFO - Sync 1 DAGs
[2025-11-17T16:04:46.959+0000] {logging_mixin.py:188} INFO - [2025-11-17T16:04:46.959+0000] {dag.py:3954} INFO - Setting next_dagrun for example_setup_teardown to 2025-11-16 00:00:00+00:00, run_after=2025-11-17 00:00:00+00:00
[2025-11-17T16:04:46.976+0000] {processor.py:183} INFO - Processing /usr/local/python/3.12.1/lib/python3.12/site-packages/airflow/example_dags/example_setup_teardown.py took 0.067 seconds
[2025-11-17T16:06:15.470+0000] {processor.py:161} INFO - Started process (PID=44998) to work on /usr/local/python/3.12.1/lib/python3.12/site-packages/airflow/example_dags/example_setup_teardown.py
[2025-11-17T16:06:15.471+0000] {processor.py:830} INFO - Processing file /usr/local/python/3.12.1/lib/python3.12/site-packages/airflow/example_dags/example_setup_teardown.py for tasks to queue
[2025-11-17T16:06:15.472+0000] {logging_mixin.py:188} INFO - [2025-11-17T16:06:15.472+0000] {dagbag.py:545} INFO - Filling up the DagBag from /usr/local/python/3.12.1/lib/python3.12/site-packages/airflow/example_dags/example_setup_teardown.py
[2025-11-17T16:06:15.478+0000] {processor.py:840} INFO - DAG(s) 'example_setup_teardown' retrieved from /usr/local/python/3.12.1/lib/python3.12/site-packages/airflow/example_dags/example_setup_teardown.py
[2025-11-17T16:06:15.491+0000] {logging_mixin.py:188} INFO - [2025-11-17T16:06:15.491+0000] {dag.py:3096} INFO - Sync 1 DAGs
[2025-11-17T16:06:15.504+0000] {logging_mixin.py:188} INFO - [2025-11-17T16:06:15.504+0000] {dag.py:3954} INFO - Setting next_dagrun for example_setup_teardown to 2025-11-16 00:00:00+00:00, run_after=2025-11-17 00:00:00+00:00
[2025-11-17T16:06:15.520+0000] {processor.py:183} INFO - Processing /usr/local/python/3.12.1/lib/python3.12/site-packages/airflow/example_dags/example_setup_teardown.py took 0.053 seconds
[2025-11-17T16:07:07.767+0000] {processor.py:161} INFO - Started process (PID=46412) to work on /usr/local/python/3.12.1/lib/python3.12/site-packages/airflow/example_dags/example_setup_teardown.py
[2025-11-17T16:07:07.768+0000] {processor.py:830} INFO - Processing file /usr/local/python/3.12.1/lib/python3.12/site-packages/airflow/example_dags/example_setup_teardown.py for tasks to queue
[2025-11-17T16:07:07.770+0000] {logging_mixin.py:188} INFO - [2025-11-17T16:07:07.769+0000] {dagbag.py:545} INFO - Filling up the DagBag from /usr/local/python/3.12.1/lib/python3.12/site-packages/airflow/example_dags/example_setup_teardown.py
[2025-11-17T16:07:07.777+0000] {processor.py:840} INFO - DAG(s) 'example_setup_teardown' retrieved from /usr/local/python/3.12.1/lib/python3.12/site-packages/airflow/example_dags/example_setup_teardown.py
[2025-11-17T16:07:07.789+0000] {logging_mixin.py:188} INFO - [2025-11-17T16:07:07.788+0000] {dag.py:3096} INFO - Sync 1 DAGs
[2025-11-17T16:07:07.803+0000] {logging_mixin.py:188} INFO - [2025-11-17T16:07:07.803+0000] {dag.py:3954} INFO - Setting next_dagrun for example_setup_teardown to 2025-11-16 00:00:00+00:00, run_after=2025-11-17 00:00:00+00:00
[2025-11-17T16:07:07.819+0000] {processor.py:183} INFO - Processing /usr/local/python/3.12.1/lib/python3.12/site-packages/airflow/example_dags/example_setup_teardown.py took 0.057 seconds
[2025-11-17T16:07:54.660+0000] {processor.py:161} INFO - Started process (PID=47097) to work on /usr/local/python/3.12.1/lib/python3.12/site-packages/airflow/example_dags/example_setup_teardown.py
[2025-11-17T16:07:54.661+0000] {processor.py:830} INFO - Processing file /usr/local/python/3.12.1/lib/python3.12/site-packages/airflow/example_dags/example_setup_teardown.py for tasks to queue
[2025-11-17T16:07:54.662+0000] {logging_mixin.py:188} INFO - [2025-11-17T16:07:54.662+0000] {dagbag.py:545} INFO - Filling up the DagBag from /usr/local/python/3.12.1/lib/python3.12/site-packages/airflow/example_dags/example_setup_teardown.py
[2025-11-17T16:07:54.670+0000] {processor.py:840} INFO - DAG(s) 'example_setup_teardown' retrieved from /usr/local/python/3.12.1/lib/python3.12/site-packages/airflow/example_dags/example_setup_teardown.py
[2025-11-17T16:07:54.682+0000] {logging_mixin.py:188} INFO - [2025-11-17T16:07:54.682+0000] {dag.py:3096} INFO - Sync 1 DAGs
[2025-11-17T16:07:54.696+0000] {logging_mixin.py:188} INFO - [2025-11-17T16:07:54.696+0000] {dag.py:3954} INFO - Setting next_dagrun for example_setup_teardown to 2025-11-16 00:00:00+00:00, run_after=2025-11-17 00:00:00+00:00
[2025-11-17T16:07:54.713+0000] {processor.py:183} INFO - Processing /usr/local/python/3.12.1/lib/python3.12/site-packages/airflow/example_dags/example_setup_teardown.py took 0.057 seconds
[2025-11-17T16:08:53.570+0000] {processor.py:161} INFO - Started process (PID=47921) to work on /usr/local/python/3.12.1/lib/python3.12/site-packages/airflow/example_dags/example_setup_teardown.py
[2025-11-17T16:08:53.571+0000] {processor.py:830} INFO - Processing file /usr/local/python/3.12.1/lib/python3.12/site-packages/airflow/example_dags/example_setup_teardown.py for tasks to queue
[2025-11-17T16:08:53.572+0000] {logging_mixin.py:188} INFO - [2025-11-17T16:08:53.572+0000] {dagbag.py:545} INFO - Filling up the DagBag from /usr/local/python/3.12.1/lib/python3.12/site-packages/airflow/example_dags/example_setup_teardown.py
[2025-11-17T16:08:53.577+0000] {processor.py:840} INFO - DAG(s) 'example_setup_teardown' retrieved from /usr/local/python/3.12.1/lib/python3.12/site-packages/airflow/example_dags/example_setup_teardown.py
[2025-11-17T16:08:53.588+0000] {logging_mixin.py:188} INFO - [2025-11-17T16:08:53.588+0000] {dag.py:3096} INFO - Sync 1 DAGs
[2025-11-17T16:08:53.602+0000] {logging_mixin.py:188} INFO - [2025-11-17T16:08:53.601+0000] {dag.py:3954} INFO - Setting next_dagrun for example_setup_teardown to 2025-11-16 00:00:00+00:00, run_after=2025-11-17 00:00:00+00:00
[2025-11-17T16:08:53.617+0000] {processor.py:183} INFO - Processing /usr/local/python/3.12.1/lib/python3.12/site-packages/airflow/example_dags/example_setup_teardown.py took 0.051 seconds
[2025-11-17T16:09:37.413+0000] {processor.py:161} INFO - Started process (PID=48621) to work on /usr/local/python/3.12.1/lib/python3.12/site-packages/airflow/example_dags/example_setup_teardown.py
[2025-11-17T16:09:37.414+0000] {processor.py:830} INFO - Processing file /usr/local/python/3.12.1/lib/python3.12/site-packages/airflow/example_dags/example_setup_teardown.py for tasks to queue
[2025-11-17T16:09:37.415+0000] {logging_mixin.py:188} INFO - [2025-11-17T16:09:37.415+0000] {dagbag.py:545} INFO - Filling up the DagBag from /usr/local/python/3.12.1/lib/python3.12/site-packages/airflow/example_dags/example_setup_teardown.py
[2025-11-17T16:09:37.423+0000] {processor.py:840} INFO - DAG(s) 'example_setup_teardown' retrieved from /usr/local/python/3.12.1/lib/python3.12/site-packages/airflow/example_dags/example_setup_teardown.py
[2025-11-17T16:09:37.442+0000] {logging_mixin.py:188} INFO - [2025-11-17T16:09:37.442+0000] {dag.py:3096} INFO - Sync 1 DAGs
[2025-11-17T16:09:37.466+0000] {logging_mixin.py:188} INFO - [2025-11-17T16:09:37.466+0000] {dag.py:3954} INFO - Setting next_dagrun for example_setup_teardown to 2025-11-16 00:00:00+00:00, run_after=2025-11-17 00:00:00+00:00
[2025-11-17T16:09:37.551+0000] {processor.py:183} INFO - Processing /usr/local/python/3.12.1/lib/python3.12/site-packages/airflow/example_dags/example_setup_teardown.py took 0.144 seconds
[2025-11-17T16:10:35.310+0000] {processor.py:161} INFO - Started process (PID=49369) to work on /usr/local/python/3.12.1/lib/python3.12/site-packages/airflow/example_dags/example_setup_teardown.py
[2025-11-17T16:10:35.311+0000] {processor.py:830} INFO - Processing file /usr/local/python/3.12.1/lib/python3.12/site-packages/airflow/example_dags/example_setup_teardown.py for tasks to queue
[2025-11-17T16:10:35.312+0000] {logging_mixin.py:188} INFO - [2025-11-17T16:10:35.312+0000] {dagbag.py:545} INFO - Filling up the DagBag from /usr/local/python/3.12.1/lib/python3.12/site-packages/airflow/example_dags/example_setup_teardown.py
[2025-11-17T16:10:35.317+0000] {processor.py:840} INFO - DAG(s) 'example_setup_teardown' retrieved from /usr/local/python/3.12.1/lib/python3.12/site-packages/airflow/example_dags/example_setup_teardown.py
[2025-11-17T16:10:35.329+0000] {logging_mixin.py:188} INFO - [2025-11-17T16:10:35.329+0000] {dag.py:3096} INFO - Sync 1 DAGs
[2025-11-17T16:10:35.343+0000] {logging_mixin.py:188} INFO - [2025-11-17T16:10:35.342+0000] {dag.py:3954} INFO - Setting next_dagrun for example_setup_teardown to 2025-11-16 00:00:00+00:00, run_after=2025-11-17 00:00:00+00:00
[2025-11-17T16:10:35.358+0000] {processor.py:183} INFO - Processing /usr/local/python/3.12.1/lib/python3.12/site-packages/airflow/example_dags/example_setup_teardown.py took 0.052 seconds
[2025-11-17T16:11:39.078+0000] {processor.py:161} INFO - Started process (PID=50389) to work on /usr/local/python/3.12.1/lib/python3.12/site-packages/airflow/example_dags/example_setup_teardown.py
[2025-11-17T16:11:39.079+0000] {processor.py:830} INFO - Processing file /usr/local/python/3.12.1/lib/python3.12/site-packages/airflow/example_dags/example_setup_teardown.py for tasks to queue
[2025-11-17T16:11:39.081+0000] {logging_mixin.py:188} INFO - [2025-11-17T16:11:39.080+0000] {dagbag.py:545} INFO - Filling up the DagBag from /usr/local/python/3.12.1/lib/python3.12/site-packages/airflow/example_dags/example_setup_teardown.py
[2025-11-17T16:11:39.173+0000] {processor.py:840} INFO - DAG(s) 'example_setup_teardown' retrieved from /usr/local/python/3.12.1/lib/python3.12/site-packages/airflow/example_dags/example_setup_teardown.py
[2025-11-17T16:11:39.184+0000] {logging_mixin.py:188} INFO - [2025-11-17T16:11:39.183+0000] {dag.py:3096} INFO - Sync 1 DAGs
[2025-11-17T16:11:39.195+0000] {logging_mixin.py:188} INFO - [2025-11-17T16:11:39.195+0000] {dag.py:3954} INFO - Setting next_dagrun for example_setup_teardown to 2025-11-16 00:00:00+00:00, run_after=2025-11-17 00:00:00+00:00
[2025-11-17T16:11:39.212+0000] {processor.py:183} INFO - Processing /usr/local/python/3.12.1/lib/python3.12/site-packages/airflow/example_dags/example_setup_teardown.py took 0.137 seconds
[2025-11-17T16:12:24.343+0000] {processor.py:161} INFO - Started process (PID=50733) to work on /usr/local/python/3.12.1/lib/python3.12/site-packages/airflow/example_dags/example_setup_teardown.py
[2025-11-17T16:12:24.344+0000] {processor.py:830} INFO - Processing file /usr/local/python/3.12.1/lib/python3.12/site-packages/airflow/example_dags/example_setup_teardown.py for tasks to queue
[2025-11-17T16:12:24.345+0000] {logging_mixin.py:188} INFO - [2025-11-17T16:12:24.345+0000] {dagbag.py:545} INFO - Filling up the DagBag from /usr/local/python/3.12.1/lib/python3.12/site-packages/airflow/example_dags/example_setup_teardown.py
[2025-11-17T16:12:24.350+0000] {processor.py:840} INFO - DAG(s) 'example_setup_teardown' retrieved from /usr/local/python/3.12.1/lib/python3.12/site-packages/airflow/example_dags/example_setup_teardown.py
[2025-11-17T16:12:24.361+0000] {logging_mixin.py:188} INFO - [2025-11-17T16:12:24.361+0000] {dag.py:3096} INFO - Sync 1 DAGs
[2025-11-17T16:12:24.375+0000] {logging_mixin.py:188} INFO - [2025-11-17T16:12:24.375+0000] {dag.py:3954} INFO - Setting next_dagrun for example_setup_teardown to 2025-11-16 00:00:00+00:00, run_after=2025-11-17 00:00:00+00:00
[2025-11-17T16:12:24.392+0000] {processor.py:183} INFO - Processing /usr/local/python/3.12.1/lib/python3.12/site-packages/airflow/example_dags/example_setup_teardown.py took 0.053 seconds
[2025-11-17T16:13:27.038+0000] {processor.py:161} INFO - Started process (PID=51219) to work on /usr/local/python/3.12.1/lib/python3.12/site-packages/airflow/example_dags/example_setup_teardown.py
[2025-11-17T16:13:27.039+0000] {processor.py:830} INFO - Processing file /usr/local/python/3.12.1/lib/python3.12/site-packages/airflow/example_dags/example_setup_teardown.py for tasks to queue
[2025-11-17T16:13:27.042+0000] {logging_mixin.py:188} INFO - [2025-11-17T16:13:27.041+0000] {dagbag.py:545} INFO - Filling up the DagBag from /usr/local/python/3.12.1/lib/python3.12/site-packages/airflow/example_dags/example_setup_teardown.py
[2025-11-17T16:13:27.046+0000] {processor.py:840} INFO - DAG(s) 'example_setup_teardown' retrieved from /usr/local/python/3.12.1/lib/python3.12/site-packages/airflow/example_dags/example_setup_teardown.py
[2025-11-17T16:13:27.058+0000] {logging_mixin.py:188} INFO - [2025-11-17T16:13:27.058+0000] {dag.py:3096} INFO - Sync 1 DAGs
[2025-11-17T16:13:27.072+0000] {logging_mixin.py:188} INFO - [2025-11-17T16:13:27.072+0000] {dag.py:3954} INFO - Setting next_dagrun for example_setup_teardown to 2025-11-16 00:00:00+00:00, run_after=2025-11-17 00:00:00+00:00
[2025-11-17T16:13:27.088+0000] {processor.py:183} INFO - Processing /usr/local/python/3.12.1/lib/python3.12/site-packages/airflow/example_dags/example_setup_teardown.py took 0.057 seconds
[2025-11-17T16:14:09.830+0000] {processor.py:161} INFO - Started process (PID=51565) to work on /usr/local/python/3.12.1/lib/python3.12/site-packages/airflow/example_dags/example_setup_teardown.py
[2025-11-17T16:14:09.830+0000] {processor.py:830} INFO - Processing file /usr/local/python/3.12.1/lib/python3.12/site-packages/airflow/example_dags/example_setup_teardown.py for tasks to queue
[2025-11-17T16:14:09.832+0000] {logging_mixin.py:188} INFO - [2025-11-17T16:14:09.831+0000] {dagbag.py:545} INFO - Filling up the DagBag from /usr/local/python/3.12.1/lib/python3.12/site-packages/airflow/example_dags/example_setup_teardown.py
[2025-11-17T16:14:09.837+0000] {processor.py:840} INFO - DAG(s) 'example_setup_teardown' retrieved from /usr/local/python/3.12.1/lib/python3.12/site-packages/airflow/example_dags/example_setup_teardown.py
[2025-11-17T16:14:09.848+0000] {logging_mixin.py:188} INFO - [2025-11-17T16:14:09.848+0000] {dag.py:3096} INFO - Sync 1 DAGs
[2025-11-17T16:14:09.863+0000] {logging_mixin.py:188} INFO - [2025-11-17T16:14:09.862+0000] {dag.py:3954} INFO - Setting next_dagrun for example_setup_teardown to 2025-11-16 00:00:00+00:00, run_after=2025-11-17 00:00:00+00:00
[2025-11-17T16:14:09.879+0000] {processor.py:183} INFO - Processing /usr/local/python/3.12.1/lib/python3.12/site-packages/airflow/example_dags/example_setup_teardown.py took 0.054 seconds
[2025-11-17T16:15:06.241+0000] {processor.py:161} INFO - Started process (PID=52008) to work on /usr/local/python/3.12.1/lib/python3.12/site-packages/airflow/example_dags/example_setup_teardown.py
[2025-11-17T16:15:06.242+0000] {processor.py:830} INFO - Processing file /usr/local/python/3.12.1/lib/python3.12/site-packages/airflow/example_dags/example_setup_teardown.py for tasks to queue
[2025-11-17T16:15:06.243+0000] {logging_mixin.py:188} INFO - [2025-11-17T16:15:06.243+0000] {dagbag.py:545} INFO - Filling up the DagBag from /usr/local/python/3.12.1/lib/python3.12/site-packages/airflow/example_dags/example_setup_teardown.py
[2025-11-17T16:15:06.248+0000] {processor.py:840} INFO - DAG(s) 'example_setup_teardown' retrieved from /usr/local/python/3.12.1/lib/python3.12/site-packages/airflow/example_dags/example_setup_teardown.py
[2025-11-17T16:15:06.260+0000] {logging_mixin.py:188} INFO - [2025-11-17T16:15:06.260+0000] {dag.py:3096} INFO - Sync 1 DAGs
[2025-11-17T16:15:06.275+0000] {logging_mixin.py:188} INFO - [2025-11-17T16:15:06.274+0000] {dag.py:3954} INFO - Setting next_dagrun for example_setup_teardown to 2025-11-16 00:00:00+00:00, run_after=2025-11-17 00:00:00+00:00
[2025-11-17T16:15:06.291+0000] {processor.py:183} INFO - Processing /usr/local/python/3.12.1/lib/python3.12/site-packages/airflow/example_dags/example_setup_teardown.py took 0.053 seconds
[2025-11-17T16:15:48.381+0000] {processor.py:161} INFO - Started process (PID=52328) to work on /usr/local/python/3.12.1/lib/python3.12/site-packages/airflow/example_dags/example_setup_teardown.py
[2025-11-17T16:15:48.381+0000] {processor.py:830} INFO - Processing file /usr/local/python/3.12.1/lib/python3.12/site-packages/airflow/example_dags/example_setup_teardown.py for tasks to queue
[2025-11-17T16:15:48.383+0000] {logging_mixin.py:188} INFO - [2025-11-17T16:15:48.382+0000] {dagbag.py:545} INFO - Filling up the DagBag from /usr/local/python/3.12.1/lib/python3.12/site-packages/airflow/example_dags/example_setup_teardown.py
[2025-11-17T16:15:48.388+0000] {processor.py:840} INFO - DAG(s) 'example_setup_teardown' retrieved from /usr/local/python/3.12.1/lib/python3.12/site-packages/airflow/example_dags/example_setup_teardown.py
[2025-11-17T16:15:48.399+0000] {logging_mixin.py:188} INFO - [2025-11-17T16:15:48.399+0000] {dag.py:3096} INFO - Sync 1 DAGs
[2025-11-17T16:15:48.414+0000] {logging_mixin.py:188} INFO - [2025-11-17T16:15:48.413+0000] {dag.py:3954} INFO - Setting next_dagrun for example_setup_teardown to 2025-11-16 00:00:00+00:00, run_after=2025-11-17 00:00:00+00:00
[2025-11-17T16:15:48.429+0000] {processor.py:183} INFO - Processing /usr/local/python/3.12.1/lib/python3.12/site-packages/airflow/example_dags/example_setup_teardown.py took 0.053 seconds
[2025-11-17T16:16:38.962+0000] {processor.py:161} INFO - Started process (PID=52780) to work on /usr/local/python/3.12.1/lib/python3.12/site-packages/airflow/example_dags/example_setup_teardown.py
[2025-11-17T16:16:38.962+0000] {processor.py:830} INFO - Processing file /usr/local/python/3.12.1/lib/python3.12/site-packages/airflow/example_dags/example_setup_teardown.py for tasks to queue
[2025-11-17T16:16:38.964+0000] {logging_mixin.py:188} INFO - [2025-11-17T16:16:38.963+0000] {dagbag.py:545} INFO - Filling up the DagBag from /usr/local/python/3.12.1/lib/python3.12/site-packages/airflow/example_dags/example_setup_teardown.py
[2025-11-17T16:16:38.968+0000] {processor.py:840} INFO - DAG(s) 'example_setup_teardown' retrieved from /usr/local/python/3.12.1/lib/python3.12/site-packages/airflow/example_dags/example_setup_teardown.py
[2025-11-17T16:16:38.980+0000] {logging_mixin.py:188} INFO - [2025-11-17T16:16:38.980+0000] {dag.py:3096} INFO - Sync 1 DAGs
[2025-11-17T16:16:38.994+0000] {logging_mixin.py:188} INFO - [2025-11-17T16:16:38.994+0000] {dag.py:3954} INFO - Setting next_dagrun for example_setup_teardown to 2025-11-16 00:00:00+00:00, run_after=2025-11-17 00:00:00+00:00
[2025-11-17T16:16:39.010+0000] {processor.py:183} INFO - Processing /usr/local/python/3.12.1/lib/python3.12/site-packages/airflow/example_dags/example_setup_teardown.py took 0.053 seconds
[2025-11-17T16:17:20.306+0000] {processor.py:161} INFO - Started process (PID=53100) to work on /usr/local/python/3.12.1/lib/python3.12/site-packages/airflow/example_dags/example_setup_teardown.py
[2025-11-17T16:17:20.307+0000] {processor.py:830} INFO - Processing file /usr/local/python/3.12.1/lib/python3.12/site-packages/airflow/example_dags/example_setup_teardown.py for tasks to queue
[2025-11-17T16:17:20.308+0000] {logging_mixin.py:188} INFO - [2025-11-17T16:17:20.308+0000] {dagbag.py:545} INFO - Filling up the DagBag from /usr/local/python/3.12.1/lib/python3.12/site-packages/airflow/example_dags/example_setup_teardown.py
[2025-11-17T16:17:20.314+0000] {processor.py:840} INFO - DAG(s) 'example_setup_teardown' retrieved from /usr/local/python/3.12.1/lib/python3.12/site-packages/airflow/example_dags/example_setup_teardown.py
[2025-11-17T16:17:20.325+0000] {logging_mixin.py:188} INFO - [2025-11-17T16:17:20.325+0000] {dag.py:3096} INFO - Sync 1 DAGs
[2025-11-17T16:17:20.340+0000] {logging_mixin.py:188} INFO - [2025-11-17T16:17:20.340+0000] {dag.py:3954} INFO - Setting next_dagrun for example_setup_teardown to 2025-11-16 00:00:00+00:00, run_after=2025-11-17 00:00:00+00:00
[2025-11-17T16:17:20.356+0000] {processor.py:183} INFO - Processing /usr/local/python/3.12.1/lib/python3.12/site-packages/airflow/example_dags/example_setup_teardown.py took 0.054 seconds
[2025-11-17T16:18:19.345+0000] {processor.py:161} INFO - Started process (PID=53570) to work on /usr/local/python/3.12.1/lib/python3.12/site-packages/airflow/example_dags/example_setup_teardown.py
[2025-11-17T16:18:19.345+0000] {processor.py:830} INFO - Processing file /usr/local/python/3.12.1/lib/python3.12/site-packages/airflow/example_dags/example_setup_teardown.py for tasks to queue
[2025-11-17T16:18:19.347+0000] {logging_mixin.py:188} INFO - [2025-11-17T16:18:19.346+0000] {dagbag.py:545} INFO - Filling up the DagBag from /usr/local/python/3.12.1/lib/python3.12/site-packages/airflow/example_dags/example_setup_teardown.py
[2025-11-17T16:18:19.351+0000] {processor.py:840} INFO - DAG(s) 'example_setup_teardown' retrieved from /usr/local/python/3.12.1/lib/python3.12/site-packages/airflow/example_dags/example_setup_teardown.py
[2025-11-17T16:18:19.363+0000] {logging_mixin.py:188} INFO - [2025-11-17T16:18:19.363+0000] {dag.py:3096} INFO - Sync 1 DAGs
[2025-11-17T16:18:19.377+0000] {logging_mixin.py:188} INFO - [2025-11-17T16:18:19.377+0000] {dag.py:3954} INFO - Setting next_dagrun for example_setup_teardown to 2025-11-16 00:00:00+00:00, run_after=2025-11-17 00:00:00+00:00
[2025-11-17T16:18:19.393+0000] {processor.py:183} INFO - Processing /usr/local/python/3.12.1/lib/python3.12/site-packages/airflow/example_dags/example_setup_teardown.py took 0.052 seconds
[2025-11-17T16:19:16.481+0000] {processor.py:161} INFO - Started process (PID=54022) to work on /usr/local/python/3.12.1/lib/python3.12/site-packages/airflow/example_dags/example_setup_teardown.py
[2025-11-17T16:19:16.482+0000] {processor.py:830} INFO - Processing file /usr/local/python/3.12.1/lib/python3.12/site-packages/airflow/example_dags/example_setup_teardown.py for tasks to queue
[2025-11-17T16:19:16.483+0000] {logging_mixin.py:188} INFO - [2025-11-17T16:19:16.482+0000] {dagbag.py:545} INFO - Filling up the DagBag from /usr/local/python/3.12.1/lib/python3.12/site-packages/airflow/example_dags/example_setup_teardown.py
[2025-11-17T16:19:16.488+0000] {processor.py:840} INFO - DAG(s) 'example_setup_teardown' retrieved from /usr/local/python/3.12.1/lib/python3.12/site-packages/airflow/example_dags/example_setup_teardown.py
[2025-11-17T16:19:16.499+0000] {logging_mixin.py:188} INFO - [2025-11-17T16:19:16.499+0000] {dag.py:3096} INFO - Sync 1 DAGs
[2025-11-17T16:19:16.513+0000] {logging_mixin.py:188} INFO - [2025-11-17T16:19:16.513+0000] {dag.py:3954} INFO - Setting next_dagrun for example_setup_teardown to 2025-11-16 00:00:00+00:00, run_after=2025-11-17 00:00:00+00:00
[2025-11-17T16:19:16.529+0000] {processor.py:183} INFO - Processing /usr/local/python/3.12.1/lib/python3.12/site-packages/airflow/example_dags/example_setup_teardown.py took 0.052 seconds
[2025-11-17T16:19:56.936+0000] {processor.py:161} INFO - Started process (PID=54344) to work on /usr/local/python/3.12.1/lib/python3.12/site-packages/airflow/example_dags/example_setup_teardown.py
[2025-11-17T16:19:56.937+0000] {processor.py:830} INFO - Processing file /usr/local/python/3.12.1/lib/python3.12/site-packages/airflow/example_dags/example_setup_teardown.py for tasks to queue
[2025-11-17T16:19:56.938+0000] {logging_mixin.py:188} INFO - [2025-11-17T16:19:56.938+0000] {dagbag.py:545} INFO - Filling up the DagBag from /usr/local/python/3.12.1/lib/python3.12/site-packages/airflow/example_dags/example_setup_teardown.py
[2025-11-17T16:19:56.943+0000] {processor.py:840} INFO - DAG(s) 'example_setup_teardown' retrieved from /usr/local/python/3.12.1/lib/python3.12/site-packages/airflow/example_dags/example_setup_teardown.py
[2025-11-17T16:19:56.955+0000] {logging_mixin.py:188} INFO - [2025-11-17T16:19:56.955+0000] {dag.py:3096} INFO - Sync 1 DAGs
[2025-11-17T16:19:56.969+0000] {logging_mixin.py:188} INFO - [2025-11-17T16:19:56.969+0000] {dag.py:3954} INFO - Setting next_dagrun for example_setup_teardown to 2025-11-16 00:00:00+00:00, run_after=2025-11-17 00:00:00+00:00
[2025-11-17T16:19:56.986+0000] {processor.py:183} INFO - Processing /usr/local/python/3.12.1/lib/python3.12/site-packages/airflow/example_dags/example_setup_teardown.py took 0.053 seconds
[2025-11-17T16:20:57.355+0000] {processor.py:161} INFO - Started process (PID=54862) to work on /usr/local/python/3.12.1/lib/python3.12/site-packages/airflow/example_dags/example_setup_teardown.py
[2025-11-17T16:20:57.356+0000] {processor.py:830} INFO - Processing file /usr/local/python/3.12.1/lib/python3.12/site-packages/airflow/example_dags/example_setup_teardown.py for tasks to queue
[2025-11-17T16:20:57.357+0000] {logging_mixin.py:188} INFO - [2025-11-17T16:20:57.357+0000] {dagbag.py:545} INFO - Filling up the DagBag from /usr/local/python/3.12.1/lib/python3.12/site-packages/airflow/example_dags/example_setup_teardown.py
[2025-11-17T16:20:57.363+0000] {processor.py:840} INFO - DAG(s) 'example_setup_teardown' retrieved from /usr/local/python/3.12.1/lib/python3.12/site-packages/airflow/example_dags/example_setup_teardown.py
[2025-11-17T16:20:57.374+0000] {logging_mixin.py:188} INFO - [2025-11-17T16:20:57.374+0000] {dag.py:3096} INFO - Sync 1 DAGs
[2025-11-17T16:20:57.388+0000] {logging_mixin.py:188} INFO - [2025-11-17T16:20:57.388+0000] {dag.py:3954} INFO - Setting next_dagrun for example_setup_teardown to 2025-11-16 00:00:00+00:00, run_after=2025-11-17 00:00:00+00:00
[2025-11-17T16:20:57.407+0000] {processor.py:183} INFO - Processing /usr/local/python/3.12.1/lib/python3.12/site-packages/airflow/example_dags/example_setup_teardown.py took 0.055 seconds
[2025-11-17T16:21:58.227+0000] {processor.py:161} INFO - Started process (PID=55343) to work on /usr/local/python/3.12.1/lib/python3.12/site-packages/airflow/example_dags/example_setup_teardown.py
[2025-11-17T16:21:58.228+0000] {processor.py:830} INFO - Processing file /usr/local/python/3.12.1/lib/python3.12/site-packages/airflow/example_dags/example_setup_teardown.py for tasks to queue
[2025-11-17T16:21:58.229+0000] {logging_mixin.py:188} INFO - [2025-11-17T16:21:58.229+0000] {dagbag.py:545} INFO - Filling up the DagBag from /usr/local/python/3.12.1/lib/python3.12/site-packages/airflow/example_dags/example_setup_teardown.py
[2025-11-17T16:21:58.234+0000] {processor.py:840} INFO - DAG(s) 'example_setup_teardown' retrieved from /usr/local/python/3.12.1/lib/python3.12/site-packages/airflow/example_dags/example_setup_teardown.py
[2025-11-17T16:21:58.246+0000] {logging_mixin.py:188} INFO - [2025-11-17T16:21:58.245+0000] {dag.py:3096} INFO - Sync 1 DAGs
[2025-11-17T16:21:58.260+0000] {logging_mixin.py:188} INFO - [2025-11-17T16:21:58.260+0000] {dag.py:3954} INFO - Setting next_dagrun for example_setup_teardown to 2025-11-16 00:00:00+00:00, run_after=2025-11-17 00:00:00+00:00
[2025-11-17T16:21:58.276+0000] {processor.py:183} INFO - Processing /usr/local/python/3.12.1/lib/python3.12/site-packages/airflow/example_dags/example_setup_teardown.py took 0.053 seconds
[2025-11-17T16:22:57.741+0000] {processor.py:161} INFO - Started process (PID=55815) to work on /usr/local/python/3.12.1/lib/python3.12/site-packages/airflow/example_dags/example_setup_teardown.py
[2025-11-17T16:22:57.742+0000] {processor.py:830} INFO - Processing file /usr/local/python/3.12.1/lib/python3.12/site-packages/airflow/example_dags/example_setup_teardown.py for tasks to queue
[2025-11-17T16:22:57.743+0000] {logging_mixin.py:188} INFO - [2025-11-17T16:22:57.743+0000] {dagbag.py:545} INFO - Filling up the DagBag from /usr/local/python/3.12.1/lib/python3.12/site-packages/airflow/example_dags/example_setup_teardown.py
[2025-11-17T16:22:57.748+0000] {processor.py:840} INFO - DAG(s) 'example_setup_teardown' retrieved from /usr/local/python/3.12.1/lib/python3.12/site-packages/airflow/example_dags/example_setup_teardown.py
[2025-11-17T16:22:57.759+0000] {logging_mixin.py:188} INFO - [2025-11-17T16:22:57.759+0000] {dag.py:3096} INFO - Sync 1 DAGs
[2025-11-17T16:22:57.773+0000] {logging_mixin.py:188} INFO - [2025-11-17T16:22:57.773+0000] {dag.py:3954} INFO - Setting next_dagrun for example_setup_teardown to 2025-11-16 00:00:00+00:00, run_after=2025-11-17 00:00:00+00:00
[2025-11-17T16:22:57.790+0000] {processor.py:183} INFO - Processing /usr/local/python/3.12.1/lib/python3.12/site-packages/airflow/example_dags/example_setup_teardown.py took 0.053 seconds
[2025-11-17T16:23:39.343+0000] {processor.py:161} INFO - Started process (PID=56147) to work on /usr/local/python/3.12.1/lib/python3.12/site-packages/airflow/example_dags/example_setup_teardown.py
[2025-11-17T16:23:39.344+0000] {processor.py:830} INFO - Processing file /usr/local/python/3.12.1/lib/python3.12/site-packages/airflow/example_dags/example_setup_teardown.py for tasks to queue
[2025-11-17T16:23:39.345+0000] {logging_mixin.py:188} INFO - [2025-11-17T16:23:39.345+0000] {dagbag.py:545} INFO - Filling up the DagBag from /usr/local/python/3.12.1/lib/python3.12/site-packages/airflow/example_dags/example_setup_teardown.py
[2025-11-17T16:23:39.350+0000] {processor.py:840} INFO - DAG(s) 'example_setup_teardown' retrieved from /usr/local/python/3.12.1/lib/python3.12/site-packages/airflow/example_dags/example_setup_teardown.py
[2025-11-17T16:23:39.361+0000] {logging_mixin.py:188} INFO - [2025-11-17T16:23:39.361+0000] {dag.py:3096} INFO - Sync 1 DAGs
[2025-11-17T16:23:39.376+0000] {logging_mixin.py:188} INFO - [2025-11-17T16:23:39.376+0000] {dag.py:3954} INFO - Setting next_dagrun for example_setup_teardown to 2025-11-16 00:00:00+00:00, run_after=2025-11-17 00:00:00+00:00
[2025-11-17T16:23:39.392+0000] {processor.py:183} INFO - Processing /usr/local/python/3.12.1/lib/python3.12/site-packages/airflow/example_dags/example_setup_teardown.py took 0.053 seconds
[2025-11-17T16:24:21.141+0000] {processor.py:161} INFO - Started process (PID=56468) to work on /usr/local/python/3.12.1/lib/python3.12/site-packages/airflow/example_dags/example_setup_teardown.py
[2025-11-17T16:24:21.142+0000] {processor.py:830} INFO - Processing file /usr/local/python/3.12.1/lib/python3.12/site-packages/airflow/example_dags/example_setup_teardown.py for tasks to queue
[2025-11-17T16:24:21.143+0000] {logging_mixin.py:188} INFO - [2025-11-17T16:24:21.143+0000] {dagbag.py:545} INFO - Filling up the DagBag from /usr/local/python/3.12.1/lib/python3.12/site-packages/airflow/example_dags/example_setup_teardown.py
[2025-11-17T16:24:21.148+0000] {processor.py:840} INFO - DAG(s) 'example_setup_teardown' retrieved from /usr/local/python/3.12.1/lib/python3.12/site-packages/airflow/example_dags/example_setup_teardown.py
[2025-11-17T16:24:21.159+0000] {logging_mixin.py:188} INFO - [2025-11-17T16:24:21.159+0000] {dag.py:3096} INFO - Sync 1 DAGs
[2025-11-17T16:24:21.174+0000] {logging_mixin.py:188} INFO - [2025-11-17T16:24:21.174+0000] {dag.py:3954} INFO - Setting next_dagrun for example_setup_teardown to 2025-11-16 00:00:00+00:00, run_after=2025-11-17 00:00:00+00:00
[2025-11-17T16:24:21.191+0000] {processor.py:183} INFO - Processing /usr/local/python/3.12.1/lib/python3.12/site-packages/airflow/example_dags/example_setup_teardown.py took 0.054 seconds
[2025-11-17T16:25:17.843+0000] {processor.py:161} INFO - Started process (PID=56910) to work on /usr/local/python/3.12.1/lib/python3.12/site-packages/airflow/example_dags/example_setup_teardown.py
[2025-11-17T16:25:17.844+0000] {processor.py:830} INFO - Processing file /usr/local/python/3.12.1/lib/python3.12/site-packages/airflow/example_dags/example_setup_teardown.py for tasks to queue
[2025-11-17T16:25:17.845+0000] {logging_mixin.py:188} INFO - [2025-11-17T16:25:17.844+0000] {dagbag.py:545} INFO - Filling up the DagBag from /usr/local/python/3.12.1/lib/python3.12/site-packages/airflow/example_dags/example_setup_teardown.py
[2025-11-17T16:25:17.850+0000] {processor.py:840} INFO - DAG(s) 'example_setup_teardown' retrieved from /usr/local/python/3.12.1/lib/python3.12/site-packages/airflow/example_dags/example_setup_teardown.py
[2025-11-17T16:25:17.862+0000] {logging_mixin.py:188} INFO - [2025-11-17T16:25:17.861+0000] {dag.py:3096} INFO - Sync 1 DAGs
[2025-11-17T16:25:17.876+0000] {logging_mixin.py:188} INFO - [2025-11-17T16:25:17.876+0000] {dag.py:3954} INFO - Setting next_dagrun for example_setup_teardown to 2025-11-16 00:00:00+00:00, run_after=2025-11-17 00:00:00+00:00
[2025-11-17T16:25:17.892+0000] {processor.py:183} INFO - Processing /usr/local/python/3.12.1/lib/python3.12/site-packages/airflow/example_dags/example_setup_teardown.py took 0.053 seconds
[2025-11-17T16:25:58.930+0000] {processor.py:161} INFO - Started process (PID=57273) to work on /usr/local/python/3.12.1/lib/python3.12/site-packages/airflow/example_dags/example_setup_teardown.py
[2025-11-17T16:25:58.931+0000] {processor.py:830} INFO - Processing file /usr/local/python/3.12.1/lib/python3.12/site-packages/airflow/example_dags/example_setup_teardown.py for tasks to queue
[2025-11-17T16:25:58.932+0000] {logging_mixin.py:188} INFO - [2025-11-17T16:25:58.932+0000] {dagbag.py:545} INFO - Filling up the DagBag from /usr/local/python/3.12.1/lib/python3.12/site-packages/airflow/example_dags/example_setup_teardown.py
[2025-11-17T16:25:58.937+0000] {processor.py:840} INFO - DAG(s) 'example_setup_teardown' retrieved from /usr/local/python/3.12.1/lib/python3.12/site-packages/airflow/example_dags/example_setup_teardown.py
[2025-11-17T16:25:58.948+0000] {logging_mixin.py:188} INFO - [2025-11-17T16:25:58.948+0000] {dag.py:3096} INFO - Sync 1 DAGs
[2025-11-17T16:25:58.962+0000] {logging_mixin.py:188} INFO - [2025-11-17T16:25:58.962+0000] {dag.py:3954} INFO - Setting next_dagrun for example_setup_teardown to 2025-11-16 00:00:00+00:00, run_after=2025-11-17 00:00:00+00:00
[2025-11-17T16:25:58.978+0000] {processor.py:183} INFO - Processing /usr/local/python/3.12.1/lib/python3.12/site-packages/airflow/example_dags/example_setup_teardown.py took 0.052 seconds
[2025-11-17T16:26:39.272+0000] {processor.py:161} INFO - Started process (PID=57585) to work on /usr/local/python/3.12.1/lib/python3.12/site-packages/airflow/example_dags/example_setup_teardown.py
[2025-11-17T16:26:39.273+0000] {processor.py:830} INFO - Processing file /usr/local/python/3.12.1/lib/python3.12/site-packages/airflow/example_dags/example_setup_teardown.py for tasks to queue
[2025-11-17T16:26:39.274+0000] {logging_mixin.py:188} INFO - [2025-11-17T16:26:39.274+0000] {dagbag.py:545} INFO - Filling up the DagBag from /usr/local/python/3.12.1/lib/python3.12/site-packages/airflow/example_dags/example_setup_teardown.py
[2025-11-17T16:26:39.282+0000] {processor.py:840} INFO - DAG(s) 'example_setup_teardown' retrieved from /usr/local/python/3.12.1/lib/python3.12/site-packages/airflow/example_dags/example_setup_teardown.py
[2025-11-17T16:26:39.301+0000] {logging_mixin.py:188} INFO - [2025-11-17T16:26:39.301+0000] {dag.py:3096} INFO - Sync 1 DAGs
[2025-11-17T16:26:39.322+0000] {logging_mixin.py:188} INFO - [2025-11-17T16:26:39.322+0000] {dag.py:3954} INFO - Setting next_dagrun for example_setup_teardown to 2025-11-16 00:00:00+00:00, run_after=2025-11-17 00:00:00+00:00
[2025-11-17T16:26:39.339+0000] {processor.py:183} INFO - Processing /usr/local/python/3.12.1/lib/python3.12/site-packages/airflow/example_dags/example_setup_teardown.py took 0.073 seconds
[2025-11-17T16:27:20.569+0000] {processor.py:161} INFO - Started process (PID=57916) to work on /usr/local/python/3.12.1/lib/python3.12/site-packages/airflow/example_dags/example_setup_teardown.py
[2025-11-17T16:27:20.570+0000] {processor.py:830} INFO - Processing file /usr/local/python/3.12.1/lib/python3.12/site-packages/airflow/example_dags/example_setup_teardown.py for tasks to queue
[2025-11-17T16:27:20.571+0000] {logging_mixin.py:188} INFO - [2025-11-17T16:27:20.571+0000] {dagbag.py:545} INFO - Filling up the DagBag from /usr/local/python/3.12.1/lib/python3.12/site-packages/airflow/example_dags/example_setup_teardown.py
[2025-11-17T16:27:20.576+0000] {processor.py:840} INFO - DAG(s) 'example_setup_teardown' retrieved from /usr/local/python/3.12.1/lib/python3.12/site-packages/airflow/example_dags/example_setup_teardown.py
[2025-11-17T16:27:20.588+0000] {logging_mixin.py:188} INFO - [2025-11-17T16:27:20.588+0000] {dag.py:3096} INFO - Sync 1 DAGs
[2025-11-17T16:27:20.602+0000] {logging_mixin.py:188} INFO - [2025-11-17T16:27:20.602+0000] {dag.py:3954} INFO - Setting next_dagrun for example_setup_teardown to 2025-11-16 00:00:00+00:00, run_after=2025-11-17 00:00:00+00:00
[2025-11-17T16:27:20.618+0000] {processor.py:183} INFO - Processing /usr/local/python/3.12.1/lib/python3.12/site-packages/airflow/example_dags/example_setup_teardown.py took 0.053 seconds
[2025-11-17T16:28:17.004+0000] {processor.py:161} INFO - Started process (PID=58363) to work on /usr/local/python/3.12.1/lib/python3.12/site-packages/airflow/example_dags/example_setup_teardown.py
[2025-11-17T16:28:17.005+0000] {processor.py:830} INFO - Processing file /usr/local/python/3.12.1/lib/python3.12/site-packages/airflow/example_dags/example_setup_teardown.py for tasks to queue
[2025-11-17T16:28:17.006+0000] {logging_mixin.py:188} INFO - [2025-11-17T16:28:17.006+0000] {dagbag.py:545} INFO - Filling up the DagBag from /usr/local/python/3.12.1/lib/python3.12/site-packages/airflow/example_dags/example_setup_teardown.py
[2025-11-17T16:28:17.011+0000] {processor.py:840} INFO - DAG(s) 'example_setup_teardown' retrieved from /usr/local/python/3.12.1/lib/python3.12/site-packages/airflow/example_dags/example_setup_teardown.py
[2025-11-17T16:28:17.023+0000] {logging_mixin.py:188} INFO - [2025-11-17T16:28:17.022+0000] {dag.py:3096} INFO - Sync 1 DAGs
[2025-11-17T16:28:17.036+0000] {logging_mixin.py:188} INFO - [2025-11-17T16:28:17.036+0000] {dag.py:3954} INFO - Setting next_dagrun for example_setup_teardown to 2025-11-16 00:00:00+00:00, run_after=2025-11-17 00:00:00+00:00
[2025-11-17T16:28:17.052+0000] {processor.py:183} INFO - Processing /usr/local/python/3.12.1/lib/python3.12/site-packages/airflow/example_dags/example_setup_teardown.py took 0.052 seconds
[2025-11-17T16:29:14.593+0000] {processor.py:161} INFO - Started process (PID=58824) to work on /usr/local/python/3.12.1/lib/python3.12/site-packages/airflow/example_dags/example_setup_teardown.py
[2025-11-17T16:29:14.594+0000] {processor.py:830} INFO - Processing file /usr/local/python/3.12.1/lib/python3.12/site-packages/airflow/example_dags/example_setup_teardown.py for tasks to queue
[2025-11-17T16:29:14.596+0000] {logging_mixin.py:188} INFO - [2025-11-17T16:29:14.595+0000] {dagbag.py:545} INFO - Filling up the DagBag from /usr/local/python/3.12.1/lib/python3.12/site-packages/airflow/example_dags/example_setup_teardown.py
[2025-11-17T16:29:14.601+0000] {processor.py:840} INFO - DAG(s) 'example_setup_teardown' retrieved from /usr/local/python/3.12.1/lib/python3.12/site-packages/airflow/example_dags/example_setup_teardown.py
[2025-11-17T16:29:14.612+0000] {logging_mixin.py:188} INFO - [2025-11-17T16:29:14.612+0000] {dag.py:3096} INFO - Sync 1 DAGs
[2025-11-17T16:29:14.627+0000] {logging_mixin.py:188} INFO - [2025-11-17T16:29:14.627+0000] {dag.py:3954} INFO - Setting next_dagrun for example_setup_teardown to 2025-11-16 00:00:00+00:00, run_after=2025-11-17 00:00:00+00:00
[2025-11-17T16:29:14.644+0000] {processor.py:183} INFO - Processing /usr/local/python/3.12.1/lib/python3.12/site-packages/airflow/example_dags/example_setup_teardown.py took 0.055 seconds
[2025-11-17T16:30:10.834+0000] {processor.py:161} INFO - Started process (PID=59262) to work on /usr/local/python/3.12.1/lib/python3.12/site-packages/airflow/example_dags/example_setup_teardown.py
[2025-11-17T16:30:10.835+0000] {processor.py:830} INFO - Processing file /usr/local/python/3.12.1/lib/python3.12/site-packages/airflow/example_dags/example_setup_teardown.py for tasks to queue
[2025-11-17T16:30:10.836+0000] {logging_mixin.py:188} INFO - [2025-11-17T16:30:10.836+0000] {dagbag.py:545} INFO - Filling up the DagBag from /usr/local/python/3.12.1/lib/python3.12/site-packages/airflow/example_dags/example_setup_teardown.py
[2025-11-17T16:30:10.841+0000] {processor.py:840} INFO - DAG(s) 'example_setup_teardown' retrieved from /usr/local/python/3.12.1/lib/python3.12/site-packages/airflow/example_dags/example_setup_teardown.py
[2025-11-17T16:30:10.853+0000] {logging_mixin.py:188} INFO - [2025-11-17T16:30:10.852+0000] {dag.py:3096} INFO - Sync 1 DAGs
[2025-11-17T16:30:10.866+0000] {logging_mixin.py:188} INFO - [2025-11-17T16:30:10.866+0000] {dag.py:3954} INFO - Setting next_dagrun for example_setup_teardown to 2025-11-16 00:00:00+00:00, run_after=2025-11-17 00:00:00+00:00
[2025-11-17T16:30:10.883+0000] {processor.py:183} INFO - Processing /usr/local/python/3.12.1/lib/python3.12/site-packages/airflow/example_dags/example_setup_teardown.py took 0.053 seconds
[2025-11-17T16:31:11.129+0000] {processor.py:161} INFO - Started process (PID=59775) to work on /usr/local/python/3.12.1/lib/python3.12/site-packages/airflow/example_dags/example_setup_teardown.py
[2025-11-17T16:31:11.130+0000] {processor.py:830} INFO - Processing file /usr/local/python/3.12.1/lib/python3.12/site-packages/airflow/example_dags/example_setup_teardown.py for tasks to queue
[2025-11-17T16:31:11.131+0000] {logging_mixin.py:188} INFO - [2025-11-17T16:31:11.131+0000] {dagbag.py:545} INFO - Filling up the DagBag from /usr/local/python/3.12.1/lib/python3.12/site-packages/airflow/example_dags/example_setup_teardown.py
[2025-11-17T16:31:11.136+0000] {processor.py:840} INFO - DAG(s) 'example_setup_teardown' retrieved from /usr/local/python/3.12.1/lib/python3.12/site-packages/airflow/example_dags/example_setup_teardown.py
[2025-11-17T16:31:11.148+0000] {logging_mixin.py:188} INFO - [2025-11-17T16:31:11.148+0000] {dag.py:3096} INFO - Sync 1 DAGs
[2025-11-17T16:31:11.162+0000] {logging_mixin.py:188} INFO - [2025-11-17T16:31:11.162+0000] {dag.py:3954} INFO - Setting next_dagrun for example_setup_teardown to 2025-11-16 00:00:00+00:00, run_after=2025-11-17 00:00:00+00:00
[2025-11-17T16:31:11.178+0000] {processor.py:183} INFO - Processing /usr/local/python/3.12.1/lib/python3.12/site-packages/airflow/example_dags/example_setup_teardown.py took 0.053 seconds
[2025-11-17T16:32:09.342+0000] {processor.py:161} INFO - Started process (PID=60243) to work on /usr/local/python/3.12.1/lib/python3.12/site-packages/airflow/example_dags/example_setup_teardown.py
[2025-11-17T16:32:09.342+0000] {processor.py:830} INFO - Processing file /usr/local/python/3.12.1/lib/python3.12/site-packages/airflow/example_dags/example_setup_teardown.py for tasks to queue
[2025-11-17T16:32:09.344+0000] {logging_mixin.py:188} INFO - [2025-11-17T16:32:09.343+0000] {dagbag.py:545} INFO - Filling up the DagBag from /usr/local/python/3.12.1/lib/python3.12/site-packages/airflow/example_dags/example_setup_teardown.py
[2025-11-17T16:32:09.349+0000] {processor.py:840} INFO - DAG(s) 'example_setup_teardown' retrieved from /usr/local/python/3.12.1/lib/python3.12/site-packages/airflow/example_dags/example_setup_teardown.py
[2025-11-17T16:32:09.360+0000] {logging_mixin.py:188} INFO - [2025-11-17T16:32:09.360+0000] {dag.py:3096} INFO - Sync 1 DAGs
[2025-11-17T16:32:09.374+0000] {logging_mixin.py:188} INFO - [2025-11-17T16:32:09.374+0000] {dag.py:3954} INFO - Setting next_dagrun for example_setup_teardown to 2025-11-16 00:00:00+00:00, run_after=2025-11-17 00:00:00+00:00
[2025-11-17T16:32:09.389+0000] {processor.py:183} INFO - Processing /usr/local/python/3.12.1/lib/python3.12/site-packages/airflow/example_dags/example_setup_teardown.py took 0.052 seconds
[2025-11-17T16:32:51.929+0000] {processor.py:161} INFO - Started process (PID=60570) to work on /usr/local/python/3.12.1/lib/python3.12/site-packages/airflow/example_dags/example_setup_teardown.py
[2025-11-17T16:32:51.930+0000] {processor.py:830} INFO - Processing file /usr/local/python/3.12.1/lib/python3.12/site-packages/airflow/example_dags/example_setup_teardown.py for tasks to queue
[2025-11-17T16:32:51.931+0000] {logging_mixin.py:188} INFO - [2025-11-17T16:32:51.931+0000] {dagbag.py:545} INFO - Filling up the DagBag from /usr/local/python/3.12.1/lib/python3.12/site-packages/airflow/example_dags/example_setup_teardown.py
[2025-11-17T16:32:51.936+0000] {processor.py:840} INFO - DAG(s) 'example_setup_teardown' retrieved from /usr/local/python/3.12.1/lib/python3.12/site-packages/airflow/example_dags/example_setup_teardown.py
[2025-11-17T16:32:51.949+0000] {logging_mixin.py:188} INFO - [2025-11-17T16:32:51.949+0000] {dag.py:3096} INFO - Sync 1 DAGs
[2025-11-17T16:32:51.965+0000] {logging_mixin.py:188} INFO - [2025-11-17T16:32:51.965+0000] {dag.py:3954} INFO - Setting next_dagrun for example_setup_teardown to 2025-11-16 00:00:00+00:00, run_after=2025-11-17 00:00:00+00:00
[2025-11-17T16:32:51.992+0000] {processor.py:183} INFO - Processing /usr/local/python/3.12.1/lib/python3.12/site-packages/airflow/example_dags/example_setup_teardown.py took 0.067 seconds
[2025-11-17T16:33:31.918+0000] {processor.py:161} INFO - Started process (PID=60888) to work on /usr/local/python/3.12.1/lib/python3.12/site-packages/airflow/example_dags/example_setup_teardown.py
[2025-11-17T16:33:31.918+0000] {processor.py:830} INFO - Processing file /usr/local/python/3.12.1/lib/python3.12/site-packages/airflow/example_dags/example_setup_teardown.py for tasks to queue
[2025-11-17T16:33:31.920+0000] {logging_mixin.py:188} INFO - [2025-11-17T16:33:31.919+0000] {dagbag.py:545} INFO - Filling up the DagBag from /usr/local/python/3.12.1/lib/python3.12/site-packages/airflow/example_dags/example_setup_teardown.py
[2025-11-17T16:33:31.924+0000] {processor.py:840} INFO - DAG(s) 'example_setup_teardown' retrieved from /usr/local/python/3.12.1/lib/python3.12/site-packages/airflow/example_dags/example_setup_teardown.py
[2025-11-17T16:33:31.940+0000] {logging_mixin.py:188} INFO - [2025-11-17T16:33:31.940+0000] {dag.py:3096} INFO - Sync 1 DAGs
[2025-11-17T16:33:31.955+0000] {logging_mixin.py:188} INFO - [2025-11-17T16:33:31.955+0000] {dag.py:3954} INFO - Setting next_dagrun for example_setup_teardown to 2025-11-16 00:00:00+00:00, run_after=2025-11-17 00:00:00+00:00
[2025-11-17T16:33:31.971+0000] {processor.py:183} INFO - Processing /usr/local/python/3.12.1/lib/python3.12/site-packages/airflow/example_dags/example_setup_teardown.py took 0.057 seconds
[2025-11-17T16:34:13.910+0000] {processor.py:161} INFO - Started process (PID=61213) to work on /usr/local/python/3.12.1/lib/python3.12/site-packages/airflow/example_dags/example_setup_teardown.py
[2025-11-17T16:34:13.910+0000] {processor.py:830} INFO - Processing file /usr/local/python/3.12.1/lib/python3.12/site-packages/airflow/example_dags/example_setup_teardown.py for tasks to queue
[2025-11-17T16:34:13.912+0000] {logging_mixin.py:188} INFO - [2025-11-17T16:34:13.911+0000] {dagbag.py:545} INFO - Filling up the DagBag from /usr/local/python/3.12.1/lib/python3.12/site-packages/airflow/example_dags/example_setup_teardown.py
[2025-11-17T16:34:13.916+0000] {processor.py:840} INFO - DAG(s) 'example_setup_teardown' retrieved from /usr/local/python/3.12.1/lib/python3.12/site-packages/airflow/example_dags/example_setup_teardown.py
[2025-11-17T16:34:13.928+0000] {logging_mixin.py:188} INFO - [2025-11-17T16:34:13.928+0000] {dag.py:3096} INFO - Sync 1 DAGs
[2025-11-17T16:34:13.943+0000] {logging_mixin.py:188} INFO - [2025-11-17T16:34:13.942+0000] {dag.py:3954} INFO - Setting next_dagrun for example_setup_teardown to 2025-11-16 00:00:00+00:00, run_after=2025-11-17 00:00:00+00:00
[2025-11-17T16:34:13.962+0000] {processor.py:183} INFO - Processing /usr/local/python/3.12.1/lib/python3.12/site-packages/airflow/example_dags/example_setup_teardown.py took 0.056 seconds
[2025-11-17T16:35:11.995+0000] {processor.py:161} INFO - Started process (PID=61677) to work on /usr/local/python/3.12.1/lib/python3.12/site-packages/airflow/example_dags/example_setup_teardown.py
[2025-11-17T16:35:11.995+0000] {processor.py:830} INFO - Processing file /usr/local/python/3.12.1/lib/python3.12/site-packages/airflow/example_dags/example_setup_teardown.py for tasks to queue
[2025-11-17T16:35:11.997+0000] {logging_mixin.py:188} INFO - [2025-11-17T16:35:11.996+0000] {dagbag.py:545} INFO - Filling up the DagBag from /usr/local/python/3.12.1/lib/python3.12/site-packages/airflow/example_dags/example_setup_teardown.py
[2025-11-17T16:35:12.002+0000] {processor.py:840} INFO - DAG(s) 'example_setup_teardown' retrieved from /usr/local/python/3.12.1/lib/python3.12/site-packages/airflow/example_dags/example_setup_teardown.py
[2025-11-17T16:35:12.014+0000] {logging_mixin.py:188} INFO - [2025-11-17T16:35:12.014+0000] {dag.py:3096} INFO - Sync 1 DAGs
[2025-11-17T16:35:12.030+0000] {logging_mixin.py:188} INFO - [2025-11-17T16:35:12.029+0000] {dag.py:3954} INFO - Setting next_dagrun for example_setup_teardown to 2025-11-16 00:00:00+00:00, run_after=2025-11-17 00:00:00+00:00
[2025-11-17T16:35:12.046+0000] {processor.py:183} INFO - Processing /usr/local/python/3.12.1/lib/python3.12/site-packages/airflow/example_dags/example_setup_teardown.py took 0.055 seconds
[2025-11-17T16:36:05.234+0000] {processor.py:161} INFO - Started process (PID=62143) to work on /usr/local/python/3.12.1/lib/python3.12/site-packages/airflow/example_dags/example_setup_teardown.py
[2025-11-17T16:36:05.235+0000] {processor.py:830} INFO - Processing file /usr/local/python/3.12.1/lib/python3.12/site-packages/airflow/example_dags/example_setup_teardown.py for tasks to queue
[2025-11-17T16:36:05.236+0000] {logging_mixin.py:188} INFO - [2025-11-17T16:36:05.236+0000] {dagbag.py:545} INFO - Filling up the DagBag from /usr/local/python/3.12.1/lib/python3.12/site-packages/airflow/example_dags/example_setup_teardown.py
[2025-11-17T16:36:05.241+0000] {processor.py:840} INFO - DAG(s) 'example_setup_teardown' retrieved from /usr/local/python/3.12.1/lib/python3.12/site-packages/airflow/example_dags/example_setup_teardown.py
[2025-11-17T16:36:05.254+0000] {logging_mixin.py:188} INFO - [2025-11-17T16:36:05.254+0000] {dag.py:3096} INFO - Sync 1 DAGs
[2025-11-17T16:36:05.269+0000] {logging_mixin.py:188} INFO - [2025-11-17T16:36:05.269+0000] {dag.py:3954} INFO - Setting next_dagrun for example_setup_teardown to 2025-11-16 00:00:00+00:00, run_after=2025-11-17 00:00:00+00:00
[2025-11-17T16:36:05.289+0000] {processor.py:183} INFO - Processing /usr/local/python/3.12.1/lib/python3.12/site-packages/airflow/example_dags/example_setup_teardown.py took 0.060 seconds
[2025-11-17T16:37:02.239+0000] {processor.py:161} INFO - Started process (PID=62596) to work on /usr/local/python/3.12.1/lib/python3.12/site-packages/airflow/example_dags/example_setup_teardown.py
[2025-11-17T16:37:02.239+0000] {processor.py:830} INFO - Processing file /usr/local/python/3.12.1/lib/python3.12/site-packages/airflow/example_dags/example_setup_teardown.py for tasks to queue
[2025-11-17T16:37:02.241+0000] {logging_mixin.py:188} INFO - [2025-11-17T16:37:02.240+0000] {dagbag.py:545} INFO - Filling up the DagBag from /usr/local/python/3.12.1/lib/python3.12/site-packages/airflow/example_dags/example_setup_teardown.py
[2025-11-17T16:37:02.245+0000] {processor.py:840} INFO - DAG(s) 'example_setup_teardown' retrieved from /usr/local/python/3.12.1/lib/python3.12/site-packages/airflow/example_dags/example_setup_teardown.py
[2025-11-17T16:37:02.258+0000] {logging_mixin.py:188} INFO - [2025-11-17T16:37:02.257+0000] {dag.py:3096} INFO - Sync 1 DAGs
[2025-11-17T16:37:02.272+0000] {logging_mixin.py:188} INFO - [2025-11-17T16:37:02.272+0000] {dag.py:3954} INFO - Setting next_dagrun for example_setup_teardown to 2025-11-16 00:00:00+00:00, run_after=2025-11-17 00:00:00+00:00
[2025-11-17T16:37:02.288+0000] {processor.py:183} INFO - Processing /usr/local/python/3.12.1/lib/python3.12/site-packages/airflow/example_dags/example_setup_teardown.py took 0.054 seconds
[2025-11-17T16:37:45.524+0000] {processor.py:161} INFO - Started process (PID=62982) to work on /usr/local/python/3.12.1/lib/python3.12/site-packages/airflow/example_dags/example_setup_teardown.py
[2025-11-17T16:37:45.525+0000] {processor.py:830} INFO - Processing file /usr/local/python/3.12.1/lib/python3.12/site-packages/airflow/example_dags/example_setup_teardown.py for tasks to queue
[2025-11-17T16:37:45.527+0000] {logging_mixin.py:188} INFO - [2025-11-17T16:37:45.526+0000] {dagbag.py:545} INFO - Filling up the DagBag from /usr/local/python/3.12.1/lib/python3.12/site-packages/airflow/example_dags/example_setup_teardown.py
[2025-11-17T16:37:45.531+0000] {processor.py:840} INFO - DAG(s) 'example_setup_teardown' retrieved from /usr/local/python/3.12.1/lib/python3.12/site-packages/airflow/example_dags/example_setup_teardown.py
[2025-11-17T16:37:45.543+0000] {logging_mixin.py:188} INFO - [2025-11-17T16:37:45.543+0000] {dag.py:3096} INFO - Sync 1 DAGs
[2025-11-17T16:37:45.557+0000] {logging_mixin.py:188} INFO - [2025-11-17T16:37:45.557+0000] {dag.py:3954} INFO - Setting next_dagrun for example_setup_teardown to 2025-11-16 00:00:00+00:00, run_after=2025-11-17 00:00:00+00:00
[2025-11-17T16:37:45.574+0000] {processor.py:183} INFO - Processing /usr/local/python/3.12.1/lib/python3.12/site-packages/airflow/example_dags/example_setup_teardown.py took 0.054 seconds
[2025-11-17T16:38:28.649+0000] {processor.py:161} INFO - Started process (PID=63451) to work on /usr/local/python/3.12.1/lib/python3.12/site-packages/airflow/example_dags/example_setup_teardown.py
[2025-11-17T16:38:28.650+0000] {processor.py:830} INFO - Processing file /usr/local/python/3.12.1/lib/python3.12/site-packages/airflow/example_dags/example_setup_teardown.py for tasks to queue
[2025-11-17T16:38:28.651+0000] {logging_mixin.py:188} INFO - [2025-11-17T16:38:28.651+0000] {dagbag.py:545} INFO - Filling up the DagBag from /usr/local/python/3.12.1/lib/python3.12/site-packages/airflow/example_dags/example_setup_teardown.py
[2025-11-17T16:38:28.656+0000] {processor.py:840} INFO - DAG(s) 'example_setup_teardown' retrieved from /usr/local/python/3.12.1/lib/python3.12/site-packages/airflow/example_dags/example_setup_teardown.py
[2025-11-17T16:38:28.667+0000] {logging_mixin.py:188} INFO - [2025-11-17T16:38:28.667+0000] {dag.py:3096} INFO - Sync 1 DAGs
[2025-11-17T16:38:28.682+0000] {logging_mixin.py:188} INFO - [2025-11-17T16:38:28.682+0000] {dag.py:3954} INFO - Setting next_dagrun for example_setup_teardown to 2025-11-16 00:00:00+00:00, run_after=2025-11-17 00:00:00+00:00
[2025-11-17T16:38:28.698+0000] {processor.py:183} INFO - Processing /usr/local/python/3.12.1/lib/python3.12/site-packages/airflow/example_dags/example_setup_teardown.py took 0.052 seconds
[2025-11-17T16:39:12.186+0000] {processor.py:161} INFO - Started process (PID=64659) to work on /usr/local/python/3.12.1/lib/python3.12/site-packages/airflow/example_dags/example_setup_teardown.py
[2025-11-17T16:39:12.187+0000] {processor.py:830} INFO - Processing file /usr/local/python/3.12.1/lib/python3.12/site-packages/airflow/example_dags/example_setup_teardown.py for tasks to queue
[2025-11-17T16:39:12.188+0000] {logging_mixin.py:188} INFO - [2025-11-17T16:39:12.188+0000] {dagbag.py:545} INFO - Filling up the DagBag from /usr/local/python/3.12.1/lib/python3.12/site-packages/airflow/example_dags/example_setup_teardown.py
[2025-11-17T16:39:12.193+0000] {processor.py:840} INFO - DAG(s) 'example_setup_teardown' retrieved from /usr/local/python/3.12.1/lib/python3.12/site-packages/airflow/example_dags/example_setup_teardown.py
[2025-11-17T16:39:12.204+0000] {logging_mixin.py:188} INFO - [2025-11-17T16:39:12.204+0000] {dag.py:3096} INFO - Sync 1 DAGs
[2025-11-17T16:39:12.219+0000] {logging_mixin.py:188} INFO - [2025-11-17T16:39:12.218+0000] {dag.py:3954} INFO - Setting next_dagrun for example_setup_teardown to 2025-11-16 00:00:00+00:00, run_after=2025-11-17 00:00:00+00:00
[2025-11-17T16:39:12.235+0000] {processor.py:183} INFO - Processing /usr/local/python/3.12.1/lib/python3.12/site-packages/airflow/example_dags/example_setup_teardown.py took 0.053 seconds
