[2025-11-17T15:42:50.119+0000] {processor.py:161} INFO - Started process (PID=28319) to work on /usr/local/python/3.12.1/lib/python3.12/site-packages/airflow/example_dags/example_branch_labels.py
[2025-11-17T15:42:50.120+0000] {processor.py:830} INFO - Processing file /usr/local/python/3.12.1/lib/python3.12/site-packages/airflow/example_dags/example_branch_labels.py for tasks to queue
[2025-11-17T15:42:50.122+0000] {logging_mixin.py:188} INFO - [2025-11-17T15:42:50.121+0000] {dagbag.py:545} INFO - Filling up the DagBag from /usr/local/python/3.12.1/lib/python3.12/site-packages/airflow/example_dags/example_branch_labels.py
[2025-11-17T15:42:50.130+0000] {processor.py:840} INFO - DAG(s) 'example_branch_labels' retrieved from /usr/local/python/3.12.1/lib/python3.12/site-packages/airflow/example_dags/example_branch_labels.py
[2025-11-17T15:42:50.259+0000] {logging_mixin.py:188} INFO - [2025-11-17T15:42:50.259+0000] {override.py:1829} INFO - Created Permission View: can read on DAG:example_branch_labels
[2025-11-17T15:42:50.270+0000] {logging_mixin.py:188} INFO - [2025-11-17T15:42:50.270+0000] {override.py:1829} INFO - Created Permission View: can edit on DAG:example_branch_labels
[2025-11-17T15:42:50.278+0000] {logging_mixin.py:188} INFO - [2025-11-17T15:42:50.277+0000] {override.py:1829} INFO - Created Permission View: can delete on DAG:example_branch_labels
[2025-11-17T15:42:50.278+0000] {logging_mixin.py:188} INFO - [2025-11-17T15:42:50.278+0000] {dag.py:3096} INFO - Sync 1 DAGs
[2025-11-17T15:42:50.290+0000] {logging_mixin.py:188} INFO - [2025-11-17T15:42:50.290+0000] {dag.py:3118} INFO - Creating ORM DAG for example_branch_labels
[2025-11-17T15:42:50.301+0000] {logging_mixin.py:188} INFO - [2025-11-17T15:42:50.301+0000] {dag.py:3954} INFO - Setting next_dagrun for example_branch_labels to 2025-11-16 00:00:00+00:00, run_after=2025-11-17 00:00:00+00:00
[2025-11-17T15:42:50.321+0000] {processor.py:183} INFO - Processing /usr/local/python/3.12.1/lib/python3.12/site-packages/airflow/example_dags/example_branch_labels.py took 0.208 seconds
[2025-11-17T15:43:55.068+0000] {processor.py:161} INFO - Started process (PID=29445) to work on /usr/local/python/3.12.1/lib/python3.12/site-packages/airflow/example_dags/example_branch_labels.py
[2025-11-17T15:43:55.068+0000] {processor.py:830} INFO - Processing file /usr/local/python/3.12.1/lib/python3.12/site-packages/airflow/example_dags/example_branch_labels.py for tasks to queue
[2025-11-17T15:43:55.070+0000] {logging_mixin.py:188} INFO - [2025-11-17T15:43:55.070+0000] {dagbag.py:545} INFO - Filling up the DagBag from /usr/local/python/3.12.1/lib/python3.12/site-packages/airflow/example_dags/example_branch_labels.py
[2025-11-17T15:43:55.078+0000] {processor.py:840} INFO - DAG(s) 'example_branch_labels' retrieved from /usr/local/python/3.12.1/lib/python3.12/site-packages/airflow/example_dags/example_branch_labels.py
[2025-11-17T15:43:55.095+0000] {logging_mixin.py:188} INFO - [2025-11-17T15:43:55.095+0000] {dag.py:3096} INFO - Sync 1 DAGs
[2025-11-17T15:43:55.131+0000] {logging_mixin.py:188} INFO - [2025-11-17T15:43:55.131+0000] {dag.py:3954} INFO - Setting next_dagrun for example_branch_labels to 2025-11-16 00:00:00+00:00, run_after=2025-11-17 00:00:00+00:00
[2025-11-17T15:43:55.150+0000] {processor.py:183} INFO - Processing /usr/local/python/3.12.1/lib/python3.12/site-packages/airflow/example_dags/example_branch_labels.py took 0.088 seconds
[2025-11-17T15:44:53.129+0000] {processor.py:161} INFO - Started process (PID=30012) to work on /usr/local/python/3.12.1/lib/python3.12/site-packages/airflow/example_dags/example_branch_labels.py
[2025-11-17T15:44:53.130+0000] {processor.py:830} INFO - Processing file /usr/local/python/3.12.1/lib/python3.12/site-packages/airflow/example_dags/example_branch_labels.py for tasks to queue
[2025-11-17T15:44:53.131+0000] {logging_mixin.py:188} INFO - [2025-11-17T15:44:53.131+0000] {dagbag.py:545} INFO - Filling up the DagBag from /usr/local/python/3.12.1/lib/python3.12/site-packages/airflow/example_dags/example_branch_labels.py
[2025-11-17T15:44:53.137+0000] {processor.py:840} INFO - DAG(s) 'example_branch_labels' retrieved from /usr/local/python/3.12.1/lib/python3.12/site-packages/airflow/example_dags/example_branch_labels.py
[2025-11-17T15:44:53.149+0000] {logging_mixin.py:188} INFO - [2025-11-17T15:44:53.148+0000] {dag.py:3096} INFO - Sync 1 DAGs
[2025-11-17T15:44:53.163+0000] {logging_mixin.py:188} INFO - [2025-11-17T15:44:53.163+0000] {dag.py:3954} INFO - Setting next_dagrun for example_branch_labels to 2025-11-16 00:00:00+00:00, run_after=2025-11-17 00:00:00+00:00
[2025-11-17T15:44:53.179+0000] {processor.py:183} INFO - Processing /usr/local/python/3.12.1/lib/python3.12/site-packages/airflow/example_dags/example_branch_labels.py took 0.053 seconds
[2025-11-17T16:01:23.158+0000] {processor.py:161} INFO - Started process (PID=41214) to work on /usr/local/python/3.12.1/lib/python3.12/site-packages/airflow/example_dags/example_branch_labels.py
[2025-11-17T16:01:23.158+0000] {processor.py:830} INFO - Processing file /usr/local/python/3.12.1/lib/python3.12/site-packages/airflow/example_dags/example_branch_labels.py for tasks to queue
[2025-11-17T16:01:23.159+0000] {logging_mixin.py:188} INFO - [2025-11-17T16:01:23.159+0000] {dagbag.py:545} INFO - Filling up the DagBag from /usr/local/python/3.12.1/lib/python3.12/site-packages/airflow/example_dags/example_branch_labels.py
[2025-11-17T16:01:23.165+0000] {processor.py:840} INFO - DAG(s) 'example_branch_labels' retrieved from /usr/local/python/3.12.1/lib/python3.12/site-packages/airflow/example_dags/example_branch_labels.py
[2025-11-17T16:01:23.177+0000] {logging_mixin.py:188} INFO - [2025-11-17T16:01:23.177+0000] {dag.py:3096} INFO - Sync 1 DAGs
[2025-11-17T16:01:23.191+0000] {logging_mixin.py:188} INFO - [2025-11-17T16:01:23.191+0000] {dag.py:3954} INFO - Setting next_dagrun for example_branch_labels to 2025-11-16 00:00:00+00:00, run_after=2025-11-17 00:00:00+00:00
[2025-11-17T16:01:23.207+0000] {processor.py:183} INFO - Processing /usr/local/python/3.12.1/lib/python3.12/site-packages/airflow/example_dags/example_branch_labels.py took 0.053 seconds
[2025-11-17T16:02:25.838+0000] {processor.py:161} INFO - Started process (PID=41978) to work on /usr/local/python/3.12.1/lib/python3.12/site-packages/airflow/example_dags/example_branch_labels.py
[2025-11-17T16:02:25.838+0000] {processor.py:830} INFO - Processing file /usr/local/python/3.12.1/lib/python3.12/site-packages/airflow/example_dags/example_branch_labels.py for tasks to queue
[2025-11-17T16:02:25.839+0000] {logging_mixin.py:188} INFO - [2025-11-17T16:02:25.839+0000] {dagbag.py:545} INFO - Filling up the DagBag from /usr/local/python/3.12.1/lib/python3.12/site-packages/airflow/example_dags/example_branch_labels.py
[2025-11-17T16:02:25.845+0000] {processor.py:840} INFO - DAG(s) 'example_branch_labels' retrieved from /usr/local/python/3.12.1/lib/python3.12/site-packages/airflow/example_dags/example_branch_labels.py
[2025-11-17T16:02:25.860+0000] {logging_mixin.py:188} INFO - [2025-11-17T16:02:25.860+0000] {dag.py:3096} INFO - Sync 1 DAGs
[2025-11-17T16:02:25.881+0000] {logging_mixin.py:188} INFO - [2025-11-17T16:02:25.881+0000] {dag.py:3954} INFO - Setting next_dagrun for example_branch_labels to 2025-11-16 00:00:00+00:00, run_after=2025-11-17 00:00:00+00:00
[2025-11-17T16:02:25.904+0000] {processor.py:183} INFO - Processing /usr/local/python/3.12.1/lib/python3.12/site-packages/airflow/example_dags/example_branch_labels.py took 0.070 seconds
[2025-11-17T16:03:30.632+0000] {processor.py:161} INFO - Started process (PID=42793) to work on /usr/local/python/3.12.1/lib/python3.12/site-packages/airflow/example_dags/example_branch_labels.py
[2025-11-17T16:03:30.633+0000] {processor.py:830} INFO - Processing file /usr/local/python/3.12.1/lib/python3.12/site-packages/airflow/example_dags/example_branch_labels.py for tasks to queue
[2025-11-17T16:03:30.634+0000] {logging_mixin.py:188} INFO - [2025-11-17T16:03:30.634+0000] {dagbag.py:545} INFO - Filling up the DagBag from /usr/local/python/3.12.1/lib/python3.12/site-packages/airflow/example_dags/example_branch_labels.py
[2025-11-17T16:03:30.640+0000] {processor.py:840} INFO - DAG(s) 'example_branch_labels' retrieved from /usr/local/python/3.12.1/lib/python3.12/site-packages/airflow/example_dags/example_branch_labels.py
[2025-11-17T16:03:30.652+0000] {logging_mixin.py:188} INFO - [2025-11-17T16:03:30.652+0000] {dag.py:3096} INFO - Sync 1 DAGs
[2025-11-17T16:03:30.666+0000] {logging_mixin.py:188} INFO - [2025-11-17T16:03:30.666+0000] {dag.py:3954} INFO - Setting next_dagrun for example_branch_labels to 2025-11-16 00:00:00+00:00, run_after=2025-11-17 00:00:00+00:00
[2025-11-17T16:03:30.682+0000] {processor.py:183} INFO - Processing /usr/local/python/3.12.1/lib/python3.12/site-packages/airflow/example_dags/example_branch_labels.py took 0.056 seconds
[2025-11-17T16:04:31.322+0000] {processor.py:161} INFO - Started process (PID=43638) to work on /usr/local/python/3.12.1/lib/python3.12/site-packages/airflow/example_dags/example_branch_labels.py
[2025-11-17T16:04:31.323+0000] {processor.py:830} INFO - Processing file /usr/local/python/3.12.1/lib/python3.12/site-packages/airflow/example_dags/example_branch_labels.py for tasks to queue
[2025-11-17T16:04:31.324+0000] {logging_mixin.py:188} INFO - [2025-11-17T16:04:31.324+0000] {dagbag.py:545} INFO - Filling up the DagBag from /usr/local/python/3.12.1/lib/python3.12/site-packages/airflow/example_dags/example_branch_labels.py
[2025-11-17T16:04:31.330+0000] {processor.py:840} INFO - DAG(s) 'example_branch_labels' retrieved from /usr/local/python/3.12.1/lib/python3.12/site-packages/airflow/example_dags/example_branch_labels.py
[2025-11-17T16:04:31.342+0000] {logging_mixin.py:188} INFO - [2025-11-17T16:04:31.342+0000] {dag.py:3096} INFO - Sync 1 DAGs
[2025-11-17T16:04:31.356+0000] {logging_mixin.py:188} INFO - [2025-11-17T16:04:31.356+0000] {dag.py:3954} INFO - Setting next_dagrun for example_branch_labels to 2025-11-16 00:00:00+00:00, run_after=2025-11-17 00:00:00+00:00
[2025-11-17T16:04:31.374+0000] {processor.py:183} INFO - Processing /usr/local/python/3.12.1/lib/python3.12/site-packages/airflow/example_dags/example_branch_labels.py took 0.056 seconds
[2025-11-17T16:06:41.479+0000] {processor.py:161} INFO - Started process (PID=45912) to work on /usr/local/python/3.12.1/lib/python3.12/site-packages/airflow/example_dags/example_branch_labels.py
[2025-11-17T16:06:41.482+0000] {processor.py:830} INFO - Processing file /usr/local/python/3.12.1/lib/python3.12/site-packages/airflow/example_dags/example_branch_labels.py for tasks to queue
[2025-11-17T16:06:41.489+0000] {logging_mixin.py:188} INFO - [2025-11-17T16:06:41.488+0000] {dagbag.py:545} INFO - Filling up the DagBag from /usr/local/python/3.12.1/lib/python3.12/site-packages/airflow/example_dags/example_branch_labels.py
[2025-11-17T16:06:41.520+0000] {processor.py:840} INFO - DAG(s) 'example_branch_labels' retrieved from /usr/local/python/3.12.1/lib/python3.12/site-packages/airflow/example_dags/example_branch_labels.py
[2025-11-17T16:06:41.581+0000] {logging_mixin.py:188} INFO - [2025-11-17T16:06:41.578+0000] {dag.py:3096} INFO - Sync 1 DAGs
[2025-11-17T16:06:41.623+0000] {logging_mixin.py:188} INFO - [2025-11-17T16:06:41.623+0000] {dag.py:3954} INFO - Setting next_dagrun for example_branch_labels to 2025-11-16 00:00:00+00:00, run_after=2025-11-17 00:00:00+00:00
[2025-11-17T16:06:41.671+0000] {processor.py:183} INFO - Processing /usr/local/python/3.12.1/lib/python3.12/site-packages/airflow/example_dags/example_branch_labels.py took 0.210 seconds
[2025-11-17T16:07:44.222+0000] {processor.py:161} INFO - Started process (PID=46963) to work on /usr/local/python/3.12.1/lib/python3.12/site-packages/airflow/example_dags/example_branch_labels.py
[2025-11-17T16:07:44.222+0000] {processor.py:830} INFO - Processing file /usr/local/python/3.12.1/lib/python3.12/site-packages/airflow/example_dags/example_branch_labels.py for tasks to queue
[2025-11-17T16:07:44.224+0000] {logging_mixin.py:188} INFO - [2025-11-17T16:07:44.223+0000] {dagbag.py:545} INFO - Filling up the DagBag from /usr/local/python/3.12.1/lib/python3.12/site-packages/airflow/example_dags/example_branch_labels.py
[2025-11-17T16:07:44.229+0000] {processor.py:840} INFO - DAG(s) 'example_branch_labels' retrieved from /usr/local/python/3.12.1/lib/python3.12/site-packages/airflow/example_dags/example_branch_labels.py
[2025-11-17T16:07:44.241+0000] {logging_mixin.py:188} INFO - [2025-11-17T16:07:44.241+0000] {dag.py:3096} INFO - Sync 1 DAGs
[2025-11-17T16:07:44.255+0000] {logging_mixin.py:188} INFO - [2025-11-17T16:07:44.255+0000] {dag.py:3954} INFO - Setting next_dagrun for example_branch_labels to 2025-11-16 00:00:00+00:00, run_after=2025-11-17 00:00:00+00:00
[2025-11-17T16:07:44.272+0000] {processor.py:183} INFO - Processing /usr/local/python/3.12.1/lib/python3.12/site-packages/airflow/example_dags/example_branch_labels.py took 0.054 seconds
[2025-11-17T16:08:41.572+0000] {processor.py:161} INFO - Started process (PID=47733) to work on /usr/local/python/3.12.1/lib/python3.12/site-packages/airflow/example_dags/example_branch_labels.py
[2025-11-17T16:08:41.573+0000] {processor.py:830} INFO - Processing file /usr/local/python/3.12.1/lib/python3.12/site-packages/airflow/example_dags/example_branch_labels.py for tasks to queue
[2025-11-17T16:08:41.574+0000] {logging_mixin.py:188} INFO - [2025-11-17T16:08:41.574+0000] {dagbag.py:545} INFO - Filling up the DagBag from /usr/local/python/3.12.1/lib/python3.12/site-packages/airflow/example_dags/example_branch_labels.py
[2025-11-17T16:08:41.580+0000] {processor.py:840} INFO - DAG(s) 'example_branch_labels' retrieved from /usr/local/python/3.12.1/lib/python3.12/site-packages/airflow/example_dags/example_branch_labels.py
[2025-11-17T16:08:41.591+0000] {logging_mixin.py:188} INFO - [2025-11-17T16:08:41.591+0000] {dag.py:3096} INFO - Sync 1 DAGs
[2025-11-17T16:08:41.606+0000] {logging_mixin.py:188} INFO - [2025-11-17T16:08:41.606+0000] {dag.py:3954} INFO - Setting next_dagrun for example_branch_labels to 2025-11-16 00:00:00+00:00, run_after=2025-11-17 00:00:00+00:00
[2025-11-17T16:08:41.621+0000] {processor.py:183} INFO - Processing /usr/local/python/3.12.1/lib/python3.12/site-packages/airflow/example_dags/example_branch_labels.py took 0.053 seconds
[2025-11-17T16:09:42.522+0000] {processor.py:161} INFO - Started process (PID=48715) to work on /usr/local/python/3.12.1/lib/python3.12/site-packages/airflow/example_dags/example_branch_labels.py
[2025-11-17T16:09:42.523+0000] {processor.py:830} INFO - Processing file /usr/local/python/3.12.1/lib/python3.12/site-packages/airflow/example_dags/example_branch_labels.py for tasks to queue
[2025-11-17T16:09:42.524+0000] {logging_mixin.py:188} INFO - [2025-11-17T16:09:42.524+0000] {dagbag.py:545} INFO - Filling up the DagBag from /usr/local/python/3.12.1/lib/python3.12/site-packages/airflow/example_dags/example_branch_labels.py
[2025-11-17T16:09:42.530+0000] {processor.py:840} INFO - DAG(s) 'example_branch_labels' retrieved from /usr/local/python/3.12.1/lib/python3.12/site-packages/airflow/example_dags/example_branch_labels.py
[2025-11-17T16:09:42.542+0000] {logging_mixin.py:188} INFO - [2025-11-17T16:09:42.542+0000] {dag.py:3096} INFO - Sync 1 DAGs
[2025-11-17T16:09:42.557+0000] {logging_mixin.py:188} INFO - [2025-11-17T16:09:42.557+0000] {dag.py:3954} INFO - Setting next_dagrun for example_branch_labels to 2025-11-16 00:00:00+00:00, run_after=2025-11-17 00:00:00+00:00
[2025-11-17T16:09:42.578+0000] {processor.py:183} INFO - Processing /usr/local/python/3.12.1/lib/python3.12/site-packages/airflow/example_dags/example_branch_labels.py took 0.060 seconds
[2025-11-17T16:10:41.147+0000] {processor.py:161} INFO - Started process (PID=49449) to work on /usr/local/python/3.12.1/lib/python3.12/site-packages/airflow/example_dags/example_branch_labels.py
[2025-11-17T16:10:41.148+0000] {processor.py:830} INFO - Processing file /usr/local/python/3.12.1/lib/python3.12/site-packages/airflow/example_dags/example_branch_labels.py for tasks to queue
[2025-11-17T16:10:41.149+0000] {logging_mixin.py:188} INFO - [2025-11-17T16:10:41.149+0000] {dagbag.py:545} INFO - Filling up the DagBag from /usr/local/python/3.12.1/lib/python3.12/site-packages/airflow/example_dags/example_branch_labels.py
[2025-11-17T16:10:41.155+0000] {processor.py:840} INFO - DAG(s) 'example_branch_labels' retrieved from /usr/local/python/3.12.1/lib/python3.12/site-packages/airflow/example_dags/example_branch_labels.py
[2025-11-17T16:10:41.167+0000] {logging_mixin.py:188} INFO - [2025-11-17T16:10:41.166+0000] {dag.py:3096} INFO - Sync 1 DAGs
[2025-11-17T16:10:41.181+0000] {logging_mixin.py:188} INFO - [2025-11-17T16:10:41.181+0000] {dag.py:3954} INFO - Setting next_dagrun for example_branch_labels to 2025-11-16 00:00:00+00:00, run_after=2025-11-17 00:00:00+00:00
[2025-11-17T16:10:41.196+0000] {processor.py:183} INFO - Processing /usr/local/python/3.12.1/lib/python3.12/site-packages/airflow/example_dags/example_branch_labels.py took 0.053 seconds
