[2025-11-17T15:42:46.363+0000] {processor.py:161} INFO - Started process (PID=28257) to work on /usr/local/python/3.12.1/lib/python3.12/site-packages/airflow/example_dags/example_branch_operator_decorator.py
[2025-11-17T15:42:46.364+0000] {processor.py:830} INFO - Processing file /usr/local/python/3.12.1/lib/python3.12/site-packages/airflow/example_dags/example_branch_operator_decorator.py for tasks to queue
[2025-11-17T15:42:46.365+0000] {logging_mixin.py:188} INFO - [2025-11-17T15:42:46.365+0000] {dagbag.py:545} INFO - Filling up the DagBag from /usr/local/python/3.12.1/lib/python3.12/site-packages/airflow/example_dags/example_branch_operator_decorator.py
[2025-11-17T15:42:46.383+0000] {processor.py:840} INFO - DAG(s) 'example_branch_python_operator_decorator' retrieved from /usr/local/python/3.12.1/lib/python3.12/site-packages/airflow/example_dags/example_branch_operator_decorator.py
[2025-11-17T15:42:46.472+0000] {logging_mixin.py:188} INFO - [2025-11-17T15:42:46.472+0000] {override.py:1829} INFO - Created Permission View: can read on DAG:example_branch_python_operator_decorator
[2025-11-17T15:42:46.481+0000] {logging_mixin.py:188} INFO - [2025-11-17T15:42:46.480+0000] {override.py:1829} INFO - Created Permission View: can edit on DAG:example_branch_python_operator_decorator
[2025-11-17T15:42:46.487+0000] {logging_mixin.py:188} INFO - [2025-11-17T15:42:46.486+0000] {override.py:1829} INFO - Created Permission View: can delete on DAG:example_branch_python_operator_decorator
[2025-11-17T15:42:46.487+0000] {logging_mixin.py:188} INFO - [2025-11-17T15:42:46.487+0000] {dag.py:3096} INFO - Sync 1 DAGs
[2025-11-17T15:42:46.494+0000] {logging_mixin.py:188} INFO - [2025-11-17T15:42:46.494+0000] {dag.py:3118} INFO - Creating ORM DAG for example_branch_python_operator_decorator
[2025-11-17T15:42:46.503+0000] {logging_mixin.py:188} INFO - [2025-11-17T15:42:46.503+0000] {dag.py:3954} INFO - Setting next_dagrun for example_branch_python_operator_decorator to 2025-11-16 00:00:00+00:00, run_after=2025-11-17 00:00:00+00:00
[2025-11-17T15:42:46.522+0000] {processor.py:183} INFO - Processing /usr/local/python/3.12.1/lib/python3.12/site-packages/airflow/example_dags/example_branch_operator_decorator.py took 0.163 seconds
[2025-11-17T15:43:38.297+0000] {processor.py:161} INFO - Started process (PID=29307) to work on /usr/local/python/3.12.1/lib/python3.12/site-packages/airflow/example_dags/example_branch_operator_decorator.py
[2025-11-17T15:43:38.298+0000] {processor.py:830} INFO - Processing file /usr/local/python/3.12.1/lib/python3.12/site-packages/airflow/example_dags/example_branch_operator_decorator.py for tasks to queue
[2025-11-17T15:43:38.299+0000] {logging_mixin.py:188} INFO - [2025-11-17T15:43:38.299+0000] {dagbag.py:545} INFO - Filling up the DagBag from /usr/local/python/3.12.1/lib/python3.12/site-packages/airflow/example_dags/example_branch_operator_decorator.py
[2025-11-17T15:43:38.318+0000] {processor.py:840} INFO - DAG(s) 'example_branch_python_operator_decorator' retrieved from /usr/local/python/3.12.1/lib/python3.12/site-packages/airflow/example_dags/example_branch_operator_decorator.py
[2025-11-17T15:43:38.337+0000] {logging_mixin.py:188} INFO - [2025-11-17T15:43:38.337+0000] {dag.py:3096} INFO - Sync 1 DAGs
[2025-11-17T15:43:38.352+0000] {logging_mixin.py:188} INFO - [2025-11-17T15:43:38.352+0000] {dag.py:3954} INFO - Setting next_dagrun for example_branch_python_operator_decorator to 2025-11-16 00:00:00+00:00, run_after=2025-11-17 00:00:00+00:00
[2025-11-17T15:43:38.367+0000] {processor.py:183} INFO - Processing /usr/local/python/3.12.1/lib/python3.12/site-packages/airflow/example_dags/example_branch_operator_decorator.py took 0.076 seconds
[2025-11-17T15:44:34.773+0000] {processor.py:161} INFO - Started process (PID=29823) to work on /usr/local/python/3.12.1/lib/python3.12/site-packages/airflow/example_dags/example_branch_operator_decorator.py
[2025-11-17T15:44:34.774+0000] {processor.py:830} INFO - Processing file /usr/local/python/3.12.1/lib/python3.12/site-packages/airflow/example_dags/example_branch_operator_decorator.py for tasks to queue
[2025-11-17T15:44:34.775+0000] {logging_mixin.py:188} INFO - [2025-11-17T15:44:34.775+0000] {dagbag.py:545} INFO - Filling up the DagBag from /usr/local/python/3.12.1/lib/python3.12/site-packages/airflow/example_dags/example_branch_operator_decorator.py
[2025-11-17T15:44:34.791+0000] {processor.py:840} INFO - DAG(s) 'example_branch_python_operator_decorator' retrieved from /usr/local/python/3.12.1/lib/python3.12/site-packages/airflow/example_dags/example_branch_operator_decorator.py
[2025-11-17T15:44:34.808+0000] {logging_mixin.py:188} INFO - [2025-11-17T15:44:34.808+0000] {dag.py:3096} INFO - Sync 1 DAGs
[2025-11-17T15:44:34.822+0000] {logging_mixin.py:188} INFO - [2025-11-17T15:44:34.822+0000] {dag.py:3954} INFO - Setting next_dagrun for example_branch_python_operator_decorator to 2025-11-16 00:00:00+00:00, run_after=2025-11-17 00:00:00+00:00
[2025-11-17T15:44:34.838+0000] {processor.py:183} INFO - Processing /usr/local/python/3.12.1/lib/python3.12/site-packages/airflow/example_dags/example_branch_operator_decorator.py took 0.069 seconds
[2025-11-17T15:45:34.144+0000] {processor.py:161} INFO - Started process (PID=30870) to work on /usr/local/python/3.12.1/lib/python3.12/site-packages/airflow/example_dags/example_branch_operator_decorator.py
[2025-11-17T15:45:34.145+0000] {processor.py:830} INFO - Processing file /usr/local/python/3.12.1/lib/python3.12/site-packages/airflow/example_dags/example_branch_operator_decorator.py for tasks to queue
[2025-11-17T15:45:34.146+0000] {logging_mixin.py:188} INFO - [2025-11-17T15:45:34.146+0000] {dagbag.py:545} INFO - Filling up the DagBag from /usr/local/python/3.12.1/lib/python3.12/site-packages/airflow/example_dags/example_branch_operator_decorator.py
[2025-11-17T15:45:34.161+0000] {processor.py:840} INFO - DAG(s) 'example_branch_python_operator_decorator' retrieved from /usr/local/python/3.12.1/lib/python3.12/site-packages/airflow/example_dags/example_branch_operator_decorator.py
[2025-11-17T15:45:34.179+0000] {logging_mixin.py:188} INFO - [2025-11-17T15:45:34.179+0000] {dag.py:3096} INFO - Sync 1 DAGs
[2025-11-17T15:45:34.203+0000] {logging_mixin.py:188} INFO - [2025-11-17T15:45:34.203+0000] {dag.py:3954} INFO - Setting next_dagrun for example_branch_python_operator_decorator to 2025-11-16 00:00:00+00:00, run_after=2025-11-17 00:00:00+00:00
[2025-11-17T15:45:34.228+0000] {processor.py:183} INFO - Processing /usr/local/python/3.12.1/lib/python3.12/site-packages/airflow/example_dags/example_branch_operator_decorator.py took 0.088 seconds
[2025-11-17T16:01:20.281+0000] {processor.py:161} INFO - Started process (PID=41193) to work on /usr/local/python/3.12.1/lib/python3.12/site-packages/airflow/example_dags/example_branch_operator_decorator.py
[2025-11-17T16:01:20.282+0000] {processor.py:830} INFO - Processing file /usr/local/python/3.12.1/lib/python3.12/site-packages/airflow/example_dags/example_branch_operator_decorator.py for tasks to queue
[2025-11-17T16:01:20.283+0000] {logging_mixin.py:188} INFO - [2025-11-17T16:01:20.283+0000] {dagbag.py:545} INFO - Filling up the DagBag from /usr/local/python/3.12.1/lib/python3.12/site-packages/airflow/example_dags/example_branch_operator_decorator.py
[2025-11-17T16:01:20.299+0000] {processor.py:840} INFO - DAG(s) 'example_branch_python_operator_decorator' retrieved from /usr/local/python/3.12.1/lib/python3.12/site-packages/airflow/example_dags/example_branch_operator_decorator.py
[2025-11-17T16:01:20.401+0000] {logging_mixin.py:188} INFO - [2025-11-17T16:01:20.400+0000] {dag.py:3096} INFO - Sync 1 DAGs
[2025-11-17T16:01:20.414+0000] {logging_mixin.py:188} INFO - [2025-11-17T16:01:20.414+0000] {dag.py:3954} INFO - Setting next_dagrun for example_branch_python_operator_decorator to 2025-11-16 00:00:00+00:00, run_after=2025-11-17 00:00:00+00:00
[2025-11-17T16:01:20.431+0000] {processor.py:183} INFO - Processing /usr/local/python/3.12.1/lib/python3.12/site-packages/airflow/example_dags/example_branch_operator_decorator.py took 0.153 seconds
[2025-11-17T16:02:22.976+0000] {processor.py:161} INFO - Started process (PID=41939) to work on /usr/local/python/3.12.1/lib/python3.12/site-packages/airflow/example_dags/example_branch_operator_decorator.py
[2025-11-17T16:02:22.977+0000] {processor.py:830} INFO - Processing file /usr/local/python/3.12.1/lib/python3.12/site-packages/airflow/example_dags/example_branch_operator_decorator.py for tasks to queue
[2025-11-17T16:02:22.979+0000] {logging_mixin.py:188} INFO - [2025-11-17T16:02:22.978+0000] {dagbag.py:545} INFO - Filling up the DagBag from /usr/local/python/3.12.1/lib/python3.12/site-packages/airflow/example_dags/example_branch_operator_decorator.py
[2025-11-17T16:02:22.997+0000] {processor.py:840} INFO - DAG(s) 'example_branch_python_operator_decorator' retrieved from /usr/local/python/3.12.1/lib/python3.12/site-packages/airflow/example_dags/example_branch_operator_decorator.py
[2025-11-17T16:02:23.014+0000] {logging_mixin.py:188} INFO - [2025-11-17T16:02:23.014+0000] {dag.py:3096} INFO - Sync 1 DAGs
[2025-11-17T16:02:23.031+0000] {logging_mixin.py:188} INFO - [2025-11-17T16:02:23.030+0000] {dag.py:3954} INFO - Setting next_dagrun for example_branch_python_operator_decorator to 2025-11-16 00:00:00+00:00, run_after=2025-11-17 00:00:00+00:00
[2025-11-17T16:02:23.047+0000] {processor.py:183} INFO - Processing /usr/local/python/3.12.1/lib/python3.12/site-packages/airflow/example_dags/example_branch_operator_decorator.py took 0.074 seconds
[2025-11-17T16:03:28.037+0000] {processor.py:161} INFO - Started process (PID=42773) to work on /usr/local/python/3.12.1/lib/python3.12/site-packages/airflow/example_dags/example_branch_operator_decorator.py
[2025-11-17T16:03:28.038+0000] {processor.py:830} INFO - Processing file /usr/local/python/3.12.1/lib/python3.12/site-packages/airflow/example_dags/example_branch_operator_decorator.py for tasks to queue
[2025-11-17T16:03:28.039+0000] {logging_mixin.py:188} INFO - [2025-11-17T16:03:28.039+0000] {dagbag.py:545} INFO - Filling up the DagBag from /usr/local/python/3.12.1/lib/python3.12/site-packages/airflow/example_dags/example_branch_operator_decorator.py
[2025-11-17T16:03:28.055+0000] {processor.py:840} INFO - DAG(s) 'example_branch_python_operator_decorator' retrieved from /usr/local/python/3.12.1/lib/python3.12/site-packages/airflow/example_dags/example_branch_operator_decorator.py
[2025-11-17T16:03:28.072+0000] {logging_mixin.py:188} INFO - [2025-11-17T16:03:28.072+0000] {dag.py:3096} INFO - Sync 1 DAGs
[2025-11-17T16:03:28.087+0000] {logging_mixin.py:188} INFO - [2025-11-17T16:03:28.087+0000] {dag.py:3954} INFO - Setting next_dagrun for example_branch_python_operator_decorator to 2025-11-16 00:00:00+00:00, run_after=2025-11-17 00:00:00+00:00
[2025-11-17T16:03:28.103+0000] {processor.py:183} INFO - Processing /usr/local/python/3.12.1/lib/python3.12/site-packages/airflow/example_dags/example_branch_operator_decorator.py took 0.070 seconds
[2025-11-17T16:04:28.094+0000] {processor.py:161} INFO - Started process (PID=43563) to work on /usr/local/python/3.12.1/lib/python3.12/site-packages/airflow/example_dags/example_branch_operator_decorator.py
[2025-11-17T16:04:28.094+0000] {processor.py:830} INFO - Processing file /usr/local/python/3.12.1/lib/python3.12/site-packages/airflow/example_dags/example_branch_operator_decorator.py for tasks to queue
[2025-11-17T16:04:28.095+0000] {logging_mixin.py:188} INFO - [2025-11-17T16:04:28.095+0000] {dagbag.py:545} INFO - Filling up the DagBag from /usr/local/python/3.12.1/lib/python3.12/site-packages/airflow/example_dags/example_branch_operator_decorator.py
[2025-11-17T16:04:28.111+0000] {processor.py:840} INFO - DAG(s) 'example_branch_python_operator_decorator' retrieved from /usr/local/python/3.12.1/lib/python3.12/site-packages/airflow/example_dags/example_branch_operator_decorator.py
[2025-11-17T16:04:28.128+0000] {logging_mixin.py:188} INFO - [2025-11-17T16:04:28.128+0000] {dag.py:3096} INFO - Sync 1 DAGs
[2025-11-17T16:04:28.143+0000] {logging_mixin.py:188} INFO - [2025-11-17T16:04:28.143+0000] {dag.py:3954} INFO - Setting next_dagrun for example_branch_python_operator_decorator to 2025-11-16 00:00:00+00:00, run_after=2025-11-17 00:00:00+00:00
[2025-11-17T16:04:28.159+0000] {processor.py:183} INFO - Processing /usr/local/python/3.12.1/lib/python3.12/site-packages/airflow/example_dags/example_branch_operator_decorator.py took 0.070 seconds
[2025-11-17T16:06:37.009+0000] {processor.py:161} INFO - Started process (PID=45598) to work on /usr/local/python/3.12.1/lib/python3.12/site-packages/airflow/example_dags/example_branch_operator_decorator.py
[2025-11-17T16:06:37.011+0000] {processor.py:830} INFO - Processing file /usr/local/python/3.12.1/lib/python3.12/site-packages/airflow/example_dags/example_branch_operator_decorator.py for tasks to queue
[2025-11-17T16:06:37.013+0000] {logging_mixin.py:188} INFO - [2025-11-17T16:06:37.013+0000] {dagbag.py:545} INFO - Filling up the DagBag from /usr/local/python/3.12.1/lib/python3.12/site-packages/airflow/example_dags/example_branch_operator_decorator.py
[2025-11-17T16:06:37.099+0000] {processor.py:840} INFO - DAG(s) 'example_branch_python_operator_decorator' retrieved from /usr/local/python/3.12.1/lib/python3.12/site-packages/airflow/example_dags/example_branch_operator_decorator.py
[2025-11-17T16:06:37.539+0000] {logging_mixin.py:188} INFO - [2025-11-17T16:06:37.538+0000] {dag.py:3096} INFO - Sync 1 DAGs
[2025-11-17T16:06:37.579+0000] {logging_mixin.py:188} INFO - [2025-11-17T16:06:37.579+0000] {dag.py:3954} INFO - Setting next_dagrun for example_branch_python_operator_decorator to 2025-11-16 00:00:00+00:00, run_after=2025-11-17 00:00:00+00:00
[2025-11-17T16:06:37.669+0000] {processor.py:183} INFO - Processing /usr/local/python/3.12.1/lib/python3.12/site-packages/airflow/example_dags/example_branch_operator_decorator.py took 0.683 seconds
[2025-11-17T16:07:27.213+0000] {processor.py:161} INFO - Started process (PID=46689) to work on /usr/local/python/3.12.1/lib/python3.12/site-packages/airflow/example_dags/example_branch_operator_decorator.py
[2025-11-17T16:07:27.214+0000] {processor.py:830} INFO - Processing file /usr/local/python/3.12.1/lib/python3.12/site-packages/airflow/example_dags/example_branch_operator_decorator.py for tasks to queue
[2025-11-17T16:07:27.216+0000] {logging_mixin.py:188} INFO - [2025-11-17T16:07:27.215+0000] {dagbag.py:545} INFO - Filling up the DagBag from /usr/local/python/3.12.1/lib/python3.12/site-packages/airflow/example_dags/example_branch_operator_decorator.py
[2025-11-17T16:07:27.232+0000] {processor.py:840} INFO - DAG(s) 'example_branch_python_operator_decorator' retrieved from /usr/local/python/3.12.1/lib/python3.12/site-packages/airflow/example_dags/example_branch_operator_decorator.py
[2025-11-17T16:07:27.249+0000] {logging_mixin.py:188} INFO - [2025-11-17T16:07:27.249+0000] {dag.py:3096} INFO - Sync 1 DAGs
[2025-11-17T16:07:27.264+0000] {logging_mixin.py:188} INFO - [2025-11-17T16:07:27.264+0000] {dag.py:3954} INFO - Setting next_dagrun for example_branch_python_operator_decorator to 2025-11-16 00:00:00+00:00, run_after=2025-11-17 00:00:00+00:00
[2025-11-17T16:07:27.280+0000] {processor.py:183} INFO - Processing /usr/local/python/3.12.1/lib/python3.12/site-packages/airflow/example_dags/example_branch_operator_decorator.py took 0.071 seconds
[2025-11-17T16:08:23.634+0000] {processor.py:161} INFO - Started process (PID=47487) to work on /usr/local/python/3.12.1/lib/python3.12/site-packages/airflow/example_dags/example_branch_operator_decorator.py
[2025-11-17T16:08:23.634+0000] {processor.py:830} INFO - Processing file /usr/local/python/3.12.1/lib/python3.12/site-packages/airflow/example_dags/example_branch_operator_decorator.py for tasks to queue
[2025-11-17T16:08:23.635+0000] {logging_mixin.py:188} INFO - [2025-11-17T16:08:23.635+0000] {dagbag.py:545} INFO - Filling up the DagBag from /usr/local/python/3.12.1/lib/python3.12/site-packages/airflow/example_dags/example_branch_operator_decorator.py
[2025-11-17T16:08:23.651+0000] {processor.py:840} INFO - DAG(s) 'example_branch_python_operator_decorator' retrieved from /usr/local/python/3.12.1/lib/python3.12/site-packages/airflow/example_dags/example_branch_operator_decorator.py
[2025-11-17T16:08:23.668+0000] {logging_mixin.py:188} INFO - [2025-11-17T16:08:23.668+0000] {dag.py:3096} INFO - Sync 1 DAGs
[2025-11-17T16:08:23.683+0000] {logging_mixin.py:188} INFO - [2025-11-17T16:08:23.683+0000] {dag.py:3954} INFO - Setting next_dagrun for example_branch_python_operator_decorator to 2025-11-16 00:00:00+00:00, run_after=2025-11-17 00:00:00+00:00
[2025-11-17T16:08:23.698+0000] {processor.py:183} INFO - Processing /usr/local/python/3.12.1/lib/python3.12/site-packages/airflow/example_dags/example_branch_operator_decorator.py took 0.068 seconds
[2025-11-17T16:09:24.741+0000] {processor.py:161} INFO - Started process (PID=48384) to work on /usr/local/python/3.12.1/lib/python3.12/site-packages/airflow/example_dags/example_branch_operator_decorator.py
[2025-11-17T16:09:24.747+0000] {processor.py:830} INFO - Processing file /usr/local/python/3.12.1/lib/python3.12/site-packages/airflow/example_dags/example_branch_operator_decorator.py for tasks to queue
[2025-11-17T16:09:24.752+0000] {logging_mixin.py:188} INFO - [2025-11-17T16:09:24.752+0000] {dagbag.py:545} INFO - Filling up the DagBag from /usr/local/python/3.12.1/lib/python3.12/site-packages/airflow/example_dags/example_branch_operator_decorator.py
[2025-11-17T16:09:24.803+0000] {processor.py:840} INFO - DAG(s) 'example_branch_python_operator_decorator' retrieved from /usr/local/python/3.12.1/lib/python3.12/site-packages/airflow/example_dags/example_branch_operator_decorator.py
[2025-11-17T16:09:24.833+0000] {logging_mixin.py:188} INFO - [2025-11-17T16:09:24.832+0000] {dag.py:3096} INFO - Sync 1 DAGs
[2025-11-17T16:09:24.856+0000] {logging_mixin.py:188} INFO - [2025-11-17T16:09:24.856+0000] {dag.py:3954} INFO - Setting next_dagrun for example_branch_python_operator_decorator to 2025-11-16 00:00:00+00:00, run_after=2025-11-17 00:00:00+00:00
[2025-11-17T16:09:24.880+0000] {processor.py:183} INFO - Processing /usr/local/python/3.12.1/lib/python3.12/site-packages/airflow/example_dags/example_branch_operator_decorator.py took 0.156 seconds
[2025-11-17T16:10:24.737+0000] {processor.py:161} INFO - Started process (PID=49263) to work on /usr/local/python/3.12.1/lib/python3.12/site-packages/airflow/example_dags/example_branch_operator_decorator.py
[2025-11-17T16:10:24.738+0000] {processor.py:830} INFO - Processing file /usr/local/python/3.12.1/lib/python3.12/site-packages/airflow/example_dags/example_branch_operator_decorator.py for tasks to queue
[2025-11-17T16:10:24.740+0000] {logging_mixin.py:188} INFO - [2025-11-17T16:10:24.739+0000] {dagbag.py:545} INFO - Filling up the DagBag from /usr/local/python/3.12.1/lib/python3.12/site-packages/airflow/example_dags/example_branch_operator_decorator.py
[2025-11-17T16:10:24.766+0000] {processor.py:840} INFO - DAG(s) 'example_branch_python_operator_decorator' retrieved from /usr/local/python/3.12.1/lib/python3.12/site-packages/airflow/example_dags/example_branch_operator_decorator.py
[2025-11-17T16:10:24.796+0000] {logging_mixin.py:188} INFO - [2025-11-17T16:10:24.796+0000] {dag.py:3096} INFO - Sync 1 DAGs
[2025-11-17T16:10:24.820+0000] {logging_mixin.py:188} INFO - [2025-11-17T16:10:24.820+0000] {dag.py:3954} INFO - Setting next_dagrun for example_branch_python_operator_decorator to 2025-11-16 00:00:00+00:00, run_after=2025-11-17 00:00:00+00:00
[2025-11-17T16:10:24.843+0000] {processor.py:183} INFO - Processing /usr/local/python/3.12.1/lib/python3.12/site-packages/airflow/example_dags/example_branch_operator_decorator.py took 0.111 seconds
