[2025-11-17T15:42:36.820+0000] {processor.py:161} INFO - Started process (PID=28132) to work on /usr/local/python/3.12.1/lib/python3.12/site-packages/airflow/example_dags/example_dynamic_task_mapping.py
[2025-11-17T15:42:36.821+0000] {processor.py:830} INFO - Processing file /usr/local/python/3.12.1/lib/python3.12/site-packages/airflow/example_dags/example_dynamic_task_mapping.py for tasks to queue
[2025-11-17T15:42:36.822+0000] {logging_mixin.py:188} INFO - [2025-11-17T15:42:36.822+0000] {dagbag.py:545} INFO - Filling up the DagBag from /usr/local/python/3.12.1/lib/python3.12/site-packages/airflow/example_dags/example_dynamic_task_mapping.py
[2025-11-17T15:42:36.827+0000] {processor.py:840} INFO - DAG(s) 'example_dynamic_task_mapping' retrieved from /usr/local/python/3.12.1/lib/python3.12/site-packages/airflow/example_dags/example_dynamic_task_mapping.py
[2025-11-17T15:42:36.909+0000] {logging_mixin.py:188} INFO - [2025-11-17T15:42:36.909+0000] {override.py:1829} INFO - Created Permission View: can read on DAG:example_dynamic_task_mapping
[2025-11-17T15:42:36.917+0000] {logging_mixin.py:188} INFO - [2025-11-17T15:42:36.917+0000] {override.py:1829} INFO - Created Permission View: can edit on DAG:example_dynamic_task_mapping
[2025-11-17T15:42:36.923+0000] {logging_mixin.py:188} INFO - [2025-11-17T15:42:36.923+0000] {override.py:1829} INFO - Created Permission View: can delete on DAG:example_dynamic_task_mapping
[2025-11-17T15:42:36.923+0000] {logging_mixin.py:188} INFO - [2025-11-17T15:42:36.923+0000] {dag.py:3096} INFO - Sync 1 DAGs
[2025-11-17T15:42:36.931+0000] {logging_mixin.py:188} INFO - [2025-11-17T15:42:36.931+0000] {dag.py:3118} INFO - Creating ORM DAG for example_dynamic_task_mapping
[2025-11-17T15:42:36.938+0000] {logging_mixin.py:188} INFO - [2025-11-17T15:42:36.937+0000] {dag.py:3954} INFO - Setting next_dagrun for example_dynamic_task_mapping to 2022-03-04 00:00:00+00:00, run_after=2022-03-05 00:00:00+00:00
[2025-11-17T15:42:36.952+0000] {processor.py:183} INFO - Processing /usr/local/python/3.12.1/lib/python3.12/site-packages/airflow/example_dags/example_dynamic_task_mapping.py took 0.135 seconds
[2025-11-17T15:43:29.264+0000] {processor.py:161} INFO - Started process (PID=29212) to work on /usr/local/python/3.12.1/lib/python3.12/site-packages/airflow/example_dags/example_dynamic_task_mapping.py
[2025-11-17T15:43:29.265+0000] {processor.py:830} INFO - Processing file /usr/local/python/3.12.1/lib/python3.12/site-packages/airflow/example_dags/example_dynamic_task_mapping.py for tasks to queue
[2025-11-17T15:43:29.266+0000] {logging_mixin.py:188} INFO - [2025-11-17T15:43:29.266+0000] {dagbag.py:545} INFO - Filling up the DagBag from /usr/local/python/3.12.1/lib/python3.12/site-packages/airflow/example_dags/example_dynamic_task_mapping.py
[2025-11-17T15:43:29.271+0000] {processor.py:840} INFO - DAG(s) 'example_dynamic_task_mapping' retrieved from /usr/local/python/3.12.1/lib/python3.12/site-packages/airflow/example_dags/example_dynamic_task_mapping.py
[2025-11-17T15:43:29.285+0000] {logging_mixin.py:188} INFO - [2025-11-17T15:43:29.285+0000] {dag.py:3096} INFO - Sync 1 DAGs
[2025-11-17T15:43:29.298+0000] {logging_mixin.py:188} INFO - [2025-11-17T15:43:29.298+0000] {dag.py:3954} INFO - Setting next_dagrun for example_dynamic_task_mapping to 2022-03-04 00:00:00+00:00, run_after=2022-03-05 00:00:00+00:00
[2025-11-17T15:43:29.322+0000] {processor.py:183} INFO - Processing /usr/local/python/3.12.1/lib/python3.12/site-packages/airflow/example_dags/example_dynamic_task_mapping.py took 0.062 seconds
[2025-11-17T15:44:25.624+0000] {processor.py:161} INFO - Started process (PID=29719) to work on /usr/local/python/3.12.1/lib/python3.12/site-packages/airflow/example_dags/example_dynamic_task_mapping.py
[2025-11-17T15:44:25.625+0000] {processor.py:830} INFO - Processing file /usr/local/python/3.12.1/lib/python3.12/site-packages/airflow/example_dags/example_dynamic_task_mapping.py for tasks to queue
[2025-11-17T15:44:25.626+0000] {logging_mixin.py:188} INFO - [2025-11-17T15:44:25.626+0000] {dagbag.py:545} INFO - Filling up the DagBag from /usr/local/python/3.12.1/lib/python3.12/site-packages/airflow/example_dags/example_dynamic_task_mapping.py
[2025-11-17T15:44:25.631+0000] {processor.py:840} INFO - DAG(s) 'example_dynamic_task_mapping' retrieved from /usr/local/python/3.12.1/lib/python3.12/site-packages/airflow/example_dags/example_dynamic_task_mapping.py
[2025-11-17T15:44:25.641+0000] {logging_mixin.py:188} INFO - [2025-11-17T15:44:25.641+0000] {dag.py:3096} INFO - Sync 1 DAGs
[2025-11-17T15:44:25.655+0000] {logging_mixin.py:188} INFO - [2025-11-17T15:44:25.655+0000] {dag.py:3954} INFO - Setting next_dagrun for example_dynamic_task_mapping to 2022-03-04 00:00:00+00:00, run_after=2022-03-05 00:00:00+00:00
[2025-11-17T15:44:25.672+0000] {processor.py:183} INFO - Processing /usr/local/python/3.12.1/lib/python3.12/site-packages/airflow/example_dags/example_dynamic_task_mapping.py took 0.051 seconds
[2025-11-17T15:45:13.852+0000] {processor.py:161} INFO - Started process (PID=30676) to work on /usr/local/python/3.12.1/lib/python3.12/site-packages/airflow/example_dags/example_dynamic_task_mapping.py
[2025-11-17T15:45:13.852+0000] {processor.py:830} INFO - Processing file /usr/local/python/3.12.1/lib/python3.12/site-packages/airflow/example_dags/example_dynamic_task_mapping.py for tasks to queue
[2025-11-17T15:45:13.853+0000] {logging_mixin.py:188} INFO - [2025-11-17T15:45:13.853+0000] {dagbag.py:545} INFO - Filling up the DagBag from /usr/local/python/3.12.1/lib/python3.12/site-packages/airflow/example_dags/example_dynamic_task_mapping.py
[2025-11-17T15:45:13.858+0000] {processor.py:840} INFO - DAG(s) 'example_dynamic_task_mapping' retrieved from /usr/local/python/3.12.1/lib/python3.12/site-packages/airflow/example_dags/example_dynamic_task_mapping.py
[2025-11-17T15:45:13.868+0000] {logging_mixin.py:188} INFO - [2025-11-17T15:45:13.868+0000] {dag.py:3096} INFO - Sync 1 DAGs
[2025-11-17T15:45:13.882+0000] {logging_mixin.py:188} INFO - [2025-11-17T15:45:13.882+0000] {dag.py:3954} INFO - Setting next_dagrun for example_dynamic_task_mapping to 2022-03-04 00:00:00+00:00, run_after=2022-03-05 00:00:00+00:00
[2025-11-17T15:45:13.897+0000] {processor.py:183} INFO - Processing /usr/local/python/3.12.1/lib/python3.12/site-packages/airflow/example_dags/example_dynamic_task_mapping.py took 0.049 seconds
[2025-11-17T16:01:11.279+0000] {processor.py:161} INFO - Started process (PID=41082) to work on /usr/local/python/3.12.1/lib/python3.12/site-packages/airflow/example_dags/example_dynamic_task_mapping.py
[2025-11-17T16:01:11.279+0000] {processor.py:830} INFO - Processing file /usr/local/python/3.12.1/lib/python3.12/site-packages/airflow/example_dags/example_dynamic_task_mapping.py for tasks to queue
[2025-11-17T16:01:11.281+0000] {logging_mixin.py:188} INFO - [2025-11-17T16:01:11.280+0000] {dagbag.py:545} INFO - Filling up the DagBag from /usr/local/python/3.12.1/lib/python3.12/site-packages/airflow/example_dags/example_dynamic_task_mapping.py
[2025-11-17T16:01:11.285+0000] {processor.py:840} INFO - DAG(s) 'example_dynamic_task_mapping' retrieved from /usr/local/python/3.12.1/lib/python3.12/site-packages/airflow/example_dags/example_dynamic_task_mapping.py
[2025-11-17T16:01:11.295+0000] {logging_mixin.py:188} INFO - [2025-11-17T16:01:11.295+0000] {dag.py:3096} INFO - Sync 1 DAGs
[2025-11-17T16:01:11.309+0000] {logging_mixin.py:188} INFO - [2025-11-17T16:01:11.309+0000] {dag.py:3954} INFO - Setting next_dagrun for example_dynamic_task_mapping to 2022-03-04 00:00:00+00:00, run_after=2022-03-05 00:00:00+00:00
[2025-11-17T16:01:11.324+0000] {processor.py:183} INFO - Processing /usr/local/python/3.12.1/lib/python3.12/site-packages/airflow/example_dags/example_dynamic_task_mapping.py took 0.049 seconds
[2025-11-17T16:02:02.431+0000] {processor.py:161} INFO - Started process (PID=41694) to work on /usr/local/python/3.12.1/lib/python3.12/site-packages/airflow/example_dags/example_dynamic_task_mapping.py
[2025-11-17T16:02:02.432+0000] {processor.py:830} INFO - Processing file /usr/local/python/3.12.1/lib/python3.12/site-packages/airflow/example_dags/example_dynamic_task_mapping.py for tasks to queue
[2025-11-17T16:02:02.433+0000] {logging_mixin.py:188} INFO - [2025-11-17T16:02:02.433+0000] {dagbag.py:545} INFO - Filling up the DagBag from /usr/local/python/3.12.1/lib/python3.12/site-packages/airflow/example_dags/example_dynamic_task_mapping.py
[2025-11-17T16:02:02.438+0000] {processor.py:840} INFO - DAG(s) 'example_dynamic_task_mapping' retrieved from /usr/local/python/3.12.1/lib/python3.12/site-packages/airflow/example_dags/example_dynamic_task_mapping.py
[2025-11-17T16:02:02.449+0000] {logging_mixin.py:188} INFO - [2025-11-17T16:02:02.449+0000] {dag.py:3096} INFO - Sync 1 DAGs
[2025-11-17T16:02:02.463+0000] {logging_mixin.py:188} INFO - [2025-11-17T16:02:02.463+0000] {dag.py:3954} INFO - Setting next_dagrun for example_dynamic_task_mapping to 2022-03-04 00:00:00+00:00, run_after=2022-03-05 00:00:00+00:00
[2025-11-17T16:02:02.478+0000] {processor.py:183} INFO - Processing /usr/local/python/3.12.1/lib/python3.12/site-packages/airflow/example_dags/example_dynamic_task_mapping.py took 0.051 seconds
[2025-11-17T16:03:05.147+0000] {processor.py:161} INFO - Started process (PID=42557) to work on /usr/local/python/3.12.1/lib/python3.12/site-packages/airflow/example_dags/example_dynamic_task_mapping.py
[2025-11-17T16:03:05.147+0000] {processor.py:830} INFO - Processing file /usr/local/python/3.12.1/lib/python3.12/site-packages/airflow/example_dags/example_dynamic_task_mapping.py for tasks to queue
[2025-11-17T16:03:05.148+0000] {logging_mixin.py:188} INFO - [2025-11-17T16:03:05.148+0000] {dagbag.py:545} INFO - Filling up the DagBag from /usr/local/python/3.12.1/lib/python3.12/site-packages/airflow/example_dags/example_dynamic_task_mapping.py
[2025-11-17T16:03:05.153+0000] {processor.py:840} INFO - DAG(s) 'example_dynamic_task_mapping' retrieved from /usr/local/python/3.12.1/lib/python3.12/site-packages/airflow/example_dags/example_dynamic_task_mapping.py
[2025-11-17T16:03:05.164+0000] {logging_mixin.py:188} INFO - [2025-11-17T16:03:05.164+0000] {dag.py:3096} INFO - Sync 1 DAGs
[2025-11-17T16:03:05.178+0000] {logging_mixin.py:188} INFO - [2025-11-17T16:03:05.177+0000] {dag.py:3954} INFO - Setting next_dagrun for example_dynamic_task_mapping to 2022-03-04 00:00:00+00:00, run_after=2022-03-05 00:00:00+00:00
[2025-11-17T16:03:05.192+0000] {processor.py:183} INFO - Processing /usr/local/python/3.12.1/lib/python3.12/site-packages/airflow/example_dags/example_dynamic_task_mapping.py took 0.049 seconds
[2025-11-17T16:04:06.931+0000] {processor.py:161} INFO - Started process (PID=43306) to work on /usr/local/python/3.12.1/lib/python3.12/site-packages/airflow/example_dags/example_dynamic_task_mapping.py
[2025-11-17T16:04:06.932+0000] {processor.py:830} INFO - Processing file /usr/local/python/3.12.1/lib/python3.12/site-packages/airflow/example_dags/example_dynamic_task_mapping.py for tasks to queue
[2025-11-17T16:04:06.934+0000] {logging_mixin.py:188} INFO - [2025-11-17T16:04:06.934+0000] {dagbag.py:545} INFO - Filling up the DagBag from /usr/local/python/3.12.1/lib/python3.12/site-packages/airflow/example_dags/example_dynamic_task_mapping.py
[2025-11-17T16:04:06.941+0000] {processor.py:840} INFO - DAG(s) 'example_dynamic_task_mapping' retrieved from /usr/local/python/3.12.1/lib/python3.12/site-packages/airflow/example_dags/example_dynamic_task_mapping.py
[2025-11-17T16:04:06.958+0000] {logging_mixin.py:188} INFO - [2025-11-17T16:04:06.957+0000] {dag.py:3096} INFO - Sync 1 DAGs
[2025-11-17T16:04:06.976+0000] {logging_mixin.py:188} INFO - [2025-11-17T16:04:06.975+0000] {dag.py:3954} INFO - Setting next_dagrun for example_dynamic_task_mapping to 2022-03-04 00:00:00+00:00, run_after=2022-03-05 00:00:00+00:00
[2025-11-17T16:04:06.991+0000] {processor.py:183} INFO - Processing /usr/local/python/3.12.1/lib/python3.12/site-packages/airflow/example_dags/example_dynamic_task_mapping.py took 0.066 seconds
[2025-11-17T16:05:08.839+0000] {processor.py:161} INFO - Started process (PID=44115) to work on /usr/local/python/3.12.1/lib/python3.12/site-packages/airflow/example_dags/example_dynamic_task_mapping.py
[2025-11-17T16:05:08.840+0000] {processor.py:830} INFO - Processing file /usr/local/python/3.12.1/lib/python3.12/site-packages/airflow/example_dags/example_dynamic_task_mapping.py for tasks to queue
[2025-11-17T16:05:08.841+0000] {logging_mixin.py:188} INFO - [2025-11-17T16:05:08.841+0000] {dagbag.py:545} INFO - Filling up the DagBag from /usr/local/python/3.12.1/lib/python3.12/site-packages/airflow/example_dags/example_dynamic_task_mapping.py
[2025-11-17T16:05:08.845+0000] {processor.py:840} INFO - DAG(s) 'example_dynamic_task_mapping' retrieved from /usr/local/python/3.12.1/lib/python3.12/site-packages/airflow/example_dags/example_dynamic_task_mapping.py
[2025-11-17T16:05:08.856+0000] {logging_mixin.py:188} INFO - [2025-11-17T16:05:08.856+0000] {dag.py:3096} INFO - Sync 1 DAGs
[2025-11-17T16:05:08.870+0000] {logging_mixin.py:188} INFO - [2025-11-17T16:05:08.869+0000] {dag.py:3954} INFO - Setting next_dagrun for example_dynamic_task_mapping to 2022-03-04 00:00:00+00:00, run_after=2022-03-05 00:00:00+00:00
[2025-11-17T16:05:08.886+0000] {processor.py:183} INFO - Processing /usr/local/python/3.12.1/lib/python3.12/site-packages/airflow/example_dags/example_dynamic_task_mapping.py took 0.051 seconds
[2025-11-17T16:06:27.587+0000] {processor.py:161} INFO - Started process (PID=45112) to work on /usr/local/python/3.12.1/lib/python3.12/site-packages/airflow/example_dags/example_dynamic_task_mapping.py
[2025-11-17T16:06:27.587+0000] {processor.py:830} INFO - Processing file /usr/local/python/3.12.1/lib/python3.12/site-packages/airflow/example_dags/example_dynamic_task_mapping.py for tasks to queue
[2025-11-17T16:06:27.589+0000] {logging_mixin.py:188} INFO - [2025-11-17T16:06:27.589+0000] {dagbag.py:545} INFO - Filling up the DagBag from /usr/local/python/3.12.1/lib/python3.12/site-packages/airflow/example_dags/example_dynamic_task_mapping.py
[2025-11-17T16:06:27.594+0000] {processor.py:840} INFO - DAG(s) 'example_dynamic_task_mapping' retrieved from /usr/local/python/3.12.1/lib/python3.12/site-packages/airflow/example_dags/example_dynamic_task_mapping.py
[2025-11-17T16:06:27.604+0000] {logging_mixin.py:188} INFO - [2025-11-17T16:06:27.604+0000] {dag.py:3096} INFO - Sync 1 DAGs
[2025-11-17T16:06:27.618+0000] {logging_mixin.py:188} INFO - [2025-11-17T16:06:27.617+0000] {dag.py:3954} INFO - Setting next_dagrun for example_dynamic_task_mapping to 2022-03-04 00:00:00+00:00, run_after=2022-03-05 00:00:00+00:00
[2025-11-17T16:06:27.640+0000] {processor.py:183} INFO - Processing /usr/local/python/3.12.1/lib/python3.12/site-packages/airflow/example_dags/example_dynamic_task_mapping.py took 0.057 seconds
[2025-11-17T16:07:19.185+0000] {processor.py:161} INFO - Started process (PID=46559) to work on /usr/local/python/3.12.1/lib/python3.12/site-packages/airflow/example_dags/example_dynamic_task_mapping.py
[2025-11-17T16:07:19.186+0000] {processor.py:830} INFO - Processing file /usr/local/python/3.12.1/lib/python3.12/site-packages/airflow/example_dags/example_dynamic_task_mapping.py for tasks to queue
[2025-11-17T16:07:19.187+0000] {logging_mixin.py:188} INFO - [2025-11-17T16:07:19.187+0000] {dagbag.py:545} INFO - Filling up the DagBag from /usr/local/python/3.12.1/lib/python3.12/site-packages/airflow/example_dags/example_dynamic_task_mapping.py
[2025-11-17T16:07:19.193+0000] {processor.py:840} INFO - DAG(s) 'example_dynamic_task_mapping' retrieved from /usr/local/python/3.12.1/lib/python3.12/site-packages/airflow/example_dags/example_dynamic_task_mapping.py
[2025-11-17T16:07:19.204+0000] {logging_mixin.py:188} INFO - [2025-11-17T16:07:19.204+0000] {dag.py:3096} INFO - Sync 1 DAGs
[2025-11-17T16:07:19.218+0000] {logging_mixin.py:188} INFO - [2025-11-17T16:07:19.217+0000] {dag.py:3954} INFO - Setting next_dagrun for example_dynamic_task_mapping to 2022-03-04 00:00:00+00:00, run_after=2022-03-05 00:00:00+00:00
[2025-11-17T16:07:19.233+0000] {processor.py:183} INFO - Processing /usr/local/python/3.12.1/lib/python3.12/site-packages/airflow/example_dags/example_dynamic_task_mapping.py took 0.053 seconds
[2025-11-17T16:08:14.633+0000] {processor.py:161} INFO - Started process (PID=47371) to work on /usr/local/python/3.12.1/lib/python3.12/site-packages/airflow/example_dags/example_dynamic_task_mapping.py
[2025-11-17T16:08:14.634+0000] {processor.py:830} INFO - Processing file /usr/local/python/3.12.1/lib/python3.12/site-packages/airflow/example_dags/example_dynamic_task_mapping.py for tasks to queue
[2025-11-17T16:08:14.635+0000] {logging_mixin.py:188} INFO - [2025-11-17T16:08:14.635+0000] {dagbag.py:545} INFO - Filling up the DagBag from /usr/local/python/3.12.1/lib/python3.12/site-packages/airflow/example_dags/example_dynamic_task_mapping.py
[2025-11-17T16:08:14.640+0000] {processor.py:840} INFO - DAG(s) 'example_dynamic_task_mapping' retrieved from /usr/local/python/3.12.1/lib/python3.12/site-packages/airflow/example_dags/example_dynamic_task_mapping.py
[2025-11-17T16:08:14.650+0000] {logging_mixin.py:188} INFO - [2025-11-17T16:08:14.650+0000] {dag.py:3096} INFO - Sync 1 DAGs
[2025-11-17T16:08:14.664+0000] {logging_mixin.py:188} INFO - [2025-11-17T16:08:14.664+0000] {dag.py:3954} INFO - Setting next_dagrun for example_dynamic_task_mapping to 2022-03-04 00:00:00+00:00, run_after=2022-03-05 00:00:00+00:00
[2025-11-17T16:08:14.679+0000] {processor.py:183} INFO - Processing /usr/local/python/3.12.1/lib/python3.12/site-packages/airflow/example_dags/example_dynamic_task_mapping.py took 0.050 seconds
[2025-11-17T16:09:04.185+0000] {processor.py:161} INFO - Started process (PID=48084) to work on /usr/local/python/3.12.1/lib/python3.12/site-packages/airflow/example_dags/example_dynamic_task_mapping.py
[2025-11-17T16:09:04.185+0000] {processor.py:830} INFO - Processing file /usr/local/python/3.12.1/lib/python3.12/site-packages/airflow/example_dags/example_dynamic_task_mapping.py for tasks to queue
[2025-11-17T16:09:04.187+0000] {logging_mixin.py:188} INFO - [2025-11-17T16:09:04.187+0000] {dagbag.py:545} INFO - Filling up the DagBag from /usr/local/python/3.12.1/lib/python3.12/site-packages/airflow/example_dags/example_dynamic_task_mapping.py
[2025-11-17T16:09:04.194+0000] {processor.py:840} INFO - DAG(s) 'example_dynamic_task_mapping' retrieved from /usr/local/python/3.12.1/lib/python3.12/site-packages/airflow/example_dags/example_dynamic_task_mapping.py
[2025-11-17T16:09:04.213+0000] {logging_mixin.py:188} INFO - [2025-11-17T16:09:04.212+0000] {dag.py:3096} INFO - Sync 1 DAGs
[2025-11-17T16:09:04.227+0000] {logging_mixin.py:188} INFO - [2025-11-17T16:09:04.227+0000] {dag.py:3954} INFO - Setting next_dagrun for example_dynamic_task_mapping to 2022-03-04 00:00:00+00:00, run_after=2022-03-05 00:00:00+00:00
[2025-11-17T16:09:04.244+0000] {processor.py:183} INFO - Processing /usr/local/python/3.12.1/lib/python3.12/site-packages/airflow/example_dags/example_dynamic_task_mapping.py took 0.065 seconds
[2025-11-17T16:10:04.915+0000] {processor.py:161} INFO - Started process (PID=49126) to work on /usr/local/python/3.12.1/lib/python3.12/site-packages/airflow/example_dags/example_dynamic_task_mapping.py
[2025-11-17T16:10:04.916+0000] {processor.py:830} INFO - Processing file /usr/local/python/3.12.1/lib/python3.12/site-packages/airflow/example_dags/example_dynamic_task_mapping.py for tasks to queue
[2025-11-17T16:10:04.918+0000] {logging_mixin.py:188} INFO - [2025-11-17T16:10:04.917+0000] {dagbag.py:545} INFO - Filling up the DagBag from /usr/local/python/3.12.1/lib/python3.12/site-packages/airflow/example_dags/example_dynamic_task_mapping.py
[2025-11-17T16:10:04.923+0000] {processor.py:840} INFO - DAG(s) 'example_dynamic_task_mapping' retrieved from /usr/local/python/3.12.1/lib/python3.12/site-packages/airflow/example_dags/example_dynamic_task_mapping.py
[2025-11-17T16:10:04.939+0000] {logging_mixin.py:188} INFO - [2025-11-17T16:10:04.939+0000] {dag.py:3096} INFO - Sync 1 DAGs
[2025-11-17T16:10:04.960+0000] {logging_mixin.py:188} INFO - [2025-11-17T16:10:04.959+0000] {dag.py:3954} INFO - Setting next_dagrun for example_dynamic_task_mapping to 2022-03-04 00:00:00+00:00, run_after=2022-03-05 00:00:00+00:00
[2025-11-17T16:10:04.982+0000] {processor.py:183} INFO - Processing /usr/local/python/3.12.1/lib/python3.12/site-packages/airflow/example_dags/example_dynamic_task_mapping.py took 0.072 seconds
