[2025-11-17T15:42:46.083+0000] {processor.py:161} INFO - Started process (PID=28256) to work on /usr/local/python/3.12.1/lib/python3.12/site-packages/airflow/example_dags/example_complex.py
[2025-11-17T15:42:46.084+0000] {processor.py:830} INFO - Processing file /usr/local/python/3.12.1/lib/python3.12/site-packages/airflow/example_dags/example_complex.py for tasks to queue
[2025-11-17T15:42:46.085+0000] {logging_mixin.py:188} INFO - [2025-11-17T15:42:46.085+0000] {dagbag.py:545} INFO - Filling up the DagBag from /usr/local/python/3.12.1/lib/python3.12/site-packages/airflow/example_dags/example_complex.py
[2025-11-17T15:42:46.092+0000] {processor.py:840} INFO - DAG(s) 'example_complex' retrieved from /usr/local/python/3.12.1/lib/python3.12/site-packages/airflow/example_dags/example_complex.py
[2025-11-17T15:42:46.183+0000] {logging_mixin.py:188} INFO - [2025-11-17T15:42:46.183+0000] {override.py:1829} INFO - Created Permission View: can read on DAG:example_complex
[2025-11-17T15:42:46.192+0000] {logging_mixin.py:188} INFO - [2025-11-17T15:42:46.192+0000] {override.py:1829} INFO - Created Permission View: can edit on DAG:example_complex
[2025-11-17T15:42:46.198+0000] {logging_mixin.py:188} INFO - [2025-11-17T15:42:46.197+0000] {override.py:1829} INFO - Created Permission View: can delete on DAG:example_complex
[2025-11-17T15:42:46.198+0000] {logging_mixin.py:188} INFO - [2025-11-17T15:42:46.198+0000] {dag.py:3096} INFO - Sync 1 DAGs
[2025-11-17T15:42:46.206+0000] {logging_mixin.py:188} INFO - [2025-11-17T15:42:46.205+0000] {dag.py:3118} INFO - Creating ORM DAG for example_complex
[2025-11-17T15:42:46.206+0000] {logging_mixin.py:188} INFO - [2025-11-17T15:42:46.206+0000] {dag.py:3954} INFO - Setting next_dagrun for example_complex to None, run_after=None
[2025-11-17T15:42:46.222+0000] {processor.py:183} INFO - Processing /usr/local/python/3.12.1/lib/python3.12/site-packages/airflow/example_dags/example_complex.py took 0.143 seconds
[2025-11-17T15:43:37.166+0000] {processor.py:161} INFO - Started process (PID=29298) to work on /usr/local/python/3.12.1/lib/python3.12/site-packages/airflow/example_dags/example_complex.py
[2025-11-17T15:43:37.167+0000] {processor.py:830} INFO - Processing file /usr/local/python/3.12.1/lib/python3.12/site-packages/airflow/example_dags/example_complex.py for tasks to queue
[2025-11-17T15:43:37.169+0000] {logging_mixin.py:188} INFO - [2025-11-17T15:43:37.168+0000] {dagbag.py:545} INFO - Filling up the DagBag from /usr/local/python/3.12.1/lib/python3.12/site-packages/airflow/example_dags/example_complex.py
[2025-11-17T15:43:37.181+0000] {processor.py:840} INFO - DAG(s) 'example_complex' retrieved from /usr/local/python/3.12.1/lib/python3.12/site-packages/airflow/example_dags/example_complex.py
[2025-11-17T15:43:37.208+0000] {logging_mixin.py:188} INFO - [2025-11-17T15:43:37.208+0000] {dag.py:3096} INFO - Sync 1 DAGs
[2025-11-17T15:43:37.219+0000] {logging_mixin.py:188} INFO - [2025-11-17T15:43:37.219+0000] {dag.py:3954} INFO - Setting next_dagrun for example_complex to None, run_after=None
[2025-11-17T15:43:37.235+0000] {processor.py:183} INFO - Processing /usr/local/python/3.12.1/lib/python3.12/site-packages/airflow/example_dags/example_complex.py took 0.075 seconds
[2025-11-17T15:44:33.643+0000] {processor.py:161} INFO - Started process (PID=29816) to work on /usr/local/python/3.12.1/lib/python3.12/site-packages/airflow/example_dags/example_complex.py
[2025-11-17T15:44:33.644+0000] {processor.py:830} INFO - Processing file /usr/local/python/3.12.1/lib/python3.12/site-packages/airflow/example_dags/example_complex.py for tasks to queue
[2025-11-17T15:44:33.645+0000] {logging_mixin.py:188} INFO - [2025-11-17T15:44:33.645+0000] {dagbag.py:545} INFO - Filling up the DagBag from /usr/local/python/3.12.1/lib/python3.12/site-packages/airflow/example_dags/example_complex.py
[2025-11-17T15:44:33.652+0000] {processor.py:840} INFO - DAG(s) 'example_complex' retrieved from /usr/local/python/3.12.1/lib/python3.12/site-packages/airflow/example_dags/example_complex.py
[2025-11-17T15:44:33.672+0000] {logging_mixin.py:188} INFO - [2025-11-17T15:44:33.672+0000] {dag.py:3096} INFO - Sync 1 DAGs
[2025-11-17T15:44:33.680+0000] {logging_mixin.py:188} INFO - [2025-11-17T15:44:33.680+0000] {dag.py:3954} INFO - Setting next_dagrun for example_complex to None, run_after=None
[2025-11-17T15:44:33.696+0000] {processor.py:183} INFO - Processing /usr/local/python/3.12.1/lib/python3.12/site-packages/airflow/example_dags/example_complex.py took 0.056 seconds
[2025-11-17T15:45:33.002+0000] {processor.py:161} INFO - Started process (PID=30861) to work on /usr/local/python/3.12.1/lib/python3.12/site-packages/airflow/example_dags/example_complex.py
[2025-11-17T15:45:33.003+0000] {processor.py:830} INFO - Processing file /usr/local/python/3.12.1/lib/python3.12/site-packages/airflow/example_dags/example_complex.py for tasks to queue
[2025-11-17T15:45:33.004+0000] {logging_mixin.py:188} INFO - [2025-11-17T15:45:33.004+0000] {dagbag.py:545} INFO - Filling up the DagBag from /usr/local/python/3.12.1/lib/python3.12/site-packages/airflow/example_dags/example_complex.py
[2025-11-17T15:45:33.011+0000] {processor.py:840} INFO - DAG(s) 'example_complex' retrieved from /usr/local/python/3.12.1/lib/python3.12/site-packages/airflow/example_dags/example_complex.py
[2025-11-17T15:45:33.031+0000] {logging_mixin.py:188} INFO - [2025-11-17T15:45:33.031+0000] {dag.py:3096} INFO - Sync 1 DAGs
[2025-11-17T15:45:33.039+0000] {logging_mixin.py:188} INFO - [2025-11-17T15:45:33.039+0000] {dag.py:3954} INFO - Setting next_dagrun for example_complex to None, run_after=None
[2025-11-17T15:45:33.059+0000] {processor.py:183} INFO - Processing /usr/local/python/3.12.1/lib/python3.12/site-packages/airflow/example_dags/example_complex.py took 0.061 seconds
[2025-11-17T16:01:19.152+0000] {processor.py:161} INFO - Started process (PID=41190) to work on /usr/local/python/3.12.1/lib/python3.12/site-packages/airflow/example_dags/example_complex.py
[2025-11-17T16:01:19.152+0000] {processor.py:830} INFO - Processing file /usr/local/python/3.12.1/lib/python3.12/site-packages/airflow/example_dags/example_complex.py for tasks to queue
[2025-11-17T16:01:19.153+0000] {logging_mixin.py:188} INFO - [2025-11-17T16:01:19.153+0000] {dagbag.py:545} INFO - Filling up the DagBag from /usr/local/python/3.12.1/lib/python3.12/site-packages/airflow/example_dags/example_complex.py
[2025-11-17T16:01:19.161+0000] {processor.py:840} INFO - DAG(s) 'example_complex' retrieved from /usr/local/python/3.12.1/lib/python3.12/site-packages/airflow/example_dags/example_complex.py
[2025-11-17T16:01:19.185+0000] {logging_mixin.py:188} INFO - [2025-11-17T16:01:19.184+0000] {dag.py:3096} INFO - Sync 1 DAGs
[2025-11-17T16:01:19.204+0000] {logging_mixin.py:188} INFO - [2025-11-17T16:01:19.203+0000] {dag.py:3954} INFO - Setting next_dagrun for example_complex to None, run_after=None
[2025-11-17T16:01:19.230+0000] {processor.py:183} INFO - Processing /usr/local/python/3.12.1/lib/python3.12/site-packages/airflow/example_dags/example_complex.py took 0.083 seconds
[2025-11-17T16:02:21.842+0000] {processor.py:161} INFO - Started process (PID=41923) to work on /usr/local/python/3.12.1/lib/python3.12/site-packages/airflow/example_dags/example_complex.py
[2025-11-17T16:02:21.842+0000] {processor.py:830} INFO - Processing file /usr/local/python/3.12.1/lib/python3.12/site-packages/airflow/example_dags/example_complex.py for tasks to queue
[2025-11-17T16:02:21.844+0000] {logging_mixin.py:188} INFO - [2025-11-17T16:02:21.843+0000] {dagbag.py:545} INFO - Filling up the DagBag from /usr/local/python/3.12.1/lib/python3.12/site-packages/airflow/example_dags/example_complex.py
[2025-11-17T16:02:21.851+0000] {processor.py:840} INFO - DAG(s) 'example_complex' retrieved from /usr/local/python/3.12.1/lib/python3.12/site-packages/airflow/example_dags/example_complex.py
[2025-11-17T16:02:21.872+0000] {logging_mixin.py:188} INFO - [2025-11-17T16:02:21.872+0000] {dag.py:3096} INFO - Sync 1 DAGs
[2025-11-17T16:02:21.881+0000] {logging_mixin.py:188} INFO - [2025-11-17T16:02:21.881+0000] {dag.py:3954} INFO - Setting next_dagrun for example_complex to None, run_after=None
[2025-11-17T16:02:21.898+0000] {processor.py:183} INFO - Processing /usr/local/python/3.12.1/lib/python3.12/site-packages/airflow/example_dags/example_complex.py took 0.061 seconds
[2025-11-17T16:03:26.908+0000] {processor.py:161} INFO - Started process (PID=42746) to work on /usr/local/python/3.12.1/lib/python3.12/site-packages/airflow/example_dags/example_complex.py
[2025-11-17T16:03:26.908+0000] {processor.py:830} INFO - Processing file /usr/local/python/3.12.1/lib/python3.12/site-packages/airflow/example_dags/example_complex.py for tasks to queue
[2025-11-17T16:03:26.910+0000] {logging_mixin.py:188} INFO - [2025-11-17T16:03:26.909+0000] {dagbag.py:545} INFO - Filling up the DagBag from /usr/local/python/3.12.1/lib/python3.12/site-packages/airflow/example_dags/example_complex.py
[2025-11-17T16:03:26.917+0000] {processor.py:840} INFO - DAG(s) 'example_complex' retrieved from /usr/local/python/3.12.1/lib/python3.12/site-packages/airflow/example_dags/example_complex.py
[2025-11-17T16:03:26.936+0000] {logging_mixin.py:188} INFO - [2025-11-17T16:03:26.936+0000] {dag.py:3096} INFO - Sync 1 DAGs
[2025-11-17T16:03:26.945+0000] {logging_mixin.py:188} INFO - [2025-11-17T16:03:26.944+0000] {dag.py:3954} INFO - Setting next_dagrun for example_complex to None, run_after=None
[2025-11-17T16:03:26.963+0000] {processor.py:183} INFO - Processing /usr/local/python/3.12.1/lib/python3.12/site-packages/airflow/example_dags/example_complex.py took 0.060 seconds
[2025-11-17T16:04:26.963+0000] {processor.py:161} INFO - Started process (PID=43560) to work on /usr/local/python/3.12.1/lib/python3.12/site-packages/airflow/example_dags/example_complex.py
[2025-11-17T16:04:26.964+0000] {processor.py:830} INFO - Processing file /usr/local/python/3.12.1/lib/python3.12/site-packages/airflow/example_dags/example_complex.py for tasks to queue
[2025-11-17T16:04:26.965+0000] {logging_mixin.py:188} INFO - [2025-11-17T16:04:26.965+0000] {dagbag.py:545} INFO - Filling up the DagBag from /usr/local/python/3.12.1/lib/python3.12/site-packages/airflow/example_dags/example_complex.py
[2025-11-17T16:04:26.972+0000] {processor.py:840} INFO - DAG(s) 'example_complex' retrieved from /usr/local/python/3.12.1/lib/python3.12/site-packages/airflow/example_dags/example_complex.py
[2025-11-17T16:04:26.992+0000] {logging_mixin.py:188} INFO - [2025-11-17T16:04:26.992+0000] {dag.py:3096} INFO - Sync 1 DAGs
[2025-11-17T16:04:27.000+0000] {logging_mixin.py:188} INFO - [2025-11-17T16:04:27.000+0000] {dag.py:3954} INFO - Setting next_dagrun for example_complex to None, run_after=None
[2025-11-17T16:04:27.017+0000] {processor.py:183} INFO - Processing /usr/local/python/3.12.1/lib/python3.12/site-packages/airflow/example_dags/example_complex.py took 0.058 seconds
[2025-11-17T16:06:36.516+0000] {processor.py:161} INFO - Started process (PID=45586) to work on /usr/local/python/3.12.1/lib/python3.12/site-packages/airflow/example_dags/example_complex.py
[2025-11-17T16:06:36.519+0000] {processor.py:830} INFO - Processing file /usr/local/python/3.12.1/lib/python3.12/site-packages/airflow/example_dags/example_complex.py for tasks to queue
[2025-11-17T16:06:36.523+0000] {logging_mixin.py:188} INFO - [2025-11-17T16:06:36.522+0000] {dagbag.py:545} INFO - Filling up the DagBag from /usr/local/python/3.12.1/lib/python3.12/site-packages/airflow/example_dags/example_complex.py
[2025-11-17T16:06:36.547+0000] {processor.py:840} INFO - DAG(s) 'example_complex' retrieved from /usr/local/python/3.12.1/lib/python3.12/site-packages/airflow/example_dags/example_complex.py
[2025-11-17T16:06:36.619+0000] {logging_mixin.py:188} INFO - [2025-11-17T16:06:36.618+0000] {dag.py:3096} INFO - Sync 1 DAGs
[2025-11-17T16:06:36.646+0000] {logging_mixin.py:188} INFO - [2025-11-17T16:06:36.646+0000] {dag.py:3954} INFO - Setting next_dagrun for example_complex to None, run_after=None
[2025-11-17T16:06:36.756+0000] {processor.py:183} INFO - Processing /usr/local/python/3.12.1/lib/python3.12/site-packages/airflow/example_dags/example_complex.py took 0.254 seconds
[2025-11-17T16:07:26.045+0000] {processor.py:161} INFO - Started process (PID=46680) to work on /usr/local/python/3.12.1/lib/python3.12/site-packages/airflow/example_dags/example_complex.py
[2025-11-17T16:07:26.046+0000] {processor.py:830} INFO - Processing file /usr/local/python/3.12.1/lib/python3.12/site-packages/airflow/example_dags/example_complex.py for tasks to queue
[2025-11-17T16:07:26.047+0000] {logging_mixin.py:188} INFO - [2025-11-17T16:07:26.047+0000] {dagbag.py:545} INFO - Filling up the DagBag from /usr/local/python/3.12.1/lib/python3.12/site-packages/airflow/example_dags/example_complex.py
[2025-11-17T16:07:26.054+0000] {processor.py:840} INFO - DAG(s) 'example_complex' retrieved from /usr/local/python/3.12.1/lib/python3.12/site-packages/airflow/example_dags/example_complex.py
[2025-11-17T16:07:26.074+0000] {logging_mixin.py:188} INFO - [2025-11-17T16:07:26.074+0000] {dag.py:3096} INFO - Sync 1 DAGs
[2025-11-17T16:07:26.082+0000] {logging_mixin.py:188} INFO - [2025-11-17T16:07:26.082+0000] {dag.py:3954} INFO - Setting next_dagrun for example_complex to None, run_after=None
[2025-11-17T16:07:26.099+0000] {processor.py:183} INFO - Processing /usr/local/python/3.12.1/lib/python3.12/site-packages/airflow/example_dags/example_complex.py took 0.058 seconds
[2025-11-17T16:08:22.675+0000] {processor.py:161} INFO - Started process (PID=47480) to work on /usr/local/python/3.12.1/lib/python3.12/site-packages/airflow/example_dags/example_complex.py
[2025-11-17T16:08:22.676+0000] {processor.py:830} INFO - Processing file /usr/local/python/3.12.1/lib/python3.12/site-packages/airflow/example_dags/example_complex.py for tasks to queue
[2025-11-17T16:08:22.678+0000] {logging_mixin.py:188} INFO - [2025-11-17T16:08:22.677+0000] {dagbag.py:545} INFO - Filling up the DagBag from /usr/local/python/3.12.1/lib/python3.12/site-packages/airflow/example_dags/example_complex.py
[2025-11-17T16:08:22.689+0000] {processor.py:840} INFO - DAG(s) 'example_complex' retrieved from /usr/local/python/3.12.1/lib/python3.12/site-packages/airflow/example_dags/example_complex.py
[2025-11-17T16:08:22.724+0000] {logging_mixin.py:188} INFO - [2025-11-17T16:08:22.723+0000] {dag.py:3096} INFO - Sync 1 DAGs
[2025-11-17T16:08:22.732+0000] {logging_mixin.py:188} INFO - [2025-11-17T16:08:22.732+0000] {dag.py:3954} INFO - Setting next_dagrun for example_complex to None, run_after=None
[2025-11-17T16:08:22.749+0000] {processor.py:183} INFO - Processing /usr/local/python/3.12.1/lib/python3.12/site-packages/airflow/example_dags/example_complex.py took 0.080 seconds
[2025-11-17T16:09:24.306+0000] {processor.py:161} INFO - Started process (PID=48376) to work on /usr/local/python/3.12.1/lib/python3.12/site-packages/airflow/example_dags/example_complex.py
[2025-11-17T16:09:24.307+0000] {processor.py:830} INFO - Processing file /usr/local/python/3.12.1/lib/python3.12/site-packages/airflow/example_dags/example_complex.py for tasks to queue
[2025-11-17T16:09:24.309+0000] {logging_mixin.py:188} INFO - [2025-11-17T16:09:24.309+0000] {dagbag.py:545} INFO - Filling up the DagBag from /usr/local/python/3.12.1/lib/python3.12/site-packages/airflow/example_dags/example_complex.py
[2025-11-17T16:09:24.325+0000] {processor.py:840} INFO - DAG(s) 'example_complex' retrieved from /usr/local/python/3.12.1/lib/python3.12/site-packages/airflow/example_dags/example_complex.py
[2025-11-17T16:09:24.372+0000] {logging_mixin.py:188} INFO - [2025-11-17T16:09:24.372+0000] {dag.py:3096} INFO - Sync 1 DAGs
[2025-11-17T16:09:24.387+0000] {logging_mixin.py:188} INFO - [2025-11-17T16:09:24.386+0000] {dag.py:3954} INFO - Setting next_dagrun for example_complex to None, run_after=None
[2025-11-17T16:09:24.415+0000] {processor.py:183} INFO - Processing /usr/local/python/3.12.1/lib/python3.12/site-packages/airflow/example_dags/example_complex.py took 0.115 seconds
[2025-11-17T16:10:23.598+0000] {processor.py:161} INFO - Started process (PID=49255) to work on /usr/local/python/3.12.1/lib/python3.12/site-packages/airflow/example_dags/example_complex.py
[2025-11-17T16:10:23.598+0000] {processor.py:830} INFO - Processing file /usr/local/python/3.12.1/lib/python3.12/site-packages/airflow/example_dags/example_complex.py for tasks to queue
[2025-11-17T16:10:23.600+0000] {logging_mixin.py:188} INFO - [2025-11-17T16:10:23.599+0000] {dagbag.py:545} INFO - Filling up the DagBag from /usr/local/python/3.12.1/lib/python3.12/site-packages/airflow/example_dags/example_complex.py
[2025-11-17T16:10:23.607+0000] {processor.py:840} INFO - DAG(s) 'example_complex' retrieved from /usr/local/python/3.12.1/lib/python3.12/site-packages/airflow/example_dags/example_complex.py
[2025-11-17T16:10:23.628+0000] {logging_mixin.py:188} INFO - [2025-11-17T16:10:23.628+0000] {dag.py:3096} INFO - Sync 1 DAGs
[2025-11-17T16:10:23.636+0000] {logging_mixin.py:188} INFO - [2025-11-17T16:10:23.636+0000] {dag.py:3954} INFO - Setting next_dagrun for example_complex to None, run_after=None
[2025-11-17T16:10:23.652+0000] {processor.py:183} INFO - Processing /usr/local/python/3.12.1/lib/python3.12/site-packages/airflow/example_dags/example_complex.py took 0.058 seconds
[2025-11-17T16:11:23.604+0000] {processor.py:161} INFO - Started process (PID=50233) to work on /usr/local/python/3.12.1/lib/python3.12/site-packages/airflow/example_dags/example_complex.py
[2025-11-17T16:11:23.605+0000] {processor.py:830} INFO - Processing file /usr/local/python/3.12.1/lib/python3.12/site-packages/airflow/example_dags/example_complex.py for tasks to queue
[2025-11-17T16:11:23.606+0000] {logging_mixin.py:188} INFO - [2025-11-17T16:11:23.606+0000] {dagbag.py:545} INFO - Filling up the DagBag from /usr/local/python/3.12.1/lib/python3.12/site-packages/airflow/example_dags/example_complex.py
[2025-11-17T16:11:23.614+0000] {processor.py:840} INFO - DAG(s) 'example_complex' retrieved from /usr/local/python/3.12.1/lib/python3.12/site-packages/airflow/example_dags/example_complex.py
[2025-11-17T16:11:23.728+0000] {logging_mixin.py:188} INFO - [2025-11-17T16:11:23.727+0000] {dag.py:3096} INFO - Sync 1 DAGs
[2025-11-17T16:11:23.735+0000] {logging_mixin.py:188} INFO - [2025-11-17T16:11:23.734+0000] {dag.py:3954} INFO - Setting next_dagrun for example_complex to None, run_after=None
[2025-11-17T16:11:23.757+0000] {processor.py:183} INFO - Processing /usr/local/python/3.12.1/lib/python3.12/site-packages/airflow/example_dags/example_complex.py took 0.157 seconds
[2025-11-17T16:12:30.820+0000] {processor.py:161} INFO - Started process (PID=50788) to work on /usr/local/python/3.12.1/lib/python3.12/site-packages/airflow/example_dags/example_complex.py
[2025-11-17T16:12:30.821+0000] {processor.py:830} INFO - Processing file /usr/local/python/3.12.1/lib/python3.12/site-packages/airflow/example_dags/example_complex.py for tasks to queue
[2025-11-17T16:12:30.822+0000] {logging_mixin.py:188} INFO - [2025-11-17T16:12:30.822+0000] {dagbag.py:545} INFO - Filling up the DagBag from /usr/local/python/3.12.1/lib/python3.12/site-packages/airflow/example_dags/example_complex.py
[2025-11-17T16:12:30.830+0000] {processor.py:840} INFO - DAG(s) 'example_complex' retrieved from /usr/local/python/3.12.1/lib/python3.12/site-packages/airflow/example_dags/example_complex.py
[2025-11-17T16:12:30.850+0000] {logging_mixin.py:188} INFO - [2025-11-17T16:12:30.850+0000] {dag.py:3096} INFO - Sync 1 DAGs
[2025-11-17T16:12:30.858+0000] {logging_mixin.py:188} INFO - [2025-11-17T16:12:30.858+0000] {dag.py:3954} INFO - Setting next_dagrun for example_complex to None, run_after=None
[2025-11-17T16:12:30.874+0000] {processor.py:183} INFO - Processing /usr/local/python/3.12.1/lib/python3.12/site-packages/airflow/example_dags/example_complex.py took 0.058 seconds
[2025-11-17T16:13:37.448+0000] {processor.py:161} INFO - Started process (PID=51293) to work on /usr/local/python/3.12.1/lib/python3.12/site-packages/airflow/example_dags/example_complex.py
[2025-11-17T16:13:37.448+0000] {processor.py:830} INFO - Processing file /usr/local/python/3.12.1/lib/python3.12/site-packages/airflow/example_dags/example_complex.py for tasks to queue
[2025-11-17T16:13:37.450+0000] {logging_mixin.py:188} INFO - [2025-11-17T16:13:37.449+0000] {dagbag.py:545} INFO - Filling up the DagBag from /usr/local/python/3.12.1/lib/python3.12/site-packages/airflow/example_dags/example_complex.py
[2025-11-17T16:13:37.457+0000] {processor.py:840} INFO - DAG(s) 'example_complex' retrieved from /usr/local/python/3.12.1/lib/python3.12/site-packages/airflow/example_dags/example_complex.py
[2025-11-17T16:13:37.477+0000] {logging_mixin.py:188} INFO - [2025-11-17T16:13:37.477+0000] {dag.py:3096} INFO - Sync 1 DAGs
[2025-11-17T16:13:37.486+0000] {logging_mixin.py:188} INFO - [2025-11-17T16:13:37.486+0000] {dag.py:3954} INFO - Setting next_dagrun for example_complex to None, run_after=None
[2025-11-17T16:13:37.502+0000] {processor.py:183} INFO - Processing /usr/local/python/3.12.1/lib/python3.12/site-packages/airflow/example_dags/example_complex.py took 0.059 seconds
[2025-11-17T16:14:36.645+0000] {processor.py:161} INFO - Started process (PID=51766) to work on /usr/local/python/3.12.1/lib/python3.12/site-packages/airflow/example_dags/example_complex.py
[2025-11-17T16:14:36.646+0000] {processor.py:830} INFO - Processing file /usr/local/python/3.12.1/lib/python3.12/site-packages/airflow/example_dags/example_complex.py for tasks to queue
[2025-11-17T16:14:36.648+0000] {logging_mixin.py:188} INFO - [2025-11-17T16:14:36.647+0000] {dagbag.py:545} INFO - Filling up the DagBag from /usr/local/python/3.12.1/lib/python3.12/site-packages/airflow/example_dags/example_complex.py
[2025-11-17T16:14:36.659+0000] {processor.py:840} INFO - DAG(s) 'example_complex' retrieved from /usr/local/python/3.12.1/lib/python3.12/site-packages/airflow/example_dags/example_complex.py
[2025-11-17T16:14:36.688+0000] {logging_mixin.py:188} INFO - [2025-11-17T16:14:36.687+0000] {dag.py:3096} INFO - Sync 1 DAGs
[2025-11-17T16:14:36.698+0000] {logging_mixin.py:188} INFO - [2025-11-17T16:14:36.698+0000] {dag.py:3954} INFO - Setting next_dagrun for example_complex to None, run_after=None
[2025-11-17T16:14:36.724+0000] {processor.py:183} INFO - Processing /usr/local/python/3.12.1/lib/python3.12/site-packages/airflow/example_dags/example_complex.py took 0.083 seconds
[2025-11-17T16:15:35.928+0000] {processor.py:161} INFO - Started process (PID=52235) to work on /usr/local/python/3.12.1/lib/python3.12/site-packages/airflow/example_dags/example_complex.py
[2025-11-17T16:15:35.929+0000] {processor.py:830} INFO - Processing file /usr/local/python/3.12.1/lib/python3.12/site-packages/airflow/example_dags/example_complex.py for tasks to queue
[2025-11-17T16:15:35.930+0000] {logging_mixin.py:188} INFO - [2025-11-17T16:15:35.930+0000] {dagbag.py:545} INFO - Filling up the DagBag from /usr/local/python/3.12.1/lib/python3.12/site-packages/airflow/example_dags/example_complex.py
[2025-11-17T16:15:35.938+0000] {processor.py:840} INFO - DAG(s) 'example_complex' retrieved from /usr/local/python/3.12.1/lib/python3.12/site-packages/airflow/example_dags/example_complex.py
[2025-11-17T16:15:35.958+0000] {logging_mixin.py:188} INFO - [2025-11-17T16:15:35.958+0000] {dag.py:3096} INFO - Sync 1 DAGs
[2025-11-17T16:15:35.967+0000] {logging_mixin.py:188} INFO - [2025-11-17T16:15:35.966+0000] {dag.py:3954} INFO - Setting next_dagrun for example_complex to None, run_after=None
[2025-11-17T16:15:35.983+0000] {processor.py:183} INFO - Processing /usr/local/python/3.12.1/lib/python3.12/site-packages/airflow/example_dags/example_complex.py took 0.059 seconds
[2025-11-17T16:16:28.685+0000] {processor.py:161} INFO - Started process (PID=52699) to work on /usr/local/python/3.12.1/lib/python3.12/site-packages/airflow/example_dags/example_complex.py
[2025-11-17T16:16:28.685+0000] {processor.py:830} INFO - Processing file /usr/local/python/3.12.1/lib/python3.12/site-packages/airflow/example_dags/example_complex.py for tasks to queue
[2025-11-17T16:16:28.687+0000] {logging_mixin.py:188} INFO - [2025-11-17T16:16:28.686+0000] {dagbag.py:545} INFO - Filling up the DagBag from /usr/local/python/3.12.1/lib/python3.12/site-packages/airflow/example_dags/example_complex.py
[2025-11-17T16:16:28.694+0000] {processor.py:840} INFO - DAG(s) 'example_complex' retrieved from /usr/local/python/3.12.1/lib/python3.12/site-packages/airflow/example_dags/example_complex.py
[2025-11-17T16:16:28.715+0000] {logging_mixin.py:188} INFO - [2025-11-17T16:16:28.714+0000] {dag.py:3096} INFO - Sync 1 DAGs
[2025-11-17T16:16:28.724+0000] {logging_mixin.py:188} INFO - [2025-11-17T16:16:28.723+0000] {dag.py:3954} INFO - Setting next_dagrun for example_complex to None, run_after=None
[2025-11-17T16:16:28.740+0000] {processor.py:183} INFO - Processing /usr/local/python/3.12.1/lib/python3.12/site-packages/airflow/example_dags/example_complex.py took 0.059 seconds
[2025-11-17T16:17:27.818+0000] {processor.py:161} INFO - Started process (PID=53168) to work on /usr/local/python/3.12.1/lib/python3.12/site-packages/airflow/example_dags/example_complex.py
[2025-11-17T16:17:27.819+0000] {processor.py:830} INFO - Processing file /usr/local/python/3.12.1/lib/python3.12/site-packages/airflow/example_dags/example_complex.py for tasks to queue
[2025-11-17T16:17:27.820+0000] {logging_mixin.py:188} INFO - [2025-11-17T16:17:27.820+0000] {dagbag.py:545} INFO - Filling up the DagBag from /usr/local/python/3.12.1/lib/python3.12/site-packages/airflow/example_dags/example_complex.py
[2025-11-17T16:17:27.828+0000] {processor.py:840} INFO - DAG(s) 'example_complex' retrieved from /usr/local/python/3.12.1/lib/python3.12/site-packages/airflow/example_dags/example_complex.py
[2025-11-17T16:17:27.848+0000] {logging_mixin.py:188} INFO - [2025-11-17T16:17:27.847+0000] {dag.py:3096} INFO - Sync 1 DAGs
[2025-11-17T16:17:27.857+0000] {logging_mixin.py:188} INFO - [2025-11-17T16:17:27.857+0000] {dag.py:3954} INFO - Setting next_dagrun for example_complex to None, run_after=None
[2025-11-17T16:17:27.873+0000] {processor.py:183} INFO - Processing /usr/local/python/3.12.1/lib/python3.12/site-packages/airflow/example_dags/example_complex.py took 0.059 seconds
[2025-11-17T16:18:27.065+0000] {processor.py:161} INFO - Started process (PID=53632) to work on /usr/local/python/3.12.1/lib/python3.12/site-packages/airflow/example_dags/example_complex.py
[2025-11-17T16:18:27.065+0000] {processor.py:830} INFO - Processing file /usr/local/python/3.12.1/lib/python3.12/site-packages/airflow/example_dags/example_complex.py for tasks to queue
[2025-11-17T16:18:27.067+0000] {logging_mixin.py:188} INFO - [2025-11-17T16:18:27.066+0000] {dagbag.py:545} INFO - Filling up the DagBag from /usr/local/python/3.12.1/lib/python3.12/site-packages/airflow/example_dags/example_complex.py
[2025-11-17T16:18:27.074+0000] {processor.py:840} INFO - DAG(s) 'example_complex' retrieved from /usr/local/python/3.12.1/lib/python3.12/site-packages/airflow/example_dags/example_complex.py
[2025-11-17T16:18:27.093+0000] {logging_mixin.py:188} INFO - [2025-11-17T16:18:27.093+0000] {dag.py:3096} INFO - Sync 1 DAGs
[2025-11-17T16:18:27.101+0000] {logging_mixin.py:188} INFO - [2025-11-17T16:18:27.101+0000] {dag.py:3954} INFO - Setting next_dagrun for example_complex to None, run_after=None
[2025-11-17T16:18:27.119+0000] {processor.py:183} INFO - Processing /usr/local/python/3.12.1/lib/python3.12/site-packages/airflow/example_dags/example_complex.py took 0.058 seconds
[2025-11-17T16:19:24.991+0000] {processor.py:161} INFO - Started process (PID=54092) to work on /usr/local/python/3.12.1/lib/python3.12/site-packages/airflow/example_dags/example_complex.py
[2025-11-17T16:19:24.992+0000] {processor.py:830} INFO - Processing file /usr/local/python/3.12.1/lib/python3.12/site-packages/airflow/example_dags/example_complex.py for tasks to queue
[2025-11-17T16:19:24.993+0000] {logging_mixin.py:188} INFO - [2025-11-17T16:19:24.993+0000] {dagbag.py:545} INFO - Filling up the DagBag from /usr/local/python/3.12.1/lib/python3.12/site-packages/airflow/example_dags/example_complex.py
[2025-11-17T16:19:25.001+0000] {processor.py:840} INFO - DAG(s) 'example_complex' retrieved from /usr/local/python/3.12.1/lib/python3.12/site-packages/airflow/example_dags/example_complex.py
[2025-11-17T16:19:25.020+0000] {logging_mixin.py:188} INFO - [2025-11-17T16:19:25.020+0000] {dag.py:3096} INFO - Sync 1 DAGs
[2025-11-17T16:19:25.029+0000] {logging_mixin.py:188} INFO - [2025-11-17T16:19:25.029+0000] {dag.py:3954} INFO - Setting next_dagrun for example_complex to None, run_after=None
[2025-11-17T16:19:25.045+0000] {processor.py:183} INFO - Processing /usr/local/python/3.12.1/lib/python3.12/site-packages/airflow/example_dags/example_complex.py took 0.058 seconds
[2025-11-17T16:20:24.339+0000] {processor.py:161} INFO - Started process (PID=54544) to work on /usr/local/python/3.12.1/lib/python3.12/site-packages/airflow/example_dags/example_complex.py
[2025-11-17T16:20:24.339+0000] {processor.py:830} INFO - Processing file /usr/local/python/3.12.1/lib/python3.12/site-packages/airflow/example_dags/example_complex.py for tasks to queue
[2025-11-17T16:20:24.340+0000] {logging_mixin.py:188} INFO - [2025-11-17T16:20:24.340+0000] {dagbag.py:545} INFO - Filling up the DagBag from /usr/local/python/3.12.1/lib/python3.12/site-packages/airflow/example_dags/example_complex.py
[2025-11-17T16:20:24.348+0000] {processor.py:840} INFO - DAG(s) 'example_complex' retrieved from /usr/local/python/3.12.1/lib/python3.12/site-packages/airflow/example_dags/example_complex.py
[2025-11-17T16:20:24.368+0000] {logging_mixin.py:188} INFO - [2025-11-17T16:20:24.367+0000] {dag.py:3096} INFO - Sync 1 DAGs
[2025-11-17T16:20:24.376+0000] {logging_mixin.py:188} INFO - [2025-11-17T16:20:24.376+0000] {dag.py:3954} INFO - Setting next_dagrun for example_complex to None, run_after=None
[2025-11-17T16:20:24.393+0000] {processor.py:183} INFO - Processing /usr/local/python/3.12.1/lib/python3.12/site-packages/airflow/example_dags/example_complex.py took 0.058 seconds
[2025-11-17T16:21:25.424+0000] {processor.py:161} INFO - Started process (PID=55070) to work on /usr/local/python/3.12.1/lib/python3.12/site-packages/airflow/example_dags/example_complex.py
[2025-11-17T16:21:25.425+0000] {processor.py:830} INFO - Processing file /usr/local/python/3.12.1/lib/python3.12/site-packages/airflow/example_dags/example_complex.py for tasks to queue
[2025-11-17T16:21:25.426+0000] {logging_mixin.py:188} INFO - [2025-11-17T16:21:25.426+0000] {dagbag.py:545} INFO - Filling up the DagBag from /usr/local/python/3.12.1/lib/python3.12/site-packages/airflow/example_dags/example_complex.py
[2025-11-17T16:21:25.434+0000] {processor.py:840} INFO - DAG(s) 'example_complex' retrieved from /usr/local/python/3.12.1/lib/python3.12/site-packages/airflow/example_dags/example_complex.py
[2025-11-17T16:21:25.454+0000] {logging_mixin.py:188} INFO - [2025-11-17T16:21:25.454+0000] {dag.py:3096} INFO - Sync 1 DAGs
[2025-11-17T16:21:25.464+0000] {logging_mixin.py:188} INFO - [2025-11-17T16:21:25.464+0000] {dag.py:3954} INFO - Setting next_dagrun for example_complex to None, run_after=None
[2025-11-17T16:21:25.482+0000] {processor.py:183} INFO - Processing /usr/local/python/3.12.1/lib/python3.12/site-packages/airflow/example_dags/example_complex.py took 0.062 seconds
[2025-11-17T16:22:26.210+0000] {processor.py:161} INFO - Started process (PID=55551) to work on /usr/local/python/3.12.1/lib/python3.12/site-packages/airflow/example_dags/example_complex.py
[2025-11-17T16:22:26.210+0000] {processor.py:830} INFO - Processing file /usr/local/python/3.12.1/lib/python3.12/site-packages/airflow/example_dags/example_complex.py for tasks to queue
[2025-11-17T16:22:26.212+0000] {logging_mixin.py:188} INFO - [2025-11-17T16:22:26.211+0000] {dagbag.py:545} INFO - Filling up the DagBag from /usr/local/python/3.12.1/lib/python3.12/site-packages/airflow/example_dags/example_complex.py
[2025-11-17T16:22:26.219+0000] {processor.py:840} INFO - DAG(s) 'example_complex' retrieved from /usr/local/python/3.12.1/lib/python3.12/site-packages/airflow/example_dags/example_complex.py
[2025-11-17T16:22:26.238+0000] {logging_mixin.py:188} INFO - [2025-11-17T16:22:26.238+0000] {dag.py:3096} INFO - Sync 1 DAGs
[2025-11-17T16:22:26.247+0000] {logging_mixin.py:188} INFO - [2025-11-17T16:22:26.247+0000] {dag.py:3954} INFO - Setting next_dagrun for example_complex to None, run_after=None
[2025-11-17T16:22:26.263+0000] {processor.py:183} INFO - Processing /usr/local/python/3.12.1/lib/python3.12/site-packages/airflow/example_dags/example_complex.py took 0.057 seconds
[2025-11-17T16:23:25.821+0000] {processor.py:161} INFO - Started process (PID=56022) to work on /usr/local/python/3.12.1/lib/python3.12/site-packages/airflow/example_dags/example_complex.py
[2025-11-17T16:23:25.821+0000] {processor.py:830} INFO - Processing file /usr/local/python/3.12.1/lib/python3.12/site-packages/airflow/example_dags/example_complex.py for tasks to queue
[2025-11-17T16:23:25.822+0000] {logging_mixin.py:188} INFO - [2025-11-17T16:23:25.822+0000] {dagbag.py:545} INFO - Filling up the DagBag from /usr/local/python/3.12.1/lib/python3.12/site-packages/airflow/example_dags/example_complex.py
[2025-11-17T16:23:25.830+0000] {processor.py:840} INFO - DAG(s) 'example_complex' retrieved from /usr/local/python/3.12.1/lib/python3.12/site-packages/airflow/example_dags/example_complex.py
[2025-11-17T16:23:25.851+0000] {logging_mixin.py:188} INFO - [2025-11-17T16:23:25.850+0000] {dag.py:3096} INFO - Sync 1 DAGs
[2025-11-17T16:23:25.859+0000] {logging_mixin.py:188} INFO - [2025-11-17T16:23:25.859+0000] {dag.py:3954} INFO - Setting next_dagrun for example_complex to None, run_after=None
[2025-11-17T16:23:25.875+0000] {processor.py:183} INFO - Processing /usr/local/python/3.12.1/lib/python3.12/site-packages/airflow/example_dags/example_complex.py took 0.059 seconds
[2025-11-17T16:24:29.876+0000] {processor.py:161} INFO - Started process (PID=56538) to work on /usr/local/python/3.12.1/lib/python3.12/site-packages/airflow/example_dags/example_complex.py
[2025-11-17T16:24:29.876+0000] {processor.py:830} INFO - Processing file /usr/local/python/3.12.1/lib/python3.12/site-packages/airflow/example_dags/example_complex.py for tasks to queue
[2025-11-17T16:24:29.878+0000] {logging_mixin.py:188} INFO - [2025-11-17T16:24:29.877+0000] {dagbag.py:545} INFO - Filling up the DagBag from /usr/local/python/3.12.1/lib/python3.12/site-packages/airflow/example_dags/example_complex.py
[2025-11-17T16:24:29.885+0000] {processor.py:840} INFO - DAG(s) 'example_complex' retrieved from /usr/local/python/3.12.1/lib/python3.12/site-packages/airflow/example_dags/example_complex.py
[2025-11-17T16:24:29.905+0000] {logging_mixin.py:188} INFO - [2025-11-17T16:24:29.905+0000] {dag.py:3096} INFO - Sync 1 DAGs
[2025-11-17T16:24:29.913+0000] {logging_mixin.py:188} INFO - [2025-11-17T16:24:29.913+0000] {dag.py:3954} INFO - Setting next_dagrun for example_complex to None, run_after=None
[2025-11-17T16:24:29.929+0000] {processor.py:183} INFO - Processing /usr/local/python/3.12.1/lib/python3.12/site-packages/airflow/example_dags/example_complex.py took 0.057 seconds
[2025-11-17T16:25:26.439+0000] {processor.py:161} INFO - Started process (PID=56975) to work on /usr/local/python/3.12.1/lib/python3.12/site-packages/airflow/example_dags/example_complex.py
[2025-11-17T16:25:26.440+0000] {processor.py:830} INFO - Processing file /usr/local/python/3.12.1/lib/python3.12/site-packages/airflow/example_dags/example_complex.py for tasks to queue
[2025-11-17T16:25:26.441+0000] {logging_mixin.py:188} INFO - [2025-11-17T16:25:26.441+0000] {dagbag.py:545} INFO - Filling up the DagBag from /usr/local/python/3.12.1/lib/python3.12/site-packages/airflow/example_dags/example_complex.py
[2025-11-17T16:25:26.449+0000] {processor.py:840} INFO - DAG(s) 'example_complex' retrieved from /usr/local/python/3.12.1/lib/python3.12/site-packages/airflow/example_dags/example_complex.py
[2025-11-17T16:25:26.469+0000] {logging_mixin.py:188} INFO - [2025-11-17T16:25:26.468+0000] {dag.py:3096} INFO - Sync 1 DAGs
[2025-11-17T16:25:26.477+0000] {logging_mixin.py:188} INFO - [2025-11-17T16:25:26.477+0000] {dag.py:3954} INFO - Setting next_dagrun for example_complex to None, run_after=None
[2025-11-17T16:25:26.493+0000] {processor.py:183} INFO - Processing /usr/local/python/3.12.1/lib/python3.12/site-packages/airflow/example_dags/example_complex.py took 0.058 seconds
[2025-11-17T16:26:26.875+0000] {processor.py:161} INFO - Started process (PID=57493) to work on /usr/local/python/3.12.1/lib/python3.12/site-packages/airflow/example_dags/example_complex.py
[2025-11-17T16:26:26.876+0000] {processor.py:830} INFO - Processing file /usr/local/python/3.12.1/lib/python3.12/site-packages/airflow/example_dags/example_complex.py for tasks to queue
[2025-11-17T16:26:26.877+0000] {logging_mixin.py:188} INFO - [2025-11-17T16:26:26.877+0000] {dagbag.py:545} INFO - Filling up the DagBag from /usr/local/python/3.12.1/lib/python3.12/site-packages/airflow/example_dags/example_complex.py
[2025-11-17T16:26:26.885+0000] {processor.py:840} INFO - DAG(s) 'example_complex' retrieved from /usr/local/python/3.12.1/lib/python3.12/site-packages/airflow/example_dags/example_complex.py
[2025-11-17T16:26:26.905+0000] {logging_mixin.py:188} INFO - [2025-11-17T16:26:26.905+0000] {dag.py:3096} INFO - Sync 1 DAGs
[2025-11-17T16:26:26.913+0000] {logging_mixin.py:188} INFO - [2025-11-17T16:26:26.913+0000] {dag.py:3954} INFO - Setting next_dagrun for example_complex to None, run_after=None
[2025-11-17T16:26:26.929+0000] {processor.py:183} INFO - Processing /usr/local/python/3.12.1/lib/python3.12/site-packages/airflow/example_dags/example_complex.py took 0.059 seconds
[2025-11-17T16:27:28.481+0000] {processor.py:161} INFO - Started process (PID=57981) to work on /usr/local/python/3.12.1/lib/python3.12/site-packages/airflow/example_dags/example_complex.py
[2025-11-17T16:27:28.481+0000] {processor.py:830} INFO - Processing file /usr/local/python/3.12.1/lib/python3.12/site-packages/airflow/example_dags/example_complex.py for tasks to queue
[2025-11-17T16:27:28.483+0000] {logging_mixin.py:188} INFO - [2025-11-17T16:27:28.483+0000] {dagbag.py:545} INFO - Filling up the DagBag from /usr/local/python/3.12.1/lib/python3.12/site-packages/airflow/example_dags/example_complex.py
[2025-11-17T16:27:28.496+0000] {processor.py:840} INFO - DAG(s) 'example_complex' retrieved from /usr/local/python/3.12.1/lib/python3.12/site-packages/airflow/example_dags/example_complex.py
[2025-11-17T16:27:28.525+0000] {logging_mixin.py:188} INFO - [2025-11-17T16:27:28.525+0000] {dag.py:3096} INFO - Sync 1 DAGs
[2025-11-17T16:27:28.534+0000] {logging_mixin.py:188} INFO - [2025-11-17T16:27:28.534+0000] {dag.py:3954} INFO - Setting next_dagrun for example_complex to None, run_after=None
[2025-11-17T16:27:28.550+0000] {processor.py:183} INFO - Processing /usr/local/python/3.12.1/lib/python3.12/site-packages/airflow/example_dags/example_complex.py took 0.075 seconds
[2025-11-17T16:28:24.048+0000] {processor.py:161} INFO - Started process (PID=58432) to work on /usr/local/python/3.12.1/lib/python3.12/site-packages/airflow/example_dags/example_complex.py
[2025-11-17T16:28:24.048+0000] {processor.py:830} INFO - Processing file /usr/local/python/3.12.1/lib/python3.12/site-packages/airflow/example_dags/example_complex.py for tasks to queue
[2025-11-17T16:28:24.049+0000] {logging_mixin.py:188} INFO - [2025-11-17T16:28:24.049+0000] {dagbag.py:545} INFO - Filling up the DagBag from /usr/local/python/3.12.1/lib/python3.12/site-packages/airflow/example_dags/example_complex.py
[2025-11-17T16:28:24.057+0000] {processor.py:840} INFO - DAG(s) 'example_complex' retrieved from /usr/local/python/3.12.1/lib/python3.12/site-packages/airflow/example_dags/example_complex.py
[2025-11-17T16:28:24.076+0000] {logging_mixin.py:188} INFO - [2025-11-17T16:28:24.076+0000] {dag.py:3096} INFO - Sync 1 DAGs
[2025-11-17T16:28:24.084+0000] {logging_mixin.py:188} INFO - [2025-11-17T16:28:24.084+0000] {dag.py:3954} INFO - Setting next_dagrun for example_complex to None, run_after=None
[2025-11-17T16:28:24.101+0000] {processor.py:183} INFO - Processing /usr/local/python/3.12.1/lib/python3.12/site-packages/airflow/example_dags/example_complex.py took 0.057 seconds
[2025-11-17T16:29:21.771+0000] {processor.py:161} INFO - Started process (PID=58869) to work on /usr/local/python/3.12.1/lib/python3.12/site-packages/airflow/example_dags/example_complex.py
[2025-11-17T16:29:21.772+0000] {processor.py:830} INFO - Processing file /usr/local/python/3.12.1/lib/python3.12/site-packages/airflow/example_dags/example_complex.py for tasks to queue
[2025-11-17T16:29:21.773+0000] {logging_mixin.py:188} INFO - [2025-11-17T16:29:21.773+0000] {dagbag.py:545} INFO - Filling up the DagBag from /usr/local/python/3.12.1/lib/python3.12/site-packages/airflow/example_dags/example_complex.py
[2025-11-17T16:29:21.780+0000] {processor.py:840} INFO - DAG(s) 'example_complex' retrieved from /usr/local/python/3.12.1/lib/python3.12/site-packages/airflow/example_dags/example_complex.py
[2025-11-17T16:29:21.800+0000] {logging_mixin.py:188} INFO - [2025-11-17T16:29:21.800+0000] {dag.py:3096} INFO - Sync 1 DAGs
[2025-11-17T16:29:21.808+0000] {logging_mixin.py:188} INFO - [2025-11-17T16:29:21.808+0000] {dag.py:3954} INFO - Setting next_dagrun for example_complex to None, run_after=None
[2025-11-17T16:29:21.825+0000] {processor.py:183} INFO - Processing /usr/local/python/3.12.1/lib/python3.12/site-packages/airflow/example_dags/example_complex.py took 0.060 seconds
[2025-11-17T16:30:18.931+0000] {processor.py:161} INFO - Started process (PID=59331) to work on /usr/local/python/3.12.1/lib/python3.12/site-packages/airflow/example_dags/example_complex.py
[2025-11-17T16:30:18.932+0000] {processor.py:830} INFO - Processing file /usr/local/python/3.12.1/lib/python3.12/site-packages/airflow/example_dags/example_complex.py for tasks to queue
[2025-11-17T16:30:18.933+0000] {logging_mixin.py:188} INFO - [2025-11-17T16:30:18.933+0000] {dagbag.py:545} INFO - Filling up the DagBag from /usr/local/python/3.12.1/lib/python3.12/site-packages/airflow/example_dags/example_complex.py
[2025-11-17T16:30:18.941+0000] {processor.py:840} INFO - DAG(s) 'example_complex' retrieved from /usr/local/python/3.12.1/lib/python3.12/site-packages/airflow/example_dags/example_complex.py
[2025-11-17T16:30:18.961+0000] {logging_mixin.py:188} INFO - [2025-11-17T16:30:18.960+0000] {dag.py:3096} INFO - Sync 1 DAGs
[2025-11-17T16:30:18.969+0000] {logging_mixin.py:188} INFO - [2025-11-17T16:30:18.969+0000] {dag.py:3954} INFO - Setting next_dagrun for example_complex to None, run_after=None
[2025-11-17T16:30:18.986+0000] {processor.py:183} INFO - Processing /usr/local/python/3.12.1/lib/python3.12/site-packages/airflow/example_dags/example_complex.py took 0.059 seconds
[2025-11-17T16:31:19.126+0000] {processor.py:161} INFO - Started process (PID=59844) to work on /usr/local/python/3.12.1/lib/python3.12/site-packages/airflow/example_dags/example_complex.py
[2025-11-17T16:31:19.127+0000] {processor.py:830} INFO - Processing file /usr/local/python/3.12.1/lib/python3.12/site-packages/airflow/example_dags/example_complex.py for tasks to queue
[2025-11-17T16:31:19.128+0000] {logging_mixin.py:188} INFO - [2025-11-17T16:31:19.128+0000] {dagbag.py:545} INFO - Filling up the DagBag from /usr/local/python/3.12.1/lib/python3.12/site-packages/airflow/example_dags/example_complex.py
[2025-11-17T16:31:19.135+0000] {processor.py:840} INFO - DAG(s) 'example_complex' retrieved from /usr/local/python/3.12.1/lib/python3.12/site-packages/airflow/example_dags/example_complex.py
[2025-11-17T16:31:19.155+0000] {logging_mixin.py:188} INFO - [2025-11-17T16:31:19.155+0000] {dag.py:3096} INFO - Sync 1 DAGs
[2025-11-17T16:31:19.164+0000] {logging_mixin.py:188} INFO - [2025-11-17T16:31:19.164+0000] {dag.py:3954} INFO - Setting next_dagrun for example_complex to None, run_after=None
[2025-11-17T16:31:19.180+0000] {processor.py:183} INFO - Processing /usr/local/python/3.12.1/lib/python3.12/site-packages/airflow/example_dags/example_complex.py took 0.058 seconds
[2025-11-17T16:32:17.980+0000] {processor.py:161} INFO - Started process (PID=60308) to work on /usr/local/python/3.12.1/lib/python3.12/site-packages/airflow/example_dags/example_complex.py
[2025-11-17T16:32:17.980+0000] {processor.py:830} INFO - Processing file /usr/local/python/3.12.1/lib/python3.12/site-packages/airflow/example_dags/example_complex.py for tasks to queue
[2025-11-17T16:32:17.981+0000] {logging_mixin.py:188} INFO - [2025-11-17T16:32:17.981+0000] {dagbag.py:545} INFO - Filling up the DagBag from /usr/local/python/3.12.1/lib/python3.12/site-packages/airflow/example_dags/example_complex.py
[2025-11-17T16:32:17.989+0000] {processor.py:840} INFO - DAG(s) 'example_complex' retrieved from /usr/local/python/3.12.1/lib/python3.12/site-packages/airflow/example_dags/example_complex.py
[2025-11-17T16:32:18.017+0000] {logging_mixin.py:188} INFO - [2025-11-17T16:32:18.016+0000] {dag.py:3096} INFO - Sync 1 DAGs
[2025-11-17T16:32:18.035+0000] {logging_mixin.py:188} INFO - [2025-11-17T16:32:18.035+0000] {dag.py:3954} INFO - Setting next_dagrun for example_complex to None, run_after=None
[2025-11-17T16:32:18.058+0000] {processor.py:183} INFO - Processing /usr/local/python/3.12.1/lib/python3.12/site-packages/airflow/example_dags/example_complex.py took 0.082 seconds
[2025-11-17T16:33:21.126+0000] {processor.py:161} INFO - Started process (PID=60803) to work on /usr/local/python/3.12.1/lib/python3.12/site-packages/airflow/example_dags/example_complex.py
[2025-11-17T16:33:21.127+0000] {processor.py:830} INFO - Processing file /usr/local/python/3.12.1/lib/python3.12/site-packages/airflow/example_dags/example_complex.py for tasks to queue
[2025-11-17T16:33:21.128+0000] {logging_mixin.py:188} INFO - [2025-11-17T16:33:21.128+0000] {dagbag.py:545} INFO - Filling up the DagBag from /usr/local/python/3.12.1/lib/python3.12/site-packages/airflow/example_dags/example_complex.py
[2025-11-17T16:33:21.135+0000] {processor.py:840} INFO - DAG(s) 'example_complex' retrieved from /usr/local/python/3.12.1/lib/python3.12/site-packages/airflow/example_dags/example_complex.py
[2025-11-17T16:33:21.155+0000] {logging_mixin.py:188} INFO - [2025-11-17T16:33:21.155+0000] {dag.py:3096} INFO - Sync 1 DAGs
[2025-11-17T16:33:21.164+0000] {logging_mixin.py:188} INFO - [2025-11-17T16:33:21.164+0000] {dag.py:3954} INFO - Setting next_dagrun for example_complex to None, run_after=None
[2025-11-17T16:33:21.180+0000] {processor.py:183} INFO - Processing /usr/local/python/3.12.1/lib/python3.12/site-packages/airflow/example_dags/example_complex.py took 0.058 seconds
[2025-11-17T16:34:20.310+0000] {processor.py:161} INFO - Started process (PID=61275) to work on /usr/local/python/3.12.1/lib/python3.12/site-packages/airflow/example_dags/example_complex.py
[2025-11-17T16:34:20.311+0000] {processor.py:830} INFO - Processing file /usr/local/python/3.12.1/lib/python3.12/site-packages/airflow/example_dags/example_complex.py for tasks to queue
[2025-11-17T16:34:20.313+0000] {logging_mixin.py:188} INFO - [2025-11-17T16:34:20.312+0000] {dagbag.py:545} INFO - Filling up the DagBag from /usr/local/python/3.12.1/lib/python3.12/site-packages/airflow/example_dags/example_complex.py
[2025-11-17T16:34:20.321+0000] {processor.py:840} INFO - DAG(s) 'example_complex' retrieved from /usr/local/python/3.12.1/lib/python3.12/site-packages/airflow/example_dags/example_complex.py
[2025-11-17T16:34:20.342+0000] {logging_mixin.py:188} INFO - [2025-11-17T16:34:20.341+0000] {dag.py:3096} INFO - Sync 1 DAGs
[2025-11-17T16:34:20.350+0000] {logging_mixin.py:188} INFO - [2025-11-17T16:34:20.350+0000] {dag.py:3954} INFO - Setting next_dagrun for example_complex to None, run_after=None
[2025-11-17T16:34:20.370+0000] {processor.py:183} INFO - Processing /usr/local/python/3.12.1/lib/python3.12/site-packages/airflow/example_dags/example_complex.py took 0.064 seconds
[2025-11-17T16:35:18.358+0000] {processor.py:161} INFO - Started process (PID=61715) to work on /usr/local/python/3.12.1/lib/python3.12/site-packages/airflow/example_dags/example_complex.py
[2025-11-17T16:35:18.359+0000] {processor.py:830} INFO - Processing file /usr/local/python/3.12.1/lib/python3.12/site-packages/airflow/example_dags/example_complex.py for tasks to queue
[2025-11-17T16:35:18.361+0000] {logging_mixin.py:188} INFO - [2025-11-17T16:35:18.360+0000] {dagbag.py:545} INFO - Filling up the DagBag from /usr/local/python/3.12.1/lib/python3.12/site-packages/airflow/example_dags/example_complex.py
[2025-11-17T16:35:18.374+0000] {processor.py:840} INFO - DAG(s) 'example_complex' retrieved from /usr/local/python/3.12.1/lib/python3.12/site-packages/airflow/example_dags/example_complex.py
[2025-11-17T16:35:18.410+0000] {logging_mixin.py:188} INFO - [2025-11-17T16:35:18.410+0000] {dag.py:3096} INFO - Sync 1 DAGs
[2025-11-17T16:35:18.423+0000] {logging_mixin.py:188} INFO - [2025-11-17T16:35:18.423+0000] {dag.py:3954} INFO - Setting next_dagrun for example_complex to None, run_after=None
[2025-11-17T16:35:18.444+0000] {processor.py:183} INFO - Processing /usr/local/python/3.12.1/lib/python3.12/site-packages/airflow/example_dags/example_complex.py took 0.090 seconds
[2025-11-17T16:36:10.980+0000] {processor.py:161} INFO - Started process (PID=62197) to work on /usr/local/python/3.12.1/lib/python3.12/site-packages/airflow/example_dags/example_complex.py
[2025-11-17T16:36:10.981+0000] {processor.py:830} INFO - Processing file /usr/local/python/3.12.1/lib/python3.12/site-packages/airflow/example_dags/example_complex.py for tasks to queue
[2025-11-17T16:36:10.982+0000] {logging_mixin.py:188} INFO - [2025-11-17T16:36:10.982+0000] {dagbag.py:545} INFO - Filling up the DagBag from /usr/local/python/3.12.1/lib/python3.12/site-packages/airflow/example_dags/example_complex.py
[2025-11-17T16:36:10.990+0000] {processor.py:840} INFO - DAG(s) 'example_complex' retrieved from /usr/local/python/3.12.1/lib/python3.12/site-packages/airflow/example_dags/example_complex.py
[2025-11-17T16:36:11.010+0000] {logging_mixin.py:188} INFO - [2025-11-17T16:36:11.010+0000] {dag.py:3096} INFO - Sync 1 DAGs
[2025-11-17T16:36:11.020+0000] {logging_mixin.py:188} INFO - [2025-11-17T16:36:11.019+0000] {dag.py:3954} INFO - Setting next_dagrun for example_complex to None, run_after=None
[2025-11-17T16:36:11.038+0000] {processor.py:183} INFO - Processing /usr/local/python/3.12.1/lib/python3.12/site-packages/airflow/example_dags/example_complex.py took 0.062 seconds
[2025-11-17T16:37:09.644+0000] {processor.py:161} INFO - Started process (PID=62641) to work on /usr/local/python/3.12.1/lib/python3.12/site-packages/airflow/example_dags/example_complex.py
[2025-11-17T16:37:09.645+0000] {processor.py:830} INFO - Processing file /usr/local/python/3.12.1/lib/python3.12/site-packages/airflow/example_dags/example_complex.py for tasks to queue
[2025-11-17T16:37:09.646+0000] {logging_mixin.py:188} INFO - [2025-11-17T16:37:09.645+0000] {dagbag.py:545} INFO - Filling up the DagBag from /usr/local/python/3.12.1/lib/python3.12/site-packages/airflow/example_dags/example_complex.py
[2025-11-17T16:37:09.653+0000] {processor.py:840} INFO - DAG(s) 'example_complex' retrieved from /usr/local/python/3.12.1/lib/python3.12/site-packages/airflow/example_dags/example_complex.py
[2025-11-17T16:37:09.674+0000] {logging_mixin.py:188} INFO - [2025-11-17T16:37:09.674+0000] {dag.py:3096} INFO - Sync 1 DAGs
[2025-11-17T16:37:09.683+0000] {logging_mixin.py:188} INFO - [2025-11-17T16:37:09.683+0000] {dag.py:3954} INFO - Setting next_dagrun for example_complex to None, run_after=None
[2025-11-17T16:37:09.699+0000] {processor.py:183} INFO - Processing /usr/local/python/3.12.1/lib/python3.12/site-packages/airflow/example_dags/example_complex.py took 0.059 seconds
[2025-11-17T16:38:14.753+0000] {processor.py:161} INFO - Started process (PID=63393) to work on /usr/local/python/3.12.1/lib/python3.12/site-packages/airflow/example_dags/example_complex.py
[2025-11-17T16:38:14.754+0000] {processor.py:830} INFO - Processing file /usr/local/python/3.12.1/lib/python3.12/site-packages/airflow/example_dags/example_complex.py for tasks to queue
[2025-11-17T16:38:14.755+0000] {logging_mixin.py:188} INFO - [2025-11-17T16:38:14.755+0000] {dagbag.py:545} INFO - Filling up the DagBag from /usr/local/python/3.12.1/lib/python3.12/site-packages/airflow/example_dags/example_complex.py
[2025-11-17T16:38:14.763+0000] {processor.py:840} INFO - DAG(s) 'example_complex' retrieved from /usr/local/python/3.12.1/lib/python3.12/site-packages/airflow/example_dags/example_complex.py
[2025-11-17T16:38:14.783+0000] {logging_mixin.py:188} INFO - [2025-11-17T16:38:14.783+0000] {dag.py:3096} INFO - Sync 1 DAGs
[2025-11-17T16:38:14.791+0000] {logging_mixin.py:188} INFO - [2025-11-17T16:38:14.791+0000] {dag.py:3954} INFO - Setting next_dagrun for example_complex to None, run_after=None
[2025-11-17T16:38:14.808+0000] {processor.py:183} INFO - Processing /usr/local/python/3.12.1/lib/python3.12/site-packages/airflow/example_dags/example_complex.py took 0.059 seconds
