[2025-11-17T15:42:38.062+0000] {processor.py:161} INFO - Started process (PID=28145) to work on /usr/local/python/3.12.1/lib/python3.12/site-packages/airflow/example_dags/example_latest_only.py
[2025-11-17T15:42:38.063+0000] {processor.py:830} INFO - Processing file /usr/local/python/3.12.1/lib/python3.12/site-packages/airflow/example_dags/example_latest_only.py for tasks to queue
[2025-11-17T15:42:38.064+0000] {logging_mixin.py:188} INFO - [2025-11-17T15:42:38.064+0000] {dagbag.py:545} INFO - Filling up the DagBag from /usr/local/python/3.12.1/lib/python3.12/site-packages/airflow/example_dags/example_latest_only.py
[2025-11-17T15:42:38.067+0000] {processor.py:840} INFO - DAG(s) 'latest_only' retrieved from /usr/local/python/3.12.1/lib/python3.12/site-packages/airflow/example_dags/example_latest_only.py
[2025-11-17T15:42:38.150+0000] {logging_mixin.py:188} INFO - [2025-11-17T15:42:38.149+0000] {override.py:1829} INFO - Created Permission View: can read on DAG:latest_only
[2025-11-17T15:42:38.159+0000] {logging_mixin.py:188} INFO - [2025-11-17T15:42:38.159+0000] {override.py:1829} INFO - Created Permission View: can edit on DAG:latest_only
[2025-11-17T15:42:38.165+0000] {logging_mixin.py:188} INFO - [2025-11-17T15:42:38.165+0000] {override.py:1829} INFO - Created Permission View: can delete on DAG:latest_only
[2025-11-17T15:42:38.165+0000] {logging_mixin.py:188} INFO - [2025-11-17T15:42:38.165+0000] {dag.py:3096} INFO - Sync 1 DAGs
[2025-11-17T15:42:38.174+0000] {logging_mixin.py:188} INFO - [2025-11-17T15:42:38.173+0000] {dag.py:3118} INFO - Creating ORM DAG for latest_only
[2025-11-17T15:42:38.183+0000] {logging_mixin.py:188} INFO - [2025-11-17T15:42:38.183+0000] {dag.py:3954} INFO - Setting next_dagrun for latest_only to 2025-11-17 08:00:00+00:00, run_after=2025-11-17 12:00:00+00:00
[2025-11-17T15:42:38.199+0000] {processor.py:183} INFO - Processing /usr/local/python/3.12.1/lib/python3.12/site-packages/airflow/example_dags/example_latest_only.py took 0.141 seconds
[2025-11-17T15:43:30.401+0000] {processor.py:161} INFO - Started process (PID=29224) to work on /usr/local/python/3.12.1/lib/python3.12/site-packages/airflow/example_dags/example_latest_only.py
[2025-11-17T15:43:30.401+0000] {processor.py:830} INFO - Processing file /usr/local/python/3.12.1/lib/python3.12/site-packages/airflow/example_dags/example_latest_only.py for tasks to queue
[2025-11-17T15:43:30.402+0000] {logging_mixin.py:188} INFO - [2025-11-17T15:43:30.402+0000] {dagbag.py:545} INFO - Filling up the DagBag from /usr/local/python/3.12.1/lib/python3.12/site-packages/airflow/example_dags/example_latest_only.py
[2025-11-17T15:43:30.406+0000] {processor.py:840} INFO - DAG(s) 'latest_only' retrieved from /usr/local/python/3.12.1/lib/python3.12/site-packages/airflow/example_dags/example_latest_only.py
[2025-11-17T15:43:30.417+0000] {logging_mixin.py:188} INFO - [2025-11-17T15:43:30.416+0000] {dag.py:3096} INFO - Sync 1 DAGs
[2025-11-17T15:43:30.431+0000] {logging_mixin.py:188} INFO - [2025-11-17T15:43:30.430+0000] {dag.py:3954} INFO - Setting next_dagrun for latest_only to 2025-11-17 08:00:00+00:00, run_after=2025-11-17 12:00:00+00:00
[2025-11-17T15:43:30.446+0000] {processor.py:183} INFO - Processing /usr/local/python/3.12.1/lib/python3.12/site-packages/airflow/example_dags/example_latest_only.py took 0.050 seconds
[2025-11-17T15:44:26.236+0000] {processor.py:161} INFO - Started process (PID=29720) to work on /usr/local/python/3.12.1/lib/python3.12/site-packages/airflow/example_dags/example_latest_only.py
[2025-11-17T15:44:26.237+0000] {processor.py:830} INFO - Processing file /usr/local/python/3.12.1/lib/python3.12/site-packages/airflow/example_dags/example_latest_only.py for tasks to queue
[2025-11-17T15:44:26.238+0000] {logging_mixin.py:188} INFO - [2025-11-17T15:44:26.238+0000] {dagbag.py:545} INFO - Filling up the DagBag from /usr/local/python/3.12.1/lib/python3.12/site-packages/airflow/example_dags/example_latest_only.py
[2025-11-17T15:44:26.241+0000] {processor.py:840} INFO - DAG(s) 'latest_only' retrieved from /usr/local/python/3.12.1/lib/python3.12/site-packages/airflow/example_dags/example_latest_only.py
[2025-11-17T15:44:26.252+0000] {logging_mixin.py:188} INFO - [2025-11-17T15:44:26.252+0000] {dag.py:3096} INFO - Sync 1 DAGs
[2025-11-17T15:44:26.266+0000] {logging_mixin.py:188} INFO - [2025-11-17T15:44:26.266+0000] {dag.py:3954} INFO - Setting next_dagrun for latest_only to 2025-11-17 08:00:00+00:00, run_after=2025-11-17 12:00:00+00:00
[2025-11-17T15:44:26.282+0000] {processor.py:183} INFO - Processing /usr/local/python/3.12.1/lib/python3.12/site-packages/airflow/example_dags/example_latest_only.py took 0.050 seconds
[2025-11-17T15:45:14.981+0000] {processor.py:161} INFO - Started process (PID=30685) to work on /usr/local/python/3.12.1/lib/python3.12/site-packages/airflow/example_dags/example_latest_only.py
[2025-11-17T15:45:14.982+0000] {processor.py:830} INFO - Processing file /usr/local/python/3.12.1/lib/python3.12/site-packages/airflow/example_dags/example_latest_only.py for tasks to queue
[2025-11-17T15:45:14.983+0000] {logging_mixin.py:188} INFO - [2025-11-17T15:45:14.983+0000] {dagbag.py:545} INFO - Filling up the DagBag from /usr/local/python/3.12.1/lib/python3.12/site-packages/airflow/example_dags/example_latest_only.py
[2025-11-17T15:45:14.986+0000] {processor.py:840} INFO - DAG(s) 'latest_only' retrieved from /usr/local/python/3.12.1/lib/python3.12/site-packages/airflow/example_dags/example_latest_only.py
[2025-11-17T15:45:14.997+0000] {logging_mixin.py:188} INFO - [2025-11-17T15:45:14.997+0000] {dag.py:3096} INFO - Sync 1 DAGs
[2025-11-17T15:45:15.011+0000] {logging_mixin.py:188} INFO - [2025-11-17T15:45:15.010+0000] {dag.py:3954} INFO - Setting next_dagrun for latest_only to 2025-11-17 08:00:00+00:00, run_after=2025-11-17 12:00:00+00:00
[2025-11-17T15:45:15.026+0000] {processor.py:183} INFO - Processing /usr/local/python/3.12.1/lib/python3.12/site-packages/airflow/example_dags/example_latest_only.py took 0.049 seconds
[2025-11-17T16:01:11.749+0000] {processor.py:161} INFO - Started process (PID=41085) to work on /usr/local/python/3.12.1/lib/python3.12/site-packages/airflow/example_dags/example_latest_only.py
[2025-11-17T16:01:11.750+0000] {processor.py:830} INFO - Processing file /usr/local/python/3.12.1/lib/python3.12/site-packages/airflow/example_dags/example_latest_only.py for tasks to queue
[2025-11-17T16:01:11.751+0000] {logging_mixin.py:188} INFO - [2025-11-17T16:01:11.751+0000] {dagbag.py:545} INFO - Filling up the DagBag from /usr/local/python/3.12.1/lib/python3.12/site-packages/airflow/example_dags/example_latest_only.py
[2025-11-17T16:01:11.755+0000] {processor.py:840} INFO - DAG(s) 'latest_only' retrieved from /usr/local/python/3.12.1/lib/python3.12/site-packages/airflow/example_dags/example_latest_only.py
[2025-11-17T16:01:11.765+0000] {logging_mixin.py:188} INFO - [2025-11-17T16:01:11.765+0000] {dag.py:3096} INFO - Sync 1 DAGs
[2025-11-17T16:01:11.778+0000] {logging_mixin.py:188} INFO - [2025-11-17T16:01:11.778+0000] {dag.py:3954} INFO - Setting next_dagrun for latest_only to 2025-11-17 12:00:00+00:00, run_after=2025-11-17 16:00:00+00:00
[2025-11-17T16:01:11.796+0000] {processor.py:183} INFO - Processing /usr/local/python/3.12.1/lib/python3.12/site-packages/airflow/example_dags/example_latest_only.py took 0.050 seconds
[2025-11-17T16:02:03.024+0000] {processor.py:161} INFO - Started process (PID=41703) to work on /usr/local/python/3.12.1/lib/python3.12/site-packages/airflow/example_dags/example_latest_only.py
[2025-11-17T16:02:03.024+0000] {processor.py:830} INFO - Processing file /usr/local/python/3.12.1/lib/python3.12/site-packages/airflow/example_dags/example_latest_only.py for tasks to queue
[2025-11-17T16:02:03.026+0000] {logging_mixin.py:188} INFO - [2025-11-17T16:02:03.025+0000] {dagbag.py:545} INFO - Filling up the DagBag from /usr/local/python/3.12.1/lib/python3.12/site-packages/airflow/example_dags/example_latest_only.py
[2025-11-17T16:02:03.029+0000] {processor.py:840} INFO - DAG(s) 'latest_only' retrieved from /usr/local/python/3.12.1/lib/python3.12/site-packages/airflow/example_dags/example_latest_only.py
[2025-11-17T16:02:03.040+0000] {logging_mixin.py:188} INFO - [2025-11-17T16:02:03.040+0000] {dag.py:3096} INFO - Sync 1 DAGs
[2025-11-17T16:02:03.054+0000] {logging_mixin.py:188} INFO - [2025-11-17T16:02:03.054+0000] {dag.py:3954} INFO - Setting next_dagrun for latest_only to 2025-11-17 12:00:00+00:00, run_after=2025-11-17 16:00:00+00:00
[2025-11-17T16:02:03.070+0000] {processor.py:183} INFO - Processing /usr/local/python/3.12.1/lib/python3.12/site-packages/airflow/example_dags/example_latest_only.py took 0.050 seconds
[2025-11-17T16:03:06.282+0000] {processor.py:161} INFO - Started process (PID=42560) to work on /usr/local/python/3.12.1/lib/python3.12/site-packages/airflow/example_dags/example_latest_only.py
[2025-11-17T16:03:06.283+0000] {processor.py:830} INFO - Processing file /usr/local/python/3.12.1/lib/python3.12/site-packages/airflow/example_dags/example_latest_only.py for tasks to queue
[2025-11-17T16:03:06.284+0000] {logging_mixin.py:188} INFO - [2025-11-17T16:03:06.284+0000] {dagbag.py:545} INFO - Filling up the DagBag from /usr/local/python/3.12.1/lib/python3.12/site-packages/airflow/example_dags/example_latest_only.py
[2025-11-17T16:03:06.288+0000] {processor.py:840} INFO - DAG(s) 'latest_only' retrieved from /usr/local/python/3.12.1/lib/python3.12/site-packages/airflow/example_dags/example_latest_only.py
[2025-11-17T16:03:06.299+0000] {logging_mixin.py:188} INFO - [2025-11-17T16:03:06.299+0000] {dag.py:3096} INFO - Sync 1 DAGs
[2025-11-17T16:03:06.312+0000] {logging_mixin.py:188} INFO - [2025-11-17T16:03:06.312+0000] {dag.py:3954} INFO - Setting next_dagrun for latest_only to 2025-11-17 12:00:00+00:00, run_after=2025-11-17 16:00:00+00:00
[2025-11-17T16:03:06.329+0000] {processor.py:183} INFO - Processing /usr/local/python/3.12.1/lib/python3.12/site-packages/airflow/example_dags/example_latest_only.py took 0.050 seconds
[2025-11-17T16:04:08.072+0000] {processor.py:161} INFO - Started process (PID=43324) to work on /usr/local/python/3.12.1/lib/python3.12/site-packages/airflow/example_dags/example_latest_only.py
[2025-11-17T16:04:08.073+0000] {processor.py:830} INFO - Processing file /usr/local/python/3.12.1/lib/python3.12/site-packages/airflow/example_dags/example_latest_only.py for tasks to queue
[2025-11-17T16:04:08.074+0000] {logging_mixin.py:188} INFO - [2025-11-17T16:04:08.074+0000] {dagbag.py:545} INFO - Filling up the DagBag from /usr/local/python/3.12.1/lib/python3.12/site-packages/airflow/example_dags/example_latest_only.py
[2025-11-17T16:04:08.079+0000] {processor.py:840} INFO - DAG(s) 'latest_only' retrieved from /usr/local/python/3.12.1/lib/python3.12/site-packages/airflow/example_dags/example_latest_only.py
[2025-11-17T16:04:08.094+0000] {logging_mixin.py:188} INFO - [2025-11-17T16:04:08.094+0000] {dag.py:3096} INFO - Sync 1 DAGs
[2025-11-17T16:04:08.108+0000] {logging_mixin.py:188} INFO - [2025-11-17T16:04:08.108+0000] {dag.py:3954} INFO - Setting next_dagrun for latest_only to 2025-11-17 12:00:00+00:00, run_after=2025-11-17 16:00:00+00:00
[2025-11-17T16:04:08.132+0000] {processor.py:183} INFO - Processing /usr/local/python/3.12.1/lib/python3.12/site-packages/airflow/example_dags/example_latest_only.py took 0.066 seconds
[2025-11-17T16:05:09.125+0000] {processor.py:161} INFO - Started process (PID=44117) to work on /usr/local/python/3.12.1/lib/python3.12/site-packages/airflow/example_dags/example_latest_only.py
[2025-11-17T16:05:09.126+0000] {processor.py:830} INFO - Processing file /usr/local/python/3.12.1/lib/python3.12/site-packages/airflow/example_dags/example_latest_only.py for tasks to queue
[2025-11-17T16:05:09.128+0000] {logging_mixin.py:188} INFO - [2025-11-17T16:05:09.127+0000] {dagbag.py:545} INFO - Filling up the DagBag from /usr/local/python/3.12.1/lib/python3.12/site-packages/airflow/example_dags/example_latest_only.py
[2025-11-17T16:05:09.133+0000] {processor.py:840} INFO - DAG(s) 'latest_only' retrieved from /usr/local/python/3.12.1/lib/python3.12/site-packages/airflow/example_dags/example_latest_only.py
[2025-11-17T16:05:09.152+0000] {logging_mixin.py:188} INFO - [2025-11-17T16:05:09.151+0000] {dag.py:3096} INFO - Sync 1 DAGs
[2025-11-17T16:05:09.173+0000] {logging_mixin.py:188} INFO - [2025-11-17T16:05:09.173+0000] {dag.py:3954} INFO - Setting next_dagrun for latest_only to 2025-11-17 12:00:00+00:00, run_after=2025-11-17 16:00:00+00:00
[2025-11-17T16:05:09.210+0000] {processor.py:183} INFO - Processing /usr/local/python/3.12.1/lib/python3.12/site-packages/airflow/example_dags/example_latest_only.py took 0.092 seconds
[2025-11-17T16:06:28.723+0000] {processor.py:161} INFO - Started process (PID=45120) to work on /usr/local/python/3.12.1/lib/python3.12/site-packages/airflow/example_dags/example_latest_only.py
[2025-11-17T16:06:28.724+0000] {processor.py:830} INFO - Processing file /usr/local/python/3.12.1/lib/python3.12/site-packages/airflow/example_dags/example_latest_only.py for tasks to queue
[2025-11-17T16:06:28.726+0000] {logging_mixin.py:188} INFO - [2025-11-17T16:06:28.725+0000] {dagbag.py:545} INFO - Filling up the DagBag from /usr/local/python/3.12.1/lib/python3.12/site-packages/airflow/example_dags/example_latest_only.py
[2025-11-17T16:06:28.729+0000] {processor.py:840} INFO - DAG(s) 'latest_only' retrieved from /usr/local/python/3.12.1/lib/python3.12/site-packages/airflow/example_dags/example_latest_only.py
[2025-11-17T16:06:28.739+0000] {logging_mixin.py:188} INFO - [2025-11-17T16:06:28.739+0000] {dag.py:3096} INFO - Sync 1 DAGs
[2025-11-17T16:06:28.753+0000] {logging_mixin.py:188} INFO - [2025-11-17T16:06:28.753+0000] {dag.py:3954} INFO - Setting next_dagrun for latest_only to 2025-11-17 12:00:00+00:00, run_after=2025-11-17 16:00:00+00:00
[2025-11-17T16:06:28.769+0000] {processor.py:183} INFO - Processing /usr/local/python/3.12.1/lib/python3.12/site-packages/airflow/example_dags/example_latest_only.py took 0.049 seconds
[2025-11-17T16:07:20.314+0000] {processor.py:161} INFO - Started process (PID=46587) to work on /usr/local/python/3.12.1/lib/python3.12/site-packages/airflow/example_dags/example_latest_only.py
[2025-11-17T16:07:20.314+0000] {processor.py:830} INFO - Processing file /usr/local/python/3.12.1/lib/python3.12/site-packages/airflow/example_dags/example_latest_only.py for tasks to queue
[2025-11-17T16:07:20.316+0000] {logging_mixin.py:188} INFO - [2025-11-17T16:07:20.315+0000] {dagbag.py:545} INFO - Filling up the DagBag from /usr/local/python/3.12.1/lib/python3.12/site-packages/airflow/example_dags/example_latest_only.py
[2025-11-17T16:07:20.319+0000] {processor.py:840} INFO - DAG(s) 'latest_only' retrieved from /usr/local/python/3.12.1/lib/python3.12/site-packages/airflow/example_dags/example_latest_only.py
[2025-11-17T16:07:20.331+0000] {logging_mixin.py:188} INFO - [2025-11-17T16:07:20.331+0000] {dag.py:3096} INFO - Sync 1 DAGs
[2025-11-17T16:07:20.345+0000] {logging_mixin.py:188} INFO - [2025-11-17T16:07:20.345+0000] {dag.py:3954} INFO - Setting next_dagrun for latest_only to 2025-11-17 12:00:00+00:00, run_after=2025-11-17 16:00:00+00:00
[2025-11-17T16:07:20.361+0000] {processor.py:183} INFO - Processing /usr/local/python/3.12.1/lib/python3.12/site-packages/airflow/example_dags/example_latest_only.py took 0.051 seconds
[2025-11-17T16:08:15.762+0000] {processor.py:161} INFO - Started process (PID=47400) to work on /usr/local/python/3.12.1/lib/python3.12/site-packages/airflow/example_dags/example_latest_only.py
[2025-11-17T16:08:15.763+0000] {processor.py:830} INFO - Processing file /usr/local/python/3.12.1/lib/python3.12/site-packages/airflow/example_dags/example_latest_only.py for tasks to queue
[2025-11-17T16:08:15.764+0000] {logging_mixin.py:188} INFO - [2025-11-17T16:08:15.764+0000] {dagbag.py:545} INFO - Filling up the DagBag from /usr/local/python/3.12.1/lib/python3.12/site-packages/airflow/example_dags/example_latest_only.py
[2025-11-17T16:08:15.768+0000] {processor.py:840} INFO - DAG(s) 'latest_only' retrieved from /usr/local/python/3.12.1/lib/python3.12/site-packages/airflow/example_dags/example_latest_only.py
[2025-11-17T16:08:15.778+0000] {logging_mixin.py:188} INFO - [2025-11-17T16:08:15.778+0000] {dag.py:3096} INFO - Sync 1 DAGs
[2025-11-17T16:08:15.792+0000] {logging_mixin.py:188} INFO - [2025-11-17T16:08:15.792+0000] {dag.py:3954} INFO - Setting next_dagrun for latest_only to 2025-11-17 12:00:00+00:00, run_after=2025-11-17 16:00:00+00:00
[2025-11-17T16:08:15.809+0000] {processor.py:183} INFO - Processing /usr/local/python/3.12.1/lib/python3.12/site-packages/airflow/example_dags/example_latest_only.py took 0.050 seconds
[2025-11-17T16:09:16.576+0000] {processor.py:161} INFO - Started process (PID=48220) to work on /usr/local/python/3.12.1/lib/python3.12/site-packages/airflow/example_dags/example_latest_only.py
[2025-11-17T16:09:16.577+0000] {processor.py:830} INFO - Processing file /usr/local/python/3.12.1/lib/python3.12/site-packages/airflow/example_dags/example_latest_only.py for tasks to queue
[2025-11-17T16:09:16.578+0000] {logging_mixin.py:188} INFO - [2025-11-17T16:09:16.578+0000] {dagbag.py:545} INFO - Filling up the DagBag from /usr/local/python/3.12.1/lib/python3.12/site-packages/airflow/example_dags/example_latest_only.py
[2025-11-17T16:09:16.581+0000] {processor.py:840} INFO - DAG(s) 'latest_only' retrieved from /usr/local/python/3.12.1/lib/python3.12/site-packages/airflow/example_dags/example_latest_only.py
[2025-11-17T16:09:16.593+0000] {logging_mixin.py:188} INFO - [2025-11-17T16:09:16.592+0000] {dag.py:3096} INFO - Sync 1 DAGs
[2025-11-17T16:09:16.607+0000] {logging_mixin.py:188} INFO - [2025-11-17T16:09:16.606+0000] {dag.py:3954} INFO - Setting next_dagrun for latest_only to 2025-11-17 12:00:00+00:00, run_after=2025-11-17 16:00:00+00:00
[2025-11-17T16:09:16.623+0000] {processor.py:183} INFO - Processing /usr/local/python/3.12.1/lib/python3.12/site-packages/airflow/example_dags/example_latest_only.py took 0.051 seconds
[2025-11-17T16:10:16.175+0000] {processor.py:161} INFO - Started process (PID=49210) to work on /usr/local/python/3.12.1/lib/python3.12/site-packages/airflow/example_dags/example_latest_only.py
[2025-11-17T16:10:16.175+0000] {processor.py:830} INFO - Processing file /usr/local/python/3.12.1/lib/python3.12/site-packages/airflow/example_dags/example_latest_only.py for tasks to queue
[2025-11-17T16:10:16.177+0000] {logging_mixin.py:188} INFO - [2025-11-17T16:10:16.177+0000] {dagbag.py:545} INFO - Filling up the DagBag from /usr/local/python/3.12.1/lib/python3.12/site-packages/airflow/example_dags/example_latest_only.py
[2025-11-17T16:10:16.180+0000] {processor.py:840} INFO - DAG(s) 'latest_only' retrieved from /usr/local/python/3.12.1/lib/python3.12/site-packages/airflow/example_dags/example_latest_only.py
[2025-11-17T16:10:16.194+0000] {logging_mixin.py:188} INFO - [2025-11-17T16:10:16.194+0000] {dag.py:3096} INFO - Sync 1 DAGs
[2025-11-17T16:10:16.208+0000] {logging_mixin.py:188} INFO - [2025-11-17T16:10:16.208+0000] {dag.py:3954} INFO - Setting next_dagrun for latest_only to 2025-11-17 12:00:00+00:00, run_after=2025-11-17 16:00:00+00:00
[2025-11-17T16:10:16.224+0000] {processor.py:183} INFO - Processing /usr/local/python/3.12.1/lib/python3.12/site-packages/airflow/example_dags/example_latest_only.py took 0.053 seconds
