[2025-11-17T15:42:14.561+0000] {processor.py:161} INFO - Started process (PID=27781) to work on /usr/local/python/3.12.1/lib/python3.12/site-packages/airflow/example_dags/example_task_group_decorator.py
[2025-11-17T15:42:14.561+0000] {processor.py:830} INFO - Processing file /usr/local/python/3.12.1/lib/python3.12/site-packages/airflow/example_dags/example_task_group_decorator.py for tasks to queue
[2025-11-17T15:42:14.563+0000] {logging_mixin.py:188} INFO - [2025-11-17T15:42:14.562+0000] {dagbag.py:545} INFO - Filling up the DagBag from /usr/local/python/3.12.1/lib/python3.12/site-packages/airflow/example_dags/example_task_group_decorator.py
[2025-11-17T15:42:14.574+0000] {processor.py:840} INFO - DAG(s) 'example_task_group_decorator' retrieved from /usr/local/python/3.12.1/lib/python3.12/site-packages/airflow/example_dags/example_task_group_decorator.py
[2025-11-17T15:42:14.664+0000] {logging_mixin.py:188} INFO - [2025-11-17T15:42:14.664+0000] {override.py:1829} INFO - Created Permission View: can read on DAG:example_task_group_decorator
[2025-11-17T15:42:14.672+0000] {logging_mixin.py:188} INFO - [2025-11-17T15:42:14.672+0000] {override.py:1829} INFO - Created Permission View: can edit on DAG:example_task_group_decorator
[2025-11-17T15:42:14.678+0000] {logging_mixin.py:188} INFO - [2025-11-17T15:42:14.678+0000] {override.py:1829} INFO - Created Permission View: can delete on DAG:example_task_group_decorator
[2025-11-17T15:42:14.678+0000] {logging_mixin.py:188} INFO - [2025-11-17T15:42:14.678+0000] {dag.py:3096} INFO - Sync 1 DAGs
[2025-11-17T15:42:14.685+0000] {logging_mixin.py:188} INFO - [2025-11-17T15:42:14.685+0000] {dag.py:3118} INFO - Creating ORM DAG for example_task_group_decorator
[2025-11-17T15:42:14.691+0000] {logging_mixin.py:188} INFO - [2025-11-17T15:42:14.691+0000] {dag.py:3954} INFO - Setting next_dagrun for example_task_group_decorator to 2025-11-16 00:00:00+00:00, run_after=2025-11-17 00:00:00+00:00
[2025-11-17T15:42:14.706+0000] {processor.py:183} INFO - Processing /usr/local/python/3.12.1/lib/python3.12/site-packages/airflow/example_dags/example_task_group_decorator.py took 0.148 seconds
[2025-11-17T15:43:09.844+0000] {processor.py:161} INFO - Started process (PID=28630) to work on /usr/local/python/3.12.1/lib/python3.12/site-packages/airflow/example_dags/example_task_group_decorator.py
[2025-11-17T15:43:09.845+0000] {processor.py:830} INFO - Processing file /usr/local/python/3.12.1/lib/python3.12/site-packages/airflow/example_dags/example_task_group_decorator.py for tasks to queue
[2025-11-17T15:43:09.846+0000] {logging_mixin.py:188} INFO - [2025-11-17T15:43:09.846+0000] {dagbag.py:545} INFO - Filling up the DagBag from /usr/local/python/3.12.1/lib/python3.12/site-packages/airflow/example_dags/example_task_group_decorator.py
[2025-11-17T15:43:09.857+0000] {processor.py:840} INFO - DAG(s) 'example_task_group_decorator' retrieved from /usr/local/python/3.12.1/lib/python3.12/site-packages/airflow/example_dags/example_task_group_decorator.py
[2025-11-17T15:43:09.871+0000] {logging_mixin.py:188} INFO - [2025-11-17T15:43:09.871+0000] {dag.py:3096} INFO - Sync 1 DAGs
[2025-11-17T15:43:09.885+0000] {logging_mixin.py:188} INFO - [2025-11-17T15:43:09.885+0000] {dag.py:3954} INFO - Setting next_dagrun for example_task_group_decorator to 2025-11-16 00:00:00+00:00, run_after=2025-11-17 00:00:00+00:00
[2025-11-17T15:43:09.900+0000] {processor.py:183} INFO - Processing /usr/local/python/3.12.1/lib/python3.12/site-packages/airflow/example_dags/example_task_group_decorator.py took 0.060 seconds
[2025-11-17T15:43:57.452+0000] {processor.py:161} INFO - Started process (PID=29471) to work on /usr/local/python/3.12.1/lib/python3.12/site-packages/airflow/example_dags/example_task_group_decorator.py
[2025-11-17T15:43:57.453+0000] {processor.py:830} INFO - Processing file /usr/local/python/3.12.1/lib/python3.12/site-packages/airflow/example_dags/example_task_group_decorator.py for tasks to queue
[2025-11-17T15:43:57.454+0000] {logging_mixin.py:188} INFO - [2025-11-17T15:43:57.454+0000] {dagbag.py:545} INFO - Filling up the DagBag from /usr/local/python/3.12.1/lib/python3.12/site-packages/airflow/example_dags/example_task_group_decorator.py
[2025-11-17T15:43:57.473+0000] {processor.py:840} INFO - DAG(s) 'example_task_group_decorator' retrieved from /usr/local/python/3.12.1/lib/python3.12/site-packages/airflow/example_dags/example_task_group_decorator.py
[2025-11-17T15:43:57.510+0000] {logging_mixin.py:188} INFO - [2025-11-17T15:43:57.510+0000] {dag.py:3096} INFO - Sync 1 DAGs
[2025-11-17T15:43:57.542+0000] {logging_mixin.py:188} INFO - [2025-11-17T15:43:57.542+0000] {dag.py:3954} INFO - Setting next_dagrun for example_task_group_decorator to 2025-11-16 00:00:00+00:00, run_after=2025-11-17 00:00:00+00:00
[2025-11-17T15:43:57.583+0000] {processor.py:183} INFO - Processing /usr/local/python/3.12.1/lib/python3.12/site-packages/airflow/example_dags/example_task_group_decorator.py took 0.138 seconds
[2025-11-17T15:44:43.569+0000] {processor.py:161} INFO - Started process (PID=29929) to work on /usr/local/python/3.12.1/lib/python3.12/site-packages/airflow/example_dags/example_task_group_decorator.py
[2025-11-17T15:44:43.570+0000] {processor.py:830} INFO - Processing file /usr/local/python/3.12.1/lib/python3.12/site-packages/airflow/example_dags/example_task_group_decorator.py for tasks to queue
[2025-11-17T15:44:43.571+0000] {logging_mixin.py:188} INFO - [2025-11-17T15:44:43.571+0000] {dagbag.py:545} INFO - Filling up the DagBag from /usr/local/python/3.12.1/lib/python3.12/site-packages/airflow/example_dags/example_task_group_decorator.py
[2025-11-17T15:44:43.582+0000] {processor.py:840} INFO - DAG(s) 'example_task_group_decorator' retrieved from /usr/local/python/3.12.1/lib/python3.12/site-packages/airflow/example_dags/example_task_group_decorator.py
[2025-11-17T15:44:43.597+0000] {logging_mixin.py:188} INFO - [2025-11-17T15:44:43.597+0000] {dag.py:3096} INFO - Sync 1 DAGs
[2025-11-17T15:44:43.611+0000] {logging_mixin.py:188} INFO - [2025-11-17T15:44:43.611+0000] {dag.py:3954} INFO - Setting next_dagrun for example_task_group_decorator to 2025-11-16 00:00:00+00:00, run_after=2025-11-17 00:00:00+00:00
[2025-11-17T15:44:43.627+0000] {processor.py:183} INFO - Processing /usr/local/python/3.12.1/lib/python3.12/site-packages/airflow/example_dags/example_task_group_decorator.py took 0.062 seconds
[2025-11-17T15:45:23.987+0000] {processor.py:161} INFO - Started process (PID=30778) to work on /usr/local/python/3.12.1/lib/python3.12/site-packages/airflow/example_dags/example_task_group_decorator.py
[2025-11-17T15:45:23.987+0000] {processor.py:830} INFO - Processing file /usr/local/python/3.12.1/lib/python3.12/site-packages/airflow/example_dags/example_task_group_decorator.py for tasks to queue
[2025-11-17T15:45:23.988+0000] {logging_mixin.py:188} INFO - [2025-11-17T15:45:23.988+0000] {dagbag.py:545} INFO - Filling up the DagBag from /usr/local/python/3.12.1/lib/python3.12/site-packages/airflow/example_dags/example_task_group_decorator.py
[2025-11-17T15:45:23.998+0000] {processor.py:840} INFO - DAG(s) 'example_task_group_decorator' retrieved from /usr/local/python/3.12.1/lib/python3.12/site-packages/airflow/example_dags/example_task_group_decorator.py
[2025-11-17T15:45:24.013+0000] {logging_mixin.py:188} INFO - [2025-11-17T15:45:24.013+0000] {dag.py:3096} INFO - Sync 1 DAGs
[2025-11-17T15:45:24.027+0000] {logging_mixin.py:188} INFO - [2025-11-17T15:45:24.027+0000] {dag.py:3954} INFO - Setting next_dagrun for example_task_group_decorator to 2025-11-16 00:00:00+00:00, run_after=2025-11-17 00:00:00+00:00
[2025-11-17T15:45:24.042+0000] {processor.py:183} INFO - Processing /usr/local/python/3.12.1/lib/python3.12/site-packages/airflow/example_dags/example_task_group_decorator.py took 0.060 seconds
[2025-11-17T16:00:52.220+0000] {processor.py:161} INFO - Started process (PID=40751) to work on /usr/local/python/3.12.1/lib/python3.12/site-packages/airflow/example_dags/example_task_group_decorator.py
[2025-11-17T16:00:52.220+0000] {processor.py:830} INFO - Processing file /usr/local/python/3.12.1/lib/python3.12/site-packages/airflow/example_dags/example_task_group_decorator.py for tasks to queue
[2025-11-17T16:00:52.221+0000] {logging_mixin.py:188} INFO - [2025-11-17T16:00:52.221+0000] {dagbag.py:545} INFO - Filling up the DagBag from /usr/local/python/3.12.1/lib/python3.12/site-packages/airflow/example_dags/example_task_group_decorator.py
[2025-11-17T16:00:52.233+0000] {processor.py:840} INFO - DAG(s) 'example_task_group_decorator' retrieved from /usr/local/python/3.12.1/lib/python3.12/site-packages/airflow/example_dags/example_task_group_decorator.py
[2025-11-17T16:00:52.253+0000] {logging_mixin.py:188} INFO - [2025-11-17T16:00:52.253+0000] {dag.py:3096} INFO - Sync 1 DAGs
[2025-11-17T16:00:52.267+0000] {logging_mixin.py:188} INFO - [2025-11-17T16:00:52.267+0000] {dag.py:3954} INFO - Setting next_dagrun for example_task_group_decorator to 2025-11-16 00:00:00+00:00, run_after=2025-11-17 00:00:00+00:00
[2025-11-17T16:00:52.282+0000] {processor.py:183} INFO - Processing /usr/local/python/3.12.1/lib/python3.12/site-packages/airflow/example_dags/example_task_group_decorator.py took 0.066 seconds
[2025-11-17T16:01:41.971+0000] {processor.py:161} INFO - Started process (PID=41445) to work on /usr/local/python/3.12.1/lib/python3.12/site-packages/airflow/example_dags/example_task_group_decorator.py
[2025-11-17T16:01:41.972+0000] {processor.py:830} INFO - Processing file /usr/local/python/3.12.1/lib/python3.12/site-packages/airflow/example_dags/example_task_group_decorator.py for tasks to queue
[2025-11-17T16:01:41.973+0000] {logging_mixin.py:188} INFO - [2025-11-17T16:01:41.973+0000] {dagbag.py:545} INFO - Filling up the DagBag from /usr/local/python/3.12.1/lib/python3.12/site-packages/airflow/example_dags/example_task_group_decorator.py
[2025-11-17T16:01:41.984+0000] {processor.py:840} INFO - DAG(s) 'example_task_group_decorator' retrieved from /usr/local/python/3.12.1/lib/python3.12/site-packages/airflow/example_dags/example_task_group_decorator.py
[2025-11-17T16:01:41.998+0000] {logging_mixin.py:188} INFO - [2025-11-17T16:01:41.998+0000] {dag.py:3096} INFO - Sync 1 DAGs
[2025-11-17T16:01:42.013+0000] {logging_mixin.py:188} INFO - [2025-11-17T16:01:42.012+0000] {dag.py:3954} INFO - Setting next_dagrun for example_task_group_decorator to 2025-11-16 00:00:00+00:00, run_after=2025-11-17 00:00:00+00:00
[2025-11-17T16:01:42.028+0000] {processor.py:183} INFO - Processing /usr/local/python/3.12.1/lib/python3.12/site-packages/airflow/example_dags/example_task_group_decorator.py took 0.062 seconds
[2025-11-17T16:02:33.140+0000] {processor.py:161} INFO - Started process (PID=42095) to work on /usr/local/python/3.12.1/lib/python3.12/site-packages/airflow/example_dags/example_task_group_decorator.py
[2025-11-17T16:02:33.140+0000] {processor.py:830} INFO - Processing file /usr/local/python/3.12.1/lib/python3.12/site-packages/airflow/example_dags/example_task_group_decorator.py for tasks to queue
[2025-11-17T16:02:33.141+0000] {logging_mixin.py:188} INFO - [2025-11-17T16:02:33.141+0000] {dagbag.py:545} INFO - Filling up the DagBag from /usr/local/python/3.12.1/lib/python3.12/site-packages/airflow/example_dags/example_task_group_decorator.py
[2025-11-17T16:02:33.152+0000] {processor.py:840} INFO - DAG(s) 'example_task_group_decorator' retrieved from /usr/local/python/3.12.1/lib/python3.12/site-packages/airflow/example_dags/example_task_group_decorator.py
[2025-11-17T16:02:33.166+0000] {logging_mixin.py:188} INFO - [2025-11-17T16:02:33.166+0000] {dag.py:3096} INFO - Sync 1 DAGs
[2025-11-17T16:02:33.180+0000] {logging_mixin.py:188} INFO - [2025-11-17T16:02:33.180+0000] {dag.py:3954} INFO - Setting next_dagrun for example_task_group_decorator to 2025-11-16 00:00:00+00:00, run_after=2025-11-17 00:00:00+00:00
[2025-11-17T16:02:33.196+0000] {processor.py:183} INFO - Processing /usr/local/python/3.12.1/lib/python3.12/site-packages/airflow/example_dags/example_task_group_decorator.py took 0.060 seconds
[2025-11-17T16:03:15.581+0000] {processor.py:161} INFO - Started process (PID=42648) to work on /usr/local/python/3.12.1/lib/python3.12/site-packages/airflow/example_dags/example_task_group_decorator.py
[2025-11-17T16:03:15.581+0000] {processor.py:830} INFO - Processing file /usr/local/python/3.12.1/lib/python3.12/site-packages/airflow/example_dags/example_task_group_decorator.py for tasks to queue
[2025-11-17T16:03:15.582+0000] {logging_mixin.py:188} INFO - [2025-11-17T16:03:15.582+0000] {dagbag.py:545} INFO - Filling up the DagBag from /usr/local/python/3.12.1/lib/python3.12/site-packages/airflow/example_dags/example_task_group_decorator.py
[2025-11-17T16:03:15.594+0000] {processor.py:840} INFO - DAG(s) 'example_task_group_decorator' retrieved from /usr/local/python/3.12.1/lib/python3.12/site-packages/airflow/example_dags/example_task_group_decorator.py
[2025-11-17T16:03:15.608+0000] {logging_mixin.py:188} INFO - [2025-11-17T16:03:15.608+0000] {dag.py:3096} INFO - Sync 1 DAGs
[2025-11-17T16:03:15.622+0000] {logging_mixin.py:188} INFO - [2025-11-17T16:03:15.622+0000] {dag.py:3954} INFO - Setting next_dagrun for example_task_group_decorator to 2025-11-16 00:00:00+00:00, run_after=2025-11-17 00:00:00+00:00
[2025-11-17T16:03:15.638+0000] {processor.py:183} INFO - Processing /usr/local/python/3.12.1/lib/python3.12/site-packages/airflow/example_dags/example_task_group_decorator.py took 0.061 seconds
[2025-11-17T16:03:56.539+0000] {processor.py:161} INFO - Started process (PID=43168) to work on /usr/local/python/3.12.1/lib/python3.12/site-packages/airflow/example_dags/example_task_group_decorator.py
[2025-11-17T16:03:56.540+0000] {processor.py:830} INFO - Processing file /usr/local/python/3.12.1/lib/python3.12/site-packages/airflow/example_dags/example_task_group_decorator.py for tasks to queue
[2025-11-17T16:03:56.541+0000] {logging_mixin.py:188} INFO - [2025-11-17T16:03:56.540+0000] {dagbag.py:545} INFO - Filling up the DagBag from /usr/local/python/3.12.1/lib/python3.12/site-packages/airflow/example_dags/example_task_group_decorator.py
[2025-11-17T16:03:56.551+0000] {processor.py:840} INFO - DAG(s) 'example_task_group_decorator' retrieved from /usr/local/python/3.12.1/lib/python3.12/site-packages/airflow/example_dags/example_task_group_decorator.py
[2025-11-17T16:03:56.566+0000] {logging_mixin.py:188} INFO - [2025-11-17T16:03:56.566+0000] {dag.py:3096} INFO - Sync 1 DAGs
[2025-11-17T16:03:56.580+0000] {logging_mixin.py:188} INFO - [2025-11-17T16:03:56.580+0000] {dag.py:3954} INFO - Setting next_dagrun for example_task_group_decorator to 2025-11-16 00:00:00+00:00, run_after=2025-11-17 00:00:00+00:00
[2025-11-17T16:03:56.596+0000] {processor.py:183} INFO - Processing /usr/local/python/3.12.1/lib/python3.12/site-packages/airflow/example_dags/example_task_group_decorator.py took 0.061 seconds
[2025-11-17T16:04:38.562+0000] {processor.py:161} INFO - Started process (PID=43697) to work on /usr/local/python/3.12.1/lib/python3.12/site-packages/airflow/example_dags/example_task_group_decorator.py
[2025-11-17T16:04:38.563+0000] {processor.py:830} INFO - Processing file /usr/local/python/3.12.1/lib/python3.12/site-packages/airflow/example_dags/example_task_group_decorator.py for tasks to queue
[2025-11-17T16:04:38.564+0000] {logging_mixin.py:188} INFO - [2025-11-17T16:04:38.564+0000] {dagbag.py:545} INFO - Filling up the DagBag from /usr/local/python/3.12.1/lib/python3.12/site-packages/airflow/example_dags/example_task_group_decorator.py
[2025-11-17T16:04:38.575+0000] {processor.py:840} INFO - DAG(s) 'example_task_group_decorator' retrieved from /usr/local/python/3.12.1/lib/python3.12/site-packages/airflow/example_dags/example_task_group_decorator.py
[2025-11-17T16:04:38.591+0000] {logging_mixin.py:188} INFO - [2025-11-17T16:04:38.591+0000] {dag.py:3096} INFO - Sync 1 DAGs
[2025-11-17T16:04:38.606+0000] {logging_mixin.py:188} INFO - [2025-11-17T16:04:38.606+0000] {dag.py:3954} INFO - Setting next_dagrun for example_task_group_decorator to 2025-11-16 00:00:00+00:00, run_after=2025-11-17 00:00:00+00:00
[2025-11-17T16:04:38.621+0000] {processor.py:183} INFO - Processing /usr/local/python/3.12.1/lib/python3.12/site-packages/airflow/example_dags/example_task_group_decorator.py took 0.063 seconds
[2025-11-17T16:06:06.926+0000] {processor.py:161} INFO - Started process (PID=44885) to work on /usr/local/python/3.12.1/lib/python3.12/site-packages/airflow/example_dags/example_task_group_decorator.py
[2025-11-17T16:06:06.927+0000] {processor.py:830} INFO - Processing file /usr/local/python/3.12.1/lib/python3.12/site-packages/airflow/example_dags/example_task_group_decorator.py for tasks to queue
[2025-11-17T16:06:06.928+0000] {logging_mixin.py:188} INFO - [2025-11-17T16:06:06.928+0000] {dagbag.py:545} INFO - Filling up the DagBag from /usr/local/python/3.12.1/lib/python3.12/site-packages/airflow/example_dags/example_task_group_decorator.py
[2025-11-17T16:06:06.940+0000] {processor.py:840} INFO - DAG(s) 'example_task_group_decorator' retrieved from /usr/local/python/3.12.1/lib/python3.12/site-packages/airflow/example_dags/example_task_group_decorator.py
[2025-11-17T16:06:06.961+0000] {logging_mixin.py:188} INFO - [2025-11-17T16:06:06.960+0000] {dag.py:3096} INFO - Sync 1 DAGs
[2025-11-17T16:06:06.974+0000] {logging_mixin.py:188} INFO - [2025-11-17T16:06:06.974+0000] {dag.py:3954} INFO - Setting next_dagrun for example_task_group_decorator to 2025-11-16 00:00:00+00:00, run_after=2025-11-17 00:00:00+00:00
[2025-11-17T16:06:06.990+0000] {processor.py:183} INFO - Processing /usr/local/python/3.12.1/lib/python3.12/site-packages/airflow/example_dags/example_task_group_decorator.py took 0.068 seconds
[2025-11-17T16:06:59.769+0000] {processor.py:161} INFO - Started process (PID=46291) to work on /usr/local/python/3.12.1/lib/python3.12/site-packages/airflow/example_dags/example_task_group_decorator.py
[2025-11-17T16:06:59.770+0000] {processor.py:830} INFO - Processing file /usr/local/python/3.12.1/lib/python3.12/site-packages/airflow/example_dags/example_task_group_decorator.py for tasks to queue
[2025-11-17T16:06:59.771+0000] {logging_mixin.py:188} INFO - [2025-11-17T16:06:59.771+0000] {dagbag.py:545} INFO - Filling up the DagBag from /usr/local/python/3.12.1/lib/python3.12/site-packages/airflow/example_dags/example_task_group_decorator.py
[2025-11-17T16:06:59.782+0000] {processor.py:840} INFO - DAG(s) 'example_task_group_decorator' retrieved from /usr/local/python/3.12.1/lib/python3.12/site-packages/airflow/example_dags/example_task_group_decorator.py
[2025-11-17T16:06:59.804+0000] {logging_mixin.py:188} INFO - [2025-11-17T16:06:59.804+0000] {dag.py:3096} INFO - Sync 1 DAGs
[2025-11-17T16:06:59.825+0000] {logging_mixin.py:188} INFO - [2025-11-17T16:06:59.824+0000] {dag.py:3954} INFO - Setting next_dagrun for example_task_group_decorator to 2025-11-16 00:00:00+00:00, run_after=2025-11-17 00:00:00+00:00
[2025-11-17T16:06:59.844+0000] {processor.py:183} INFO - Processing /usr/local/python/3.12.1/lib/python3.12/site-packages/airflow/example_dags/example_task_group_decorator.py took 0.081 seconds
[2025-11-17T16:07:48.945+0000] {processor.py:161} INFO - Started process (PID=47017) to work on /usr/local/python/3.12.1/lib/python3.12/site-packages/airflow/example_dags/example_task_group_decorator.py
[2025-11-17T16:07:48.946+0000] {processor.py:830} INFO - Processing file /usr/local/python/3.12.1/lib/python3.12/site-packages/airflow/example_dags/example_task_group_decorator.py for tasks to queue
[2025-11-17T16:07:48.948+0000] {logging_mixin.py:188} INFO - [2025-11-17T16:07:48.947+0000] {dagbag.py:545} INFO - Filling up the DagBag from /usr/local/python/3.12.1/lib/python3.12/site-packages/airflow/example_dags/example_task_group_decorator.py
[2025-11-17T16:07:48.960+0000] {processor.py:840} INFO - DAG(s) 'example_task_group_decorator' retrieved from /usr/local/python/3.12.1/lib/python3.12/site-packages/airflow/example_dags/example_task_group_decorator.py
[2025-11-17T16:07:48.974+0000] {logging_mixin.py:188} INFO - [2025-11-17T16:07:48.974+0000] {dag.py:3096} INFO - Sync 1 DAGs
[2025-11-17T16:07:48.988+0000] {logging_mixin.py:188} INFO - [2025-11-17T16:07:48.988+0000] {dag.py:3954} INFO - Setting next_dagrun for example_task_group_decorator to 2025-11-16 00:00:00+00:00, run_after=2025-11-17 00:00:00+00:00
[2025-11-17T16:07:49.004+0000] {processor.py:183} INFO - Processing /usr/local/python/3.12.1/lib/python3.12/site-packages/airflow/example_dags/example_task_group_decorator.py took 0.065 seconds
[2025-11-17T16:08:31.308+0000] {processor.py:161} INFO - Started process (PID=47593) to work on /usr/local/python/3.12.1/lib/python3.12/site-packages/airflow/example_dags/example_task_group_decorator.py
[2025-11-17T16:08:31.309+0000] {processor.py:830} INFO - Processing file /usr/local/python/3.12.1/lib/python3.12/site-packages/airflow/example_dags/example_task_group_decorator.py for tasks to queue
[2025-11-17T16:08:31.311+0000] {logging_mixin.py:188} INFO - [2025-11-17T16:08:31.311+0000] {dagbag.py:545} INFO - Filling up the DagBag from /usr/local/python/3.12.1/lib/python3.12/site-packages/airflow/example_dags/example_task_group_decorator.py
[2025-11-17T16:08:31.331+0000] {processor.py:840} INFO - DAG(s) 'example_task_group_decorator' retrieved from /usr/local/python/3.12.1/lib/python3.12/site-packages/airflow/example_dags/example_task_group_decorator.py
[2025-11-17T16:08:31.355+0000] {logging_mixin.py:188} INFO - [2025-11-17T16:08:31.355+0000] {dag.py:3096} INFO - Sync 1 DAGs
[2025-11-17T16:08:31.371+0000] {logging_mixin.py:188} INFO - [2025-11-17T16:08:31.371+0000] {dag.py:3954} INFO - Setting next_dagrun for example_task_group_decorator to 2025-11-16 00:00:00+00:00, run_after=2025-11-17 00:00:00+00:00
[2025-11-17T16:08:31.388+0000] {processor.py:183} INFO - Processing /usr/local/python/3.12.1/lib/python3.12/site-packages/airflow/example_dags/example_task_group_decorator.py took 0.086 seconds
[2025-11-17T16:09:11.835+0000] {processor.py:161} INFO - Started process (PID=48162) to work on /usr/local/python/3.12.1/lib/python3.12/site-packages/airflow/example_dags/example_task_group_decorator.py
[2025-11-17T16:09:11.836+0000] {processor.py:830} INFO - Processing file /usr/local/python/3.12.1/lib/python3.12/site-packages/airflow/example_dags/example_task_group_decorator.py for tasks to queue
[2025-11-17T16:09:11.837+0000] {logging_mixin.py:188} INFO - [2025-11-17T16:09:11.837+0000] {dagbag.py:545} INFO - Filling up the DagBag from /usr/local/python/3.12.1/lib/python3.12/site-packages/airflow/example_dags/example_task_group_decorator.py
[2025-11-17T16:09:11.848+0000] {processor.py:840} INFO - DAG(s) 'example_task_group_decorator' retrieved from /usr/local/python/3.12.1/lib/python3.12/site-packages/airflow/example_dags/example_task_group_decorator.py
[2025-11-17T16:09:11.863+0000] {logging_mixin.py:188} INFO - [2025-11-17T16:09:11.863+0000] {dag.py:3096} INFO - Sync 1 DAGs
[2025-11-17T16:09:11.876+0000] {logging_mixin.py:188} INFO - [2025-11-17T16:09:11.876+0000] {dag.py:3954} INFO - Setting next_dagrun for example_task_group_decorator to 2025-11-16 00:00:00+00:00, run_after=2025-11-17 00:00:00+00:00
[2025-11-17T16:09:11.892+0000] {processor.py:183} INFO - Processing /usr/local/python/3.12.1/lib/python3.12/site-packages/airflow/example_dags/example_task_group_decorator.py took 0.061 seconds
[2025-11-17T16:09:52.932+0000] {processor.py:161} INFO - Started process (PID=48910) to work on /usr/local/python/3.12.1/lib/python3.12/site-packages/airflow/example_dags/example_task_group_decorator.py
[2025-11-17T16:09:52.933+0000] {processor.py:830} INFO - Processing file /usr/local/python/3.12.1/lib/python3.12/site-packages/airflow/example_dags/example_task_group_decorator.py for tasks to queue
[2025-11-17T16:09:52.936+0000] {logging_mixin.py:188} INFO - [2025-11-17T16:09:52.934+0000] {dagbag.py:545} INFO - Filling up the DagBag from /usr/local/python/3.12.1/lib/python3.12/site-packages/airflow/example_dags/example_task_group_decorator.py
[2025-11-17T16:09:52.950+0000] {processor.py:840} INFO - DAG(s) 'example_task_group_decorator' retrieved from /usr/local/python/3.12.1/lib/python3.12/site-packages/airflow/example_dags/example_task_group_decorator.py
[2025-11-17T16:09:52.974+0000] {logging_mixin.py:188} INFO - [2025-11-17T16:09:52.974+0000] {dag.py:3096} INFO - Sync 1 DAGs
[2025-11-17T16:09:52.995+0000] {logging_mixin.py:188} INFO - [2025-11-17T16:09:52.995+0000] {dag.py:3954} INFO - Setting next_dagrun for example_task_group_decorator to 2025-11-16 00:00:00+00:00, run_after=2025-11-17 00:00:00+00:00
[2025-11-17T16:09:53.018+0000] {processor.py:183} INFO - Processing /usr/local/python/3.12.1/lib/python3.12/site-packages/airflow/example_dags/example_task_group_decorator.py took 0.091 seconds
[2025-11-17T16:10:31.612+0000] {processor.py:161} INFO - Started process (PID=49320) to work on /usr/local/python/3.12.1/lib/python3.12/site-packages/airflow/example_dags/example_task_group_decorator.py
[2025-11-17T16:10:31.613+0000] {processor.py:830} INFO - Processing file /usr/local/python/3.12.1/lib/python3.12/site-packages/airflow/example_dags/example_task_group_decorator.py for tasks to queue
[2025-11-17T16:10:31.614+0000] {logging_mixin.py:188} INFO - [2025-11-17T16:10:31.614+0000] {dagbag.py:545} INFO - Filling up the DagBag from /usr/local/python/3.12.1/lib/python3.12/site-packages/airflow/example_dags/example_task_group_decorator.py
[2025-11-17T16:10:31.625+0000] {processor.py:840} INFO - DAG(s) 'example_task_group_decorator' retrieved from /usr/local/python/3.12.1/lib/python3.12/site-packages/airflow/example_dags/example_task_group_decorator.py
[2025-11-17T16:10:31.641+0000] {logging_mixin.py:188} INFO - [2025-11-17T16:10:31.640+0000] {dag.py:3096} INFO - Sync 1 DAGs
[2025-11-17T16:10:31.657+0000] {logging_mixin.py:188} INFO - [2025-11-17T16:10:31.657+0000] {dag.py:3954} INFO - Setting next_dagrun for example_task_group_decorator to 2025-11-16 00:00:00+00:00, run_after=2025-11-17 00:00:00+00:00
[2025-11-17T16:10:31.673+0000] {processor.py:183} INFO - Processing /usr/local/python/3.12.1/lib/python3.12/site-packages/airflow/example_dags/example_task_group_decorator.py took 0.066 seconds
[2025-11-17T16:11:12.743+0000] {processor.py:161} INFO - Started process (PID=50126) to work on /usr/local/python/3.12.1/lib/python3.12/site-packages/airflow/example_dags/example_task_group_decorator.py
[2025-11-17T16:11:12.744+0000] {processor.py:830} INFO - Processing file /usr/local/python/3.12.1/lib/python3.12/site-packages/airflow/example_dags/example_task_group_decorator.py for tasks to queue
[2025-11-17T16:11:12.745+0000] {logging_mixin.py:188} INFO - [2025-11-17T16:11:12.745+0000] {dagbag.py:545} INFO - Filling up the DagBag from /usr/local/python/3.12.1/lib/python3.12/site-packages/airflow/example_dags/example_task_group_decorator.py
[2025-11-17T16:11:12.755+0000] {processor.py:840} INFO - DAG(s) 'example_task_group_decorator' retrieved from /usr/local/python/3.12.1/lib/python3.12/site-packages/airflow/example_dags/example_task_group_decorator.py
[2025-11-17T16:11:12.770+0000] {logging_mixin.py:188} INFO - [2025-11-17T16:11:12.769+0000] {dag.py:3096} INFO - Sync 1 DAGs
[2025-11-17T16:11:12.863+0000] {logging_mixin.py:188} INFO - [2025-11-17T16:11:12.863+0000] {dag.py:3954} INFO - Setting next_dagrun for example_task_group_decorator to 2025-11-16 00:00:00+00:00, run_after=2025-11-17 00:00:00+00:00
[2025-11-17T16:11:12.880+0000] {processor.py:183} INFO - Processing /usr/local/python/3.12.1/lib/python3.12/site-packages/airflow/example_dags/example_task_group_decorator.py took 0.141 seconds
[2025-11-17T16:11:56.280+0000] {processor.py:161} INFO - Started process (PID=50513) to work on /usr/local/python/3.12.1/lib/python3.12/site-packages/airflow/example_dags/example_task_group_decorator.py
[2025-11-17T16:11:56.281+0000] {processor.py:830} INFO - Processing file /usr/local/python/3.12.1/lib/python3.12/site-packages/airflow/example_dags/example_task_group_decorator.py for tasks to queue
[2025-11-17T16:11:56.284+0000] {logging_mixin.py:188} INFO - [2025-11-17T16:11:56.284+0000] {dagbag.py:545} INFO - Filling up the DagBag from /usr/local/python/3.12.1/lib/python3.12/site-packages/airflow/example_dags/example_task_group_decorator.py
[2025-11-17T16:11:56.303+0000] {processor.py:840} INFO - DAG(s) 'example_task_group_decorator' retrieved from /usr/local/python/3.12.1/lib/python3.12/site-packages/airflow/example_dags/example_task_group_decorator.py
[2025-11-17T16:11:56.331+0000] {logging_mixin.py:188} INFO - [2025-11-17T16:11:56.331+0000] {dag.py:3096} INFO - Sync 1 DAGs
[2025-11-17T16:11:56.355+0000] {logging_mixin.py:188} INFO - [2025-11-17T16:11:56.354+0000] {dag.py:3954} INFO - Setting next_dagrun for example_task_group_decorator to 2025-11-16 00:00:00+00:00, run_after=2025-11-17 00:00:00+00:00
[2025-11-17T16:11:56.379+0000] {processor.py:183} INFO - Processing /usr/local/python/3.12.1/lib/python3.12/site-packages/airflow/example_dags/example_task_group_decorator.py took 0.105 seconds
[2025-11-17T16:12:39.763+0000] {processor.py:161} INFO - Started process (PID=50860) to work on /usr/local/python/3.12.1/lib/python3.12/site-packages/airflow/example_dags/example_task_group_decorator.py
[2025-11-17T16:12:39.763+0000] {processor.py:830} INFO - Processing file /usr/local/python/3.12.1/lib/python3.12/site-packages/airflow/example_dags/example_task_group_decorator.py for tasks to queue
[2025-11-17T16:12:39.765+0000] {logging_mixin.py:188} INFO - [2025-11-17T16:12:39.764+0000] {dagbag.py:545} INFO - Filling up the DagBag from /usr/local/python/3.12.1/lib/python3.12/site-packages/airflow/example_dags/example_task_group_decorator.py
[2025-11-17T16:12:39.775+0000] {processor.py:840} INFO - DAG(s) 'example_task_group_decorator' retrieved from /usr/local/python/3.12.1/lib/python3.12/site-packages/airflow/example_dags/example_task_group_decorator.py
[2025-11-17T16:12:39.790+0000] {logging_mixin.py:188} INFO - [2025-11-17T16:12:39.790+0000] {dag.py:3096} INFO - Sync 1 DAGs
[2025-11-17T16:12:39.804+0000] {logging_mixin.py:188} INFO - [2025-11-17T16:12:39.804+0000] {dag.py:3954} INFO - Setting next_dagrun for example_task_group_decorator to 2025-11-16 00:00:00+00:00, run_after=2025-11-17 00:00:00+00:00
[2025-11-17T16:12:39.820+0000] {processor.py:183} INFO - Processing /usr/local/python/3.12.1/lib/python3.12/site-packages/airflow/example_dags/example_task_group_decorator.py took 0.062 seconds
[2025-11-17T16:13:23.644+0000] {processor.py:161} INFO - Started process (PID=51200) to work on /usr/local/python/3.12.1/lib/python3.12/site-packages/airflow/example_dags/example_task_group_decorator.py
[2025-11-17T16:13:23.645+0000] {processor.py:830} INFO - Processing file /usr/local/python/3.12.1/lib/python3.12/site-packages/airflow/example_dags/example_task_group_decorator.py for tasks to queue
[2025-11-17T16:13:23.646+0000] {logging_mixin.py:188} INFO - [2025-11-17T16:13:23.646+0000] {dagbag.py:545} INFO - Filling up the DagBag from /usr/local/python/3.12.1/lib/python3.12/site-packages/airflow/example_dags/example_task_group_decorator.py
[2025-11-17T16:13:23.657+0000] {processor.py:840} INFO - DAG(s) 'example_task_group_decorator' retrieved from /usr/local/python/3.12.1/lib/python3.12/site-packages/airflow/example_dags/example_task_group_decorator.py
[2025-11-17T16:13:23.676+0000] {logging_mixin.py:188} INFO - [2025-11-17T16:13:23.676+0000] {dag.py:3096} INFO - Sync 1 DAGs
[2025-11-17T16:13:23.691+0000] {logging_mixin.py:188} INFO - [2025-11-17T16:13:23.690+0000] {dag.py:3954} INFO - Setting next_dagrun for example_task_group_decorator to 2025-11-16 00:00:00+00:00, run_after=2025-11-17 00:00:00+00:00
[2025-11-17T16:13:23.708+0000] {processor.py:183} INFO - Processing /usr/local/python/3.12.1/lib/python3.12/site-packages/airflow/example_dags/example_task_group_decorator.py took 0.068 seconds
[2025-11-17T16:14:07.085+0000] {processor.py:161} INFO - Started process (PID=51536) to work on /usr/local/python/3.12.1/lib/python3.12/site-packages/airflow/example_dags/example_task_group_decorator.py
[2025-11-17T16:14:07.086+0000] {processor.py:830} INFO - Processing file /usr/local/python/3.12.1/lib/python3.12/site-packages/airflow/example_dags/example_task_group_decorator.py for tasks to queue
[2025-11-17T16:14:07.088+0000] {logging_mixin.py:188} INFO - [2025-11-17T16:14:07.087+0000] {dagbag.py:545} INFO - Filling up the DagBag from /usr/local/python/3.12.1/lib/python3.12/site-packages/airflow/example_dags/example_task_group_decorator.py
[2025-11-17T16:14:07.098+0000] {processor.py:840} INFO - DAG(s) 'example_task_group_decorator' retrieved from /usr/local/python/3.12.1/lib/python3.12/site-packages/airflow/example_dags/example_task_group_decorator.py
[2025-11-17T16:14:07.112+0000] {logging_mixin.py:188} INFO - [2025-11-17T16:14:07.112+0000] {dag.py:3096} INFO - Sync 1 DAGs
[2025-11-17T16:14:07.126+0000] {logging_mixin.py:188} INFO - [2025-11-17T16:14:07.126+0000] {dag.py:3954} INFO - Setting next_dagrun for example_task_group_decorator to 2025-11-16 00:00:00+00:00, run_after=2025-11-17 00:00:00+00:00
[2025-11-17T16:14:07.142+0000] {processor.py:183} INFO - Processing /usr/local/python/3.12.1/lib/python3.12/site-packages/airflow/example_dags/example_task_group_decorator.py took 0.061 seconds
[2025-11-17T16:14:44.651+0000] {processor.py:161} INFO - Started process (PID=51836) to work on /usr/local/python/3.12.1/lib/python3.12/site-packages/airflow/example_dags/example_task_group_decorator.py
[2025-11-17T16:14:44.652+0000] {processor.py:830} INFO - Processing file /usr/local/python/3.12.1/lib/python3.12/site-packages/airflow/example_dags/example_task_group_decorator.py for tasks to queue
[2025-11-17T16:14:44.653+0000] {logging_mixin.py:188} INFO - [2025-11-17T16:14:44.653+0000] {dagbag.py:545} INFO - Filling up the DagBag from /usr/local/python/3.12.1/lib/python3.12/site-packages/airflow/example_dags/example_task_group_decorator.py
[2025-11-17T16:14:44.664+0000] {processor.py:840} INFO - DAG(s) 'example_task_group_decorator' retrieved from /usr/local/python/3.12.1/lib/python3.12/site-packages/airflow/example_dags/example_task_group_decorator.py
[2025-11-17T16:14:44.679+0000] {logging_mixin.py:188} INFO - [2025-11-17T16:14:44.679+0000] {dag.py:3096} INFO - Sync 1 DAGs
[2025-11-17T16:14:44.694+0000] {logging_mixin.py:188} INFO - [2025-11-17T16:14:44.694+0000] {dag.py:3954} INFO - Setting next_dagrun for example_task_group_decorator to 2025-11-16 00:00:00+00:00, run_after=2025-11-17 00:00:00+00:00
[2025-11-17T16:14:44.710+0000] {processor.py:183} INFO - Processing /usr/local/python/3.12.1/lib/python3.12/site-packages/airflow/example_dags/example_task_group_decorator.py took 0.063 seconds
[2025-11-17T16:15:25.042+0000] {processor.py:161} INFO - Started process (PID=52153) to work on /usr/local/python/3.12.1/lib/python3.12/site-packages/airflow/example_dags/example_task_group_decorator.py
[2025-11-17T16:15:25.043+0000] {processor.py:830} INFO - Processing file /usr/local/python/3.12.1/lib/python3.12/site-packages/airflow/example_dags/example_task_group_decorator.py for tasks to queue
[2025-11-17T16:15:25.044+0000] {logging_mixin.py:188} INFO - [2025-11-17T16:15:25.044+0000] {dagbag.py:545} INFO - Filling up the DagBag from /usr/local/python/3.12.1/lib/python3.12/site-packages/airflow/example_dags/example_task_group_decorator.py
[2025-11-17T16:15:25.055+0000] {processor.py:840} INFO - DAG(s) 'example_task_group_decorator' retrieved from /usr/local/python/3.12.1/lib/python3.12/site-packages/airflow/example_dags/example_task_group_decorator.py
[2025-11-17T16:15:25.071+0000] {logging_mixin.py:188} INFO - [2025-11-17T16:15:25.071+0000] {dag.py:3096} INFO - Sync 1 DAGs
[2025-11-17T16:15:25.085+0000] {logging_mixin.py:188} INFO - [2025-11-17T16:15:25.085+0000] {dag.py:3954} INFO - Setting next_dagrun for example_task_group_decorator to 2025-11-16 00:00:00+00:00, run_after=2025-11-17 00:00:00+00:00
[2025-11-17T16:15:25.101+0000] {processor.py:183} INFO - Processing /usr/local/python/3.12.1/lib/python3.12/site-packages/airflow/example_dags/example_task_group_decorator.py took 0.062 seconds
[2025-11-17T16:16:02.668+0000] {processor.py:161} INFO - Started process (PID=52501) to work on /usr/local/python/3.12.1/lib/python3.12/site-packages/airflow/example_dags/example_task_group_decorator.py
[2025-11-17T16:16:02.668+0000] {processor.py:830} INFO - Processing file /usr/local/python/3.12.1/lib/python3.12/site-packages/airflow/example_dags/example_task_group_decorator.py for tasks to queue
[2025-11-17T16:16:02.670+0000] {logging_mixin.py:188} INFO - [2025-11-17T16:16:02.670+0000] {dagbag.py:545} INFO - Filling up the DagBag from /usr/local/python/3.12.1/lib/python3.12/site-packages/airflow/example_dags/example_task_group_decorator.py
[2025-11-17T16:16:02.682+0000] {processor.py:840} INFO - DAG(s) 'example_task_group_decorator' retrieved from /usr/local/python/3.12.1/lib/python3.12/site-packages/airflow/example_dags/example_task_group_decorator.py
[2025-11-17T16:16:02.697+0000] {logging_mixin.py:188} INFO - [2025-11-17T16:16:02.697+0000] {dag.py:3096} INFO - Sync 1 DAGs
[2025-11-17T16:16:02.711+0000] {logging_mixin.py:188} INFO - [2025-11-17T16:16:02.711+0000] {dag.py:3954} INFO - Setting next_dagrun for example_task_group_decorator to 2025-11-16 00:00:00+00:00, run_after=2025-11-17 00:00:00+00:00
[2025-11-17T16:16:02.728+0000] {processor.py:183} INFO - Processing /usr/local/python/3.12.1/lib/python3.12/site-packages/airflow/example_dags/example_task_group_decorator.py took 0.064 seconds
[2025-11-17T16:16:58.013+0000] {processor.py:161} INFO - Started process (PID=52927) to work on /usr/local/python/3.12.1/lib/python3.12/site-packages/airflow/example_dags/example_task_group_decorator.py
[2025-11-17T16:16:58.014+0000] {processor.py:830} INFO - Processing file /usr/local/python/3.12.1/lib/python3.12/site-packages/airflow/example_dags/example_task_group_decorator.py for tasks to queue
[2025-11-17T16:16:58.015+0000] {logging_mixin.py:188} INFO - [2025-11-17T16:16:58.015+0000] {dagbag.py:545} INFO - Filling up the DagBag from /usr/local/python/3.12.1/lib/python3.12/site-packages/airflow/example_dags/example_task_group_decorator.py
[2025-11-17T16:16:58.026+0000] {processor.py:840} INFO - DAG(s) 'example_task_group_decorator' retrieved from /usr/local/python/3.12.1/lib/python3.12/site-packages/airflow/example_dags/example_task_group_decorator.py
[2025-11-17T16:16:58.041+0000] {logging_mixin.py:188} INFO - [2025-11-17T16:16:58.040+0000] {dag.py:3096} INFO - Sync 1 DAGs
[2025-11-17T16:16:58.055+0000] {logging_mixin.py:188} INFO - [2025-11-17T16:16:58.055+0000] {dag.py:3954} INFO - Setting next_dagrun for example_task_group_decorator to 2025-11-16 00:00:00+00:00, run_after=2025-11-17 00:00:00+00:00
[2025-11-17T16:16:58.071+0000] {processor.py:183} INFO - Processing /usr/local/python/3.12.1/lib/python3.12/site-packages/airflow/example_dags/example_task_group_decorator.py took 0.062 seconds
[2025-11-17T16:17:38.088+0000] {processor.py:161} INFO - Started process (PID=53244) to work on /usr/local/python/3.12.1/lib/python3.12/site-packages/airflow/example_dags/example_task_group_decorator.py
[2025-11-17T16:17:38.089+0000] {processor.py:830} INFO - Processing file /usr/local/python/3.12.1/lib/python3.12/site-packages/airflow/example_dags/example_task_group_decorator.py for tasks to queue
[2025-11-17T16:17:38.090+0000] {logging_mixin.py:188} INFO - [2025-11-17T16:17:38.090+0000] {dagbag.py:545} INFO - Filling up the DagBag from /usr/local/python/3.12.1/lib/python3.12/site-packages/airflow/example_dags/example_task_group_decorator.py
[2025-11-17T16:17:38.101+0000] {processor.py:840} INFO - DAG(s) 'example_task_group_decorator' retrieved from /usr/local/python/3.12.1/lib/python3.12/site-packages/airflow/example_dags/example_task_group_decorator.py
[2025-11-17T16:17:38.117+0000] {logging_mixin.py:188} INFO - [2025-11-17T16:17:38.116+0000] {dag.py:3096} INFO - Sync 1 DAGs
[2025-11-17T16:17:38.131+0000] {logging_mixin.py:188} INFO - [2025-11-17T16:17:38.131+0000] {dag.py:3954} INFO - Setting next_dagrun for example_task_group_decorator to 2025-11-16 00:00:00+00:00, run_after=2025-11-17 00:00:00+00:00
[2025-11-17T16:17:38.148+0000] {processor.py:183} INFO - Processing /usr/local/python/3.12.1/lib/python3.12/site-packages/airflow/example_dags/example_task_group_decorator.py took 0.064 seconds
[2025-11-17T16:18:17.085+0000] {processor.py:161} INFO - Started process (PID=53559) to work on /usr/local/python/3.12.1/lib/python3.12/site-packages/airflow/example_dags/example_task_group_decorator.py
[2025-11-17T16:18:17.086+0000] {processor.py:830} INFO - Processing file /usr/local/python/3.12.1/lib/python3.12/site-packages/airflow/example_dags/example_task_group_decorator.py for tasks to queue
[2025-11-17T16:18:17.088+0000] {logging_mixin.py:188} INFO - [2025-11-17T16:18:17.087+0000] {dagbag.py:545} INFO - Filling up the DagBag from /usr/local/python/3.12.1/lib/python3.12/site-packages/airflow/example_dags/example_task_group_decorator.py
[2025-11-17T16:18:17.099+0000] {processor.py:840} INFO - DAG(s) 'example_task_group_decorator' retrieved from /usr/local/python/3.12.1/lib/python3.12/site-packages/airflow/example_dags/example_task_group_decorator.py
[2025-11-17T16:18:17.115+0000] {logging_mixin.py:188} INFO - [2025-11-17T16:18:17.115+0000] {dag.py:3096} INFO - Sync 1 DAGs
[2025-11-17T16:18:17.132+0000] {logging_mixin.py:188} INFO - [2025-11-17T16:18:17.131+0000] {dag.py:3954} INFO - Setting next_dagrun for example_task_group_decorator to 2025-11-16 00:00:00+00:00, run_after=2025-11-17 00:00:00+00:00
[2025-11-17T16:18:17.156+0000] {processor.py:183} INFO - Processing /usr/local/python/3.12.1/lib/python3.12/site-packages/airflow/example_dags/example_task_group_decorator.py took 0.076 seconds
[2025-11-17T16:18:55.359+0000] {processor.py:161} INFO - Started process (PID=53864) to work on /usr/local/python/3.12.1/lib/python3.12/site-packages/airflow/example_dags/example_task_group_decorator.py
[2025-11-17T16:18:55.359+0000] {processor.py:830} INFO - Processing file /usr/local/python/3.12.1/lib/python3.12/site-packages/airflow/example_dags/example_task_group_decorator.py for tasks to queue
[2025-11-17T16:18:55.361+0000] {logging_mixin.py:188} INFO - [2025-11-17T16:18:55.360+0000] {dagbag.py:545} INFO - Filling up the DagBag from /usr/local/python/3.12.1/lib/python3.12/site-packages/airflow/example_dags/example_task_group_decorator.py
[2025-11-17T16:18:55.372+0000] {processor.py:840} INFO - DAG(s) 'example_task_group_decorator' retrieved from /usr/local/python/3.12.1/lib/python3.12/site-packages/airflow/example_dags/example_task_group_decorator.py
[2025-11-17T16:18:55.386+0000] {logging_mixin.py:188} INFO - [2025-11-17T16:18:55.386+0000] {dag.py:3096} INFO - Sync 1 DAGs
[2025-11-17T16:18:55.402+0000] {logging_mixin.py:188} INFO - [2025-11-17T16:18:55.401+0000] {dag.py:3954} INFO - Setting next_dagrun for example_task_group_decorator to 2025-11-16 00:00:00+00:00, run_after=2025-11-17 00:00:00+00:00
[2025-11-17T16:18:55.418+0000] {processor.py:183} INFO - Processing /usr/local/python/3.12.1/lib/python3.12/site-packages/airflow/example_dags/example_task_group_decorator.py took 0.063 seconds
[2025-11-17T16:19:34.133+0000] {processor.py:161} INFO - Started process (PID=54172) to work on /usr/local/python/3.12.1/lib/python3.12/site-packages/airflow/example_dags/example_task_group_decorator.py
[2025-11-17T16:19:34.134+0000] {processor.py:830} INFO - Processing file /usr/local/python/3.12.1/lib/python3.12/site-packages/airflow/example_dags/example_task_group_decorator.py for tasks to queue
[2025-11-17T16:19:34.135+0000] {logging_mixin.py:188} INFO - [2025-11-17T16:19:34.135+0000] {dagbag.py:545} INFO - Filling up the DagBag from /usr/local/python/3.12.1/lib/python3.12/site-packages/airflow/example_dags/example_task_group_decorator.py
[2025-11-17T16:19:34.146+0000] {processor.py:840} INFO - DAG(s) 'example_task_group_decorator' retrieved from /usr/local/python/3.12.1/lib/python3.12/site-packages/airflow/example_dags/example_task_group_decorator.py
[2025-11-17T16:19:34.160+0000] {logging_mixin.py:188} INFO - [2025-11-17T16:19:34.160+0000] {dag.py:3096} INFO - Sync 1 DAGs
[2025-11-17T16:19:34.176+0000] {logging_mixin.py:188} INFO - [2025-11-17T16:19:34.176+0000] {dag.py:3954} INFO - Setting next_dagrun for example_task_group_decorator to 2025-11-16 00:00:00+00:00, run_after=2025-11-17 00:00:00+00:00
[2025-11-17T16:19:34.192+0000] {processor.py:183} INFO - Processing /usr/local/python/3.12.1/lib/python3.12/site-packages/airflow/example_dags/example_task_group_decorator.py took 0.063 seconds
[2025-11-17T16:20:15.230+0000] {processor.py:161} INFO - Started process (PID=54490) to work on /usr/local/python/3.12.1/lib/python3.12/site-packages/airflow/example_dags/example_task_group_decorator.py
[2025-11-17T16:20:15.231+0000] {processor.py:830} INFO - Processing file /usr/local/python/3.12.1/lib/python3.12/site-packages/airflow/example_dags/example_task_group_decorator.py for tasks to queue
[2025-11-17T16:20:15.232+0000] {logging_mixin.py:188} INFO - [2025-11-17T16:20:15.232+0000] {dagbag.py:545} INFO - Filling up the DagBag from /usr/local/python/3.12.1/lib/python3.12/site-packages/airflow/example_dags/example_task_group_decorator.py
[2025-11-17T16:20:15.243+0000] {processor.py:840} INFO - DAG(s) 'example_task_group_decorator' retrieved from /usr/local/python/3.12.1/lib/python3.12/site-packages/airflow/example_dags/example_task_group_decorator.py
[2025-11-17T16:20:15.257+0000] {logging_mixin.py:188} INFO - [2025-11-17T16:20:15.257+0000] {dag.py:3096} INFO - Sync 1 DAGs
[2025-11-17T16:20:15.271+0000] {logging_mixin.py:188} INFO - [2025-11-17T16:20:15.271+0000] {dag.py:3954} INFO - Setting next_dagrun for example_task_group_decorator to 2025-11-16 00:00:00+00:00, run_after=2025-11-17 00:00:00+00:00
[2025-11-17T16:20:15.287+0000] {processor.py:183} INFO - Processing /usr/local/python/3.12.1/lib/python3.12/site-packages/airflow/example_dags/example_task_group_decorator.py took 0.061 seconds
[2025-11-17T16:20:53.923+0000] {processor.py:161} INFO - Started process (PID=54802) to work on /usr/local/python/3.12.1/lib/python3.12/site-packages/airflow/example_dags/example_task_group_decorator.py
[2025-11-17T16:20:53.924+0000] {processor.py:830} INFO - Processing file /usr/local/python/3.12.1/lib/python3.12/site-packages/airflow/example_dags/example_task_group_decorator.py for tasks to queue
[2025-11-17T16:20:53.925+0000] {logging_mixin.py:188} INFO - [2025-11-17T16:20:53.925+0000] {dagbag.py:545} INFO - Filling up the DagBag from /usr/local/python/3.12.1/lib/python3.12/site-packages/airflow/example_dags/example_task_group_decorator.py
[2025-11-17T16:20:53.936+0000] {processor.py:840} INFO - DAG(s) 'example_task_group_decorator' retrieved from /usr/local/python/3.12.1/lib/python3.12/site-packages/airflow/example_dags/example_task_group_decorator.py
[2025-11-17T16:20:53.950+0000] {logging_mixin.py:188} INFO - [2025-11-17T16:20:53.950+0000] {dag.py:3096} INFO - Sync 1 DAGs
[2025-11-17T16:20:53.964+0000] {logging_mixin.py:188} INFO - [2025-11-17T16:20:53.964+0000] {dag.py:3954} INFO - Setting next_dagrun for example_task_group_decorator to 2025-11-16 00:00:00+00:00, run_after=2025-11-17 00:00:00+00:00
[2025-11-17T16:20:53.981+0000] {processor.py:183} INFO - Processing /usr/local/python/3.12.1/lib/python3.12/site-packages/airflow/example_dags/example_task_group_decorator.py took 0.062 seconds
[2025-11-17T16:21:35.558+0000] {processor.py:161} INFO - Started process (PID=55152) to work on /usr/local/python/3.12.1/lib/python3.12/site-packages/airflow/example_dags/example_task_group_decorator.py
[2025-11-17T16:21:35.558+0000] {processor.py:830} INFO - Processing file /usr/local/python/3.12.1/lib/python3.12/site-packages/airflow/example_dags/example_task_group_decorator.py for tasks to queue
[2025-11-17T16:21:35.560+0000] {logging_mixin.py:188} INFO - [2025-11-17T16:21:35.559+0000] {dagbag.py:545} INFO - Filling up the DagBag from /usr/local/python/3.12.1/lib/python3.12/site-packages/airflow/example_dags/example_task_group_decorator.py
[2025-11-17T16:21:35.571+0000] {processor.py:840} INFO - DAG(s) 'example_task_group_decorator' retrieved from /usr/local/python/3.12.1/lib/python3.12/site-packages/airflow/example_dags/example_task_group_decorator.py
[2025-11-17T16:21:35.586+0000] {logging_mixin.py:188} INFO - [2025-11-17T16:21:35.586+0000] {dag.py:3096} INFO - Sync 1 DAGs
[2025-11-17T16:21:35.601+0000] {logging_mixin.py:188} INFO - [2025-11-17T16:21:35.601+0000] {dag.py:3954} INFO - Setting next_dagrun for example_task_group_decorator to 2025-11-16 00:00:00+00:00, run_after=2025-11-17 00:00:00+00:00
[2025-11-17T16:21:35.617+0000] {processor.py:183} INFO - Processing /usr/local/python/3.12.1/lib/python3.12/site-packages/airflow/example_dags/example_task_group_decorator.py took 0.064 seconds
[2025-11-17T16:22:17.208+0000] {processor.py:161} INFO - Started process (PID=55497) to work on /usr/local/python/3.12.1/lib/python3.12/site-packages/airflow/example_dags/example_task_group_decorator.py
[2025-11-17T16:22:17.209+0000] {processor.py:830} INFO - Processing file /usr/local/python/3.12.1/lib/python3.12/site-packages/airflow/example_dags/example_task_group_decorator.py for tasks to queue
[2025-11-17T16:22:17.210+0000] {logging_mixin.py:188} INFO - [2025-11-17T16:22:17.210+0000] {dagbag.py:545} INFO - Filling up the DagBag from /usr/local/python/3.12.1/lib/python3.12/site-packages/airflow/example_dags/example_task_group_decorator.py
[2025-11-17T16:22:17.223+0000] {processor.py:840} INFO - DAG(s) 'example_task_group_decorator' retrieved from /usr/local/python/3.12.1/lib/python3.12/site-packages/airflow/example_dags/example_task_group_decorator.py
[2025-11-17T16:22:17.240+0000] {logging_mixin.py:188} INFO - [2025-11-17T16:22:17.240+0000] {dag.py:3096} INFO - Sync 1 DAGs
[2025-11-17T16:22:17.254+0000] {logging_mixin.py:188} INFO - [2025-11-17T16:22:17.254+0000] {dag.py:3954} INFO - Setting next_dagrun for example_task_group_decorator to 2025-11-16 00:00:00+00:00, run_after=2025-11-17 00:00:00+00:00
[2025-11-17T16:22:17.272+0000] {processor.py:183} INFO - Processing /usr/local/python/3.12.1/lib/python3.12/site-packages/airflow/example_dags/example_task_group_decorator.py took 0.068 seconds
[2025-11-17T16:22:55.471+0000] {processor.py:161} INFO - Started process (PID=55787) to work on /usr/local/python/3.12.1/lib/python3.12/site-packages/airflow/example_dags/example_task_group_decorator.py
[2025-11-17T16:22:55.472+0000] {processor.py:830} INFO - Processing file /usr/local/python/3.12.1/lib/python3.12/site-packages/airflow/example_dags/example_task_group_decorator.py for tasks to queue
[2025-11-17T16:22:55.474+0000] {logging_mixin.py:188} INFO - [2025-11-17T16:22:55.473+0000] {dagbag.py:545} INFO - Filling up the DagBag from /usr/local/python/3.12.1/lib/python3.12/site-packages/airflow/example_dags/example_task_group_decorator.py
[2025-11-17T16:22:55.487+0000] {processor.py:840} INFO - DAG(s) 'example_task_group_decorator' retrieved from /usr/local/python/3.12.1/lib/python3.12/site-packages/airflow/example_dags/example_task_group_decorator.py
[2025-11-17T16:22:55.502+0000] {logging_mixin.py:188} INFO - [2025-11-17T16:22:55.502+0000] {dag.py:3096} INFO - Sync 1 DAGs
[2025-11-17T16:22:55.516+0000] {logging_mixin.py:188} INFO - [2025-11-17T16:22:55.516+0000] {dag.py:3954} INFO - Setting next_dagrun for example_task_group_decorator to 2025-11-16 00:00:00+00:00, run_after=2025-11-17 00:00:00+00:00
[2025-11-17T16:22:55.532+0000] {processor.py:183} INFO - Processing /usr/local/python/3.12.1/lib/python3.12/site-packages/airflow/example_dags/example_task_group_decorator.py took 0.065 seconds
[2025-11-17T16:23:35.951+0000] {processor.py:161} INFO - Started process (PID=56105) to work on /usr/local/python/3.12.1/lib/python3.12/site-packages/airflow/example_dags/example_task_group_decorator.py
[2025-11-17T16:23:35.952+0000] {processor.py:830} INFO - Processing file /usr/local/python/3.12.1/lib/python3.12/site-packages/airflow/example_dags/example_task_group_decorator.py for tasks to queue
[2025-11-17T16:23:35.953+0000] {logging_mixin.py:188} INFO - [2025-11-17T16:23:35.953+0000] {dagbag.py:545} INFO - Filling up the DagBag from /usr/local/python/3.12.1/lib/python3.12/site-packages/airflow/example_dags/example_task_group_decorator.py
[2025-11-17T16:23:35.964+0000] {processor.py:840} INFO - DAG(s) 'example_task_group_decorator' retrieved from /usr/local/python/3.12.1/lib/python3.12/site-packages/airflow/example_dags/example_task_group_decorator.py
[2025-11-17T16:23:35.978+0000] {logging_mixin.py:188} INFO - [2025-11-17T16:23:35.978+0000] {dag.py:3096} INFO - Sync 1 DAGs
[2025-11-17T16:23:35.992+0000] {logging_mixin.py:188} INFO - [2025-11-17T16:23:35.992+0000] {dag.py:3954} INFO - Setting next_dagrun for example_task_group_decorator to 2025-11-16 00:00:00+00:00, run_after=2025-11-17 00:00:00+00:00
[2025-11-17T16:23:36.008+0000] {processor.py:183} INFO - Processing /usr/local/python/3.12.1/lib/python3.12/site-packages/airflow/example_dags/example_task_group_decorator.py took 0.061 seconds
[2025-11-17T16:24:18.747+0000] {processor.py:161} INFO - Started process (PID=56456) to work on /usr/local/python/3.12.1/lib/python3.12/site-packages/airflow/example_dags/example_task_group_decorator.py
[2025-11-17T16:24:18.748+0000] {processor.py:830} INFO - Processing file /usr/local/python/3.12.1/lib/python3.12/site-packages/airflow/example_dags/example_task_group_decorator.py for tasks to queue
[2025-11-17T16:24:18.749+0000] {logging_mixin.py:188} INFO - [2025-11-17T16:24:18.749+0000] {dagbag.py:545} INFO - Filling up the DagBag from /usr/local/python/3.12.1/lib/python3.12/site-packages/airflow/example_dags/example_task_group_decorator.py
[2025-11-17T16:24:18.760+0000] {processor.py:840} INFO - DAG(s) 'example_task_group_decorator' retrieved from /usr/local/python/3.12.1/lib/python3.12/site-packages/airflow/example_dags/example_task_group_decorator.py
[2025-11-17T16:24:18.774+0000] {logging_mixin.py:188} INFO - [2025-11-17T16:24:18.774+0000] {dag.py:3096} INFO - Sync 1 DAGs
[2025-11-17T16:24:18.788+0000] {logging_mixin.py:188} INFO - [2025-11-17T16:24:18.788+0000] {dag.py:3954} INFO - Setting next_dagrun for example_task_group_decorator to 2025-11-16 00:00:00+00:00, run_after=2025-11-17 00:00:00+00:00
[2025-11-17T16:24:18.804+0000] {processor.py:183} INFO - Processing /usr/local/python/3.12.1/lib/python3.12/site-packages/airflow/example_dags/example_task_group_decorator.py took 0.061 seconds
[2025-11-17T16:24:57.297+0000] {processor.py:161} INFO - Started process (PID=56749) to work on /usr/local/python/3.12.1/lib/python3.12/site-packages/airflow/example_dags/example_task_group_decorator.py
[2025-11-17T16:24:57.298+0000] {processor.py:830} INFO - Processing file /usr/local/python/3.12.1/lib/python3.12/site-packages/airflow/example_dags/example_task_group_decorator.py for tasks to queue
[2025-11-17T16:24:57.300+0000] {logging_mixin.py:188} INFO - [2025-11-17T16:24:57.300+0000] {dagbag.py:545} INFO - Filling up the DagBag from /usr/local/python/3.12.1/lib/python3.12/site-packages/airflow/example_dags/example_task_group_decorator.py
[2025-11-17T16:24:57.311+0000] {processor.py:840} INFO - DAG(s) 'example_task_group_decorator' retrieved from /usr/local/python/3.12.1/lib/python3.12/site-packages/airflow/example_dags/example_task_group_decorator.py
[2025-11-17T16:24:57.326+0000] {logging_mixin.py:188} INFO - [2025-11-17T16:24:57.326+0000] {dag.py:3096} INFO - Sync 1 DAGs
[2025-11-17T16:24:57.340+0000] {logging_mixin.py:188} INFO - [2025-11-17T16:24:57.340+0000] {dag.py:3954} INFO - Setting next_dagrun for example_task_group_decorator to 2025-11-16 00:00:00+00:00, run_after=2025-11-17 00:00:00+00:00
[2025-11-17T16:24:57.357+0000] {processor.py:183} INFO - Processing /usr/local/python/3.12.1/lib/python3.12/site-packages/airflow/example_dags/example_task_group_decorator.py took 0.064 seconds
[2025-11-17T16:25:35.810+0000] {processor.py:161} INFO - Started process (PID=57050) to work on /usr/local/python/3.12.1/lib/python3.12/site-packages/airflow/example_dags/example_task_group_decorator.py
[2025-11-17T16:25:35.810+0000] {processor.py:830} INFO - Processing file /usr/local/python/3.12.1/lib/python3.12/site-packages/airflow/example_dags/example_task_group_decorator.py for tasks to queue
[2025-11-17T16:25:35.812+0000] {logging_mixin.py:188} INFO - [2025-11-17T16:25:35.811+0000] {dagbag.py:545} INFO - Filling up the DagBag from /usr/local/python/3.12.1/lib/python3.12/site-packages/airflow/example_dags/example_task_group_decorator.py
[2025-11-17T16:25:35.822+0000] {processor.py:840} INFO - DAG(s) 'example_task_group_decorator' retrieved from /usr/local/python/3.12.1/lib/python3.12/site-packages/airflow/example_dags/example_task_group_decorator.py
[2025-11-17T16:25:35.837+0000] {logging_mixin.py:188} INFO - [2025-11-17T16:25:35.837+0000] {dag.py:3096} INFO - Sync 1 DAGs
[2025-11-17T16:25:35.851+0000] {logging_mixin.py:188} INFO - [2025-11-17T16:25:35.851+0000] {dag.py:3954} INFO - Setting next_dagrun for example_task_group_decorator to 2025-11-16 00:00:00+00:00, run_after=2025-11-17 00:00:00+00:00
[2025-11-17T16:25:35.867+0000] {processor.py:183} INFO - Processing /usr/local/python/3.12.1/lib/python3.12/site-packages/airflow/example_dags/example_task_group_decorator.py took 0.061 seconds
[2025-11-17T16:26:16.612+0000] {processor.py:161} INFO - Started process (PID=57412) to work on /usr/local/python/3.12.1/lib/python3.12/site-packages/airflow/example_dags/example_task_group_decorator.py
[2025-11-17T16:26:16.612+0000] {processor.py:830} INFO - Processing file /usr/local/python/3.12.1/lib/python3.12/site-packages/airflow/example_dags/example_task_group_decorator.py for tasks to queue
[2025-11-17T16:26:16.614+0000] {logging_mixin.py:188} INFO - [2025-11-17T16:26:16.613+0000] {dagbag.py:545} INFO - Filling up the DagBag from /usr/local/python/3.12.1/lib/python3.12/site-packages/airflow/example_dags/example_task_group_decorator.py
[2025-11-17T16:26:16.624+0000] {processor.py:840} INFO - DAG(s) 'example_task_group_decorator' retrieved from /usr/local/python/3.12.1/lib/python3.12/site-packages/airflow/example_dags/example_task_group_decorator.py
[2025-11-17T16:26:16.639+0000] {logging_mixin.py:188} INFO - [2025-11-17T16:26:16.639+0000] {dag.py:3096} INFO - Sync 1 DAGs
[2025-11-17T16:26:16.653+0000] {logging_mixin.py:188} INFO - [2025-11-17T16:26:16.653+0000] {dag.py:3954} INFO - Setting next_dagrun for example_task_group_decorator to 2025-11-16 00:00:00+00:00, run_after=2025-11-17 00:00:00+00:00
[2025-11-17T16:26:16.669+0000] {processor.py:183} INFO - Processing /usr/local/python/3.12.1/lib/python3.12/site-packages/airflow/example_dags/example_task_group_decorator.py took 0.062 seconds
[2025-11-17T16:26:57.693+0000] {processor.py:161} INFO - Started process (PID=57737) to work on /usr/local/python/3.12.1/lib/python3.12/site-packages/airflow/example_dags/example_task_group_decorator.py
[2025-11-17T16:26:57.693+0000] {processor.py:830} INFO - Processing file /usr/local/python/3.12.1/lib/python3.12/site-packages/airflow/example_dags/example_task_group_decorator.py for tasks to queue
[2025-11-17T16:26:57.695+0000] {logging_mixin.py:188} INFO - [2025-11-17T16:26:57.694+0000] {dagbag.py:545} INFO - Filling up the DagBag from /usr/local/python/3.12.1/lib/python3.12/site-packages/airflow/example_dags/example_task_group_decorator.py
[2025-11-17T16:26:57.705+0000] {processor.py:840} INFO - DAG(s) 'example_task_group_decorator' retrieved from /usr/local/python/3.12.1/lib/python3.12/site-packages/airflow/example_dags/example_task_group_decorator.py
[2025-11-17T16:26:57.720+0000] {logging_mixin.py:188} INFO - [2025-11-17T16:26:57.720+0000] {dag.py:3096} INFO - Sync 1 DAGs
[2025-11-17T16:26:57.734+0000] {logging_mixin.py:188} INFO - [2025-11-17T16:26:57.734+0000] {dag.py:3954} INFO - Setting next_dagrun for example_task_group_decorator to 2025-11-16 00:00:00+00:00, run_after=2025-11-17 00:00:00+00:00
[2025-11-17T16:26:57.750+0000] {processor.py:183} INFO - Processing /usr/local/python/3.12.1/lib/python3.12/site-packages/airflow/example_dags/example_task_group_decorator.py took 0.061 seconds
[2025-11-17T16:27:37.615+0000] {processor.py:161} INFO - Started process (PID=58054) to work on /usr/local/python/3.12.1/lib/python3.12/site-packages/airflow/example_dags/example_task_group_decorator.py
[2025-11-17T16:27:37.615+0000] {processor.py:830} INFO - Processing file /usr/local/python/3.12.1/lib/python3.12/site-packages/airflow/example_dags/example_task_group_decorator.py for tasks to queue
[2025-11-17T16:27:37.617+0000] {logging_mixin.py:188} INFO - [2025-11-17T16:27:37.616+0000] {dagbag.py:545} INFO - Filling up the DagBag from /usr/local/python/3.12.1/lib/python3.12/site-packages/airflow/example_dags/example_task_group_decorator.py
[2025-11-17T16:27:37.627+0000] {processor.py:840} INFO - DAG(s) 'example_task_group_decorator' retrieved from /usr/local/python/3.12.1/lib/python3.12/site-packages/airflow/example_dags/example_task_group_decorator.py
[2025-11-17T16:27:37.642+0000] {logging_mixin.py:188} INFO - [2025-11-17T16:27:37.642+0000] {dag.py:3096} INFO - Sync 1 DAGs
[2025-11-17T16:27:37.656+0000] {logging_mixin.py:188} INFO - [2025-11-17T16:27:37.656+0000] {dag.py:3954} INFO - Setting next_dagrun for example_task_group_decorator to 2025-11-16 00:00:00+00:00, run_after=2025-11-17 00:00:00+00:00
[2025-11-17T16:27:37.673+0000] {processor.py:183} INFO - Processing /usr/local/python/3.12.1/lib/python3.12/site-packages/airflow/example_dags/example_task_group_decorator.py took 0.062 seconds
[2025-11-17T16:28:32.940+0000] {processor.py:161} INFO - Started process (PID=58498) to work on /usr/local/python/3.12.1/lib/python3.12/site-packages/airflow/example_dags/example_task_group_decorator.py
[2025-11-17T16:28:32.941+0000] {processor.py:830} INFO - Processing file /usr/local/python/3.12.1/lib/python3.12/site-packages/airflow/example_dags/example_task_group_decorator.py for tasks to queue
[2025-11-17T16:28:32.943+0000] {logging_mixin.py:188} INFO - [2025-11-17T16:28:32.942+0000] {dagbag.py:545} INFO - Filling up the DagBag from /usr/local/python/3.12.1/lib/python3.12/site-packages/airflow/example_dags/example_task_group_decorator.py
[2025-11-17T16:28:32.953+0000] {processor.py:840} INFO - DAG(s) 'example_task_group_decorator' retrieved from /usr/local/python/3.12.1/lib/python3.12/site-packages/airflow/example_dags/example_task_group_decorator.py
[2025-11-17T16:28:32.968+0000] {logging_mixin.py:188} INFO - [2025-11-17T16:28:32.968+0000] {dag.py:3096} INFO - Sync 1 DAGs
[2025-11-17T16:28:32.983+0000] {logging_mixin.py:188} INFO - [2025-11-17T16:28:32.982+0000] {dag.py:3954} INFO - Setting next_dagrun for example_task_group_decorator to 2025-11-16 00:00:00+00:00, run_after=2025-11-17 00:00:00+00:00
[2025-11-17T16:28:32.998+0000] {processor.py:183} INFO - Processing /usr/local/python/3.12.1/lib/python3.12/site-packages/airflow/example_dags/example_task_group_decorator.py took 0.062 seconds
[2025-11-17T16:29:11.203+0000] {processor.py:161} INFO - Started process (PID=58787) to work on /usr/local/python/3.12.1/lib/python3.12/site-packages/airflow/example_dags/example_task_group_decorator.py
[2025-11-17T16:29:11.204+0000] {processor.py:830} INFO - Processing file /usr/local/python/3.12.1/lib/python3.12/site-packages/airflow/example_dags/example_task_group_decorator.py for tasks to queue
[2025-11-17T16:29:11.205+0000] {logging_mixin.py:188} INFO - [2025-11-17T16:29:11.205+0000] {dagbag.py:545} INFO - Filling up the DagBag from /usr/local/python/3.12.1/lib/python3.12/site-packages/airflow/example_dags/example_task_group_decorator.py
[2025-11-17T16:29:11.216+0000] {processor.py:840} INFO - DAG(s) 'example_task_group_decorator' retrieved from /usr/local/python/3.12.1/lib/python3.12/site-packages/airflow/example_dags/example_task_group_decorator.py
[2025-11-17T16:29:11.231+0000] {logging_mixin.py:188} INFO - [2025-11-17T16:29:11.230+0000] {dag.py:3096} INFO - Sync 1 DAGs
[2025-11-17T16:29:11.245+0000] {logging_mixin.py:188} INFO - [2025-11-17T16:29:11.245+0000] {dag.py:3954} INFO - Setting next_dagrun for example_task_group_decorator to 2025-11-16 00:00:00+00:00, run_after=2025-11-17 00:00:00+00:00
[2025-11-17T16:29:11.261+0000] {processor.py:183} INFO - Processing /usr/local/python/3.12.1/lib/python3.12/site-packages/airflow/example_dags/example_task_group_decorator.py took 0.062 seconds
[2025-11-17T16:29:51.706+0000] {processor.py:161} INFO - Started process (PID=59106) to work on /usr/local/python/3.12.1/lib/python3.12/site-packages/airflow/example_dags/example_task_group_decorator.py
[2025-11-17T16:29:51.706+0000] {processor.py:830} INFO - Processing file /usr/local/python/3.12.1/lib/python3.12/site-packages/airflow/example_dags/example_task_group_decorator.py for tasks to queue
[2025-11-17T16:29:51.708+0000] {logging_mixin.py:188} INFO - [2025-11-17T16:29:51.707+0000] {dagbag.py:545} INFO - Filling up the DagBag from /usr/local/python/3.12.1/lib/python3.12/site-packages/airflow/example_dags/example_task_group_decorator.py
[2025-11-17T16:29:51.718+0000] {processor.py:840} INFO - DAG(s) 'example_task_group_decorator' retrieved from /usr/local/python/3.12.1/lib/python3.12/site-packages/airflow/example_dags/example_task_group_decorator.py
[2025-11-17T16:29:51.733+0000] {logging_mixin.py:188} INFO - [2025-11-17T16:29:51.733+0000] {dag.py:3096} INFO - Sync 1 DAGs
[2025-11-17T16:29:51.747+0000] {logging_mixin.py:188} INFO - [2025-11-17T16:29:51.747+0000] {dag.py:3954} INFO - Setting next_dagrun for example_task_group_decorator to 2025-11-16 00:00:00+00:00, run_after=2025-11-17 00:00:00+00:00
[2025-11-17T16:29:51.763+0000] {processor.py:183} INFO - Processing /usr/local/python/3.12.1/lib/python3.12/site-packages/airflow/example_dags/example_task_group_decorator.py took 0.061 seconds
[2025-11-17T16:30:48.420+0000] {processor.py:161} INFO - Started process (PID=59556) to work on /usr/local/python/3.12.1/lib/python3.12/site-packages/airflow/example_dags/example_task_group_decorator.py
[2025-11-17T16:30:48.421+0000] {processor.py:830} INFO - Processing file /usr/local/python/3.12.1/lib/python3.12/site-packages/airflow/example_dags/example_task_group_decorator.py for tasks to queue
[2025-11-17T16:30:48.422+0000] {logging_mixin.py:188} INFO - [2025-11-17T16:30:48.422+0000] {dagbag.py:545} INFO - Filling up the DagBag from /usr/local/python/3.12.1/lib/python3.12/site-packages/airflow/example_dags/example_task_group_decorator.py
[2025-11-17T16:30:48.433+0000] {processor.py:840} INFO - DAG(s) 'example_task_group_decorator' retrieved from /usr/local/python/3.12.1/lib/python3.12/site-packages/airflow/example_dags/example_task_group_decorator.py
[2025-11-17T16:30:48.448+0000] {logging_mixin.py:188} INFO - [2025-11-17T16:30:48.448+0000] {dag.py:3096} INFO - Sync 1 DAGs
[2025-11-17T16:30:48.462+0000] {logging_mixin.py:188} INFO - [2025-11-17T16:30:48.462+0000] {dag.py:3954} INFO - Setting next_dagrun for example_task_group_decorator to 2025-11-16 00:00:00+00:00, run_after=2025-11-17 00:00:00+00:00
[2025-11-17T16:30:48.479+0000] {processor.py:183} INFO - Processing /usr/local/python/3.12.1/lib/python3.12/site-packages/airflow/example_dags/example_task_group_decorator.py took 0.063 seconds
[2025-11-17T16:31:28.064+0000] {processor.py:161} INFO - Started process (PID=59912) to work on /usr/local/python/3.12.1/lib/python3.12/site-packages/airflow/example_dags/example_task_group_decorator.py
[2025-11-17T16:31:28.064+0000] {processor.py:830} INFO - Processing file /usr/local/python/3.12.1/lib/python3.12/site-packages/airflow/example_dags/example_task_group_decorator.py for tasks to queue
[2025-11-17T16:31:28.066+0000] {logging_mixin.py:188} INFO - [2025-11-17T16:31:28.065+0000] {dagbag.py:545} INFO - Filling up the DagBag from /usr/local/python/3.12.1/lib/python3.12/site-packages/airflow/example_dags/example_task_group_decorator.py
[2025-11-17T16:31:28.082+0000] {processor.py:840} INFO - DAG(s) 'example_task_group_decorator' retrieved from /usr/local/python/3.12.1/lib/python3.12/site-packages/airflow/example_dags/example_task_group_decorator.py
[2025-11-17T16:31:28.106+0000] {logging_mixin.py:188} INFO - [2025-11-17T16:31:28.106+0000] {dag.py:3096} INFO - Sync 1 DAGs
[2025-11-17T16:31:28.125+0000] {logging_mixin.py:188} INFO - [2025-11-17T16:31:28.125+0000] {dag.py:3954} INFO - Setting next_dagrun for example_task_group_decorator to 2025-11-16 00:00:00+00:00, run_after=2025-11-17 00:00:00+00:00
[2025-11-17T16:31:28.142+0000] {processor.py:183} INFO - Processing /usr/local/python/3.12.1/lib/python3.12/site-packages/airflow/example_dags/example_task_group_decorator.py took 0.084 seconds
[2025-11-17T16:32:06.488+0000] {processor.py:161} INFO - Started process (PID=60219) to work on /usr/local/python/3.12.1/lib/python3.12/site-packages/airflow/example_dags/example_task_group_decorator.py
[2025-11-17T16:32:06.489+0000] {processor.py:830} INFO - Processing file /usr/local/python/3.12.1/lib/python3.12/site-packages/airflow/example_dags/example_task_group_decorator.py for tasks to queue
[2025-11-17T16:32:06.490+0000] {logging_mixin.py:188} INFO - [2025-11-17T16:32:06.490+0000] {dagbag.py:545} INFO - Filling up the DagBag from /usr/local/python/3.12.1/lib/python3.12/site-packages/airflow/example_dags/example_task_group_decorator.py
[2025-11-17T16:32:06.501+0000] {processor.py:840} INFO - DAG(s) 'example_task_group_decorator' retrieved from /usr/local/python/3.12.1/lib/python3.12/site-packages/airflow/example_dags/example_task_group_decorator.py
[2025-11-17T16:32:06.516+0000] {logging_mixin.py:188} INFO - [2025-11-17T16:32:06.516+0000] {dag.py:3096} INFO - Sync 1 DAGs
[2025-11-17T16:32:06.530+0000] {logging_mixin.py:188} INFO - [2025-11-17T16:32:06.530+0000] {dag.py:3954} INFO - Setting next_dagrun for example_task_group_decorator to 2025-11-16 00:00:00+00:00, run_after=2025-11-17 00:00:00+00:00
[2025-11-17T16:32:06.547+0000] {processor.py:183} INFO - Processing /usr/local/python/3.12.1/lib/python3.12/site-packages/airflow/example_dags/example_task_group_decorator.py took 0.063 seconds
[2025-11-17T16:32:49.057+0000] {processor.py:161} INFO - Started process (PID=60552) to work on /usr/local/python/3.12.1/lib/python3.12/site-packages/airflow/example_dags/example_task_group_decorator.py
[2025-11-17T16:32:49.057+0000] {processor.py:830} INFO - Processing file /usr/local/python/3.12.1/lib/python3.12/site-packages/airflow/example_dags/example_task_group_decorator.py for tasks to queue
[2025-11-17T16:32:49.059+0000] {logging_mixin.py:188} INFO - [2025-11-17T16:32:49.058+0000] {dagbag.py:545} INFO - Filling up the DagBag from /usr/local/python/3.12.1/lib/python3.12/site-packages/airflow/example_dags/example_task_group_decorator.py
[2025-11-17T16:32:49.070+0000] {processor.py:840} INFO - DAG(s) 'example_task_group_decorator' retrieved from /usr/local/python/3.12.1/lib/python3.12/site-packages/airflow/example_dags/example_task_group_decorator.py
[2025-11-17T16:32:49.086+0000] {logging_mixin.py:188} INFO - [2025-11-17T16:32:49.086+0000] {dag.py:3096} INFO - Sync 1 DAGs
[2025-11-17T16:32:49.102+0000] {logging_mixin.py:188} INFO - [2025-11-17T16:32:49.102+0000] {dag.py:3954} INFO - Setting next_dagrun for example_task_group_decorator to 2025-11-16 00:00:00+00:00, run_after=2025-11-17 00:00:00+00:00
[2025-11-17T16:32:49.119+0000] {processor.py:183} INFO - Processing /usr/local/python/3.12.1/lib/python3.12/site-packages/airflow/example_dags/example_task_group_decorator.py took 0.067 seconds
[2025-11-17T16:33:29.048+0000] {processor.py:161} INFO - Started process (PID=60870) to work on /usr/local/python/3.12.1/lib/python3.12/site-packages/airflow/example_dags/example_task_group_decorator.py
[2025-11-17T16:33:29.048+0000] {processor.py:830} INFO - Processing file /usr/local/python/3.12.1/lib/python3.12/site-packages/airflow/example_dags/example_task_group_decorator.py for tasks to queue
[2025-11-17T16:33:29.050+0000] {logging_mixin.py:188} INFO - [2025-11-17T16:33:29.049+0000] {dagbag.py:545} INFO - Filling up the DagBag from /usr/local/python/3.12.1/lib/python3.12/site-packages/airflow/example_dags/example_task_group_decorator.py
[2025-11-17T16:33:29.061+0000] {processor.py:840} INFO - DAG(s) 'example_task_group_decorator' retrieved from /usr/local/python/3.12.1/lib/python3.12/site-packages/airflow/example_dags/example_task_group_decorator.py
[2025-11-17T16:33:29.075+0000] {logging_mixin.py:188} INFO - [2025-11-17T16:33:29.075+0000] {dag.py:3096} INFO - Sync 1 DAGs
[2025-11-17T16:33:29.089+0000] {logging_mixin.py:188} INFO - [2025-11-17T16:33:29.089+0000] {dag.py:3954} INFO - Setting next_dagrun for example_task_group_decorator to 2025-11-16 00:00:00+00:00, run_after=2025-11-17 00:00:00+00:00
[2025-11-17T16:33:29.106+0000] {processor.py:183} INFO - Processing /usr/local/python/3.12.1/lib/python3.12/site-packages/airflow/example_dags/example_task_group_decorator.py took 0.062 seconds
[2025-11-17T16:34:09.221+0000] {processor.py:161} INFO - Started process (PID=61186) to work on /usr/local/python/3.12.1/lib/python3.12/site-packages/airflow/example_dags/example_task_group_decorator.py
[2025-11-17T16:34:09.222+0000] {processor.py:830} INFO - Processing file /usr/local/python/3.12.1/lib/python3.12/site-packages/airflow/example_dags/example_task_group_decorator.py for tasks to queue
[2025-11-17T16:34:09.223+0000] {logging_mixin.py:188} INFO - [2025-11-17T16:34:09.223+0000] {dagbag.py:545} INFO - Filling up the DagBag from /usr/local/python/3.12.1/lib/python3.12/site-packages/airflow/example_dags/example_task_group_decorator.py
[2025-11-17T16:34:09.234+0000] {processor.py:840} INFO - DAG(s) 'example_task_group_decorator' retrieved from /usr/local/python/3.12.1/lib/python3.12/site-packages/airflow/example_dags/example_task_group_decorator.py
[2025-11-17T16:34:09.249+0000] {logging_mixin.py:188} INFO - [2025-11-17T16:34:09.249+0000] {dag.py:3096} INFO - Sync 1 DAGs
[2025-11-17T16:34:09.266+0000] {logging_mixin.py:188} INFO - [2025-11-17T16:34:09.266+0000] {dag.py:3954} INFO - Setting next_dagrun for example_task_group_decorator to 2025-11-16 00:00:00+00:00, run_after=2025-11-17 00:00:00+00:00
[2025-11-17T16:34:09.286+0000] {processor.py:183} INFO - Processing /usr/local/python/3.12.1/lib/python3.12/site-packages/airflow/example_dags/example_task_group_decorator.py took 0.069 seconds
[2025-11-17T16:34:48.909+0000] {processor.py:161} INFO - Started process (PID=61497) to work on /usr/local/python/3.12.1/lib/python3.12/site-packages/airflow/example_dags/example_task_group_decorator.py
[2025-11-17T16:34:48.910+0000] {processor.py:830} INFO - Processing file /usr/local/python/3.12.1/lib/python3.12/site-packages/airflow/example_dags/example_task_group_decorator.py for tasks to queue
[2025-11-17T16:34:48.911+0000] {logging_mixin.py:188} INFO - [2025-11-17T16:34:48.911+0000] {dagbag.py:545} INFO - Filling up the DagBag from /usr/local/python/3.12.1/lib/python3.12/site-packages/airflow/example_dags/example_task_group_decorator.py
[2025-11-17T16:34:48.927+0000] {processor.py:840} INFO - DAG(s) 'example_task_group_decorator' retrieved from /usr/local/python/3.12.1/lib/python3.12/site-packages/airflow/example_dags/example_task_group_decorator.py
[2025-11-17T16:34:48.952+0000] {logging_mixin.py:188} INFO - [2025-11-17T16:34:48.951+0000] {dag.py:3096} INFO - Sync 1 DAGs
[2025-11-17T16:34:48.972+0000] {logging_mixin.py:188} INFO - [2025-11-17T16:34:48.972+0000] {dag.py:3954} INFO - Setting next_dagrun for example_task_group_decorator to 2025-11-16 00:00:00+00:00, run_after=2025-11-17 00:00:00+00:00
[2025-11-17T16:34:48.989+0000] {processor.py:183} INFO - Processing /usr/local/python/3.12.1/lib/python3.12/site-packages/airflow/example_dags/example_task_group_decorator.py took 0.085 seconds
[2025-11-17T16:35:26.221+0000] {processor.py:161} INFO - Started process (PID=61788) to work on /usr/local/python/3.12.1/lib/python3.12/site-packages/airflow/example_dags/example_task_group_decorator.py
[2025-11-17T16:35:26.222+0000] {processor.py:830} INFO - Processing file /usr/local/python/3.12.1/lib/python3.12/site-packages/airflow/example_dags/example_task_group_decorator.py for tasks to queue
[2025-11-17T16:35:26.223+0000] {logging_mixin.py:188} INFO - [2025-11-17T16:35:26.223+0000] {dagbag.py:545} INFO - Filling up the DagBag from /usr/local/python/3.12.1/lib/python3.12/site-packages/airflow/example_dags/example_task_group_decorator.py
[2025-11-17T16:35:26.233+0000] {processor.py:840} INFO - DAG(s) 'example_task_group_decorator' retrieved from /usr/local/python/3.12.1/lib/python3.12/site-packages/airflow/example_dags/example_task_group_decorator.py
[2025-11-17T16:35:26.248+0000] {logging_mixin.py:188} INFO - [2025-11-17T16:35:26.248+0000] {dag.py:3096} INFO - Sync 1 DAGs
[2025-11-17T16:35:26.263+0000] {logging_mixin.py:188} INFO - [2025-11-17T16:35:26.262+0000] {dag.py:3954} INFO - Setting next_dagrun for example_task_group_decorator to 2025-11-16 00:00:00+00:00, run_after=2025-11-17 00:00:00+00:00
[2025-11-17T16:35:26.279+0000] {processor.py:183} INFO - Processing /usr/local/python/3.12.1/lib/python3.12/site-packages/airflow/example_dags/example_task_group_decorator.py took 0.062 seconds
[2025-11-17T16:36:20.645+0000] {processor.py:161} INFO - Started process (PID=62271) to work on /usr/local/python/3.12.1/lib/python3.12/site-packages/airflow/example_dags/example_task_group_decorator.py
[2025-11-17T16:36:20.646+0000] {processor.py:830} INFO - Processing file /usr/local/python/3.12.1/lib/python3.12/site-packages/airflow/example_dags/example_task_group_decorator.py for tasks to queue
[2025-11-17T16:36:20.647+0000] {logging_mixin.py:188} INFO - [2025-11-17T16:36:20.647+0000] {dagbag.py:545} INFO - Filling up the DagBag from /usr/local/python/3.12.1/lib/python3.12/site-packages/airflow/example_dags/example_task_group_decorator.py
[2025-11-17T16:36:20.658+0000] {processor.py:840} INFO - DAG(s) 'example_task_group_decorator' retrieved from /usr/local/python/3.12.1/lib/python3.12/site-packages/airflow/example_dags/example_task_group_decorator.py
[2025-11-17T16:36:20.674+0000] {logging_mixin.py:188} INFO - [2025-11-17T16:36:20.674+0000] {dag.py:3096} INFO - Sync 1 DAGs
[2025-11-17T16:36:20.689+0000] {logging_mixin.py:188} INFO - [2025-11-17T16:36:20.688+0000] {dag.py:3954} INFO - Setting next_dagrun for example_task_group_decorator to 2025-11-16 00:00:00+00:00, run_after=2025-11-17 00:00:00+00:00
[2025-11-17T16:36:20.705+0000] {processor.py:183} INFO - Processing /usr/local/python/3.12.1/lib/python3.12/site-packages/airflow/example_dags/example_task_group_decorator.py took 0.065 seconds
[2025-11-17T16:36:58.239+0000] {processor.py:161} INFO - Started process (PID=62558) to work on /usr/local/python/3.12.1/lib/python3.12/site-packages/airflow/example_dags/example_task_group_decorator.py
[2025-11-17T16:36:58.240+0000] {processor.py:830} INFO - Processing file /usr/local/python/3.12.1/lib/python3.12/site-packages/airflow/example_dags/example_task_group_decorator.py for tasks to queue
[2025-11-17T16:36:58.241+0000] {logging_mixin.py:188} INFO - [2025-11-17T16:36:58.241+0000] {dagbag.py:545} INFO - Filling up the DagBag from /usr/local/python/3.12.1/lib/python3.12/site-packages/airflow/example_dags/example_task_group_decorator.py
[2025-11-17T16:36:58.253+0000] {processor.py:840} INFO - DAG(s) 'example_task_group_decorator' retrieved from /usr/local/python/3.12.1/lib/python3.12/site-packages/airflow/example_dags/example_task_group_decorator.py
[2025-11-17T16:36:58.268+0000] {logging_mixin.py:188} INFO - [2025-11-17T16:36:58.268+0000] {dag.py:3096} INFO - Sync 1 DAGs
[2025-11-17T16:36:58.284+0000] {logging_mixin.py:188} INFO - [2025-11-17T16:36:58.283+0000] {dag.py:3954} INFO - Setting next_dagrun for example_task_group_decorator to 2025-11-16 00:00:00+00:00, run_after=2025-11-17 00:00:00+00:00
[2025-11-17T16:36:58.300+0000] {processor.py:183} INFO - Processing /usr/local/python/3.12.1/lib/python3.12/site-packages/airflow/example_dags/example_task_group_decorator.py took 0.065 seconds
[2025-11-17T16:37:40.964+0000] {processor.py:161} INFO - Started process (PID=62899) to work on /usr/local/python/3.12.1/lib/python3.12/site-packages/airflow/example_dags/example_task_group_decorator.py
[2025-11-17T16:37:40.965+0000] {processor.py:830} INFO - Processing file /usr/local/python/3.12.1/lib/python3.12/site-packages/airflow/example_dags/example_task_group_decorator.py for tasks to queue
[2025-11-17T16:37:40.966+0000] {logging_mixin.py:188} INFO - [2025-11-17T16:37:40.966+0000] {dagbag.py:545} INFO - Filling up the DagBag from /usr/local/python/3.12.1/lib/python3.12/site-packages/airflow/example_dags/example_task_group_decorator.py
[2025-11-17T16:37:40.977+0000] {processor.py:840} INFO - DAG(s) 'example_task_group_decorator' retrieved from /usr/local/python/3.12.1/lib/python3.12/site-packages/airflow/example_dags/example_task_group_decorator.py
[2025-11-17T16:37:40.992+0000] {logging_mixin.py:188} INFO - [2025-11-17T16:37:40.992+0000] {dag.py:3096} INFO - Sync 1 DAGs
[2025-11-17T16:37:41.006+0000] {logging_mixin.py:188} INFO - [2025-11-17T16:37:41.006+0000] {dag.py:3954} INFO - Setting next_dagrun for example_task_group_decorator to 2025-11-16 00:00:00+00:00, run_after=2025-11-17 00:00:00+00:00
[2025-11-17T16:37:41.022+0000] {processor.py:183} INFO - Processing /usr/local/python/3.12.1/lib/python3.12/site-packages/airflow/example_dags/example_task_group_decorator.py took 0.063 seconds
[2025-11-17T16:38:25.300+0000] {processor.py:161} INFO - Started process (PID=63443) to work on /usr/local/python/3.12.1/lib/python3.12/site-packages/airflow/example_dags/example_task_group_decorator.py
[2025-11-17T16:38:25.301+0000] {processor.py:830} INFO - Processing file /usr/local/python/3.12.1/lib/python3.12/site-packages/airflow/example_dags/example_task_group_decorator.py for tasks to queue
[2025-11-17T16:38:25.302+0000] {logging_mixin.py:188} INFO - [2025-11-17T16:38:25.302+0000] {dagbag.py:545} INFO - Filling up the DagBag from /usr/local/python/3.12.1/lib/python3.12/site-packages/airflow/example_dags/example_task_group_decorator.py
[2025-11-17T16:38:25.313+0000] {processor.py:840} INFO - DAG(s) 'example_task_group_decorator' retrieved from /usr/local/python/3.12.1/lib/python3.12/site-packages/airflow/example_dags/example_task_group_decorator.py
[2025-11-17T16:38:25.327+0000] {logging_mixin.py:188} INFO - [2025-11-17T16:38:25.327+0000] {dag.py:3096} INFO - Sync 1 DAGs
[2025-11-17T16:38:25.342+0000] {logging_mixin.py:188} INFO - [2025-11-17T16:38:25.342+0000] {dag.py:3954} INFO - Setting next_dagrun for example_task_group_decorator to 2025-11-16 00:00:00+00:00, run_after=2025-11-17 00:00:00+00:00
[2025-11-17T16:38:25.358+0000] {processor.py:183} INFO - Processing /usr/local/python/3.12.1/lib/python3.12/site-packages/airflow/example_dags/example_task_group_decorator.py took 0.062 seconds
[2025-11-17T16:39:08.204+0000] {processor.py:161} INFO - Started process (PID=64608) to work on /usr/local/python/3.12.1/lib/python3.12/site-packages/airflow/example_dags/example_task_group_decorator.py
[2025-11-17T16:39:08.205+0000] {processor.py:830} INFO - Processing file /usr/local/python/3.12.1/lib/python3.12/site-packages/airflow/example_dags/example_task_group_decorator.py for tasks to queue
[2025-11-17T16:39:08.206+0000] {logging_mixin.py:188} INFO - [2025-11-17T16:39:08.206+0000] {dagbag.py:545} INFO - Filling up the DagBag from /usr/local/python/3.12.1/lib/python3.12/site-packages/airflow/example_dags/example_task_group_decorator.py
[2025-11-17T16:39:08.222+0000] {processor.py:840} INFO - DAG(s) 'example_task_group_decorator' retrieved from /usr/local/python/3.12.1/lib/python3.12/site-packages/airflow/example_dags/example_task_group_decorator.py
[2025-11-17T16:39:08.238+0000] {logging_mixin.py:188} INFO - [2025-11-17T16:39:08.238+0000] {dag.py:3096} INFO - Sync 1 DAGs
[2025-11-17T16:39:08.258+0000] {logging_mixin.py:188} INFO - [2025-11-17T16:39:08.258+0000] {dag.py:3954} INFO - Setting next_dagrun for example_task_group_decorator to 2025-11-16 00:00:00+00:00, run_after=2025-11-17 00:00:00+00:00
[2025-11-17T16:39:08.274+0000] {processor.py:183} INFO - Processing /usr/local/python/3.12.1/lib/python3.12/site-packages/airflow/example_dags/example_task_group_decorator.py took 0.075 seconds
