[2025-11-17T15:42:43.409+0000] {processor.py:161} INFO - Started process (PID=28211) to work on /usr/local/python/3.12.1/lib/python3.12/site-packages/airflow/example_dags/example_datasets.py
[2025-11-17T15:42:43.410+0000] {processor.py:830} INFO - Processing file /usr/local/python/3.12.1/lib/python3.12/site-packages/airflow/example_dags/example_datasets.py for tasks to queue
[2025-11-17T15:42:43.411+0000] {logging_mixin.py:188} INFO - [2025-11-17T15:42:43.410+0000] {dagbag.py:545} INFO - Filling up the DagBag from /usr/local/python/3.12.1/lib/python3.12/site-packages/airflow/example_dags/example_datasets.py
[2025-11-17T15:42:43.420+0000] {processor.py:840} INFO - DAG(s) 'dataset_produces_1', 'dataset_consumes_1', 'consume_1_or_2_with_dataset_expressions', 'dataset_consumes_unknown_never_scheduled', 'conditional_dataset_and_time_based_timetable', 'dataset_consumes_1_and_2', 'dataset_produces_2', 'consume_1_or_both_2_and_3_with_dataset_expressions', 'consume_1_and_2_with_dataset_expressions', 'dataset_consumes_1_never_scheduled' retrieved from /usr/local/python/3.12.1/lib/python3.12/site-packages/airflow/example_dags/example_datasets.py
[2025-11-17T15:42:43.500+0000] {logging_mixin.py:188} INFO - [2025-11-17T15:42:43.499+0000] {override.py:1829} INFO - Created Permission View: can read on DAG:dataset_produces_1
[2025-11-17T15:42:43.508+0000] {logging_mixin.py:188} INFO - [2025-11-17T15:42:43.508+0000] {override.py:1829} INFO - Created Permission View: can edit on DAG:dataset_produces_1
[2025-11-17T15:42:43.514+0000] {logging_mixin.py:188} INFO - [2025-11-17T15:42:43.514+0000] {override.py:1829} INFO - Created Permission View: can delete on DAG:dataset_produces_1
[2025-11-17T15:42:43.526+0000] {logging_mixin.py:188} INFO - [2025-11-17T15:42:43.526+0000] {override.py:1829} INFO - Created Permission View: can read on DAG:dataset_consumes_1
[2025-11-17T15:42:43.532+0000] {logging_mixin.py:188} INFO - [2025-11-17T15:42:43.532+0000] {override.py:1829} INFO - Created Permission View: can edit on DAG:dataset_consumes_1
[2025-11-17T15:42:43.538+0000] {logging_mixin.py:188} INFO - [2025-11-17T15:42:43.538+0000] {override.py:1829} INFO - Created Permission View: can delete on DAG:dataset_consumes_1
[2025-11-17T15:42:43.552+0000] {logging_mixin.py:188} INFO - [2025-11-17T15:42:43.552+0000] {override.py:1829} INFO - Created Permission View: can read on DAG:consume_1_or_2_with_dataset_expressions
[2025-11-17T15:42:43.558+0000] {logging_mixin.py:188} INFO - [2025-11-17T15:42:43.557+0000] {override.py:1829} INFO - Created Permission View: can edit on DAG:consume_1_or_2_with_dataset_expressions
[2025-11-17T15:42:43.564+0000] {logging_mixin.py:188} INFO - [2025-11-17T15:42:43.564+0000] {override.py:1829} INFO - Created Permission View: can delete on DAG:consume_1_or_2_with_dataset_expressions
[2025-11-17T15:42:43.581+0000] {logging_mixin.py:188} INFO - [2025-11-17T15:42:43.581+0000] {override.py:1829} INFO - Created Permission View: can read on DAG:dataset_consumes_unknown_never_scheduled
[2025-11-17T15:42:43.589+0000] {logging_mixin.py:188} INFO - [2025-11-17T15:42:43.589+0000] {override.py:1829} INFO - Created Permission View: can edit on DAG:dataset_consumes_unknown_never_scheduled
[2025-11-17T15:42:43.597+0000] {logging_mixin.py:188} INFO - [2025-11-17T15:42:43.596+0000] {override.py:1829} INFO - Created Permission View: can delete on DAG:dataset_consumes_unknown_never_scheduled
[2025-11-17T15:42:43.616+0000] {logging_mixin.py:188} INFO - [2025-11-17T15:42:43.615+0000] {override.py:1829} INFO - Created Permission View: can read on DAG:conditional_dataset_and_time_based_timetable
[2025-11-17T15:42:43.622+0000] {logging_mixin.py:188} INFO - [2025-11-17T15:42:43.622+0000] {override.py:1829} INFO - Created Permission View: can edit on DAG:conditional_dataset_and_time_based_timetable
[2025-11-17T15:42:43.629+0000] {logging_mixin.py:188} INFO - [2025-11-17T15:42:43.628+0000] {override.py:1829} INFO - Created Permission View: can delete on DAG:conditional_dataset_and_time_based_timetable
[2025-11-17T15:42:43.642+0000] {logging_mixin.py:188} INFO - [2025-11-17T15:42:43.641+0000] {override.py:1829} INFO - Created Permission View: can read on DAG:dataset_consumes_1_and_2
[2025-11-17T15:42:43.648+0000] {logging_mixin.py:188} INFO - [2025-11-17T15:42:43.648+0000] {override.py:1829} INFO - Created Permission View: can edit on DAG:dataset_consumes_1_and_2
[2025-11-17T15:42:43.653+0000] {logging_mixin.py:188} INFO - [2025-11-17T15:42:43.653+0000] {override.py:1829} INFO - Created Permission View: can delete on DAG:dataset_consumes_1_and_2
[2025-11-17T15:42:43.667+0000] {logging_mixin.py:188} INFO - [2025-11-17T15:42:43.666+0000] {override.py:1829} INFO - Created Permission View: can read on DAG:dataset_produces_2
[2025-11-17T15:42:43.673+0000] {logging_mixin.py:188} INFO - [2025-11-17T15:42:43.672+0000] {override.py:1829} INFO - Created Permission View: can edit on DAG:dataset_produces_2
[2025-11-17T15:42:43.678+0000] {logging_mixin.py:188} INFO - [2025-11-17T15:42:43.678+0000] {override.py:1829} INFO - Created Permission View: can delete on DAG:dataset_produces_2
[2025-11-17T15:42:43.692+0000] {logging_mixin.py:188} INFO - [2025-11-17T15:42:43.692+0000] {override.py:1829} INFO - Created Permission View: can read on DAG:consume_1_or_both_2_and_3_with_dataset_expressions
[2025-11-17T15:42:43.698+0000] {logging_mixin.py:188} INFO - [2025-11-17T15:42:43.698+0000] {override.py:1829} INFO - Created Permission View: can edit on DAG:consume_1_or_both_2_and_3_with_dataset_expressions
[2025-11-17T15:42:43.704+0000] {logging_mixin.py:188} INFO - [2025-11-17T15:42:43.704+0000] {override.py:1829} INFO - Created Permission View: can delete on DAG:consume_1_or_both_2_and_3_with_dataset_expressions
[2025-11-17T15:42:43.717+0000] {logging_mixin.py:188} INFO - [2025-11-17T15:42:43.717+0000] {override.py:1829} INFO - Created Permission View: can read on DAG:consume_1_and_2_with_dataset_expressions
[2025-11-17T15:42:43.723+0000] {logging_mixin.py:188} INFO - [2025-11-17T15:42:43.723+0000] {override.py:1829} INFO - Created Permission View: can edit on DAG:consume_1_and_2_with_dataset_expressions
[2025-11-17T15:42:43.730+0000] {logging_mixin.py:188} INFO - [2025-11-17T15:42:43.730+0000] {override.py:1829} INFO - Created Permission View: can delete on DAG:consume_1_and_2_with_dataset_expressions
[2025-11-17T15:42:43.743+0000] {logging_mixin.py:188} INFO - [2025-11-17T15:42:43.743+0000] {override.py:1829} INFO - Created Permission View: can read on DAG:dataset_consumes_1_never_scheduled
[2025-11-17T15:42:43.749+0000] {logging_mixin.py:188} INFO - [2025-11-17T15:42:43.749+0000] {override.py:1829} INFO - Created Permission View: can edit on DAG:dataset_consumes_1_never_scheduled
[2025-11-17T15:42:43.755+0000] {logging_mixin.py:188} INFO - [2025-11-17T15:42:43.754+0000] {override.py:1829} INFO - Created Permission View: can delete on DAG:dataset_consumes_1_never_scheduled
[2025-11-17T15:42:43.755+0000] {logging_mixin.py:188} INFO - [2025-11-17T15:42:43.755+0000] {dag.py:3096} INFO - Sync 10 DAGs
[2025-11-17T15:42:43.762+0000] {logging_mixin.py:188} INFO - [2025-11-17T15:42:43.762+0000] {dag.py:3118} INFO - Creating ORM DAG for conditional_dataset_and_time_based_timetable
[2025-11-17T15:42:43.763+0000] {logging_mixin.py:188} INFO - [2025-11-17T15:42:43.763+0000] {dag.py:3118} INFO - Creating ORM DAG for dataset_consumes_1
[2025-11-17T15:42:43.763+0000] {logging_mixin.py:188} INFO - [2025-11-17T15:42:43.763+0000] {dag.py:3118} INFO - Creating ORM DAG for dataset_produces_1
[2025-11-17T15:42:43.764+0000] {logging_mixin.py:188} INFO - [2025-11-17T15:42:43.764+0000] {dag.py:3118} INFO - Creating ORM DAG for dataset_produces_2
[2025-11-17T15:42:43.764+0000] {logging_mixin.py:188} INFO - [2025-11-17T15:42:43.764+0000] {dag.py:3118} INFO - Creating ORM DAG for dataset_consumes_1_never_scheduled
[2025-11-17T15:42:43.765+0000] {logging_mixin.py:188} INFO - [2025-11-17T15:42:43.764+0000] {dag.py:3118} INFO - Creating ORM DAG for consume_1_or_2_with_dataset_expressions
[2025-11-17T15:42:43.765+0000] {logging_mixin.py:188} INFO - [2025-11-17T15:42:43.765+0000] {dag.py:3118} INFO - Creating ORM DAG for dataset_consumes_1_and_2
[2025-11-17T15:42:43.765+0000] {logging_mixin.py:188} INFO - [2025-11-17T15:42:43.765+0000] {dag.py:3118} INFO - Creating ORM DAG for dataset_consumes_unknown_never_scheduled
[2025-11-17T15:42:43.766+0000] {logging_mixin.py:188} INFO - [2025-11-17T15:42:43.766+0000] {dag.py:3118} INFO - Creating ORM DAG for consume_1_or_both_2_and_3_with_dataset_expressions
[2025-11-17T15:42:43.766+0000] {logging_mixin.py:188} INFO - [2025-11-17T15:42:43.766+0000] {dag.py:3118} INFO - Creating ORM DAG for consume_1_and_2_with_dataset_expressions
[2025-11-17T15:42:43.774+0000] {logging_mixin.py:188} INFO - [2025-11-17T15:42:43.774+0000] {dag.py:3954} INFO - Setting next_dagrun for conditional_dataset_and_time_based_timetable to 2025-11-12 01:00:00+00:00, run_after=2025-11-12 01:00:00+00:00
[2025-11-17T15:42:43.775+0000] {logging_mixin.py:188} INFO - [2025-11-17T15:42:43.775+0000] {dag.py:3954} INFO - Setting next_dagrun for consume_1_and_2_with_dataset_expressions to None, run_after=None
[2025-11-17T15:42:43.775+0000] {logging_mixin.py:188} INFO - [2025-11-17T15:42:43.775+0000] {dag.py:3954} INFO - Setting next_dagrun for consume_1_or_2_with_dataset_expressions to None, run_after=None
[2025-11-17T15:42:43.775+0000] {logging_mixin.py:188} INFO - [2025-11-17T15:42:43.775+0000] {dag.py:3954} INFO - Setting next_dagrun for consume_1_or_both_2_and_3_with_dataset_expressions to None, run_after=None
[2025-11-17T15:42:43.776+0000] {logging_mixin.py:188} INFO - [2025-11-17T15:42:43.775+0000] {dag.py:3954} INFO - Setting next_dagrun for dataset_consumes_1 to None, run_after=None
[2025-11-17T15:42:43.776+0000] {logging_mixin.py:188} INFO - [2025-11-17T15:42:43.776+0000] {dag.py:3954} INFO - Setting next_dagrun for dataset_consumes_1_and_2 to None, run_after=None
[2025-11-17T15:42:43.776+0000] {logging_mixin.py:188} INFO - [2025-11-17T15:42:43.776+0000] {dag.py:3954} INFO - Setting next_dagrun for dataset_consumes_1_never_scheduled to None, run_after=None
[2025-11-17T15:42:43.777+0000] {logging_mixin.py:188} INFO - [2025-11-17T15:42:43.777+0000] {dag.py:3954} INFO - Setting next_dagrun for dataset_consumes_unknown_never_scheduled to None, run_after=None
[2025-11-17T15:42:43.778+0000] {logging_mixin.py:188} INFO - [2025-11-17T15:42:43.778+0000] {dag.py:3954} INFO - Setting next_dagrun for dataset_produces_1 to 2025-11-16 00:00:00+00:00, run_after=2025-11-17 00:00:00+00:00
[2025-11-17T15:42:43.778+0000] {logging_mixin.py:188} INFO - [2025-11-17T15:42:43.778+0000] {dag.py:3954} INFO - Setting next_dagrun for dataset_produces_2 to None, run_after=None
[2025-11-17T15:42:43.804+0000] {processor.py:183} INFO - Processing /usr/local/python/3.12.1/lib/python3.12/site-packages/airflow/example_dags/example_datasets.py took 0.399 seconds
[2025-11-17T15:43:35.641+0000] {processor.py:161} INFO - Started process (PID=29270) to work on /usr/local/python/3.12.1/lib/python3.12/site-packages/airflow/example_dags/example_datasets.py
[2025-11-17T15:43:35.641+0000] {processor.py:830} INFO - Processing file /usr/local/python/3.12.1/lib/python3.12/site-packages/airflow/example_dags/example_datasets.py for tasks to queue
[2025-11-17T15:43:35.642+0000] {logging_mixin.py:188} INFO - [2025-11-17T15:43:35.642+0000] {dagbag.py:545} INFO - Filling up the DagBag from /usr/local/python/3.12.1/lib/python3.12/site-packages/airflow/example_dags/example_datasets.py
[2025-11-17T15:43:35.651+0000] {processor.py:840} INFO - DAG(s) 'dataset_produces_1', 'consume_1_and_2_with_dataset_expressions', 'consume_1_or_2_with_dataset_expressions', 'dataset_consumes_1_and_2', 'conditional_dataset_and_time_based_timetable', 'consume_1_or_both_2_and_3_with_dataset_expressions', 'dataset_produces_2', 'dataset_consumes_1_never_scheduled', 'dataset_consumes_1', 'dataset_consumes_unknown_never_scheduled' retrieved from /usr/local/python/3.12.1/lib/python3.12/site-packages/airflow/example_dags/example_datasets.py
[2025-11-17T15:43:35.678+0000] {logging_mixin.py:188} INFO - [2025-11-17T15:43:35.678+0000] {dag.py:3096} INFO - Sync 10 DAGs
[2025-11-17T15:43:35.695+0000] {logging_mixin.py:188} INFO - [2025-11-17T15:43:35.694+0000] {dag.py:3954} INFO - Setting next_dagrun for conditional_dataset_and_time_based_timetable to 2025-11-12 01:00:00+00:00, run_after=2025-11-12 01:00:00+00:00
[2025-11-17T15:43:35.697+0000] {logging_mixin.py:188} INFO - [2025-11-17T15:43:35.697+0000] {dag.py:3954} INFO - Setting next_dagrun for consume_1_and_2_with_dataset_expressions to None, run_after=None
[2025-11-17T15:43:35.698+0000] {logging_mixin.py:188} INFO - [2025-11-17T15:43:35.698+0000] {dag.py:3954} INFO - Setting next_dagrun for consume_1_or_2_with_dataset_expressions to None, run_after=None
[2025-11-17T15:43:35.699+0000] {logging_mixin.py:188} INFO - [2025-11-17T15:43:35.698+0000] {dag.py:3954} INFO - Setting next_dagrun for consume_1_or_both_2_and_3_with_dataset_expressions to None, run_after=None
[2025-11-17T15:43:35.699+0000] {logging_mixin.py:188} INFO - [2025-11-17T15:43:35.699+0000] {dag.py:3954} INFO - Setting next_dagrun for dataset_consumes_1 to None, run_after=None
[2025-11-17T15:43:35.700+0000] {logging_mixin.py:188} INFO - [2025-11-17T15:43:35.700+0000] {dag.py:3954} INFO - Setting next_dagrun for dataset_consumes_1_and_2 to None, run_after=None
[2025-11-17T15:43:35.700+0000] {logging_mixin.py:188} INFO - [2025-11-17T15:43:35.700+0000] {dag.py:3954} INFO - Setting next_dagrun for dataset_consumes_1_never_scheduled to None, run_after=None
[2025-11-17T15:43:35.701+0000] {logging_mixin.py:188} INFO - [2025-11-17T15:43:35.701+0000] {dag.py:3954} INFO - Setting next_dagrun for dataset_consumes_unknown_never_scheduled to None, run_after=None
[2025-11-17T15:43:35.703+0000] {logging_mixin.py:188} INFO - [2025-11-17T15:43:35.703+0000] {dag.py:3954} INFO - Setting next_dagrun for dataset_produces_1 to 2025-11-16 00:00:00+00:00, run_after=2025-11-17 00:00:00+00:00
[2025-11-17T15:43:35.703+0000] {logging_mixin.py:188} INFO - [2025-11-17T15:43:35.703+0000] {dag.py:3954} INFO - Setting next_dagrun for dataset_produces_2 to None, run_after=None
[2025-11-17T15:43:35.725+0000] {processor.py:183} INFO - Processing /usr/local/python/3.12.1/lib/python3.12/site-packages/airflow/example_dags/example_datasets.py took 0.088 seconds
[2025-11-17T15:44:31.373+0000] {processor.py:161} INFO - Started process (PID=29777) to work on /usr/local/python/3.12.1/lib/python3.12/site-packages/airflow/example_dags/example_datasets.py
[2025-11-17T15:44:31.374+0000] {processor.py:830} INFO - Processing file /usr/local/python/3.12.1/lib/python3.12/site-packages/airflow/example_dags/example_datasets.py for tasks to queue
[2025-11-17T15:44:31.375+0000] {logging_mixin.py:188} INFO - [2025-11-17T15:44:31.375+0000] {dagbag.py:545} INFO - Filling up the DagBag from /usr/local/python/3.12.1/lib/python3.12/site-packages/airflow/example_dags/example_datasets.py
[2025-11-17T15:44:31.384+0000] {processor.py:840} INFO - DAG(s) 'dataset_consumes_1_and_2', 'dataset_produces_2', 'consume_1_and_2_with_dataset_expressions', 'dataset_consumes_1', 'dataset_consumes_1_never_scheduled', 'consume_1_or_2_with_dataset_expressions', 'dataset_consumes_unknown_never_scheduled', 'dataset_produces_1', 'conditional_dataset_and_time_based_timetable', 'consume_1_or_both_2_and_3_with_dataset_expressions' retrieved from /usr/local/python/3.12.1/lib/python3.12/site-packages/airflow/example_dags/example_datasets.py
[2025-11-17T15:44:31.412+0000] {logging_mixin.py:188} INFO - [2025-11-17T15:44:31.412+0000] {dag.py:3096} INFO - Sync 10 DAGs
[2025-11-17T15:44:31.428+0000] {logging_mixin.py:188} INFO - [2025-11-17T15:44:31.428+0000] {dag.py:3954} INFO - Setting next_dagrun for conditional_dataset_and_time_based_timetable to 2025-11-12 01:00:00+00:00, run_after=2025-11-12 01:00:00+00:00
[2025-11-17T15:44:31.431+0000] {logging_mixin.py:188} INFO - [2025-11-17T15:44:31.431+0000] {dag.py:3954} INFO - Setting next_dagrun for consume_1_and_2_with_dataset_expressions to None, run_after=None
[2025-11-17T15:44:31.431+0000] {logging_mixin.py:188} INFO - [2025-11-17T15:44:31.431+0000] {dag.py:3954} INFO - Setting next_dagrun for consume_1_or_2_with_dataset_expressions to None, run_after=None
[2025-11-17T15:44:31.432+0000] {logging_mixin.py:188} INFO - [2025-11-17T15:44:31.432+0000] {dag.py:3954} INFO - Setting next_dagrun for consume_1_or_both_2_and_3_with_dataset_expressions to None, run_after=None
[2025-11-17T15:44:31.433+0000] {logging_mixin.py:188} INFO - [2025-11-17T15:44:31.433+0000] {dag.py:3954} INFO - Setting next_dagrun for dataset_consumes_1 to None, run_after=None
[2025-11-17T15:44:31.433+0000] {logging_mixin.py:188} INFO - [2025-11-17T15:44:31.433+0000] {dag.py:3954} INFO - Setting next_dagrun for dataset_consumes_1_and_2 to None, run_after=None
[2025-11-17T15:44:31.434+0000] {logging_mixin.py:188} INFO - [2025-11-17T15:44:31.434+0000] {dag.py:3954} INFO - Setting next_dagrun for dataset_consumes_1_never_scheduled to None, run_after=None
[2025-11-17T15:44:31.435+0000] {logging_mixin.py:188} INFO - [2025-11-17T15:44:31.434+0000] {dag.py:3954} INFO - Setting next_dagrun for dataset_consumes_unknown_never_scheduled to None, run_after=None
[2025-11-17T15:44:31.436+0000] {logging_mixin.py:188} INFO - [2025-11-17T15:44:31.436+0000] {dag.py:3954} INFO - Setting next_dagrun for dataset_produces_1 to 2025-11-16 00:00:00+00:00, run_after=2025-11-17 00:00:00+00:00
[2025-11-17T15:44:31.437+0000] {logging_mixin.py:188} INFO - [2025-11-17T15:44:31.437+0000] {dag.py:3954} INFO - Setting next_dagrun for dataset_produces_2 to None, run_after=None
[2025-11-17T15:44:31.460+0000] {processor.py:183} INFO - Processing /usr/local/python/3.12.1/lib/python3.12/site-packages/airflow/example_dags/example_datasets.py took 0.091 seconds
[2025-11-17T15:45:31.249+0000] {processor.py:161} INFO - Started process (PID=30849) to work on /usr/local/python/3.12.1/lib/python3.12/site-packages/airflow/example_dags/example_datasets.py
[2025-11-17T15:45:31.249+0000] {processor.py:830} INFO - Processing file /usr/local/python/3.12.1/lib/python3.12/site-packages/airflow/example_dags/example_datasets.py for tasks to queue
[2025-11-17T15:45:31.250+0000] {logging_mixin.py:188} INFO - [2025-11-17T15:45:31.250+0000] {dagbag.py:545} INFO - Filling up the DagBag from /usr/local/python/3.12.1/lib/python3.12/site-packages/airflow/example_dags/example_datasets.py
[2025-11-17T15:45:31.259+0000] {processor.py:840} INFO - DAG(s) 'consume_1_or_both_2_and_3_with_dataset_expressions', 'dataset_consumes_1', 'dataset_consumes_unknown_never_scheduled', 'dataset_consumes_1_and_2', 'dataset_produces_2', 'dataset_produces_1', 'consume_1_or_2_with_dataset_expressions', 'conditional_dataset_and_time_based_timetable', 'dataset_consumes_1_never_scheduled', 'consume_1_and_2_with_dataset_expressions' retrieved from /usr/local/python/3.12.1/lib/python3.12/site-packages/airflow/example_dags/example_datasets.py
[2025-11-17T15:45:31.286+0000] {logging_mixin.py:188} INFO - [2025-11-17T15:45:31.286+0000] {dag.py:3096} INFO - Sync 10 DAGs
[2025-11-17T15:45:31.302+0000] {logging_mixin.py:188} INFO - [2025-11-17T15:45:31.302+0000] {dag.py:3954} INFO - Setting next_dagrun for conditional_dataset_and_time_based_timetable to 2025-11-12 01:00:00+00:00, run_after=2025-11-12 01:00:00+00:00
[2025-11-17T15:45:31.304+0000] {logging_mixin.py:188} INFO - [2025-11-17T15:45:31.304+0000] {dag.py:3954} INFO - Setting next_dagrun for consume_1_and_2_with_dataset_expressions to None, run_after=None
[2025-11-17T15:45:31.306+0000] {logging_mixin.py:188} INFO - [2025-11-17T15:45:31.306+0000] {dag.py:3954} INFO - Setting next_dagrun for consume_1_or_2_with_dataset_expressions to None, run_after=None
[2025-11-17T15:45:31.306+0000] {logging_mixin.py:188} INFO - [2025-11-17T15:45:31.306+0000] {dag.py:3954} INFO - Setting next_dagrun for consume_1_or_both_2_and_3_with_dataset_expressions to None, run_after=None
[2025-11-17T15:45:31.307+0000] {logging_mixin.py:188} INFO - [2025-11-17T15:45:31.307+0000] {dag.py:3954} INFO - Setting next_dagrun for dataset_consumes_1 to None, run_after=None
[2025-11-17T15:45:31.308+0000] {logging_mixin.py:188} INFO - [2025-11-17T15:45:31.308+0000] {dag.py:3954} INFO - Setting next_dagrun for dataset_consumes_1_and_2 to None, run_after=None
[2025-11-17T15:45:31.308+0000] {logging_mixin.py:188} INFO - [2025-11-17T15:45:31.308+0000] {dag.py:3954} INFO - Setting next_dagrun for dataset_consumes_1_never_scheduled to None, run_after=None
[2025-11-17T15:45:31.309+0000] {logging_mixin.py:188} INFO - [2025-11-17T15:45:31.309+0000] {dag.py:3954} INFO - Setting next_dagrun for dataset_consumes_unknown_never_scheduled to None, run_after=None
[2025-11-17T15:45:31.311+0000] {logging_mixin.py:188} INFO - [2025-11-17T15:45:31.310+0000] {dag.py:3954} INFO - Setting next_dagrun for dataset_produces_1 to 2025-11-16 00:00:00+00:00, run_after=2025-11-17 00:00:00+00:00
[2025-11-17T15:45:31.311+0000] {logging_mixin.py:188} INFO - [2025-11-17T15:45:31.311+0000] {dag.py:3954} INFO - Setting next_dagrun for dataset_produces_2 to None, run_after=None
[2025-11-17T15:45:31.333+0000] {processor.py:183} INFO - Processing /usr/local/python/3.12.1/lib/python3.12/site-packages/airflow/example_dags/example_datasets.py took 0.088 seconds
[2025-11-17T16:01:16.886+0000] {processor.py:161} INFO - Started process (PID=41172) to work on /usr/local/python/3.12.1/lib/python3.12/site-packages/airflow/example_dags/example_datasets.py
[2025-11-17T16:01:16.887+0000] {processor.py:830} INFO - Processing file /usr/local/python/3.12.1/lib/python3.12/site-packages/airflow/example_dags/example_datasets.py for tasks to queue
[2025-11-17T16:01:16.888+0000] {logging_mixin.py:188} INFO - [2025-11-17T16:01:16.888+0000] {dagbag.py:545} INFO - Filling up the DagBag from /usr/local/python/3.12.1/lib/python3.12/site-packages/airflow/example_dags/example_datasets.py
[2025-11-17T16:01:16.897+0000] {processor.py:840} INFO - DAG(s) 'dataset_consumes_unknown_never_scheduled', 'dataset_consumes_1_and_2', 'dataset_consumes_1', 'consume_1_or_2_with_dataset_expressions', 'consume_1_and_2_with_dataset_expressions', 'consume_1_or_both_2_and_3_with_dataset_expressions', 'dataset_consumes_1_never_scheduled', 'dataset_produces_1', 'dataset_produces_2', 'conditional_dataset_and_time_based_timetable' retrieved from /usr/local/python/3.12.1/lib/python3.12/site-packages/airflow/example_dags/example_datasets.py
[2025-11-17T16:01:16.925+0000] {logging_mixin.py:188} INFO - [2025-11-17T16:01:16.925+0000] {dag.py:3096} INFO - Sync 10 DAGs
[2025-11-17T16:01:16.942+0000] {logging_mixin.py:188} INFO - [2025-11-17T16:01:16.941+0000] {dag.py:3954} INFO - Setting next_dagrun for conditional_dataset_and_time_based_timetable to 2025-11-12 01:00:00+00:00, run_after=2025-11-12 01:00:00+00:00
[2025-11-17T16:01:16.944+0000] {logging_mixin.py:188} INFO - [2025-11-17T16:01:16.944+0000] {dag.py:3954} INFO - Setting next_dagrun for consume_1_and_2_with_dataset_expressions to None, run_after=None
[2025-11-17T16:01:16.945+0000] {logging_mixin.py:188} INFO - [2025-11-17T16:01:16.945+0000] {dag.py:3954} INFO - Setting next_dagrun for consume_1_or_2_with_dataset_expressions to None, run_after=None
[2025-11-17T16:01:16.945+0000] {logging_mixin.py:188} INFO - [2025-11-17T16:01:16.945+0000] {dag.py:3954} INFO - Setting next_dagrun for consume_1_or_both_2_and_3_with_dataset_expressions to None, run_after=None
[2025-11-17T16:01:16.946+0000] {logging_mixin.py:188} INFO - [2025-11-17T16:01:16.946+0000] {dag.py:3954} INFO - Setting next_dagrun for dataset_consumes_1 to None, run_after=None
[2025-11-17T16:01:16.947+0000] {logging_mixin.py:188} INFO - [2025-11-17T16:01:16.947+0000] {dag.py:3954} INFO - Setting next_dagrun for dataset_consumes_1_and_2 to None, run_after=None
[2025-11-17T16:01:16.947+0000] {logging_mixin.py:188} INFO - [2025-11-17T16:01:16.947+0000] {dag.py:3954} INFO - Setting next_dagrun for dataset_consumes_1_never_scheduled to None, run_after=None
[2025-11-17T16:01:16.948+0000] {logging_mixin.py:188} INFO - [2025-11-17T16:01:16.948+0000] {dag.py:3954} INFO - Setting next_dagrun for dataset_consumes_unknown_never_scheduled to None, run_after=None
[2025-11-17T16:01:16.950+0000] {logging_mixin.py:188} INFO - [2025-11-17T16:01:16.950+0000] {dag.py:3954} INFO - Setting next_dagrun for dataset_produces_1 to 2025-11-16 00:00:00+00:00, run_after=2025-11-17 00:00:00+00:00
[2025-11-17T16:01:16.950+0000] {logging_mixin.py:188} INFO - [2025-11-17T16:01:16.950+0000] {dag.py:3954} INFO - Setting next_dagrun for dataset_produces_2 to None, run_after=None
[2025-11-17T16:01:16.972+0000] {processor.py:183} INFO - Processing /usr/local/python/3.12.1/lib/python3.12/site-packages/airflow/example_dags/example_datasets.py took 0.090 seconds
[2025-11-17T16:02:07.185+0000] {processor.py:161} INFO - Started process (PID=41758) to work on /usr/local/python/3.12.1/lib/python3.12/site-packages/airflow/example_dags/example_datasets.py
[2025-11-17T16:02:07.186+0000] {processor.py:830} INFO - Processing file /usr/local/python/3.12.1/lib/python3.12/site-packages/airflow/example_dags/example_datasets.py for tasks to queue
[2025-11-17T16:02:07.187+0000] {logging_mixin.py:188} INFO - [2025-11-17T16:02:07.187+0000] {dagbag.py:545} INFO - Filling up the DagBag from /usr/local/python/3.12.1/lib/python3.12/site-packages/airflow/example_dags/example_datasets.py
[2025-11-17T16:02:07.200+0000] {processor.py:840} INFO - DAG(s) 'conditional_dataset_and_time_based_timetable', 'consume_1_or_2_with_dataset_expressions', 'dataset_consumes_1_never_scheduled', 'dataset_produces_2', 'dataset_produces_1', 'consume_1_or_both_2_and_3_with_dataset_expressions', 'consume_1_and_2_with_dataset_expressions', 'dataset_consumes_1', 'dataset_consumes_unknown_never_scheduled', 'dataset_consumes_1_and_2' retrieved from /usr/local/python/3.12.1/lib/python3.12/site-packages/airflow/example_dags/example_datasets.py
[2025-11-17T16:02:07.231+0000] {logging_mixin.py:188} INFO - [2025-11-17T16:02:07.230+0000] {dag.py:3096} INFO - Sync 10 DAGs
[2025-11-17T16:02:07.247+0000] {logging_mixin.py:188} INFO - [2025-11-17T16:02:07.247+0000] {dag.py:3954} INFO - Setting next_dagrun for conditional_dataset_and_time_based_timetable to 2025-11-12 01:00:00+00:00, run_after=2025-11-12 01:00:00+00:00
[2025-11-17T16:02:07.249+0000] {logging_mixin.py:188} INFO - [2025-11-17T16:02:07.249+0000] {dag.py:3954} INFO - Setting next_dagrun for consume_1_and_2_with_dataset_expressions to None, run_after=None
[2025-11-17T16:02:07.250+0000] {logging_mixin.py:188} INFO - [2025-11-17T16:02:07.250+0000] {dag.py:3954} INFO - Setting next_dagrun for consume_1_or_2_with_dataset_expressions to None, run_after=None
[2025-11-17T16:02:07.251+0000] {logging_mixin.py:188} INFO - [2025-11-17T16:02:07.251+0000] {dag.py:3954} INFO - Setting next_dagrun for consume_1_or_both_2_and_3_with_dataset_expressions to None, run_after=None
[2025-11-17T16:02:07.252+0000] {logging_mixin.py:188} INFO - [2025-11-17T16:02:07.251+0000] {dag.py:3954} INFO - Setting next_dagrun for dataset_consumes_1 to None, run_after=None
[2025-11-17T16:02:07.252+0000] {logging_mixin.py:188} INFO - [2025-11-17T16:02:07.252+0000] {dag.py:3954} INFO - Setting next_dagrun for dataset_consumes_1_and_2 to None, run_after=None
[2025-11-17T16:02:07.253+0000] {logging_mixin.py:188} INFO - [2025-11-17T16:02:07.253+0000] {dag.py:3954} INFO - Setting next_dagrun for dataset_consumes_1_never_scheduled to None, run_after=None
[2025-11-17T16:02:07.254+0000] {logging_mixin.py:188} INFO - [2025-11-17T16:02:07.253+0000] {dag.py:3954} INFO - Setting next_dagrun for dataset_consumes_unknown_never_scheduled to None, run_after=None
[2025-11-17T16:02:07.255+0000] {logging_mixin.py:188} INFO - [2025-11-17T16:02:07.255+0000] {dag.py:3954} INFO - Setting next_dagrun for dataset_produces_1 to 2025-11-16 00:00:00+00:00, run_after=2025-11-17 00:00:00+00:00
[2025-11-17T16:02:07.256+0000] {logging_mixin.py:188} INFO - [2025-11-17T16:02:07.256+0000] {dag.py:3954} INFO - Setting next_dagrun for dataset_produces_2 to None, run_after=None
[2025-11-17T16:02:07.278+0000] {processor.py:183} INFO - Processing /usr/local/python/3.12.1/lib/python3.12/site-packages/airflow/example_dags/example_datasets.py took 0.097 seconds
[2025-11-17T16:03:11.582+0000] {processor.py:161} INFO - Started process (PID=42618) to work on /usr/local/python/3.12.1/lib/python3.12/site-packages/airflow/example_dags/example_datasets.py
[2025-11-17T16:03:11.583+0000] {processor.py:830} INFO - Processing file /usr/local/python/3.12.1/lib/python3.12/site-packages/airflow/example_dags/example_datasets.py for tasks to queue
[2025-11-17T16:03:11.584+0000] {logging_mixin.py:188} INFO - [2025-11-17T16:03:11.584+0000] {dagbag.py:545} INFO - Filling up the DagBag from /usr/local/python/3.12.1/lib/python3.12/site-packages/airflow/example_dags/example_datasets.py
[2025-11-17T16:03:11.593+0000] {processor.py:840} INFO - DAG(s) 'conditional_dataset_and_time_based_timetable', 'dataset_consumes_1_and_2', 'dataset_consumes_unknown_never_scheduled', 'consume_1_or_2_with_dataset_expressions', 'dataset_produces_2', 'consume_1_and_2_with_dataset_expressions', 'dataset_consumes_1', 'dataset_produces_1', 'dataset_consumes_1_never_scheduled', 'consume_1_or_both_2_and_3_with_dataset_expressions' retrieved from /usr/local/python/3.12.1/lib/python3.12/site-packages/airflow/example_dags/example_datasets.py
[2025-11-17T16:03:11.621+0000] {logging_mixin.py:188} INFO - [2025-11-17T16:03:11.621+0000] {dag.py:3096} INFO - Sync 10 DAGs
[2025-11-17T16:03:11.637+0000] {logging_mixin.py:188} INFO - [2025-11-17T16:03:11.637+0000] {dag.py:3954} INFO - Setting next_dagrun for conditional_dataset_and_time_based_timetable to 2025-11-12 01:00:00+00:00, run_after=2025-11-12 01:00:00+00:00
[2025-11-17T16:03:11.639+0000] {logging_mixin.py:188} INFO - [2025-11-17T16:03:11.639+0000] {dag.py:3954} INFO - Setting next_dagrun for consume_1_and_2_with_dataset_expressions to None, run_after=None
[2025-11-17T16:03:11.640+0000] {logging_mixin.py:188} INFO - [2025-11-17T16:03:11.640+0000] {dag.py:3954} INFO - Setting next_dagrun for consume_1_or_2_with_dataset_expressions to None, run_after=None
[2025-11-17T16:03:11.641+0000] {logging_mixin.py:188} INFO - [2025-11-17T16:03:11.641+0000] {dag.py:3954} INFO - Setting next_dagrun for consume_1_or_both_2_and_3_with_dataset_expressions to None, run_after=None
[2025-11-17T16:03:11.641+0000] {logging_mixin.py:188} INFO - [2025-11-17T16:03:11.641+0000] {dag.py:3954} INFO - Setting next_dagrun for dataset_consumes_1 to None, run_after=None
[2025-11-17T16:03:11.642+0000] {logging_mixin.py:188} INFO - [2025-11-17T16:03:11.642+0000] {dag.py:3954} INFO - Setting next_dagrun for dataset_consumes_1_and_2 to None, run_after=None
[2025-11-17T16:03:11.643+0000] {logging_mixin.py:188} INFO - [2025-11-17T16:03:11.643+0000] {dag.py:3954} INFO - Setting next_dagrun for dataset_consumes_1_never_scheduled to None, run_after=None
[2025-11-17T16:03:11.643+0000] {logging_mixin.py:188} INFO - [2025-11-17T16:03:11.643+0000] {dag.py:3954} INFO - Setting next_dagrun for dataset_consumes_unknown_never_scheduled to None, run_after=None
[2025-11-17T16:03:11.645+0000] {logging_mixin.py:188} INFO - [2025-11-17T16:03:11.645+0000] {dag.py:3954} INFO - Setting next_dagrun for dataset_produces_1 to 2025-11-16 00:00:00+00:00, run_after=2025-11-17 00:00:00+00:00
[2025-11-17T16:03:11.646+0000] {logging_mixin.py:188} INFO - [2025-11-17T16:03:11.646+0000] {dag.py:3954} INFO - Setting next_dagrun for dataset_produces_2 to None, run_after=None
[2025-11-17T16:03:11.668+0000] {processor.py:183} INFO - Processing /usr/local/python/3.12.1/lib/python3.12/site-packages/airflow/example_dags/example_datasets.py took 0.090 seconds
[2025-11-17T16:04:12.076+0000] {processor.py:161} INFO - Started process (PID=43388) to work on /usr/local/python/3.12.1/lib/python3.12/site-packages/airflow/example_dags/example_datasets.py
[2025-11-17T16:04:12.076+0000] {processor.py:830} INFO - Processing file /usr/local/python/3.12.1/lib/python3.12/site-packages/airflow/example_dags/example_datasets.py for tasks to queue
[2025-11-17T16:04:12.078+0000] {logging_mixin.py:188} INFO - [2025-11-17T16:04:12.078+0000] {dagbag.py:545} INFO - Filling up the DagBag from /usr/local/python/3.12.1/lib/python3.12/site-packages/airflow/example_dags/example_datasets.py
[2025-11-17T16:04:12.093+0000] {processor.py:840} INFO - DAG(s) 'dataset_consumes_1', 'consume_1_and_2_with_dataset_expressions', 'consume_1_or_both_2_and_3_with_dataset_expressions', 'dataset_consumes_unknown_never_scheduled', 'dataset_consumes_1_and_2', 'conditional_dataset_and_time_based_timetable', 'dataset_produces_1', 'consume_1_or_2_with_dataset_expressions', 'dataset_consumes_1_never_scheduled', 'dataset_produces_2' retrieved from /usr/local/python/3.12.1/lib/python3.12/site-packages/airflow/example_dags/example_datasets.py
[2025-11-17T16:04:12.138+0000] {logging_mixin.py:188} INFO - [2025-11-17T16:04:12.137+0000] {dag.py:3096} INFO - Sync 10 DAGs
[2025-11-17T16:04:12.160+0000] {logging_mixin.py:188} INFO - [2025-11-17T16:04:12.160+0000] {dag.py:3954} INFO - Setting next_dagrun for conditional_dataset_and_time_based_timetable to 2025-11-12 01:00:00+00:00, run_after=2025-11-12 01:00:00+00:00
[2025-11-17T16:04:12.162+0000] {logging_mixin.py:188} INFO - [2025-11-17T16:04:12.162+0000] {dag.py:3954} INFO - Setting next_dagrun for consume_1_and_2_with_dataset_expressions to None, run_after=None
[2025-11-17T16:04:12.164+0000] {logging_mixin.py:188} INFO - [2025-11-17T16:04:12.164+0000] {dag.py:3954} INFO - Setting next_dagrun for consume_1_or_2_with_dataset_expressions to None, run_after=None
[2025-11-17T16:04:12.165+0000] {logging_mixin.py:188} INFO - [2025-11-17T16:04:12.164+0000] {dag.py:3954} INFO - Setting next_dagrun for consume_1_or_both_2_and_3_with_dataset_expressions to None, run_after=None
[2025-11-17T16:04:12.165+0000] {logging_mixin.py:188} INFO - [2025-11-17T16:04:12.165+0000] {dag.py:3954} INFO - Setting next_dagrun for dataset_consumes_1 to None, run_after=None
[2025-11-17T16:04:12.166+0000] {logging_mixin.py:188} INFO - [2025-11-17T16:04:12.166+0000] {dag.py:3954} INFO - Setting next_dagrun for dataset_consumes_1_and_2 to None, run_after=None
[2025-11-17T16:04:12.167+0000] {logging_mixin.py:188} INFO - [2025-11-17T16:04:12.166+0000] {dag.py:3954} INFO - Setting next_dagrun for dataset_consumes_1_never_scheduled to None, run_after=None
[2025-11-17T16:04:12.167+0000] {logging_mixin.py:188} INFO - [2025-11-17T16:04:12.167+0000] {dag.py:3954} INFO - Setting next_dagrun for dataset_consumes_unknown_never_scheduled to None, run_after=None
[2025-11-17T16:04:12.169+0000] {logging_mixin.py:188} INFO - [2025-11-17T16:04:12.169+0000] {dag.py:3954} INFO - Setting next_dagrun for dataset_produces_1 to 2025-11-16 00:00:00+00:00, run_after=2025-11-17 00:00:00+00:00
[2025-11-17T16:04:12.169+0000] {logging_mixin.py:188} INFO - [2025-11-17T16:04:12.169+0000] {dag.py:3954} INFO - Setting next_dagrun for dataset_produces_2 to None, run_after=None
[2025-11-17T16:04:12.192+0000] {processor.py:183} INFO - Processing /usr/local/python/3.12.1/lib/python3.12/site-packages/airflow/example_dags/example_datasets.py took 0.123 seconds
[2025-11-17T16:06:33.997+0000] {processor.py:161} INFO - Started process (PID=45544) to work on /usr/local/python/3.12.1/lib/python3.12/site-packages/airflow/example_dags/example_datasets.py
[2025-11-17T16:06:33.999+0000] {processor.py:830} INFO - Processing file /usr/local/python/3.12.1/lib/python3.12/site-packages/airflow/example_dags/example_datasets.py for tasks to queue
[2025-11-17T16:06:34.005+0000] {logging_mixin.py:188} INFO - [2025-11-17T16:06:34.004+0000] {dagbag.py:545} INFO - Filling up the DagBag from /usr/local/python/3.12.1/lib/python3.12/site-packages/airflow/example_dags/example_datasets.py
[2025-11-17T16:06:34.017+0000] {processor.py:840} INFO - DAG(s) 'consume_1_or_both_2_and_3_with_dataset_expressions', 'consume_1_or_2_with_dataset_expressions', 'dataset_consumes_1', 'dataset_produces_2', 'consume_1_and_2_with_dataset_expressions', 'dataset_consumes_unknown_never_scheduled', 'dataset_consumes_1_never_scheduled', 'conditional_dataset_and_time_based_timetable', 'dataset_produces_1', 'dataset_consumes_1_and_2' retrieved from /usr/local/python/3.12.1/lib/python3.12/site-packages/airflow/example_dags/example_datasets.py
[2025-11-17T16:06:34.047+0000] {logging_mixin.py:188} INFO - [2025-11-17T16:06:34.047+0000] {dag.py:3096} INFO - Sync 10 DAGs
[2025-11-17T16:06:34.071+0000] {logging_mixin.py:188} INFO - [2025-11-17T16:06:34.070+0000] {dag.py:3954} INFO - Setting next_dagrun for conditional_dataset_and_time_based_timetable to 2025-11-12 01:00:00+00:00, run_after=2025-11-12 01:00:00+00:00
[2025-11-17T16:06:34.075+0000] {logging_mixin.py:188} INFO - [2025-11-17T16:06:34.074+0000] {dag.py:3954} INFO - Setting next_dagrun for consume_1_and_2_with_dataset_expressions to None, run_after=None
[2025-11-17T16:06:34.076+0000] {logging_mixin.py:188} INFO - [2025-11-17T16:06:34.076+0000] {dag.py:3954} INFO - Setting next_dagrun for consume_1_or_2_with_dataset_expressions to None, run_after=None
[2025-11-17T16:06:34.078+0000] {logging_mixin.py:188} INFO - [2025-11-17T16:06:34.077+0000] {dag.py:3954} INFO - Setting next_dagrun for consume_1_or_both_2_and_3_with_dataset_expressions to None, run_after=None
[2025-11-17T16:06:34.079+0000] {logging_mixin.py:188} INFO - [2025-11-17T16:06:34.078+0000] {dag.py:3954} INFO - Setting next_dagrun for dataset_consumes_1 to None, run_after=None
[2025-11-17T16:06:34.080+0000] {logging_mixin.py:188} INFO - [2025-11-17T16:06:34.079+0000] {dag.py:3954} INFO - Setting next_dagrun for dataset_consumes_1_and_2 to None, run_after=None
[2025-11-17T16:06:34.081+0000] {logging_mixin.py:188} INFO - [2025-11-17T16:06:34.081+0000] {dag.py:3954} INFO - Setting next_dagrun for dataset_consumes_1_never_scheduled to None, run_after=None
[2025-11-17T16:06:34.082+0000] {logging_mixin.py:188} INFO - [2025-11-17T16:06:34.082+0000] {dag.py:3954} INFO - Setting next_dagrun for dataset_consumes_unknown_never_scheduled to None, run_after=None
[2025-11-17T16:06:34.085+0000] {logging_mixin.py:188} INFO - [2025-11-17T16:06:34.085+0000] {dag.py:3954} INFO - Setting next_dagrun for dataset_produces_1 to 2025-11-16 00:00:00+00:00, run_after=2025-11-17 00:00:00+00:00
[2025-11-17T16:06:34.086+0000] {logging_mixin.py:188} INFO - [2025-11-17T16:06:34.086+0000] {dag.py:3954} INFO - Setting next_dagrun for dataset_produces_2 to None, run_after=None
[2025-11-17T16:06:34.118+0000] {processor.py:183} INFO - Processing /usr/local/python/3.12.1/lib/python3.12/site-packages/airflow/example_dags/example_datasets.py took 0.128 seconds
[2025-11-17T16:07:24.362+0000] {processor.py:161} INFO - Started process (PID=46641) to work on /usr/local/python/3.12.1/lib/python3.12/site-packages/airflow/example_dags/example_datasets.py
[2025-11-17T16:07:24.363+0000] {processor.py:830} INFO - Processing file /usr/local/python/3.12.1/lib/python3.12/site-packages/airflow/example_dags/example_datasets.py for tasks to queue
[2025-11-17T16:07:24.364+0000] {logging_mixin.py:188} INFO - [2025-11-17T16:07:24.364+0000] {dagbag.py:545} INFO - Filling up the DagBag from /usr/local/python/3.12.1/lib/python3.12/site-packages/airflow/example_dags/example_datasets.py
[2025-11-17T16:07:24.373+0000] {processor.py:840} INFO - DAG(s) 'dataset_consumes_1_and_2', 'dataset_produces_2', 'dataset_produces_1', 'dataset_consumes_1', 'consume_1_or_2_with_dataset_expressions', 'dataset_consumes_unknown_never_scheduled', 'dataset_consumes_1_never_scheduled', 'consume_1_or_both_2_and_3_with_dataset_expressions', 'conditional_dataset_and_time_based_timetable', 'consume_1_and_2_with_dataset_expressions' retrieved from /usr/local/python/3.12.1/lib/python3.12/site-packages/airflow/example_dags/example_datasets.py
[2025-11-17T16:07:24.401+0000] {logging_mixin.py:188} INFO - [2025-11-17T16:07:24.401+0000] {dag.py:3096} INFO - Sync 10 DAGs
[2025-11-17T16:07:24.417+0000] {logging_mixin.py:188} INFO - [2025-11-17T16:07:24.417+0000] {dag.py:3954} INFO - Setting next_dagrun for conditional_dataset_and_time_based_timetable to 2025-11-12 01:00:00+00:00, run_after=2025-11-12 01:00:00+00:00
[2025-11-17T16:07:24.419+0000] {logging_mixin.py:188} INFO - [2025-11-17T16:07:24.419+0000] {dag.py:3954} INFO - Setting next_dagrun for consume_1_and_2_with_dataset_expressions to None, run_after=None
[2025-11-17T16:07:24.420+0000] {logging_mixin.py:188} INFO - [2025-11-17T16:07:24.420+0000] {dag.py:3954} INFO - Setting next_dagrun for consume_1_or_2_with_dataset_expressions to None, run_after=None
[2025-11-17T16:07:24.421+0000] {logging_mixin.py:188} INFO - [2025-11-17T16:07:24.421+0000] {dag.py:3954} INFO - Setting next_dagrun for consume_1_or_both_2_and_3_with_dataset_expressions to None, run_after=None
[2025-11-17T16:07:24.422+0000] {logging_mixin.py:188} INFO - [2025-11-17T16:07:24.421+0000] {dag.py:3954} INFO - Setting next_dagrun for dataset_consumes_1 to None, run_after=None
[2025-11-17T16:07:24.422+0000] {logging_mixin.py:188} INFO - [2025-11-17T16:07:24.422+0000] {dag.py:3954} INFO - Setting next_dagrun for dataset_consumes_1_and_2 to None, run_after=None
[2025-11-17T16:07:24.423+0000] {logging_mixin.py:188} INFO - [2025-11-17T16:07:24.423+0000] {dag.py:3954} INFO - Setting next_dagrun for dataset_consumes_1_never_scheduled to None, run_after=None
[2025-11-17T16:07:24.424+0000] {logging_mixin.py:188} INFO - [2025-11-17T16:07:24.423+0000] {dag.py:3954} INFO - Setting next_dagrun for dataset_consumes_unknown_never_scheduled to None, run_after=None
[2025-11-17T16:07:24.425+0000] {logging_mixin.py:188} INFO - [2025-11-17T16:07:24.425+0000] {dag.py:3954} INFO - Setting next_dagrun for dataset_produces_1 to 2025-11-16 00:00:00+00:00, run_after=2025-11-17 00:00:00+00:00
[2025-11-17T16:07:24.426+0000] {logging_mixin.py:188} INFO - [2025-11-17T16:07:24.426+0000] {dag.py:3954} INFO - Setting next_dagrun for dataset_produces_2 to None, run_after=None
[2025-11-17T16:07:24.448+0000] {processor.py:183} INFO - Processing /usr/local/python/3.12.1/lib/python3.12/site-packages/airflow/example_dags/example_datasets.py took 0.090 seconds
[2025-11-17T16:08:21.129+0000] {processor.py:161} INFO - Started process (PID=47458) to work on /usr/local/python/3.12.1/lib/python3.12/site-packages/airflow/example_dags/example_datasets.py
[2025-11-17T16:08:21.129+0000] {processor.py:830} INFO - Processing file /usr/local/python/3.12.1/lib/python3.12/site-packages/airflow/example_dags/example_datasets.py for tasks to queue
[2025-11-17T16:08:21.131+0000] {logging_mixin.py:188} INFO - [2025-11-17T16:08:21.130+0000] {dagbag.py:545} INFO - Filling up the DagBag from /usr/local/python/3.12.1/lib/python3.12/site-packages/airflow/example_dags/example_datasets.py
[2025-11-17T16:08:21.139+0000] {processor.py:840} INFO - DAG(s) 'dataset_produces_1', 'dataset_consumes_1_and_2', 'dataset_consumes_1_never_scheduled', 'consume_1_and_2_with_dataset_expressions', 'dataset_consumes_1', 'conditional_dataset_and_time_based_timetable', 'dataset_produces_2', 'dataset_consumes_unknown_never_scheduled', 'consume_1_or_both_2_and_3_with_dataset_expressions', 'consume_1_or_2_with_dataset_expressions' retrieved from /usr/local/python/3.12.1/lib/python3.12/site-packages/airflow/example_dags/example_datasets.py
[2025-11-17T16:08:21.166+0000] {logging_mixin.py:188} INFO - [2025-11-17T16:08:21.166+0000] {dag.py:3096} INFO - Sync 10 DAGs
[2025-11-17T16:08:21.184+0000] {logging_mixin.py:188} INFO - [2025-11-17T16:08:21.184+0000] {dag.py:3954} INFO - Setting next_dagrun for conditional_dataset_and_time_based_timetable to 2025-11-12 01:00:00+00:00, run_after=2025-11-12 01:00:00+00:00
[2025-11-17T16:08:21.186+0000] {logging_mixin.py:188} INFO - [2025-11-17T16:08:21.186+0000] {dag.py:3954} INFO - Setting next_dagrun for consume_1_and_2_with_dataset_expressions to None, run_after=None
[2025-11-17T16:08:21.187+0000] {logging_mixin.py:188} INFO - [2025-11-17T16:08:21.187+0000] {dag.py:3954} INFO - Setting next_dagrun for consume_1_or_2_with_dataset_expressions to None, run_after=None
[2025-11-17T16:08:21.188+0000] {logging_mixin.py:188} INFO - [2025-11-17T16:08:21.188+0000] {dag.py:3954} INFO - Setting next_dagrun for consume_1_or_both_2_and_3_with_dataset_expressions to None, run_after=None
[2025-11-17T16:08:21.189+0000] {logging_mixin.py:188} INFO - [2025-11-17T16:08:21.188+0000] {dag.py:3954} INFO - Setting next_dagrun for dataset_consumes_1 to None, run_after=None
[2025-11-17T16:08:21.189+0000] {logging_mixin.py:188} INFO - [2025-11-17T16:08:21.189+0000] {dag.py:3954} INFO - Setting next_dagrun for dataset_consumes_1_and_2 to None, run_after=None
[2025-11-17T16:08:21.190+0000] {logging_mixin.py:188} INFO - [2025-11-17T16:08:21.190+0000] {dag.py:3954} INFO - Setting next_dagrun for dataset_consumes_1_never_scheduled to None, run_after=None
[2025-11-17T16:08:21.191+0000] {logging_mixin.py:188} INFO - [2025-11-17T16:08:21.191+0000] {dag.py:3954} INFO - Setting next_dagrun for dataset_consumes_unknown_never_scheduled to None, run_after=None
[2025-11-17T16:08:21.192+0000] {logging_mixin.py:188} INFO - [2025-11-17T16:08:21.192+0000] {dag.py:3954} INFO - Setting next_dagrun for dataset_produces_1 to 2025-11-16 00:00:00+00:00, run_after=2025-11-17 00:00:00+00:00
[2025-11-17T16:08:21.193+0000] {logging_mixin.py:188} INFO - [2025-11-17T16:08:21.193+0000] {dag.py:3954} INFO - Setting next_dagrun for dataset_produces_2 to None, run_after=None
[2025-11-17T16:08:21.215+0000] {processor.py:183} INFO - Processing /usr/local/python/3.12.1/lib/python3.12/site-packages/airflow/example_dags/example_datasets.py took 0.091 seconds
[2025-11-17T16:09:22.792+0000] {processor.py:161} INFO - Started process (PID=48334) to work on /usr/local/python/3.12.1/lib/python3.12/site-packages/airflow/example_dags/example_datasets.py
[2025-11-17T16:09:22.793+0000] {processor.py:830} INFO - Processing file /usr/local/python/3.12.1/lib/python3.12/site-packages/airflow/example_dags/example_datasets.py for tasks to queue
[2025-11-17T16:09:22.795+0000] {logging_mixin.py:188} INFO - [2025-11-17T16:09:22.795+0000] {dagbag.py:545} INFO - Filling up the DagBag from /usr/local/python/3.12.1/lib/python3.12/site-packages/airflow/example_dags/example_datasets.py
[2025-11-17T16:09:22.817+0000] {processor.py:840} INFO - DAG(s) 'dataset_consumes_unknown_never_scheduled', 'dataset_produces_2', 'consume_1_and_2_with_dataset_expressions', 'consume_1_or_both_2_and_3_with_dataset_expressions', 'dataset_consumes_1', 'dataset_consumes_1_never_scheduled', 'dataset_consumes_1_and_2', 'conditional_dataset_and_time_based_timetable', 'consume_1_or_2_with_dataset_expressions', 'dataset_produces_1' retrieved from /usr/local/python/3.12.1/lib/python3.12/site-packages/airflow/example_dags/example_datasets.py
[2025-11-17T16:09:22.867+0000] {logging_mixin.py:188} INFO - [2025-11-17T16:09:22.867+0000] {dag.py:3096} INFO - Sync 10 DAGs
[2025-11-17T16:09:22.895+0000] {logging_mixin.py:188} INFO - [2025-11-17T16:09:22.895+0000] {dag.py:3954} INFO - Setting next_dagrun for conditional_dataset_and_time_based_timetable to 2025-11-12 01:00:00+00:00, run_after=2025-11-12 01:00:00+00:00
[2025-11-17T16:09:22.899+0000] {logging_mixin.py:188} INFO - [2025-11-17T16:09:22.899+0000] {dag.py:3954} INFO - Setting next_dagrun for consume_1_and_2_with_dataset_expressions to None, run_after=None
[2025-11-17T16:09:22.900+0000] {logging_mixin.py:188} INFO - [2025-11-17T16:09:22.900+0000] {dag.py:3954} INFO - Setting next_dagrun for consume_1_or_2_with_dataset_expressions to None, run_after=None
[2025-11-17T16:09:22.901+0000] {logging_mixin.py:188} INFO - [2025-11-17T16:09:22.901+0000] {dag.py:3954} INFO - Setting next_dagrun for consume_1_or_both_2_and_3_with_dataset_expressions to None, run_after=None
[2025-11-17T16:09:22.902+0000] {logging_mixin.py:188} INFO - [2025-11-17T16:09:22.902+0000] {dag.py:3954} INFO - Setting next_dagrun for dataset_consumes_1 to None, run_after=None
[2025-11-17T16:09:22.904+0000] {logging_mixin.py:188} INFO - [2025-11-17T16:09:22.903+0000] {dag.py:3954} INFO - Setting next_dagrun for dataset_consumes_1_and_2 to None, run_after=None
[2025-11-17T16:09:22.905+0000] {logging_mixin.py:188} INFO - [2025-11-17T16:09:22.904+0000] {dag.py:3954} INFO - Setting next_dagrun for dataset_consumes_1_never_scheduled to None, run_after=None
[2025-11-17T16:09:22.906+0000] {logging_mixin.py:188} INFO - [2025-11-17T16:09:22.906+0000] {dag.py:3954} INFO - Setting next_dagrun for dataset_consumes_unknown_never_scheduled to None, run_after=None
[2025-11-17T16:09:22.920+0000] {logging_mixin.py:188} INFO - [2025-11-17T16:09:22.920+0000] {dag.py:3954} INFO - Setting next_dagrun for dataset_produces_1 to 2025-11-16 00:00:00+00:00, run_after=2025-11-17 00:00:00+00:00
[2025-11-17T16:09:22.924+0000] {logging_mixin.py:188} INFO - [2025-11-17T16:09:22.924+0000] {dag.py:3954} INFO - Setting next_dagrun for dataset_produces_2 to None, run_after=None
[2025-11-17T16:09:22.969+0000] {processor.py:183} INFO - Processing /usr/local/python/3.12.1/lib/python3.12/site-packages/airflow/example_dags/example_datasets.py took 0.189 seconds
[2025-11-17T16:10:21.312+0000] {processor.py:161} INFO - Started process (PID=49244) to work on /usr/local/python/3.12.1/lib/python3.12/site-packages/airflow/example_dags/example_datasets.py
[2025-11-17T16:10:21.313+0000] {processor.py:830} INFO - Processing file /usr/local/python/3.12.1/lib/python3.12/site-packages/airflow/example_dags/example_datasets.py for tasks to queue
[2025-11-17T16:10:21.314+0000] {logging_mixin.py:188} INFO - [2025-11-17T16:10:21.314+0000] {dagbag.py:545} INFO - Filling up the DagBag from /usr/local/python/3.12.1/lib/python3.12/site-packages/airflow/example_dags/example_datasets.py
[2025-11-17T16:10:21.323+0000] {processor.py:840} INFO - DAG(s) 'consume_1_or_2_with_dataset_expressions', 'consume_1_and_2_with_dataset_expressions', 'dataset_produces_1', 'dataset_produces_2', 'dataset_consumes_1_and_2', 'dataset_consumes_1', 'dataset_consumes_unknown_never_scheduled', 'dataset_consumes_1_never_scheduled', 'conditional_dataset_and_time_based_timetable', 'consume_1_or_both_2_and_3_with_dataset_expressions' retrieved from /usr/local/python/3.12.1/lib/python3.12/site-packages/airflow/example_dags/example_datasets.py
[2025-11-17T16:10:21.351+0000] {logging_mixin.py:188} INFO - [2025-11-17T16:10:21.351+0000] {dag.py:3096} INFO - Sync 10 DAGs
[2025-11-17T16:10:21.367+0000] {logging_mixin.py:188} INFO - [2025-11-17T16:10:21.367+0000] {dag.py:3954} INFO - Setting next_dagrun for conditional_dataset_and_time_based_timetable to 2025-11-12 01:00:00+00:00, run_after=2025-11-12 01:00:00+00:00
[2025-11-17T16:10:21.370+0000] {logging_mixin.py:188} INFO - [2025-11-17T16:10:21.369+0000] {dag.py:3954} INFO - Setting next_dagrun for consume_1_and_2_with_dataset_expressions to None, run_after=None
[2025-11-17T16:10:21.370+0000] {logging_mixin.py:188} INFO - [2025-11-17T16:10:21.370+0000] {dag.py:3954} INFO - Setting next_dagrun for consume_1_or_2_with_dataset_expressions to None, run_after=None
[2025-11-17T16:10:21.371+0000] {logging_mixin.py:188} INFO - [2025-11-17T16:10:21.371+0000] {dag.py:3954} INFO - Setting next_dagrun for consume_1_or_both_2_and_3_with_dataset_expressions to None, run_after=None
[2025-11-17T16:10:21.372+0000] {logging_mixin.py:188} INFO - [2025-11-17T16:10:21.372+0000] {dag.py:3954} INFO - Setting next_dagrun for dataset_consumes_1 to None, run_after=None
[2025-11-17T16:10:21.373+0000] {logging_mixin.py:188} INFO - [2025-11-17T16:10:21.372+0000] {dag.py:3954} INFO - Setting next_dagrun for dataset_consumes_1_and_2 to None, run_after=None
[2025-11-17T16:10:21.373+0000] {logging_mixin.py:188} INFO - [2025-11-17T16:10:21.373+0000] {dag.py:3954} INFO - Setting next_dagrun for dataset_consumes_1_never_scheduled to None, run_after=None
[2025-11-17T16:10:21.374+0000] {logging_mixin.py:188} INFO - [2025-11-17T16:10:21.374+0000] {dag.py:3954} INFO - Setting next_dagrun for dataset_consumes_unknown_never_scheduled to None, run_after=None
[2025-11-17T16:10:21.376+0000] {logging_mixin.py:188} INFO - [2025-11-17T16:10:21.375+0000] {dag.py:3954} INFO - Setting next_dagrun for dataset_produces_1 to 2025-11-16 00:00:00+00:00, run_after=2025-11-17 00:00:00+00:00
[2025-11-17T16:10:21.376+0000] {logging_mixin.py:188} INFO - [2025-11-17T16:10:21.376+0000] {dag.py:3954} INFO - Setting next_dagrun for dataset_produces_2 to None, run_after=None
[2025-11-17T16:10:21.402+0000] {processor.py:183} INFO - Processing /usr/local/python/3.12.1/lib/python3.12/site-packages/airflow/example_dags/example_datasets.py took 0.094 seconds
