[2025-11-17T15:42:19.421+0000] {processor.py:161} INFO - Started process (PID=27850) to work on /usr/local/python/3.12.1/lib/python3.12/site-packages/airflow/example_dags/example_skip_dag.py
[2025-11-17T15:42:19.421+0000] {processor.py:830} INFO - Processing file /usr/local/python/3.12.1/lib/python3.12/site-packages/airflow/example_dags/example_skip_dag.py for tasks to queue
[2025-11-17T15:42:19.422+0000] {logging_mixin.py:188} INFO - [2025-11-17T15:42:19.422+0000] {dagbag.py:545} INFO - Filling up the DagBag from /usr/local/python/3.12.1/lib/python3.12/site-packages/airflow/example_dags/example_skip_dag.py
[2025-11-17T15:42:19.427+0000] {processor.py:840} INFO - DAG(s) 'example_skip_dag' retrieved from /usr/local/python/3.12.1/lib/python3.12/site-packages/airflow/example_dags/example_skip_dag.py
[2025-11-17T15:42:19.510+0000] {logging_mixin.py:188} INFO - [2025-11-17T15:42:19.510+0000] {override.py:1829} INFO - Created Permission View: can read on DAG:example_skip_dag
[2025-11-17T15:42:19.519+0000] {logging_mixin.py:188} INFO - [2025-11-17T15:42:19.519+0000] {override.py:1829} INFO - Created Permission View: can edit on DAG:example_skip_dag
[2025-11-17T15:42:19.525+0000] {logging_mixin.py:188} INFO - [2025-11-17T15:42:19.525+0000] {override.py:1829} INFO - Created Permission View: can delete on DAG:example_skip_dag
[2025-11-17T15:42:19.525+0000] {logging_mixin.py:188} INFO - [2025-11-17T15:42:19.525+0000] {dag.py:3096} INFO - Sync 1 DAGs
[2025-11-17T15:42:19.532+0000] {logging_mixin.py:188} INFO - [2025-11-17T15:42:19.532+0000] {dag.py:3118} INFO - Creating ORM DAG for example_skip_dag
[2025-11-17T15:42:19.539+0000] {logging_mixin.py:188} INFO - [2025-11-17T15:42:19.538+0000] {dag.py:3954} INFO - Setting next_dagrun for example_skip_dag to 2025-11-16 00:00:00+00:00, run_after=2025-11-17 00:00:00+00:00
[2025-11-17T15:42:19.554+0000] {processor.py:183} INFO - Processing /usr/local/python/3.12.1/lib/python3.12/site-packages/airflow/example_dags/example_skip_dag.py took 0.137 seconds
[2025-11-17T15:43:13.844+0000] {processor.py:161} INFO - Started process (PID=28672) to work on /usr/local/python/3.12.1/lib/python3.12/site-packages/airflow/example_dags/example_skip_dag.py
[2025-11-17T15:43:13.845+0000] {processor.py:830} INFO - Processing file /usr/local/python/3.12.1/lib/python3.12/site-packages/airflow/example_dags/example_skip_dag.py for tasks to queue
[2025-11-17T15:43:13.846+0000] {logging_mixin.py:188} INFO - [2025-11-17T15:43:13.846+0000] {dagbag.py:545} INFO - Filling up the DagBag from /usr/local/python/3.12.1/lib/python3.12/site-packages/airflow/example_dags/example_skip_dag.py
[2025-11-17T15:43:13.850+0000] {processor.py:840} INFO - DAG(s) 'example_skip_dag' retrieved from /usr/local/python/3.12.1/lib/python3.12/site-packages/airflow/example_dags/example_skip_dag.py
[2025-11-17T15:43:13.862+0000] {logging_mixin.py:188} INFO - [2025-11-17T15:43:13.862+0000] {dag.py:3096} INFO - Sync 1 DAGs
[2025-11-17T15:43:13.876+0000] {logging_mixin.py:188} INFO - [2025-11-17T15:43:13.876+0000] {dag.py:3954} INFO - Setting next_dagrun for example_skip_dag to 2025-11-16 00:00:00+00:00, run_after=2025-11-17 00:00:00+00:00
[2025-11-17T15:43:13.893+0000] {processor.py:183} INFO - Processing /usr/local/python/3.12.1/lib/python3.12/site-packages/airflow/example_dags/example_skip_dag.py took 0.052 seconds
[2025-11-17T15:44:01.346+0000] {processor.py:161} INFO - Started process (PID=29513) to work on /usr/local/python/3.12.1/lib/python3.12/site-packages/airflow/example_dags/example_skip_dag.py
[2025-11-17T15:44:01.347+0000] {processor.py:830} INFO - Processing file /usr/local/python/3.12.1/lib/python3.12/site-packages/airflow/example_dags/example_skip_dag.py for tasks to queue
[2025-11-17T15:44:01.348+0000] {logging_mixin.py:188} INFO - [2025-11-17T15:44:01.348+0000] {dagbag.py:545} INFO - Filling up the DagBag from /usr/local/python/3.12.1/lib/python3.12/site-packages/airflow/example_dags/example_skip_dag.py
[2025-11-17T15:44:01.354+0000] {processor.py:840} INFO - DAG(s) 'example_skip_dag' retrieved from /usr/local/python/3.12.1/lib/python3.12/site-packages/airflow/example_dags/example_skip_dag.py
[2025-11-17T15:44:01.367+0000] {logging_mixin.py:188} INFO - [2025-11-17T15:44:01.367+0000] {dag.py:3096} INFO - Sync 1 DAGs
[2025-11-17T15:44:01.380+0000] {logging_mixin.py:188} INFO - [2025-11-17T15:44:01.380+0000] {dag.py:3954} INFO - Setting next_dagrun for example_skip_dag to 2025-11-16 00:00:00+00:00, run_after=2025-11-17 00:00:00+00:00
[2025-11-17T15:44:01.396+0000] {processor.py:183} INFO - Processing /usr/local/python/3.12.1/lib/python3.12/site-packages/airflow/example_dags/example_skip_dag.py took 0.054 seconds
[2025-11-17T15:44:47.999+0000] {processor.py:161} INFO - Started process (PID=29961) to work on /usr/local/python/3.12.1/lib/python3.12/site-packages/airflow/example_dags/example_skip_dag.py
[2025-11-17T15:44:48.000+0000] {processor.py:830} INFO - Processing file /usr/local/python/3.12.1/lib/python3.12/site-packages/airflow/example_dags/example_skip_dag.py for tasks to queue
[2025-11-17T15:44:48.002+0000] {logging_mixin.py:188} INFO - [2025-11-17T15:44:48.001+0000] {dagbag.py:545} INFO - Filling up the DagBag from /usr/local/python/3.12.1/lib/python3.12/site-packages/airflow/example_dags/example_skip_dag.py
[2025-11-17T15:44:48.009+0000] {processor.py:840} INFO - DAG(s) 'example_skip_dag' retrieved from /usr/local/python/3.12.1/lib/python3.12/site-packages/airflow/example_dags/example_skip_dag.py
[2025-11-17T15:44:48.028+0000] {logging_mixin.py:188} INFO - [2025-11-17T15:44:48.027+0000] {dag.py:3096} INFO - Sync 1 DAGs
[2025-11-17T15:44:48.043+0000] {logging_mixin.py:188} INFO - [2025-11-17T15:44:48.043+0000] {dag.py:3954} INFO - Setting next_dagrun for example_skip_dag to 2025-11-16 00:00:00+00:00, run_after=2025-11-17 00:00:00+00:00
[2025-11-17T15:44:48.059+0000] {processor.py:183} INFO - Processing /usr/local/python/3.12.1/lib/python3.12/site-packages/airflow/example_dags/example_skip_dag.py took 0.065 seconds
[2025-11-17T16:00:56.079+0000] {processor.py:161} INFO - Started process (PID=40816) to work on /usr/local/python/3.12.1/lib/python3.12/site-packages/airflow/example_dags/example_skip_dag.py
[2025-11-17T16:00:56.080+0000] {processor.py:830} INFO - Processing file /usr/local/python/3.12.1/lib/python3.12/site-packages/airflow/example_dags/example_skip_dag.py for tasks to queue
[2025-11-17T16:00:56.081+0000] {logging_mixin.py:188} INFO - [2025-11-17T16:00:56.081+0000] {dagbag.py:545} INFO - Filling up the DagBag from /usr/local/python/3.12.1/lib/python3.12/site-packages/airflow/example_dags/example_skip_dag.py
[2025-11-17T16:00:56.086+0000] {processor.py:840} INFO - DAG(s) 'example_skip_dag' retrieved from /usr/local/python/3.12.1/lib/python3.12/site-packages/airflow/example_dags/example_skip_dag.py
[2025-11-17T16:00:56.100+0000] {logging_mixin.py:188} INFO - [2025-11-17T16:00:56.100+0000] {dag.py:3096} INFO - Sync 1 DAGs
[2025-11-17T16:00:56.116+0000] {logging_mixin.py:188} INFO - [2025-11-17T16:00:56.116+0000] {dag.py:3954} INFO - Setting next_dagrun for example_skip_dag to 2025-11-16 00:00:00+00:00, run_after=2025-11-17 00:00:00+00:00
[2025-11-17T16:00:56.135+0000] {processor.py:183} INFO - Processing /usr/local/python/3.12.1/lib/python3.12/site-packages/airflow/example_dags/example_skip_dag.py took 0.060 seconds
[2025-11-17T16:01:46.111+0000] {processor.py:161} INFO - Started process (PID=41488) to work on /usr/local/python/3.12.1/lib/python3.12/site-packages/airflow/example_dags/example_skip_dag.py
[2025-11-17T16:01:46.114+0000] {processor.py:830} INFO - Processing file /usr/local/python/3.12.1/lib/python3.12/site-packages/airflow/example_dags/example_skip_dag.py for tasks to queue
[2025-11-17T16:01:46.116+0000] {logging_mixin.py:188} INFO - [2025-11-17T16:01:46.116+0000] {dagbag.py:545} INFO - Filling up the DagBag from /usr/local/python/3.12.1/lib/python3.12/site-packages/airflow/example_dags/example_skip_dag.py
[2025-11-17T16:01:46.121+0000] {processor.py:840} INFO - DAG(s) 'example_skip_dag' retrieved from /usr/local/python/3.12.1/lib/python3.12/site-packages/airflow/example_dags/example_skip_dag.py
[2025-11-17T16:01:46.133+0000] {logging_mixin.py:188} INFO - [2025-11-17T16:01:46.132+0000] {dag.py:3096} INFO - Sync 1 DAGs
[2025-11-17T16:01:46.147+0000] {logging_mixin.py:188} INFO - [2025-11-17T16:01:46.147+0000] {dag.py:3954} INFO - Setting next_dagrun for example_skip_dag to 2025-11-16 00:00:00+00:00, run_after=2025-11-17 00:00:00+00:00
[2025-11-17T16:01:46.162+0000] {processor.py:183} INFO - Processing /usr/local/python/3.12.1/lib/python3.12/site-packages/airflow/example_dags/example_skip_dag.py took 0.061 seconds
[2025-11-17T16:02:36.959+0000] {processor.py:161} INFO - Started process (PID=42172) to work on /usr/local/python/3.12.1/lib/python3.12/site-packages/airflow/example_dags/example_skip_dag.py
[2025-11-17T16:02:36.959+0000] {processor.py:830} INFO - Processing file /usr/local/python/3.12.1/lib/python3.12/site-packages/airflow/example_dags/example_skip_dag.py for tasks to queue
[2025-11-17T16:02:36.960+0000] {logging_mixin.py:188} INFO - [2025-11-17T16:02:36.960+0000] {dagbag.py:545} INFO - Filling up the DagBag from /usr/local/python/3.12.1/lib/python3.12/site-packages/airflow/example_dags/example_skip_dag.py
[2025-11-17T16:02:36.965+0000] {processor.py:840} INFO - DAG(s) 'example_skip_dag' retrieved from /usr/local/python/3.12.1/lib/python3.12/site-packages/airflow/example_dags/example_skip_dag.py
[2025-11-17T16:02:36.977+0000] {logging_mixin.py:188} INFO - [2025-11-17T16:02:36.976+0000] {dag.py:3096} INFO - Sync 1 DAGs
[2025-11-17T16:02:36.990+0000] {logging_mixin.py:188} INFO - [2025-11-17T16:02:36.990+0000] {dag.py:3954} INFO - Setting next_dagrun for example_skip_dag to 2025-11-16 00:00:00+00:00, run_after=2025-11-17 00:00:00+00:00
[2025-11-17T16:02:37.006+0000] {processor.py:183} INFO - Processing /usr/local/python/3.12.1/lib/python3.12/site-packages/airflow/example_dags/example_skip_dag.py took 0.051 seconds
[2025-11-17T16:03:19.250+0000] {processor.py:161} INFO - Started process (PID=42696) to work on /usr/local/python/3.12.1/lib/python3.12/site-packages/airflow/example_dags/example_skip_dag.py
[2025-11-17T16:03:19.251+0000] {processor.py:830} INFO - Processing file /usr/local/python/3.12.1/lib/python3.12/site-packages/airflow/example_dags/example_skip_dag.py for tasks to queue
[2025-11-17T16:03:19.252+0000] {logging_mixin.py:188} INFO - [2025-11-17T16:03:19.252+0000] {dagbag.py:545} INFO - Filling up the DagBag from /usr/local/python/3.12.1/lib/python3.12/site-packages/airflow/example_dags/example_skip_dag.py
[2025-11-17T16:03:19.256+0000] {processor.py:840} INFO - DAG(s) 'example_skip_dag' retrieved from /usr/local/python/3.12.1/lib/python3.12/site-packages/airflow/example_dags/example_skip_dag.py
[2025-11-17T16:03:19.268+0000] {logging_mixin.py:188} INFO - [2025-11-17T16:03:19.268+0000] {dag.py:3096} INFO - Sync 1 DAGs
[2025-11-17T16:03:19.282+0000] {logging_mixin.py:188} INFO - [2025-11-17T16:03:19.282+0000] {dag.py:3954} INFO - Setting next_dagrun for example_skip_dag to 2025-11-16 00:00:00+00:00, run_after=2025-11-17 00:00:00+00:00
[2025-11-17T16:03:19.298+0000] {processor.py:183} INFO - Processing /usr/local/python/3.12.1/lib/python3.12/site-packages/airflow/example_dags/example_skip_dag.py took 0.052 seconds
[2025-11-17T16:04:00.926+0000] {processor.py:161} INFO - Started process (PID=43232) to work on /usr/local/python/3.12.1/lib/python3.12/site-packages/airflow/example_dags/example_skip_dag.py
[2025-11-17T16:04:00.926+0000] {processor.py:830} INFO - Processing file /usr/local/python/3.12.1/lib/python3.12/site-packages/airflow/example_dags/example_skip_dag.py for tasks to queue
[2025-11-17T16:04:00.928+0000] {logging_mixin.py:188} INFO - [2025-11-17T16:04:00.927+0000] {dagbag.py:545} INFO - Filling up the DagBag from /usr/local/python/3.12.1/lib/python3.12/site-packages/airflow/example_dags/example_skip_dag.py
[2025-11-17T16:04:00.932+0000] {processor.py:840} INFO - DAG(s) 'example_skip_dag' retrieved from /usr/local/python/3.12.1/lib/python3.12/site-packages/airflow/example_dags/example_skip_dag.py
[2025-11-17T16:04:00.944+0000] {logging_mixin.py:188} INFO - [2025-11-17T16:04:00.944+0000] {dag.py:3096} INFO - Sync 1 DAGs
[2025-11-17T16:04:00.958+0000] {logging_mixin.py:188} INFO - [2025-11-17T16:04:00.958+0000] {dag.py:3954} INFO - Setting next_dagrun for example_skip_dag to 2025-11-16 00:00:00+00:00, run_after=2025-11-17 00:00:00+00:00
[2025-11-17T16:04:00.974+0000] {processor.py:183} INFO - Processing /usr/local/python/3.12.1/lib/python3.12/site-packages/airflow/example_dags/example_skip_dag.py took 0.052 seconds
[2025-11-17T16:04:42.848+0000] {processor.py:161} INFO - Started process (PID=43776) to work on /usr/local/python/3.12.1/lib/python3.12/site-packages/airflow/example_dags/example_skip_dag.py
[2025-11-17T16:04:42.849+0000] {processor.py:830} INFO - Processing file /usr/local/python/3.12.1/lib/python3.12/site-packages/airflow/example_dags/example_skip_dag.py for tasks to queue
[2025-11-17T16:04:42.851+0000] {logging_mixin.py:188} INFO - [2025-11-17T16:04:42.850+0000] {dagbag.py:545} INFO - Filling up the DagBag from /usr/local/python/3.12.1/lib/python3.12/site-packages/airflow/example_dags/example_skip_dag.py
[2025-11-17T16:04:42.855+0000] {processor.py:840} INFO - DAG(s) 'example_skip_dag' retrieved from /usr/local/python/3.12.1/lib/python3.12/site-packages/airflow/example_dags/example_skip_dag.py
[2025-11-17T16:04:42.867+0000] {logging_mixin.py:188} INFO - [2025-11-17T16:04:42.867+0000] {dag.py:3096} INFO - Sync 1 DAGs
[2025-11-17T16:04:42.882+0000] {logging_mixin.py:188} INFO - [2025-11-17T16:04:42.882+0000] {dag.py:3954} INFO - Setting next_dagrun for example_skip_dag to 2025-11-16 00:00:00+00:00, run_after=2025-11-17 00:00:00+00:00
[2025-11-17T16:04:42.898+0000] {processor.py:183} INFO - Processing /usr/local/python/3.12.1/lib/python3.12/site-packages/airflow/example_dags/example_skip_dag.py took 0.054 seconds
[2025-11-17T16:06:11.470+0000] {processor.py:161} INFO - Started process (PID=44956) to work on /usr/local/python/3.12.1/lib/python3.12/site-packages/airflow/example_dags/example_skip_dag.py
[2025-11-17T16:06:11.471+0000] {processor.py:830} INFO - Processing file /usr/local/python/3.12.1/lib/python3.12/site-packages/airflow/example_dags/example_skip_dag.py for tasks to queue
[2025-11-17T16:06:11.473+0000] {logging_mixin.py:188} INFO - [2025-11-17T16:06:11.472+0000] {dagbag.py:545} INFO - Filling up the DagBag from /usr/local/python/3.12.1/lib/python3.12/site-packages/airflow/example_dags/example_skip_dag.py
[2025-11-17T16:06:11.481+0000] {processor.py:840} INFO - DAG(s) 'example_skip_dag' retrieved from /usr/local/python/3.12.1/lib/python3.12/site-packages/airflow/example_dags/example_skip_dag.py
[2025-11-17T16:06:11.516+0000] {logging_mixin.py:188} INFO - [2025-11-17T16:06:11.516+0000] {dag.py:3096} INFO - Sync 1 DAGs
[2025-11-17T16:06:11.540+0000] {logging_mixin.py:188} INFO - [2025-11-17T16:06:11.540+0000] {dag.py:3954} INFO - Setting next_dagrun for example_skip_dag to 2025-11-16 00:00:00+00:00, run_after=2025-11-17 00:00:00+00:00
[2025-11-17T16:06:11.566+0000] {processor.py:183} INFO - Processing /usr/local/python/3.12.1/lib/python3.12/site-packages/airflow/example_dags/example_skip_dag.py took 0.100 seconds
[2025-11-17T16:07:03.691+0000] {processor.py:161} INFO - Started process (PID=46359) to work on /usr/local/python/3.12.1/lib/python3.12/site-packages/airflow/example_dags/example_skip_dag.py
[2025-11-17T16:07:03.692+0000] {processor.py:830} INFO - Processing file /usr/local/python/3.12.1/lib/python3.12/site-packages/airflow/example_dags/example_skip_dag.py for tasks to queue
[2025-11-17T16:07:03.693+0000] {logging_mixin.py:188} INFO - [2025-11-17T16:07:03.693+0000] {dagbag.py:545} INFO - Filling up the DagBag from /usr/local/python/3.12.1/lib/python3.12/site-packages/airflow/example_dags/example_skip_dag.py
[2025-11-17T16:07:03.698+0000] {processor.py:840} INFO - DAG(s) 'example_skip_dag' retrieved from /usr/local/python/3.12.1/lib/python3.12/site-packages/airflow/example_dags/example_skip_dag.py
[2025-11-17T16:07:03.710+0000] {logging_mixin.py:188} INFO - [2025-11-17T16:07:03.710+0000] {dag.py:3096} INFO - Sync 1 DAGs
[2025-11-17T16:07:03.724+0000] {logging_mixin.py:188} INFO - [2025-11-17T16:07:03.724+0000] {dag.py:3954} INFO - Setting next_dagrun for example_skip_dag to 2025-11-16 00:00:00+00:00, run_after=2025-11-17 00:00:00+00:00
[2025-11-17T16:07:03.741+0000] {processor.py:183} INFO - Processing /usr/local/python/3.12.1/lib/python3.12/site-packages/airflow/example_dags/example_skip_dag.py took 0.054 seconds
[2025-11-17T16:07:51.804+0000] {processor.py:161} INFO - Started process (PID=47042) to work on /usr/local/python/3.12.1/lib/python3.12/site-packages/airflow/example_dags/example_skip_dag.py
[2025-11-17T16:07:51.804+0000] {processor.py:830} INFO - Processing file /usr/local/python/3.12.1/lib/python3.12/site-packages/airflow/example_dags/example_skip_dag.py for tasks to queue
[2025-11-17T16:07:51.805+0000] {logging_mixin.py:188} INFO - [2025-11-17T16:07:51.805+0000] {dagbag.py:545} INFO - Filling up the DagBag from /usr/local/python/3.12.1/lib/python3.12/site-packages/airflow/example_dags/example_skip_dag.py
[2025-11-17T16:07:51.810+0000] {processor.py:840} INFO - DAG(s) 'example_skip_dag' retrieved from /usr/local/python/3.12.1/lib/python3.12/site-packages/airflow/example_dags/example_skip_dag.py
[2025-11-17T16:07:51.823+0000] {logging_mixin.py:188} INFO - [2025-11-17T16:07:51.823+0000] {dag.py:3096} INFO - Sync 1 DAGs
[2025-11-17T16:07:51.850+0000] {logging_mixin.py:188} INFO - [2025-11-17T16:07:51.849+0000] {dag.py:3954} INFO - Setting next_dagrun for example_skip_dag to 2025-11-16 00:00:00+00:00, run_after=2025-11-17 00:00:00+00:00
[2025-11-17T16:07:51.873+0000] {processor.py:183} INFO - Processing /usr/local/python/3.12.1/lib/python3.12/site-packages/airflow/example_dags/example_skip_dag.py took 0.074 seconds
[2025-11-17T16:08:34.907+0000] {processor.py:161} INFO - Started process (PID=47651) to work on /usr/local/python/3.12.1/lib/python3.12/site-packages/airflow/example_dags/example_skip_dag.py
[2025-11-17T16:08:34.908+0000] {processor.py:830} INFO - Processing file /usr/local/python/3.12.1/lib/python3.12/site-packages/airflow/example_dags/example_skip_dag.py for tasks to queue
[2025-11-17T16:08:34.909+0000] {logging_mixin.py:188} INFO - [2025-11-17T16:08:34.909+0000] {dagbag.py:545} INFO - Filling up the DagBag from /usr/local/python/3.12.1/lib/python3.12/site-packages/airflow/example_dags/example_skip_dag.py
[2025-11-17T16:08:34.914+0000] {processor.py:840} INFO - DAG(s) 'example_skip_dag' retrieved from /usr/local/python/3.12.1/lib/python3.12/site-packages/airflow/example_dags/example_skip_dag.py
[2025-11-17T16:08:34.926+0000] {logging_mixin.py:188} INFO - [2025-11-17T16:08:34.926+0000] {dag.py:3096} INFO - Sync 1 DAGs
[2025-11-17T16:08:34.941+0000] {logging_mixin.py:188} INFO - [2025-11-17T16:08:34.941+0000] {dag.py:3954} INFO - Setting next_dagrun for example_skip_dag to 2025-11-16 00:00:00+00:00, run_after=2025-11-17 00:00:00+00:00
[2025-11-17T16:08:34.961+0000] {processor.py:183} INFO - Processing /usr/local/python/3.12.1/lib/python3.12/site-packages/airflow/example_dags/example_skip_dag.py took 0.058 seconds
[2025-11-17T16:09:15.444+0000] {processor.py:161} INFO - Started process (PID=48218) to work on /usr/local/python/3.12.1/lib/python3.12/site-packages/airflow/example_dags/example_skip_dag.py
[2025-11-17T16:09:15.445+0000] {processor.py:830} INFO - Processing file /usr/local/python/3.12.1/lib/python3.12/site-packages/airflow/example_dags/example_skip_dag.py for tasks to queue
[2025-11-17T16:09:15.447+0000] {logging_mixin.py:188} INFO - [2025-11-17T16:09:15.446+0000] {dagbag.py:545} INFO - Filling up the DagBag from /usr/local/python/3.12.1/lib/python3.12/site-packages/airflow/example_dags/example_skip_dag.py
[2025-11-17T16:09:15.451+0000] {processor.py:840} INFO - DAG(s) 'example_skip_dag' retrieved from /usr/local/python/3.12.1/lib/python3.12/site-packages/airflow/example_dags/example_skip_dag.py
[2025-11-17T16:09:15.463+0000] {logging_mixin.py:188} INFO - [2025-11-17T16:09:15.463+0000] {dag.py:3096} INFO - Sync 1 DAGs
[2025-11-17T16:09:15.477+0000] {logging_mixin.py:188} INFO - [2025-11-17T16:09:15.477+0000] {dag.py:3954} INFO - Setting next_dagrun for example_skip_dag to 2025-11-16 00:00:00+00:00, run_after=2025-11-17 00:00:00+00:00
[2025-11-17T16:09:15.493+0000] {processor.py:183} INFO - Processing /usr/local/python/3.12.1/lib/python3.12/site-packages/airflow/example_dags/example_skip_dag.py took 0.052 seconds
[2025-11-17T16:09:55.667+0000] {processor.py:161} INFO - Started process (PID=48967) to work on /usr/local/python/3.12.1/lib/python3.12/site-packages/airflow/example_dags/example_skip_dag.py
[2025-11-17T16:09:55.668+0000] {processor.py:830} INFO - Processing file /usr/local/python/3.12.1/lib/python3.12/site-packages/airflow/example_dags/example_skip_dag.py for tasks to queue
[2025-11-17T16:09:55.670+0000] {logging_mixin.py:188} INFO - [2025-11-17T16:09:55.669+0000] {dagbag.py:545} INFO - Filling up the DagBag from /usr/local/python/3.12.1/lib/python3.12/site-packages/airflow/example_dags/example_skip_dag.py
[2025-11-17T16:09:55.674+0000] {processor.py:840} INFO - DAG(s) 'example_skip_dag' retrieved from /usr/local/python/3.12.1/lib/python3.12/site-packages/airflow/example_dags/example_skip_dag.py
[2025-11-17T16:09:55.686+0000] {logging_mixin.py:188} INFO - [2025-11-17T16:09:55.686+0000] {dag.py:3096} INFO - Sync 1 DAGs
[2025-11-17T16:09:55.700+0000] {logging_mixin.py:188} INFO - [2025-11-17T16:09:55.700+0000] {dag.py:3954} INFO - Setting next_dagrun for example_skip_dag to 2025-11-16 00:00:00+00:00, run_after=2025-11-17 00:00:00+00:00
[2025-11-17T16:09:55.716+0000] {processor.py:183} INFO - Processing /usr/local/python/3.12.1/lib/python3.12/site-packages/airflow/example_dags/example_skip_dag.py took 0.053 seconds
