[2025-11-17T15:42:09.629+0000] {processor.py:161} INFO - Started process (PID=27697) to work on /usr/local/python/3.12.1/lib/python3.12/site-packages/airflow/example_dags/example_xcom.py
[2025-11-17T15:42:09.630+0000] {processor.py:830} INFO - Processing file /usr/local/python/3.12.1/lib/python3.12/site-packages/airflow/example_dags/example_xcom.py for tasks to queue
[2025-11-17T15:42:09.632+0000] {logging_mixin.py:188} INFO - [2025-11-17T15:42:09.631+0000] {dagbag.py:545} INFO - Filling up the DagBag from /usr/local/python/3.12.1/lib/python3.12/site-packages/airflow/example_dags/example_xcom.py
[2025-11-17T15:42:09.653+0000] {processor.py:840} INFO - DAG(s) 'example_xcom' retrieved from /usr/local/python/3.12.1/lib/python3.12/site-packages/airflow/example_dags/example_xcom.py
[2025-11-17T15:42:09.878+0000] {logging_mixin.py:188} INFO - [2025-11-17T15:42:09.877+0000] {override.py:1829} INFO - Created Permission View: can read on DAG:example_xcom
[2025-11-17T15:42:09.895+0000] {logging_mixin.py:188} INFO - [2025-11-17T15:42:09.895+0000] {override.py:1829} INFO - Created Permission View: can edit on DAG:example_xcom
[2025-11-17T15:42:09.912+0000] {logging_mixin.py:188} INFO - [2025-11-17T15:42:09.912+0000] {override.py:1829} INFO - Created Permission View: can delete on DAG:example_xcom
[2025-11-17T15:42:09.913+0000] {logging_mixin.py:188} INFO - [2025-11-17T15:42:09.913+0000] {dag.py:3096} INFO - Sync 1 DAGs
[2025-11-17T15:42:09.940+0000] {logging_mixin.py:188} INFO - [2025-11-17T15:42:09.940+0000] {dag.py:3118} INFO - Creating ORM DAG for example_xcom
[2025-11-17T15:42:09.966+0000] {logging_mixin.py:188} INFO - [2025-11-17T15:42:09.966+0000] {dag.py:3954} INFO - Setting next_dagrun for example_xcom to 2021-01-01 00:00:00+00:00, run_after=2021-01-01 00:00:00+00:00
[2025-11-17T15:42:10.009+0000] {processor.py:183} INFO - Processing /usr/local/python/3.12.1/lib/python3.12/site-packages/airflow/example_dags/example_xcom.py took 0.385 seconds
[2025-11-17T15:43:05.836+0000] {processor.py:161} INFO - Started process (PID=28570) to work on /usr/local/python/3.12.1/lib/python3.12/site-packages/airflow/example_dags/example_xcom.py
[2025-11-17T15:43:05.837+0000] {processor.py:830} INFO - Processing file /usr/local/python/3.12.1/lib/python3.12/site-packages/airflow/example_dags/example_xcom.py for tasks to queue
[2025-11-17T15:43:05.839+0000] {logging_mixin.py:188} INFO - [2025-11-17T15:43:05.838+0000] {dagbag.py:545} INFO - Filling up the DagBag from /usr/local/python/3.12.1/lib/python3.12/site-packages/airflow/example_dags/example_xcom.py
[2025-11-17T15:43:05.845+0000] {processor.py:840} INFO - DAG(s) 'example_xcom' retrieved from /usr/local/python/3.12.1/lib/python3.12/site-packages/airflow/example_dags/example_xcom.py
[2025-11-17T15:43:05.858+0000] {logging_mixin.py:188} INFO - [2025-11-17T15:43:05.858+0000] {dag.py:3096} INFO - Sync 1 DAGs
[2025-11-17T15:43:05.874+0000] {logging_mixin.py:188} INFO - [2025-11-17T15:43:05.874+0000] {dag.py:3954} INFO - Setting next_dagrun for example_xcom to 2021-01-01 00:00:00+00:00, run_after=2021-01-01 00:00:00+00:00
[2025-11-17T15:43:05.894+0000] {processor.py:183} INFO - Processing /usr/local/python/3.12.1/lib/python3.12/site-packages/airflow/example_dags/example_xcom.py took 0.061 seconds
[2025-11-17T15:43:49.918+0000] {processor.py:161} INFO - Started process (PID=29410) to work on /usr/local/python/3.12.1/lib/python3.12/site-packages/airflow/example_dags/example_xcom.py
[2025-11-17T15:43:49.919+0000] {processor.py:830} INFO - Processing file /usr/local/python/3.12.1/lib/python3.12/site-packages/airflow/example_dags/example_xcom.py for tasks to queue
[2025-11-17T15:43:49.920+0000] {logging_mixin.py:188} INFO - [2025-11-17T15:43:49.919+0000] {dagbag.py:545} INFO - Filling up the DagBag from /usr/local/python/3.12.1/lib/python3.12/site-packages/airflow/example_dags/example_xcom.py
[2025-11-17T15:43:49.925+0000] {processor.py:840} INFO - DAG(s) 'example_xcom' retrieved from /usr/local/python/3.12.1/lib/python3.12/site-packages/airflow/example_dags/example_xcom.py
[2025-11-17T15:43:49.936+0000] {logging_mixin.py:188} INFO - [2025-11-17T15:43:49.936+0000] {dag.py:3096} INFO - Sync 1 DAGs
[2025-11-17T15:43:49.950+0000] {logging_mixin.py:188} INFO - [2025-11-17T15:43:49.949+0000] {dag.py:3954} INFO - Setting next_dagrun for example_xcom to 2021-01-01 00:00:00+00:00, run_after=2021-01-01 00:00:00+00:00
[2025-11-17T15:43:49.965+0000] {processor.py:183} INFO - Processing /usr/local/python/3.12.1/lib/python3.12/site-packages/airflow/example_dags/example_xcom.py took 0.051 seconds
[2025-11-17T15:44:40.372+0000] {processor.py:161} INFO - Started process (PID=29905) to work on /usr/local/python/3.12.1/lib/python3.12/site-packages/airflow/example_dags/example_xcom.py
[2025-11-17T15:44:40.373+0000] {processor.py:830} INFO - Processing file /usr/local/python/3.12.1/lib/python3.12/site-packages/airflow/example_dags/example_xcom.py for tasks to queue
[2025-11-17T15:44:40.374+0000] {logging_mixin.py:188} INFO - [2025-11-17T15:44:40.374+0000] {dagbag.py:545} INFO - Filling up the DagBag from /usr/local/python/3.12.1/lib/python3.12/site-packages/airflow/example_dags/example_xcom.py
[2025-11-17T15:44:40.380+0000] {processor.py:840} INFO - DAG(s) 'example_xcom' retrieved from /usr/local/python/3.12.1/lib/python3.12/site-packages/airflow/example_dags/example_xcom.py
[2025-11-17T15:44:40.391+0000] {logging_mixin.py:188} INFO - [2025-11-17T15:44:40.391+0000] {dag.py:3096} INFO - Sync 1 DAGs
[2025-11-17T15:44:40.404+0000] {logging_mixin.py:188} INFO - [2025-11-17T15:44:40.404+0000] {dag.py:3954} INFO - Setting next_dagrun for example_xcom to 2021-01-01 00:00:00+00:00, run_after=2021-01-01 00:00:00+00:00
[2025-11-17T15:44:40.420+0000] {processor.py:183} INFO - Processing /usr/local/python/3.12.1/lib/python3.12/site-packages/airflow/example_dags/example_xcom.py took 0.052 seconds
[2025-11-17T15:45:19.774+0000] {processor.py:161} INFO - Started process (PID=30747) to work on /usr/local/python/3.12.1/lib/python3.12/site-packages/airflow/example_dags/example_xcom.py
[2025-11-17T15:45:19.775+0000] {processor.py:830} INFO - Processing file /usr/local/python/3.12.1/lib/python3.12/site-packages/airflow/example_dags/example_xcom.py for tasks to queue
[2025-11-17T15:45:19.776+0000] {logging_mixin.py:188} INFO - [2025-11-17T15:45:19.776+0000] {dagbag.py:545} INFO - Filling up the DagBag from /usr/local/python/3.12.1/lib/python3.12/site-packages/airflow/example_dags/example_xcom.py
[2025-11-17T15:45:19.781+0000] {processor.py:840} INFO - DAG(s) 'example_xcom' retrieved from /usr/local/python/3.12.1/lib/python3.12/site-packages/airflow/example_dags/example_xcom.py
[2025-11-17T15:45:19.793+0000] {logging_mixin.py:188} INFO - [2025-11-17T15:45:19.793+0000] {dag.py:3096} INFO - Sync 1 DAGs
[2025-11-17T15:45:19.811+0000] {logging_mixin.py:188} INFO - [2025-11-17T15:45:19.811+0000] {dag.py:3954} INFO - Setting next_dagrun for example_xcom to 2021-01-01 00:00:00+00:00, run_after=2021-01-01 00:00:00+00:00
[2025-11-17T15:45:19.833+0000] {processor.py:183} INFO - Processing /usr/local/python/3.12.1/lib/python3.12/site-packages/airflow/example_dags/example_xcom.py took 0.063 seconds
[2025-11-17T16:00:48.257+0000] {processor.py:161} INFO - Started process (PID=40693) to work on /usr/local/python/3.12.1/lib/python3.12/site-packages/airflow/example_dags/example_xcom.py
[2025-11-17T16:00:48.258+0000] {processor.py:830} INFO - Processing file /usr/local/python/3.12.1/lib/python3.12/site-packages/airflow/example_dags/example_xcom.py for tasks to queue
[2025-11-17T16:00:48.262+0000] {logging_mixin.py:188} INFO - [2025-11-17T16:00:48.259+0000] {dagbag.py:545} INFO - Filling up the DagBag from /usr/local/python/3.12.1/lib/python3.12/site-packages/airflow/example_dags/example_xcom.py
[2025-11-17T16:00:48.282+0000] {processor.py:840} INFO - DAG(s) 'example_xcom' retrieved from /usr/local/python/3.12.1/lib/python3.12/site-packages/airflow/example_dags/example_xcom.py
[2025-11-17T16:00:48.333+0000] {logging_mixin.py:188} INFO - [2025-11-17T16:00:48.333+0000] {dag.py:3096} INFO - Sync 1 DAGs
[2025-11-17T16:00:48.366+0000] {logging_mixin.py:188} INFO - [2025-11-17T16:00:48.366+0000] {dag.py:3954} INFO - Setting next_dagrun for example_xcom to 2021-01-01 00:00:00+00:00, run_after=2021-01-01 00:00:00+00:00
[2025-11-17T16:00:48.439+0000] {processor.py:183} INFO - Processing /usr/local/python/3.12.1/lib/python3.12/site-packages/airflow/example_dags/example_xcom.py took 0.193 seconds
[2025-11-17T16:01:37.439+0000] {processor.py:161} INFO - Started process (PID=41415) to work on /usr/local/python/3.12.1/lib/python3.12/site-packages/airflow/example_dags/example_xcom.py
[2025-11-17T16:01:37.440+0000] {processor.py:830} INFO - Processing file /usr/local/python/3.12.1/lib/python3.12/site-packages/airflow/example_dags/example_xcom.py for tasks to queue
[2025-11-17T16:01:37.441+0000] {logging_mixin.py:188} INFO - [2025-11-17T16:01:37.441+0000] {dagbag.py:545} INFO - Filling up the DagBag from /usr/local/python/3.12.1/lib/python3.12/site-packages/airflow/example_dags/example_xcom.py
[2025-11-17T16:01:37.446+0000] {processor.py:840} INFO - DAG(s) 'example_xcom' retrieved from /usr/local/python/3.12.1/lib/python3.12/site-packages/airflow/example_dags/example_xcom.py
[2025-11-17T16:01:37.460+0000] {logging_mixin.py:188} INFO - [2025-11-17T16:01:37.460+0000] {dag.py:3096} INFO - Sync 1 DAGs
[2025-11-17T16:01:37.478+0000] {logging_mixin.py:188} INFO - [2025-11-17T16:01:37.477+0000] {dag.py:3954} INFO - Setting next_dagrun for example_xcom to 2021-01-01 00:00:00+00:00, run_after=2021-01-01 00:00:00+00:00
[2025-11-17T16:01:37.493+0000] {processor.py:183} INFO - Processing /usr/local/python/3.12.1/lib/python3.12/site-packages/airflow/example_dags/example_xcom.py took 0.058 seconds
[2025-11-17T16:02:19.573+0000] {processor.py:161} INFO - Started process (PID=41894) to work on /usr/local/python/3.12.1/lib/python3.12/site-packages/airflow/example_dags/example_xcom.py
[2025-11-17T16:02:19.573+0000] {processor.py:830} INFO - Processing file /usr/local/python/3.12.1/lib/python3.12/site-packages/airflow/example_dags/example_xcom.py for tasks to queue
[2025-11-17T16:02:19.574+0000] {logging_mixin.py:188} INFO - [2025-11-17T16:02:19.574+0000] {dagbag.py:545} INFO - Filling up the DagBag from /usr/local/python/3.12.1/lib/python3.12/site-packages/airflow/example_dags/example_xcom.py
[2025-11-17T16:02:19.580+0000] {processor.py:840} INFO - DAG(s) 'example_xcom' retrieved from /usr/local/python/3.12.1/lib/python3.12/site-packages/airflow/example_dags/example_xcom.py
[2025-11-17T16:02:19.591+0000] {logging_mixin.py:188} INFO - [2025-11-17T16:02:19.591+0000] {dag.py:3096} INFO - Sync 1 DAGs
[2025-11-17T16:02:19.604+0000] {logging_mixin.py:188} INFO - [2025-11-17T16:02:19.604+0000] {dag.py:3954} INFO - Setting next_dagrun for example_xcom to 2021-01-01 00:00:00+00:00, run_after=2021-01-01 00:00:00+00:00
[2025-11-17T16:02:19.620+0000] {processor.py:183} INFO - Processing /usr/local/python/3.12.1/lib/python3.12/site-packages/airflow/example_dags/example_xcom.py took 0.051 seconds
[2025-11-17T16:03:02.276+0000] {processor.py:161} INFO - Started process (PID=42519) to work on /usr/local/python/3.12.1/lib/python3.12/site-packages/airflow/example_dags/example_xcom.py
[2025-11-17T16:03:02.277+0000] {processor.py:830} INFO - Processing file /usr/local/python/3.12.1/lib/python3.12/site-packages/airflow/example_dags/example_xcom.py for tasks to queue
[2025-11-17T16:03:02.278+0000] {logging_mixin.py:188} INFO - [2025-11-17T16:03:02.278+0000] {dagbag.py:545} INFO - Filling up the DagBag from /usr/local/python/3.12.1/lib/python3.12/site-packages/airflow/example_dags/example_xcom.py
[2025-11-17T16:03:02.283+0000] {processor.py:840} INFO - DAG(s) 'example_xcom' retrieved from /usr/local/python/3.12.1/lib/python3.12/site-packages/airflow/example_dags/example_xcom.py
[2025-11-17T16:03:02.299+0000] {logging_mixin.py:188} INFO - [2025-11-17T16:03:02.299+0000] {dag.py:3096} INFO - Sync 1 DAGs
[2025-11-17T16:03:02.314+0000] {logging_mixin.py:188} INFO - [2025-11-17T16:03:02.314+0000] {dag.py:3954} INFO - Setting next_dagrun for example_xcom to 2021-01-01 00:00:00+00:00, run_after=2021-01-01 00:00:00+00:00
[2025-11-17T16:03:02.330+0000] {processor.py:183} INFO - Processing /usr/local/python/3.12.1/lib/python3.12/site-packages/airflow/example_dags/example_xcom.py took 0.058 seconds
[2025-11-17T16:03:44.636+0000] {processor.py:161} INFO - Started process (PID=42972) to work on /usr/local/python/3.12.1/lib/python3.12/site-packages/airflow/example_dags/example_xcom.py
[2025-11-17T16:03:44.637+0000] {processor.py:830} INFO - Processing file /usr/local/python/3.12.1/lib/python3.12/site-packages/airflow/example_dags/example_xcom.py for tasks to queue
[2025-11-17T16:03:44.638+0000] {logging_mixin.py:188} INFO - [2025-11-17T16:03:44.638+0000] {dagbag.py:545} INFO - Filling up the DagBag from /usr/local/python/3.12.1/lib/python3.12/site-packages/airflow/example_dags/example_xcom.py
[2025-11-17T16:03:44.644+0000] {processor.py:840} INFO - DAG(s) 'example_xcom' retrieved from /usr/local/python/3.12.1/lib/python3.12/site-packages/airflow/example_dags/example_xcom.py
[2025-11-17T16:03:44.657+0000] {logging_mixin.py:188} INFO - [2025-11-17T16:03:44.657+0000] {dag.py:3096} INFO - Sync 1 DAGs
[2025-11-17T16:03:44.671+0000] {logging_mixin.py:188} INFO - [2025-11-17T16:03:44.671+0000] {dag.py:3954} INFO - Setting next_dagrun for example_xcom to 2021-01-01 00:00:00+00:00, run_after=2021-01-01 00:00:00+00:00
[2025-11-17T16:03:44.687+0000] {processor.py:183} INFO - Processing /usr/local/python/3.12.1/lib/python3.12/site-packages/airflow/example_dags/example_xcom.py took 0.055 seconds
[2025-11-17T16:04:35.960+0000] {processor.py:161} INFO - Started process (PID=43671) to work on /usr/local/python/3.12.1/lib/python3.12/site-packages/airflow/example_dags/example_xcom.py
[2025-11-17T16:04:35.960+0000] {processor.py:830} INFO - Processing file /usr/local/python/3.12.1/lib/python3.12/site-packages/airflow/example_dags/example_xcom.py for tasks to queue
[2025-11-17T16:04:35.962+0000] {logging_mixin.py:188} INFO - [2025-11-17T16:04:35.961+0000] {dagbag.py:545} INFO - Filling up the DagBag from /usr/local/python/3.12.1/lib/python3.12/site-packages/airflow/example_dags/example_xcom.py
[2025-11-17T16:04:35.970+0000] {processor.py:840} INFO - DAG(s) 'example_xcom' retrieved from /usr/local/python/3.12.1/lib/python3.12/site-packages/airflow/example_dags/example_xcom.py
[2025-11-17T16:04:35.990+0000] {logging_mixin.py:188} INFO - [2025-11-17T16:04:35.989+0000] {dag.py:3096} INFO - Sync 1 DAGs
[2025-11-17T16:04:36.010+0000] {logging_mixin.py:188} INFO - [2025-11-17T16:04:36.010+0000] {dag.py:3954} INFO - Setting next_dagrun for example_xcom to 2021-01-01 00:00:00+00:00, run_after=2021-01-01 00:00:00+00:00
[2025-11-17T16:04:36.044+0000] {processor.py:183} INFO - Processing /usr/local/python/3.12.1/lib/python3.12/site-packages/airflow/example_dags/example_xcom.py took 0.088 seconds
[2025-11-17T16:06:04.073+0000] {processor.py:161} INFO - Started process (PID=44827) to work on /usr/local/python/3.12.1/lib/python3.12/site-packages/airflow/example_dags/example_xcom.py
[2025-11-17T16:06:04.073+0000] {processor.py:830} INFO - Processing file /usr/local/python/3.12.1/lib/python3.12/site-packages/airflow/example_dags/example_xcom.py for tasks to queue
[2025-11-17T16:06:04.075+0000] {logging_mixin.py:188} INFO - [2025-11-17T16:06:04.075+0000] {dagbag.py:545} INFO - Filling up the DagBag from /usr/local/python/3.12.1/lib/python3.12/site-packages/airflow/example_dags/example_xcom.py
[2025-11-17T16:06:04.087+0000] {processor.py:840} INFO - DAG(s) 'example_xcom' retrieved from /usr/local/python/3.12.1/lib/python3.12/site-packages/airflow/example_dags/example_xcom.py
[2025-11-17T16:06:04.115+0000] {logging_mixin.py:188} INFO - [2025-11-17T16:06:04.115+0000] {dag.py:3096} INFO - Sync 1 DAGs
[2025-11-17T16:06:04.138+0000] {logging_mixin.py:188} INFO - [2025-11-17T16:06:04.138+0000] {dag.py:3954} INFO - Setting next_dagrun for example_xcom to 2021-01-01 00:00:00+00:00, run_after=2021-01-01 00:00:00+00:00
[2025-11-17T16:06:04.159+0000] {processor.py:183} INFO - Processing /usr/local/python/3.12.1/lib/python3.12/site-packages/airflow/example_dags/example_xcom.py took 0.093 seconds
[2025-11-17T16:06:55.220+0000] {processor.py:161} INFO - Started process (PID=46259) to work on /usr/local/python/3.12.1/lib/python3.12/site-packages/airflow/example_dags/example_xcom.py
[2025-11-17T16:06:55.220+0000] {processor.py:830} INFO - Processing file /usr/local/python/3.12.1/lib/python3.12/site-packages/airflow/example_dags/example_xcom.py for tasks to queue
[2025-11-17T16:06:55.221+0000] {logging_mixin.py:188} INFO - [2025-11-17T16:06:55.221+0000] {dagbag.py:545} INFO - Filling up the DagBag from /usr/local/python/3.12.1/lib/python3.12/site-packages/airflow/example_dags/example_xcom.py
[2025-11-17T16:06:55.227+0000] {processor.py:840} INFO - DAG(s) 'example_xcom' retrieved from /usr/local/python/3.12.1/lib/python3.12/site-packages/airflow/example_dags/example_xcom.py
[2025-11-17T16:06:55.238+0000] {logging_mixin.py:188} INFO - [2025-11-17T16:06:55.238+0000] {dag.py:3096} INFO - Sync 1 DAGs
[2025-11-17T16:06:55.252+0000] {logging_mixin.py:188} INFO - [2025-11-17T16:06:55.252+0000] {dag.py:3954} INFO - Setting next_dagrun for example_xcom to 2021-01-01 00:00:00+00:00, run_after=2021-01-01 00:00:00+00:00
[2025-11-17T16:06:55.268+0000] {processor.py:183} INFO - Processing /usr/local/python/3.12.1/lib/python3.12/site-packages/airflow/example_dags/example_xcom.py took 0.052 seconds
[2025-11-17T16:07:39.515+0000] {processor.py:161} INFO - Started process (PID=46867) to work on /usr/local/python/3.12.1/lib/python3.12/site-packages/airflow/example_dags/example_xcom.py
[2025-11-17T16:07:39.516+0000] {processor.py:830} INFO - Processing file /usr/local/python/3.12.1/lib/python3.12/site-packages/airflow/example_dags/example_xcom.py for tasks to queue
[2025-11-17T16:07:39.517+0000] {logging_mixin.py:188} INFO - [2025-11-17T16:07:39.517+0000] {dagbag.py:545} INFO - Filling up the DagBag from /usr/local/python/3.12.1/lib/python3.12/site-packages/airflow/example_dags/example_xcom.py
[2025-11-17T16:07:39.525+0000] {processor.py:840} INFO - DAG(s) 'example_xcom' retrieved from /usr/local/python/3.12.1/lib/python3.12/site-packages/airflow/example_dags/example_xcom.py
[2025-11-17T16:07:39.546+0000] {logging_mixin.py:188} INFO - [2025-11-17T16:07:39.546+0000] {dag.py:3096} INFO - Sync 1 DAGs
[2025-11-17T16:07:39.567+0000] {logging_mixin.py:188} INFO - [2025-11-17T16:07:39.567+0000] {dag.py:3954} INFO - Setting next_dagrun for example_xcom to 2021-01-01 00:00:00+00:00, run_after=2021-01-01 00:00:00+00:00
[2025-11-17T16:07:39.590+0000] {processor.py:183} INFO - Processing /usr/local/python/3.12.1/lib/python3.12/site-packages/airflow/example_dags/example_xcom.py took 0.080 seconds
[2025-11-17T16:08:27.591+0000] {processor.py:161} INFO - Started process (PID=47543) to work on /usr/local/python/3.12.1/lib/python3.12/site-packages/airflow/example_dags/example_xcom.py
[2025-11-17T16:08:27.592+0000] {processor.py:830} INFO - Processing file /usr/local/python/3.12.1/lib/python3.12/site-packages/airflow/example_dags/example_xcom.py for tasks to queue
[2025-11-17T16:08:27.593+0000] {logging_mixin.py:188} INFO - [2025-11-17T16:08:27.592+0000] {dagbag.py:545} INFO - Filling up the DagBag from /usr/local/python/3.12.1/lib/python3.12/site-packages/airflow/example_dags/example_xcom.py
[2025-11-17T16:08:27.598+0000] {processor.py:840} INFO - DAG(s) 'example_xcom' retrieved from /usr/local/python/3.12.1/lib/python3.12/site-packages/airflow/example_dags/example_xcom.py
[2025-11-17T16:08:27.610+0000] {logging_mixin.py:188} INFO - [2025-11-17T16:08:27.609+0000] {dag.py:3096} INFO - Sync 1 DAGs
[2025-11-17T16:08:27.623+0000] {logging_mixin.py:188} INFO - [2025-11-17T16:08:27.623+0000] {dag.py:3954} INFO - Setting next_dagrun for example_xcom to 2021-01-01 00:00:00+00:00, run_after=2021-01-01 00:00:00+00:00
[2025-11-17T16:08:27.638+0000] {processor.py:183} INFO - Processing /usr/local/python/3.12.1/lib/python3.12/site-packages/airflow/example_dags/example_xcom.py took 0.051 seconds
[2025-11-17T16:09:08.711+0000] {processor.py:161} INFO - Started process (PID=48137) to work on /usr/local/python/3.12.1/lib/python3.12/site-packages/airflow/example_dags/example_xcom.py
[2025-11-17T16:09:08.712+0000] {processor.py:830} INFO - Processing file /usr/local/python/3.12.1/lib/python3.12/site-packages/airflow/example_dags/example_xcom.py for tasks to queue
[2025-11-17T16:09:08.713+0000] {logging_mixin.py:188} INFO - [2025-11-17T16:09:08.713+0000] {dagbag.py:545} INFO - Filling up the DagBag from /usr/local/python/3.12.1/lib/python3.12/site-packages/airflow/example_dags/example_xcom.py
[2025-11-17T16:09:08.718+0000] {processor.py:840} INFO - DAG(s) 'example_xcom' retrieved from /usr/local/python/3.12.1/lib/python3.12/site-packages/airflow/example_dags/example_xcom.py
[2025-11-17T16:09:08.731+0000] {logging_mixin.py:188} INFO - [2025-11-17T16:09:08.730+0000] {dag.py:3096} INFO - Sync 1 DAGs
[2025-11-17T16:09:08.744+0000] {logging_mixin.py:188} INFO - [2025-11-17T16:09:08.744+0000] {dag.py:3954} INFO - Setting next_dagrun for example_xcom to 2021-01-01 00:00:00+00:00, run_after=2021-01-01 00:00:00+00:00
[2025-11-17T16:09:08.759+0000] {processor.py:183} INFO - Processing /usr/local/python/3.12.1/lib/python3.12/site-packages/airflow/example_dags/example_xcom.py took 0.053 seconds
[2025-11-17T16:09:49.993+0000] {processor.py:161} INFO - Started process (PID=48845) to work on /usr/local/python/3.12.1/lib/python3.12/site-packages/airflow/example_dags/example_xcom.py
[2025-11-17T16:09:49.994+0000] {processor.py:830} INFO - Processing file /usr/local/python/3.12.1/lib/python3.12/site-packages/airflow/example_dags/example_xcom.py for tasks to queue
[2025-11-17T16:09:49.996+0000] {logging_mixin.py:188} INFO - [2025-11-17T16:09:49.995+0000] {dagbag.py:545} INFO - Filling up the DagBag from /usr/local/python/3.12.1/lib/python3.12/site-packages/airflow/example_dags/example_xcom.py
[2025-11-17T16:09:50.006+0000] {processor.py:840} INFO - DAG(s) 'example_xcom' retrieved from /usr/local/python/3.12.1/lib/python3.12/site-packages/airflow/example_dags/example_xcom.py
[2025-11-17T16:09:50.025+0000] {logging_mixin.py:188} INFO - [2025-11-17T16:09:50.025+0000] {dag.py:3096} INFO - Sync 1 DAGs
[2025-11-17T16:09:50.059+0000] {logging_mixin.py:188} INFO - [2025-11-17T16:09:50.059+0000] {dag.py:3954} INFO - Setting next_dagrun for example_xcom to 2021-01-01 00:00:00+00:00, run_after=2021-01-01 00:00:00+00:00
[2025-11-17T16:09:50.089+0000] {processor.py:183} INFO - Processing /usr/local/python/3.12.1/lib/python3.12/site-packages/airflow/example_dags/example_xcom.py took 0.116 seconds
[2025-11-17T16:10:27.611+0000] {processor.py:161} INFO - Started process (PID=49300) to work on /usr/local/python/3.12.1/lib/python3.12/site-packages/airflow/example_dags/example_xcom.py
[2025-11-17T16:10:27.611+0000] {processor.py:830} INFO - Processing file /usr/local/python/3.12.1/lib/python3.12/site-packages/airflow/example_dags/example_xcom.py for tasks to queue
[2025-11-17T16:10:27.613+0000] {logging_mixin.py:188} INFO - [2025-11-17T16:10:27.612+0000] {dagbag.py:545} INFO - Filling up the DagBag from /usr/local/python/3.12.1/lib/python3.12/site-packages/airflow/example_dags/example_xcom.py
[2025-11-17T16:10:27.618+0000] {processor.py:840} INFO - DAG(s) 'example_xcom' retrieved from /usr/local/python/3.12.1/lib/python3.12/site-packages/airflow/example_dags/example_xcom.py
[2025-11-17T16:10:27.630+0000] {logging_mixin.py:188} INFO - [2025-11-17T16:10:27.630+0000] {dag.py:3096} INFO - Sync 1 DAGs
[2025-11-17T16:10:27.646+0000] {logging_mixin.py:188} INFO - [2025-11-17T16:10:27.646+0000] {dag.py:3954} INFO - Setting next_dagrun for example_xcom to 2021-01-01 00:00:00+00:00, run_after=2021-01-01 00:00:00+00:00
[2025-11-17T16:10:27.662+0000] {processor.py:183} INFO - Processing /usr/local/python/3.12.1/lib/python3.12/site-packages/airflow/example_dags/example_xcom.py took 0.055 seconds
