[2025-11-17T15:42:05.266+0000] {processor.py:161} INFO - Started process (PID=27638) to work on /usr/local/python/3.12.1/lib/python3.12/site-packages/airflow/example_dags/example_xcomargs.py
[2025-11-17T15:42:05.268+0000] {processor.py:830} INFO - Processing file /usr/local/python/3.12.1/lib/python3.12/site-packages/airflow/example_dags/example_xcomargs.py for tasks to queue
[2025-11-17T15:42:05.271+0000] {logging_mixin.py:188} INFO - [2025-11-17T15:42:05.271+0000] {dagbag.py:545} INFO - Filling up the DagBag from /usr/local/python/3.12.1/lib/python3.12/site-packages/airflow/example_dags/example_xcomargs.py
[2025-11-17T15:42:05.304+0000] {processor.py:840} INFO - DAG(s) 'example_xcom_args', 'example_xcom_args_with_operators' retrieved from /usr/local/python/3.12.1/lib/python3.12/site-packages/airflow/example_dags/example_xcomargs.py
[2025-11-17T15:42:05.452+0000] {logging_mixin.py:188} INFO - [2025-11-17T15:42:05.452+0000] {override.py:1829} INFO - Created Permission View: can read on DAG:example_xcom_args
[2025-11-17T15:42:05.464+0000] {logging_mixin.py:188} INFO - [2025-11-17T15:42:05.464+0000] {override.py:1829} INFO - Created Permission View: can edit on DAG:example_xcom_args
[2025-11-17T15:42:05.483+0000] {logging_mixin.py:188} INFO - [2025-11-17T15:42:05.482+0000] {override.py:1829} INFO - Created Permission View: can delete on DAG:example_xcom_args
[2025-11-17T15:42:05.500+0000] {logging_mixin.py:188} INFO - [2025-11-17T15:42:05.500+0000] {override.py:1829} INFO - Created Permission View: can read on DAG:example_xcom_args_with_operators
[2025-11-17T15:42:05.507+0000] {logging_mixin.py:188} INFO - [2025-11-17T15:42:05.507+0000] {override.py:1829} INFO - Created Permission View: can edit on DAG:example_xcom_args_with_operators
[2025-11-17T15:42:05.514+0000] {logging_mixin.py:188} INFO - [2025-11-17T15:42:05.514+0000] {override.py:1829} INFO - Created Permission View: can delete on DAG:example_xcom_args_with_operators
[2025-11-17T15:42:05.514+0000] {logging_mixin.py:188} INFO - [2025-11-17T15:42:05.514+0000] {dag.py:3096} INFO - Sync 2 DAGs
[2025-11-17T15:42:05.528+0000] {logging_mixin.py:188} INFO - [2025-11-17T15:42:05.527+0000] {dag.py:3118} INFO - Creating ORM DAG for example_xcom_args_with_operators
[2025-11-17T15:42:05.528+0000] {logging_mixin.py:188} INFO - [2025-11-17T15:42:05.528+0000] {dag.py:3118} INFO - Creating ORM DAG for example_xcom_args
[2025-11-17T15:42:05.529+0000] {logging_mixin.py:188} INFO - [2025-11-17T15:42:05.529+0000] {dag.py:3954} INFO - Setting next_dagrun for example_xcom_args to None, run_after=None
[2025-11-17T15:42:05.530+0000] {logging_mixin.py:188} INFO - [2025-11-17T15:42:05.529+0000] {dag.py:3954} INFO - Setting next_dagrun for example_xcom_args_with_operators to None, run_after=None
[2025-11-17T15:42:05.550+0000] {processor.py:183} INFO - Processing /usr/local/python/3.12.1/lib/python3.12/site-packages/airflow/example_dags/example_xcomargs.py took 0.305 seconds
[2025-11-17T15:43:02.977+0000] {processor.py:161} INFO - Started process (PID=28540) to work on /usr/local/python/3.12.1/lib/python3.12/site-packages/airflow/example_dags/example_xcomargs.py
[2025-11-17T15:43:02.982+0000] {processor.py:830} INFO - Processing file /usr/local/python/3.12.1/lib/python3.12/site-packages/airflow/example_dags/example_xcomargs.py for tasks to queue
[2025-11-17T15:43:02.983+0000] {logging_mixin.py:188} INFO - [2025-11-17T15:43:02.983+0000] {dagbag.py:545} INFO - Filling up the DagBag from /usr/local/python/3.12.1/lib/python3.12/site-packages/airflow/example_dags/example_xcomargs.py
[2025-11-17T15:43:03.003+0000] {processor.py:840} INFO - DAG(s) 'example_xcom_args', 'example_xcom_args_with_operators' retrieved from /usr/local/python/3.12.1/lib/python3.12/site-packages/airflow/example_dags/example_xcomargs.py
[2025-11-17T15:43:03.042+0000] {logging_mixin.py:188} INFO - [2025-11-17T15:43:03.042+0000] {dag.py:3096} INFO - Sync 2 DAGs
[2025-11-17T15:43:03.072+0000] {logging_mixin.py:188} INFO - [2025-11-17T15:43:03.072+0000] {dag.py:3954} INFO - Setting next_dagrun for example_xcom_args to None, run_after=None
[2025-11-17T15:43:03.078+0000] {logging_mixin.py:188} INFO - [2025-11-17T15:43:03.078+0000] {dag.py:3954} INFO - Setting next_dagrun for example_xcom_args_with_operators to None, run_after=None
[2025-11-17T15:43:03.102+0000] {processor.py:183} INFO - Processing /usr/local/python/3.12.1/lib/python3.12/site-packages/airflow/example_dags/example_xcomargs.py took 0.130 seconds
[2025-11-17T15:43:47.316+0000] {processor.py:161} INFO - Started process (PID=29385) to work on /usr/local/python/3.12.1/lib/python3.12/site-packages/airflow/example_dags/example_xcomargs.py
[2025-11-17T15:43:47.317+0000] {processor.py:830} INFO - Processing file /usr/local/python/3.12.1/lib/python3.12/site-packages/airflow/example_dags/example_xcomargs.py for tasks to queue
[2025-11-17T15:43:47.318+0000] {logging_mixin.py:188} INFO - [2025-11-17T15:43:47.318+0000] {dagbag.py:545} INFO - Filling up the DagBag from /usr/local/python/3.12.1/lib/python3.12/site-packages/airflow/example_dags/example_xcomargs.py
[2025-11-17T15:43:47.328+0000] {processor.py:840} INFO - DAG(s) 'example_xcom_args', 'example_xcom_args_with_operators' retrieved from /usr/local/python/3.12.1/lib/python3.12/site-packages/airflow/example_dags/example_xcomargs.py
[2025-11-17T15:43:47.362+0000] {logging_mixin.py:188} INFO - [2025-11-17T15:43:47.362+0000] {dag.py:3096} INFO - Sync 2 DAGs
[2025-11-17T15:43:47.379+0000] {logging_mixin.py:188} INFO - [2025-11-17T15:43:47.378+0000] {dag.py:3954} INFO - Setting next_dagrun for example_xcom_args to None, run_after=None
[2025-11-17T15:43:47.384+0000] {logging_mixin.py:188} INFO - [2025-11-17T15:43:47.384+0000] {dag.py:3954} INFO - Setting next_dagrun for example_xcom_args_with_operators to None, run_after=None
[2025-11-17T15:43:47.400+0000] {processor.py:183} INFO - Processing /usr/local/python/3.12.1/lib/python3.12/site-packages/airflow/example_dags/example_xcomargs.py took 0.091 seconds
[2025-11-17T15:44:37.646+0000] {processor.py:161} INFO - Started process (PID=29855) to work on /usr/local/python/3.12.1/lib/python3.12/site-packages/airflow/example_dags/example_xcomargs.py
[2025-11-17T15:44:37.647+0000] {processor.py:830} INFO - Processing file /usr/local/python/3.12.1/lib/python3.12/site-packages/airflow/example_dags/example_xcomargs.py for tasks to queue
[2025-11-17T15:44:37.648+0000] {logging_mixin.py:188} INFO - [2025-11-17T15:44:37.647+0000] {dagbag.py:545} INFO - Filling up the DagBag from /usr/local/python/3.12.1/lib/python3.12/site-packages/airflow/example_dags/example_xcomargs.py
[2025-11-17T15:44:37.654+0000] {processor.py:840} INFO - DAG(s) 'example_xcom_args', 'example_xcom_args_with_operators' retrieved from /usr/local/python/3.12.1/lib/python3.12/site-packages/airflow/example_dags/example_xcomargs.py
[2025-11-17T15:44:37.666+0000] {logging_mixin.py:188} INFO - [2025-11-17T15:44:37.666+0000] {dag.py:3096} INFO - Sync 2 DAGs
[2025-11-17T15:44:37.675+0000] {logging_mixin.py:188} INFO - [2025-11-17T15:44:37.675+0000] {dag.py:3954} INFO - Setting next_dagrun for example_xcom_args to None, run_after=None
[2025-11-17T15:44:37.677+0000] {logging_mixin.py:188} INFO - [2025-11-17T15:44:37.677+0000] {dag.py:3954} INFO - Setting next_dagrun for example_xcom_args_with_operators to None, run_after=None
[2025-11-17T15:44:37.692+0000] {processor.py:183} INFO - Processing /usr/local/python/3.12.1/lib/python3.12/site-packages/airflow/example_dags/example_xcomargs.py took 0.050 seconds
[2025-11-17T15:45:17.248+0000] {processor.py:161} INFO - Started process (PID=30707) to work on /usr/local/python/3.12.1/lib/python3.12/site-packages/airflow/example_dags/example_xcomargs.py
[2025-11-17T15:45:17.249+0000] {processor.py:830} INFO - Processing file /usr/local/python/3.12.1/lib/python3.12/site-packages/airflow/example_dags/example_xcomargs.py for tasks to queue
[2025-11-17T15:45:17.250+0000] {logging_mixin.py:188} INFO - [2025-11-17T15:45:17.250+0000] {dagbag.py:545} INFO - Filling up the DagBag from /usr/local/python/3.12.1/lib/python3.12/site-packages/airflow/example_dags/example_xcomargs.py
[2025-11-17T15:45:17.258+0000] {processor.py:840} INFO - DAG(s) 'example_xcom_args_with_operators', 'example_xcom_args' retrieved from /usr/local/python/3.12.1/lib/python3.12/site-packages/airflow/example_dags/example_xcomargs.py
[2025-11-17T15:45:17.272+0000] {logging_mixin.py:188} INFO - [2025-11-17T15:45:17.272+0000] {dag.py:3096} INFO - Sync 2 DAGs
[2025-11-17T15:45:17.285+0000] {logging_mixin.py:188} INFO - [2025-11-17T15:45:17.285+0000] {dag.py:3954} INFO - Setting next_dagrun for example_xcom_args to None, run_after=None
[2025-11-17T15:45:17.289+0000] {logging_mixin.py:188} INFO - [2025-11-17T15:45:17.288+0000] {dag.py:3954} INFO - Setting next_dagrun for example_xcom_args_with_operators to None, run_after=None
[2025-11-17T15:45:17.309+0000] {processor.py:183} INFO - Processing /usr/local/python/3.12.1/lib/python3.12/site-packages/airflow/example_dags/example_xcomargs.py took 0.067 seconds
[2025-11-17T16:00:45.558+0000] {processor.py:161} INFO - Started process (PID=40654) to work on /usr/local/python/3.12.1/lib/python3.12/site-packages/airflow/example_dags/example_xcomargs.py
[2025-11-17T16:00:45.559+0000] {processor.py:830} INFO - Processing file /usr/local/python/3.12.1/lib/python3.12/site-packages/airflow/example_dags/example_xcomargs.py for tasks to queue
[2025-11-17T16:00:45.560+0000] {logging_mixin.py:188} INFO - [2025-11-17T16:00:45.560+0000] {dagbag.py:545} INFO - Filling up the DagBag from /usr/local/python/3.12.1/lib/python3.12/site-packages/airflow/example_dags/example_xcomargs.py
[2025-11-17T16:00:45.568+0000] {processor.py:840} INFO - DAG(s) 'example_xcom_args', 'example_xcom_args_with_operators' retrieved from /usr/local/python/3.12.1/lib/python3.12/site-packages/airflow/example_dags/example_xcomargs.py
[2025-11-17T16:00:45.587+0000] {logging_mixin.py:188} INFO - [2025-11-17T16:00:45.587+0000] {dag.py:3096} INFO - Sync 2 DAGs
[2025-11-17T16:00:45.596+0000] {logging_mixin.py:188} INFO - [2025-11-17T16:00:45.596+0000] {dag.py:3954} INFO - Setting next_dagrun for example_xcom_args to None, run_after=None
[2025-11-17T16:00:45.598+0000] {logging_mixin.py:188} INFO - [2025-11-17T16:00:45.598+0000] {dag.py:3954} INFO - Setting next_dagrun for example_xcom_args_with_operators to None, run_after=None
[2025-11-17T16:00:45.612+0000] {processor.py:183} INFO - Processing /usr/local/python/3.12.1/lib/python3.12/site-packages/airflow/example_dags/example_xcomargs.py took 0.058 seconds
[2025-11-17T16:01:35.809+0000] {processor.py:161} INFO - Started process (PID=41401) to work on /usr/local/python/3.12.1/lib/python3.12/site-packages/airflow/example_dags/example_xcomargs.py
[2025-11-17T16:01:35.810+0000] {processor.py:830} INFO - Processing file /usr/local/python/3.12.1/lib/python3.12/site-packages/airflow/example_dags/example_xcomargs.py for tasks to queue
[2025-11-17T16:01:35.811+0000] {logging_mixin.py:188} INFO - [2025-11-17T16:01:35.811+0000] {dagbag.py:545} INFO - Filling up the DagBag from /usr/local/python/3.12.1/lib/python3.12/site-packages/airflow/example_dags/example_xcomargs.py
[2025-11-17T16:01:35.817+0000] {processor.py:840} INFO - DAG(s) 'example_xcom_args', 'example_xcom_args_with_operators' retrieved from /usr/local/python/3.12.1/lib/python3.12/site-packages/airflow/example_dags/example_xcomargs.py
[2025-11-17T16:01:35.830+0000] {logging_mixin.py:188} INFO - [2025-11-17T16:01:35.830+0000] {dag.py:3096} INFO - Sync 2 DAGs
[2025-11-17T16:01:35.840+0000] {logging_mixin.py:188} INFO - [2025-11-17T16:01:35.840+0000] {dag.py:3954} INFO - Setting next_dagrun for example_xcom_args to None, run_after=None
[2025-11-17T16:01:35.844+0000] {logging_mixin.py:188} INFO - [2025-11-17T16:01:35.843+0000] {dag.py:3954} INFO - Setting next_dagrun for example_xcom_args_with_operators to None, run_after=None
[2025-11-17T16:01:35.862+0000] {processor.py:183} INFO - Processing /usr/local/python/3.12.1/lib/python3.12/site-packages/airflow/example_dags/example_xcomargs.py took 0.057 seconds
[2025-11-17T16:02:16.813+0000] {processor.py:161} INFO - Started process (PID=41873) to work on /usr/local/python/3.12.1/lib/python3.12/site-packages/airflow/example_dags/example_xcomargs.py
[2025-11-17T16:02:16.814+0000] {processor.py:830} INFO - Processing file /usr/local/python/3.12.1/lib/python3.12/site-packages/airflow/example_dags/example_xcomargs.py for tasks to queue
[2025-11-17T16:02:16.815+0000] {logging_mixin.py:188} INFO - [2025-11-17T16:02:16.815+0000] {dagbag.py:545} INFO - Filling up the DagBag from /usr/local/python/3.12.1/lib/python3.12/site-packages/airflow/example_dags/example_xcomargs.py
[2025-11-17T16:02:16.821+0000] {processor.py:840} INFO - DAG(s) 'example_xcom_args_with_operators', 'example_xcom_args' retrieved from /usr/local/python/3.12.1/lib/python3.12/site-packages/airflow/example_dags/example_xcomargs.py
[2025-11-17T16:02:16.836+0000] {logging_mixin.py:188} INFO - [2025-11-17T16:02:16.835+0000] {dag.py:3096} INFO - Sync 2 DAGs
[2025-11-17T16:02:16.849+0000] {logging_mixin.py:188} INFO - [2025-11-17T16:02:16.849+0000] {dag.py:3954} INFO - Setting next_dagrun for example_xcom_args to None, run_after=None
[2025-11-17T16:02:16.853+0000] {logging_mixin.py:188} INFO - [2025-11-17T16:02:16.853+0000] {dag.py:3954} INFO - Setting next_dagrun for example_xcom_args_with_operators to None, run_after=None
[2025-11-17T16:02:16.876+0000] {processor.py:183} INFO - Processing /usr/local/python/3.12.1/lib/python3.12/site-packages/airflow/example_dags/example_xcomargs.py took 0.067 seconds
[2025-11-17T16:02:58.984+0000] {processor.py:161} INFO - Started process (PID=42502) to work on /usr/local/python/3.12.1/lib/python3.12/site-packages/airflow/example_dags/example_xcomargs.py
[2025-11-17T16:02:58.984+0000] {processor.py:830} INFO - Processing file /usr/local/python/3.12.1/lib/python3.12/site-packages/airflow/example_dags/example_xcomargs.py for tasks to queue
[2025-11-17T16:02:58.986+0000] {logging_mixin.py:188} INFO - [2025-11-17T16:02:58.985+0000] {dagbag.py:545} INFO - Filling up the DagBag from /usr/local/python/3.12.1/lib/python3.12/site-packages/airflow/example_dags/example_xcomargs.py
[2025-11-17T16:02:58.992+0000] {processor.py:840} INFO - DAG(s) 'example_xcom_args_with_operators', 'example_xcom_args' retrieved from /usr/local/python/3.12.1/lib/python3.12/site-packages/airflow/example_dags/example_xcomargs.py
[2025-11-17T16:02:59.006+0000] {logging_mixin.py:188} INFO - [2025-11-17T16:02:59.006+0000] {dag.py:3096} INFO - Sync 2 DAGs
[2025-11-17T16:02:59.015+0000] {logging_mixin.py:188} INFO - [2025-11-17T16:02:59.014+0000] {dag.py:3954} INFO - Setting next_dagrun for example_xcom_args to None, run_after=None
[2025-11-17T16:02:59.017+0000] {logging_mixin.py:188} INFO - [2025-11-17T16:02:59.017+0000] {dag.py:3954} INFO - Setting next_dagrun for example_xcom_args_with_operators to None, run_after=None
[2025-11-17T16:02:59.032+0000] {processor.py:183} INFO - Processing /usr/local/python/3.12.1/lib/python3.12/site-packages/airflow/example_dags/example_xcomargs.py took 0.052 seconds
[2025-11-17T16:03:41.125+0000] {processor.py:161} INFO - Started process (PID=42896) to work on /usr/local/python/3.12.1/lib/python3.12/site-packages/airflow/example_dags/example_xcomargs.py
[2025-11-17T16:03:41.126+0000] {processor.py:830} INFO - Processing file /usr/local/python/3.12.1/lib/python3.12/site-packages/airflow/example_dags/example_xcomargs.py for tasks to queue
[2025-11-17T16:03:41.129+0000] {logging_mixin.py:188} INFO - [2025-11-17T16:03:41.129+0000] {dagbag.py:545} INFO - Filling up the DagBag from /usr/local/python/3.12.1/lib/python3.12/site-packages/airflow/example_dags/example_xcomargs.py
[2025-11-17T16:03:41.147+0000] {processor.py:840} INFO - DAG(s) 'example_xcom_args_with_operators', 'example_xcom_args' retrieved from /usr/local/python/3.12.1/lib/python3.12/site-packages/airflow/example_dags/example_xcomargs.py
[2025-11-17T16:03:41.168+0000] {logging_mixin.py:188} INFO - [2025-11-17T16:03:41.168+0000] {dag.py:3096} INFO - Sync 2 DAGs
[2025-11-17T16:03:41.181+0000] {logging_mixin.py:188} INFO - [2025-11-17T16:03:41.181+0000] {dag.py:3954} INFO - Setting next_dagrun for example_xcom_args to None, run_after=None
[2025-11-17T16:03:41.185+0000] {logging_mixin.py:188} INFO - [2025-11-17T16:03:41.185+0000] {dag.py:3954} INFO - Setting next_dagrun for example_xcom_args_with_operators to None, run_after=None
[2025-11-17T16:03:41.205+0000] {processor.py:183} INFO - Processing /usr/local/python/3.12.1/lib/python3.12/site-packages/airflow/example_dags/example_xcomargs.py took 0.088 seconds
[2025-11-17T16:04:22.334+0000] {processor.py:161} INFO - Started process (PID=43492) to work on /usr/local/python/3.12.1/lib/python3.12/site-packages/airflow/example_dags/example_xcomargs.py
[2025-11-17T16:04:22.335+0000] {processor.py:830} INFO - Processing file /usr/local/python/3.12.1/lib/python3.12/site-packages/airflow/example_dags/example_xcomargs.py for tasks to queue
[2025-11-17T16:04:22.336+0000] {logging_mixin.py:188} INFO - [2025-11-17T16:04:22.336+0000] {dagbag.py:545} INFO - Filling up the DagBag from /usr/local/python/3.12.1/lib/python3.12/site-packages/airflow/example_dags/example_xcomargs.py
[2025-11-17T16:04:22.342+0000] {processor.py:840} INFO - DAG(s) 'example_xcom_args', 'example_xcom_args_with_operators' retrieved from /usr/local/python/3.12.1/lib/python3.12/site-packages/airflow/example_dags/example_xcomargs.py
[2025-11-17T16:04:22.355+0000] {logging_mixin.py:188} INFO - [2025-11-17T16:04:22.355+0000] {dag.py:3096} INFO - Sync 2 DAGs
[2025-11-17T16:04:22.364+0000] {logging_mixin.py:188} INFO - [2025-11-17T16:04:22.364+0000] {dag.py:3954} INFO - Setting next_dagrun for example_xcom_args to None, run_after=None
[2025-11-17T16:04:22.366+0000] {logging_mixin.py:188} INFO - [2025-11-17T16:04:22.366+0000] {dag.py:3954} INFO - Setting next_dagrun for example_xcom_args_with_operators to None, run_after=None
[2025-11-17T16:04:22.384+0000] {processor.py:183} INFO - Processing /usr/local/python/3.12.1/lib/python3.12/site-packages/airflow/example_dags/example_xcomargs.py took 0.055 seconds
[2025-11-17T16:05:03.989+0000] {processor.py:161} INFO - Started process (PID=44072) to work on /usr/local/python/3.12.1/lib/python3.12/site-packages/airflow/example_dags/example_xcomargs.py
[2025-11-17T16:05:03.989+0000] {processor.py:830} INFO - Processing file /usr/local/python/3.12.1/lib/python3.12/site-packages/airflow/example_dags/example_xcomargs.py for tasks to queue
[2025-11-17T16:05:03.991+0000] {logging_mixin.py:188} INFO - [2025-11-17T16:05:03.991+0000] {dagbag.py:545} INFO - Filling up the DagBag from /usr/local/python/3.12.1/lib/python3.12/site-packages/airflow/example_dags/example_xcomargs.py
[2025-11-17T16:05:04.000+0000] {processor.py:840} INFO - DAG(s) 'example_xcom_args', 'example_xcom_args_with_operators' retrieved from /usr/local/python/3.12.1/lib/python3.12/site-packages/airflow/example_dags/example_xcomargs.py
[2025-11-17T16:05:04.020+0000] {logging_mixin.py:188} INFO - [2025-11-17T16:05:04.020+0000] {dag.py:3096} INFO - Sync 2 DAGs
[2025-11-17T16:05:04.034+0000] {logging_mixin.py:188} INFO - [2025-11-17T16:05:04.034+0000] {dag.py:3954} INFO - Setting next_dagrun for example_xcom_args to None, run_after=None
[2025-11-17T16:05:04.038+0000] {logging_mixin.py:188} INFO - [2025-11-17T16:05:04.038+0000] {dag.py:3954} INFO - Setting next_dagrun for example_xcom_args_with_operators to None, run_after=None
[2025-11-17T16:05:04.056+0000] {processor.py:183} INFO - Processing /usr/local/python/3.12.1/lib/python3.12/site-packages/airflow/example_dags/example_xcomargs.py took 0.073 seconds
[2025-11-17T16:06:01.423+0000] {processor.py:161} INFO - Started process (PID=44802) to work on /usr/local/python/3.12.1/lib/python3.12/site-packages/airflow/example_dags/example_xcomargs.py
[2025-11-17T16:06:01.426+0000] {processor.py:830} INFO - Processing file /usr/local/python/3.12.1/lib/python3.12/site-packages/airflow/example_dags/example_xcomargs.py for tasks to queue
[2025-11-17T16:06:01.428+0000] {logging_mixin.py:188} INFO - [2025-11-17T16:06:01.427+0000] {dagbag.py:545} INFO - Filling up the DagBag from /usr/local/python/3.12.1/lib/python3.12/site-packages/airflow/example_dags/example_xcomargs.py
[2025-11-17T16:06:01.460+0000] {processor.py:840} INFO - DAG(s) 'example_xcom_args', 'example_xcom_args_with_operators' retrieved from /usr/local/python/3.12.1/lib/python3.12/site-packages/airflow/example_dags/example_xcomargs.py
[2025-11-17T16:06:01.493+0000] {logging_mixin.py:188} INFO - [2025-11-17T16:06:01.493+0000] {dag.py:3096} INFO - Sync 2 DAGs
[2025-11-17T16:06:01.505+0000] {logging_mixin.py:188} INFO - [2025-11-17T16:06:01.505+0000] {dag.py:3954} INFO - Setting next_dagrun for example_xcom_args to None, run_after=None
[2025-11-17T16:06:01.508+0000] {logging_mixin.py:188} INFO - [2025-11-17T16:06:01.508+0000] {dag.py:3954} INFO - Setting next_dagrun for example_xcom_args_with_operators to None, run_after=None
[2025-11-17T16:06:01.526+0000] {processor.py:183} INFO - Processing /usr/local/python/3.12.1/lib/python3.12/site-packages/airflow/example_dags/example_xcomargs.py took 0.119 seconds
[2025-11-17T16:06:52.780+0000] {processor.py:161} INFO - Started process (PID=46226) to work on /usr/local/python/3.12.1/lib/python3.12/site-packages/airflow/example_dags/example_xcomargs.py
[2025-11-17T16:06:52.780+0000] {processor.py:830} INFO - Processing file /usr/local/python/3.12.1/lib/python3.12/site-packages/airflow/example_dags/example_xcomargs.py for tasks to queue
[2025-11-17T16:06:52.781+0000] {logging_mixin.py:188} INFO - [2025-11-17T16:06:52.781+0000] {dagbag.py:545} INFO - Filling up the DagBag from /usr/local/python/3.12.1/lib/python3.12/site-packages/airflow/example_dags/example_xcomargs.py
[2025-11-17T16:06:52.787+0000] {processor.py:840} INFO - DAG(s) 'example_xcom_args', 'example_xcom_args_with_operators' retrieved from /usr/local/python/3.12.1/lib/python3.12/site-packages/airflow/example_dags/example_xcomargs.py
[2025-11-17T16:06:52.800+0000] {logging_mixin.py:188} INFO - [2025-11-17T16:06:52.800+0000] {dag.py:3096} INFO - Sync 2 DAGs
[2025-11-17T16:06:52.809+0000] {logging_mixin.py:188} INFO - [2025-11-17T16:06:52.809+0000] {dag.py:3954} INFO - Setting next_dagrun for example_xcom_args to None, run_after=None
[2025-11-17T16:06:52.811+0000] {logging_mixin.py:188} INFO - [2025-11-17T16:06:52.811+0000] {dag.py:3954} INFO - Setting next_dagrun for example_xcom_args_with_operators to None, run_after=None
[2025-11-17T16:06:52.830+0000] {processor.py:183} INFO - Processing /usr/local/python/3.12.1/lib/python3.12/site-packages/airflow/example_dags/example_xcomargs.py took 0.054 seconds
[2025-11-17T16:07:36.354+0000] {processor.py:161} INFO - Started process (PID=46840) to work on /usr/local/python/3.12.1/lib/python3.12/site-packages/airflow/example_dags/example_xcomargs.py
[2025-11-17T16:07:36.355+0000] {processor.py:830} INFO - Processing file /usr/local/python/3.12.1/lib/python3.12/site-packages/airflow/example_dags/example_xcomargs.py for tasks to queue
[2025-11-17T16:07:36.356+0000] {logging_mixin.py:188} INFO - [2025-11-17T16:07:36.356+0000] {dagbag.py:545} INFO - Filling up the DagBag from /usr/local/python/3.12.1/lib/python3.12/site-packages/airflow/example_dags/example_xcomargs.py
[2025-11-17T16:07:36.365+0000] {processor.py:840} INFO - DAG(s) 'example_xcom_args', 'example_xcom_args_with_operators' retrieved from /usr/local/python/3.12.1/lib/python3.12/site-packages/airflow/example_dags/example_xcomargs.py
[2025-11-17T16:07:36.387+0000] {logging_mixin.py:188} INFO - [2025-11-17T16:07:36.384+0000] {dag.py:3096} INFO - Sync 2 DAGs
[2025-11-17T16:07:36.406+0000] {logging_mixin.py:188} INFO - [2025-11-17T16:07:36.406+0000] {dag.py:3954} INFO - Setting next_dagrun for example_xcom_args to None, run_after=None
[2025-11-17T16:07:36.412+0000] {logging_mixin.py:188} INFO - [2025-11-17T16:07:36.412+0000] {dag.py:3954} INFO - Setting next_dagrun for example_xcom_args_with_operators to None, run_after=None
[2025-11-17T16:07:36.437+0000] {processor.py:183} INFO - Processing /usr/local/python/3.12.1/lib/python3.12/site-packages/airflow/example_dags/example_xcomargs.py took 0.089 seconds
[2025-11-17T16:08:24.201+0000] {processor.py:161} INFO - Started process (PID=47509) to work on /usr/local/python/3.12.1/lib/python3.12/site-packages/airflow/example_dags/example_xcomargs.py
[2025-11-17T16:08:24.202+0000] {processor.py:830} INFO - Processing file /usr/local/python/3.12.1/lib/python3.12/site-packages/airflow/example_dags/example_xcomargs.py for tasks to queue
[2025-11-17T16:08:24.204+0000] {logging_mixin.py:188} INFO - [2025-11-17T16:08:24.203+0000] {dagbag.py:545} INFO - Filling up the DagBag from /usr/local/python/3.12.1/lib/python3.12/site-packages/airflow/example_dags/example_xcomargs.py
[2025-11-17T16:08:24.213+0000] {processor.py:840} INFO - DAG(s) 'example_xcom_args_with_operators', 'example_xcom_args' retrieved from /usr/local/python/3.12.1/lib/python3.12/site-packages/airflow/example_dags/example_xcomargs.py
[2025-11-17T16:08:24.232+0000] {logging_mixin.py:188} INFO - [2025-11-17T16:08:24.232+0000] {dag.py:3096} INFO - Sync 2 DAGs
[2025-11-17T16:08:24.240+0000] {logging_mixin.py:188} INFO - [2025-11-17T16:08:24.240+0000] {dag.py:3954} INFO - Setting next_dagrun for example_xcom_args to None, run_after=None
[2025-11-17T16:08:24.243+0000] {logging_mixin.py:188} INFO - [2025-11-17T16:08:24.243+0000] {dag.py:3954} INFO - Setting next_dagrun for example_xcom_args_with_operators to None, run_after=None
[2025-11-17T16:08:24.258+0000] {processor.py:183} INFO - Processing /usr/local/python/3.12.1/lib/python3.12/site-packages/airflow/example_dags/example_xcomargs.py took 0.063 seconds
[2025-11-17T16:09:05.313+0000] {processor.py:161} INFO - Started process (PID=48112) to work on /usr/local/python/3.12.1/lib/python3.12/site-packages/airflow/example_dags/example_xcomargs.py
[2025-11-17T16:09:05.314+0000] {processor.py:830} INFO - Processing file /usr/local/python/3.12.1/lib/python3.12/site-packages/airflow/example_dags/example_xcomargs.py for tasks to queue
[2025-11-17T16:09:05.315+0000] {logging_mixin.py:188} INFO - [2025-11-17T16:09:05.315+0000] {dagbag.py:545} INFO - Filling up the DagBag from /usr/local/python/3.12.1/lib/python3.12/site-packages/airflow/example_dags/example_xcomargs.py
[2025-11-17T16:09:05.322+0000] {processor.py:840} INFO - DAG(s) 'example_xcom_args_with_operators', 'example_xcom_args' retrieved from /usr/local/python/3.12.1/lib/python3.12/site-packages/airflow/example_dags/example_xcomargs.py
[2025-11-17T16:09:05.335+0000] {logging_mixin.py:188} INFO - [2025-11-17T16:09:05.335+0000] {dag.py:3096} INFO - Sync 2 DAGs
[2025-11-17T16:09:05.343+0000] {logging_mixin.py:188} INFO - [2025-11-17T16:09:05.343+0000] {dag.py:3954} INFO - Setting next_dagrun for example_xcom_args to None, run_after=None
[2025-11-17T16:09:05.346+0000] {logging_mixin.py:188} INFO - [2025-11-17T16:09:05.346+0000] {dag.py:3954} INFO - Setting next_dagrun for example_xcom_args_with_operators to None, run_after=None
[2025-11-17T16:09:05.360+0000] {processor.py:183} INFO - Processing /usr/local/python/3.12.1/lib/python3.12/site-packages/airflow/example_dags/example_xcomargs.py took 0.051 seconds
[2025-11-17T16:09:46.531+0000] {processor.py:161} INFO - Started process (PID=48816) to work on /usr/local/python/3.12.1/lib/python3.12/site-packages/airflow/example_dags/example_xcomargs.py
[2025-11-17T16:09:46.532+0000] {processor.py:830} INFO - Processing file /usr/local/python/3.12.1/lib/python3.12/site-packages/airflow/example_dags/example_xcomargs.py for tasks to queue
[2025-11-17T16:09:46.533+0000] {logging_mixin.py:188} INFO - [2025-11-17T16:09:46.533+0000] {dagbag.py:545} INFO - Filling up the DagBag from /usr/local/python/3.12.1/lib/python3.12/site-packages/airflow/example_dags/example_xcomargs.py
[2025-11-17T16:09:46.539+0000] {processor.py:840} INFO - DAG(s) 'example_xcom_args_with_operators', 'example_xcom_args' retrieved from /usr/local/python/3.12.1/lib/python3.12/site-packages/airflow/example_dags/example_xcomargs.py
[2025-11-17T16:09:46.552+0000] {logging_mixin.py:188} INFO - [2025-11-17T16:09:46.552+0000] {dag.py:3096} INFO - Sync 2 DAGs
[2025-11-17T16:09:46.560+0000] {logging_mixin.py:188} INFO - [2025-11-17T16:09:46.560+0000] {dag.py:3954} INFO - Setting next_dagrun for example_xcom_args to None, run_after=None
[2025-11-17T16:09:46.563+0000] {logging_mixin.py:188} INFO - [2025-11-17T16:09:46.563+0000] {dag.py:3954} INFO - Setting next_dagrun for example_xcom_args_with_operators to None, run_after=None
[2025-11-17T16:09:46.578+0000] {processor.py:183} INFO - Processing /usr/local/python/3.12.1/lib/python3.12/site-packages/airflow/example_dags/example_xcomargs.py took 0.051 seconds
[2025-11-17T16:10:25.182+0000] {processor.py:161} INFO - Started process (PID=49282) to work on /usr/local/python/3.12.1/lib/python3.12/site-packages/airflow/example_dags/example_xcomargs.py
[2025-11-17T16:10:25.183+0000] {processor.py:830} INFO - Processing file /usr/local/python/3.12.1/lib/python3.12/site-packages/airflow/example_dags/example_xcomargs.py for tasks to queue
[2025-11-17T16:10:25.184+0000] {logging_mixin.py:188} INFO - [2025-11-17T16:10:25.184+0000] {dagbag.py:545} INFO - Filling up the DagBag from /usr/local/python/3.12.1/lib/python3.12/site-packages/airflow/example_dags/example_xcomargs.py
[2025-11-17T16:10:25.190+0000] {processor.py:840} INFO - DAG(s) 'example_xcom_args_with_operators', 'example_xcom_args' retrieved from /usr/local/python/3.12.1/lib/python3.12/site-packages/airflow/example_dags/example_xcomargs.py
[2025-11-17T16:10:25.204+0000] {logging_mixin.py:188} INFO - [2025-11-17T16:10:25.204+0000] {dag.py:3096} INFO - Sync 2 DAGs
[2025-11-17T16:10:25.213+0000] {logging_mixin.py:188} INFO - [2025-11-17T16:10:25.213+0000] {dag.py:3954} INFO - Setting next_dagrun for example_xcom_args to None, run_after=None
[2025-11-17T16:10:25.215+0000] {logging_mixin.py:188} INFO - [2025-11-17T16:10:25.215+0000] {dag.py:3954} INFO - Setting next_dagrun for example_xcom_args_with_operators to None, run_after=None
[2025-11-17T16:10:25.230+0000] {processor.py:183} INFO - Processing /usr/local/python/3.12.1/lib/python3.12/site-packages/airflow/example_dags/example_xcomargs.py took 0.054 seconds
