[2025-11-17T15:42:27.659+0000] {processor.py:161} INFO - Started process (PID=27999) to work on /usr/local/python/3.12.1/lib/python3.12/site-packages/airflow/example_dags/example_params_trigger_ui.py
[2025-11-17T15:42:27.659+0000] {processor.py:830} INFO - Processing file /usr/local/python/3.12.1/lib/python3.12/site-packages/airflow/example_dags/example_params_trigger_ui.py for tasks to queue
[2025-11-17T15:42:27.660+0000] {logging_mixin.py:188} INFO - [2025-11-17T15:42:27.660+0000] {dagbag.py:545} INFO - Filling up the DagBag from /usr/local/python/3.12.1/lib/python3.12/site-packages/airflow/example_dags/example_params_trigger_ui.py
[2025-11-17T15:42:27.671+0000] {processor.py:840} INFO - DAG(s) 'example_params_trigger_ui' retrieved from /usr/local/python/3.12.1/lib/python3.12/site-packages/airflow/example_dags/example_params_trigger_ui.py
[2025-11-17T15:42:27.827+0000] {logging_mixin.py:188} INFO - [2025-11-17T15:42:27.826+0000] {override.py:1829} INFO - Created Permission View: can read on DAG:example_params_trigger_ui
[2025-11-17T15:42:27.835+0000] {logging_mixin.py:188} INFO - [2025-11-17T15:42:27.835+0000] {override.py:1829} INFO - Created Permission View: can edit on DAG:example_params_trigger_ui
[2025-11-17T15:42:27.842+0000] {logging_mixin.py:188} INFO - [2025-11-17T15:42:27.842+0000] {override.py:1829} INFO - Created Permission View: can delete on DAG:example_params_trigger_ui
[2025-11-17T15:42:27.843+0000] {logging_mixin.py:188} INFO - [2025-11-17T15:42:27.843+0000] {dag.py:3096} INFO - Sync 1 DAGs
[2025-11-17T15:42:27.850+0000] {logging_mixin.py:188} INFO - [2025-11-17T15:42:27.850+0000] {dag.py:3118} INFO - Creating ORM DAG for example_params_trigger_ui
[2025-11-17T15:42:27.851+0000] {logging_mixin.py:188} INFO - [2025-11-17T15:42:27.850+0000] {dag.py:3954} INFO - Setting next_dagrun for example_params_trigger_ui to None, run_after=None
[2025-11-17T15:42:27.866+0000] {processor.py:183} INFO - Processing /usr/local/python/3.12.1/lib/python3.12/site-packages/airflow/example_dags/example_params_trigger_ui.py took 0.211 seconds
[2025-11-17T15:43:22.406+0000] {processor.py:161} INFO - Started process (PID=29123) to work on /usr/local/python/3.12.1/lib/python3.12/site-packages/airflow/example_dags/example_params_trigger_ui.py
[2025-11-17T15:43:22.407+0000] {processor.py:830} INFO - Processing file /usr/local/python/3.12.1/lib/python3.12/site-packages/airflow/example_dags/example_params_trigger_ui.py for tasks to queue
[2025-11-17T15:43:22.409+0000] {logging_mixin.py:188} INFO - [2025-11-17T15:43:22.408+0000] {dagbag.py:545} INFO - Filling up the DagBag from /usr/local/python/3.12.1/lib/python3.12/site-packages/airflow/example_dags/example_params_trigger_ui.py
[2025-11-17T15:43:22.425+0000] {processor.py:840} INFO - DAG(s) 'example_params_trigger_ui' retrieved from /usr/local/python/3.12.1/lib/python3.12/site-packages/airflow/example_dags/example_params_trigger_ui.py
[2025-11-17T15:43:22.491+0000] {logging_mixin.py:188} INFO - [2025-11-17T15:43:22.491+0000] {dag.py:3096} INFO - Sync 1 DAGs
[2025-11-17T15:43:22.501+0000] {logging_mixin.py:188} INFO - [2025-11-17T15:43:22.501+0000] {dag.py:3954} INFO - Setting next_dagrun for example_params_trigger_ui to None, run_after=None
[2025-11-17T15:43:22.516+0000] {processor.py:183} INFO - Processing /usr/local/python/3.12.1/lib/python3.12/site-packages/airflow/example_dags/example_params_trigger_ui.py took 0.118 seconds
[2025-11-17T15:44:09.890+0000] {processor.py:161} INFO - Started process (PID=29586) to work on /usr/local/python/3.12.1/lib/python3.12/site-packages/airflow/example_dags/example_params_trigger_ui.py
[2025-11-17T15:44:09.891+0000] {processor.py:830} INFO - Processing file /usr/local/python/3.12.1/lib/python3.12/site-packages/airflow/example_dags/example_params_trigger_ui.py for tasks to queue
[2025-11-17T15:44:09.892+0000] {logging_mixin.py:188} INFO - [2025-11-17T15:44:09.892+0000] {dagbag.py:545} INFO - Filling up the DagBag from /usr/local/python/3.12.1/lib/python3.12/site-packages/airflow/example_dags/example_params_trigger_ui.py
[2025-11-17T15:44:09.902+0000] {processor.py:840} INFO - DAG(s) 'example_params_trigger_ui' retrieved from /usr/local/python/3.12.1/lib/python3.12/site-packages/airflow/example_dags/example_params_trigger_ui.py
[2025-11-17T15:44:09.933+0000] {logging_mixin.py:188} INFO - [2025-11-17T15:44:09.933+0000] {dag.py:3096} INFO - Sync 1 DAGs
[2025-11-17T15:44:09.941+0000] {logging_mixin.py:188} INFO - [2025-11-17T15:44:09.941+0000] {dag.py:3954} INFO - Setting next_dagrun for example_params_trigger_ui to None, run_after=None
[2025-11-17T15:44:09.958+0000] {processor.py:183} INFO - Processing /usr/local/python/3.12.1/lib/python3.12/site-packages/airflow/example_dags/example_params_trigger_ui.py took 0.071 seconds
[2025-11-17T15:45:06.828+0000] {processor.py:161} INFO - Started process (PID=30596) to work on /usr/local/python/3.12.1/lib/python3.12/site-packages/airflow/example_dags/example_params_trigger_ui.py
[2025-11-17T15:45:06.829+0000] {processor.py:830} INFO - Processing file /usr/local/python/3.12.1/lib/python3.12/site-packages/airflow/example_dags/example_params_trigger_ui.py for tasks to queue
[2025-11-17T15:45:06.830+0000] {logging_mixin.py:188} INFO - [2025-11-17T15:45:06.830+0000] {dagbag.py:545} INFO - Filling up the DagBag from /usr/local/python/3.12.1/lib/python3.12/site-packages/airflow/example_dags/example_params_trigger_ui.py
[2025-11-17T15:45:06.840+0000] {processor.py:840} INFO - DAG(s) 'example_params_trigger_ui' retrieved from /usr/local/python/3.12.1/lib/python3.12/site-packages/airflow/example_dags/example_params_trigger_ui.py
[2025-11-17T15:45:06.872+0000] {logging_mixin.py:188} INFO - [2025-11-17T15:45:06.872+0000] {dag.py:3096} INFO - Sync 1 DAGs
[2025-11-17T15:45:06.881+0000] {logging_mixin.py:188} INFO - [2025-11-17T15:45:06.881+0000] {dag.py:3954} INFO - Setting next_dagrun for example_params_trigger_ui to None, run_after=None
[2025-11-17T15:45:06.898+0000] {processor.py:183} INFO - Processing /usr/local/python/3.12.1/lib/python3.12/site-packages/airflow/example_dags/example_params_trigger_ui.py took 0.074 seconds
[2025-11-17T16:01:03.637+0000] {processor.py:161} INFO - Started process (PID=40955) to work on /usr/local/python/3.12.1/lib/python3.12/site-packages/airflow/example_dags/example_params_trigger_ui.py
[2025-11-17T16:01:03.638+0000] {processor.py:830} INFO - Processing file /usr/local/python/3.12.1/lib/python3.12/site-packages/airflow/example_dags/example_params_trigger_ui.py for tasks to queue
[2025-11-17T16:01:03.639+0000] {logging_mixin.py:188} INFO - [2025-11-17T16:01:03.639+0000] {dagbag.py:545} INFO - Filling up the DagBag from /usr/local/python/3.12.1/lib/python3.12/site-packages/airflow/example_dags/example_params_trigger_ui.py
[2025-11-17T16:01:03.649+0000] {processor.py:840} INFO - DAG(s) 'example_params_trigger_ui' retrieved from /usr/local/python/3.12.1/lib/python3.12/site-packages/airflow/example_dags/example_params_trigger_ui.py
[2025-11-17T16:01:03.682+0000] {logging_mixin.py:188} INFO - [2025-11-17T16:01:03.682+0000] {dag.py:3096} INFO - Sync 1 DAGs
[2025-11-17T16:01:03.691+0000] {logging_mixin.py:188} INFO - [2025-11-17T16:01:03.690+0000] {dag.py:3954} INFO - Setting next_dagrun for example_params_trigger_ui to None, run_after=None
[2025-11-17T16:01:03.707+0000] {processor.py:183} INFO - Processing /usr/local/python/3.12.1/lib/python3.12/site-packages/airflow/example_dags/example_params_trigger_ui.py took 0.075 seconds
[2025-11-17T16:01:53.916+0000] {processor.py:161} INFO - Started process (PID=41572) to work on /usr/local/python/3.12.1/lib/python3.12/site-packages/airflow/example_dags/example_params_trigger_ui.py
[2025-11-17T16:01:53.917+0000] {processor.py:830} INFO - Processing file /usr/local/python/3.12.1/lib/python3.12/site-packages/airflow/example_dags/example_params_trigger_ui.py for tasks to queue
[2025-11-17T16:01:53.919+0000] {logging_mixin.py:188} INFO - [2025-11-17T16:01:53.918+0000] {dagbag.py:545} INFO - Filling up the DagBag from /usr/local/python/3.12.1/lib/python3.12/site-packages/airflow/example_dags/example_params_trigger_ui.py
[2025-11-17T16:01:53.930+0000] {processor.py:840} INFO - DAG(s) 'example_params_trigger_ui' retrieved from /usr/local/python/3.12.1/lib/python3.12/site-packages/airflow/example_dags/example_params_trigger_ui.py
[2025-11-17T16:01:53.961+0000] {logging_mixin.py:188} INFO - [2025-11-17T16:01:53.960+0000] {dag.py:3096} INFO - Sync 1 DAGs
[2025-11-17T16:01:53.969+0000] {logging_mixin.py:188} INFO - [2025-11-17T16:01:53.969+0000] {dag.py:3954} INFO - Setting next_dagrun for example_params_trigger_ui to None, run_after=None
[2025-11-17T16:01:53.985+0000] {processor.py:183} INFO - Processing /usr/local/python/3.12.1/lib/python3.12/site-packages/airflow/example_dags/example_params_trigger_ui.py took 0.077 seconds
[2025-11-17T16:02:44.020+0000] {processor.py:161} INFO - Started process (PID=42265) to work on /usr/local/python/3.12.1/lib/python3.12/site-packages/airflow/example_dags/example_params_trigger_ui.py
[2025-11-17T16:02:44.021+0000] {processor.py:830} INFO - Processing file /usr/local/python/3.12.1/lib/python3.12/site-packages/airflow/example_dags/example_params_trigger_ui.py for tasks to queue
[2025-11-17T16:02:44.023+0000] {logging_mixin.py:188} INFO - [2025-11-17T16:02:44.022+0000] {dagbag.py:545} INFO - Filling up the DagBag from /usr/local/python/3.12.1/lib/python3.12/site-packages/airflow/example_dags/example_params_trigger_ui.py
[2025-11-17T16:02:44.038+0000] {processor.py:840} INFO - DAG(s) 'example_params_trigger_ui' retrieved from /usr/local/python/3.12.1/lib/python3.12/site-packages/airflow/example_dags/example_params_trigger_ui.py
[2025-11-17T16:02:44.101+0000] {logging_mixin.py:188} INFO - [2025-11-17T16:02:44.101+0000] {dag.py:3096} INFO - Sync 1 DAGs
[2025-11-17T16:02:44.115+0000] {logging_mixin.py:188} INFO - [2025-11-17T16:02:44.115+0000] {dag.py:3954} INFO - Setting next_dagrun for example_params_trigger_ui to None, run_after=None
[2025-11-17T16:02:44.151+0000] {processor.py:183} INFO - Processing /usr/local/python/3.12.1/lib/python3.12/site-packages/airflow/example_dags/example_params_trigger_ui.py took 0.136 seconds
[2025-11-17T16:03:46.264+0000] {processor.py:161} INFO - Started process (PID=42994) to work on /usr/local/python/3.12.1/lib/python3.12/site-packages/airflow/example_dags/example_params_trigger_ui.py
[2025-11-17T16:03:46.265+0000] {processor.py:830} INFO - Processing file /usr/local/python/3.12.1/lib/python3.12/site-packages/airflow/example_dags/example_params_trigger_ui.py for tasks to queue
[2025-11-17T16:03:46.266+0000] {logging_mixin.py:188} INFO - [2025-11-17T16:03:46.266+0000] {dagbag.py:545} INFO - Filling up the DagBag from /usr/local/python/3.12.1/lib/python3.12/site-packages/airflow/example_dags/example_params_trigger_ui.py
[2025-11-17T16:03:46.277+0000] {processor.py:840} INFO - DAG(s) 'example_params_trigger_ui' retrieved from /usr/local/python/3.12.1/lib/python3.12/site-packages/airflow/example_dags/example_params_trigger_ui.py
[2025-11-17T16:03:46.307+0000] {logging_mixin.py:188} INFO - [2025-11-17T16:03:46.307+0000] {dag.py:3096} INFO - Sync 1 DAGs
[2025-11-17T16:03:46.315+0000] {logging_mixin.py:188} INFO - [2025-11-17T16:03:46.315+0000] {dag.py:3954} INFO - Setting next_dagrun for example_params_trigger_ui to None, run_after=None
[2025-11-17T16:03:46.331+0000] {processor.py:183} INFO - Processing /usr/local/python/3.12.1/lib/python3.12/site-packages/airflow/example_dags/example_params_trigger_ui.py took 0.071 seconds
[2025-11-17T16:04:48.650+0000] {processor.py:161} INFO - Started process (PID=43857) to work on /usr/local/python/3.12.1/lib/python3.12/site-packages/airflow/example_dags/example_params_trigger_ui.py
[2025-11-17T16:04:48.651+0000] {processor.py:830} INFO - Processing file /usr/local/python/3.12.1/lib/python3.12/site-packages/airflow/example_dags/example_params_trigger_ui.py for tasks to queue
[2025-11-17T16:04:48.652+0000] {logging_mixin.py:188} INFO - [2025-11-17T16:04:48.652+0000] {dagbag.py:545} INFO - Filling up the DagBag from /usr/local/python/3.12.1/lib/python3.12/site-packages/airflow/example_dags/example_params_trigger_ui.py
[2025-11-17T16:04:48.665+0000] {processor.py:840} INFO - DAG(s) 'example_params_trigger_ui' retrieved from /usr/local/python/3.12.1/lib/python3.12/site-packages/airflow/example_dags/example_params_trigger_ui.py
[2025-11-17T16:04:48.695+0000] {logging_mixin.py:188} INFO - [2025-11-17T16:04:48.695+0000] {dag.py:3096} INFO - Sync 1 DAGs
[2025-11-17T16:04:48.704+0000] {logging_mixin.py:188} INFO - [2025-11-17T16:04:48.704+0000] {dag.py:3954} INFO - Setting next_dagrun for example_params_trigger_ui to None, run_after=None
[2025-11-17T16:04:48.725+0000] {processor.py:183} INFO - Processing /usr/local/python/3.12.1/lib/python3.12/site-packages/airflow/example_dags/example_params_trigger_ui.py took 0.080 seconds
[2025-11-17T16:06:19.482+0000] {processor.py:161} INFO - Started process (PID=45030) to work on /usr/local/python/3.12.1/lib/python3.12/site-packages/airflow/example_dags/example_params_trigger_ui.py
[2025-11-17T16:06:19.483+0000] {processor.py:830} INFO - Processing file /usr/local/python/3.12.1/lib/python3.12/site-packages/airflow/example_dags/example_params_trigger_ui.py for tasks to queue
[2025-11-17T16:06:19.484+0000] {logging_mixin.py:188} INFO - [2025-11-17T16:06:19.484+0000] {dagbag.py:545} INFO - Filling up the DagBag from /usr/local/python/3.12.1/lib/python3.12/site-packages/airflow/example_dags/example_params_trigger_ui.py
[2025-11-17T16:06:19.494+0000] {processor.py:840} INFO - DAG(s) 'example_params_trigger_ui' retrieved from /usr/local/python/3.12.1/lib/python3.12/site-packages/airflow/example_dags/example_params_trigger_ui.py
[2025-11-17T16:06:19.525+0000] {logging_mixin.py:188} INFO - [2025-11-17T16:06:19.525+0000] {dag.py:3096} INFO - Sync 1 DAGs
[2025-11-17T16:06:19.534+0000] {logging_mixin.py:188} INFO - [2025-11-17T16:06:19.534+0000] {dag.py:3954} INFO - Setting next_dagrun for example_params_trigger_ui to None, run_after=None
[2025-11-17T16:06:19.549+0000] {processor.py:183} INFO - Processing /usr/local/python/3.12.1/lib/python3.12/site-packages/airflow/example_dags/example_params_trigger_ui.py took 0.071 seconds
[2025-11-17T16:07:10.629+0000] {processor.py:161} INFO - Started process (PID=46449) to work on /usr/local/python/3.12.1/lib/python3.12/site-packages/airflow/example_dags/example_params_trigger_ui.py
[2025-11-17T16:07:10.630+0000] {processor.py:830} INFO - Processing file /usr/local/python/3.12.1/lib/python3.12/site-packages/airflow/example_dags/example_params_trigger_ui.py for tasks to queue
[2025-11-17T16:07:10.631+0000] {logging_mixin.py:188} INFO - [2025-11-17T16:07:10.631+0000] {dagbag.py:545} INFO - Filling up the DagBag from /usr/local/python/3.12.1/lib/python3.12/site-packages/airflow/example_dags/example_params_trigger_ui.py
[2025-11-17T16:07:10.641+0000] {processor.py:840} INFO - DAG(s) 'example_params_trigger_ui' retrieved from /usr/local/python/3.12.1/lib/python3.12/site-packages/airflow/example_dags/example_params_trigger_ui.py
[2025-11-17T16:07:10.671+0000] {logging_mixin.py:188} INFO - [2025-11-17T16:07:10.671+0000] {dag.py:3096} INFO - Sync 1 DAGs
[2025-11-17T16:07:10.679+0000] {logging_mixin.py:188} INFO - [2025-11-17T16:07:10.679+0000] {dag.py:3954} INFO - Setting next_dagrun for example_params_trigger_ui to None, run_after=None
[2025-11-17T16:07:10.694+0000] {processor.py:183} INFO - Processing /usr/local/python/3.12.1/lib/python3.12/site-packages/airflow/example_dags/example_params_trigger_ui.py took 0.069 seconds
[2025-11-17T16:07:59.188+0000] {processor.py:161} INFO - Started process (PID=47153) to work on /usr/local/python/3.12.1/lib/python3.12/site-packages/airflow/example_dags/example_params_trigger_ui.py
[2025-11-17T16:07:59.188+0000] {processor.py:830} INFO - Processing file /usr/local/python/3.12.1/lib/python3.12/site-packages/airflow/example_dags/example_params_trigger_ui.py for tasks to queue
[2025-11-17T16:07:59.190+0000] {logging_mixin.py:188} INFO - [2025-11-17T16:07:59.189+0000] {dagbag.py:545} INFO - Filling up the DagBag from /usr/local/python/3.12.1/lib/python3.12/site-packages/airflow/example_dags/example_params_trigger_ui.py
[2025-11-17T16:07:59.199+0000] {processor.py:840} INFO - DAG(s) 'example_params_trigger_ui' retrieved from /usr/local/python/3.12.1/lib/python3.12/site-packages/airflow/example_dags/example_params_trigger_ui.py
[2025-11-17T16:07:59.241+0000] {logging_mixin.py:188} INFO - [2025-11-17T16:07:59.240+0000] {dag.py:3096} INFO - Sync 1 DAGs
[2025-11-17T16:07:59.255+0000] {logging_mixin.py:188} INFO - [2025-11-17T16:07:59.255+0000] {dag.py:3954} INFO - Setting next_dagrun for example_params_trigger_ui to None, run_after=None
[2025-11-17T16:07:59.276+0000] {processor.py:183} INFO - Processing /usr/local/python/3.12.1/lib/python3.12/site-packages/airflow/example_dags/example_params_trigger_ui.py took 0.093 seconds
[2025-11-17T16:08:56.702+0000] {processor.py:161} INFO - Started process (PID=47970) to work on /usr/local/python/3.12.1/lib/python3.12/site-packages/airflow/example_dags/example_params_trigger_ui.py
[2025-11-17T16:08:56.703+0000] {processor.py:830} INFO - Processing file /usr/local/python/3.12.1/lib/python3.12/site-packages/airflow/example_dags/example_params_trigger_ui.py for tasks to queue
[2025-11-17T16:08:56.704+0000] {logging_mixin.py:188} INFO - [2025-11-17T16:08:56.704+0000] {dagbag.py:545} INFO - Filling up the DagBag from /usr/local/python/3.12.1/lib/python3.12/site-packages/airflow/example_dags/example_params_trigger_ui.py
[2025-11-17T16:08:56.715+0000] {processor.py:840} INFO - DAG(s) 'example_params_trigger_ui' retrieved from /usr/local/python/3.12.1/lib/python3.12/site-packages/airflow/example_dags/example_params_trigger_ui.py
[2025-11-17T16:08:56.745+0000] {logging_mixin.py:188} INFO - [2025-11-17T16:08:56.745+0000] {dag.py:3096} INFO - Sync 1 DAGs
[2025-11-17T16:08:56.753+0000] {logging_mixin.py:188} INFO - [2025-11-17T16:08:56.753+0000] {dag.py:3954} INFO - Setting next_dagrun for example_params_trigger_ui to None, run_after=None
[2025-11-17T16:08:56.770+0000] {processor.py:183} INFO - Processing /usr/local/python/3.12.1/lib/python3.12/site-packages/airflow/example_dags/example_params_trigger_ui.py took 0.072 seconds
[2025-11-17T16:09:56.805+0000] {processor.py:161} INFO - Started process (PID=49000) to work on /usr/local/python/3.12.1/lib/python3.12/site-packages/airflow/example_dags/example_params_trigger_ui.py
[2025-11-17T16:09:56.806+0000] {processor.py:830} INFO - Processing file /usr/local/python/3.12.1/lib/python3.12/site-packages/airflow/example_dags/example_params_trigger_ui.py for tasks to queue
[2025-11-17T16:09:56.807+0000] {logging_mixin.py:188} INFO - [2025-11-17T16:09:56.807+0000] {dagbag.py:545} INFO - Filling up the DagBag from /usr/local/python/3.12.1/lib/python3.12/site-packages/airflow/example_dags/example_params_trigger_ui.py
[2025-11-17T16:09:56.818+0000] {processor.py:840} INFO - DAG(s) 'example_params_trigger_ui' retrieved from /usr/local/python/3.12.1/lib/python3.12/site-packages/airflow/example_dags/example_params_trigger_ui.py
[2025-11-17T16:09:56.854+0000] {logging_mixin.py:188} INFO - [2025-11-17T16:09:56.854+0000] {dag.py:3096} INFO - Sync 1 DAGs
[2025-11-17T16:09:56.862+0000] {logging_mixin.py:188} INFO - [2025-11-17T16:09:56.862+0000] {dag.py:3954} INFO - Setting next_dagrun for example_params_trigger_ui to None, run_after=None
[2025-11-17T16:09:56.878+0000] {processor.py:183} INFO - Processing /usr/local/python/3.12.1/lib/python3.12/site-packages/airflow/example_dags/example_params_trigger_ui.py took 0.077 seconds
[2025-11-17T16:10:55.578+0000] {processor.py:161} INFO - Started process (PID=49739) to work on /usr/local/python/3.12.1/lib/python3.12/site-packages/airflow/example_dags/example_params_trigger_ui.py
[2025-11-17T16:10:55.579+0000] {processor.py:830} INFO - Processing file /usr/local/python/3.12.1/lib/python3.12/site-packages/airflow/example_dags/example_params_trigger_ui.py for tasks to queue
[2025-11-17T16:10:55.580+0000] {logging_mixin.py:188} INFO - [2025-11-17T16:10:55.580+0000] {dagbag.py:545} INFO - Filling up the DagBag from /usr/local/python/3.12.1/lib/python3.12/site-packages/airflow/example_dags/example_params_trigger_ui.py
[2025-11-17T16:10:55.590+0000] {processor.py:840} INFO - DAG(s) 'example_params_trigger_ui' retrieved from /usr/local/python/3.12.1/lib/python3.12/site-packages/airflow/example_dags/example_params_trigger_ui.py
[2025-11-17T16:10:55.620+0000] {logging_mixin.py:188} INFO - [2025-11-17T16:10:55.620+0000] {dag.py:3096} INFO - Sync 1 DAGs
[2025-11-17T16:10:55.709+0000] {logging_mixin.py:188} INFO - [2025-11-17T16:10:55.709+0000] {dag.py:3954} INFO - Setting next_dagrun for example_params_trigger_ui to None, run_after=None
[2025-11-17T16:10:55.726+0000] {processor.py:183} INFO - Processing /usr/local/python/3.12.1/lib/python3.12/site-packages/airflow/example_dags/example_params_trigger_ui.py took 0.152 seconds
[2025-11-17T16:11:43.104+0000] {processor.py:161} INFO - Started process (PID=50403) to work on /usr/local/python/3.12.1/lib/python3.12/site-packages/airflow/example_dags/example_params_trigger_ui.py
[2025-11-17T16:11:43.105+0000] {processor.py:830} INFO - Processing file /usr/local/python/3.12.1/lib/python3.12/site-packages/airflow/example_dags/example_params_trigger_ui.py for tasks to queue
[2025-11-17T16:11:43.106+0000] {logging_mixin.py:188} INFO - [2025-11-17T16:11:43.106+0000] {dagbag.py:545} INFO - Filling up the DagBag from /usr/local/python/3.12.1/lib/python3.12/site-packages/airflow/example_dags/example_params_trigger_ui.py
[2025-11-17T16:11:43.121+0000] {processor.py:840} INFO - DAG(s) 'example_params_trigger_ui' retrieved from /usr/local/python/3.12.1/lib/python3.12/site-packages/airflow/example_dags/example_params_trigger_ui.py
[2025-11-17T16:11:43.176+0000] {logging_mixin.py:188} INFO - [2025-11-17T16:11:43.175+0000] {dag.py:3096} INFO - Sync 1 DAGs
[2025-11-17T16:11:43.196+0000] {logging_mixin.py:188} INFO - [2025-11-17T16:11:43.196+0000] {dag.py:3954} INFO - Setting next_dagrun for example_params_trigger_ui to None, run_after=None
[2025-11-17T16:11:43.218+0000] {processor.py:183} INFO - Processing /usr/local/python/3.12.1/lib/python3.12/site-packages/airflow/example_dags/example_params_trigger_ui.py took 0.120 seconds
[2025-11-17T16:12:43.694+0000] {processor.py:161} INFO - Started process (PID=50885) to work on /usr/local/python/3.12.1/lib/python3.12/site-packages/airflow/example_dags/example_params_trigger_ui.py
[2025-11-17T16:12:43.695+0000] {processor.py:830} INFO - Processing file /usr/local/python/3.12.1/lib/python3.12/site-packages/airflow/example_dags/example_params_trigger_ui.py for tasks to queue
[2025-11-17T16:12:43.697+0000] {logging_mixin.py:188} INFO - [2025-11-17T16:12:43.696+0000] {dagbag.py:545} INFO - Filling up the DagBag from /usr/local/python/3.12.1/lib/python3.12/site-packages/airflow/example_dags/example_params_trigger_ui.py
[2025-11-17T16:12:43.712+0000] {processor.py:840} INFO - DAG(s) 'example_params_trigger_ui' retrieved from /usr/local/python/3.12.1/lib/python3.12/site-packages/airflow/example_dags/example_params_trigger_ui.py
[2025-11-17T16:12:43.758+0000] {logging_mixin.py:188} INFO - [2025-11-17T16:12:43.758+0000] {dag.py:3096} INFO - Sync 1 DAGs
[2025-11-17T16:12:43.767+0000] {logging_mixin.py:188} INFO - [2025-11-17T16:12:43.767+0000] {dag.py:3954} INFO - Setting next_dagrun for example_params_trigger_ui to None, run_after=None
[2025-11-17T16:12:43.783+0000] {processor.py:183} INFO - Processing /usr/local/python/3.12.1/lib/python3.12/site-packages/airflow/example_dags/example_params_trigger_ui.py took 0.095 seconds
[2025-11-17T16:13:30.545+0000] {processor.py:161} INFO - Started process (PID=51256) to work on /usr/local/python/3.12.1/lib/python3.12/site-packages/airflow/example_dags/example_params_trigger_ui.py
[2025-11-17T16:13:30.546+0000] {processor.py:830} INFO - Processing file /usr/local/python/3.12.1/lib/python3.12/site-packages/airflow/example_dags/example_params_trigger_ui.py for tasks to queue
[2025-11-17T16:13:30.548+0000] {logging_mixin.py:188} INFO - [2025-11-17T16:13:30.547+0000] {dagbag.py:545} INFO - Filling up the DagBag from /usr/local/python/3.12.1/lib/python3.12/site-packages/airflow/example_dags/example_params_trigger_ui.py
[2025-11-17T16:13:30.558+0000] {processor.py:840} INFO - DAG(s) 'example_params_trigger_ui' retrieved from /usr/local/python/3.12.1/lib/python3.12/site-packages/airflow/example_dags/example_params_trigger_ui.py
[2025-11-17T16:13:30.588+0000] {logging_mixin.py:188} INFO - [2025-11-17T16:13:30.588+0000] {dag.py:3096} INFO - Sync 1 DAGs
[2025-11-17T16:13:30.597+0000] {logging_mixin.py:188} INFO - [2025-11-17T16:13:30.597+0000] {dag.py:3954} INFO - Setting next_dagrun for example_params_trigger_ui to None, run_after=None
[2025-11-17T16:13:30.614+0000] {processor.py:183} INFO - Processing /usr/local/python/3.12.1/lib/python3.12/site-packages/airflow/example_dags/example_params_trigger_ui.py took 0.073 seconds
[2025-11-17T16:14:30.379+0000] {processor.py:161} INFO - Started process (PID=51730) to work on /usr/local/python/3.12.1/lib/python3.12/site-packages/airflow/example_dags/example_params_trigger_ui.py
[2025-11-17T16:14:30.380+0000] {processor.py:830} INFO - Processing file /usr/local/python/3.12.1/lib/python3.12/site-packages/airflow/example_dags/example_params_trigger_ui.py for tasks to queue
[2025-11-17T16:14:30.381+0000] {logging_mixin.py:188} INFO - [2025-11-17T16:14:30.381+0000] {dagbag.py:545} INFO - Filling up the DagBag from /usr/local/python/3.12.1/lib/python3.12/site-packages/airflow/example_dags/example_params_trigger_ui.py
[2025-11-17T16:14:30.392+0000] {processor.py:840} INFO - DAG(s) 'example_params_trigger_ui' retrieved from /usr/local/python/3.12.1/lib/python3.12/site-packages/airflow/example_dags/example_params_trigger_ui.py
[2025-11-17T16:14:30.425+0000] {logging_mixin.py:188} INFO - [2025-11-17T16:14:30.424+0000] {dag.py:3096} INFO - Sync 1 DAGs
[2025-11-17T16:14:30.433+0000] {logging_mixin.py:188} INFO - [2025-11-17T16:14:30.433+0000] {dag.py:3954} INFO - Setting next_dagrun for example_params_trigger_ui to None, run_after=None
[2025-11-17T16:14:30.449+0000] {processor.py:183} INFO - Processing /usr/local/python/3.12.1/lib/python3.12/site-packages/airflow/example_dags/example_params_trigger_ui.py took 0.074 seconds
[2025-11-17T16:15:29.710+0000] {processor.py:161} INFO - Started process (PID=52181) to work on /usr/local/python/3.12.1/lib/python3.12/site-packages/airflow/example_dags/example_params_trigger_ui.py
[2025-11-17T16:15:29.711+0000] {processor.py:830} INFO - Processing file /usr/local/python/3.12.1/lib/python3.12/site-packages/airflow/example_dags/example_params_trigger_ui.py for tasks to queue
[2025-11-17T16:15:29.712+0000] {logging_mixin.py:188} INFO - [2025-11-17T16:15:29.712+0000] {dagbag.py:545} INFO - Filling up the DagBag from /usr/local/python/3.12.1/lib/python3.12/site-packages/airflow/example_dags/example_params_trigger_ui.py
[2025-11-17T16:15:29.723+0000] {processor.py:840} INFO - DAG(s) 'example_params_trigger_ui' retrieved from /usr/local/python/3.12.1/lib/python3.12/site-packages/airflow/example_dags/example_params_trigger_ui.py
[2025-11-17T16:15:29.759+0000] {logging_mixin.py:188} INFO - [2025-11-17T16:15:29.759+0000] {dag.py:3096} INFO - Sync 1 DAGs
[2025-11-17T16:15:29.768+0000] {logging_mixin.py:188} INFO - [2025-11-17T16:15:29.768+0000] {dag.py:3954} INFO - Setting next_dagrun for example_params_trigger_ui to None, run_after=None
[2025-11-17T16:15:29.784+0000] {processor.py:183} INFO - Processing /usr/local/python/3.12.1/lib/python3.12/site-packages/airflow/example_dags/example_params_trigger_ui.py took 0.078 seconds
[2025-11-17T16:16:22.400+0000] {processor.py:161} INFO - Started process (PID=52663) to work on /usr/local/python/3.12.1/lib/python3.12/site-packages/airflow/example_dags/example_params_trigger_ui.py
[2025-11-17T16:16:22.401+0000] {processor.py:830} INFO - Processing file /usr/local/python/3.12.1/lib/python3.12/site-packages/airflow/example_dags/example_params_trigger_ui.py for tasks to queue
[2025-11-17T16:16:22.403+0000] {logging_mixin.py:188} INFO - [2025-11-17T16:16:22.402+0000] {dagbag.py:545} INFO - Filling up the DagBag from /usr/local/python/3.12.1/lib/python3.12/site-packages/airflow/example_dags/example_params_trigger_ui.py
[2025-11-17T16:16:22.414+0000] {processor.py:840} INFO - DAG(s) 'example_params_trigger_ui' retrieved from /usr/local/python/3.12.1/lib/python3.12/site-packages/airflow/example_dags/example_params_trigger_ui.py
[2025-11-17T16:16:22.445+0000] {logging_mixin.py:188} INFO - [2025-11-17T16:16:22.444+0000] {dag.py:3096} INFO - Sync 1 DAGs
[2025-11-17T16:16:22.454+0000] {logging_mixin.py:188} INFO - [2025-11-17T16:16:22.453+0000] {dag.py:3954} INFO - Setting next_dagrun for example_params_trigger_ui to None, run_after=None
[2025-11-17T16:16:22.471+0000] {processor.py:183} INFO - Processing /usr/local/python/3.12.1/lib/python3.12/site-packages/airflow/example_dags/example_params_trigger_ui.py took 0.076 seconds
[2025-11-17T16:17:21.174+0000] {processor.py:161} INFO - Started process (PID=53107) to work on /usr/local/python/3.12.1/lib/python3.12/site-packages/airflow/example_dags/example_params_trigger_ui.py
[2025-11-17T16:17:21.175+0000] {processor.py:830} INFO - Processing file /usr/local/python/3.12.1/lib/python3.12/site-packages/airflow/example_dags/example_params_trigger_ui.py for tasks to queue
[2025-11-17T16:17:21.176+0000] {logging_mixin.py:188} INFO - [2025-11-17T16:17:21.176+0000] {dagbag.py:545} INFO - Filling up the DagBag from /usr/local/python/3.12.1/lib/python3.12/site-packages/airflow/example_dags/example_params_trigger_ui.py
[2025-11-17T16:17:21.187+0000] {processor.py:840} INFO - DAG(s) 'example_params_trigger_ui' retrieved from /usr/local/python/3.12.1/lib/python3.12/site-packages/airflow/example_dags/example_params_trigger_ui.py
[2025-11-17T16:17:21.217+0000] {logging_mixin.py:188} INFO - [2025-11-17T16:17:21.217+0000] {dag.py:3096} INFO - Sync 1 DAGs
[2025-11-17T16:17:21.226+0000] {logging_mixin.py:188} INFO - [2025-11-17T16:17:21.226+0000] {dag.py:3954} INFO - Setting next_dagrun for example_params_trigger_ui to None, run_after=None
[2025-11-17T16:17:21.243+0000] {processor.py:183} INFO - Processing /usr/local/python/3.12.1/lib/python3.12/site-packages/airflow/example_dags/example_params_trigger_ui.py took 0.073 seconds
[2025-11-17T16:18:20.791+0000] {processor.py:161} INFO - Started process (PID=53579) to work on /usr/local/python/3.12.1/lib/python3.12/site-packages/airflow/example_dags/example_params_trigger_ui.py
[2025-11-17T16:18:20.791+0000] {processor.py:830} INFO - Processing file /usr/local/python/3.12.1/lib/python3.12/site-packages/airflow/example_dags/example_params_trigger_ui.py for tasks to queue
[2025-11-17T16:18:20.793+0000] {logging_mixin.py:188} INFO - [2025-11-17T16:18:20.792+0000] {dagbag.py:545} INFO - Filling up the DagBag from /usr/local/python/3.12.1/lib/python3.12/site-packages/airflow/example_dags/example_params_trigger_ui.py
[2025-11-17T16:18:20.803+0000] {processor.py:840} INFO - DAG(s) 'example_params_trigger_ui' retrieved from /usr/local/python/3.12.1/lib/python3.12/site-packages/airflow/example_dags/example_params_trigger_ui.py
[2025-11-17T16:18:20.842+0000] {logging_mixin.py:188} INFO - [2025-11-17T16:18:20.842+0000] {dag.py:3096} INFO - Sync 1 DAGs
[2025-11-17T16:18:20.851+0000] {logging_mixin.py:188} INFO - [2025-11-17T16:18:20.851+0000] {dag.py:3954} INFO - Setting next_dagrun for example_params_trigger_ui to None, run_after=None
[2025-11-17T16:18:20.867+0000] {processor.py:183} INFO - Processing /usr/local/python/3.12.1/lib/python3.12/site-packages/airflow/example_dags/example_params_trigger_ui.py took 0.081 seconds
[2025-11-17T16:19:18.756+0000] {processor.py:161} INFO - Started process (PID=54038) to work on /usr/local/python/3.12.1/lib/python3.12/site-packages/airflow/example_dags/example_params_trigger_ui.py
[2025-11-17T16:19:18.757+0000] {processor.py:830} INFO - Processing file /usr/local/python/3.12.1/lib/python3.12/site-packages/airflow/example_dags/example_params_trigger_ui.py for tasks to queue
[2025-11-17T16:19:18.759+0000] {logging_mixin.py:188} INFO - [2025-11-17T16:19:18.759+0000] {dagbag.py:545} INFO - Filling up the DagBag from /usr/local/python/3.12.1/lib/python3.12/site-packages/airflow/example_dags/example_params_trigger_ui.py
[2025-11-17T16:19:18.770+0000] {processor.py:840} INFO - DAG(s) 'example_params_trigger_ui' retrieved from /usr/local/python/3.12.1/lib/python3.12/site-packages/airflow/example_dags/example_params_trigger_ui.py
[2025-11-17T16:19:18.800+0000] {logging_mixin.py:188} INFO - [2025-11-17T16:19:18.800+0000] {dag.py:3096} INFO - Sync 1 DAGs
[2025-11-17T16:19:18.809+0000] {logging_mixin.py:188} INFO - [2025-11-17T16:19:18.809+0000] {dag.py:3954} INFO - Setting next_dagrun for example_params_trigger_ui to None, run_after=None
[2025-11-17T16:19:18.824+0000] {processor.py:183} INFO - Processing /usr/local/python/3.12.1/lib/python3.12/site-packages/airflow/example_dags/example_params_trigger_ui.py took 0.074 seconds
[2025-11-17T16:20:18.072+0000] {processor.py:161} INFO - Started process (PID=54508) to work on /usr/local/python/3.12.1/lib/python3.12/site-packages/airflow/example_dags/example_params_trigger_ui.py
[2025-11-17T16:20:18.073+0000] {processor.py:830} INFO - Processing file /usr/local/python/3.12.1/lib/python3.12/site-packages/airflow/example_dags/example_params_trigger_ui.py for tasks to queue
[2025-11-17T16:20:18.074+0000] {logging_mixin.py:188} INFO - [2025-11-17T16:20:18.074+0000] {dagbag.py:545} INFO - Filling up the DagBag from /usr/local/python/3.12.1/lib/python3.12/site-packages/airflow/example_dags/example_params_trigger_ui.py
[2025-11-17T16:20:18.084+0000] {processor.py:840} INFO - DAG(s) 'example_params_trigger_ui' retrieved from /usr/local/python/3.12.1/lib/python3.12/site-packages/airflow/example_dags/example_params_trigger_ui.py
[2025-11-17T16:20:18.115+0000] {logging_mixin.py:188} INFO - [2025-11-17T16:20:18.115+0000] {dag.py:3096} INFO - Sync 1 DAGs
[2025-11-17T16:20:18.123+0000] {logging_mixin.py:188} INFO - [2025-11-17T16:20:18.123+0000] {dag.py:3954} INFO - Setting next_dagrun for example_params_trigger_ui to None, run_after=None
[2025-11-17T16:20:18.139+0000] {processor.py:183} INFO - Processing /usr/local/python/3.12.1/lib/python3.12/site-packages/airflow/example_dags/example_params_trigger_ui.py took 0.071 seconds
[2025-11-17T16:21:18.565+0000] {processor.py:161} INFO - Started process (PID=55033) to work on /usr/local/python/3.12.1/lib/python3.12/site-packages/airflow/example_dags/example_params_trigger_ui.py
[2025-11-17T16:21:18.566+0000] {processor.py:830} INFO - Processing file /usr/local/python/3.12.1/lib/python3.12/site-packages/airflow/example_dags/example_params_trigger_ui.py for tasks to queue
[2025-11-17T16:21:18.567+0000] {logging_mixin.py:188} INFO - [2025-11-17T16:21:18.567+0000] {dagbag.py:545} INFO - Filling up the DagBag from /usr/local/python/3.12.1/lib/python3.12/site-packages/airflow/example_dags/example_params_trigger_ui.py
[2025-11-17T16:21:18.578+0000] {processor.py:840} INFO - DAG(s) 'example_params_trigger_ui' retrieved from /usr/local/python/3.12.1/lib/python3.12/site-packages/airflow/example_dags/example_params_trigger_ui.py
[2025-11-17T16:21:18.609+0000] {logging_mixin.py:188} INFO - [2025-11-17T16:21:18.609+0000] {dag.py:3096} INFO - Sync 1 DAGs
[2025-11-17T16:21:18.618+0000] {logging_mixin.py:188} INFO - [2025-11-17T16:21:18.618+0000] {dag.py:3954} INFO - Setting next_dagrun for example_params_trigger_ui to None, run_after=None
[2025-11-17T16:21:18.637+0000] {processor.py:183} INFO - Processing /usr/local/python/3.12.1/lib/python3.12/site-packages/airflow/example_dags/example_params_trigger_ui.py took 0.076 seconds
[2025-11-17T16:22:20.207+0000] {processor.py:161} INFO - Started process (PID=55515) to work on /usr/local/python/3.12.1/lib/python3.12/site-packages/airflow/example_dags/example_params_trigger_ui.py
[2025-11-17T16:22:20.208+0000] {processor.py:830} INFO - Processing file /usr/local/python/3.12.1/lib/python3.12/site-packages/airflow/example_dags/example_params_trigger_ui.py for tasks to queue
[2025-11-17T16:22:20.209+0000] {logging_mixin.py:188} INFO - [2025-11-17T16:22:20.209+0000] {dagbag.py:545} INFO - Filling up the DagBag from /usr/local/python/3.12.1/lib/python3.12/site-packages/airflow/example_dags/example_params_trigger_ui.py
[2025-11-17T16:22:20.219+0000] {processor.py:840} INFO - DAG(s) 'example_params_trigger_ui' retrieved from /usr/local/python/3.12.1/lib/python3.12/site-packages/airflow/example_dags/example_params_trigger_ui.py
[2025-11-17T16:22:20.250+0000] {logging_mixin.py:188} INFO - [2025-11-17T16:22:20.250+0000] {dag.py:3096} INFO - Sync 1 DAGs
[2025-11-17T16:22:20.262+0000] {logging_mixin.py:188} INFO - [2025-11-17T16:22:20.262+0000] {dag.py:3954} INFO - Setting next_dagrun for example_params_trigger_ui to None, run_after=None
[2025-11-17T16:22:20.278+0000] {processor.py:183} INFO - Processing /usr/local/python/3.12.1/lib/python3.12/site-packages/airflow/example_dags/example_params_trigger_ui.py took 0.075 seconds
[2025-11-17T16:23:19.606+0000] {processor.py:161} INFO - Started process (PID=55986) to work on /usr/local/python/3.12.1/lib/python3.12/site-packages/airflow/example_dags/example_params_trigger_ui.py
[2025-11-17T16:23:19.607+0000] {processor.py:830} INFO - Processing file /usr/local/python/3.12.1/lib/python3.12/site-packages/airflow/example_dags/example_params_trigger_ui.py for tasks to queue
[2025-11-17T16:23:19.609+0000] {logging_mixin.py:188} INFO - [2025-11-17T16:23:19.609+0000] {dagbag.py:545} INFO - Filling up the DagBag from /usr/local/python/3.12.1/lib/python3.12/site-packages/airflow/example_dags/example_params_trigger_ui.py
[2025-11-17T16:23:19.619+0000] {processor.py:840} INFO - DAG(s) 'example_params_trigger_ui' retrieved from /usr/local/python/3.12.1/lib/python3.12/site-packages/airflow/example_dags/example_params_trigger_ui.py
[2025-11-17T16:23:19.652+0000] {logging_mixin.py:188} INFO - [2025-11-17T16:23:19.652+0000] {dag.py:3096} INFO - Sync 1 DAGs
[2025-11-17T16:23:19.669+0000] {logging_mixin.py:188} INFO - [2025-11-17T16:23:19.669+0000] {dag.py:3954} INFO - Setting next_dagrun for example_params_trigger_ui to None, run_after=None
[2025-11-17T16:23:19.696+0000] {processor.py:183} INFO - Processing /usr/local/python/3.12.1/lib/python3.12/site-packages/airflow/example_dags/example_params_trigger_ui.py took 0.094 seconds
[2025-11-17T16:24:22.296+0000] {processor.py:161} INFO - Started process (PID=56472) to work on /usr/local/python/3.12.1/lib/python3.12/site-packages/airflow/example_dags/example_params_trigger_ui.py
[2025-11-17T16:24:22.297+0000] {processor.py:830} INFO - Processing file /usr/local/python/3.12.1/lib/python3.12/site-packages/airflow/example_dags/example_params_trigger_ui.py for tasks to queue
[2025-11-17T16:24:22.299+0000] {logging_mixin.py:188} INFO - [2025-11-17T16:24:22.299+0000] {dagbag.py:545} INFO - Filling up the DagBag from /usr/local/python/3.12.1/lib/python3.12/site-packages/airflow/example_dags/example_params_trigger_ui.py
[2025-11-17T16:24:22.315+0000] {processor.py:840} INFO - DAG(s) 'example_params_trigger_ui' retrieved from /usr/local/python/3.12.1/lib/python3.12/site-packages/airflow/example_dags/example_params_trigger_ui.py
[2025-11-17T16:24:22.352+0000] {logging_mixin.py:188} INFO - [2025-11-17T16:24:22.352+0000] {dag.py:3096} INFO - Sync 1 DAGs
[2025-11-17T16:24:22.361+0000] {logging_mixin.py:188} INFO - [2025-11-17T16:24:22.361+0000] {dag.py:3954} INFO - Setting next_dagrun for example_params_trigger_ui to None, run_after=None
[2025-11-17T16:24:22.377+0000] {processor.py:183} INFO - Processing /usr/local/python/3.12.1/lib/python3.12/site-packages/airflow/example_dags/example_params_trigger_ui.py took 0.086 seconds
[2025-11-17T16:25:18.980+0000] {processor.py:161} INFO - Started process (PID=56912) to work on /usr/local/python/3.12.1/lib/python3.12/site-packages/airflow/example_dags/example_params_trigger_ui.py
[2025-11-17T16:25:18.981+0000] {processor.py:830} INFO - Processing file /usr/local/python/3.12.1/lib/python3.12/site-packages/airflow/example_dags/example_params_trigger_ui.py for tasks to queue
[2025-11-17T16:25:18.982+0000] {logging_mixin.py:188} INFO - [2025-11-17T16:25:18.982+0000] {dagbag.py:545} INFO - Filling up the DagBag from /usr/local/python/3.12.1/lib/python3.12/site-packages/airflow/example_dags/example_params_trigger_ui.py
[2025-11-17T16:25:18.992+0000] {processor.py:840} INFO - DAG(s) 'example_params_trigger_ui' retrieved from /usr/local/python/3.12.1/lib/python3.12/site-packages/airflow/example_dags/example_params_trigger_ui.py
[2025-11-17T16:25:19.022+0000] {logging_mixin.py:188} INFO - [2025-11-17T16:25:19.022+0000] {dag.py:3096} INFO - Sync 1 DAGs
[2025-11-17T16:25:19.031+0000] {logging_mixin.py:188} INFO - [2025-11-17T16:25:19.031+0000] {dag.py:3954} INFO - Setting next_dagrun for example_params_trigger_ui to None, run_after=None
[2025-11-17T16:25:19.049+0000] {processor.py:183} INFO - Processing /usr/local/python/3.12.1/lib/python3.12/site-packages/airflow/example_dags/example_params_trigger_ui.py took 0.072 seconds
[2025-11-17T16:26:19.472+0000] {processor.py:161} INFO - Started process (PID=57437) to work on /usr/local/python/3.12.1/lib/python3.12/site-packages/airflow/example_dags/example_params_trigger_ui.py
[2025-11-17T16:26:19.473+0000] {processor.py:830} INFO - Processing file /usr/local/python/3.12.1/lib/python3.12/site-packages/airflow/example_dags/example_params_trigger_ui.py for tasks to queue
[2025-11-17T16:26:19.474+0000] {logging_mixin.py:188} INFO - [2025-11-17T16:26:19.474+0000] {dagbag.py:545} INFO - Filling up the DagBag from /usr/local/python/3.12.1/lib/python3.12/site-packages/airflow/example_dags/example_params_trigger_ui.py
[2025-11-17T16:26:19.484+0000] {processor.py:840} INFO - DAG(s) 'example_params_trigger_ui' retrieved from /usr/local/python/3.12.1/lib/python3.12/site-packages/airflow/example_dags/example_params_trigger_ui.py
[2025-11-17T16:26:19.514+0000] {logging_mixin.py:188} INFO - [2025-11-17T16:26:19.513+0000] {dag.py:3096} INFO - Sync 1 DAGs
[2025-11-17T16:26:19.522+0000] {logging_mixin.py:188} INFO - [2025-11-17T16:26:19.522+0000] {dag.py:3954} INFO - Setting next_dagrun for example_params_trigger_ui to None, run_after=None
[2025-11-17T16:26:19.539+0000] {processor.py:183} INFO - Processing /usr/local/python/3.12.1/lib/python3.12/site-packages/airflow/example_dags/example_params_trigger_ui.py took 0.072 seconds
[2025-11-17T16:27:21.063+0000] {processor.py:161} INFO - Started process (PID=57917) to work on /usr/local/python/3.12.1/lib/python3.12/site-packages/airflow/example_dags/example_params_trigger_ui.py
[2025-11-17T16:27:21.064+0000] {processor.py:830} INFO - Processing file /usr/local/python/3.12.1/lib/python3.12/site-packages/airflow/example_dags/example_params_trigger_ui.py for tasks to queue
[2025-11-17T16:27:21.065+0000] {logging_mixin.py:188} INFO - [2025-11-17T16:27:21.065+0000] {dagbag.py:545} INFO - Filling up the DagBag from /usr/local/python/3.12.1/lib/python3.12/site-packages/airflow/example_dags/example_params_trigger_ui.py
[2025-11-17T16:27:21.075+0000] {processor.py:840} INFO - DAG(s) 'example_params_trigger_ui' retrieved from /usr/local/python/3.12.1/lib/python3.12/site-packages/airflow/example_dags/example_params_trigger_ui.py
[2025-11-17T16:27:21.105+0000] {logging_mixin.py:188} INFO - [2025-11-17T16:27:21.105+0000] {dag.py:3096} INFO - Sync 1 DAGs
[2025-11-17T16:27:21.113+0000] {logging_mixin.py:188} INFO - [2025-11-17T16:27:21.113+0000] {dag.py:3954} INFO - Setting next_dagrun for example_params_trigger_ui to None, run_after=None
[2025-11-17T16:27:21.129+0000] {processor.py:183} INFO - Processing /usr/local/python/3.12.1/lib/python3.12/site-packages/airflow/example_dags/example_params_trigger_ui.py took 0.070 seconds
[2025-11-17T16:28:17.644+0000] {processor.py:161} INFO - Started process (PID=58368) to work on /usr/local/python/3.12.1/lib/python3.12/site-packages/airflow/example_dags/example_params_trigger_ui.py
[2025-11-17T16:28:17.644+0000] {processor.py:830} INFO - Processing file /usr/local/python/3.12.1/lib/python3.12/site-packages/airflow/example_dags/example_params_trigger_ui.py for tasks to queue
[2025-11-17T16:28:17.647+0000] {logging_mixin.py:188} INFO - [2025-11-17T16:28:17.647+0000] {dagbag.py:545} INFO - Filling up the DagBag from /usr/local/python/3.12.1/lib/python3.12/site-packages/airflow/example_dags/example_params_trigger_ui.py
[2025-11-17T16:28:17.664+0000] {processor.py:840} INFO - DAG(s) 'example_params_trigger_ui' retrieved from /usr/local/python/3.12.1/lib/python3.12/site-packages/airflow/example_dags/example_params_trigger_ui.py
[2025-11-17T16:28:17.713+0000] {logging_mixin.py:188} INFO - [2025-11-17T16:28:17.712+0000] {dag.py:3096} INFO - Sync 1 DAGs
[2025-11-17T16:28:17.722+0000] {logging_mixin.py:188} INFO - [2025-11-17T16:28:17.722+0000] {dag.py:3954} INFO - Setting next_dagrun for example_params_trigger_ui to None, run_after=None
[2025-11-17T16:28:17.738+0000] {processor.py:183} INFO - Processing /usr/local/python/3.12.1/lib/python3.12/site-packages/airflow/example_dags/example_params_trigger_ui.py took 0.105 seconds
[2025-11-17T16:29:15.731+0000] {processor.py:161} INFO - Started process (PID=58832) to work on /usr/local/python/3.12.1/lib/python3.12/site-packages/airflow/example_dags/example_params_trigger_ui.py
[2025-11-17T16:29:15.732+0000] {processor.py:830} INFO - Processing file /usr/local/python/3.12.1/lib/python3.12/site-packages/airflow/example_dags/example_params_trigger_ui.py for tasks to queue
[2025-11-17T16:29:15.733+0000] {logging_mixin.py:188} INFO - [2025-11-17T16:29:15.733+0000] {dagbag.py:545} INFO - Filling up the DagBag from /usr/local/python/3.12.1/lib/python3.12/site-packages/airflow/example_dags/example_params_trigger_ui.py
[2025-11-17T16:29:15.743+0000] {processor.py:840} INFO - DAG(s) 'example_params_trigger_ui' retrieved from /usr/local/python/3.12.1/lib/python3.12/site-packages/airflow/example_dags/example_params_trigger_ui.py
[2025-11-17T16:29:15.773+0000] {logging_mixin.py:188} INFO - [2025-11-17T16:29:15.773+0000] {dag.py:3096} INFO - Sync 1 DAGs
[2025-11-17T16:29:15.782+0000] {logging_mixin.py:188} INFO - [2025-11-17T16:29:15.782+0000] {dag.py:3954} INFO - Setting next_dagrun for example_params_trigger_ui to None, run_after=None
[2025-11-17T16:29:15.797+0000] {processor.py:183} INFO - Processing /usr/local/python/3.12.1/lib/python3.12/site-packages/airflow/example_dags/example_params_trigger_ui.py took 0.070 seconds
[2025-11-17T16:30:11.531+0000] {processor.py:161} INFO - Started process (PID=59263) to work on /usr/local/python/3.12.1/lib/python3.12/site-packages/airflow/example_dags/example_params_trigger_ui.py
[2025-11-17T16:30:11.531+0000] {processor.py:830} INFO - Processing file /usr/local/python/3.12.1/lib/python3.12/site-packages/airflow/example_dags/example_params_trigger_ui.py for tasks to queue
[2025-11-17T16:30:11.533+0000] {logging_mixin.py:188} INFO - [2025-11-17T16:30:11.532+0000] {dagbag.py:545} INFO - Filling up the DagBag from /usr/local/python/3.12.1/lib/python3.12/site-packages/airflow/example_dags/example_params_trigger_ui.py
[2025-11-17T16:30:11.543+0000] {processor.py:840} INFO - DAG(s) 'example_params_trigger_ui' retrieved from /usr/local/python/3.12.1/lib/python3.12/site-packages/airflow/example_dags/example_params_trigger_ui.py
[2025-11-17T16:30:11.573+0000] {logging_mixin.py:188} INFO - [2025-11-17T16:30:11.573+0000] {dag.py:3096} INFO - Sync 1 DAGs
[2025-11-17T16:30:11.582+0000] {logging_mixin.py:188} INFO - [2025-11-17T16:30:11.582+0000] {dag.py:3954} INFO - Setting next_dagrun for example_params_trigger_ui to None, run_after=None
[2025-11-17T16:30:11.598+0000] {processor.py:183} INFO - Processing /usr/local/python/3.12.1/lib/python3.12/site-packages/airflow/example_dags/example_params_trigger_ui.py took 0.072 seconds
[2025-11-17T16:31:11.621+0000] {processor.py:161} INFO - Started process (PID=59776) to work on /usr/local/python/3.12.1/lib/python3.12/site-packages/airflow/example_dags/example_params_trigger_ui.py
[2025-11-17T16:31:11.622+0000] {processor.py:830} INFO - Processing file /usr/local/python/3.12.1/lib/python3.12/site-packages/airflow/example_dags/example_params_trigger_ui.py for tasks to queue
[2025-11-17T16:31:11.623+0000] {logging_mixin.py:188} INFO - [2025-11-17T16:31:11.623+0000] {dagbag.py:545} INFO - Filling up the DagBag from /usr/local/python/3.12.1/lib/python3.12/site-packages/airflow/example_dags/example_params_trigger_ui.py
[2025-11-17T16:31:11.633+0000] {processor.py:840} INFO - DAG(s) 'example_params_trigger_ui' retrieved from /usr/local/python/3.12.1/lib/python3.12/site-packages/airflow/example_dags/example_params_trigger_ui.py
[2025-11-17T16:31:11.681+0000] {logging_mixin.py:188} INFO - [2025-11-17T16:31:11.680+0000] {dag.py:3096} INFO - Sync 1 DAGs
[2025-11-17T16:31:11.698+0000] {logging_mixin.py:188} INFO - [2025-11-17T16:31:11.698+0000] {dag.py:3954} INFO - Setting next_dagrun for example_params_trigger_ui to None, run_after=None
[2025-11-17T16:31:11.731+0000] {processor.py:183} INFO - Processing /usr/local/python/3.12.1/lib/python3.12/site-packages/airflow/example_dags/example_params_trigger_ui.py took 0.114 seconds
[2025-11-17T16:32:10.479+0000] {processor.py:161} INFO - Started process (PID=60245) to work on /usr/local/python/3.12.1/lib/python3.12/site-packages/airflow/example_dags/example_params_trigger_ui.py
[2025-11-17T16:32:10.479+0000] {processor.py:830} INFO - Processing file /usr/local/python/3.12.1/lib/python3.12/site-packages/airflow/example_dags/example_params_trigger_ui.py for tasks to queue
[2025-11-17T16:32:10.481+0000] {logging_mixin.py:188} INFO - [2025-11-17T16:32:10.480+0000] {dagbag.py:545} INFO - Filling up the DagBag from /usr/local/python/3.12.1/lib/python3.12/site-packages/airflow/example_dags/example_params_trigger_ui.py
[2025-11-17T16:32:10.491+0000] {processor.py:840} INFO - DAG(s) 'example_params_trigger_ui' retrieved from /usr/local/python/3.12.1/lib/python3.12/site-packages/airflow/example_dags/example_params_trigger_ui.py
[2025-11-17T16:32:10.521+0000] {logging_mixin.py:188} INFO - [2025-11-17T16:32:10.521+0000] {dag.py:3096} INFO - Sync 1 DAGs
[2025-11-17T16:32:10.530+0000] {logging_mixin.py:188} INFO - [2025-11-17T16:32:10.529+0000] {dag.py:3954} INFO - Setting next_dagrun for example_params_trigger_ui to None, run_after=None
[2025-11-17T16:32:10.547+0000] {processor.py:183} INFO - Processing /usr/local/python/3.12.1/lib/python3.12/site-packages/airflow/example_dags/example_params_trigger_ui.py took 0.072 seconds
[2025-11-17T16:32:54.682+0000] {processor.py:161} INFO - Started process (PID=60587) to work on /usr/local/python/3.12.1/lib/python3.12/site-packages/airflow/example_dags/example_params_trigger_ui.py
[2025-11-17T16:32:54.683+0000] {processor.py:830} INFO - Processing file /usr/local/python/3.12.1/lib/python3.12/site-packages/airflow/example_dags/example_params_trigger_ui.py for tasks to queue
[2025-11-17T16:32:54.684+0000] {logging_mixin.py:188} INFO - [2025-11-17T16:32:54.684+0000] {dagbag.py:545} INFO - Filling up the DagBag from /usr/local/python/3.12.1/lib/python3.12/site-packages/airflow/example_dags/example_params_trigger_ui.py
[2025-11-17T16:32:54.695+0000] {processor.py:840} INFO - DAG(s) 'example_params_trigger_ui' retrieved from /usr/local/python/3.12.1/lib/python3.12/site-packages/airflow/example_dags/example_params_trigger_ui.py
[2025-11-17T16:32:54.728+0000] {logging_mixin.py:188} INFO - [2025-11-17T16:32:54.728+0000] {dag.py:3096} INFO - Sync 1 DAGs
[2025-11-17T16:32:54.738+0000] {logging_mixin.py:188} INFO - [2025-11-17T16:32:54.737+0000] {dag.py:3954} INFO - Setting next_dagrun for example_params_trigger_ui to None, run_after=None
[2025-11-17T16:32:54.756+0000] {processor.py:183} INFO - Processing /usr/local/python/3.12.1/lib/python3.12/site-packages/airflow/example_dags/example_params_trigger_ui.py took 0.079 seconds
[2025-11-17T16:33:54.090+0000] {processor.py:161} INFO - Started process (PID=61059) to work on /usr/local/python/3.12.1/lib/python3.12/site-packages/airflow/example_dags/example_params_trigger_ui.py
[2025-11-17T16:33:54.091+0000] {processor.py:830} INFO - Processing file /usr/local/python/3.12.1/lib/python3.12/site-packages/airflow/example_dags/example_params_trigger_ui.py for tasks to queue
[2025-11-17T16:33:54.092+0000] {logging_mixin.py:188} INFO - [2025-11-17T16:33:54.092+0000] {dagbag.py:545} INFO - Filling up the DagBag from /usr/local/python/3.12.1/lib/python3.12/site-packages/airflow/example_dags/example_params_trigger_ui.py
[2025-11-17T16:33:54.103+0000] {processor.py:840} INFO - DAG(s) 'example_params_trigger_ui' retrieved from /usr/local/python/3.12.1/lib/python3.12/site-packages/airflow/example_dags/example_params_trigger_ui.py
[2025-11-17T16:33:54.142+0000] {logging_mixin.py:188} INFO - [2025-11-17T16:33:54.142+0000] {dag.py:3096} INFO - Sync 1 DAGs
[2025-11-17T16:33:54.151+0000] {logging_mixin.py:188} INFO - [2025-11-17T16:33:54.151+0000] {dag.py:3954} INFO - Setting next_dagrun for example_params_trigger_ui to None, run_after=None
[2025-11-17T16:33:54.167+0000] {processor.py:183} INFO - Processing /usr/local/python/3.12.1/lib/python3.12/site-packages/airflow/example_dags/example_params_trigger_ui.py took 0.081 seconds
[2025-11-17T16:34:54.044+0000] {processor.py:161} INFO - Started process (PID=61532) to work on /usr/local/python/3.12.1/lib/python3.12/site-packages/airflow/example_dags/example_params_trigger_ui.py
[2025-11-17T16:34:54.045+0000] {processor.py:830} INFO - Processing file /usr/local/python/3.12.1/lib/python3.12/site-packages/airflow/example_dags/example_params_trigger_ui.py for tasks to queue
[2025-11-17T16:34:54.046+0000] {logging_mixin.py:188} INFO - [2025-11-17T16:34:54.046+0000] {dagbag.py:545} INFO - Filling up the DagBag from /usr/local/python/3.12.1/lib/python3.12/site-packages/airflow/example_dags/example_params_trigger_ui.py
[2025-11-17T16:34:54.056+0000] {processor.py:840} INFO - DAG(s) 'example_params_trigger_ui' retrieved from /usr/local/python/3.12.1/lib/python3.12/site-packages/airflow/example_dags/example_params_trigger_ui.py
[2025-11-17T16:34:54.088+0000] {logging_mixin.py:188} INFO - [2025-11-17T16:34:54.088+0000] {dag.py:3096} INFO - Sync 1 DAGs
[2025-11-17T16:34:54.097+0000] {logging_mixin.py:188} INFO - [2025-11-17T16:34:54.097+0000] {dag.py:3954} INFO - Setting next_dagrun for example_params_trigger_ui to None, run_after=None
[2025-11-17T16:34:54.114+0000] {processor.py:183} INFO - Processing /usr/local/python/3.12.1/lib/python3.12/site-packages/airflow/example_dags/example_params_trigger_ui.py took 0.074 seconds
[2025-11-17T16:35:47.561+0000] {processor.py:161} INFO - Started process (PID=61951) to work on /usr/local/python/3.12.1/lib/python3.12/site-packages/airflow/example_dags/example_params_trigger_ui.py
[2025-11-17T16:35:47.562+0000] {processor.py:830} INFO - Processing file /usr/local/python/3.12.1/lib/python3.12/site-packages/airflow/example_dags/example_params_trigger_ui.py for tasks to queue
[2025-11-17T16:35:47.563+0000] {logging_mixin.py:188} INFO - [2025-11-17T16:35:47.563+0000] {dagbag.py:545} INFO - Filling up the DagBag from /usr/local/python/3.12.1/lib/python3.12/site-packages/airflow/example_dags/example_params_trigger_ui.py
[2025-11-17T16:35:47.574+0000] {processor.py:840} INFO - DAG(s) 'example_params_trigger_ui' retrieved from /usr/local/python/3.12.1/lib/python3.12/site-packages/airflow/example_dags/example_params_trigger_ui.py
[2025-11-17T16:35:47.604+0000] {logging_mixin.py:188} INFO - [2025-11-17T16:35:47.603+0000] {dag.py:3096} INFO - Sync 1 DAGs
[2025-11-17T16:35:47.613+0000] {logging_mixin.py:188} INFO - [2025-11-17T16:35:47.612+0000] {dag.py:3954} INFO - Setting next_dagrun for example_params_trigger_ui to None, run_after=None
[2025-11-17T16:35:47.628+0000] {processor.py:183} INFO - Processing /usr/local/python/3.12.1/lib/python3.12/site-packages/airflow/example_dags/example_params_trigger_ui.py took 0.071 seconds
[2025-11-17T16:36:42.828+0000] {processor.py:161} INFO - Started process (PID=62443) to work on /usr/local/python/3.12.1/lib/python3.12/site-packages/airflow/example_dags/example_params_trigger_ui.py
[2025-11-17T16:36:42.829+0000] {processor.py:830} INFO - Processing file /usr/local/python/3.12.1/lib/python3.12/site-packages/airflow/example_dags/example_params_trigger_ui.py for tasks to queue
[2025-11-17T16:36:42.830+0000] {logging_mixin.py:188} INFO - [2025-11-17T16:36:42.830+0000] {dagbag.py:545} INFO - Filling up the DagBag from /usr/local/python/3.12.1/lib/python3.12/site-packages/airflow/example_dags/example_params_trigger_ui.py
[2025-11-17T16:36:42.841+0000] {processor.py:840} INFO - DAG(s) 'example_params_trigger_ui' retrieved from /usr/local/python/3.12.1/lib/python3.12/site-packages/airflow/example_dags/example_params_trigger_ui.py
[2025-11-17T16:36:42.872+0000] {logging_mixin.py:188} INFO - [2025-11-17T16:36:42.871+0000] {dag.py:3096} INFO - Sync 1 DAGs
[2025-11-17T16:36:42.880+0000] {logging_mixin.py:188} INFO - [2025-11-17T16:36:42.880+0000] {dag.py:3954} INFO - Setting next_dagrun for example_params_trigger_ui to None, run_after=None
[2025-11-17T16:36:42.896+0000] {processor.py:183} INFO - Processing /usr/local/python/3.12.1/lib/python3.12/site-packages/airflow/example_dags/example_params_trigger_ui.py took 0.072 seconds
[2025-11-17T16:37:46.654+0000] {processor.py:161} INFO - Started process (PID=62990) to work on /usr/local/python/3.12.1/lib/python3.12/site-packages/airflow/example_dags/example_params_trigger_ui.py
[2025-11-17T16:37:46.655+0000] {processor.py:830} INFO - Processing file /usr/local/python/3.12.1/lib/python3.12/site-packages/airflow/example_dags/example_params_trigger_ui.py for tasks to queue
[2025-11-17T16:37:46.656+0000] {logging_mixin.py:188} INFO - [2025-11-17T16:37:46.655+0000] {dagbag.py:545} INFO - Filling up the DagBag from /usr/local/python/3.12.1/lib/python3.12/site-packages/airflow/example_dags/example_params_trigger_ui.py
[2025-11-17T16:37:46.666+0000] {processor.py:840} INFO - DAG(s) 'example_params_trigger_ui' retrieved from /usr/local/python/3.12.1/lib/python3.12/site-packages/airflow/example_dags/example_params_trigger_ui.py
[2025-11-17T16:37:46.696+0000] {logging_mixin.py:188} INFO - [2025-11-17T16:37:46.695+0000] {dag.py:3096} INFO - Sync 1 DAGs
[2025-11-17T16:37:46.704+0000] {logging_mixin.py:188} INFO - [2025-11-17T16:37:46.704+0000] {dag.py:3954} INFO - Setting next_dagrun for example_params_trigger_ui to None, run_after=None
[2025-11-17T16:37:46.720+0000] {processor.py:183} INFO - Processing /usr/local/python/3.12.1/lib/python3.12/site-packages/airflow/example_dags/example_params_trigger_ui.py took 0.070 seconds
[2025-11-17T16:38:30.914+0000] {processor.py:161} INFO - Started process (PID=63461) to work on /usr/local/python/3.12.1/lib/python3.12/site-packages/airflow/example_dags/example_params_trigger_ui.py
[2025-11-17T16:38:30.915+0000] {processor.py:830} INFO - Processing file /usr/local/python/3.12.1/lib/python3.12/site-packages/airflow/example_dags/example_params_trigger_ui.py for tasks to queue
[2025-11-17T16:38:30.916+0000] {logging_mixin.py:188} INFO - [2025-11-17T16:38:30.916+0000] {dagbag.py:545} INFO - Filling up the DagBag from /usr/local/python/3.12.1/lib/python3.12/site-packages/airflow/example_dags/example_params_trigger_ui.py
[2025-11-17T16:38:30.926+0000] {processor.py:840} INFO - DAG(s) 'example_params_trigger_ui' retrieved from /usr/local/python/3.12.1/lib/python3.12/site-packages/airflow/example_dags/example_params_trigger_ui.py
[2025-11-17T16:38:30.957+0000] {logging_mixin.py:188} INFO - [2025-11-17T16:38:30.956+0000] {dag.py:3096} INFO - Sync 1 DAGs
[2025-11-17T16:38:30.966+0000] {logging_mixin.py:188} INFO - [2025-11-17T16:38:30.965+0000] {dag.py:3954} INFO - Setting next_dagrun for example_params_trigger_ui to None, run_after=None
[2025-11-17T16:38:30.982+0000] {processor.py:183} INFO - Processing /usr/local/python/3.12.1/lib/python3.12/site-packages/airflow/example_dags/example_params_trigger_ui.py took 0.072 seconds
