[2025-11-17T15:42:30.227+0000] {processor.py:161} INFO - Started process (PID=28016) to work on /usr/local/python/3.12.1/lib/python3.12/site-packages/airflow/example_dags/example_python_operator.py
[2025-11-17T15:42:30.228+0000] {processor.py:830} INFO - Processing file /usr/local/python/3.12.1/lib/python3.12/site-packages/airflow/example_dags/example_python_operator.py for tasks to queue
[2025-11-17T15:42:30.229+0000] {logging_mixin.py:188} INFO - [2025-11-17T15:42:30.229+0000] {dagbag.py:545} INFO - Filling up the DagBag from /usr/local/python/3.12.1/lib/python3.12/site-packages/airflow/example_dags/example_python_operator.py
[2025-11-17T15:42:30.237+0000] {processor.py:840} INFO - DAG(s) 'example_python_operator' retrieved from /usr/local/python/3.12.1/lib/python3.12/site-packages/airflow/example_dags/example_python_operator.py
[2025-11-17T15:42:30.323+0000] {logging_mixin.py:188} INFO - [2025-11-17T15:42:30.323+0000] {override.py:1829} INFO - Created Permission View: can read on DAG:example_python_operator
[2025-11-17T15:42:30.331+0000] {logging_mixin.py:188} INFO - [2025-11-17T15:42:30.331+0000] {override.py:1829} INFO - Created Permission View: can edit on DAG:example_python_operator
[2025-11-17T15:42:30.338+0000] {logging_mixin.py:188} INFO - [2025-11-17T15:42:30.337+0000] {override.py:1829} INFO - Created Permission View: can delete on DAG:example_python_operator
[2025-11-17T15:42:30.338+0000] {logging_mixin.py:188} INFO - [2025-11-17T15:42:30.338+0000] {dag.py:3096} INFO - Sync 1 DAGs
[2025-11-17T15:42:30.346+0000] {logging_mixin.py:188} INFO - [2025-11-17T15:42:30.346+0000] {dag.py:3118} INFO - Creating ORM DAG for example_python_operator
[2025-11-17T15:42:30.347+0000] {logging_mixin.py:188} INFO - [2025-11-17T15:42:30.347+0000] {dag.py:3954} INFO - Setting next_dagrun for example_python_operator to None, run_after=None
[2025-11-17T15:42:30.362+0000] {processor.py:183} INFO - Processing /usr/local/python/3.12.1/lib/python3.12/site-packages/airflow/example_dags/example_python_operator.py took 0.139 seconds
[2025-11-17T15:43:24.118+0000] {processor.py:161} INFO - Started process (PID=29140) to work on /usr/local/python/3.12.1/lib/python3.12/site-packages/airflow/example_dags/example_python_operator.py
[2025-11-17T15:43:24.118+0000] {processor.py:830} INFO - Processing file /usr/local/python/3.12.1/lib/python3.12/site-packages/airflow/example_dags/example_python_operator.py for tasks to queue
[2025-11-17T15:43:24.120+0000] {logging_mixin.py:188} INFO - [2025-11-17T15:43:24.119+0000] {dagbag.py:545} INFO - Filling up the DagBag from /usr/local/python/3.12.1/lib/python3.12/site-packages/airflow/example_dags/example_python_operator.py
[2025-11-17T15:43:24.127+0000] {processor.py:840} INFO - DAG(s) 'example_python_operator' retrieved from /usr/local/python/3.12.1/lib/python3.12/site-packages/airflow/example_dags/example_python_operator.py
[2025-11-17T15:43:24.141+0000] {logging_mixin.py:188} INFO - [2025-11-17T15:43:24.141+0000] {dag.py:3096} INFO - Sync 1 DAGs
[2025-11-17T15:43:24.149+0000] {logging_mixin.py:188} INFO - [2025-11-17T15:43:24.149+0000] {dag.py:3954} INFO - Setting next_dagrun for example_python_operator to None, run_after=None
[2025-11-17T15:43:24.169+0000] {processor.py:183} INFO - Processing /usr/local/python/3.12.1/lib/python3.12/site-packages/airflow/example_dags/example_python_operator.py took 0.055 seconds
[2025-11-17T15:44:11.620+0000] {processor.py:161} INFO - Started process (PID=29598) to work on /usr/local/python/3.12.1/lib/python3.12/site-packages/airflow/example_dags/example_python_operator.py
[2025-11-17T15:44:11.621+0000] {processor.py:830} INFO - Processing file /usr/local/python/3.12.1/lib/python3.12/site-packages/airflow/example_dags/example_python_operator.py for tasks to queue
[2025-11-17T15:44:11.622+0000] {logging_mixin.py:188} INFO - [2025-11-17T15:44:11.622+0000] {dagbag.py:545} INFO - Filling up the DagBag from /usr/local/python/3.12.1/lib/python3.12/site-packages/airflow/example_dags/example_python_operator.py
[2025-11-17T15:44:11.630+0000] {processor.py:840} INFO - DAG(s) 'example_python_operator' retrieved from /usr/local/python/3.12.1/lib/python3.12/site-packages/airflow/example_dags/example_python_operator.py
[2025-11-17T15:44:11.642+0000] {logging_mixin.py:188} INFO - [2025-11-17T15:44:11.642+0000] {dag.py:3096} INFO - Sync 1 DAGs
[2025-11-17T15:44:11.650+0000] {logging_mixin.py:188} INFO - [2025-11-17T15:44:11.650+0000] {dag.py:3954} INFO - Setting next_dagrun for example_python_operator to None, run_after=None
[2025-11-17T15:44:11.666+0000] {processor.py:183} INFO - Processing /usr/local/python/3.12.1/lib/python3.12/site-packages/airflow/example_dags/example_python_operator.py took 0.049 seconds
[2025-11-17T15:45:08.509+0000] {processor.py:161} INFO - Started process (PID=30610) to work on /usr/local/python/3.12.1/lib/python3.12/site-packages/airflow/example_dags/example_python_operator.py
[2025-11-17T15:45:08.510+0000] {processor.py:830} INFO - Processing file /usr/local/python/3.12.1/lib/python3.12/site-packages/airflow/example_dags/example_python_operator.py for tasks to queue
[2025-11-17T15:45:08.511+0000] {logging_mixin.py:188} INFO - [2025-11-17T15:45:08.511+0000] {dagbag.py:545} INFO - Filling up the DagBag from /usr/local/python/3.12.1/lib/python3.12/site-packages/airflow/example_dags/example_python_operator.py
[2025-11-17T15:45:08.519+0000] {processor.py:840} INFO - DAG(s) 'example_python_operator' retrieved from /usr/local/python/3.12.1/lib/python3.12/site-packages/airflow/example_dags/example_python_operator.py
[2025-11-17T15:45:08.532+0000] {logging_mixin.py:188} INFO - [2025-11-17T15:45:08.531+0000] {dag.py:3096} INFO - Sync 1 DAGs
[2025-11-17T15:45:08.542+0000] {logging_mixin.py:188} INFO - [2025-11-17T15:45:08.542+0000] {dag.py:3954} INFO - Setting next_dagrun for example_python_operator to None, run_after=None
[2025-11-17T15:45:08.558+0000] {processor.py:183} INFO - Processing /usr/local/python/3.12.1/lib/python3.12/site-packages/airflow/example_dags/example_python_operator.py took 0.053 seconds
[2025-11-17T16:01:05.881+0000] {processor.py:161} INFO - Started process (PID=40990) to work on /usr/local/python/3.12.1/lib/python3.12/site-packages/airflow/example_dags/example_python_operator.py
[2025-11-17T16:01:05.882+0000] {processor.py:830} INFO - Processing file /usr/local/python/3.12.1/lib/python3.12/site-packages/airflow/example_dags/example_python_operator.py for tasks to queue
[2025-11-17T16:01:05.883+0000] {logging_mixin.py:188} INFO - [2025-11-17T16:01:05.883+0000] {dagbag.py:545} INFO - Filling up the DagBag from /usr/local/python/3.12.1/lib/python3.12/site-packages/airflow/example_dags/example_python_operator.py
[2025-11-17T16:01:05.891+0000] {processor.py:840} INFO - DAG(s) 'example_python_operator' retrieved from /usr/local/python/3.12.1/lib/python3.12/site-packages/airflow/example_dags/example_python_operator.py
[2025-11-17T16:01:05.975+0000] {logging_mixin.py:188} INFO - [2025-11-17T16:01:05.975+0000] {dag.py:3096} INFO - Sync 1 DAGs
[2025-11-17T16:01:05.982+0000] {logging_mixin.py:188} INFO - [2025-11-17T16:01:05.981+0000] {dag.py:3954} INFO - Setting next_dagrun for example_python_operator to None, run_after=None
[2025-11-17T16:01:05.997+0000] {processor.py:183} INFO - Processing /usr/local/python/3.12.1/lib/python3.12/site-packages/airflow/example_dags/example_python_operator.py took 0.120 seconds
[2025-11-17T16:01:56.173+0000] {processor.py:161} INFO - Started process (PID=41607) to work on /usr/local/python/3.12.1/lib/python3.12/site-packages/airflow/example_dags/example_python_operator.py
[2025-11-17T16:01:56.174+0000] {processor.py:830} INFO - Processing file /usr/local/python/3.12.1/lib/python3.12/site-packages/airflow/example_dags/example_python_operator.py for tasks to queue
[2025-11-17T16:01:56.175+0000] {logging_mixin.py:188} INFO - [2025-11-17T16:01:56.175+0000] {dagbag.py:545} INFO - Filling up the DagBag from /usr/local/python/3.12.1/lib/python3.12/site-packages/airflow/example_dags/example_python_operator.py
[2025-11-17T16:01:56.186+0000] {processor.py:840} INFO - DAG(s) 'example_python_operator' retrieved from /usr/local/python/3.12.1/lib/python3.12/site-packages/airflow/example_dags/example_python_operator.py
[2025-11-17T16:01:56.201+0000] {logging_mixin.py:188} INFO - [2025-11-17T16:01:56.201+0000] {dag.py:3096} INFO - Sync 1 DAGs
[2025-11-17T16:01:56.210+0000] {logging_mixin.py:188} INFO - [2025-11-17T16:01:56.209+0000] {dag.py:3954} INFO - Setting next_dagrun for example_python_operator to None, run_after=None
[2025-11-17T16:01:56.226+0000] {processor.py:183} INFO - Processing /usr/local/python/3.12.1/lib/python3.12/site-packages/airflow/example_dags/example_python_operator.py took 0.057 seconds
[2025-11-17T16:02:46.579+0000] {processor.py:161} INFO - Started process (PID=42323) to work on /usr/local/python/3.12.1/lib/python3.12/site-packages/airflow/example_dags/example_python_operator.py
[2025-11-17T16:02:46.579+0000] {processor.py:830} INFO - Processing file /usr/local/python/3.12.1/lib/python3.12/site-packages/airflow/example_dags/example_python_operator.py for tasks to queue
[2025-11-17T16:02:46.583+0000] {logging_mixin.py:188} INFO - [2025-11-17T16:02:46.581+0000] {dagbag.py:545} INFO - Filling up the DagBag from /usr/local/python/3.12.1/lib/python3.12/site-packages/airflow/example_dags/example_python_operator.py
[2025-11-17T16:02:46.604+0000] {processor.py:840} INFO - DAG(s) 'example_python_operator' retrieved from /usr/local/python/3.12.1/lib/python3.12/site-packages/airflow/example_dags/example_python_operator.py
[2025-11-17T16:02:46.624+0000] {logging_mixin.py:188} INFO - [2025-11-17T16:02:46.624+0000] {dag.py:3096} INFO - Sync 1 DAGs
[2025-11-17T16:02:46.652+0000] {logging_mixin.py:188} INFO - [2025-11-17T16:02:46.652+0000] {dag.py:3954} INFO - Setting next_dagrun for example_python_operator to None, run_after=None
[2025-11-17T16:02:46.687+0000] {processor.py:183} INFO - Processing /usr/local/python/3.12.1/lib/python3.12/site-packages/airflow/example_dags/example_python_operator.py took 0.121 seconds
[2025-11-17T16:03:48.532+0000] {processor.py:161} INFO - Started process (PID=43047) to work on /usr/local/python/3.12.1/lib/python3.12/site-packages/airflow/example_dags/example_python_operator.py
[2025-11-17T16:03:48.533+0000] {processor.py:830} INFO - Processing file /usr/local/python/3.12.1/lib/python3.12/site-packages/airflow/example_dags/example_python_operator.py for tasks to queue
[2025-11-17T16:03:48.536+0000] {logging_mixin.py:188} INFO - [2025-11-17T16:03:48.536+0000] {dagbag.py:545} INFO - Filling up the DagBag from /usr/local/python/3.12.1/lib/python3.12/site-packages/airflow/example_dags/example_python_operator.py
[2025-11-17T16:03:48.553+0000] {processor.py:840} INFO - DAG(s) 'example_python_operator' retrieved from /usr/local/python/3.12.1/lib/python3.12/site-packages/airflow/example_dags/example_python_operator.py
[2025-11-17T16:03:48.574+0000] {logging_mixin.py:188} INFO - [2025-11-17T16:03:48.574+0000] {dag.py:3096} INFO - Sync 1 DAGs
[2025-11-17T16:03:48.586+0000] {logging_mixin.py:188} INFO - [2025-11-17T16:03:48.586+0000] {dag.py:3954} INFO - Setting next_dagrun for example_python_operator to None, run_after=None
[2025-11-17T16:03:48.610+0000] {processor.py:183} INFO - Processing /usr/local/python/3.12.1/lib/python3.12/site-packages/airflow/example_dags/example_python_operator.py took 0.091 seconds
[2025-11-17T16:04:50.612+0000] {processor.py:161} INFO - Started process (PID=43889) to work on /usr/local/python/3.12.1/lib/python3.12/site-packages/airflow/example_dags/example_python_operator.py
[2025-11-17T16:04:50.613+0000] {processor.py:830} INFO - Processing file /usr/local/python/3.12.1/lib/python3.12/site-packages/airflow/example_dags/example_python_operator.py for tasks to queue
[2025-11-17T16:04:50.614+0000] {logging_mixin.py:188} INFO - [2025-11-17T16:04:50.614+0000] {dagbag.py:545} INFO - Filling up the DagBag from /usr/local/python/3.12.1/lib/python3.12/site-packages/airflow/example_dags/example_python_operator.py
[2025-11-17T16:04:50.623+0000] {processor.py:840} INFO - DAG(s) 'example_python_operator' retrieved from /usr/local/python/3.12.1/lib/python3.12/site-packages/airflow/example_dags/example_python_operator.py
[2025-11-17T16:04:50.636+0000] {logging_mixin.py:188} INFO - [2025-11-17T16:04:50.636+0000] {dag.py:3096} INFO - Sync 1 DAGs
[2025-11-17T16:04:50.647+0000] {logging_mixin.py:188} INFO - [2025-11-17T16:04:50.647+0000] {dag.py:3954} INFO - Setting next_dagrun for example_python_operator to None, run_after=None
[2025-11-17T16:04:50.668+0000] {processor.py:183} INFO - Processing /usr/local/python/3.12.1/lib/python3.12/site-packages/airflow/example_dags/example_python_operator.py took 0.060 seconds
[2025-11-17T16:06:21.653+0000] {processor.py:161} INFO - Started process (PID=45075) to work on /usr/local/python/3.12.1/lib/python3.12/site-packages/airflow/example_dags/example_python_operator.py
[2025-11-17T16:06:21.653+0000] {processor.py:830} INFO - Processing file /usr/local/python/3.12.1/lib/python3.12/site-packages/airflow/example_dags/example_python_operator.py for tasks to queue
[2025-11-17T16:06:21.654+0000] {logging_mixin.py:188} INFO - [2025-11-17T16:06:21.654+0000] {dagbag.py:545} INFO - Filling up the DagBag from /usr/local/python/3.12.1/lib/python3.12/site-packages/airflow/example_dags/example_python_operator.py
[2025-11-17T16:06:21.662+0000] {processor.py:840} INFO - DAG(s) 'example_python_operator' retrieved from /usr/local/python/3.12.1/lib/python3.12/site-packages/airflow/example_dags/example_python_operator.py
[2025-11-17T16:06:21.739+0000] {logging_mixin.py:188} INFO - [2025-11-17T16:06:21.739+0000] {dag.py:3096} INFO - Sync 1 DAGs
[2025-11-17T16:06:21.746+0000] {logging_mixin.py:188} INFO - [2025-11-17T16:06:21.746+0000] {dag.py:3954} INFO - Setting next_dagrun for example_python_operator to None, run_after=None
[2025-11-17T16:06:21.761+0000] {processor.py:183} INFO - Processing /usr/local/python/3.12.1/lib/python3.12/site-packages/airflow/example_dags/example_python_operator.py took 0.113 seconds
[2025-11-17T16:07:12.687+0000] {processor.py:161} INFO - Started process (PID=46492) to work on /usr/local/python/3.12.1/lib/python3.12/site-packages/airflow/example_dags/example_python_operator.py
[2025-11-17T16:07:12.688+0000] {processor.py:830} INFO - Processing file /usr/local/python/3.12.1/lib/python3.12/site-packages/airflow/example_dags/example_python_operator.py for tasks to queue
[2025-11-17T16:07:12.689+0000] {logging_mixin.py:188} INFO - [2025-11-17T16:07:12.689+0000] {dagbag.py:545} INFO - Filling up the DagBag from /usr/local/python/3.12.1/lib/python3.12/site-packages/airflow/example_dags/example_python_operator.py
[2025-11-17T16:07:12.698+0000] {processor.py:840} INFO - DAG(s) 'example_python_operator' retrieved from /usr/local/python/3.12.1/lib/python3.12/site-packages/airflow/example_dags/example_python_operator.py
[2025-11-17T16:07:12.711+0000] {logging_mixin.py:188} INFO - [2025-11-17T16:07:12.710+0000] {dag.py:3096} INFO - Sync 1 DAGs
[2025-11-17T16:07:12.719+0000] {logging_mixin.py:188} INFO - [2025-11-17T16:07:12.719+0000] {dag.py:3954} INFO - Setting next_dagrun for example_python_operator to None, run_after=None
[2025-11-17T16:07:12.734+0000] {processor.py:183} INFO - Processing /usr/local/python/3.12.1/lib/python3.12/site-packages/airflow/example_dags/example_python_operator.py took 0.051 seconds
[2025-11-17T16:08:01.448+0000] {processor.py:161} INFO - Started process (PID=47185) to work on /usr/local/python/3.12.1/lib/python3.12/site-packages/airflow/example_dags/example_python_operator.py
[2025-11-17T16:08:01.448+0000] {processor.py:830} INFO - Processing file /usr/local/python/3.12.1/lib/python3.12/site-packages/airflow/example_dags/example_python_operator.py for tasks to queue
[2025-11-17T16:08:01.450+0000] {logging_mixin.py:188} INFO - [2025-11-17T16:08:01.449+0000] {dagbag.py:545} INFO - Filling up the DagBag from /usr/local/python/3.12.1/lib/python3.12/site-packages/airflow/example_dags/example_python_operator.py
[2025-11-17T16:08:01.458+0000] {processor.py:840} INFO - DAG(s) 'example_python_operator' retrieved from /usr/local/python/3.12.1/lib/python3.12/site-packages/airflow/example_dags/example_python_operator.py
[2025-11-17T16:08:01.471+0000] {logging_mixin.py:188} INFO - [2025-11-17T16:08:01.471+0000] {dag.py:3096} INFO - Sync 1 DAGs
[2025-11-17T16:08:01.479+0000] {logging_mixin.py:188} INFO - [2025-11-17T16:08:01.479+0000] {dag.py:3954} INFO - Setting next_dagrun for example_python_operator to None, run_after=None
[2025-11-17T16:08:01.496+0000] {processor.py:183} INFO - Processing /usr/local/python/3.12.1/lib/python3.12/site-packages/airflow/example_dags/example_python_operator.py took 0.052 seconds
[2025-11-17T16:08:58.722+0000] {processor.py:161} INFO - Started process (PID=47981) to work on /usr/local/python/3.12.1/lib/python3.12/site-packages/airflow/example_dags/example_python_operator.py
[2025-11-17T16:08:58.725+0000] {processor.py:830} INFO - Processing file /usr/local/python/3.12.1/lib/python3.12/site-packages/airflow/example_dags/example_python_operator.py for tasks to queue
[2025-11-17T16:08:58.729+0000] {logging_mixin.py:188} INFO - [2025-11-17T16:08:58.729+0000] {dagbag.py:545} INFO - Filling up the DagBag from /usr/local/python/3.12.1/lib/python3.12/site-packages/airflow/example_dags/example_python_operator.py
[2025-11-17T16:08:58.747+0000] {processor.py:840} INFO - DAG(s) 'example_python_operator' retrieved from /usr/local/python/3.12.1/lib/python3.12/site-packages/airflow/example_dags/example_python_operator.py
[2025-11-17T16:08:58.767+0000] {logging_mixin.py:188} INFO - [2025-11-17T16:08:58.766+0000] {dag.py:3096} INFO - Sync 1 DAGs
[2025-11-17T16:08:58.775+0000] {logging_mixin.py:188} INFO - [2025-11-17T16:08:58.775+0000] {dag.py:3954} INFO - Setting next_dagrun for example_python_operator to None, run_after=None
[2025-11-17T16:08:58.791+0000] {processor.py:183} INFO - Processing /usr/local/python/3.12.1/lib/python3.12/site-packages/airflow/example_dags/example_python_operator.py took 0.076 seconds
[2025-11-17T16:09:59.086+0000] {processor.py:161} INFO - Started process (PID=49022) to work on /usr/local/python/3.12.1/lib/python3.12/site-packages/airflow/example_dags/example_python_operator.py
[2025-11-17T16:09:59.087+0000] {processor.py:830} INFO - Processing file /usr/local/python/3.12.1/lib/python3.12/site-packages/airflow/example_dags/example_python_operator.py for tasks to queue
[2025-11-17T16:09:59.089+0000] {logging_mixin.py:188} INFO - [2025-11-17T16:09:59.089+0000] {dagbag.py:545} INFO - Filling up the DagBag from /usr/local/python/3.12.1/lib/python3.12/site-packages/airflow/example_dags/example_python_operator.py
[2025-11-17T16:09:59.102+0000] {processor.py:840} INFO - DAG(s) 'example_python_operator' retrieved from /usr/local/python/3.12.1/lib/python3.12/site-packages/airflow/example_dags/example_python_operator.py
[2025-11-17T16:09:59.115+0000] {logging_mixin.py:188} INFO - [2025-11-17T16:09:59.115+0000] {dag.py:3096} INFO - Sync 1 DAGs
[2025-11-17T16:09:59.123+0000] {logging_mixin.py:188} INFO - [2025-11-17T16:09:59.123+0000] {dag.py:3954} INFO - Setting next_dagrun for example_python_operator to None, run_after=None
[2025-11-17T16:09:59.139+0000] {processor.py:183} INFO - Processing /usr/local/python/3.12.1/lib/python3.12/site-packages/airflow/example_dags/example_python_operator.py took 0.059 seconds
