[2025-11-17T15:42:15.698+0000] {processor.py:161} INFO - Started process (PID=27816) to work on /usr/local/python/3.12.1/lib/python3.12/site-packages/airflow/example_dags/example_sla_dag.py
[2025-11-17T15:42:15.699+0000] {processor.py:830} INFO - Processing file /usr/local/python/3.12.1/lib/python3.12/site-packages/airflow/example_dags/example_sla_dag.py for tasks to queue
[2025-11-17T15:42:15.700+0000] {logging_mixin.py:188} INFO - [2025-11-17T15:42:15.699+0000] {dagbag.py:545} INFO - Filling up the DagBag from /usr/local/python/3.12.1/lib/python3.12/site-packages/airflow/example_dags/example_sla_dag.py
[2025-11-17T15:42:15.707+0000] {processor.py:840} INFO - DAG(s) 'example_sla_dag' retrieved from /usr/local/python/3.12.1/lib/python3.12/site-packages/airflow/example_dags/example_sla_dag.py
[2025-11-17T15:42:15.793+0000] {logging_mixin.py:188} INFO - [2025-11-17T15:42:15.793+0000] {override.py:1829} INFO - Created Permission View: can read on DAG:example_sla_dag
[2025-11-17T15:42:15.802+0000] {logging_mixin.py:188} INFO - [2025-11-17T15:42:15.802+0000] {override.py:1829} INFO - Created Permission View: can edit on DAG:example_sla_dag
[2025-11-17T15:42:15.808+0000] {logging_mixin.py:188} INFO - [2025-11-17T15:42:15.808+0000] {override.py:1829} INFO - Created Permission View: can delete on DAG:example_sla_dag
[2025-11-17T15:42:15.808+0000] {logging_mixin.py:188} INFO - [2025-11-17T15:42:15.808+0000] {dag.py:3096} INFO - Sync 1 DAGs
[2025-11-17T15:42:15.816+0000] {logging_mixin.py:188} INFO - [2025-11-17T15:42:15.815+0000] {dag.py:3118} INFO - Creating ORM DAG for example_sla_dag
[2025-11-17T15:42:15.823+0000] {logging_mixin.py:188} INFO - [2025-11-17T15:42:15.823+0000] {dag.py:3954} INFO - Setting next_dagrun for example_sla_dag to 2025-11-17 15:40:00+00:00, run_after=2025-11-17 15:42:00+00:00
[2025-11-17T15:42:15.838+0000] {processor.py:183} INFO - Processing /usr/local/python/3.12.1/lib/python3.12/site-packages/airflow/example_dags/example_sla_dag.py took 0.144 seconds
[2025-11-17T15:43:10.974+0000] {processor.py:161} INFO - Started process (PID=28633) to work on /usr/local/python/3.12.1/lib/python3.12/site-packages/airflow/example_dags/example_sla_dag.py
[2025-11-17T15:43:10.974+0000] {processor.py:830} INFO - Processing file /usr/local/python/3.12.1/lib/python3.12/site-packages/airflow/example_dags/example_sla_dag.py for tasks to queue
[2025-11-17T15:43:10.976+0000] {logging_mixin.py:188} INFO - [2025-11-17T15:43:10.975+0000] {dagbag.py:545} INFO - Filling up the DagBag from /usr/local/python/3.12.1/lib/python3.12/site-packages/airflow/example_dags/example_sla_dag.py
[2025-11-17T15:43:10.982+0000] {processor.py:840} INFO - DAG(s) 'example_sla_dag' retrieved from /usr/local/python/3.12.1/lib/python3.12/site-packages/airflow/example_dags/example_sla_dag.py
[2025-11-17T15:43:10.992+0000] {logging_mixin.py:188} INFO - [2025-11-17T15:43:10.992+0000] {dag.py:3096} INFO - Sync 1 DAGs
[2025-11-17T15:43:11.008+0000] {logging_mixin.py:188} INFO - [2025-11-17T15:43:11.008+0000] {dag.py:3954} INFO - Setting next_dagrun for example_sla_dag to 2025-11-17 15:40:00+00:00, run_after=2025-11-17 15:42:00+00:00
[2025-11-17T15:43:11.023+0000] {processor.py:183} INFO - Processing /usr/local/python/3.12.1/lib/python3.12/site-packages/airflow/example_dags/example_sla_dag.py took 0.053 seconds
[2025-11-17T15:43:58.683+0000] {processor.py:161} INFO - Started process (PID=29493) to work on /usr/local/python/3.12.1/lib/python3.12/site-packages/airflow/example_dags/example_sla_dag.py
[2025-11-17T15:43:58.684+0000] {processor.py:830} INFO - Processing file /usr/local/python/3.12.1/lib/python3.12/site-packages/airflow/example_dags/example_sla_dag.py for tasks to queue
[2025-11-17T15:43:58.685+0000] {logging_mixin.py:188} INFO - [2025-11-17T15:43:58.685+0000] {dagbag.py:545} INFO - Filling up the DagBag from /usr/local/python/3.12.1/lib/python3.12/site-packages/airflow/example_dags/example_sla_dag.py
[2025-11-17T15:43:58.691+0000] {processor.py:840} INFO - DAG(s) 'example_sla_dag' retrieved from /usr/local/python/3.12.1/lib/python3.12/site-packages/airflow/example_dags/example_sla_dag.py
[2025-11-17T15:43:58.702+0000] {logging_mixin.py:188} INFO - [2025-11-17T15:43:58.702+0000] {dag.py:3096} INFO - Sync 1 DAGs
[2025-11-17T15:43:58.718+0000] {logging_mixin.py:188} INFO - [2025-11-17T15:43:58.718+0000] {dag.py:3954} INFO - Setting next_dagrun for example_sla_dag to 2025-11-17 15:40:00+00:00, run_after=2025-11-17 15:42:00+00:00
[2025-11-17T15:43:58.738+0000] {processor.py:183} INFO - Processing /usr/local/python/3.12.1/lib/python3.12/site-packages/airflow/example_dags/example_sla_dag.py took 0.059 seconds
[2025-11-17T15:44:44.701+0000] {processor.py:161} INFO - Started process (PID=29940) to work on /usr/local/python/3.12.1/lib/python3.12/site-packages/airflow/example_dags/example_sla_dag.py
[2025-11-17T15:44:44.701+0000] {processor.py:830} INFO - Processing file /usr/local/python/3.12.1/lib/python3.12/site-packages/airflow/example_dags/example_sla_dag.py for tasks to queue
[2025-11-17T15:44:44.703+0000] {logging_mixin.py:188} INFO - [2025-11-17T15:44:44.702+0000] {dagbag.py:545} INFO - Filling up the DagBag from /usr/local/python/3.12.1/lib/python3.12/site-packages/airflow/example_dags/example_sla_dag.py
[2025-11-17T15:44:44.709+0000] {processor.py:840} INFO - DAG(s) 'example_sla_dag' retrieved from /usr/local/python/3.12.1/lib/python3.12/site-packages/airflow/example_dags/example_sla_dag.py
[2025-11-17T15:44:44.719+0000] {logging_mixin.py:188} INFO - [2025-11-17T15:44:44.719+0000] {dag.py:3096} INFO - Sync 1 DAGs
[2025-11-17T15:44:44.735+0000] {logging_mixin.py:188} INFO - [2025-11-17T15:44:44.734+0000] {dag.py:3954} INFO - Setting next_dagrun for example_sla_dag to 2025-11-17 15:42:00+00:00, run_after=2025-11-17 15:44:00+00:00
[2025-11-17T15:44:44.755+0000] {processor.py:183} INFO - Processing /usr/local/python/3.12.1/lib/python3.12/site-packages/airflow/example_dags/example_sla_dag.py took 0.058 seconds
[2025-11-17T15:45:25.116+0000] {processor.py:161} INFO - Started process (PID=30787) to work on /usr/local/python/3.12.1/lib/python3.12/site-packages/airflow/example_dags/example_sla_dag.py
[2025-11-17T15:45:25.117+0000] {processor.py:830} INFO - Processing file /usr/local/python/3.12.1/lib/python3.12/site-packages/airflow/example_dags/example_sla_dag.py for tasks to queue
[2025-11-17T15:45:25.118+0000] {logging_mixin.py:188} INFO - [2025-11-17T15:45:25.118+0000] {dagbag.py:545} INFO - Filling up the DagBag from /usr/local/python/3.12.1/lib/python3.12/site-packages/airflow/example_dags/example_sla_dag.py
[2025-11-17T15:45:25.124+0000] {processor.py:840} INFO - DAG(s) 'example_sla_dag' retrieved from /usr/local/python/3.12.1/lib/python3.12/site-packages/airflow/example_dags/example_sla_dag.py
[2025-11-17T15:45:25.134+0000] {logging_mixin.py:188} INFO - [2025-11-17T15:45:25.134+0000] {dag.py:3096} INFO - Sync 1 DAGs
[2025-11-17T15:45:25.150+0000] {logging_mixin.py:188} INFO - [2025-11-17T15:45:25.150+0000] {dag.py:3954} INFO - Setting next_dagrun for example_sla_dag to 2025-11-17 15:42:00+00:00, run_after=2025-11-17 15:44:00+00:00
[2025-11-17T15:45:25.165+0000] {processor.py:183} INFO - Processing /usr/local/python/3.12.1/lib/python3.12/site-packages/airflow/example_dags/example_sla_dag.py took 0.053 seconds
[2025-11-17T16:00:53.349+0000] {processor.py:161} INFO - Started process (PID=40763) to work on /usr/local/python/3.12.1/lib/python3.12/site-packages/airflow/example_dags/example_sla_dag.py
[2025-11-17T16:00:53.350+0000] {processor.py:830} INFO - Processing file /usr/local/python/3.12.1/lib/python3.12/site-packages/airflow/example_dags/example_sla_dag.py for tasks to queue
[2025-11-17T16:00:53.351+0000] {logging_mixin.py:188} INFO - [2025-11-17T16:00:53.351+0000] {dagbag.py:545} INFO - Filling up the DagBag from /usr/local/python/3.12.1/lib/python3.12/site-packages/airflow/example_dags/example_sla_dag.py
[2025-11-17T16:00:53.361+0000] {processor.py:840} INFO - DAG(s) 'example_sla_dag' retrieved from /usr/local/python/3.12.1/lib/python3.12/site-packages/airflow/example_dags/example_sla_dag.py
[2025-11-17T16:00:53.384+0000] {logging_mixin.py:188} INFO - [2025-11-17T16:00:53.384+0000] {dag.py:3096} INFO - Sync 1 DAGs
[2025-11-17T16:00:53.408+0000] {logging_mixin.py:188} INFO - [2025-11-17T16:00:53.408+0000] {dag.py:3954} INFO - Setting next_dagrun for example_sla_dag to 2025-11-17 15:58:00+00:00, run_after=2025-11-17 16:00:00+00:00
[2025-11-17T16:00:53.430+0000] {processor.py:183} INFO - Processing /usr/local/python/3.12.1/lib/python3.12/site-packages/airflow/example_dags/example_sla_dag.py took 0.085 seconds
[2025-11-17T16:01:42.582+0000] {processor.py:161} INFO - Started process (PID=41448) to work on /usr/local/python/3.12.1/lib/python3.12/site-packages/airflow/example_dags/example_sla_dag.py
[2025-11-17T16:01:42.583+0000] {processor.py:830} INFO - Processing file /usr/local/python/3.12.1/lib/python3.12/site-packages/airflow/example_dags/example_sla_dag.py for tasks to queue
[2025-11-17T16:01:42.585+0000] {logging_mixin.py:188} INFO - [2025-11-17T16:01:42.585+0000] {dagbag.py:545} INFO - Filling up the DagBag from /usr/local/python/3.12.1/lib/python3.12/site-packages/airflow/example_dags/example_sla_dag.py
[2025-11-17T16:01:42.594+0000] {processor.py:840} INFO - DAG(s) 'example_sla_dag' retrieved from /usr/local/python/3.12.1/lib/python3.12/site-packages/airflow/example_dags/example_sla_dag.py
[2025-11-17T16:01:42.608+0000] {logging_mixin.py:188} INFO - [2025-11-17T16:01:42.608+0000] {dag.py:3096} INFO - Sync 1 DAGs
[2025-11-17T16:01:42.628+0000] {logging_mixin.py:188} INFO - [2025-11-17T16:01:42.628+0000] {dag.py:3954} INFO - Setting next_dagrun for example_sla_dag to 2025-11-17 15:58:00+00:00, run_after=2025-11-17 16:00:00+00:00
[2025-11-17T16:01:42.646+0000] {processor.py:183} INFO - Processing /usr/local/python/3.12.1/lib/python3.12/site-packages/airflow/example_dags/example_sla_dag.py took 0.069 seconds
[2025-11-17T16:02:33.731+0000] {processor.py:161} INFO - Started process (PID=42097) to work on /usr/local/python/3.12.1/lib/python3.12/site-packages/airflow/example_dags/example_sla_dag.py
[2025-11-17T16:02:33.732+0000] {processor.py:830} INFO - Processing file /usr/local/python/3.12.1/lib/python3.12/site-packages/airflow/example_dags/example_sla_dag.py for tasks to queue
[2025-11-17T16:02:33.733+0000] {logging_mixin.py:188} INFO - [2025-11-17T16:02:33.733+0000] {dagbag.py:545} INFO - Filling up the DagBag from /usr/local/python/3.12.1/lib/python3.12/site-packages/airflow/example_dags/example_sla_dag.py
[2025-11-17T16:02:33.740+0000] {processor.py:840} INFO - DAG(s) 'example_sla_dag' retrieved from /usr/local/python/3.12.1/lib/python3.12/site-packages/airflow/example_dags/example_sla_dag.py
[2025-11-17T16:02:33.750+0000] {logging_mixin.py:188} INFO - [2025-11-17T16:02:33.750+0000] {dag.py:3096} INFO - Sync 1 DAGs
[2025-11-17T16:02:33.765+0000] {logging_mixin.py:188} INFO - [2025-11-17T16:02:33.765+0000] {dag.py:3954} INFO - Setting next_dagrun for example_sla_dag to 2025-11-17 16:00:00+00:00, run_after=2025-11-17 16:02:00+00:00
[2025-11-17T16:02:33.783+0000] {processor.py:183} INFO - Processing /usr/local/python/3.12.1/lib/python3.12/site-packages/airflow/example_dags/example_sla_dag.py took 0.056 seconds
[2025-11-17T16:03:16.717+0000] {processor.py:161} INFO - Started process (PID=42652) to work on /usr/local/python/3.12.1/lib/python3.12/site-packages/airflow/example_dags/example_sla_dag.py
[2025-11-17T16:03:16.717+0000] {processor.py:830} INFO - Processing file /usr/local/python/3.12.1/lib/python3.12/site-packages/airflow/example_dags/example_sla_dag.py for tasks to queue
[2025-11-17T16:03:16.719+0000] {logging_mixin.py:188} INFO - [2025-11-17T16:03:16.718+0000] {dagbag.py:545} INFO - Filling up the DagBag from /usr/local/python/3.12.1/lib/python3.12/site-packages/airflow/example_dags/example_sla_dag.py
[2025-11-17T16:03:16.724+0000] {processor.py:840} INFO - DAG(s) 'example_sla_dag' retrieved from /usr/local/python/3.12.1/lib/python3.12/site-packages/airflow/example_dags/example_sla_dag.py
[2025-11-17T16:03:16.735+0000] {logging_mixin.py:188} INFO - [2025-11-17T16:03:16.735+0000] {dag.py:3096} INFO - Sync 1 DAGs
[2025-11-17T16:03:16.751+0000] {logging_mixin.py:188} INFO - [2025-11-17T16:03:16.750+0000] {dag.py:3954} INFO - Setting next_dagrun for example_sla_dag to 2025-11-17 16:00:00+00:00, run_after=2025-11-17 16:02:00+00:00
[2025-11-17T16:03:16.766+0000] {processor.py:183} INFO - Processing /usr/local/python/3.12.1/lib/python3.12/site-packages/airflow/example_dags/example_sla_dag.py took 0.053 seconds
[2025-11-17T16:03:57.677+0000] {processor.py:161} INFO - Started process (PID=43190) to work on /usr/local/python/3.12.1/lib/python3.12/site-packages/airflow/example_dags/example_sla_dag.py
[2025-11-17T16:03:57.677+0000] {processor.py:830} INFO - Processing file /usr/local/python/3.12.1/lib/python3.12/site-packages/airflow/example_dags/example_sla_dag.py for tasks to queue
[2025-11-17T16:03:57.679+0000] {logging_mixin.py:188} INFO - [2025-11-17T16:03:57.678+0000] {dagbag.py:545} INFO - Filling up the DagBag from /usr/local/python/3.12.1/lib/python3.12/site-packages/airflow/example_dags/example_sla_dag.py
[2025-11-17T16:03:57.685+0000] {processor.py:840} INFO - DAG(s) 'example_sla_dag' retrieved from /usr/local/python/3.12.1/lib/python3.12/site-packages/airflow/example_dags/example_sla_dag.py
[2025-11-17T16:03:57.696+0000] {logging_mixin.py:188} INFO - [2025-11-17T16:03:57.696+0000] {dag.py:3096} INFO - Sync 1 DAGs
[2025-11-17T16:03:57.713+0000] {logging_mixin.py:188} INFO - [2025-11-17T16:03:57.713+0000] {dag.py:3954} INFO - Setting next_dagrun for example_sla_dag to 2025-11-17 16:00:00+00:00, run_after=2025-11-17 16:02:00+00:00
[2025-11-17T16:03:57.738+0000] {processor.py:183} INFO - Processing /usr/local/python/3.12.1/lib/python3.12/site-packages/airflow/example_dags/example_sla_dag.py took 0.065 seconds
[2025-11-17T16:04:39.224+0000] {processor.py:161} INFO - Started process (PID=43721) to work on /usr/local/python/3.12.1/lib/python3.12/site-packages/airflow/example_dags/example_sla_dag.py
[2025-11-17T16:04:39.227+0000] {processor.py:830} INFO - Processing file /usr/local/python/3.12.1/lib/python3.12/site-packages/airflow/example_dags/example_sla_dag.py for tasks to queue
[2025-11-17T16:04:39.231+0000] {logging_mixin.py:188} INFO - [2025-11-17T16:04:39.230+0000] {dagbag.py:545} INFO - Filling up the DagBag from /usr/local/python/3.12.1/lib/python3.12/site-packages/airflow/example_dags/example_sla_dag.py
[2025-11-17T16:04:39.241+0000] {processor.py:840} INFO - DAG(s) 'example_sla_dag' retrieved from /usr/local/python/3.12.1/lib/python3.12/site-packages/airflow/example_dags/example_sla_dag.py
[2025-11-17T16:04:39.268+0000] {logging_mixin.py:188} INFO - [2025-11-17T16:04:39.268+0000] {dag.py:3096} INFO - Sync 1 DAGs
[2025-11-17T16:04:39.313+0000] {logging_mixin.py:188} INFO - [2025-11-17T16:04:39.312+0000] {dag.py:3954} INFO - Setting next_dagrun for example_sla_dag to 2025-11-17 16:02:00+00:00, run_after=2025-11-17 16:04:00+00:00
[2025-11-17T16:04:39.380+0000] {processor.py:183} INFO - Processing /usr/local/python/3.12.1/lib/python3.12/site-packages/airflow/example_dags/example_sla_dag.py took 0.165 seconds
[2025-11-17T16:06:08.070+0000] {processor.py:161} INFO - Started process (PID=44894) to work on /usr/local/python/3.12.1/lib/python3.12/site-packages/airflow/example_dags/example_sla_dag.py
[2025-11-17T16:06:08.071+0000] {processor.py:830} INFO - Processing file /usr/local/python/3.12.1/lib/python3.12/site-packages/airflow/example_dags/example_sla_dag.py for tasks to queue
[2025-11-17T16:06:08.072+0000] {logging_mixin.py:188} INFO - [2025-11-17T16:06:08.072+0000] {dagbag.py:545} INFO - Filling up the DagBag from /usr/local/python/3.12.1/lib/python3.12/site-packages/airflow/example_dags/example_sla_dag.py
[2025-11-17T16:06:08.080+0000] {processor.py:840} INFO - DAG(s) 'example_sla_dag' retrieved from /usr/local/python/3.12.1/lib/python3.12/site-packages/airflow/example_dags/example_sla_dag.py
[2025-11-17T16:06:08.096+0000] {logging_mixin.py:188} INFO - [2025-11-17T16:06:08.096+0000] {dag.py:3096} INFO - Sync 1 DAGs
[2025-11-17T16:06:08.111+0000] {logging_mixin.py:188} INFO - [2025-11-17T16:06:08.111+0000] {dag.py:3954} INFO - Setting next_dagrun for example_sla_dag to 2025-11-17 16:04:00+00:00, run_after=2025-11-17 16:06:00+00:00
[2025-11-17T16:06:08.126+0000] {processor.py:183} INFO - Processing /usr/local/python/3.12.1/lib/python3.12/site-packages/airflow/example_dags/example_sla_dag.py took 0.060 seconds
[2025-11-17T16:07:00.356+0000] {processor.py:161} INFO - Started process (PID=46308) to work on /usr/local/python/3.12.1/lib/python3.12/site-packages/airflow/example_dags/example_sla_dag.py
[2025-11-17T16:07:00.356+0000] {processor.py:830} INFO - Processing file /usr/local/python/3.12.1/lib/python3.12/site-packages/airflow/example_dags/example_sla_dag.py for tasks to queue
[2025-11-17T16:07:00.358+0000] {logging_mixin.py:188} INFO - [2025-11-17T16:07:00.358+0000] {dagbag.py:545} INFO - Filling up the DagBag from /usr/local/python/3.12.1/lib/python3.12/site-packages/airflow/example_dags/example_sla_dag.py
[2025-11-17T16:07:00.364+0000] {processor.py:840} INFO - DAG(s) 'example_sla_dag' retrieved from /usr/local/python/3.12.1/lib/python3.12/site-packages/airflow/example_dags/example_sla_dag.py
[2025-11-17T16:07:00.374+0000] {logging_mixin.py:188} INFO - [2025-11-17T16:07:00.374+0000] {dag.py:3096} INFO - Sync 1 DAGs
[2025-11-17T16:07:00.390+0000] {logging_mixin.py:188} INFO - [2025-11-17T16:07:00.390+0000] {dag.py:3954} INFO - Setting next_dagrun for example_sla_dag to 2025-11-17 16:04:00+00:00, run_after=2025-11-17 16:06:00+00:00
[2025-11-17T16:07:00.405+0000] {processor.py:183} INFO - Processing /usr/local/python/3.12.1/lib/python3.12/site-packages/airflow/example_dags/example_sla_dag.py took 0.053 seconds
[2025-11-17T16:07:50.071+0000] {processor.py:161} INFO - Started process (PID=47022) to work on /usr/local/python/3.12.1/lib/python3.12/site-packages/airflow/example_dags/example_sla_dag.py
[2025-11-17T16:07:50.072+0000] {processor.py:830} INFO - Processing file /usr/local/python/3.12.1/lib/python3.12/site-packages/airflow/example_dags/example_sla_dag.py for tasks to queue
[2025-11-17T16:07:50.073+0000] {logging_mixin.py:188} INFO - [2025-11-17T16:07:50.073+0000] {dagbag.py:545} INFO - Filling up the DagBag from /usr/local/python/3.12.1/lib/python3.12/site-packages/airflow/example_dags/example_sla_dag.py
[2025-11-17T16:07:50.079+0000] {processor.py:840} INFO - DAG(s) 'example_sla_dag' retrieved from /usr/local/python/3.12.1/lib/python3.12/site-packages/airflow/example_dags/example_sla_dag.py
[2025-11-17T16:07:50.089+0000] {logging_mixin.py:188} INFO - [2025-11-17T16:07:50.089+0000] {dag.py:3096} INFO - Sync 1 DAGs
[2025-11-17T16:07:50.105+0000] {logging_mixin.py:188} INFO - [2025-11-17T16:07:50.104+0000] {dag.py:3954} INFO - Setting next_dagrun for example_sla_dag to 2025-11-17 16:04:00+00:00, run_after=2025-11-17 16:06:00+00:00
[2025-11-17T16:07:50.121+0000] {processor.py:183} INFO - Processing /usr/local/python/3.12.1/lib/python3.12/site-packages/airflow/example_dags/example_sla_dag.py took 0.053 seconds
[2025-11-17T16:08:32.434+0000] {processor.py:161} INFO - Started process (PID=47607) to work on /usr/local/python/3.12.1/lib/python3.12/site-packages/airflow/example_dags/example_sla_dag.py
[2025-11-17T16:08:32.434+0000] {processor.py:830} INFO - Processing file /usr/local/python/3.12.1/lib/python3.12/site-packages/airflow/example_dags/example_sla_dag.py for tasks to queue
[2025-11-17T16:08:32.436+0000] {logging_mixin.py:188} INFO - [2025-11-17T16:08:32.435+0000] {dagbag.py:545} INFO - Filling up the DagBag from /usr/local/python/3.12.1/lib/python3.12/site-packages/airflow/example_dags/example_sla_dag.py
[2025-11-17T16:08:32.443+0000] {processor.py:840} INFO - DAG(s) 'example_sla_dag' retrieved from /usr/local/python/3.12.1/lib/python3.12/site-packages/airflow/example_dags/example_sla_dag.py
[2025-11-17T16:08:32.454+0000] {logging_mixin.py:188} INFO - [2025-11-17T16:08:32.453+0000] {dag.py:3096} INFO - Sync 1 DAGs
[2025-11-17T16:08:32.469+0000] {logging_mixin.py:188} INFO - [2025-11-17T16:08:32.469+0000] {dag.py:3954} INFO - Setting next_dagrun for example_sla_dag to 2025-11-17 16:06:00+00:00, run_after=2025-11-17 16:08:00+00:00
[2025-11-17T16:08:32.484+0000] {processor.py:183} INFO - Processing /usr/local/python/3.12.1/lib/python3.12/site-packages/airflow/example_dags/example_sla_dag.py took 0.055 seconds
[2025-11-17T16:09:12.976+0000] {processor.py:161} INFO - Started process (PID=48176) to work on /usr/local/python/3.12.1/lib/python3.12/site-packages/airflow/example_dags/example_sla_dag.py
[2025-11-17T16:09:12.977+0000] {processor.py:830} INFO - Processing file /usr/local/python/3.12.1/lib/python3.12/site-packages/airflow/example_dags/example_sla_dag.py for tasks to queue
[2025-11-17T16:09:12.979+0000] {logging_mixin.py:188} INFO - [2025-11-17T16:09:12.979+0000] {dagbag.py:545} INFO - Filling up the DagBag from /usr/local/python/3.12.1/lib/python3.12/site-packages/airflow/example_dags/example_sla_dag.py
[2025-11-17T16:09:12.989+0000] {processor.py:840} INFO - DAG(s) 'example_sla_dag' retrieved from /usr/local/python/3.12.1/lib/python3.12/site-packages/airflow/example_dags/example_sla_dag.py
[2025-11-17T16:09:13.005+0000] {logging_mixin.py:188} INFO - [2025-11-17T16:09:13.005+0000] {dag.py:3096} INFO - Sync 1 DAGs
[2025-11-17T16:09:13.022+0000] {logging_mixin.py:188} INFO - [2025-11-17T16:09:13.022+0000] {dag.py:3954} INFO - Setting next_dagrun for example_sla_dag to 2025-11-17 16:06:00+00:00, run_after=2025-11-17 16:08:00+00:00
[2025-11-17T16:09:13.038+0000] {processor.py:183} INFO - Processing /usr/local/python/3.12.1/lib/python3.12/site-packages/airflow/example_dags/example_sla_dag.py took 0.069 seconds
[2025-11-17T16:09:54.068+0000] {processor.py:161} INFO - Started process (PID=48918) to work on /usr/local/python/3.12.1/lib/python3.12/site-packages/airflow/example_dags/example_sla_dag.py
[2025-11-17T16:09:54.069+0000] {processor.py:830} INFO - Processing file /usr/local/python/3.12.1/lib/python3.12/site-packages/airflow/example_dags/example_sla_dag.py for tasks to queue
[2025-11-17T16:09:54.070+0000] {logging_mixin.py:188} INFO - [2025-11-17T16:09:54.070+0000] {dagbag.py:545} INFO - Filling up the DagBag from /usr/local/python/3.12.1/lib/python3.12/site-packages/airflow/example_dags/example_sla_dag.py
[2025-11-17T16:09:54.076+0000] {processor.py:840} INFO - DAG(s) 'example_sla_dag' retrieved from /usr/local/python/3.12.1/lib/python3.12/site-packages/airflow/example_dags/example_sla_dag.py
[2025-11-17T16:09:54.087+0000] {logging_mixin.py:188} INFO - [2025-11-17T16:09:54.086+0000] {dag.py:3096} INFO - Sync 1 DAGs
[2025-11-17T16:09:54.104+0000] {logging_mixin.py:188} INFO - [2025-11-17T16:09:54.104+0000] {dag.py:3954} INFO - Setting next_dagrun for example_sla_dag to 2025-11-17 16:06:00+00:00, run_after=2025-11-17 16:08:00+00:00
[2025-11-17T16:09:54.127+0000] {processor.py:183} INFO - Processing /usr/local/python/3.12.1/lib/python3.12/site-packages/airflow/example_dags/example_sla_dag.py took 0.063 seconds
[2025-11-17T16:10:32.749+0000] {processor.py:161} INFO - Started process (PID=49328) to work on /usr/local/python/3.12.1/lib/python3.12/site-packages/airflow/example_dags/example_sla_dag.py
[2025-11-17T16:10:32.750+0000] {processor.py:830} INFO - Processing file /usr/local/python/3.12.1/lib/python3.12/site-packages/airflow/example_dags/example_sla_dag.py for tasks to queue
[2025-11-17T16:10:32.751+0000] {logging_mixin.py:188} INFO - [2025-11-17T16:10:32.751+0000] {dagbag.py:545} INFO - Filling up the DagBag from /usr/local/python/3.12.1/lib/python3.12/site-packages/airflow/example_dags/example_sla_dag.py
[2025-11-17T16:10:32.757+0000] {processor.py:840} INFO - DAG(s) 'example_sla_dag' retrieved from /usr/local/python/3.12.1/lib/python3.12/site-packages/airflow/example_dags/example_sla_dag.py
[2025-11-17T16:10:32.768+0000] {logging_mixin.py:188} INFO - [2025-11-17T16:10:32.768+0000] {dag.py:3096} INFO - Sync 1 DAGs
[2025-11-17T16:10:32.783+0000] {logging_mixin.py:188} INFO - [2025-11-17T16:10:32.783+0000] {dag.py:3954} INFO - Setting next_dagrun for example_sla_dag to 2025-11-17 16:08:00+00:00, run_after=2025-11-17 16:10:00+00:00
[2025-11-17T16:10:32.799+0000] {processor.py:183} INFO - Processing /usr/local/python/3.12.1/lib/python3.12/site-packages/airflow/example_dags/example_sla_dag.py took 0.054 seconds
