[2025-11-17T15:42:20.965+0000] {processor.py:161} INFO - Started process (PID=27861) to work on /usr/local/python/3.12.1/lib/python3.12/site-packages/airflow/example_dags/example_short_circuit_decorator.py
[2025-11-17T15:42:20.968+0000] {processor.py:830} INFO - Processing file /usr/local/python/3.12.1/lib/python3.12/site-packages/airflow/example_dags/example_short_circuit_decorator.py for tasks to queue
[2025-11-17T15:42:20.969+0000] {logging_mixin.py:188} INFO - [2025-11-17T15:42:20.969+0000] {dagbag.py:545} INFO - Filling up the DagBag from /usr/local/python/3.12.1/lib/python3.12/site-packages/airflow/example_dags/example_short_circuit_decorator.py
[2025-11-17T15:42:20.981+0000] {processor.py:840} INFO - DAG(s) 'example_short_circuit_decorator' retrieved from /usr/local/python/3.12.1/lib/python3.12/site-packages/airflow/example_dags/example_short_circuit_decorator.py
[2025-11-17T15:42:21.118+0000] {logging_mixin.py:188} INFO - [2025-11-17T15:42:21.118+0000] {override.py:1829} INFO - Created Permission View: can read on DAG:example_short_circuit_decorator
[2025-11-17T15:42:21.131+0000] {logging_mixin.py:188} INFO - [2025-11-17T15:42:21.130+0000] {override.py:1829} INFO - Created Permission View: can edit on DAG:example_short_circuit_decorator
[2025-11-17T15:42:21.139+0000] {logging_mixin.py:188} INFO - [2025-11-17T15:42:21.139+0000] {override.py:1829} INFO - Created Permission View: can delete on DAG:example_short_circuit_decorator
[2025-11-17T15:42:21.140+0000] {logging_mixin.py:188} INFO - [2025-11-17T15:42:21.139+0000] {dag.py:3096} INFO - Sync 1 DAGs
[2025-11-17T15:42:21.151+0000] {logging_mixin.py:188} INFO - [2025-11-17T15:42:21.151+0000] {dag.py:3118} INFO - Creating ORM DAG for example_short_circuit_decorator
[2025-11-17T15:42:21.160+0000] {logging_mixin.py:188} INFO - [2025-11-17T15:42:21.160+0000] {dag.py:3954} INFO - Setting next_dagrun for example_short_circuit_decorator to 2025-11-16 00:00:00+00:00, run_after=2025-11-17 00:00:00+00:00
[2025-11-17T15:42:21.183+0000] {processor.py:183} INFO - Processing /usr/local/python/3.12.1/lib/python3.12/site-packages/airflow/example_dags/example_short_circuit_decorator.py took 0.236 seconds
[2025-11-17T15:43:16.110+0000] {processor.py:161} INFO - Started process (PID=28684) to work on /usr/local/python/3.12.1/lib/python3.12/site-packages/airflow/example_dags/example_short_circuit_decorator.py
[2025-11-17T15:43:16.110+0000] {processor.py:830} INFO - Processing file /usr/local/python/3.12.1/lib/python3.12/site-packages/airflow/example_dags/example_short_circuit_decorator.py for tasks to queue
[2025-11-17T15:43:16.111+0000] {logging_mixin.py:188} INFO - [2025-11-17T15:43:16.111+0000] {dagbag.py:545} INFO - Filling up the DagBag from /usr/local/python/3.12.1/lib/python3.12/site-packages/airflow/example_dags/example_short_circuit_decorator.py
[2025-11-17T15:43:16.118+0000] {processor.py:840} INFO - DAG(s) 'example_short_circuit_decorator' retrieved from /usr/local/python/3.12.1/lib/python3.12/site-packages/airflow/example_dags/example_short_circuit_decorator.py
[2025-11-17T15:43:16.131+0000] {logging_mixin.py:188} INFO - [2025-11-17T15:43:16.131+0000] {dag.py:3096} INFO - Sync 1 DAGs
[2025-11-17T15:43:16.145+0000] {logging_mixin.py:188} INFO - [2025-11-17T15:43:16.145+0000] {dag.py:3954} INFO - Setting next_dagrun for example_short_circuit_decorator to 2025-11-16 00:00:00+00:00, run_after=2025-11-17 00:00:00+00:00
[2025-11-17T15:43:16.161+0000] {processor.py:183} INFO - Processing /usr/local/python/3.12.1/lib/python3.12/site-packages/airflow/example_dags/example_short_circuit_decorator.py took 0.055 seconds
[2025-11-17T15:44:03.605+0000] {processor.py:161} INFO - Started process (PID=29526) to work on /usr/local/python/3.12.1/lib/python3.12/site-packages/airflow/example_dags/example_short_circuit_decorator.py
[2025-11-17T15:44:03.606+0000] {processor.py:830} INFO - Processing file /usr/local/python/3.12.1/lib/python3.12/site-packages/airflow/example_dags/example_short_circuit_decorator.py for tasks to queue
[2025-11-17T15:44:03.607+0000] {logging_mixin.py:188} INFO - [2025-11-17T15:44:03.607+0000] {dagbag.py:545} INFO - Filling up the DagBag from /usr/local/python/3.12.1/lib/python3.12/site-packages/airflow/example_dags/example_short_circuit_decorator.py
[2025-11-17T15:44:03.613+0000] {processor.py:840} INFO - DAG(s) 'example_short_circuit_decorator' retrieved from /usr/local/python/3.12.1/lib/python3.12/site-packages/airflow/example_dags/example_short_circuit_decorator.py
[2025-11-17T15:44:03.626+0000] {logging_mixin.py:188} INFO - [2025-11-17T15:44:03.626+0000] {dag.py:3096} INFO - Sync 1 DAGs
[2025-11-17T15:44:03.640+0000] {logging_mixin.py:188} INFO - [2025-11-17T15:44:03.640+0000] {dag.py:3954} INFO - Setting next_dagrun for example_short_circuit_decorator to 2025-11-16 00:00:00+00:00, run_after=2025-11-17 00:00:00+00:00
[2025-11-17T15:44:03.656+0000] {processor.py:183} INFO - Processing /usr/local/python/3.12.1/lib/python3.12/site-packages/airflow/example_dags/example_short_circuit_decorator.py took 0.054 seconds
[2025-11-17T15:44:49.380+0000] {processor.py:161} INFO - Started process (PID=29982) to work on /usr/local/python/3.12.1/lib/python3.12/site-packages/airflow/example_dags/example_short_circuit_decorator.py
[2025-11-17T15:44:49.382+0000] {processor.py:830} INFO - Processing file /usr/local/python/3.12.1/lib/python3.12/site-packages/airflow/example_dags/example_short_circuit_decorator.py for tasks to queue
[2025-11-17T15:44:49.383+0000] {logging_mixin.py:188} INFO - [2025-11-17T15:44:49.383+0000] {dagbag.py:545} INFO - Filling up the DagBag from /usr/local/python/3.12.1/lib/python3.12/site-packages/airflow/example_dags/example_short_circuit_decorator.py
[2025-11-17T15:44:49.394+0000] {processor.py:840} INFO - DAG(s) 'example_short_circuit_decorator' retrieved from /usr/local/python/3.12.1/lib/python3.12/site-packages/airflow/example_dags/example_short_circuit_decorator.py
[2025-11-17T15:44:49.416+0000] {logging_mixin.py:188} INFO - [2025-11-17T15:44:49.415+0000] {dag.py:3096} INFO - Sync 1 DAGs
[2025-11-17T15:44:49.430+0000] {logging_mixin.py:188} INFO - [2025-11-17T15:44:49.430+0000] {dag.py:3954} INFO - Setting next_dagrun for example_short_circuit_decorator to 2025-11-16 00:00:00+00:00, run_after=2025-11-17 00:00:00+00:00
[2025-11-17T15:44:49.446+0000] {processor.py:183} INFO - Processing /usr/local/python/3.12.1/lib/python3.12/site-packages/airflow/example_dags/example_short_circuit_decorator.py took 0.071 seconds
[2025-11-17T16:00:57.356+0000] {processor.py:161} INFO - Started process (PID=40841) to work on /usr/local/python/3.12.1/lib/python3.12/site-packages/airflow/example_dags/example_short_circuit_decorator.py
[2025-11-17T16:00:57.357+0000] {processor.py:830} INFO - Processing file /usr/local/python/3.12.1/lib/python3.12/site-packages/airflow/example_dags/example_short_circuit_decorator.py for tasks to queue
[2025-11-17T16:00:57.358+0000] {logging_mixin.py:188} INFO - [2025-11-17T16:00:57.358+0000] {dagbag.py:545} INFO - Filling up the DagBag from /usr/local/python/3.12.1/lib/python3.12/site-packages/airflow/example_dags/example_short_circuit_decorator.py
[2025-11-17T16:00:57.367+0000] {processor.py:840} INFO - DAG(s) 'example_short_circuit_decorator' retrieved from /usr/local/python/3.12.1/lib/python3.12/site-packages/airflow/example_dags/example_short_circuit_decorator.py
[2025-11-17T16:00:57.386+0000] {logging_mixin.py:188} INFO - [2025-11-17T16:00:57.386+0000] {dag.py:3096} INFO - Sync 1 DAGs
[2025-11-17T16:00:57.400+0000] {logging_mixin.py:188} INFO - [2025-11-17T16:00:57.400+0000] {dag.py:3954} INFO - Setting next_dagrun for example_short_circuit_decorator to 2025-11-16 00:00:00+00:00, run_after=2025-11-17 00:00:00+00:00
[2025-11-17T16:00:57.415+0000] {processor.py:183} INFO - Processing /usr/local/python/3.12.1/lib/python3.12/site-packages/airflow/example_dags/example_short_circuit_decorator.py took 0.064 seconds
[2025-11-17T16:01:47.716+0000] {processor.py:161} INFO - Started process (PID=41505) to work on /usr/local/python/3.12.1/lib/python3.12/site-packages/airflow/example_dags/example_short_circuit_decorator.py
[2025-11-17T16:01:47.717+0000] {processor.py:830} INFO - Processing file /usr/local/python/3.12.1/lib/python3.12/site-packages/airflow/example_dags/example_short_circuit_decorator.py for tasks to queue
[2025-11-17T16:01:47.718+0000] {logging_mixin.py:188} INFO - [2025-11-17T16:01:47.718+0000] {dagbag.py:545} INFO - Filling up the DagBag from /usr/local/python/3.12.1/lib/python3.12/site-packages/airflow/example_dags/example_short_circuit_decorator.py
[2025-11-17T16:01:47.728+0000] {processor.py:840} INFO - DAG(s) 'example_short_circuit_decorator' retrieved from /usr/local/python/3.12.1/lib/python3.12/site-packages/airflow/example_dags/example_short_circuit_decorator.py
[2025-11-17T16:01:47.743+0000] {logging_mixin.py:188} INFO - [2025-11-17T16:01:47.743+0000] {dag.py:3096} INFO - Sync 1 DAGs
[2025-11-17T16:01:47.758+0000] {logging_mixin.py:188} INFO - [2025-11-17T16:01:47.758+0000] {dag.py:3954} INFO - Setting next_dagrun for example_short_circuit_decorator to 2025-11-16 00:00:00+00:00, run_after=2025-11-17 00:00:00+00:00
[2025-11-17T16:01:47.774+0000] {processor.py:183} INFO - Processing /usr/local/python/3.12.1/lib/python3.12/site-packages/airflow/example_dags/example_short_circuit_decorator.py took 0.062 seconds
[2025-11-17T16:02:38.721+0000] {processor.py:161} INFO - Started process (PID=42184) to work on /usr/local/python/3.12.1/lib/python3.12/site-packages/airflow/example_dags/example_short_circuit_decorator.py
[2025-11-17T16:02:38.722+0000] {processor.py:830} INFO - Processing file /usr/local/python/3.12.1/lib/python3.12/site-packages/airflow/example_dags/example_short_circuit_decorator.py for tasks to queue
[2025-11-17T16:02:38.723+0000] {logging_mixin.py:188} INFO - [2025-11-17T16:02:38.723+0000] {dagbag.py:545} INFO - Filling up the DagBag from /usr/local/python/3.12.1/lib/python3.12/site-packages/airflow/example_dags/example_short_circuit_decorator.py
[2025-11-17T16:02:38.729+0000] {processor.py:840} INFO - DAG(s) 'example_short_circuit_decorator' retrieved from /usr/local/python/3.12.1/lib/python3.12/site-packages/airflow/example_dags/example_short_circuit_decorator.py
[2025-11-17T16:02:38.742+0000] {logging_mixin.py:188} INFO - [2025-11-17T16:02:38.742+0000] {dag.py:3096} INFO - Sync 1 DAGs
[2025-11-17T16:02:38.756+0000] {logging_mixin.py:188} INFO - [2025-11-17T16:02:38.756+0000] {dag.py:3954} INFO - Setting next_dagrun for example_short_circuit_decorator to 2025-11-16 00:00:00+00:00, run_after=2025-11-17 00:00:00+00:00
[2025-11-17T16:02:38.771+0000] {processor.py:183} INFO - Processing /usr/local/python/3.12.1/lib/python3.12/site-packages/airflow/example_dags/example_short_circuit_decorator.py took 0.054 seconds
[2025-11-17T16:03:20.716+0000] {processor.py:161} INFO - Started process (PID=42701) to work on /usr/local/python/3.12.1/lib/python3.12/site-packages/airflow/example_dags/example_short_circuit_decorator.py
[2025-11-17T16:03:20.717+0000] {processor.py:830} INFO - Processing file /usr/local/python/3.12.1/lib/python3.12/site-packages/airflow/example_dags/example_short_circuit_decorator.py for tasks to queue
[2025-11-17T16:03:20.718+0000] {logging_mixin.py:188} INFO - [2025-11-17T16:03:20.718+0000] {dagbag.py:545} INFO - Filling up the DagBag from /usr/local/python/3.12.1/lib/python3.12/site-packages/airflow/example_dags/example_short_circuit_decorator.py
[2025-11-17T16:03:20.725+0000] {processor.py:840} INFO - DAG(s) 'example_short_circuit_decorator' retrieved from /usr/local/python/3.12.1/lib/python3.12/site-packages/airflow/example_dags/example_short_circuit_decorator.py
[2025-11-17T16:03:20.738+0000] {logging_mixin.py:188} INFO - [2025-11-17T16:03:20.738+0000] {dag.py:3096} INFO - Sync 1 DAGs
[2025-11-17T16:03:20.752+0000] {logging_mixin.py:188} INFO - [2025-11-17T16:03:20.751+0000] {dag.py:3954} INFO - Setting next_dagrun for example_short_circuit_decorator to 2025-11-16 00:00:00+00:00, run_after=2025-11-17 00:00:00+00:00
[2025-11-17T16:03:20.767+0000] {processor.py:183} INFO - Processing /usr/local/python/3.12.1/lib/python3.12/site-packages/airflow/example_dags/example_short_circuit_decorator.py took 0.054 seconds
[2025-11-17T16:04:02.939+0000] {processor.py:161} INFO - Started process (PID=43259) to work on /usr/local/python/3.12.1/lib/python3.12/site-packages/airflow/example_dags/example_short_circuit_decorator.py
[2025-11-17T16:04:02.940+0000] {processor.py:830} INFO - Processing file /usr/local/python/3.12.1/lib/python3.12/site-packages/airflow/example_dags/example_short_circuit_decorator.py for tasks to queue
[2025-11-17T16:04:02.942+0000] {logging_mixin.py:188} INFO - [2025-11-17T16:04:02.941+0000] {dagbag.py:545} INFO - Filling up the DagBag from /usr/local/python/3.12.1/lib/python3.12/site-packages/airflow/example_dags/example_short_circuit_decorator.py
[2025-11-17T16:04:02.952+0000] {processor.py:840} INFO - DAG(s) 'example_short_circuit_decorator' retrieved from /usr/local/python/3.12.1/lib/python3.12/site-packages/airflow/example_dags/example_short_circuit_decorator.py
[2025-11-17T16:04:02.974+0000] {logging_mixin.py:188} INFO - [2025-11-17T16:04:02.974+0000] {dag.py:3096} INFO - Sync 1 DAGs
[2025-11-17T16:04:02.996+0000] {logging_mixin.py:188} INFO - [2025-11-17T16:04:02.996+0000] {dag.py:3954} INFO - Setting next_dagrun for example_short_circuit_decorator to 2025-11-16 00:00:00+00:00, run_after=2025-11-17 00:00:00+00:00
[2025-11-17T16:04:03.019+0000] {processor.py:183} INFO - Processing /usr/local/python/3.12.1/lib/python3.12/site-packages/airflow/example_dags/example_short_circuit_decorator.py took 0.086 seconds
[2025-11-17T16:04:44.649+0000] {processor.py:161} INFO - Started process (PID=43786) to work on /usr/local/python/3.12.1/lib/python3.12/site-packages/airflow/example_dags/example_short_circuit_decorator.py
[2025-11-17T16:04:44.649+0000] {processor.py:830} INFO - Processing file /usr/local/python/3.12.1/lib/python3.12/site-packages/airflow/example_dags/example_short_circuit_decorator.py for tasks to queue
[2025-11-17T16:04:44.650+0000] {logging_mixin.py:188} INFO - [2025-11-17T16:04:44.650+0000] {dagbag.py:545} INFO - Filling up the DagBag from /usr/local/python/3.12.1/lib/python3.12/site-packages/airflow/example_dags/example_short_circuit_decorator.py
[2025-11-17T16:04:44.657+0000] {processor.py:840} INFO - DAG(s) 'example_short_circuit_decorator' retrieved from /usr/local/python/3.12.1/lib/python3.12/site-packages/airflow/example_dags/example_short_circuit_decorator.py
[2025-11-17T16:04:44.670+0000] {logging_mixin.py:188} INFO - [2025-11-17T16:04:44.670+0000] {dag.py:3096} INFO - Sync 1 DAGs
[2025-11-17T16:04:44.684+0000] {logging_mixin.py:188} INFO - [2025-11-17T16:04:44.684+0000] {dag.py:3954} INFO - Setting next_dagrun for example_short_circuit_decorator to 2025-11-16 00:00:00+00:00, run_after=2025-11-17 00:00:00+00:00
[2025-11-17T16:04:44.700+0000] {processor.py:183} INFO - Processing /usr/local/python/3.12.1/lib/python3.12/site-packages/airflow/example_dags/example_short_circuit_decorator.py took 0.055 seconds
[2025-11-17T16:06:13.209+0000] {processor.py:161} INFO - Started process (PID=44982) to work on /usr/local/python/3.12.1/lib/python3.12/site-packages/airflow/example_dags/example_short_circuit_decorator.py
[2025-11-17T16:06:13.210+0000] {processor.py:830} INFO - Processing file /usr/local/python/3.12.1/lib/python3.12/site-packages/airflow/example_dags/example_short_circuit_decorator.py for tasks to queue
[2025-11-17T16:06:13.211+0000] {logging_mixin.py:188} INFO - [2025-11-17T16:06:13.211+0000] {dagbag.py:545} INFO - Filling up the DagBag from /usr/local/python/3.12.1/lib/python3.12/site-packages/airflow/example_dags/example_short_circuit_decorator.py
[2025-11-17T16:06:13.217+0000] {processor.py:840} INFO - DAG(s) 'example_short_circuit_decorator' retrieved from /usr/local/python/3.12.1/lib/python3.12/site-packages/airflow/example_dags/example_short_circuit_decorator.py
[2025-11-17T16:06:13.233+0000] {logging_mixin.py:188} INFO - [2025-11-17T16:06:13.233+0000] {dag.py:3096} INFO - Sync 1 DAGs
[2025-11-17T16:06:13.246+0000] {logging_mixin.py:188} INFO - [2025-11-17T16:06:13.246+0000] {dag.py:3954} INFO - Setting next_dagrun for example_short_circuit_decorator to 2025-11-16 00:00:00+00:00, run_after=2025-11-17 00:00:00+00:00
[2025-11-17T16:06:13.262+0000] {processor.py:183} INFO - Processing /usr/local/python/3.12.1/lib/python3.12/site-packages/airflow/example_dags/example_short_circuit_decorator.py took 0.056 seconds
[2025-11-17T16:07:05.493+0000] {processor.py:161} INFO - Started process (PID=46384) to work on /usr/local/python/3.12.1/lib/python3.12/site-packages/airflow/example_dags/example_short_circuit_decorator.py
[2025-11-17T16:07:05.493+0000] {processor.py:830} INFO - Processing file /usr/local/python/3.12.1/lib/python3.12/site-packages/airflow/example_dags/example_short_circuit_decorator.py for tasks to queue
[2025-11-17T16:07:05.495+0000] {logging_mixin.py:188} INFO - [2025-11-17T16:07:05.494+0000] {dagbag.py:545} INFO - Filling up the DagBag from /usr/local/python/3.12.1/lib/python3.12/site-packages/airflow/example_dags/example_short_circuit_decorator.py
[2025-11-17T16:07:05.501+0000] {processor.py:840} INFO - DAG(s) 'example_short_circuit_decorator' retrieved from /usr/local/python/3.12.1/lib/python3.12/site-packages/airflow/example_dags/example_short_circuit_decorator.py
[2025-11-17T16:07:05.514+0000] {logging_mixin.py:188} INFO - [2025-11-17T16:07:05.514+0000] {dag.py:3096} INFO - Sync 1 DAGs
[2025-11-17T16:07:05.528+0000] {logging_mixin.py:188} INFO - [2025-11-17T16:07:05.528+0000] {dag.py:3954} INFO - Setting next_dagrun for example_short_circuit_decorator to 2025-11-16 00:00:00+00:00, run_after=2025-11-17 00:00:00+00:00
[2025-11-17T16:07:05.543+0000] {processor.py:183} INFO - Processing /usr/local/python/3.12.1/lib/python3.12/site-packages/airflow/example_dags/example_short_circuit_decorator.py took 0.055 seconds
[2025-11-17T16:07:53.223+0000] {processor.py:161} INFO - Started process (PID=47079) to work on /usr/local/python/3.12.1/lib/python3.12/site-packages/airflow/example_dags/example_short_circuit_decorator.py
[2025-11-17T16:07:53.224+0000] {processor.py:830} INFO - Processing file /usr/local/python/3.12.1/lib/python3.12/site-packages/airflow/example_dags/example_short_circuit_decorator.py for tasks to queue
[2025-11-17T16:07:53.225+0000] {logging_mixin.py:188} INFO - [2025-11-17T16:07:53.225+0000] {dagbag.py:545} INFO - Filling up the DagBag from /usr/local/python/3.12.1/lib/python3.12/site-packages/airflow/example_dags/example_short_circuit_decorator.py
[2025-11-17T16:07:53.232+0000] {processor.py:840} INFO - DAG(s) 'example_short_circuit_decorator' retrieved from /usr/local/python/3.12.1/lib/python3.12/site-packages/airflow/example_dags/example_short_circuit_decorator.py
[2025-11-17T16:07:53.246+0000] {logging_mixin.py:188} INFO - [2025-11-17T16:07:53.246+0000] {dag.py:3096} INFO - Sync 1 DAGs
[2025-11-17T16:07:53.262+0000] {logging_mixin.py:188} INFO - [2025-11-17T16:07:53.262+0000] {dag.py:3954} INFO - Setting next_dagrun for example_short_circuit_decorator to 2025-11-16 00:00:00+00:00, run_after=2025-11-17 00:00:00+00:00
[2025-11-17T16:07:53.277+0000] {processor.py:183} INFO - Processing /usr/local/python/3.12.1/lib/python3.12/site-packages/airflow/example_dags/example_short_circuit_decorator.py took 0.059 seconds
[2025-11-17T16:08:37.179+0000] {processor.py:161} INFO - Started process (PID=47682) to work on /usr/local/python/3.12.1/lib/python3.12/site-packages/airflow/example_dags/example_short_circuit_decorator.py
[2025-11-17T16:08:37.179+0000] {processor.py:830} INFO - Processing file /usr/local/python/3.12.1/lib/python3.12/site-packages/airflow/example_dags/example_short_circuit_decorator.py for tasks to queue
[2025-11-17T16:08:37.181+0000] {logging_mixin.py:188} INFO - [2025-11-17T16:08:37.181+0000] {dagbag.py:545} INFO - Filling up the DagBag from /usr/local/python/3.12.1/lib/python3.12/site-packages/airflow/example_dags/example_short_circuit_decorator.py
[2025-11-17T16:08:37.190+0000] {processor.py:840} INFO - DAG(s) 'example_short_circuit_decorator' retrieved from /usr/local/python/3.12.1/lib/python3.12/site-packages/airflow/example_dags/example_short_circuit_decorator.py
[2025-11-17T16:08:37.210+0000] {logging_mixin.py:188} INFO - [2025-11-17T16:08:37.210+0000] {dag.py:3096} INFO - Sync 1 DAGs
[2025-11-17T16:08:37.231+0000] {logging_mixin.py:188} INFO - [2025-11-17T16:08:37.231+0000] {dag.py:3954} INFO - Setting next_dagrun for example_short_circuit_decorator to 2025-11-16 00:00:00+00:00, run_after=2025-11-17 00:00:00+00:00
[2025-11-17T16:08:37.257+0000] {processor.py:183} INFO - Processing /usr/local/python/3.12.1/lib/python3.12/site-packages/airflow/example_dags/example_short_circuit_decorator.py took 0.084 seconds
[2025-11-17T16:09:35.115+0000] {processor.py:161} INFO - Started process (PID=48559) to work on /usr/local/python/3.12.1/lib/python3.12/site-packages/airflow/example_dags/example_short_circuit_decorator.py
[2025-11-17T16:09:35.116+0000] {processor.py:830} INFO - Processing file /usr/local/python/3.12.1/lib/python3.12/site-packages/airflow/example_dags/example_short_circuit_decorator.py for tasks to queue
[2025-11-17T16:09:35.117+0000] {logging_mixin.py:188} INFO - [2025-11-17T16:09:35.117+0000] {dagbag.py:545} INFO - Filling up the DagBag from /usr/local/python/3.12.1/lib/python3.12/site-packages/airflow/example_dags/example_short_circuit_decorator.py
[2025-11-17T16:09:35.124+0000] {processor.py:840} INFO - DAG(s) 'example_short_circuit_decorator' retrieved from /usr/local/python/3.12.1/lib/python3.12/site-packages/airflow/example_dags/example_short_circuit_decorator.py
[2025-11-17T16:09:35.137+0000] {logging_mixin.py:188} INFO - [2025-11-17T16:09:35.137+0000] {dag.py:3096} INFO - Sync 1 DAGs
[2025-11-17T16:09:35.151+0000] {logging_mixin.py:188} INFO - [2025-11-17T16:09:35.151+0000] {dag.py:3954} INFO - Setting next_dagrun for example_short_circuit_decorator to 2025-11-16 00:00:00+00:00, run_after=2025-11-17 00:00:00+00:00
[2025-11-17T16:09:35.167+0000] {processor.py:183} INFO - Processing /usr/local/python/3.12.1/lib/python3.12/site-packages/airflow/example_dags/example_short_circuit_decorator.py took 0.056 seconds
[2025-11-17T16:10:15.044+0000] {processor.py:161} INFO - Started process (PID=49202) to work on /usr/local/python/3.12.1/lib/python3.12/site-packages/airflow/example_dags/example_short_circuit_decorator.py
[2025-11-17T16:10:15.044+0000] {processor.py:830} INFO - Processing file /usr/local/python/3.12.1/lib/python3.12/site-packages/airflow/example_dags/example_short_circuit_decorator.py for tasks to queue
[2025-11-17T16:10:15.046+0000] {logging_mixin.py:188} INFO - [2025-11-17T16:10:15.045+0000] {dagbag.py:545} INFO - Filling up the DagBag from /usr/local/python/3.12.1/lib/python3.12/site-packages/airflow/example_dags/example_short_circuit_decorator.py
[2025-11-17T16:10:15.052+0000] {processor.py:840} INFO - DAG(s) 'example_short_circuit_decorator' retrieved from /usr/local/python/3.12.1/lib/python3.12/site-packages/airflow/example_dags/example_short_circuit_decorator.py
[2025-11-17T16:10:15.065+0000] {logging_mixin.py:188} INFO - [2025-11-17T16:10:15.065+0000] {dag.py:3096} INFO - Sync 1 DAGs
[2025-11-17T16:10:15.079+0000] {logging_mixin.py:188} INFO - [2025-11-17T16:10:15.079+0000] {dag.py:3954} INFO - Setting next_dagrun for example_short_circuit_decorator to 2025-11-16 00:00:00+00:00, run_after=2025-11-17 00:00:00+00:00
[2025-11-17T16:10:15.095+0000] {processor.py:183} INFO - Processing /usr/local/python/3.12.1/lib/python3.12/site-packages/airflow/example_dags/example_short_circuit_decorator.py took 0.055 seconds
