[2025-11-17T15:42:08.176+0000] {processor.py:161} INFO - Started process (PID=27688) to work on /usr/local/python/3.12.1/lib/python3.12/site-packages/airflow/example_dags/example_trigger_target_dag.py
[2025-11-17T15:42:08.177+0000] {processor.py:830} INFO - Processing file /usr/local/python/3.12.1/lib/python3.12/site-packages/airflow/example_dags/example_trigger_target_dag.py for tasks to queue
[2025-11-17T15:42:08.179+0000] {logging_mixin.py:188} INFO - [2025-11-17T15:42:08.178+0000] {dagbag.py:545} INFO - Filling up the DagBag from /usr/local/python/3.12.1/lib/python3.12/site-packages/airflow/example_dags/example_trigger_target_dag.py
[2025-11-17T15:42:08.192+0000] {processor.py:840} INFO - DAG(s) 'example_trigger_target_dag' retrieved from /usr/local/python/3.12.1/lib/python3.12/site-packages/airflow/example_dags/example_trigger_target_dag.py
[2025-11-17T15:42:08.438+0000] {logging_mixin.py:188} INFO - [2025-11-17T15:42:08.437+0000] {override.py:1829} INFO - Created Permission View: can read on DAG:example_trigger_target_dag
[2025-11-17T15:42:08.453+0000] {logging_mixin.py:188} INFO - [2025-11-17T15:42:08.453+0000] {override.py:1829} INFO - Created Permission View: can edit on DAG:example_trigger_target_dag
[2025-11-17T15:42:08.471+0000] {logging_mixin.py:188} INFO - [2025-11-17T15:42:08.471+0000] {override.py:1829} INFO - Created Permission View: can delete on DAG:example_trigger_target_dag
[2025-11-17T15:42:08.472+0000] {logging_mixin.py:188} INFO - [2025-11-17T15:42:08.471+0000] {dag.py:3096} INFO - Sync 1 DAGs
[2025-11-17T15:42:08.485+0000] {logging_mixin.py:188} INFO - [2025-11-17T15:42:08.485+0000] {dag.py:3118} INFO - Creating ORM DAG for example_trigger_target_dag
[2025-11-17T15:42:08.487+0000] {logging_mixin.py:188} INFO - [2025-11-17T15:42:08.487+0000] {dag.py:3954} INFO - Setting next_dagrun for example_trigger_target_dag to None, run_after=None
[2025-11-17T15:42:08.512+0000] {processor.py:183} INFO - Processing /usr/local/python/3.12.1/lib/python3.12/site-packages/airflow/example_dags/example_trigger_target_dag.py took 0.342 seconds
[2025-11-17T15:43:04.707+0000] {processor.py:161} INFO - Started process (PID=28561) to work on /usr/local/python/3.12.1/lib/python3.12/site-packages/airflow/example_dags/example_trigger_target_dag.py
[2025-11-17T15:43:04.708+0000] {processor.py:830} INFO - Processing file /usr/local/python/3.12.1/lib/python3.12/site-packages/airflow/example_dags/example_trigger_target_dag.py for tasks to queue
[2025-11-17T15:43:04.709+0000] {logging_mixin.py:188} INFO - [2025-11-17T15:43:04.708+0000] {dagbag.py:545} INFO - Filling up the DagBag from /usr/local/python/3.12.1/lib/python3.12/site-packages/airflow/example_dags/example_trigger_target_dag.py
[2025-11-17T15:43:04.713+0000] {processor.py:840} INFO - DAG(s) 'example_trigger_target_dag' retrieved from /usr/local/python/3.12.1/lib/python3.12/site-packages/airflow/example_dags/example_trigger_target_dag.py
[2025-11-17T15:43:04.723+0000] {logging_mixin.py:188} INFO - [2025-11-17T15:43:04.723+0000] {dag.py:3096} INFO - Sync 1 DAGs
[2025-11-17T15:43:04.731+0000] {logging_mixin.py:188} INFO - [2025-11-17T15:43:04.731+0000] {dag.py:3954} INFO - Setting next_dagrun for example_trigger_target_dag to None, run_after=None
[2025-11-17T15:43:04.747+0000] {processor.py:183} INFO - Processing /usr/local/python/3.12.1/lib/python3.12/site-packages/airflow/example_dags/example_trigger_target_dag.py took 0.044 seconds
[2025-11-17T15:43:49.579+0000] {processor.py:161} INFO - Started process (PID=29403) to work on /usr/local/python/3.12.1/lib/python3.12/site-packages/airflow/example_dags/example_trigger_target_dag.py
[2025-11-17T15:43:49.579+0000] {processor.py:830} INFO - Processing file /usr/local/python/3.12.1/lib/python3.12/site-packages/airflow/example_dags/example_trigger_target_dag.py for tasks to queue
[2025-11-17T15:43:49.581+0000] {logging_mixin.py:188} INFO - [2025-11-17T15:43:49.580+0000] {dagbag.py:545} INFO - Filling up the DagBag from /usr/local/python/3.12.1/lib/python3.12/site-packages/airflow/example_dags/example_trigger_target_dag.py
[2025-11-17T15:43:49.585+0000] {processor.py:840} INFO - DAG(s) 'example_trigger_target_dag' retrieved from /usr/local/python/3.12.1/lib/python3.12/site-packages/airflow/example_dags/example_trigger_target_dag.py
[2025-11-17T15:43:49.595+0000] {logging_mixin.py:188} INFO - [2025-11-17T15:43:49.595+0000] {dag.py:3096} INFO - Sync 1 DAGs
[2025-11-17T15:43:49.604+0000] {logging_mixin.py:188} INFO - [2025-11-17T15:43:49.604+0000] {dag.py:3954} INFO - Setting next_dagrun for example_trigger_target_dag to None, run_after=None
[2025-11-17T15:43:49.620+0000] {processor.py:183} INFO - Processing /usr/local/python/3.12.1/lib/python3.12/site-packages/airflow/example_dags/example_trigger_target_dag.py took 0.045 seconds
[2025-11-17T15:44:39.242+0000] {processor.py:161} INFO - Started process (PID=29893) to work on /usr/local/python/3.12.1/lib/python3.12/site-packages/airflow/example_dags/example_trigger_target_dag.py
[2025-11-17T15:44:39.243+0000] {processor.py:830} INFO - Processing file /usr/local/python/3.12.1/lib/python3.12/site-packages/airflow/example_dags/example_trigger_target_dag.py for tasks to queue
[2025-11-17T15:44:39.244+0000] {logging_mixin.py:188} INFO - [2025-11-17T15:44:39.244+0000] {dagbag.py:545} INFO - Filling up the DagBag from /usr/local/python/3.12.1/lib/python3.12/site-packages/airflow/example_dags/example_trigger_target_dag.py
[2025-11-17T15:44:39.248+0000] {processor.py:840} INFO - DAG(s) 'example_trigger_target_dag' retrieved from /usr/local/python/3.12.1/lib/python3.12/site-packages/airflow/example_dags/example_trigger_target_dag.py
[2025-11-17T15:44:39.258+0000] {logging_mixin.py:188} INFO - [2025-11-17T15:44:39.258+0000] {dag.py:3096} INFO - Sync 1 DAGs
[2025-11-17T15:44:39.267+0000] {logging_mixin.py:188} INFO - [2025-11-17T15:44:39.267+0000] {dag.py:3954} INFO - Setting next_dagrun for example_trigger_target_dag to None, run_after=None
[2025-11-17T15:44:39.292+0000] {processor.py:183} INFO - Processing /usr/local/python/3.12.1/lib/python3.12/site-packages/airflow/example_dags/example_trigger_target_dag.py took 0.054 seconds
[2025-11-17T15:45:18.641+0000] {processor.py:161} INFO - Started process (PID=30725) to work on /usr/local/python/3.12.1/lib/python3.12/site-packages/airflow/example_dags/example_trigger_target_dag.py
[2025-11-17T15:45:18.642+0000] {processor.py:830} INFO - Processing file /usr/local/python/3.12.1/lib/python3.12/site-packages/airflow/example_dags/example_trigger_target_dag.py for tasks to queue
[2025-11-17T15:45:18.643+0000] {logging_mixin.py:188} INFO - [2025-11-17T15:45:18.643+0000] {dagbag.py:545} INFO - Filling up the DagBag from /usr/local/python/3.12.1/lib/python3.12/site-packages/airflow/example_dags/example_trigger_target_dag.py
[2025-11-17T15:45:18.647+0000] {processor.py:840} INFO - DAG(s) 'example_trigger_target_dag' retrieved from /usr/local/python/3.12.1/lib/python3.12/site-packages/airflow/example_dags/example_trigger_target_dag.py
[2025-11-17T15:45:18.658+0000] {logging_mixin.py:188} INFO - [2025-11-17T15:45:18.658+0000] {dag.py:3096} INFO - Sync 1 DAGs
[2025-11-17T15:45:18.670+0000] {logging_mixin.py:188} INFO - [2025-11-17T15:45:18.669+0000] {dag.py:3954} INFO - Setting next_dagrun for example_trigger_target_dag to None, run_after=None
[2025-11-17T15:45:18.691+0000] {processor.py:183} INFO - Processing /usr/local/python/3.12.1/lib/python3.12/site-packages/airflow/example_dags/example_trigger_target_dag.py took 0.054 seconds
[2025-11-17T16:00:47.093+0000] {processor.py:161} INFO - Started process (PID=40676) to work on /usr/local/python/3.12.1/lib/python3.12/site-packages/airflow/example_dags/example_trigger_target_dag.py
[2025-11-17T16:00:47.094+0000] {processor.py:830} INFO - Processing file /usr/local/python/3.12.1/lib/python3.12/site-packages/airflow/example_dags/example_trigger_target_dag.py for tasks to queue
[2025-11-17T16:00:47.096+0000] {logging_mixin.py:188} INFO - [2025-11-17T16:00:47.095+0000] {dagbag.py:545} INFO - Filling up the DagBag from /usr/local/python/3.12.1/lib/python3.12/site-packages/airflow/example_dags/example_trigger_target_dag.py
[2025-11-17T16:00:47.105+0000] {processor.py:840} INFO - DAG(s) 'example_trigger_target_dag' retrieved from /usr/local/python/3.12.1/lib/python3.12/site-packages/airflow/example_dags/example_trigger_target_dag.py
[2025-11-17T16:00:47.135+0000] {logging_mixin.py:188} INFO - [2025-11-17T16:00:47.135+0000] {dag.py:3096} INFO - Sync 1 DAGs
[2025-11-17T16:00:47.147+0000] {logging_mixin.py:188} INFO - [2025-11-17T16:00:47.146+0000] {dag.py:3954} INFO - Setting next_dagrun for example_trigger_target_dag to None, run_after=None
[2025-11-17T16:00:47.166+0000] {processor.py:183} INFO - Processing /usr/local/python/3.12.1/lib/python3.12/site-packages/airflow/example_dags/example_trigger_target_dag.py took 0.081 seconds
[2025-11-17T16:01:36.779+0000] {processor.py:161} INFO - Started process (PID=41412) to work on /usr/local/python/3.12.1/lib/python3.12/site-packages/airflow/example_dags/example_trigger_target_dag.py
[2025-11-17T16:01:36.781+0000] {processor.py:830} INFO - Processing file /usr/local/python/3.12.1/lib/python3.12/site-packages/airflow/example_dags/example_trigger_target_dag.py for tasks to queue
[2025-11-17T16:01:36.782+0000] {logging_mixin.py:188} INFO - [2025-11-17T16:01:36.782+0000] {dagbag.py:545} INFO - Filling up the DagBag from /usr/local/python/3.12.1/lib/python3.12/site-packages/airflow/example_dags/example_trigger_target_dag.py
[2025-11-17T16:01:36.786+0000] {processor.py:840} INFO - DAG(s) 'example_trigger_target_dag' retrieved from /usr/local/python/3.12.1/lib/python3.12/site-packages/airflow/example_dags/example_trigger_target_dag.py
[2025-11-17T16:01:36.797+0000] {logging_mixin.py:188} INFO - [2025-11-17T16:01:36.797+0000] {dag.py:3096} INFO - Sync 1 DAGs
[2025-11-17T16:01:36.806+0000] {logging_mixin.py:188} INFO - [2025-11-17T16:01:36.805+0000] {dag.py:3954} INFO - Setting next_dagrun for example_trigger_target_dag to None, run_after=None
[2025-11-17T16:01:36.821+0000] {processor.py:183} INFO - Processing /usr/local/python/3.12.1/lib/python3.12/site-packages/airflow/example_dags/example_trigger_target_dag.py took 0.047 seconds
[2025-11-17T16:02:18.437+0000] {processor.py:161} INFO - Started process (PID=41884) to work on /usr/local/python/3.12.1/lib/python3.12/site-packages/airflow/example_dags/example_trigger_target_dag.py
[2025-11-17T16:02:18.438+0000] {processor.py:830} INFO - Processing file /usr/local/python/3.12.1/lib/python3.12/site-packages/airflow/example_dags/example_trigger_target_dag.py for tasks to queue
[2025-11-17T16:02:18.439+0000] {logging_mixin.py:188} INFO - [2025-11-17T16:02:18.439+0000] {dagbag.py:545} INFO - Filling up the DagBag from /usr/local/python/3.12.1/lib/python3.12/site-packages/airflow/example_dags/example_trigger_target_dag.py
[2025-11-17T16:02:18.445+0000] {processor.py:840} INFO - DAG(s) 'example_trigger_target_dag' retrieved from /usr/local/python/3.12.1/lib/python3.12/site-packages/airflow/example_dags/example_trigger_target_dag.py
[2025-11-17T16:02:18.457+0000] {logging_mixin.py:188} INFO - [2025-11-17T16:02:18.456+0000] {dag.py:3096} INFO - Sync 1 DAGs
[2025-11-17T16:02:18.468+0000] {logging_mixin.py:188} INFO - [2025-11-17T16:02:18.468+0000] {dag.py:3954} INFO - Setting next_dagrun for example_trigger_target_dag to None, run_after=None
[2025-11-17T16:02:18.487+0000] {processor.py:183} INFO - Processing /usr/local/python/3.12.1/lib/python3.12/site-packages/airflow/example_dags/example_trigger_target_dag.py took 0.055 seconds
[2025-11-17T16:03:01.147+0000] {processor.py:161} INFO - Started process (PID=42516) to work on /usr/local/python/3.12.1/lib/python3.12/site-packages/airflow/example_dags/example_trigger_target_dag.py
[2025-11-17T16:03:01.147+0000] {processor.py:830} INFO - Processing file /usr/local/python/3.12.1/lib/python3.12/site-packages/airflow/example_dags/example_trigger_target_dag.py for tasks to queue
[2025-11-17T16:03:01.149+0000] {logging_mixin.py:188} INFO - [2025-11-17T16:03:01.148+0000] {dagbag.py:545} INFO - Filling up the DagBag from /usr/local/python/3.12.1/lib/python3.12/site-packages/airflow/example_dags/example_trigger_target_dag.py
[2025-11-17T16:03:01.154+0000] {processor.py:840} INFO - DAG(s) 'example_trigger_target_dag' retrieved from /usr/local/python/3.12.1/lib/python3.12/site-packages/airflow/example_dags/example_trigger_target_dag.py
[2025-11-17T16:03:01.169+0000] {logging_mixin.py:188} INFO - [2025-11-17T16:03:01.169+0000] {dag.py:3096} INFO - Sync 1 DAGs
[2025-11-17T16:03:01.178+0000] {logging_mixin.py:188} INFO - [2025-11-17T16:03:01.178+0000] {dag.py:3954} INFO - Setting next_dagrun for example_trigger_target_dag to None, run_after=None
[2025-11-17T16:03:01.195+0000] {processor.py:183} INFO - Processing /usr/local/python/3.12.1/lib/python3.12/site-packages/airflow/example_dags/example_trigger_target_dag.py took 0.052 seconds
[2025-11-17T16:03:43.506+0000] {processor.py:161} INFO - Started process (PID=42963) to work on /usr/local/python/3.12.1/lib/python3.12/site-packages/airflow/example_dags/example_trigger_target_dag.py
[2025-11-17T16:03:43.507+0000] {processor.py:830} INFO - Processing file /usr/local/python/3.12.1/lib/python3.12/site-packages/airflow/example_dags/example_trigger_target_dag.py for tasks to queue
[2025-11-17T16:03:43.508+0000] {logging_mixin.py:188} INFO - [2025-11-17T16:03:43.508+0000] {dagbag.py:545} INFO - Filling up the DagBag from /usr/local/python/3.12.1/lib/python3.12/site-packages/airflow/example_dags/example_trigger_target_dag.py
[2025-11-17T16:03:43.512+0000] {processor.py:840} INFO - DAG(s) 'example_trigger_target_dag' retrieved from /usr/local/python/3.12.1/lib/python3.12/site-packages/airflow/example_dags/example_trigger_target_dag.py
[2025-11-17T16:03:43.522+0000] {logging_mixin.py:188} INFO - [2025-11-17T16:03:43.522+0000] {dag.py:3096} INFO - Sync 1 DAGs
[2025-11-17T16:03:43.531+0000] {logging_mixin.py:188} INFO - [2025-11-17T16:03:43.530+0000] {dag.py:3954} INFO - Setting next_dagrun for example_trigger_target_dag to None, run_after=None
[2025-11-17T16:03:43.546+0000] {processor.py:183} INFO - Processing /usr/local/python/3.12.1/lib/python3.12/site-packages/airflow/example_dags/example_trigger_target_dag.py took 0.044 seconds
[2025-11-17T16:04:35.499+0000] {processor.py:161} INFO - Started process (PID=43662) to work on /usr/local/python/3.12.1/lib/python3.12/site-packages/airflow/example_dags/example_trigger_target_dag.py
[2025-11-17T16:04:35.500+0000] {processor.py:830} INFO - Processing file /usr/local/python/3.12.1/lib/python3.12/site-packages/airflow/example_dags/example_trigger_target_dag.py for tasks to queue
[2025-11-17T16:04:35.501+0000] {logging_mixin.py:188} INFO - [2025-11-17T16:04:35.500+0000] {dagbag.py:545} INFO - Filling up the DagBag from /usr/local/python/3.12.1/lib/python3.12/site-packages/airflow/example_dags/example_trigger_target_dag.py
[2025-11-17T16:04:35.505+0000] {processor.py:840} INFO - DAG(s) 'example_trigger_target_dag' retrieved from /usr/local/python/3.12.1/lib/python3.12/site-packages/airflow/example_dags/example_trigger_target_dag.py
[2025-11-17T16:04:35.516+0000] {logging_mixin.py:188} INFO - [2025-11-17T16:04:35.516+0000] {dag.py:3096} INFO - Sync 1 DAGs
[2025-11-17T16:04:35.524+0000] {logging_mixin.py:188} INFO - [2025-11-17T16:04:35.524+0000] {dag.py:3954} INFO - Setting next_dagrun for example_trigger_target_dag to None, run_after=None
[2025-11-17T16:04:35.542+0000] {processor.py:183} INFO - Processing /usr/local/python/3.12.1/lib/python3.12/site-packages/airflow/example_dags/example_trigger_target_dag.py took 0.047 seconds
[2025-11-17T16:06:02.934+0000] {processor.py:161} INFO - Started process (PID=44813) to work on /usr/local/python/3.12.1/lib/python3.12/site-packages/airflow/example_dags/example_trigger_target_dag.py
[2025-11-17T16:06:02.935+0000] {processor.py:830} INFO - Processing file /usr/local/python/3.12.1/lib/python3.12/site-packages/airflow/example_dags/example_trigger_target_dag.py for tasks to queue
[2025-11-17T16:06:02.937+0000] {logging_mixin.py:188} INFO - [2025-11-17T16:06:02.937+0000] {dagbag.py:545} INFO - Filling up the DagBag from /usr/local/python/3.12.1/lib/python3.12/site-packages/airflow/example_dags/example_trigger_target_dag.py
[2025-11-17T16:06:02.946+0000] {processor.py:840} INFO - DAG(s) 'example_trigger_target_dag' retrieved from /usr/local/python/3.12.1/lib/python3.12/site-packages/airflow/example_dags/example_trigger_target_dag.py
[2025-11-17T16:06:02.976+0000] {logging_mixin.py:188} INFO - [2025-11-17T16:06:02.976+0000] {dag.py:3096} INFO - Sync 1 DAGs
[2025-11-17T16:06:02.990+0000] {logging_mixin.py:188} INFO - [2025-11-17T16:06:02.990+0000] {dag.py:3954} INFO - Setting next_dagrun for example_trigger_target_dag to None, run_after=None
[2025-11-17T16:06:03.017+0000] {processor.py:183} INFO - Processing /usr/local/python/3.12.1/lib/python3.12/site-packages/airflow/example_dags/example_trigger_target_dag.py took 0.089 seconds
[2025-11-17T16:06:55.043+0000] {processor.py:161} INFO - Started process (PID=46257) to work on /usr/local/python/3.12.1/lib/python3.12/site-packages/airflow/example_dags/example_trigger_target_dag.py
[2025-11-17T16:06:55.044+0000] {processor.py:830} INFO - Processing file /usr/local/python/3.12.1/lib/python3.12/site-packages/airflow/example_dags/example_trigger_target_dag.py for tasks to queue
[2025-11-17T16:06:55.045+0000] {logging_mixin.py:188} INFO - [2025-11-17T16:06:55.045+0000] {dagbag.py:545} INFO - Filling up the DagBag from /usr/local/python/3.12.1/lib/python3.12/site-packages/airflow/example_dags/example_trigger_target_dag.py
[2025-11-17T16:06:55.051+0000] {processor.py:840} INFO - DAG(s) 'example_trigger_target_dag' retrieved from /usr/local/python/3.12.1/lib/python3.12/site-packages/airflow/example_dags/example_trigger_target_dag.py
[2025-11-17T16:06:55.064+0000] {logging_mixin.py:188} INFO - [2025-11-17T16:06:55.064+0000] {dag.py:3096} INFO - Sync 1 DAGs
[2025-11-17T16:06:55.073+0000] {logging_mixin.py:188} INFO - [2025-11-17T16:06:55.073+0000] {dag.py:3954} INFO - Setting next_dagrun for example_trigger_target_dag to None, run_after=None
[2025-11-17T16:06:55.089+0000] {processor.py:183} INFO - Processing /usr/local/python/3.12.1/lib/python3.12/site-packages/airflow/example_dags/example_trigger_target_dag.py took 0.050 seconds
[2025-11-17T16:07:38.366+0000] {processor.py:161} INFO - Started process (PID=46857) to work on /usr/local/python/3.12.1/lib/python3.12/site-packages/airflow/example_dags/example_trigger_target_dag.py
[2025-11-17T16:07:38.367+0000] {processor.py:830} INFO - Processing file /usr/local/python/3.12.1/lib/python3.12/site-packages/airflow/example_dags/example_trigger_target_dag.py for tasks to queue
[2025-11-17T16:07:38.368+0000] {logging_mixin.py:188} INFO - [2025-11-17T16:07:38.368+0000] {dagbag.py:545} INFO - Filling up the DagBag from /usr/local/python/3.12.1/lib/python3.12/site-packages/airflow/example_dags/example_trigger_target_dag.py
[2025-11-17T16:07:38.373+0000] {processor.py:840} INFO - DAG(s) 'example_trigger_target_dag' retrieved from /usr/local/python/3.12.1/lib/python3.12/site-packages/airflow/example_dags/example_trigger_target_dag.py
[2025-11-17T16:07:38.384+0000] {logging_mixin.py:188} INFO - [2025-11-17T16:07:38.384+0000] {dag.py:3096} INFO - Sync 1 DAGs
[2025-11-17T16:07:38.393+0000] {logging_mixin.py:188} INFO - [2025-11-17T16:07:38.393+0000] {dag.py:3954} INFO - Setting next_dagrun for example_trigger_target_dag to None, run_after=None
[2025-11-17T16:07:38.408+0000] {processor.py:183} INFO - Processing /usr/local/python/3.12.1/lib/python3.12/site-packages/airflow/example_dags/example_trigger_target_dag.py took 0.048 seconds
[2025-11-17T16:08:26.461+0000] {processor.py:161} INFO - Started process (PID=47541) to work on /usr/local/python/3.12.1/lib/python3.12/site-packages/airflow/example_dags/example_trigger_target_dag.py
[2025-11-17T16:08:26.461+0000] {processor.py:830} INFO - Processing file /usr/local/python/3.12.1/lib/python3.12/site-packages/airflow/example_dags/example_trigger_target_dag.py for tasks to queue
[2025-11-17T16:08:26.463+0000] {logging_mixin.py:188} INFO - [2025-11-17T16:08:26.462+0000] {dagbag.py:545} INFO - Filling up the DagBag from /usr/local/python/3.12.1/lib/python3.12/site-packages/airflow/example_dags/example_trigger_target_dag.py
[2025-11-17T16:08:26.467+0000] {processor.py:840} INFO - DAG(s) 'example_trigger_target_dag' retrieved from /usr/local/python/3.12.1/lib/python3.12/site-packages/airflow/example_dags/example_trigger_target_dag.py
[2025-11-17T16:08:26.478+0000] {logging_mixin.py:188} INFO - [2025-11-17T16:08:26.478+0000] {dag.py:3096} INFO - Sync 1 DAGs
[2025-11-17T16:08:26.487+0000] {logging_mixin.py:188} INFO - [2025-11-17T16:08:26.486+0000] {dag.py:3954} INFO - Setting next_dagrun for example_trigger_target_dag to None, run_after=None
[2025-11-17T16:08:26.503+0000] {processor.py:183} INFO - Processing /usr/local/python/3.12.1/lib/python3.12/site-packages/airflow/example_dags/example_trigger_target_dag.py took 0.046 seconds
[2025-11-17T16:09:07.578+0000] {processor.py:161} INFO - Started process (PID=48132) to work on /usr/local/python/3.12.1/lib/python3.12/site-packages/airflow/example_dags/example_trigger_target_dag.py
[2025-11-17T16:09:07.579+0000] {processor.py:830} INFO - Processing file /usr/local/python/3.12.1/lib/python3.12/site-packages/airflow/example_dags/example_trigger_target_dag.py for tasks to queue
[2025-11-17T16:09:07.581+0000] {logging_mixin.py:188} INFO - [2025-11-17T16:09:07.580+0000] {dagbag.py:545} INFO - Filling up the DagBag from /usr/local/python/3.12.1/lib/python3.12/site-packages/airflow/example_dags/example_trigger_target_dag.py
[2025-11-17T16:09:07.587+0000] {processor.py:840} INFO - DAG(s) 'example_trigger_target_dag' retrieved from /usr/local/python/3.12.1/lib/python3.12/site-packages/airflow/example_dags/example_trigger_target_dag.py
[2025-11-17T16:09:07.599+0000] {logging_mixin.py:188} INFO - [2025-11-17T16:09:07.599+0000] {dag.py:3096} INFO - Sync 1 DAGs
[2025-11-17T16:09:07.611+0000] {logging_mixin.py:188} INFO - [2025-11-17T16:09:07.610+0000] {dag.py:3954} INFO - Setting next_dagrun for example_trigger_target_dag to None, run_after=None
[2025-11-17T16:09:07.635+0000] {processor.py:183} INFO - Processing /usr/local/python/3.12.1/lib/python3.12/site-packages/airflow/example_dags/example_trigger_target_dag.py took 0.061 seconds
[2025-11-17T16:09:48.797+0000] {processor.py:161} INFO - Started process (PID=48842) to work on /usr/local/python/3.12.1/lib/python3.12/site-packages/airflow/example_dags/example_trigger_target_dag.py
[2025-11-17T16:09:48.798+0000] {processor.py:830} INFO - Processing file /usr/local/python/3.12.1/lib/python3.12/site-packages/airflow/example_dags/example_trigger_target_dag.py for tasks to queue
[2025-11-17T16:09:48.799+0000] {logging_mixin.py:188} INFO - [2025-11-17T16:09:48.799+0000] {dagbag.py:545} INFO - Filling up the DagBag from /usr/local/python/3.12.1/lib/python3.12/site-packages/airflow/example_dags/example_trigger_target_dag.py
[2025-11-17T16:09:48.804+0000] {processor.py:840} INFO - DAG(s) 'example_trigger_target_dag' retrieved from /usr/local/python/3.12.1/lib/python3.12/site-packages/airflow/example_dags/example_trigger_target_dag.py
[2025-11-17T16:09:48.815+0000] {logging_mixin.py:188} INFO - [2025-11-17T16:09:48.815+0000] {dag.py:3096} INFO - Sync 1 DAGs
[2025-11-17T16:09:48.823+0000] {logging_mixin.py:188} INFO - [2025-11-17T16:09:48.823+0000] {dag.py:3954} INFO - Setting next_dagrun for example_trigger_target_dag to None, run_after=None
[2025-11-17T16:09:48.839+0000] {processor.py:183} INFO - Processing /usr/local/python/3.12.1/lib/python3.12/site-packages/airflow/example_dags/example_trigger_target_dag.py took 0.046 seconds
[2025-11-17T16:10:26.476+0000] {processor.py:161} INFO - Started process (PID=49285) to work on /usr/local/python/3.12.1/lib/python3.12/site-packages/airflow/example_dags/example_trigger_target_dag.py
[2025-11-17T16:10:26.476+0000] {processor.py:830} INFO - Processing file /usr/local/python/3.12.1/lib/python3.12/site-packages/airflow/example_dags/example_trigger_target_dag.py for tasks to queue
[2025-11-17T16:10:26.478+0000] {logging_mixin.py:188} INFO - [2025-11-17T16:10:26.477+0000] {dagbag.py:545} INFO - Filling up the DagBag from /usr/local/python/3.12.1/lib/python3.12/site-packages/airflow/example_dags/example_trigger_target_dag.py
[2025-11-17T16:10:26.484+0000] {processor.py:840} INFO - DAG(s) 'example_trigger_target_dag' retrieved from /usr/local/python/3.12.1/lib/python3.12/site-packages/airflow/example_dags/example_trigger_target_dag.py
[2025-11-17T16:10:26.498+0000] {logging_mixin.py:188} INFO - [2025-11-17T16:10:26.498+0000] {dag.py:3096} INFO - Sync 1 DAGs
[2025-11-17T16:10:26.506+0000] {logging_mixin.py:188} INFO - [2025-11-17T16:10:26.506+0000] {dag.py:3954} INFO - Setting next_dagrun for example_trigger_target_dag to None, run_after=None
[2025-11-17T16:10:26.522+0000] {processor.py:183} INFO - Processing /usr/local/python/3.12.1/lib/python3.12/site-packages/airflow/example_dags/example_trigger_target_dag.py took 0.052 seconds
[2025-11-17T16:11:07.349+0000] {processor.py:161} INFO - Started process (PID=50008) to work on /usr/local/python/3.12.1/lib/python3.12/site-packages/airflow/example_dags/example_trigger_target_dag.py
[2025-11-17T16:11:07.350+0000] {processor.py:830} INFO - Processing file /usr/local/python/3.12.1/lib/python3.12/site-packages/airflow/example_dags/example_trigger_target_dag.py for tasks to queue
[2025-11-17T16:11:07.351+0000] {logging_mixin.py:188} INFO - [2025-11-17T16:11:07.351+0000] {dagbag.py:545} INFO - Filling up the DagBag from /usr/local/python/3.12.1/lib/python3.12/site-packages/airflow/example_dags/example_trigger_target_dag.py
[2025-11-17T16:11:07.355+0000] {processor.py:840} INFO - DAG(s) 'example_trigger_target_dag' retrieved from /usr/local/python/3.12.1/lib/python3.12/site-packages/airflow/example_dags/example_trigger_target_dag.py
[2025-11-17T16:11:07.371+0000] {logging_mixin.py:188} INFO - [2025-11-17T16:11:07.370+0000] {dag.py:3096} INFO - Sync 1 DAGs
[2025-11-17T16:11:07.381+0000] {logging_mixin.py:188} INFO - [2025-11-17T16:11:07.380+0000] {dag.py:3954} INFO - Setting next_dagrun for example_trigger_target_dag to None, run_after=None
[2025-11-17T16:11:07.483+0000] {processor.py:183} INFO - Processing /usr/local/python/3.12.1/lib/python3.12/site-packages/airflow/example_dags/example_trigger_target_dag.py took 0.138 seconds
[2025-11-17T16:11:51.785+0000] {processor.py:161} INFO - Started process (PID=50480) to work on /usr/local/python/3.12.1/lib/python3.12/site-packages/airflow/example_dags/example_trigger_target_dag.py
[2025-11-17T16:11:51.786+0000] {processor.py:830} INFO - Processing file /usr/local/python/3.12.1/lib/python3.12/site-packages/airflow/example_dags/example_trigger_target_dag.py for tasks to queue
[2025-11-17T16:11:51.787+0000] {logging_mixin.py:188} INFO - [2025-11-17T16:11:51.787+0000] {dagbag.py:545} INFO - Filling up the DagBag from /usr/local/python/3.12.1/lib/python3.12/site-packages/airflow/example_dags/example_trigger_target_dag.py
[2025-11-17T16:11:51.792+0000] {processor.py:840} INFO - DAG(s) 'example_trigger_target_dag' retrieved from /usr/local/python/3.12.1/lib/python3.12/site-packages/airflow/example_dags/example_trigger_target_dag.py
[2025-11-17T16:11:51.803+0000] {logging_mixin.py:188} INFO - [2025-11-17T16:11:51.802+0000] {dag.py:3096} INFO - Sync 1 DAGs
[2025-11-17T16:11:51.811+0000] {logging_mixin.py:188} INFO - [2025-11-17T16:11:51.811+0000] {dag.py:3954} INFO - Setting next_dagrun for example_trigger_target_dag to None, run_after=None
[2025-11-17T16:11:51.828+0000] {processor.py:183} INFO - Processing /usr/local/python/3.12.1/lib/python3.12/site-packages/airflow/example_dags/example_trigger_target_dag.py took 0.047 seconds
[2025-11-17T16:12:34.627+0000] {processor.py:161} INFO - Started process (PID=50813) to work on /usr/local/python/3.12.1/lib/python3.12/site-packages/airflow/example_dags/example_trigger_target_dag.py
[2025-11-17T16:12:34.628+0000] {processor.py:830} INFO - Processing file /usr/local/python/3.12.1/lib/python3.12/site-packages/airflow/example_dags/example_trigger_target_dag.py for tasks to queue
[2025-11-17T16:12:34.629+0000] {logging_mixin.py:188} INFO - [2025-11-17T16:12:34.629+0000] {dagbag.py:545} INFO - Filling up the DagBag from /usr/local/python/3.12.1/lib/python3.12/site-packages/airflow/example_dags/example_trigger_target_dag.py
[2025-11-17T16:12:34.633+0000] {processor.py:840} INFO - DAG(s) 'example_trigger_target_dag' retrieved from /usr/local/python/3.12.1/lib/python3.12/site-packages/airflow/example_dags/example_trigger_target_dag.py
[2025-11-17T16:12:34.644+0000] {logging_mixin.py:188} INFO - [2025-11-17T16:12:34.644+0000] {dag.py:3096} INFO - Sync 1 DAGs
[2025-11-17T16:12:34.652+0000] {logging_mixin.py:188} INFO - [2025-11-17T16:12:34.652+0000] {dag.py:3954} INFO - Setting next_dagrun for example_trigger_target_dag to None, run_after=None
[2025-11-17T16:12:34.669+0000] {processor.py:183} INFO - Processing /usr/local/python/3.12.1/lib/python3.12/site-packages/airflow/example_dags/example_trigger_target_dag.py took 0.046 seconds
[2025-11-17T16:13:18.263+0000] {processor.py:161} INFO - Started process (PID=51166) to work on /usr/local/python/3.12.1/lib/python3.12/site-packages/airflow/example_dags/example_trigger_target_dag.py
[2025-11-17T16:13:18.264+0000] {processor.py:830} INFO - Processing file /usr/local/python/3.12.1/lib/python3.12/site-packages/airflow/example_dags/example_trigger_target_dag.py for tasks to queue
[2025-11-17T16:13:18.265+0000] {logging_mixin.py:188} INFO - [2025-11-17T16:13:18.265+0000] {dagbag.py:545} INFO - Filling up the DagBag from /usr/local/python/3.12.1/lib/python3.12/site-packages/airflow/example_dags/example_trigger_target_dag.py
[2025-11-17T16:13:18.269+0000] {processor.py:840} INFO - DAG(s) 'example_trigger_target_dag' retrieved from /usr/local/python/3.12.1/lib/python3.12/site-packages/airflow/example_dags/example_trigger_target_dag.py
[2025-11-17T16:13:18.280+0000] {logging_mixin.py:188} INFO - [2025-11-17T16:13:18.280+0000] {dag.py:3096} INFO - Sync 1 DAGs
[2025-11-17T16:13:18.288+0000] {logging_mixin.py:188} INFO - [2025-11-17T16:13:18.288+0000] {dag.py:3954} INFO - Setting next_dagrun for example_trigger_target_dag to None, run_after=None
[2025-11-17T16:13:18.305+0000] {processor.py:183} INFO - Processing /usr/local/python/3.12.1/lib/python3.12/site-packages/airflow/example_dags/example_trigger_target_dag.py took 0.046 seconds
[2025-11-17T16:14:01.952+0000] {processor.py:161} INFO - Started process (PID=51502) to work on /usr/local/python/3.12.1/lib/python3.12/site-packages/airflow/example_dags/example_trigger_target_dag.py
[2025-11-17T16:14:01.952+0000] {processor.py:830} INFO - Processing file /usr/local/python/3.12.1/lib/python3.12/site-packages/airflow/example_dags/example_trigger_target_dag.py for tasks to queue
[2025-11-17T16:14:01.954+0000] {logging_mixin.py:188} INFO - [2025-11-17T16:14:01.953+0000] {dagbag.py:545} INFO - Filling up the DagBag from /usr/local/python/3.12.1/lib/python3.12/site-packages/airflow/example_dags/example_trigger_target_dag.py
[2025-11-17T16:14:01.958+0000] {processor.py:840} INFO - DAG(s) 'example_trigger_target_dag' retrieved from /usr/local/python/3.12.1/lib/python3.12/site-packages/airflow/example_dags/example_trigger_target_dag.py
[2025-11-17T16:14:01.970+0000] {logging_mixin.py:188} INFO - [2025-11-17T16:14:01.969+0000] {dag.py:3096} INFO - Sync 1 DAGs
[2025-11-17T16:14:01.978+0000] {logging_mixin.py:188} INFO - [2025-11-17T16:14:01.978+0000] {dag.py:3954} INFO - Setting next_dagrun for example_trigger_target_dag to None, run_after=None
[2025-11-17T16:14:01.995+0000] {processor.py:183} INFO - Processing /usr/local/python/3.12.1/lib/python3.12/site-packages/airflow/example_dags/example_trigger_target_dag.py took 0.048 seconds
[2025-11-17T16:14:39.515+0000] {processor.py:161} INFO - Started process (PID=51808) to work on /usr/local/python/3.12.1/lib/python3.12/site-packages/airflow/example_dags/example_trigger_target_dag.py
[2025-11-17T16:14:39.516+0000] {processor.py:830} INFO - Processing file /usr/local/python/3.12.1/lib/python3.12/site-packages/airflow/example_dags/example_trigger_target_dag.py for tasks to queue
[2025-11-17T16:14:39.517+0000] {logging_mixin.py:188} INFO - [2025-11-17T16:14:39.517+0000] {dagbag.py:545} INFO - Filling up the DagBag from /usr/local/python/3.12.1/lib/python3.12/site-packages/airflow/example_dags/example_trigger_target_dag.py
[2025-11-17T16:14:39.521+0000] {processor.py:840} INFO - DAG(s) 'example_trigger_target_dag' retrieved from /usr/local/python/3.12.1/lib/python3.12/site-packages/airflow/example_dags/example_trigger_target_dag.py
[2025-11-17T16:14:39.532+0000] {logging_mixin.py:188} INFO - [2025-11-17T16:14:39.532+0000] {dag.py:3096} INFO - Sync 1 DAGs
[2025-11-17T16:14:39.540+0000] {logging_mixin.py:188} INFO - [2025-11-17T16:14:39.540+0000] {dag.py:3954} INFO - Setting next_dagrun for example_trigger_target_dag to None, run_after=None
[2025-11-17T16:14:39.556+0000] {processor.py:183} INFO - Processing /usr/local/python/3.12.1/lib/python3.12/site-packages/airflow/example_dags/example_trigger_target_dag.py took 0.045 seconds
[2025-11-17T16:15:19.580+0000] {processor.py:161} INFO - Started process (PID=52100) to work on /usr/local/python/3.12.1/lib/python3.12/site-packages/airflow/example_dags/example_trigger_target_dag.py
[2025-11-17T16:15:19.581+0000] {processor.py:830} INFO - Processing file /usr/local/python/3.12.1/lib/python3.12/site-packages/airflow/example_dags/example_trigger_target_dag.py for tasks to queue
[2025-11-17T16:15:19.582+0000] {logging_mixin.py:188} INFO - [2025-11-17T16:15:19.582+0000] {dagbag.py:545} INFO - Filling up the DagBag from /usr/local/python/3.12.1/lib/python3.12/site-packages/airflow/example_dags/example_trigger_target_dag.py
[2025-11-17T16:15:19.586+0000] {processor.py:840} INFO - DAG(s) 'example_trigger_target_dag' retrieved from /usr/local/python/3.12.1/lib/python3.12/site-packages/airflow/example_dags/example_trigger_target_dag.py
[2025-11-17T16:15:19.597+0000] {logging_mixin.py:188} INFO - [2025-11-17T16:15:19.597+0000] {dag.py:3096} INFO - Sync 1 DAGs
[2025-11-17T16:15:19.605+0000] {logging_mixin.py:188} INFO - [2025-11-17T16:15:19.605+0000] {dag.py:3954} INFO - Setting next_dagrun for example_trigger_target_dag to None, run_after=None
[2025-11-17T16:15:19.622+0000] {processor.py:183} INFO - Processing /usr/local/python/3.12.1/lib/python3.12/site-packages/airflow/example_dags/example_trigger_target_dag.py took 0.047 seconds
[2025-11-17T16:15:58.660+0000] {processor.py:161} INFO - Started process (PID=52456) to work on /usr/local/python/3.12.1/lib/python3.12/site-packages/airflow/example_dags/example_trigger_target_dag.py
[2025-11-17T16:15:58.661+0000] {processor.py:830} INFO - Processing file /usr/local/python/3.12.1/lib/python3.12/site-packages/airflow/example_dags/example_trigger_target_dag.py for tasks to queue
[2025-11-17T16:15:58.662+0000] {logging_mixin.py:188} INFO - [2025-11-17T16:15:58.662+0000] {dagbag.py:545} INFO - Filling up the DagBag from /usr/local/python/3.12.1/lib/python3.12/site-packages/airflow/example_dags/example_trigger_target_dag.py
[2025-11-17T16:15:58.668+0000] {processor.py:840} INFO - DAG(s) 'example_trigger_target_dag' retrieved from /usr/local/python/3.12.1/lib/python3.12/site-packages/airflow/example_dags/example_trigger_target_dag.py
[2025-11-17T16:15:58.680+0000] {logging_mixin.py:188} INFO - [2025-11-17T16:15:58.680+0000] {dag.py:3096} INFO - Sync 1 DAGs
[2025-11-17T16:15:58.689+0000] {logging_mixin.py:188} INFO - [2025-11-17T16:15:58.689+0000] {dag.py:3954} INFO - Setting next_dagrun for example_trigger_target_dag to None, run_after=None
[2025-11-17T16:15:58.706+0000] {processor.py:183} INFO - Processing /usr/local/python/3.12.1/lib/python3.12/site-packages/airflow/example_dags/example_trigger_target_dag.py took 0.050 seconds
[2025-11-17T16:16:34.950+0000] {processor.py:161} INFO - Started process (PID=52754) to work on /usr/local/python/3.12.1/lib/python3.12/site-packages/airflow/example_dags/example_trigger_target_dag.py
[2025-11-17T16:16:34.951+0000] {processor.py:830} INFO - Processing file /usr/local/python/3.12.1/lib/python3.12/site-packages/airflow/example_dags/example_trigger_target_dag.py for tasks to queue
[2025-11-17T16:16:34.952+0000] {logging_mixin.py:188} INFO - [2025-11-17T16:16:34.952+0000] {dagbag.py:545} INFO - Filling up the DagBag from /usr/local/python/3.12.1/lib/python3.12/site-packages/airflow/example_dags/example_trigger_target_dag.py
[2025-11-17T16:16:34.957+0000] {processor.py:840} INFO - DAG(s) 'example_trigger_target_dag' retrieved from /usr/local/python/3.12.1/lib/python3.12/site-packages/airflow/example_dags/example_trigger_target_dag.py
[2025-11-17T16:16:34.968+0000] {logging_mixin.py:188} INFO - [2025-11-17T16:16:34.967+0000] {dag.py:3096} INFO - Sync 1 DAGs
[2025-11-17T16:16:34.976+0000] {logging_mixin.py:188} INFO - [2025-11-17T16:16:34.976+0000] {dag.py:3954} INFO - Setting next_dagrun for example_trigger_target_dag to None, run_after=None
[2025-11-17T16:16:34.993+0000] {processor.py:183} INFO - Processing /usr/local/python/3.12.1/lib/python3.12/site-packages/airflow/example_dags/example_trigger_target_dag.py took 0.047 seconds
[2025-11-17T16:17:15.168+0000] {processor.py:161} INFO - Started process (PID=53070) to work on /usr/local/python/3.12.1/lib/python3.12/site-packages/airflow/example_dags/example_trigger_target_dag.py
[2025-11-17T16:17:15.169+0000] {processor.py:830} INFO - Processing file /usr/local/python/3.12.1/lib/python3.12/site-packages/airflow/example_dags/example_trigger_target_dag.py for tasks to queue
[2025-11-17T16:17:15.170+0000] {logging_mixin.py:188} INFO - [2025-11-17T16:17:15.170+0000] {dagbag.py:545} INFO - Filling up the DagBag from /usr/local/python/3.12.1/lib/python3.12/site-packages/airflow/example_dags/example_trigger_target_dag.py
[2025-11-17T16:17:15.175+0000] {processor.py:840} INFO - DAG(s) 'example_trigger_target_dag' retrieved from /usr/local/python/3.12.1/lib/python3.12/site-packages/airflow/example_dags/example_trigger_target_dag.py
[2025-11-17T16:17:15.186+0000] {logging_mixin.py:188} INFO - [2025-11-17T16:17:15.186+0000] {dag.py:3096} INFO - Sync 1 DAGs
[2025-11-17T16:17:15.194+0000] {logging_mixin.py:188} INFO - [2025-11-17T16:17:15.194+0000] {dag.py:3954} INFO - Setting next_dagrun for example_trigger_target_dag to None, run_after=None
[2025-11-17T16:17:15.211+0000] {processor.py:183} INFO - Processing /usr/local/python/3.12.1/lib/python3.12/site-packages/airflow/example_dags/example_trigger_target_dag.py took 0.047 seconds
[2025-11-17T16:17:54.085+0000] {processor.py:161} INFO - Started process (PID=53379) to work on /usr/local/python/3.12.1/lib/python3.12/site-packages/airflow/example_dags/example_trigger_target_dag.py
[2025-11-17T16:17:54.086+0000] {processor.py:830} INFO - Processing file /usr/local/python/3.12.1/lib/python3.12/site-packages/airflow/example_dags/example_trigger_target_dag.py for tasks to queue
[2025-11-17T16:17:54.087+0000] {logging_mixin.py:188} INFO - [2025-11-17T16:17:54.087+0000] {dagbag.py:545} INFO - Filling up the DagBag from /usr/local/python/3.12.1/lib/python3.12/site-packages/airflow/example_dags/example_trigger_target_dag.py
[2025-11-17T16:17:54.092+0000] {processor.py:840} INFO - DAG(s) 'example_trigger_target_dag' retrieved from /usr/local/python/3.12.1/lib/python3.12/site-packages/airflow/example_dags/example_trigger_target_dag.py
[2025-11-17T16:17:54.103+0000] {logging_mixin.py:188} INFO - [2025-11-17T16:17:54.103+0000] {dag.py:3096} INFO - Sync 1 DAGs
[2025-11-17T16:17:54.111+0000] {logging_mixin.py:188} INFO - [2025-11-17T16:17:54.111+0000] {dag.py:3954} INFO - Setting next_dagrun for example_trigger_target_dag to None, run_after=None
[2025-11-17T16:17:54.127+0000] {processor.py:183} INFO - Processing /usr/local/python/3.12.1/lib/python3.12/site-packages/airflow/example_dags/example_trigger_target_dag.py took 0.046 seconds
[2025-11-17T16:18:34.322+0000] {processor.py:161} INFO - Started process (PID=53694) to work on /usr/local/python/3.12.1/lib/python3.12/site-packages/airflow/example_dags/example_trigger_target_dag.py
[2025-11-17T16:18:34.323+0000] {processor.py:830} INFO - Processing file /usr/local/python/3.12.1/lib/python3.12/site-packages/airflow/example_dags/example_trigger_target_dag.py for tasks to queue
[2025-11-17T16:18:34.324+0000] {logging_mixin.py:188} INFO - [2025-11-17T16:18:34.324+0000] {dagbag.py:545} INFO - Filling up the DagBag from /usr/local/python/3.12.1/lib/python3.12/site-packages/airflow/example_dags/example_trigger_target_dag.py
[2025-11-17T16:18:34.329+0000] {processor.py:840} INFO - DAG(s) 'example_trigger_target_dag' retrieved from /usr/local/python/3.12.1/lib/python3.12/site-packages/airflow/example_dags/example_trigger_target_dag.py
[2025-11-17T16:18:34.340+0000] {logging_mixin.py:188} INFO - [2025-11-17T16:18:34.339+0000] {dag.py:3096} INFO - Sync 1 DAGs
[2025-11-17T16:18:34.348+0000] {logging_mixin.py:188} INFO - [2025-11-17T16:18:34.348+0000] {dag.py:3954} INFO - Setting next_dagrun for example_trigger_target_dag to None, run_after=None
[2025-11-17T16:18:34.365+0000] {processor.py:183} INFO - Processing /usr/local/python/3.12.1/lib/python3.12/site-packages/airflow/example_dags/example_trigger_target_dag.py took 0.047 seconds
[2025-11-17T16:19:12.477+0000] {processor.py:161} INFO - Started process (PID=53984) to work on /usr/local/python/3.12.1/lib/python3.12/site-packages/airflow/example_dags/example_trigger_target_dag.py
[2025-11-17T16:19:12.478+0000] {processor.py:830} INFO - Processing file /usr/local/python/3.12.1/lib/python3.12/site-packages/airflow/example_dags/example_trigger_target_dag.py for tasks to queue
[2025-11-17T16:19:12.479+0000] {logging_mixin.py:188} INFO - [2025-11-17T16:19:12.479+0000] {dagbag.py:545} INFO - Filling up the DagBag from /usr/local/python/3.12.1/lib/python3.12/site-packages/airflow/example_dags/example_trigger_target_dag.py
[2025-11-17T16:19:12.483+0000] {processor.py:840} INFO - DAG(s) 'example_trigger_target_dag' retrieved from /usr/local/python/3.12.1/lib/python3.12/site-packages/airflow/example_dags/example_trigger_target_dag.py
[2025-11-17T16:19:12.494+0000] {logging_mixin.py:188} INFO - [2025-11-17T16:19:12.494+0000] {dag.py:3096} INFO - Sync 1 DAGs
[2025-11-17T16:19:12.502+0000] {logging_mixin.py:188} INFO - [2025-11-17T16:19:12.502+0000] {dag.py:3954} INFO - Setting next_dagrun for example_trigger_target_dag to None, run_after=None
[2025-11-17T16:19:12.519+0000] {processor.py:183} INFO - Processing /usr/local/python/3.12.1/lib/python3.12/site-packages/airflow/example_dags/example_trigger_target_dag.py took 0.046 seconds
[2025-11-17T16:19:52.326+0000] {processor.py:161} INFO - Started process (PID=54299) to work on /usr/local/python/3.12.1/lib/python3.12/site-packages/airflow/example_dags/example_trigger_target_dag.py
[2025-11-17T16:19:52.327+0000] {processor.py:830} INFO - Processing file /usr/local/python/3.12.1/lib/python3.12/site-packages/airflow/example_dags/example_trigger_target_dag.py for tasks to queue
[2025-11-17T16:19:52.328+0000] {logging_mixin.py:188} INFO - [2025-11-17T16:19:52.328+0000] {dagbag.py:545} INFO - Filling up the DagBag from /usr/local/python/3.12.1/lib/python3.12/site-packages/airflow/example_dags/example_trigger_target_dag.py
[2025-11-17T16:19:52.333+0000] {processor.py:840} INFO - DAG(s) 'example_trigger_target_dag' retrieved from /usr/local/python/3.12.1/lib/python3.12/site-packages/airflow/example_dags/example_trigger_target_dag.py
[2025-11-17T16:19:52.343+0000] {logging_mixin.py:188} INFO - [2025-11-17T16:19:52.343+0000] {dag.py:3096} INFO - Sync 1 DAGs
[2025-11-17T16:19:52.352+0000] {logging_mixin.py:188} INFO - [2025-11-17T16:19:52.352+0000] {dag.py:3954} INFO - Setting next_dagrun for example_trigger_target_dag to None, run_after=None
[2025-11-17T16:19:52.373+0000] {processor.py:183} INFO - Processing /usr/local/python/3.12.1/lib/python3.12/site-packages/airflow/example_dags/example_trigger_target_dag.py took 0.051 seconds
[2025-11-17T16:20:31.741+0000] {processor.py:161} INFO - Started process (PID=54607) to work on /usr/local/python/3.12.1/lib/python3.12/site-packages/airflow/example_dags/example_trigger_target_dag.py
[2025-11-17T16:20:31.742+0000] {processor.py:830} INFO - Processing file /usr/local/python/3.12.1/lib/python3.12/site-packages/airflow/example_dags/example_trigger_target_dag.py for tasks to queue
[2025-11-17T16:20:31.743+0000] {logging_mixin.py:188} INFO - [2025-11-17T16:20:31.743+0000] {dagbag.py:545} INFO - Filling up the DagBag from /usr/local/python/3.12.1/lib/python3.12/site-packages/airflow/example_dags/example_trigger_target_dag.py
[2025-11-17T16:20:31.747+0000] {processor.py:840} INFO - DAG(s) 'example_trigger_target_dag' retrieved from /usr/local/python/3.12.1/lib/python3.12/site-packages/airflow/example_dags/example_trigger_target_dag.py
[2025-11-17T16:20:31.758+0000] {logging_mixin.py:188} INFO - [2025-11-17T16:20:31.758+0000] {dag.py:3096} INFO - Sync 1 DAGs
[2025-11-17T16:20:31.766+0000] {logging_mixin.py:188} INFO - [2025-11-17T16:20:31.766+0000] {dag.py:3954} INFO - Setting next_dagrun for example_trigger_target_dag to None, run_after=None
[2025-11-17T16:20:31.783+0000] {processor.py:183} INFO - Processing /usr/local/python/3.12.1/lib/python3.12/site-packages/airflow/example_dags/example_trigger_target_dag.py took 0.045 seconds
[2025-11-17T16:21:12.781+0000] {processor.py:161} INFO - Started process (PID=54978) to work on /usr/local/python/3.12.1/lib/python3.12/site-packages/airflow/example_dags/example_trigger_target_dag.py
[2025-11-17T16:21:12.782+0000] {processor.py:830} INFO - Processing file /usr/local/python/3.12.1/lib/python3.12/site-packages/airflow/example_dags/example_trigger_target_dag.py for tasks to queue
[2025-11-17T16:21:12.783+0000] {logging_mixin.py:188} INFO - [2025-11-17T16:21:12.783+0000] {dagbag.py:545} INFO - Filling up the DagBag from /usr/local/python/3.12.1/lib/python3.12/site-packages/airflow/example_dags/example_trigger_target_dag.py
[2025-11-17T16:21:12.787+0000] {processor.py:840} INFO - DAG(s) 'example_trigger_target_dag' retrieved from /usr/local/python/3.12.1/lib/python3.12/site-packages/airflow/example_dags/example_trigger_target_dag.py
[2025-11-17T16:21:12.798+0000] {logging_mixin.py:188} INFO - [2025-11-17T16:21:12.798+0000] {dag.py:3096} INFO - Sync 1 DAGs
[2025-11-17T16:21:12.807+0000] {logging_mixin.py:188} INFO - [2025-11-17T16:21:12.807+0000] {dag.py:3954} INFO - Setting next_dagrun for example_trigger_target_dag to None, run_after=None
[2025-11-17T16:21:12.824+0000] {processor.py:183} INFO - Processing /usr/local/python/3.12.1/lib/python3.12/site-packages/airflow/example_dags/example_trigger_target_dag.py took 0.047 seconds
[2025-11-17T16:21:52.458+0000] {processor.py:161} INFO - Started process (PID=55288) to work on /usr/local/python/3.12.1/lib/python3.12/site-packages/airflow/example_dags/example_trigger_target_dag.py
[2025-11-17T16:21:52.459+0000] {processor.py:830} INFO - Processing file /usr/local/python/3.12.1/lib/python3.12/site-packages/airflow/example_dags/example_trigger_target_dag.py for tasks to queue
[2025-11-17T16:21:52.460+0000] {logging_mixin.py:188} INFO - [2025-11-17T16:21:52.460+0000] {dagbag.py:545} INFO - Filling up the DagBag from /usr/local/python/3.12.1/lib/python3.12/site-packages/airflow/example_dags/example_trigger_target_dag.py
[2025-11-17T16:21:52.465+0000] {processor.py:840} INFO - DAG(s) 'example_trigger_target_dag' retrieved from /usr/local/python/3.12.1/lib/python3.12/site-packages/airflow/example_dags/example_trigger_target_dag.py
[2025-11-17T16:21:52.476+0000] {logging_mixin.py:188} INFO - [2025-11-17T16:21:52.476+0000] {dag.py:3096} INFO - Sync 1 DAGs
[2025-11-17T16:21:52.485+0000] {logging_mixin.py:188} INFO - [2025-11-17T16:21:52.485+0000] {dag.py:3954} INFO - Setting next_dagrun for example_trigger_target_dag to None, run_after=None
[2025-11-17T16:21:52.501+0000] {processor.py:183} INFO - Processing /usr/local/python/3.12.1/lib/python3.12/site-packages/airflow/example_dags/example_trigger_target_dag.py took 0.047 seconds
[2025-11-17T16:22:33.077+0000] {processor.py:161} INFO - Started process (PID=55607) to work on /usr/local/python/3.12.1/lib/python3.12/site-packages/airflow/example_dags/example_trigger_target_dag.py
[2025-11-17T16:22:33.078+0000] {processor.py:830} INFO - Processing file /usr/local/python/3.12.1/lib/python3.12/site-packages/airflow/example_dags/example_trigger_target_dag.py for tasks to queue
[2025-11-17T16:22:33.079+0000] {logging_mixin.py:188} INFO - [2025-11-17T16:22:33.079+0000] {dagbag.py:545} INFO - Filling up the DagBag from /usr/local/python/3.12.1/lib/python3.12/site-packages/airflow/example_dags/example_trigger_target_dag.py
[2025-11-17T16:22:33.083+0000] {processor.py:840} INFO - DAG(s) 'example_trigger_target_dag' retrieved from /usr/local/python/3.12.1/lib/python3.12/site-packages/airflow/example_dags/example_trigger_target_dag.py
[2025-11-17T16:22:33.094+0000] {logging_mixin.py:188} INFO - [2025-11-17T16:22:33.094+0000] {dag.py:3096} INFO - Sync 1 DAGs
[2025-11-17T16:22:33.102+0000] {logging_mixin.py:188} INFO - [2025-11-17T16:22:33.102+0000] {dag.py:3954} INFO - Setting next_dagrun for example_trigger_target_dag to None, run_after=None
[2025-11-17T16:22:33.118+0000] {processor.py:183} INFO - Processing /usr/local/python/3.12.1/lib/python3.12/site-packages/airflow/example_dags/example_trigger_target_dag.py took 0.045 seconds
[2025-11-17T16:23:12.817+0000] {processor.py:161} INFO - Started process (PID=55930) to work on /usr/local/python/3.12.1/lib/python3.12/site-packages/airflow/example_dags/example_trigger_target_dag.py
[2025-11-17T16:23:12.818+0000] {processor.py:830} INFO - Processing file /usr/local/python/3.12.1/lib/python3.12/site-packages/airflow/example_dags/example_trigger_target_dag.py for tasks to queue
[2025-11-17T16:23:12.819+0000] {logging_mixin.py:188} INFO - [2025-11-17T16:23:12.819+0000] {dagbag.py:545} INFO - Filling up the DagBag from /usr/local/python/3.12.1/lib/python3.12/site-packages/airflow/example_dags/example_trigger_target_dag.py
[2025-11-17T16:23:12.824+0000] {processor.py:840} INFO - DAG(s) 'example_trigger_target_dag' retrieved from /usr/local/python/3.12.1/lib/python3.12/site-packages/airflow/example_dags/example_trigger_target_dag.py
[2025-11-17T16:23:12.835+0000] {logging_mixin.py:188} INFO - [2025-11-17T16:23:12.835+0000] {dag.py:3096} INFO - Sync 1 DAGs
[2025-11-17T16:23:12.844+0000] {logging_mixin.py:188} INFO - [2025-11-17T16:23:12.844+0000] {dag.py:3954} INFO - Setting next_dagrun for example_trigger_target_dag to None, run_after=None
[2025-11-17T16:23:12.860+0000] {processor.py:183} INFO - Processing /usr/local/python/3.12.1/lib/python3.12/site-packages/airflow/example_dags/example_trigger_target_dag.py took 0.047 seconds
[2025-11-17T16:23:53.651+0000] {processor.py:161} INFO - Started process (PID=56248) to work on /usr/local/python/3.12.1/lib/python3.12/site-packages/airflow/example_dags/example_trigger_target_dag.py
[2025-11-17T16:23:53.652+0000] {processor.py:830} INFO - Processing file /usr/local/python/3.12.1/lib/python3.12/site-packages/airflow/example_dags/example_trigger_target_dag.py for tasks to queue
[2025-11-17T16:23:53.654+0000] {logging_mixin.py:188} INFO - [2025-11-17T16:23:53.653+0000] {dagbag.py:545} INFO - Filling up the DagBag from /usr/local/python/3.12.1/lib/python3.12/site-packages/airflow/example_dags/example_trigger_target_dag.py
[2025-11-17T16:23:53.658+0000] {processor.py:840} INFO - DAG(s) 'example_trigger_target_dag' retrieved from /usr/local/python/3.12.1/lib/python3.12/site-packages/airflow/example_dags/example_trigger_target_dag.py
[2025-11-17T16:23:53.670+0000] {logging_mixin.py:188} INFO - [2025-11-17T16:23:53.669+0000] {dag.py:3096} INFO - Sync 1 DAGs
[2025-11-17T16:23:53.679+0000] {logging_mixin.py:188} INFO - [2025-11-17T16:23:53.678+0000] {dag.py:3954} INFO - Setting next_dagrun for example_trigger_target_dag to None, run_after=None
[2025-11-17T16:23:53.695+0000] {processor.py:183} INFO - Processing /usr/local/python/3.12.1/lib/python3.12/site-packages/airflow/example_dags/example_trigger_target_dag.py took 0.048 seconds
[2025-11-17T16:24:36.414+0000] {processor.py:161} INFO - Started process (PID=56576) to work on /usr/local/python/3.12.1/lib/python3.12/site-packages/airflow/example_dags/example_trigger_target_dag.py
[2025-11-17T16:24:36.415+0000] {processor.py:830} INFO - Processing file /usr/local/python/3.12.1/lib/python3.12/site-packages/airflow/example_dags/example_trigger_target_dag.py for tasks to queue
[2025-11-17T16:24:36.416+0000] {logging_mixin.py:188} INFO - [2025-11-17T16:24:36.416+0000] {dagbag.py:545} INFO - Filling up the DagBag from /usr/local/python/3.12.1/lib/python3.12/site-packages/airflow/example_dags/example_trigger_target_dag.py
[2025-11-17T16:24:36.420+0000] {processor.py:840} INFO - DAG(s) 'example_trigger_target_dag' retrieved from /usr/local/python/3.12.1/lib/python3.12/site-packages/airflow/example_dags/example_trigger_target_dag.py
[2025-11-17T16:24:36.431+0000] {logging_mixin.py:188} INFO - [2025-11-17T16:24:36.431+0000] {dag.py:3096} INFO - Sync 1 DAGs
[2025-11-17T16:24:36.439+0000] {logging_mixin.py:188} INFO - [2025-11-17T16:24:36.439+0000] {dag.py:3954} INFO - Setting next_dagrun for example_trigger_target_dag to None, run_after=None
[2025-11-17T16:24:36.457+0000] {processor.py:183} INFO - Processing /usr/local/python/3.12.1/lib/python3.12/site-packages/airflow/example_dags/example_trigger_target_dag.py took 0.047 seconds
[2025-11-17T16:25:13.843+0000] {processor.py:161} INFO - Started process (PID=56884) to work on /usr/local/python/3.12.1/lib/python3.12/site-packages/airflow/example_dags/example_trigger_target_dag.py
[2025-11-17T16:25:13.843+0000] {processor.py:830} INFO - Processing file /usr/local/python/3.12.1/lib/python3.12/site-packages/airflow/example_dags/example_trigger_target_dag.py for tasks to queue
[2025-11-17T16:25:13.845+0000] {logging_mixin.py:188} INFO - [2025-11-17T16:25:13.844+0000] {dagbag.py:545} INFO - Filling up the DagBag from /usr/local/python/3.12.1/lib/python3.12/site-packages/airflow/example_dags/example_trigger_target_dag.py
[2025-11-17T16:25:13.849+0000] {processor.py:840} INFO - DAG(s) 'example_trigger_target_dag' retrieved from /usr/local/python/3.12.1/lib/python3.12/site-packages/airflow/example_dags/example_trigger_target_dag.py
[2025-11-17T16:25:13.860+0000] {logging_mixin.py:188} INFO - [2025-11-17T16:25:13.860+0000] {dag.py:3096} INFO - Sync 1 DAGs
[2025-11-17T16:25:13.868+0000] {logging_mixin.py:188} INFO - [2025-11-17T16:25:13.868+0000] {dag.py:3954} INFO - Setting next_dagrun for example_trigger_target_dag to None, run_after=None
[2025-11-17T16:25:13.885+0000] {processor.py:183} INFO - Processing /usr/local/python/3.12.1/lib/python3.12/site-packages/airflow/example_dags/example_trigger_target_dag.py took 0.046 seconds
[2025-11-17T16:25:53.796+0000] {processor.py:161} INFO - Started process (PID=57213) to work on /usr/local/python/3.12.1/lib/python3.12/site-packages/airflow/example_dags/example_trigger_target_dag.py
[2025-11-17T16:25:53.796+0000] {processor.py:830} INFO - Processing file /usr/local/python/3.12.1/lib/python3.12/site-packages/airflow/example_dags/example_trigger_target_dag.py for tasks to queue
[2025-11-17T16:25:53.798+0000] {logging_mixin.py:188} INFO - [2025-11-17T16:25:53.797+0000] {dagbag.py:545} INFO - Filling up the DagBag from /usr/local/python/3.12.1/lib/python3.12/site-packages/airflow/example_dags/example_trigger_target_dag.py
[2025-11-17T16:25:53.802+0000] {processor.py:840} INFO - DAG(s) 'example_trigger_target_dag' retrieved from /usr/local/python/3.12.1/lib/python3.12/site-packages/airflow/example_dags/example_trigger_target_dag.py
[2025-11-17T16:25:53.813+0000] {logging_mixin.py:188} INFO - [2025-11-17T16:25:53.813+0000] {dag.py:3096} INFO - Sync 1 DAGs
[2025-11-17T16:25:53.822+0000] {logging_mixin.py:188} INFO - [2025-11-17T16:25:53.822+0000] {dag.py:3954} INFO - Setting next_dagrun for example_trigger_target_dag to None, run_after=None
[2025-11-17T16:25:53.838+0000] {processor.py:183} INFO - Processing /usr/local/python/3.12.1/lib/python3.12/site-packages/airflow/example_dags/example_trigger_target_dag.py took 0.046 seconds
[2025-11-17T16:26:34.268+0000] {processor.py:161} INFO - Started process (PID=57562) to work on /usr/local/python/3.12.1/lib/python3.12/site-packages/airflow/example_dags/example_trigger_target_dag.py
[2025-11-17T16:26:34.269+0000] {processor.py:830} INFO - Processing file /usr/local/python/3.12.1/lib/python3.12/site-packages/airflow/example_dags/example_trigger_target_dag.py for tasks to queue
[2025-11-17T16:26:34.270+0000] {logging_mixin.py:188} INFO - [2025-11-17T16:26:34.270+0000] {dagbag.py:545} INFO - Filling up the DagBag from /usr/local/python/3.12.1/lib/python3.12/site-packages/airflow/example_dags/example_trigger_target_dag.py
[2025-11-17T16:26:34.275+0000] {processor.py:840} INFO - DAG(s) 'example_trigger_target_dag' retrieved from /usr/local/python/3.12.1/lib/python3.12/site-packages/airflow/example_dags/example_trigger_target_dag.py
[2025-11-17T16:26:34.285+0000] {logging_mixin.py:188} INFO - [2025-11-17T16:26:34.285+0000] {dag.py:3096} INFO - Sync 1 DAGs
[2025-11-17T16:26:34.294+0000] {logging_mixin.py:188} INFO - [2025-11-17T16:26:34.293+0000] {dag.py:3954} INFO - Setting next_dagrun for example_trigger_target_dag to None, run_after=None
[2025-11-17T16:26:34.310+0000] {processor.py:183} INFO - Processing /usr/local/python/3.12.1/lib/python3.12/site-packages/airflow/example_dags/example_trigger_target_dag.py took 0.045 seconds
[2025-11-17T16:27:15.317+0000] {processor.py:161} INFO - Started process (PID=57881) to work on /usr/local/python/3.12.1/lib/python3.12/site-packages/airflow/example_dags/example_trigger_target_dag.py
[2025-11-17T16:27:15.317+0000] {processor.py:830} INFO - Processing file /usr/local/python/3.12.1/lib/python3.12/site-packages/airflow/example_dags/example_trigger_target_dag.py for tasks to queue
[2025-11-17T16:27:15.319+0000] {logging_mixin.py:188} INFO - [2025-11-17T16:27:15.318+0000] {dagbag.py:545} INFO - Filling up the DagBag from /usr/local/python/3.12.1/lib/python3.12/site-packages/airflow/example_dags/example_trigger_target_dag.py
[2025-11-17T16:27:15.323+0000] {processor.py:840} INFO - DAG(s) 'example_trigger_target_dag' retrieved from /usr/local/python/3.12.1/lib/python3.12/site-packages/airflow/example_dags/example_trigger_target_dag.py
[2025-11-17T16:27:15.334+0000] {logging_mixin.py:188} INFO - [2025-11-17T16:27:15.334+0000] {dag.py:3096} INFO - Sync 1 DAGs
[2025-11-17T16:27:15.342+0000] {logging_mixin.py:188} INFO - [2025-11-17T16:27:15.342+0000] {dag.py:3954} INFO - Setting next_dagrun for example_trigger_target_dag to None, run_after=None
[2025-11-17T16:27:15.358+0000] {processor.py:183} INFO - Processing /usr/local/python/3.12.1/lib/python3.12/site-packages/airflow/example_dags/example_trigger_target_dag.py took 0.045 seconds
[2025-11-17T16:27:53.980+0000] {processor.py:161} INFO - Started process (PID=58189) to work on /usr/local/python/3.12.1/lib/python3.12/site-packages/airflow/example_dags/example_trigger_target_dag.py
[2025-11-17T16:27:53.981+0000] {processor.py:830} INFO - Processing file /usr/local/python/3.12.1/lib/python3.12/site-packages/airflow/example_dags/example_trigger_target_dag.py for tasks to queue
[2025-11-17T16:27:53.982+0000] {logging_mixin.py:188} INFO - [2025-11-17T16:27:53.982+0000] {dagbag.py:545} INFO - Filling up the DagBag from /usr/local/python/3.12.1/lib/python3.12/site-packages/airflow/example_dags/example_trigger_target_dag.py
[2025-11-17T16:27:53.987+0000] {processor.py:840} INFO - DAG(s) 'example_trigger_target_dag' retrieved from /usr/local/python/3.12.1/lib/python3.12/site-packages/airflow/example_dags/example_trigger_target_dag.py
[2025-11-17T16:27:53.997+0000] {logging_mixin.py:188} INFO - [2025-11-17T16:27:53.997+0000] {dag.py:3096} INFO - Sync 1 DAGs
[2025-11-17T16:27:54.006+0000] {logging_mixin.py:188} INFO - [2025-11-17T16:27:54.006+0000] {dag.py:3954} INFO - Setting next_dagrun for example_trigger_target_dag to None, run_after=None
[2025-11-17T16:27:54.021+0000] {processor.py:183} INFO - Processing /usr/local/python/3.12.1/lib/python3.12/site-packages/airflow/example_dags/example_trigger_target_dag.py took 0.045 seconds
[2025-11-17T16:28:30.681+0000] {processor.py:161} INFO - Started process (PID=58470) to work on /usr/local/python/3.12.1/lib/python3.12/site-packages/airflow/example_dags/example_trigger_target_dag.py
[2025-11-17T16:28:30.681+0000] {processor.py:830} INFO - Processing file /usr/local/python/3.12.1/lib/python3.12/site-packages/airflow/example_dags/example_trigger_target_dag.py for tasks to queue
[2025-11-17T16:28:30.682+0000] {logging_mixin.py:188} INFO - [2025-11-17T16:28:30.682+0000] {dagbag.py:545} INFO - Filling up the DagBag from /usr/local/python/3.12.1/lib/python3.12/site-packages/airflow/example_dags/example_trigger_target_dag.py
[2025-11-17T16:28:30.687+0000] {processor.py:840} INFO - DAG(s) 'example_trigger_target_dag' retrieved from /usr/local/python/3.12.1/lib/python3.12/site-packages/airflow/example_dags/example_trigger_target_dag.py
[2025-11-17T16:28:30.698+0000] {logging_mixin.py:188} INFO - [2025-11-17T16:28:30.698+0000] {dag.py:3096} INFO - Sync 1 DAGs
[2025-11-17T16:28:30.706+0000] {logging_mixin.py:188} INFO - [2025-11-17T16:28:30.706+0000] {dag.py:3954} INFO - Setting next_dagrun for example_trigger_target_dag to None, run_after=None
[2025-11-17T16:28:30.723+0000] {processor.py:183} INFO - Processing /usr/local/python/3.12.1/lib/python3.12/site-packages/airflow/example_dags/example_trigger_target_dag.py took 0.047 seconds
[2025-11-17T16:29:08.896+0000] {processor.py:161} INFO - Started process (PID=58776) to work on /usr/local/python/3.12.1/lib/python3.12/site-packages/airflow/example_dags/example_trigger_target_dag.py
[2025-11-17T16:29:08.897+0000] {processor.py:830} INFO - Processing file /usr/local/python/3.12.1/lib/python3.12/site-packages/airflow/example_dags/example_trigger_target_dag.py for tasks to queue
[2025-11-17T16:29:08.898+0000] {logging_mixin.py:188} INFO - [2025-11-17T16:29:08.898+0000] {dagbag.py:545} INFO - Filling up the DagBag from /usr/local/python/3.12.1/lib/python3.12/site-packages/airflow/example_dags/example_trigger_target_dag.py
[2025-11-17T16:29:08.903+0000] {processor.py:840} INFO - DAG(s) 'example_trigger_target_dag' retrieved from /usr/local/python/3.12.1/lib/python3.12/site-packages/airflow/example_dags/example_trigger_target_dag.py
[2025-11-17T16:29:08.914+0000] {logging_mixin.py:188} INFO - [2025-11-17T16:29:08.914+0000] {dag.py:3096} INFO - Sync 1 DAGs
[2025-11-17T16:29:08.923+0000] {logging_mixin.py:188} INFO - [2025-11-17T16:29:08.922+0000] {dag.py:3954} INFO - Setting next_dagrun for example_trigger_target_dag to None, run_after=None
[2025-11-17T16:29:08.939+0000] {processor.py:183} INFO - Processing /usr/local/python/3.12.1/lib/python3.12/site-packages/airflow/example_dags/example_trigger_target_dag.py took 0.048 seconds
[2025-11-17T16:29:48.825+0000] {processor.py:161} INFO - Started process (PID=59088) to work on /usr/local/python/3.12.1/lib/python3.12/site-packages/airflow/example_dags/example_trigger_target_dag.py
[2025-11-17T16:29:48.826+0000] {processor.py:830} INFO - Processing file /usr/local/python/3.12.1/lib/python3.12/site-packages/airflow/example_dags/example_trigger_target_dag.py for tasks to queue
[2025-11-17T16:29:48.827+0000] {logging_mixin.py:188} INFO - [2025-11-17T16:29:48.827+0000] {dagbag.py:545} INFO - Filling up the DagBag from /usr/local/python/3.12.1/lib/python3.12/site-packages/airflow/example_dags/example_trigger_target_dag.py
[2025-11-17T16:29:48.831+0000] {processor.py:840} INFO - DAG(s) 'example_trigger_target_dag' retrieved from /usr/local/python/3.12.1/lib/python3.12/site-packages/airflow/example_dags/example_trigger_target_dag.py
[2025-11-17T16:29:48.842+0000] {logging_mixin.py:188} INFO - [2025-11-17T16:29:48.842+0000] {dag.py:3096} INFO - Sync 1 DAGs
[2025-11-17T16:29:48.850+0000] {logging_mixin.py:188} INFO - [2025-11-17T16:29:48.850+0000] {dag.py:3954} INFO - Setting next_dagrun for example_trigger_target_dag to None, run_after=None
[2025-11-17T16:29:48.867+0000] {processor.py:183} INFO - Processing /usr/local/python/3.12.1/lib/python3.12/site-packages/airflow/example_dags/example_trigger_target_dag.py took 0.046 seconds
[2025-11-17T16:30:25.712+0000] {processor.py:161} INFO - Started process (PID=59387) to work on /usr/local/python/3.12.1/lib/python3.12/site-packages/airflow/example_dags/example_trigger_target_dag.py
[2025-11-17T16:30:25.713+0000] {processor.py:830} INFO - Processing file /usr/local/python/3.12.1/lib/python3.12/site-packages/airflow/example_dags/example_trigger_target_dag.py for tasks to queue
[2025-11-17T16:30:25.714+0000] {logging_mixin.py:188} INFO - [2025-11-17T16:30:25.714+0000] {dagbag.py:545} INFO - Filling up the DagBag from /usr/local/python/3.12.1/lib/python3.12/site-packages/airflow/example_dags/example_trigger_target_dag.py
[2025-11-17T16:30:25.719+0000] {processor.py:840} INFO - DAG(s) 'example_trigger_target_dag' retrieved from /usr/local/python/3.12.1/lib/python3.12/site-packages/airflow/example_dags/example_trigger_target_dag.py
[2025-11-17T16:30:25.729+0000] {logging_mixin.py:188} INFO - [2025-11-17T16:30:25.729+0000] {dag.py:3096} INFO - Sync 1 DAGs
[2025-11-17T16:30:25.738+0000] {logging_mixin.py:188} INFO - [2025-11-17T16:30:25.738+0000] {dag.py:3954} INFO - Setting next_dagrun for example_trigger_target_dag to None, run_after=None
[2025-11-17T16:30:25.754+0000] {processor.py:183} INFO - Processing /usr/local/python/3.12.1/lib/python3.12/site-packages/airflow/example_dags/example_trigger_target_dag.py took 0.046 seconds
[2025-11-17T16:31:06.023+0000] {processor.py:161} INFO - Started process (PID=59747) to work on /usr/local/python/3.12.1/lib/python3.12/site-packages/airflow/example_dags/example_trigger_target_dag.py
[2025-11-17T16:31:06.024+0000] {processor.py:830} INFO - Processing file /usr/local/python/3.12.1/lib/python3.12/site-packages/airflow/example_dags/example_trigger_target_dag.py for tasks to queue
[2025-11-17T16:31:06.025+0000] {logging_mixin.py:188} INFO - [2025-11-17T16:31:06.025+0000] {dagbag.py:545} INFO - Filling up the DagBag from /usr/local/python/3.12.1/lib/python3.12/site-packages/airflow/example_dags/example_trigger_target_dag.py
[2025-11-17T16:31:06.030+0000] {processor.py:840} INFO - DAG(s) 'example_trigger_target_dag' retrieved from /usr/local/python/3.12.1/lib/python3.12/site-packages/airflow/example_dags/example_trigger_target_dag.py
[2025-11-17T16:31:06.040+0000] {logging_mixin.py:188} INFO - [2025-11-17T16:31:06.040+0000] {dag.py:3096} INFO - Sync 1 DAGs
[2025-11-17T16:31:06.049+0000] {logging_mixin.py:188} INFO - [2025-11-17T16:31:06.048+0000] {dag.py:3954} INFO - Setting next_dagrun for example_trigger_target_dag to None, run_after=None
[2025-11-17T16:31:06.065+0000] {processor.py:183} INFO - Processing /usr/local/python/3.12.1/lib/python3.12/site-packages/airflow/example_dags/example_trigger_target_dag.py took 0.045 seconds
[2025-11-17T16:31:43.672+0000] {processor.py:161} INFO - Started process (PID=60028) to work on /usr/local/python/3.12.1/lib/python3.12/site-packages/airflow/example_dags/example_trigger_target_dag.py
[2025-11-17T16:31:43.673+0000] {processor.py:830} INFO - Processing file /usr/local/python/3.12.1/lib/python3.12/site-packages/airflow/example_dags/example_trigger_target_dag.py for tasks to queue
[2025-11-17T16:31:43.675+0000] {logging_mixin.py:188} INFO - [2025-11-17T16:31:43.674+0000] {dagbag.py:545} INFO - Filling up the DagBag from /usr/local/python/3.12.1/lib/python3.12/site-packages/airflow/example_dags/example_trigger_target_dag.py
[2025-11-17T16:31:43.679+0000] {processor.py:840} INFO - DAG(s) 'example_trigger_target_dag' retrieved from /usr/local/python/3.12.1/lib/python3.12/site-packages/airflow/example_dags/example_trigger_target_dag.py
[2025-11-17T16:31:43.690+0000] {logging_mixin.py:188} INFO - [2025-11-17T16:31:43.690+0000] {dag.py:3096} INFO - Sync 1 DAGs
[2025-11-17T16:31:43.699+0000] {logging_mixin.py:188} INFO - [2025-11-17T16:31:43.699+0000] {dag.py:3954} INFO - Setting next_dagrun for example_trigger_target_dag to None, run_after=None
[2025-11-17T16:31:43.716+0000] {processor.py:183} INFO - Processing /usr/local/python/3.12.1/lib/python3.12/site-packages/airflow/example_dags/example_trigger_target_dag.py took 0.047 seconds
[2025-11-17T16:32:24.478+0000] {processor.py:161} INFO - Started process (PID=60351) to work on /usr/local/python/3.12.1/lib/python3.12/site-packages/airflow/example_dags/example_trigger_target_dag.py
[2025-11-17T16:32:24.479+0000] {processor.py:830} INFO - Processing file /usr/local/python/3.12.1/lib/python3.12/site-packages/airflow/example_dags/example_trigger_target_dag.py for tasks to queue
[2025-11-17T16:32:24.480+0000] {logging_mixin.py:188} INFO - [2025-11-17T16:32:24.480+0000] {dagbag.py:545} INFO - Filling up the DagBag from /usr/local/python/3.12.1/lib/python3.12/site-packages/airflow/example_dags/example_trigger_target_dag.py
[2025-11-17T16:32:24.485+0000] {processor.py:840} INFO - DAG(s) 'example_trigger_target_dag' retrieved from /usr/local/python/3.12.1/lib/python3.12/site-packages/airflow/example_dags/example_trigger_target_dag.py
[2025-11-17T16:32:24.496+0000] {logging_mixin.py:188} INFO - [2025-11-17T16:32:24.495+0000] {dag.py:3096} INFO - Sync 1 DAGs
[2025-11-17T16:32:24.504+0000] {logging_mixin.py:188} INFO - [2025-11-17T16:32:24.504+0000] {dag.py:3954} INFO - Setting next_dagrun for example_trigger_target_dag to None, run_after=None
[2025-11-17T16:32:24.520+0000] {processor.py:183} INFO - Processing /usr/local/python/3.12.1/lib/python3.12/site-packages/airflow/example_dags/example_trigger_target_dag.py took 0.046 seconds
[2025-11-17T16:33:07.341+0000] {processor.py:161} INFO - Started process (PID=60703) to work on /usr/local/python/3.12.1/lib/python3.12/site-packages/airflow/example_dags/example_trigger_target_dag.py
[2025-11-17T16:33:07.342+0000] {processor.py:830} INFO - Processing file /usr/local/python/3.12.1/lib/python3.12/site-packages/airflow/example_dags/example_trigger_target_dag.py for tasks to queue
[2025-11-17T16:33:07.343+0000] {logging_mixin.py:188} INFO - [2025-11-17T16:33:07.343+0000] {dagbag.py:545} INFO - Filling up the DagBag from /usr/local/python/3.12.1/lib/python3.12/site-packages/airflow/example_dags/example_trigger_target_dag.py
[2025-11-17T16:33:07.348+0000] {processor.py:840} INFO - DAG(s) 'example_trigger_target_dag' retrieved from /usr/local/python/3.12.1/lib/python3.12/site-packages/airflow/example_dags/example_trigger_target_dag.py
[2025-11-17T16:33:07.359+0000] {logging_mixin.py:188} INFO - [2025-11-17T16:33:07.359+0000] {dag.py:3096} INFO - Sync 1 DAGs
[2025-11-17T16:33:07.368+0000] {logging_mixin.py:188} INFO - [2025-11-17T16:33:07.368+0000] {dag.py:3954} INFO - Setting next_dagrun for example_trigger_target_dag to None, run_after=None
[2025-11-17T16:33:07.386+0000] {processor.py:183} INFO - Processing /usr/local/python/3.12.1/lib/python3.12/site-packages/airflow/example_dags/example_trigger_target_dag.py took 0.049 seconds
[2025-11-17T16:33:47.076+0000] {processor.py:161} INFO - Started process (PID=60996) to work on /usr/local/python/3.12.1/lib/python3.12/site-packages/airflow/example_dags/example_trigger_target_dag.py
[2025-11-17T16:33:47.077+0000] {processor.py:830} INFO - Processing file /usr/local/python/3.12.1/lib/python3.12/site-packages/airflow/example_dags/example_trigger_target_dag.py for tasks to queue
[2025-11-17T16:33:47.078+0000] {logging_mixin.py:188} INFO - [2025-11-17T16:33:47.078+0000] {dagbag.py:545} INFO - Filling up the DagBag from /usr/local/python/3.12.1/lib/python3.12/site-packages/airflow/example_dags/example_trigger_target_dag.py
[2025-11-17T16:33:47.083+0000] {processor.py:840} INFO - DAG(s) 'example_trigger_target_dag' retrieved from /usr/local/python/3.12.1/lib/python3.12/site-packages/airflow/example_dags/example_trigger_target_dag.py
[2025-11-17T16:33:47.094+0000] {logging_mixin.py:188} INFO - [2025-11-17T16:33:47.094+0000] {dag.py:3096} INFO - Sync 1 DAGs
[2025-11-17T16:33:47.102+0000] {logging_mixin.py:188} INFO - [2025-11-17T16:33:47.102+0000] {dag.py:3954} INFO - Setting next_dagrun for example_trigger_target_dag to None, run_after=None
[2025-11-17T16:33:47.120+0000] {processor.py:183} INFO - Processing /usr/local/python/3.12.1/lib/python3.12/site-packages/airflow/example_dags/example_trigger_target_dag.py took 0.048 seconds
[2025-11-17T16:34:26.619+0000] {processor.py:161} INFO - Started process (PID=61312) to work on /usr/local/python/3.12.1/lib/python3.12/site-packages/airflow/example_dags/example_trigger_target_dag.py
[2025-11-17T16:34:26.620+0000] {processor.py:830} INFO - Processing file /usr/local/python/3.12.1/lib/python3.12/site-packages/airflow/example_dags/example_trigger_target_dag.py for tasks to queue
[2025-11-17T16:34:26.621+0000] {logging_mixin.py:188} INFO - [2025-11-17T16:34:26.620+0000] {dagbag.py:545} INFO - Filling up the DagBag from /usr/local/python/3.12.1/lib/python3.12/site-packages/airflow/example_dags/example_trigger_target_dag.py
[2025-11-17T16:34:26.625+0000] {processor.py:840} INFO - DAG(s) 'example_trigger_target_dag' retrieved from /usr/local/python/3.12.1/lib/python3.12/site-packages/airflow/example_dags/example_trigger_target_dag.py
[2025-11-17T16:34:26.636+0000] {logging_mixin.py:188} INFO - [2025-11-17T16:34:26.636+0000] {dag.py:3096} INFO - Sync 1 DAGs
[2025-11-17T16:34:26.644+0000] {logging_mixin.py:188} INFO - [2025-11-17T16:34:26.644+0000] {dag.py:3954} INFO - Setting next_dagrun for example_trigger_target_dag to None, run_after=None
[2025-11-17T16:34:26.661+0000] {processor.py:183} INFO - Processing /usr/local/python/3.12.1/lib/python3.12/site-packages/airflow/example_dags/example_trigger_target_dag.py took 0.046 seconds
[2025-11-17T16:35:05.857+0000] {processor.py:161} INFO - Started process (PID=61622) to work on /usr/local/python/3.12.1/lib/python3.12/site-packages/airflow/example_dags/example_trigger_target_dag.py
[2025-11-17T16:35:05.858+0000] {processor.py:830} INFO - Processing file /usr/local/python/3.12.1/lib/python3.12/site-packages/airflow/example_dags/example_trigger_target_dag.py for tasks to queue
[2025-11-17T16:35:05.859+0000] {logging_mixin.py:188} INFO - [2025-11-17T16:35:05.859+0000] {dagbag.py:545} INFO - Filling up the DagBag from /usr/local/python/3.12.1/lib/python3.12/site-packages/airflow/example_dags/example_trigger_target_dag.py
[2025-11-17T16:35:05.864+0000] {processor.py:840} INFO - DAG(s) 'example_trigger_target_dag' retrieved from /usr/local/python/3.12.1/lib/python3.12/site-packages/airflow/example_dags/example_trigger_target_dag.py
[2025-11-17T16:35:05.875+0000] {logging_mixin.py:188} INFO - [2025-11-17T16:35:05.874+0000] {dag.py:3096} INFO - Sync 1 DAGs
[2025-11-17T16:35:05.883+0000] {logging_mixin.py:188} INFO - [2025-11-17T16:35:05.883+0000] {dag.py:3954} INFO - Setting next_dagrun for example_trigger_target_dag to None, run_after=None
[2025-11-17T16:35:05.900+0000] {processor.py:183} INFO - Processing /usr/local/python/3.12.1/lib/python3.12/site-packages/airflow/example_dags/example_trigger_target_dag.py took 0.046 seconds
[2025-11-17T16:35:41.425+0000] {processor.py:161} INFO - Started process (PID=61915) to work on /usr/local/python/3.12.1/lib/python3.12/site-packages/airflow/example_dags/example_trigger_target_dag.py
[2025-11-17T16:35:41.426+0000] {processor.py:830} INFO - Processing file /usr/local/python/3.12.1/lib/python3.12/site-packages/airflow/example_dags/example_trigger_target_dag.py for tasks to queue
[2025-11-17T16:35:41.427+0000] {logging_mixin.py:188} INFO - [2025-11-17T16:35:41.427+0000] {dagbag.py:545} INFO - Filling up the DagBag from /usr/local/python/3.12.1/lib/python3.12/site-packages/airflow/example_dags/example_trigger_target_dag.py
[2025-11-17T16:35:41.432+0000] {processor.py:840} INFO - DAG(s) 'example_trigger_target_dag' retrieved from /usr/local/python/3.12.1/lib/python3.12/site-packages/airflow/example_dags/example_trigger_target_dag.py
[2025-11-17T16:35:41.442+0000] {logging_mixin.py:188} INFO - [2025-11-17T16:35:41.442+0000] {dag.py:3096} INFO - Sync 1 DAGs
[2025-11-17T16:35:41.451+0000] {logging_mixin.py:188} INFO - [2025-11-17T16:35:41.451+0000] {dag.py:3954} INFO - Setting next_dagrun for example_trigger_target_dag to None, run_after=None
[2025-11-17T16:35:41.467+0000] {processor.py:183} INFO - Processing /usr/local/python/3.12.1/lib/python3.12/site-packages/airflow/example_dags/example_trigger_target_dag.py took 0.046 seconds
[2025-11-17T16:36:17.254+0000] {processor.py:161} INFO - Started process (PID=62235) to work on /usr/local/python/3.12.1/lib/python3.12/site-packages/airflow/example_dags/example_trigger_target_dag.py
[2025-11-17T16:36:17.254+0000] {processor.py:830} INFO - Processing file /usr/local/python/3.12.1/lib/python3.12/site-packages/airflow/example_dags/example_trigger_target_dag.py for tasks to queue
[2025-11-17T16:36:17.256+0000] {logging_mixin.py:188} INFO - [2025-11-17T16:36:17.255+0000] {dagbag.py:545} INFO - Filling up the DagBag from /usr/local/python/3.12.1/lib/python3.12/site-packages/airflow/example_dags/example_trigger_target_dag.py
[2025-11-17T16:36:17.260+0000] {processor.py:840} INFO - DAG(s) 'example_trigger_target_dag' retrieved from /usr/local/python/3.12.1/lib/python3.12/site-packages/airflow/example_dags/example_trigger_target_dag.py
[2025-11-17T16:36:17.271+0000] {logging_mixin.py:188} INFO - [2025-11-17T16:36:17.271+0000] {dag.py:3096} INFO - Sync 1 DAGs
[2025-11-17T16:36:17.280+0000] {logging_mixin.py:188} INFO - [2025-11-17T16:36:17.280+0000] {dag.py:3954} INFO - Setting next_dagrun for example_trigger_target_dag to None, run_after=None
[2025-11-17T16:36:17.297+0000] {processor.py:183} INFO - Processing /usr/local/python/3.12.1/lib/python3.12/site-packages/airflow/example_dags/example_trigger_target_dag.py took 0.047 seconds
[2025-11-17T16:36:55.561+0000] {processor.py:161} INFO - Started process (PID=62535) to work on /usr/local/python/3.12.1/lib/python3.12/site-packages/airflow/example_dags/example_trigger_target_dag.py
[2025-11-17T16:36:55.561+0000] {processor.py:830} INFO - Processing file /usr/local/python/3.12.1/lib/python3.12/site-packages/airflow/example_dags/example_trigger_target_dag.py for tasks to queue
[2025-11-17T16:36:55.563+0000] {logging_mixin.py:188} INFO - [2025-11-17T16:36:55.562+0000] {dagbag.py:545} INFO - Filling up the DagBag from /usr/local/python/3.12.1/lib/python3.12/site-packages/airflow/example_dags/example_trigger_target_dag.py
[2025-11-17T16:36:55.567+0000] {processor.py:840} INFO - DAG(s) 'example_trigger_target_dag' retrieved from /usr/local/python/3.12.1/lib/python3.12/site-packages/airflow/example_dags/example_trigger_target_dag.py
[2025-11-17T16:36:55.582+0000] {logging_mixin.py:188} INFO - [2025-11-17T16:36:55.582+0000] {dag.py:3096} INFO - Sync 1 DAGs
[2025-11-17T16:36:55.591+0000] {logging_mixin.py:188} INFO - [2025-11-17T16:36:55.591+0000] {dag.py:3954} INFO - Setting next_dagrun for example_trigger_target_dag to None, run_after=None
[2025-11-17T16:36:55.607+0000] {processor.py:183} INFO - Processing /usr/local/python/3.12.1/lib/python3.12/site-packages/airflow/example_dags/example_trigger_target_dag.py took 0.051 seconds
[2025-11-17T16:37:38.116+0000] {processor.py:161} INFO - Started process (PID=62867) to work on /usr/local/python/3.12.1/lib/python3.12/site-packages/airflow/example_dags/example_trigger_target_dag.py
[2025-11-17T16:37:38.117+0000] {processor.py:830} INFO - Processing file /usr/local/python/3.12.1/lib/python3.12/site-packages/airflow/example_dags/example_trigger_target_dag.py for tasks to queue
[2025-11-17T16:37:38.118+0000] {logging_mixin.py:188} INFO - [2025-11-17T16:37:38.118+0000] {dagbag.py:545} INFO - Filling up the DagBag from /usr/local/python/3.12.1/lib/python3.12/site-packages/airflow/example_dags/example_trigger_target_dag.py
[2025-11-17T16:37:38.124+0000] {processor.py:840} INFO - DAG(s) 'example_trigger_target_dag' retrieved from /usr/local/python/3.12.1/lib/python3.12/site-packages/airflow/example_dags/example_trigger_target_dag.py
[2025-11-17T16:37:38.137+0000] {logging_mixin.py:188} INFO - [2025-11-17T16:37:38.137+0000] {dag.py:3096} INFO - Sync 1 DAGs
[2025-11-17T16:37:38.146+0000] {logging_mixin.py:188} INFO - [2025-11-17T16:37:38.146+0000] {dag.py:3954} INFO - Setting next_dagrun for example_trigger_target_dag to None, run_after=None
[2025-11-17T16:37:38.162+0000] {processor.py:183} INFO - Processing /usr/local/python/3.12.1/lib/python3.12/site-packages/airflow/example_dags/example_trigger_target_dag.py took 0.050 seconds
[2025-11-17T16:38:21.913+0000] {processor.py:161} INFO - Started process (PID=63413) to work on /usr/local/python/3.12.1/lib/python3.12/site-packages/airflow/example_dags/example_trigger_target_dag.py
[2025-11-17T16:38:21.914+0000] {processor.py:830} INFO - Processing file /usr/local/python/3.12.1/lib/python3.12/site-packages/airflow/example_dags/example_trigger_target_dag.py for tasks to queue
[2025-11-17T16:38:21.916+0000] {logging_mixin.py:188} INFO - [2025-11-17T16:38:21.915+0000] {dagbag.py:545} INFO - Filling up the DagBag from /usr/local/python/3.12.1/lib/python3.12/site-packages/airflow/example_dags/example_trigger_target_dag.py
[2025-11-17T16:38:21.922+0000] {processor.py:840} INFO - DAG(s) 'example_trigger_target_dag' retrieved from /usr/local/python/3.12.1/lib/python3.12/site-packages/airflow/example_dags/example_trigger_target_dag.py
[2025-11-17T16:38:21.934+0000] {logging_mixin.py:188} INFO - [2025-11-17T16:38:21.934+0000] {dag.py:3096} INFO - Sync 1 DAGs
[2025-11-17T16:38:21.943+0000] {logging_mixin.py:188} INFO - [2025-11-17T16:38:21.942+0000] {dag.py:3954} INFO - Setting next_dagrun for example_trigger_target_dag to None, run_after=None
[2025-11-17T16:38:21.960+0000] {processor.py:183} INFO - Processing /usr/local/python/3.12.1/lib/python3.12/site-packages/airflow/example_dags/example_trigger_target_dag.py took 0.051 seconds
[2025-11-17T16:39:05.721+0000] {processor.py:161} INFO - Started process (PID=64574) to work on /usr/local/python/3.12.1/lib/python3.12/site-packages/airflow/example_dags/example_trigger_target_dag.py
[2025-11-17T16:39:05.721+0000] {processor.py:830} INFO - Processing file /usr/local/python/3.12.1/lib/python3.12/site-packages/airflow/example_dags/example_trigger_target_dag.py for tasks to queue
[2025-11-17T16:39:05.723+0000] {logging_mixin.py:188} INFO - [2025-11-17T16:39:05.722+0000] {dagbag.py:545} INFO - Filling up the DagBag from /usr/local/python/3.12.1/lib/python3.12/site-packages/airflow/example_dags/example_trigger_target_dag.py
[2025-11-17T16:39:05.727+0000] {processor.py:840} INFO - DAG(s) 'example_trigger_target_dag' retrieved from /usr/local/python/3.12.1/lib/python3.12/site-packages/airflow/example_dags/example_trigger_target_dag.py
[2025-11-17T16:39:05.738+0000] {logging_mixin.py:188} INFO - [2025-11-17T16:39:05.737+0000] {dag.py:3096} INFO - Sync 1 DAGs
[2025-11-17T16:39:05.746+0000] {logging_mixin.py:188} INFO - [2025-11-17T16:39:05.746+0000] {dag.py:3954} INFO - Setting next_dagrun for example_trigger_target_dag to None, run_after=None
[2025-11-17T16:39:05.763+0000] {processor.py:183} INFO - Processing /usr/local/python/3.12.1/lib/python3.12/site-packages/airflow/example_dags/example_trigger_target_dag.py took 0.046 seconds
