[2025-11-17T15:42:48.776+0000] {processor.py:161} INFO - Started process (PID=28305) to work on /usr/local/python/3.12.1/lib/python3.12/site-packages/airflow/example_dags/example_branch_day_of_week_operator.py
[2025-11-17T15:42:48.777+0000] {processor.py:830} INFO - Processing file /usr/local/python/3.12.1/lib/python3.12/site-packages/airflow/example_dags/example_branch_day_of_week_operator.py for tasks to queue
[2025-11-17T15:42:48.779+0000] {logging_mixin.py:188} INFO - [2025-11-17T15:42:48.779+0000] {dagbag.py:545} INFO - Filling up the DagBag from /usr/local/python/3.12.1/lib/python3.12/site-packages/airflow/example_dags/example_branch_day_of_week_operator.py
[2025-11-17T15:42:48.787+0000] {processor.py:840} INFO - DAG(s) 'example_weekday_branch_operator' retrieved from /usr/local/python/3.12.1/lib/python3.12/site-packages/airflow/example_dags/example_branch_day_of_week_operator.py
[2025-11-17T15:42:48.906+0000] {logging_mixin.py:188} INFO - [2025-11-17T15:42:48.906+0000] {override.py:1829} INFO - Created Permission View: can read on DAG:example_weekday_branch_operator
[2025-11-17T15:42:48.919+0000] {logging_mixin.py:188} INFO - [2025-11-17T15:42:48.919+0000] {override.py:1829} INFO - Created Permission View: can edit on DAG:example_weekday_branch_operator
[2025-11-17T15:42:48.927+0000] {logging_mixin.py:188} INFO - [2025-11-17T15:42:48.927+0000] {override.py:1829} INFO - Created Permission View: can delete on DAG:example_weekday_branch_operator
[2025-11-17T15:42:48.928+0000] {logging_mixin.py:188} INFO - [2025-11-17T15:42:48.928+0000] {dag.py:3096} INFO - Sync 1 DAGs
[2025-11-17T15:42:48.939+0000] {logging_mixin.py:188} INFO - [2025-11-17T15:42:48.939+0000] {dag.py:3118} INFO - Creating ORM DAG for example_weekday_branch_operator
[2025-11-17T15:42:48.950+0000] {logging_mixin.py:188} INFO - [2025-11-17T15:42:48.950+0000] {dag.py:3954} INFO - Setting next_dagrun for example_weekday_branch_operator to 2025-11-16 00:00:00+00:00, run_after=2025-11-17 00:00:00+00:00
[2025-11-17T15:42:48.976+0000] {processor.py:183} INFO - Processing /usr/local/python/3.12.1/lib/python3.12/site-packages/airflow/example_dags/example_branch_day_of_week_operator.py took 0.206 seconds
[2025-11-17T15:43:54.455+0000] {processor.py:161} INFO - Started process (PID=29437) to work on /usr/local/python/3.12.1/lib/python3.12/site-packages/airflow/example_dags/example_branch_day_of_week_operator.py
[2025-11-17T15:43:54.456+0000] {processor.py:830} INFO - Processing file /usr/local/python/3.12.1/lib/python3.12/site-packages/airflow/example_dags/example_branch_day_of_week_operator.py for tasks to queue
[2025-11-17T15:43:54.457+0000] {logging_mixin.py:188} INFO - [2025-11-17T15:43:54.457+0000] {dagbag.py:545} INFO - Filling up the DagBag from /usr/local/python/3.12.1/lib/python3.12/site-packages/airflow/example_dags/example_branch_day_of_week_operator.py
[2025-11-17T15:43:54.466+0000] {processor.py:840} INFO - DAG(s) 'example_weekday_branch_operator' retrieved from /usr/local/python/3.12.1/lib/python3.12/site-packages/airflow/example_dags/example_branch_day_of_week_operator.py
[2025-11-17T15:43:54.480+0000] {logging_mixin.py:188} INFO - [2025-11-17T15:43:54.480+0000] {dag.py:3096} INFO - Sync 1 DAGs
[2025-11-17T15:43:54.495+0000] {logging_mixin.py:188} INFO - [2025-11-17T15:43:54.494+0000] {dag.py:3954} INFO - Setting next_dagrun for example_weekday_branch_operator to 2025-11-16 00:00:00+00:00, run_after=2025-11-17 00:00:00+00:00
[2025-11-17T15:43:54.512+0000] {processor.py:183} INFO - Processing /usr/local/python/3.12.1/lib/python3.12/site-packages/airflow/example_dags/example_branch_day_of_week_operator.py took 0.063 seconds
[2025-11-17T15:44:51.993+0000] {processor.py:161} INFO - Started process (PID=30009) to work on /usr/local/python/3.12.1/lib/python3.12/site-packages/airflow/example_dags/example_branch_day_of_week_operator.py
[2025-11-17T15:44:51.993+0000] {processor.py:830} INFO - Processing file /usr/local/python/3.12.1/lib/python3.12/site-packages/airflow/example_dags/example_branch_day_of_week_operator.py for tasks to queue
[2025-11-17T15:44:51.995+0000] {logging_mixin.py:188} INFO - [2025-11-17T15:44:51.994+0000] {dagbag.py:545} INFO - Filling up the DagBag from /usr/local/python/3.12.1/lib/python3.12/site-packages/airflow/example_dags/example_branch_day_of_week_operator.py
[2025-11-17T15:44:52.000+0000] {processor.py:840} INFO - DAG(s) 'example_weekday_branch_operator' retrieved from /usr/local/python/3.12.1/lib/python3.12/site-packages/airflow/example_dags/example_branch_day_of_week_operator.py
[2025-11-17T15:44:52.012+0000] {logging_mixin.py:188} INFO - [2025-11-17T15:44:52.012+0000] {dag.py:3096} INFO - Sync 1 DAGs
[2025-11-17T15:44:52.026+0000] {logging_mixin.py:188} INFO - [2025-11-17T15:44:52.026+0000] {dag.py:3954} INFO - Setting next_dagrun for example_weekday_branch_operator to 2025-11-16 00:00:00+00:00, run_after=2025-11-17 00:00:00+00:00
[2025-11-17T15:44:52.042+0000] {processor.py:183} INFO - Processing /usr/local/python/3.12.1/lib/python3.12/site-packages/airflow/example_dags/example_branch_day_of_week_operator.py took 0.053 seconds
[2025-11-17T16:01:22.022+0000] {processor.py:161} INFO - Started process (PID=41205) to work on /usr/local/python/3.12.1/lib/python3.12/site-packages/airflow/example_dags/example_branch_day_of_week_operator.py
[2025-11-17T16:01:22.023+0000] {processor.py:830} INFO - Processing file /usr/local/python/3.12.1/lib/python3.12/site-packages/airflow/example_dags/example_branch_day_of_week_operator.py for tasks to queue
[2025-11-17T16:01:22.024+0000] {logging_mixin.py:188} INFO - [2025-11-17T16:01:22.024+0000] {dagbag.py:545} INFO - Filling up the DagBag from /usr/local/python/3.12.1/lib/python3.12/site-packages/airflow/example_dags/example_branch_day_of_week_operator.py
[2025-11-17T16:01:22.029+0000] {processor.py:840} INFO - DAG(s) 'example_weekday_branch_operator' retrieved from /usr/local/python/3.12.1/lib/python3.12/site-packages/airflow/example_dags/example_branch_day_of_week_operator.py
[2025-11-17T16:01:22.041+0000] {logging_mixin.py:188} INFO - [2025-11-17T16:01:22.041+0000] {dag.py:3096} INFO - Sync 1 DAGs
[2025-11-17T16:01:22.055+0000] {logging_mixin.py:188} INFO - [2025-11-17T16:01:22.055+0000] {dag.py:3954} INFO - Setting next_dagrun for example_weekday_branch_operator to 2025-11-16 00:00:00+00:00, run_after=2025-11-17 00:00:00+00:00
[2025-11-17T16:01:22.072+0000] {processor.py:183} INFO - Processing /usr/local/python/3.12.1/lib/python3.12/site-packages/airflow/example_dags/example_branch_day_of_week_operator.py took 0.053 seconds
[2025-11-17T16:02:24.709+0000] {processor.py:161} INFO - Started process (PID=41969) to work on /usr/local/python/3.12.1/lib/python3.12/site-packages/airflow/example_dags/example_branch_day_of_week_operator.py
[2025-11-17T16:02:24.709+0000] {processor.py:830} INFO - Processing file /usr/local/python/3.12.1/lib/python3.12/site-packages/airflow/example_dags/example_branch_day_of_week_operator.py for tasks to queue
[2025-11-17T16:02:24.711+0000] {logging_mixin.py:188} INFO - [2025-11-17T16:02:24.710+0000] {dagbag.py:545} INFO - Filling up the DagBag from /usr/local/python/3.12.1/lib/python3.12/site-packages/airflow/example_dags/example_branch_day_of_week_operator.py
[2025-11-17T16:02:24.716+0000] {processor.py:840} INFO - DAG(s) 'example_weekday_branch_operator' retrieved from /usr/local/python/3.12.1/lib/python3.12/site-packages/airflow/example_dags/example_branch_day_of_week_operator.py
[2025-11-17T16:02:24.728+0000] {logging_mixin.py:188} INFO - [2025-11-17T16:02:24.728+0000] {dag.py:3096} INFO - Sync 1 DAGs
[2025-11-17T16:02:24.742+0000] {logging_mixin.py:188} INFO - [2025-11-17T16:02:24.742+0000] {dag.py:3954} INFO - Setting next_dagrun for example_weekday_branch_operator to 2025-11-16 00:00:00+00:00, run_after=2025-11-17 00:00:00+00:00
[2025-11-17T16:02:24.763+0000] {processor.py:183} INFO - Processing /usr/local/python/3.12.1/lib/python3.12/site-packages/airflow/example_dags/example_branch_day_of_week_operator.py took 0.058 seconds
[2025-11-17T16:03:29.396+0000] {processor.py:161} INFO - Started process (PID=42783) to work on /usr/local/python/3.12.1/lib/python3.12/site-packages/airflow/example_dags/example_branch_day_of_week_operator.py
[2025-11-17T16:03:29.397+0000] {processor.py:830} INFO - Processing file /usr/local/python/3.12.1/lib/python3.12/site-packages/airflow/example_dags/example_branch_day_of_week_operator.py for tasks to queue
[2025-11-17T16:03:29.399+0000] {logging_mixin.py:188} INFO - [2025-11-17T16:03:29.398+0000] {dagbag.py:545} INFO - Filling up the DagBag from /usr/local/python/3.12.1/lib/python3.12/site-packages/airflow/example_dags/example_branch_day_of_week_operator.py
[2025-11-17T16:03:29.407+0000] {processor.py:840} INFO - DAG(s) 'example_weekday_branch_operator' retrieved from /usr/local/python/3.12.1/lib/python3.12/site-packages/airflow/example_dags/example_branch_day_of_week_operator.py
[2025-11-17T16:03:29.424+0000] {logging_mixin.py:188} INFO - [2025-11-17T16:03:29.424+0000] {dag.py:3096} INFO - Sync 1 DAGs
[2025-11-17T16:03:29.454+0000] {logging_mixin.py:188} INFO - [2025-11-17T16:03:29.454+0000] {dag.py:3954} INFO - Setting next_dagrun for example_weekday_branch_operator to 2025-11-16 00:00:00+00:00, run_after=2025-11-17 00:00:00+00:00
[2025-11-17T16:03:29.513+0000] {processor.py:183} INFO - Processing /usr/local/python/3.12.1/lib/python3.12/site-packages/airflow/example_dags/example_branch_day_of_week_operator.py took 0.123 seconds
[2025-11-17T16:04:30.192+0000] {processor.py:161} INFO - Started process (PID=43623) to work on /usr/local/python/3.12.1/lib/python3.12/site-packages/airflow/example_dags/example_branch_day_of_week_operator.py
[2025-11-17T16:04:30.193+0000] {processor.py:830} INFO - Processing file /usr/local/python/3.12.1/lib/python3.12/site-packages/airflow/example_dags/example_branch_day_of_week_operator.py for tasks to queue
[2025-11-17T16:04:30.194+0000] {logging_mixin.py:188} INFO - [2025-11-17T16:04:30.194+0000] {dagbag.py:545} INFO - Filling up the DagBag from /usr/local/python/3.12.1/lib/python3.12/site-packages/airflow/example_dags/example_branch_day_of_week_operator.py
[2025-11-17T16:04:30.200+0000] {processor.py:840} INFO - DAG(s) 'example_weekday_branch_operator' retrieved from /usr/local/python/3.12.1/lib/python3.12/site-packages/airflow/example_dags/example_branch_day_of_week_operator.py
[2025-11-17T16:04:30.211+0000] {logging_mixin.py:188} INFO - [2025-11-17T16:04:30.211+0000] {dag.py:3096} INFO - Sync 1 DAGs
[2025-11-17T16:04:30.226+0000] {logging_mixin.py:188} INFO - [2025-11-17T16:04:30.226+0000] {dag.py:3954} INFO - Setting next_dagrun for example_weekday_branch_operator to 2025-11-16 00:00:00+00:00, run_after=2025-11-17 00:00:00+00:00
[2025-11-17T16:04:30.242+0000] {processor.py:183} INFO - Processing /usr/local/python/3.12.1/lib/python3.12/site-packages/airflow/example_dags/example_branch_day_of_week_operator.py took 0.054 seconds
[2025-11-17T16:06:40.101+0000] {processor.py:161} INFO - Started process (PID=45624) to work on /usr/local/python/3.12.1/lib/python3.12/site-packages/airflow/example_dags/example_branch_day_of_week_operator.py
[2025-11-17T16:06:40.104+0000] {processor.py:830} INFO - Processing file /usr/local/python/3.12.1/lib/python3.12/site-packages/airflow/example_dags/example_branch_day_of_week_operator.py for tasks to queue
[2025-11-17T16:06:40.110+0000] {logging_mixin.py:188} INFO - [2025-11-17T16:06:40.110+0000] {dagbag.py:545} INFO - Filling up the DagBag from /usr/local/python/3.12.1/lib/python3.12/site-packages/airflow/example_dags/example_branch_day_of_week_operator.py
[2025-11-17T16:06:40.141+0000] {processor.py:840} INFO - DAG(s) 'example_weekday_branch_operator' retrieved from /usr/local/python/3.12.1/lib/python3.12/site-packages/airflow/example_dags/example_branch_day_of_week_operator.py
[2025-11-17T16:06:40.186+0000] {logging_mixin.py:188} INFO - [2025-11-17T16:06:40.182+0000] {dag.py:3096} INFO - Sync 1 DAGs
[2025-11-17T16:06:40.231+0000] {logging_mixin.py:188} INFO - [2025-11-17T16:06:40.231+0000] {dag.py:3954} INFO - Setting next_dagrun for example_weekday_branch_operator to 2025-11-16 00:00:00+00:00, run_after=2025-11-17 00:00:00+00:00
[2025-11-17T16:06:40.347+0000] {processor.py:183} INFO - Processing /usr/local/python/3.12.1/lib/python3.12/site-packages/airflow/example_dags/example_branch_day_of_week_operator.py took 0.269 seconds
[2025-11-17T16:07:43.090+0000] {processor.py:161} INFO - Started process (PID=46960) to work on /usr/local/python/3.12.1/lib/python3.12/site-packages/airflow/example_dags/example_branch_day_of_week_operator.py
[2025-11-17T16:07:43.091+0000] {processor.py:830} INFO - Processing file /usr/local/python/3.12.1/lib/python3.12/site-packages/airflow/example_dags/example_branch_day_of_week_operator.py for tasks to queue
[2025-11-17T16:07:43.092+0000] {logging_mixin.py:188} INFO - [2025-11-17T16:07:43.092+0000] {dagbag.py:545} INFO - Filling up the DagBag from /usr/local/python/3.12.1/lib/python3.12/site-packages/airflow/example_dags/example_branch_day_of_week_operator.py
[2025-11-17T16:07:43.097+0000] {processor.py:840} INFO - DAG(s) 'example_weekday_branch_operator' retrieved from /usr/local/python/3.12.1/lib/python3.12/site-packages/airflow/example_dags/example_branch_day_of_week_operator.py
[2025-11-17T16:07:43.111+0000] {logging_mixin.py:188} INFO - [2025-11-17T16:07:43.111+0000] {dag.py:3096} INFO - Sync 1 DAGs
[2025-11-17T16:07:43.125+0000] {logging_mixin.py:188} INFO - [2025-11-17T16:07:43.125+0000] {dag.py:3954} INFO - Setting next_dagrun for example_weekday_branch_operator to 2025-11-16 00:00:00+00:00, run_after=2025-11-17 00:00:00+00:00
[2025-11-17T16:07:43.141+0000] {processor.py:183} INFO - Processing /usr/local/python/3.12.1/lib/python3.12/site-packages/airflow/example_dags/example_branch_day_of_week_operator.py took 0.055 seconds
[2025-11-17T16:08:40.446+0000] {processor.py:161} INFO - Started process (PID=47731) to work on /usr/local/python/3.12.1/lib/python3.12/site-packages/airflow/example_dags/example_branch_day_of_week_operator.py
[2025-11-17T16:08:40.447+0000] {processor.py:830} INFO - Processing file /usr/local/python/3.12.1/lib/python3.12/site-packages/airflow/example_dags/example_branch_day_of_week_operator.py for tasks to queue
[2025-11-17T16:08:40.449+0000] {logging_mixin.py:188} INFO - [2025-11-17T16:08:40.448+0000] {dagbag.py:545} INFO - Filling up the DagBag from /usr/local/python/3.12.1/lib/python3.12/site-packages/airflow/example_dags/example_branch_day_of_week_operator.py
[2025-11-17T16:08:40.457+0000] {processor.py:840} INFO - DAG(s) 'example_weekday_branch_operator' retrieved from /usr/local/python/3.12.1/lib/python3.12/site-packages/airflow/example_dags/example_branch_day_of_week_operator.py
[2025-11-17T16:08:40.474+0000] {logging_mixin.py:188} INFO - [2025-11-17T16:08:40.474+0000] {dag.py:3096} INFO - Sync 1 DAGs
[2025-11-17T16:08:40.496+0000] {logging_mixin.py:188} INFO - [2025-11-17T16:08:40.496+0000] {dag.py:3954} INFO - Setting next_dagrun for example_weekday_branch_operator to 2025-11-16 00:00:00+00:00, run_after=2025-11-17 00:00:00+00:00
[2025-11-17T16:08:40.524+0000] {processor.py:183} INFO - Processing /usr/local/python/3.12.1/lib/python3.12/site-packages/airflow/example_dags/example_branch_day_of_week_operator.py took 0.083 seconds
[2025-11-17T16:09:41.393+0000] {processor.py:161} INFO - Started process (PID=48706) to work on /usr/local/python/3.12.1/lib/python3.12/site-packages/airflow/example_dags/example_branch_day_of_week_operator.py
[2025-11-17T16:09:41.394+0000] {processor.py:830} INFO - Processing file /usr/local/python/3.12.1/lib/python3.12/site-packages/airflow/example_dags/example_branch_day_of_week_operator.py for tasks to queue
[2025-11-17T16:09:41.395+0000] {logging_mixin.py:188} INFO - [2025-11-17T16:09:41.395+0000] {dagbag.py:545} INFO - Filling up the DagBag from /usr/local/python/3.12.1/lib/python3.12/site-packages/airflow/example_dags/example_branch_day_of_week_operator.py
[2025-11-17T16:09:41.400+0000] {processor.py:840} INFO - DAG(s) 'example_weekday_branch_operator' retrieved from /usr/local/python/3.12.1/lib/python3.12/site-packages/airflow/example_dags/example_branch_day_of_week_operator.py
[2025-11-17T16:09:41.413+0000] {logging_mixin.py:188} INFO - [2025-11-17T16:09:41.413+0000] {dag.py:3096} INFO - Sync 1 DAGs
[2025-11-17T16:09:41.427+0000] {logging_mixin.py:188} INFO - [2025-11-17T16:09:41.427+0000] {dag.py:3954} INFO - Setting next_dagrun for example_weekday_branch_operator to 2025-11-16 00:00:00+00:00, run_after=2025-11-17 00:00:00+00:00
[2025-11-17T16:09:41.445+0000] {processor.py:183} INFO - Processing /usr/local/python/3.12.1/lib/python3.12/site-packages/airflow/example_dags/example_branch_day_of_week_operator.py took 0.056 seconds
[2025-11-17T16:10:40.258+0000] {processor.py:161} INFO - Started process (PID=49438) to work on /usr/local/python/3.12.1/lib/python3.12/site-packages/airflow/example_dags/example_branch_day_of_week_operator.py
[2025-11-17T16:10:40.258+0000] {processor.py:830} INFO - Processing file /usr/local/python/3.12.1/lib/python3.12/site-packages/airflow/example_dags/example_branch_day_of_week_operator.py for tasks to queue
[2025-11-17T16:10:40.260+0000] {logging_mixin.py:188} INFO - [2025-11-17T16:10:40.259+0000] {dagbag.py:545} INFO - Filling up the DagBag from /usr/local/python/3.12.1/lib/python3.12/site-packages/airflow/example_dags/example_branch_day_of_week_operator.py
[2025-11-17T16:10:40.265+0000] {processor.py:840} INFO - DAG(s) 'example_weekday_branch_operator' retrieved from /usr/local/python/3.12.1/lib/python3.12/site-packages/airflow/example_dags/example_branch_day_of_week_operator.py
[2025-11-17T16:10:40.277+0000] {logging_mixin.py:188} INFO - [2025-11-17T16:10:40.277+0000] {dag.py:3096} INFO - Sync 1 DAGs
[2025-11-17T16:10:40.292+0000] {logging_mixin.py:188} INFO - [2025-11-17T16:10:40.292+0000] {dag.py:3954} INFO - Setting next_dagrun for example_weekday_branch_operator to 2025-11-16 00:00:00+00:00, run_after=2025-11-17 00:00:00+00:00
[2025-11-17T16:10:40.308+0000] {processor.py:183} INFO - Processing /usr/local/python/3.12.1/lib/python3.12/site-packages/airflow/example_dags/example_branch_day_of_week_operator.py took 0.054 seconds
[2025-11-17T16:11:44.861+0000] {processor.py:161} INFO - Started process (PID=50419) to work on /usr/local/python/3.12.1/lib/python3.12/site-packages/airflow/example_dags/example_branch_day_of_week_operator.py
[2025-11-17T16:11:44.863+0000] {processor.py:830} INFO - Processing file /usr/local/python/3.12.1/lib/python3.12/site-packages/airflow/example_dags/example_branch_day_of_week_operator.py for tasks to queue
[2025-11-17T16:11:44.865+0000] {logging_mixin.py:188} INFO - [2025-11-17T16:11:44.864+0000] {dagbag.py:545} INFO - Filling up the DagBag from /usr/local/python/3.12.1/lib/python3.12/site-packages/airflow/example_dags/example_branch_day_of_week_operator.py
[2025-11-17T16:11:44.876+0000] {processor.py:840} INFO - DAG(s) 'example_weekday_branch_operator' retrieved from /usr/local/python/3.12.1/lib/python3.12/site-packages/airflow/example_dags/example_branch_day_of_week_operator.py
[2025-11-17T16:11:44.896+0000] {logging_mixin.py:188} INFO - [2025-11-17T16:11:44.896+0000] {dag.py:3096} INFO - Sync 1 DAGs
[2025-11-17T16:11:44.915+0000] {logging_mixin.py:188} INFO - [2025-11-17T16:11:44.915+0000] {dag.py:3954} INFO - Setting next_dagrun for example_weekday_branch_operator to 2025-11-16 00:00:00+00:00, run_after=2025-11-17 00:00:00+00:00
[2025-11-17T16:11:44.931+0000] {processor.py:183} INFO - Processing /usr/local/python/3.12.1/lib/python3.12/site-packages/airflow/example_dags/example_branch_day_of_week_operator.py took 0.076 seconds
[2025-11-17T16:12:48.772+0000] {processor.py:161} INFO - Started process (PID=50932) to work on /usr/local/python/3.12.1/lib/python3.12/site-packages/airflow/example_dags/example_branch_day_of_week_operator.py
[2025-11-17T16:12:48.773+0000] {processor.py:830} INFO - Processing file /usr/local/python/3.12.1/lib/python3.12/site-packages/airflow/example_dags/example_branch_day_of_week_operator.py for tasks to queue
[2025-11-17T16:12:48.775+0000] {logging_mixin.py:188} INFO - [2025-11-17T16:12:48.775+0000] {dagbag.py:545} INFO - Filling up the DagBag from /usr/local/python/3.12.1/lib/python3.12/site-packages/airflow/example_dags/example_branch_day_of_week_operator.py
[2025-11-17T16:12:48.784+0000] {processor.py:840} INFO - DAG(s) 'example_weekday_branch_operator' retrieved from /usr/local/python/3.12.1/lib/python3.12/site-packages/airflow/example_dags/example_branch_day_of_week_operator.py
[2025-11-17T16:12:48.803+0000] {logging_mixin.py:188} INFO - [2025-11-17T16:12:48.802+0000] {dag.py:3096} INFO - Sync 1 DAGs
[2025-11-17T16:12:48.823+0000] {logging_mixin.py:188} INFO - [2025-11-17T16:12:48.823+0000] {dag.py:3954} INFO - Setting next_dagrun for example_weekday_branch_operator to 2025-11-16 00:00:00+00:00, run_after=2025-11-17 00:00:00+00:00
[2025-11-17T16:12:48.839+0000] {processor.py:183} INFO - Processing /usr/local/python/3.12.1/lib/python3.12/site-packages/airflow/example_dags/example_branch_day_of_week_operator.py took 0.074 seconds
[2025-11-17T16:13:54.654+0000] {processor.py:161} INFO - Started process (PID=51445) to work on /usr/local/python/3.12.1/lib/python3.12/site-packages/airflow/example_dags/example_branch_day_of_week_operator.py
[2025-11-17T16:13:54.655+0000] {processor.py:830} INFO - Processing file /usr/local/python/3.12.1/lib/python3.12/site-packages/airflow/example_dags/example_branch_day_of_week_operator.py for tasks to queue
[2025-11-17T16:13:54.657+0000] {logging_mixin.py:188} INFO - [2025-11-17T16:13:54.657+0000] {dagbag.py:545} INFO - Filling up the DagBag from /usr/local/python/3.12.1/lib/python3.12/site-packages/airflow/example_dags/example_branch_day_of_week_operator.py
[2025-11-17T16:13:54.668+0000] {processor.py:840} INFO - DAG(s) 'example_weekday_branch_operator' retrieved from /usr/local/python/3.12.1/lib/python3.12/site-packages/airflow/example_dags/example_branch_day_of_week_operator.py
[2025-11-17T16:13:54.684+0000] {logging_mixin.py:188} INFO - [2025-11-17T16:13:54.684+0000] {dag.py:3096} INFO - Sync 1 DAGs
[2025-11-17T16:13:54.699+0000] {logging_mixin.py:188} INFO - [2025-11-17T16:13:54.698+0000] {dag.py:3954} INFO - Setting next_dagrun for example_weekday_branch_operator to 2025-11-16 00:00:00+00:00, run_after=2025-11-17 00:00:00+00:00
[2025-11-17T16:13:54.714+0000] {processor.py:183} INFO - Processing /usr/local/python/3.12.1/lib/python3.12/site-packages/airflow/example_dags/example_branch_day_of_week_operator.py took 0.067 seconds
[2025-11-17T16:14:52.556+0000] {processor.py:161} INFO - Started process (PID=51900) to work on /usr/local/python/3.12.1/lib/python3.12/site-packages/airflow/example_dags/example_branch_day_of_week_operator.py
[2025-11-17T16:14:52.557+0000] {processor.py:830} INFO - Processing file /usr/local/python/3.12.1/lib/python3.12/site-packages/airflow/example_dags/example_branch_day_of_week_operator.py for tasks to queue
[2025-11-17T16:14:52.558+0000] {logging_mixin.py:188} INFO - [2025-11-17T16:14:52.558+0000] {dagbag.py:545} INFO - Filling up the DagBag from /usr/local/python/3.12.1/lib/python3.12/site-packages/airflow/example_dags/example_branch_day_of_week_operator.py
[2025-11-17T16:14:52.564+0000] {processor.py:840} INFO - DAG(s) 'example_weekday_branch_operator' retrieved from /usr/local/python/3.12.1/lib/python3.12/site-packages/airflow/example_dags/example_branch_day_of_week_operator.py
[2025-11-17T16:14:52.576+0000] {logging_mixin.py:188} INFO - [2025-11-17T16:14:52.576+0000] {dag.py:3096} INFO - Sync 1 DAGs
[2025-11-17T16:14:52.591+0000] {logging_mixin.py:188} INFO - [2025-11-17T16:14:52.591+0000] {dag.py:3954} INFO - Setting next_dagrun for example_weekday_branch_operator to 2025-11-16 00:00:00+00:00, run_after=2025-11-17 00:00:00+00:00
[2025-11-17T16:14:52.607+0000] {processor.py:183} INFO - Processing /usr/local/python/3.12.1/lib/python3.12/site-packages/airflow/example_dags/example_branch_day_of_week_operator.py took 0.055 seconds
[2025-11-17T16:15:52.057+0000] {processor.py:161} INFO - Started process (PID=52373) to work on /usr/local/python/3.12.1/lib/python3.12/site-packages/airflow/example_dags/example_branch_day_of_week_operator.py
[2025-11-17T16:15:52.058+0000] {processor.py:830} INFO - Processing file /usr/local/python/3.12.1/lib/python3.12/site-packages/airflow/example_dags/example_branch_day_of_week_operator.py for tasks to queue
[2025-11-17T16:15:52.059+0000] {logging_mixin.py:188} INFO - [2025-11-17T16:15:52.059+0000] {dagbag.py:545} INFO - Filling up the DagBag from /usr/local/python/3.12.1/lib/python3.12/site-packages/airflow/example_dags/example_branch_day_of_week_operator.py
[2025-11-17T16:15:52.065+0000] {processor.py:840} INFO - DAG(s) 'example_weekday_branch_operator' retrieved from /usr/local/python/3.12.1/lib/python3.12/site-packages/airflow/example_dags/example_branch_day_of_week_operator.py
[2025-11-17T16:15:52.078+0000] {logging_mixin.py:188} INFO - [2025-11-17T16:15:52.078+0000] {dag.py:3096} INFO - Sync 1 DAGs
[2025-11-17T16:15:52.094+0000] {logging_mixin.py:188} INFO - [2025-11-17T16:15:52.093+0000] {dag.py:3954} INFO - Setting next_dagrun for example_weekday_branch_operator to 2025-11-16 00:00:00+00:00, run_after=2025-11-17 00:00:00+00:00
[2025-11-17T16:15:52.110+0000] {processor.py:183} INFO - Processing /usr/local/python/3.12.1/lib/python3.12/site-packages/airflow/example_dags/example_branch_day_of_week_operator.py took 0.057 seconds
[2025-11-17T16:16:45.122+0000] {processor.py:161} INFO - Started process (PID=52834) to work on /usr/local/python/3.12.1/lib/python3.12/site-packages/airflow/example_dags/example_branch_day_of_week_operator.py
[2025-11-17T16:16:45.123+0000] {processor.py:830} INFO - Processing file /usr/local/python/3.12.1/lib/python3.12/site-packages/airflow/example_dags/example_branch_day_of_week_operator.py for tasks to queue
[2025-11-17T16:16:45.124+0000] {logging_mixin.py:188} INFO - [2025-11-17T16:16:45.124+0000] {dagbag.py:545} INFO - Filling up the DagBag from /usr/local/python/3.12.1/lib/python3.12/site-packages/airflow/example_dags/example_branch_day_of_week_operator.py
[2025-11-17T16:16:45.130+0000] {processor.py:840} INFO - DAG(s) 'example_weekday_branch_operator' retrieved from /usr/local/python/3.12.1/lib/python3.12/site-packages/airflow/example_dags/example_branch_day_of_week_operator.py
[2025-11-17T16:16:45.142+0000] {logging_mixin.py:188} INFO - [2025-11-17T16:16:45.142+0000] {dag.py:3096} INFO - Sync 1 DAGs
[2025-11-17T16:16:45.157+0000] {logging_mixin.py:188} INFO - [2025-11-17T16:16:45.157+0000] {dag.py:3954} INFO - Setting next_dagrun for example_weekday_branch_operator to 2025-11-16 00:00:00+00:00, run_after=2025-11-17 00:00:00+00:00
[2025-11-17T16:16:45.174+0000] {processor.py:183} INFO - Processing /usr/local/python/3.12.1/lib/python3.12/site-packages/airflow/example_dags/example_branch_day_of_week_operator.py took 0.056 seconds
[2025-11-17T16:17:44.829+0000] {processor.py:161} INFO - Started process (PID=53306) to work on /usr/local/python/3.12.1/lib/python3.12/site-packages/airflow/example_dags/example_branch_day_of_week_operator.py
[2025-11-17T16:17:44.830+0000] {processor.py:830} INFO - Processing file /usr/local/python/3.12.1/lib/python3.12/site-packages/airflow/example_dags/example_branch_day_of_week_operator.py for tasks to queue
[2025-11-17T16:17:44.831+0000] {logging_mixin.py:188} INFO - [2025-11-17T16:17:44.831+0000] {dagbag.py:545} INFO - Filling up the DagBag from /usr/local/python/3.12.1/lib/python3.12/site-packages/airflow/example_dags/example_branch_day_of_week_operator.py
[2025-11-17T16:17:44.837+0000] {processor.py:840} INFO - DAG(s) 'example_weekday_branch_operator' retrieved from /usr/local/python/3.12.1/lib/python3.12/site-packages/airflow/example_dags/example_branch_day_of_week_operator.py
[2025-11-17T16:17:44.849+0000] {logging_mixin.py:188} INFO - [2025-11-17T16:17:44.848+0000] {dag.py:3096} INFO - Sync 1 DAGs
[2025-11-17T16:17:44.864+0000] {logging_mixin.py:188} INFO - [2025-11-17T16:17:44.863+0000] {dag.py:3954} INFO - Setting next_dagrun for example_weekday_branch_operator to 2025-11-16 00:00:00+00:00, run_after=2025-11-17 00:00:00+00:00
[2025-11-17T16:17:44.880+0000] {processor.py:183} INFO - Processing /usr/local/python/3.12.1/lib/python3.12/site-packages/airflow/example_dags/example_branch_day_of_week_operator.py took 0.055 seconds
[2025-11-17T16:18:43.324+0000] {processor.py:161} INFO - Started process (PID=53766) to work on /usr/local/python/3.12.1/lib/python3.12/site-packages/airflow/example_dags/example_branch_day_of_week_operator.py
[2025-11-17T16:18:43.325+0000] {processor.py:830} INFO - Processing file /usr/local/python/3.12.1/lib/python3.12/site-packages/airflow/example_dags/example_branch_day_of_week_operator.py for tasks to queue
[2025-11-17T16:18:43.326+0000] {logging_mixin.py:188} INFO - [2025-11-17T16:18:43.326+0000] {dagbag.py:545} INFO - Filling up the DagBag from /usr/local/python/3.12.1/lib/python3.12/site-packages/airflow/example_dags/example_branch_day_of_week_operator.py
[2025-11-17T16:18:43.332+0000] {processor.py:840} INFO - DAG(s) 'example_weekday_branch_operator' retrieved from /usr/local/python/3.12.1/lib/python3.12/site-packages/airflow/example_dags/example_branch_day_of_week_operator.py
[2025-11-17T16:18:43.344+0000] {logging_mixin.py:188} INFO - [2025-11-17T16:18:43.344+0000] {dag.py:3096} INFO - Sync 1 DAGs
[2025-11-17T16:18:43.359+0000] {logging_mixin.py:188} INFO - [2025-11-17T16:18:43.359+0000] {dag.py:3954} INFO - Setting next_dagrun for example_weekday_branch_operator to 2025-11-16 00:00:00+00:00, run_after=2025-11-17 00:00:00+00:00
[2025-11-17T16:18:43.377+0000] {processor.py:183} INFO - Processing /usr/local/python/3.12.1/lib/python3.12/site-packages/airflow/example_dags/example_branch_day_of_week_operator.py took 0.057 seconds
[2025-11-17T16:19:42.989+0000] {processor.py:161} INFO - Started process (PID=54220) to work on /usr/local/python/3.12.1/lib/python3.12/site-packages/airflow/example_dags/example_branch_day_of_week_operator.py
[2025-11-17T16:19:42.990+0000] {processor.py:830} INFO - Processing file /usr/local/python/3.12.1/lib/python3.12/site-packages/airflow/example_dags/example_branch_day_of_week_operator.py for tasks to queue
[2025-11-17T16:19:42.991+0000] {logging_mixin.py:188} INFO - [2025-11-17T16:19:42.991+0000] {dagbag.py:545} INFO - Filling up the DagBag from /usr/local/python/3.12.1/lib/python3.12/site-packages/airflow/example_dags/example_branch_day_of_week_operator.py
[2025-11-17T16:19:42.997+0000] {processor.py:840} INFO - DAG(s) 'example_weekday_branch_operator' retrieved from /usr/local/python/3.12.1/lib/python3.12/site-packages/airflow/example_dags/example_branch_day_of_week_operator.py
[2025-11-17T16:19:43.008+0000] {logging_mixin.py:188} INFO - [2025-11-17T16:19:43.008+0000] {dag.py:3096} INFO - Sync 1 DAGs
[2025-11-17T16:19:43.023+0000] {logging_mixin.py:188} INFO - [2025-11-17T16:19:43.023+0000] {dag.py:3954} INFO - Setting next_dagrun for example_weekday_branch_operator to 2025-11-16 00:00:00+00:00, run_after=2025-11-17 00:00:00+00:00
[2025-11-17T16:19:43.040+0000] {processor.py:183} INFO - Processing /usr/local/python/3.12.1/lib/python3.12/site-packages/airflow/example_dags/example_branch_day_of_week_operator.py took 0.055 seconds
[2025-11-17T16:20:42.013+0000] {processor.py:161} INFO - Started process (PID=54688) to work on /usr/local/python/3.12.1/lib/python3.12/site-packages/airflow/example_dags/example_branch_day_of_week_operator.py
[2025-11-17T16:20:42.014+0000] {processor.py:830} INFO - Processing file /usr/local/python/3.12.1/lib/python3.12/site-packages/airflow/example_dags/example_branch_day_of_week_operator.py for tasks to queue
[2025-11-17T16:20:42.015+0000] {logging_mixin.py:188} INFO - [2025-11-17T16:20:42.015+0000] {dagbag.py:545} INFO - Filling up the DagBag from /usr/local/python/3.12.1/lib/python3.12/site-packages/airflow/example_dags/example_branch_day_of_week_operator.py
[2025-11-17T16:20:42.021+0000] {processor.py:840} INFO - DAG(s) 'example_weekday_branch_operator' retrieved from /usr/local/python/3.12.1/lib/python3.12/site-packages/airflow/example_dags/example_branch_day_of_week_operator.py
[2025-11-17T16:20:42.032+0000] {logging_mixin.py:188} INFO - [2025-11-17T16:20:42.032+0000] {dag.py:3096} INFO - Sync 1 DAGs
[2025-11-17T16:20:42.047+0000] {logging_mixin.py:188} INFO - [2025-11-17T16:20:42.047+0000] {dag.py:3954} INFO - Setting next_dagrun for example_weekday_branch_operator to 2025-11-16 00:00:00+00:00, run_after=2025-11-17 00:00:00+00:00
[2025-11-17T16:20:42.063+0000] {processor.py:183} INFO - Processing /usr/local/python/3.12.1/lib/python3.12/site-packages/airflow/example_dags/example_branch_day_of_week_operator.py took 0.055 seconds
[2025-11-17T16:21:42.880+0000] {processor.py:161} INFO - Started process (PID=55215) to work on /usr/local/python/3.12.1/lib/python3.12/site-packages/airflow/example_dags/example_branch_day_of_week_operator.py
[2025-11-17T16:21:42.881+0000] {processor.py:830} INFO - Processing file /usr/local/python/3.12.1/lib/python3.12/site-packages/airflow/example_dags/example_branch_day_of_week_operator.py for tasks to queue
[2025-11-17T16:21:42.882+0000] {logging_mixin.py:188} INFO - [2025-11-17T16:21:42.882+0000] {dagbag.py:545} INFO - Filling up the DagBag from /usr/local/python/3.12.1/lib/python3.12/site-packages/airflow/example_dags/example_branch_day_of_week_operator.py
[2025-11-17T16:21:42.888+0000] {processor.py:840} INFO - DAG(s) 'example_weekday_branch_operator' retrieved from /usr/local/python/3.12.1/lib/python3.12/site-packages/airflow/example_dags/example_branch_day_of_week_operator.py
[2025-11-17T16:21:42.900+0000] {logging_mixin.py:188} INFO - [2025-11-17T16:21:42.900+0000] {dag.py:3096} INFO - Sync 1 DAGs
[2025-11-17T16:21:42.915+0000] {logging_mixin.py:188} INFO - [2025-11-17T16:21:42.915+0000] {dag.py:3954} INFO - Setting next_dagrun for example_weekday_branch_operator to 2025-11-16 00:00:00+00:00, run_after=2025-11-17 00:00:00+00:00
[2025-11-17T16:21:42.931+0000] {processor.py:183} INFO - Processing /usr/local/python/3.12.1/lib/python3.12/site-packages/airflow/example_dags/example_branch_day_of_week_operator.py took 0.055 seconds
[2025-11-17T16:22:43.728+0000] {processor.py:161} INFO - Started process (PID=55688) to work on /usr/local/python/3.12.1/lib/python3.12/site-packages/airflow/example_dags/example_branch_day_of_week_operator.py
[2025-11-17T16:22:43.728+0000] {processor.py:830} INFO - Processing file /usr/local/python/3.12.1/lib/python3.12/site-packages/airflow/example_dags/example_branch_day_of_week_operator.py for tasks to queue
[2025-11-17T16:22:43.730+0000] {logging_mixin.py:188} INFO - [2025-11-17T16:22:43.729+0000] {dagbag.py:545} INFO - Filling up the DagBag from /usr/local/python/3.12.1/lib/python3.12/site-packages/airflow/example_dags/example_branch_day_of_week_operator.py
[2025-11-17T16:22:43.735+0000] {processor.py:840} INFO - DAG(s) 'example_weekday_branch_operator' retrieved from /usr/local/python/3.12.1/lib/python3.12/site-packages/airflow/example_dags/example_branch_day_of_week_operator.py
[2025-11-17T16:22:43.747+0000] {logging_mixin.py:188} INFO - [2025-11-17T16:22:43.747+0000] {dag.py:3096} INFO - Sync 1 DAGs
[2025-11-17T16:22:43.762+0000] {logging_mixin.py:188} INFO - [2025-11-17T16:22:43.762+0000] {dag.py:3954} INFO - Setting next_dagrun for example_weekday_branch_operator to 2025-11-16 00:00:00+00:00, run_after=2025-11-17 00:00:00+00:00
[2025-11-17T16:22:43.778+0000] {processor.py:183} INFO - Processing /usr/local/python/3.12.1/lib/python3.12/site-packages/airflow/example_dags/example_branch_day_of_week_operator.py took 0.055 seconds
[2025-11-17T16:23:44.697+0000] {processor.py:161} INFO - Started process (PID=56175) to work on /usr/local/python/3.12.1/lib/python3.12/site-packages/airflow/example_dags/example_branch_day_of_week_operator.py
[2025-11-17T16:23:44.697+0000] {processor.py:830} INFO - Processing file /usr/local/python/3.12.1/lib/python3.12/site-packages/airflow/example_dags/example_branch_day_of_week_operator.py for tasks to queue
[2025-11-17T16:23:44.698+0000] {logging_mixin.py:188} INFO - [2025-11-17T16:23:44.698+0000] {dagbag.py:545} INFO - Filling up the DagBag from /usr/local/python/3.12.1/lib/python3.12/site-packages/airflow/example_dags/example_branch_day_of_week_operator.py
[2025-11-17T16:23:44.704+0000] {processor.py:840} INFO - DAG(s) 'example_weekday_branch_operator' retrieved from /usr/local/python/3.12.1/lib/python3.12/site-packages/airflow/example_dags/example_branch_day_of_week_operator.py
[2025-11-17T16:23:44.716+0000] {logging_mixin.py:188} INFO - [2025-11-17T16:23:44.716+0000] {dag.py:3096} INFO - Sync 1 DAGs
[2025-11-17T16:23:44.739+0000] {logging_mixin.py:188} INFO - [2025-11-17T16:23:44.738+0000] {dag.py:3954} INFO - Setting next_dagrun for example_weekday_branch_operator to 2025-11-16 00:00:00+00:00, run_after=2025-11-17 00:00:00+00:00
[2025-11-17T16:23:44.760+0000] {processor.py:183} INFO - Processing /usr/local/python/3.12.1/lib/python3.12/site-packages/airflow/example_dags/example_branch_day_of_week_operator.py took 0.067 seconds
[2025-11-17T16:24:46.414+0000] {processor.py:161} INFO - Started process (PID=56657) to work on /usr/local/python/3.12.1/lib/python3.12/site-packages/airflow/example_dags/example_branch_day_of_week_operator.py
[2025-11-17T16:24:46.415+0000] {processor.py:830} INFO - Processing file /usr/local/python/3.12.1/lib/python3.12/site-packages/airflow/example_dags/example_branch_day_of_week_operator.py for tasks to queue
[2025-11-17T16:24:46.416+0000] {logging_mixin.py:188} INFO - [2025-11-17T16:24:46.416+0000] {dagbag.py:545} INFO - Filling up the DagBag from /usr/local/python/3.12.1/lib/python3.12/site-packages/airflow/example_dags/example_branch_day_of_week_operator.py
[2025-11-17T16:24:46.422+0000] {processor.py:840} INFO - DAG(s) 'example_weekday_branch_operator' retrieved from /usr/local/python/3.12.1/lib/python3.12/site-packages/airflow/example_dags/example_branch_day_of_week_operator.py
[2025-11-17T16:24:46.434+0000] {logging_mixin.py:188} INFO - [2025-11-17T16:24:46.433+0000] {dag.py:3096} INFO - Sync 1 DAGs
[2025-11-17T16:24:46.448+0000] {logging_mixin.py:188} INFO - [2025-11-17T16:24:46.448+0000] {dag.py:3954} INFO - Setting next_dagrun for example_weekday_branch_operator to 2025-11-16 00:00:00+00:00, run_after=2025-11-17 00:00:00+00:00
[2025-11-17T16:24:46.464+0000] {processor.py:183} INFO - Processing /usr/local/python/3.12.1/lib/python3.12/site-packages/airflow/example_dags/example_branch_day_of_week_operator.py took 0.053 seconds
[2025-11-17T16:25:43.594+0000] {processor.py:161} INFO - Started process (PID=57114) to work on /usr/local/python/3.12.1/lib/python3.12/site-packages/airflow/example_dags/example_branch_day_of_week_operator.py
[2025-11-17T16:25:43.595+0000] {processor.py:830} INFO - Processing file /usr/local/python/3.12.1/lib/python3.12/site-packages/airflow/example_dags/example_branch_day_of_week_operator.py for tasks to queue
[2025-11-17T16:25:43.596+0000] {logging_mixin.py:188} INFO - [2025-11-17T16:25:43.596+0000] {dagbag.py:545} INFO - Filling up the DagBag from /usr/local/python/3.12.1/lib/python3.12/site-packages/airflow/example_dags/example_branch_day_of_week_operator.py
[2025-11-17T16:25:43.602+0000] {processor.py:840} INFO - DAG(s) 'example_weekday_branch_operator' retrieved from /usr/local/python/3.12.1/lib/python3.12/site-packages/airflow/example_dags/example_branch_day_of_week_operator.py
[2025-11-17T16:25:43.614+0000] {logging_mixin.py:188} INFO - [2025-11-17T16:25:43.614+0000] {dag.py:3096} INFO - Sync 1 DAGs
[2025-11-17T16:25:43.629+0000] {logging_mixin.py:188} INFO - [2025-11-17T16:25:43.629+0000] {dag.py:3954} INFO - Setting next_dagrun for example_weekday_branch_operator to 2025-11-16 00:00:00+00:00, run_after=2025-11-17 00:00:00+00:00
[2025-11-17T16:25:43.645+0000] {processor.py:183} INFO - Processing /usr/local/python/3.12.1/lib/python3.12/site-packages/airflow/example_dags/example_branch_day_of_week_operator.py took 0.054 seconds
[2025-11-17T16:26:44.544+0000] {processor.py:161} INFO - Started process (PID=57637) to work on /usr/local/python/3.12.1/lib/python3.12/site-packages/airflow/example_dags/example_branch_day_of_week_operator.py
[2025-11-17T16:26:44.545+0000] {processor.py:830} INFO - Processing file /usr/local/python/3.12.1/lib/python3.12/site-packages/airflow/example_dags/example_branch_day_of_week_operator.py for tasks to queue
[2025-11-17T16:26:44.546+0000] {logging_mixin.py:188} INFO - [2025-11-17T16:26:44.546+0000] {dagbag.py:545} INFO - Filling up the DagBag from /usr/local/python/3.12.1/lib/python3.12/site-packages/airflow/example_dags/example_branch_day_of_week_operator.py
[2025-11-17T16:26:44.552+0000] {processor.py:840} INFO - DAG(s) 'example_weekday_branch_operator' retrieved from /usr/local/python/3.12.1/lib/python3.12/site-packages/airflow/example_dags/example_branch_day_of_week_operator.py
[2025-11-17T16:26:44.564+0000] {logging_mixin.py:188} INFO - [2025-11-17T16:26:44.564+0000] {dag.py:3096} INFO - Sync 1 DAGs
[2025-11-17T16:26:44.578+0000] {logging_mixin.py:188} INFO - [2025-11-17T16:26:44.578+0000] {dag.py:3954} INFO - Setting next_dagrun for example_weekday_branch_operator to 2025-11-16 00:00:00+00:00, run_after=2025-11-17 00:00:00+00:00
[2025-11-17T16:26:44.594+0000] {processor.py:183} INFO - Processing /usr/local/python/3.12.1/lib/python3.12/site-packages/airflow/example_dags/example_branch_day_of_week_operator.py took 0.055 seconds
[2025-11-17T16:27:43.891+0000] {processor.py:161} INFO - Started process (PID=58109) to work on /usr/local/python/3.12.1/lib/python3.12/site-packages/airflow/example_dags/example_branch_day_of_week_operator.py
[2025-11-17T16:27:43.892+0000] {processor.py:830} INFO - Processing file /usr/local/python/3.12.1/lib/python3.12/site-packages/airflow/example_dags/example_branch_day_of_week_operator.py for tasks to queue
[2025-11-17T16:27:43.893+0000] {logging_mixin.py:188} INFO - [2025-11-17T16:27:43.893+0000] {dagbag.py:545} INFO - Filling up the DagBag from /usr/local/python/3.12.1/lib/python3.12/site-packages/airflow/example_dags/example_branch_day_of_week_operator.py
[2025-11-17T16:27:43.899+0000] {processor.py:840} INFO - DAG(s) 'example_weekday_branch_operator' retrieved from /usr/local/python/3.12.1/lib/python3.12/site-packages/airflow/example_dags/example_branch_day_of_week_operator.py
[2025-11-17T16:27:43.910+0000] {logging_mixin.py:188} INFO - [2025-11-17T16:27:43.910+0000] {dag.py:3096} INFO - Sync 1 DAGs
[2025-11-17T16:27:43.925+0000] {logging_mixin.py:188} INFO - [2025-11-17T16:27:43.925+0000] {dag.py:3954} INFO - Setting next_dagrun for example_weekday_branch_operator to 2025-11-16 00:00:00+00:00, run_after=2025-11-17 00:00:00+00:00
[2025-11-17T16:27:43.941+0000] {processor.py:183} INFO - Processing /usr/local/python/3.12.1/lib/python3.12/site-packages/airflow/example_dags/example_branch_day_of_week_operator.py took 0.054 seconds
[2025-11-17T16:28:39.680+0000] {processor.py:161} INFO - Started process (PID=58542) to work on /usr/local/python/3.12.1/lib/python3.12/site-packages/airflow/example_dags/example_branch_day_of_week_operator.py
[2025-11-17T16:28:39.681+0000] {processor.py:830} INFO - Processing file /usr/local/python/3.12.1/lib/python3.12/site-packages/airflow/example_dags/example_branch_day_of_week_operator.py for tasks to queue
[2025-11-17T16:28:39.682+0000] {logging_mixin.py:188} INFO - [2025-11-17T16:28:39.682+0000] {dagbag.py:545} INFO - Filling up the DagBag from /usr/local/python/3.12.1/lib/python3.12/site-packages/airflow/example_dags/example_branch_day_of_week_operator.py
[2025-11-17T16:28:39.688+0000] {processor.py:840} INFO - DAG(s) 'example_weekday_branch_operator' retrieved from /usr/local/python/3.12.1/lib/python3.12/site-packages/airflow/example_dags/example_branch_day_of_week_operator.py
[2025-11-17T16:28:39.700+0000] {logging_mixin.py:188} INFO - [2025-11-17T16:28:39.699+0000] {dag.py:3096} INFO - Sync 1 DAGs
[2025-11-17T16:28:39.714+0000] {logging_mixin.py:188} INFO - [2025-11-17T16:28:39.714+0000] {dag.py:3954} INFO - Setting next_dagrun for example_weekday_branch_operator to 2025-11-16 00:00:00+00:00, run_after=2025-11-17 00:00:00+00:00
[2025-11-17T16:28:39.729+0000] {processor.py:183} INFO - Processing /usr/local/python/3.12.1/lib/python3.12/site-packages/airflow/example_dags/example_branch_day_of_week_operator.py took 0.053 seconds
[2025-11-17T16:29:39.167+0000] {processor.py:161} INFO - Started process (PID=59008) to work on /usr/local/python/3.12.1/lib/python3.12/site-packages/airflow/example_dags/example_branch_day_of_week_operator.py
[2025-11-17T16:29:39.167+0000] {processor.py:830} INFO - Processing file /usr/local/python/3.12.1/lib/python3.12/site-packages/airflow/example_dags/example_branch_day_of_week_operator.py for tasks to queue
[2025-11-17T16:29:39.169+0000] {logging_mixin.py:188} INFO - [2025-11-17T16:29:39.168+0000] {dagbag.py:545} INFO - Filling up the DagBag from /usr/local/python/3.12.1/lib/python3.12/site-packages/airflow/example_dags/example_branch_day_of_week_operator.py
[2025-11-17T16:29:39.174+0000] {processor.py:840} INFO - DAG(s) 'example_weekday_branch_operator' retrieved from /usr/local/python/3.12.1/lib/python3.12/site-packages/airflow/example_dags/example_branch_day_of_week_operator.py
[2025-11-17T16:29:39.186+0000] {logging_mixin.py:188} INFO - [2025-11-17T16:29:39.186+0000] {dag.py:3096} INFO - Sync 1 DAGs
[2025-11-17T16:29:39.202+0000] {logging_mixin.py:188} INFO - [2025-11-17T16:29:39.202+0000] {dag.py:3954} INFO - Setting next_dagrun for example_weekday_branch_operator to 2025-11-16 00:00:00+00:00, run_after=2025-11-17 00:00:00+00:00
[2025-11-17T16:29:39.218+0000] {processor.py:183} INFO - Processing /usr/local/python/3.12.1/lib/python3.12/site-packages/airflow/example_dags/example_branch_day_of_week_operator.py took 0.056 seconds
[2025-11-17T16:30:36.520+0000] {processor.py:161} INFO - Started process (PID=59466) to work on /usr/local/python/3.12.1/lib/python3.12/site-packages/airflow/example_dags/example_branch_day_of_week_operator.py
[2025-11-17T16:30:36.521+0000] {processor.py:830} INFO - Processing file /usr/local/python/3.12.1/lib/python3.12/site-packages/airflow/example_dags/example_branch_day_of_week_operator.py for tasks to queue
[2025-11-17T16:30:36.522+0000] {logging_mixin.py:188} INFO - [2025-11-17T16:30:36.522+0000] {dagbag.py:545} INFO - Filling up the DagBag from /usr/local/python/3.12.1/lib/python3.12/site-packages/airflow/example_dags/example_branch_day_of_week_operator.py
[2025-11-17T16:30:36.528+0000] {processor.py:840} INFO - DAG(s) 'example_weekday_branch_operator' retrieved from /usr/local/python/3.12.1/lib/python3.12/site-packages/airflow/example_dags/example_branch_day_of_week_operator.py
[2025-11-17T16:30:36.540+0000] {logging_mixin.py:188} INFO - [2025-11-17T16:30:36.539+0000] {dag.py:3096} INFO - Sync 1 DAGs
[2025-11-17T16:30:36.555+0000] {logging_mixin.py:188} INFO - [2025-11-17T16:30:36.555+0000] {dag.py:3954} INFO - Setting next_dagrun for example_weekday_branch_operator to 2025-11-16 00:00:00+00:00, run_after=2025-11-17 00:00:00+00:00
[2025-11-17T16:30:36.573+0000] {processor.py:183} INFO - Processing /usr/local/python/3.12.1/lib/python3.12/site-packages/airflow/example_dags/example_branch_day_of_week_operator.py took 0.057 seconds
[2025-11-17T16:31:34.535+0000] {processor.py:161} INFO - Started process (PID=59962) to work on /usr/local/python/3.12.1/lib/python3.12/site-packages/airflow/example_dags/example_branch_day_of_week_operator.py
[2025-11-17T16:31:34.535+0000] {processor.py:830} INFO - Processing file /usr/local/python/3.12.1/lib/python3.12/site-packages/airflow/example_dags/example_branch_day_of_week_operator.py for tasks to queue
[2025-11-17T16:31:34.537+0000] {logging_mixin.py:188} INFO - [2025-11-17T16:31:34.536+0000] {dagbag.py:545} INFO - Filling up the DagBag from /usr/local/python/3.12.1/lib/python3.12/site-packages/airflow/example_dags/example_branch_day_of_week_operator.py
[2025-11-17T16:31:34.546+0000] {processor.py:840} INFO - DAG(s) 'example_weekday_branch_operator' retrieved from /usr/local/python/3.12.1/lib/python3.12/site-packages/airflow/example_dags/example_branch_day_of_week_operator.py
[2025-11-17T16:31:34.568+0000] {logging_mixin.py:188} INFO - [2025-11-17T16:31:34.568+0000] {dag.py:3096} INFO - Sync 1 DAGs
[2025-11-17T16:31:34.586+0000] {logging_mixin.py:188} INFO - [2025-11-17T16:31:34.585+0000] {dag.py:3954} INFO - Setting next_dagrun for example_weekday_branch_operator to 2025-11-16 00:00:00+00:00, run_after=2025-11-17 00:00:00+00:00
[2025-11-17T16:31:34.604+0000] {processor.py:183} INFO - Processing /usr/local/python/3.12.1/lib/python3.12/site-packages/airflow/example_dags/example_branch_day_of_week_operator.py took 0.073 seconds
[2025-11-17T16:32:36.149+0000] {processor.py:161} INFO - Started process (PID=60441) to work on /usr/local/python/3.12.1/lib/python3.12/site-packages/airflow/example_dags/example_branch_day_of_week_operator.py
[2025-11-17T16:32:36.150+0000] {processor.py:830} INFO - Processing file /usr/local/python/3.12.1/lib/python3.12/site-packages/airflow/example_dags/example_branch_day_of_week_operator.py for tasks to queue
[2025-11-17T16:32:36.151+0000] {logging_mixin.py:188} INFO - [2025-11-17T16:32:36.151+0000] {dagbag.py:545} INFO - Filling up the DagBag from /usr/local/python/3.12.1/lib/python3.12/site-packages/airflow/example_dags/example_branch_day_of_week_operator.py
[2025-11-17T16:32:36.157+0000] {processor.py:840} INFO - DAG(s) 'example_weekday_branch_operator' retrieved from /usr/local/python/3.12.1/lib/python3.12/site-packages/airflow/example_dags/example_branch_day_of_week_operator.py
[2025-11-17T16:32:36.169+0000] {logging_mixin.py:188} INFO - [2025-11-17T16:32:36.169+0000] {dag.py:3096} INFO - Sync 1 DAGs
[2025-11-17T16:32:36.184+0000] {logging_mixin.py:188} INFO - [2025-11-17T16:32:36.184+0000] {dag.py:3954} INFO - Setting next_dagrun for example_weekday_branch_operator to 2025-11-16 00:00:00+00:00, run_after=2025-11-17 00:00:00+00:00
[2025-11-17T16:32:36.201+0000] {processor.py:183} INFO - Processing /usr/local/python/3.12.1/lib/python3.12/site-packages/airflow/example_dags/example_branch_day_of_week_operator.py took 0.056 seconds
[2025-11-17T16:33:36.933+0000] {processor.py:161} INFO - Started process (PID=60916) to work on /usr/local/python/3.12.1/lib/python3.12/site-packages/airflow/example_dags/example_branch_day_of_week_operator.py
[2025-11-17T16:33:36.933+0000] {processor.py:830} INFO - Processing file /usr/local/python/3.12.1/lib/python3.12/site-packages/airflow/example_dags/example_branch_day_of_week_operator.py for tasks to queue
[2025-11-17T16:33:36.935+0000] {logging_mixin.py:188} INFO - [2025-11-17T16:33:36.935+0000] {dagbag.py:545} INFO - Filling up the DagBag from /usr/local/python/3.12.1/lib/python3.12/site-packages/airflow/example_dags/example_branch_day_of_week_operator.py
[2025-11-17T16:33:36.941+0000] {processor.py:840} INFO - DAG(s) 'example_weekday_branch_operator' retrieved from /usr/local/python/3.12.1/lib/python3.12/site-packages/airflow/example_dags/example_branch_day_of_week_operator.py
[2025-11-17T16:33:36.953+0000] {logging_mixin.py:188} INFO - [2025-11-17T16:33:36.953+0000] {dag.py:3096} INFO - Sync 1 DAGs
[2025-11-17T16:33:36.969+0000] {logging_mixin.py:188} INFO - [2025-11-17T16:33:36.968+0000] {dag.py:3954} INFO - Setting next_dagrun for example_weekday_branch_operator to 2025-11-16 00:00:00+00:00, run_after=2025-11-17 00:00:00+00:00
[2025-11-17T16:33:36.989+0000] {processor.py:183} INFO - Processing /usr/local/python/3.12.1/lib/python3.12/site-packages/airflow/example_dags/example_branch_day_of_week_operator.py took 0.060 seconds
[2025-11-17T16:34:36.593+0000] {processor.py:161} INFO - Started process (PID=61387) to work on /usr/local/python/3.12.1/lib/python3.12/site-packages/airflow/example_dags/example_branch_day_of_week_operator.py
[2025-11-17T16:34:36.594+0000] {processor.py:830} INFO - Processing file /usr/local/python/3.12.1/lib/python3.12/site-packages/airflow/example_dags/example_branch_day_of_week_operator.py for tasks to queue
[2025-11-17T16:34:36.596+0000] {logging_mixin.py:188} INFO - [2025-11-17T16:34:36.595+0000] {dagbag.py:545} INFO - Filling up the DagBag from /usr/local/python/3.12.1/lib/python3.12/site-packages/airflow/example_dags/example_branch_day_of_week_operator.py
[2025-11-17T16:34:36.603+0000] {processor.py:840} INFO - DAG(s) 'example_weekday_branch_operator' retrieved from /usr/local/python/3.12.1/lib/python3.12/site-packages/airflow/example_dags/example_branch_day_of_week_operator.py
[2025-11-17T16:34:36.620+0000] {logging_mixin.py:188} INFO - [2025-11-17T16:34:36.620+0000] {dag.py:3096} INFO - Sync 1 DAGs
[2025-11-17T16:34:36.645+0000] {logging_mixin.py:188} INFO - [2025-11-17T16:34:36.645+0000] {dag.py:3954} INFO - Setting next_dagrun for example_weekday_branch_operator to 2025-11-16 00:00:00+00:00, run_after=2025-11-17 00:00:00+00:00
[2025-11-17T16:34:36.666+0000] {processor.py:183} INFO - Processing /usr/local/python/3.12.1/lib/python3.12/site-packages/airflow/example_dags/example_branch_day_of_week_operator.py took 0.077 seconds
[2025-11-17T16:35:32.270+0000] {processor.py:161} INFO - Started process (PID=61842) to work on /usr/local/python/3.12.1/lib/python3.12/site-packages/airflow/example_dags/example_branch_day_of_week_operator.py
[2025-11-17T16:35:32.271+0000] {processor.py:830} INFO - Processing file /usr/local/python/3.12.1/lib/python3.12/site-packages/airflow/example_dags/example_branch_day_of_week_operator.py for tasks to queue
[2025-11-17T16:35:32.272+0000] {logging_mixin.py:188} INFO - [2025-11-17T16:35:32.271+0000] {dagbag.py:545} INFO - Filling up the DagBag from /usr/local/python/3.12.1/lib/python3.12/site-packages/airflow/example_dags/example_branch_day_of_week_operator.py
[2025-11-17T16:35:32.277+0000] {processor.py:840} INFO - DAG(s) 'example_weekday_branch_operator' retrieved from /usr/local/python/3.12.1/lib/python3.12/site-packages/airflow/example_dags/example_branch_day_of_week_operator.py
[2025-11-17T16:35:32.290+0000] {logging_mixin.py:188} INFO - [2025-11-17T16:35:32.289+0000] {dag.py:3096} INFO - Sync 1 DAGs
[2025-11-17T16:35:32.304+0000] {logging_mixin.py:188} INFO - [2025-11-17T16:35:32.304+0000] {dag.py:3954} INFO - Setting next_dagrun for example_weekday_branch_operator to 2025-11-16 00:00:00+00:00, run_after=2025-11-17 00:00:00+00:00
[2025-11-17T16:35:32.320+0000] {processor.py:183} INFO - Processing /usr/local/python/3.12.1/lib/python3.12/site-packages/airflow/example_dags/example_branch_day_of_week_operator.py took 0.055 seconds
[2025-11-17T16:36:25.822+0000] {processor.py:161} INFO - Started process (PID=62306) to work on /usr/local/python/3.12.1/lib/python3.12/site-packages/airflow/example_dags/example_branch_day_of_week_operator.py
[2025-11-17T16:36:25.823+0000] {processor.py:830} INFO - Processing file /usr/local/python/3.12.1/lib/python3.12/site-packages/airflow/example_dags/example_branch_day_of_week_operator.py for tasks to queue
[2025-11-17T16:36:25.824+0000] {logging_mixin.py:188} INFO - [2025-11-17T16:36:25.824+0000] {dagbag.py:545} INFO - Filling up the DagBag from /usr/local/python/3.12.1/lib/python3.12/site-packages/airflow/example_dags/example_branch_day_of_week_operator.py
[2025-11-17T16:36:25.830+0000] {processor.py:840} INFO - DAG(s) 'example_weekday_branch_operator' retrieved from /usr/local/python/3.12.1/lib/python3.12/site-packages/airflow/example_dags/example_branch_day_of_week_operator.py
[2025-11-17T16:36:25.842+0000] {logging_mixin.py:188} INFO - [2025-11-17T16:36:25.842+0000] {dag.py:3096} INFO - Sync 1 DAGs
[2025-11-17T16:36:25.857+0000] {logging_mixin.py:188} INFO - [2025-11-17T16:36:25.857+0000] {dag.py:3954} INFO - Setting next_dagrun for example_weekday_branch_operator to 2025-11-16 00:00:00+00:00, run_after=2025-11-17 00:00:00+00:00
[2025-11-17T16:36:25.874+0000] {processor.py:183} INFO - Processing /usr/local/python/3.12.1/lib/python3.12/site-packages/airflow/example_dags/example_branch_day_of_week_operator.py took 0.056 seconds
[2025-11-17T16:37:28.977+0000] {processor.py:161} INFO - Started process (PID=62794) to work on /usr/local/python/3.12.1/lib/python3.12/site-packages/airflow/example_dags/example_branch_day_of_week_operator.py
[2025-11-17T16:37:28.977+0000] {processor.py:830} INFO - Processing file /usr/local/python/3.12.1/lib/python3.12/site-packages/airflow/example_dags/example_branch_day_of_week_operator.py for tasks to queue
[2025-11-17T16:37:28.979+0000] {logging_mixin.py:188} INFO - [2025-11-17T16:37:28.978+0000] {dagbag.py:545} INFO - Filling up the DagBag from /usr/local/python/3.12.1/lib/python3.12/site-packages/airflow/example_dags/example_branch_day_of_week_operator.py
[2025-11-17T16:37:28.984+0000] {processor.py:840} INFO - DAG(s) 'example_weekday_branch_operator' retrieved from /usr/local/python/3.12.1/lib/python3.12/site-packages/airflow/example_dags/example_branch_day_of_week_operator.py
[2025-11-17T16:37:28.996+0000] {logging_mixin.py:188} INFO - [2025-11-17T16:37:28.996+0000] {dag.py:3096} INFO - Sync 1 DAGs
[2025-11-17T16:37:29.011+0000] {logging_mixin.py:188} INFO - [2025-11-17T16:37:29.011+0000] {dag.py:3954} INFO - Setting next_dagrun for example_weekday_branch_operator to 2025-11-16 00:00:00+00:00, run_after=2025-11-17 00:00:00+00:00
[2025-11-17T16:37:29.027+0000] {processor.py:183} INFO - Processing /usr/local/python/3.12.1/lib/python3.12/site-packages/airflow/example_dags/example_branch_day_of_week_operator.py took 0.054 seconds
[2025-11-17T16:38:34.444+0000] {processor.py:161} INFO - Started process (PID=63487) to work on /usr/local/python/3.12.1/lib/python3.12/site-packages/airflow/example_dags/example_branch_day_of_week_operator.py
[2025-11-17T16:38:34.445+0000] {processor.py:830} INFO - Processing file /usr/local/python/3.12.1/lib/python3.12/site-packages/airflow/example_dags/example_branch_day_of_week_operator.py for tasks to queue
[2025-11-17T16:38:34.446+0000] {logging_mixin.py:188} INFO - [2025-11-17T16:38:34.446+0000] {dagbag.py:545} INFO - Filling up the DagBag from /usr/local/python/3.12.1/lib/python3.12/site-packages/airflow/example_dags/example_branch_day_of_week_operator.py
[2025-11-17T16:38:34.451+0000] {processor.py:840} INFO - DAG(s) 'example_weekday_branch_operator' retrieved from /usr/local/python/3.12.1/lib/python3.12/site-packages/airflow/example_dags/example_branch_day_of_week_operator.py
[2025-11-17T16:38:34.464+0000] {logging_mixin.py:188} INFO - [2025-11-17T16:38:34.463+0000] {dag.py:3096} INFO - Sync 1 DAGs
[2025-11-17T16:38:34.478+0000] {logging_mixin.py:188} INFO - [2025-11-17T16:38:34.478+0000] {dag.py:3954} INFO - Setting next_dagrun for example_weekday_branch_operator to 2025-11-16 00:00:00+00:00, run_after=2025-11-17 00:00:00+00:00
[2025-11-17T16:38:34.495+0000] {processor.py:183} INFO - Processing /usr/local/python/3.12.1/lib/python3.12/site-packages/airflow/example_dags/example_branch_day_of_week_operator.py took 0.055 seconds
