[2025-11-17T15:42:44.845+0000] {processor.py:161} INFO - Started process (PID=28225) to work on /usr/local/python/3.12.1/lib/python3.12/site-packages/airflow/example_dags/example_display_name.py
[2025-11-17T15:42:44.845+0000] {processor.py:830} INFO - Processing file /usr/local/python/3.12.1/lib/python3.12/site-packages/airflow/example_dags/example_display_name.py for tasks to queue
[2025-11-17T15:42:44.846+0000] {logging_mixin.py:188} INFO - [2025-11-17T15:42:44.846+0000] {dagbag.py:545} INFO - Filling up the DagBag from /usr/local/python/3.12.1/lib/python3.12/site-packages/airflow/example_dags/example_display_name.py
[2025-11-17T15:42:44.850+0000] {processor.py:840} INFO - DAG(s) 'example_display_name' retrieved from /usr/local/python/3.12.1/lib/python3.12/site-packages/airflow/example_dags/example_display_name.py
[2025-11-17T15:42:44.934+0000] {logging_mixin.py:188} INFO - [2025-11-17T15:42:44.934+0000] {override.py:1829} INFO - Created Permission View: can read on DAG:example_display_name
[2025-11-17T15:42:44.943+0000] {logging_mixin.py:188} INFO - [2025-11-17T15:42:44.943+0000] {override.py:1829} INFO - Created Permission View: can edit on DAG:example_display_name
[2025-11-17T15:42:44.949+0000] {logging_mixin.py:188} INFO - [2025-11-17T15:42:44.949+0000] {override.py:1829} INFO - Created Permission View: can delete on DAG:example_display_name
[2025-11-17T15:42:44.949+0000] {logging_mixin.py:188} INFO - [2025-11-17T15:42:44.949+0000] {dag.py:3096} INFO - Sync 1 DAGs
[2025-11-17T15:42:44.957+0000] {logging_mixin.py:188} INFO - [2025-11-17T15:42:44.956+0000] {dag.py:3118} INFO - Creating ORM DAG for example_display_name
[2025-11-17T15:42:44.957+0000] {logging_mixin.py:188} INFO - [2025-11-17T15:42:44.957+0000] {dag.py:3954} INFO - Setting next_dagrun for example_display_name to None, run_after=None
[2025-11-17T15:42:44.972+0000] {processor.py:183} INFO - Processing /usr/local/python/3.12.1/lib/python3.12/site-packages/airflow/example_dags/example_display_name.py took 0.131 seconds
[2025-11-17T15:43:36.772+0000] {processor.py:161} INFO - Started process (PID=29279) to work on /usr/local/python/3.12.1/lib/python3.12/site-packages/airflow/example_dags/example_display_name.py
[2025-11-17T15:43:36.773+0000] {processor.py:830} INFO - Processing file /usr/local/python/3.12.1/lib/python3.12/site-packages/airflow/example_dags/example_display_name.py for tasks to queue
[2025-11-17T15:43:36.774+0000] {logging_mixin.py:188} INFO - [2025-11-17T15:43:36.774+0000] {dagbag.py:545} INFO - Filling up the DagBag from /usr/local/python/3.12.1/lib/python3.12/site-packages/airflow/example_dags/example_display_name.py
[2025-11-17T15:43:36.778+0000] {processor.py:840} INFO - DAG(s) 'example_display_name' retrieved from /usr/local/python/3.12.1/lib/python3.12/site-packages/airflow/example_dags/example_display_name.py
[2025-11-17T15:43:36.789+0000] {logging_mixin.py:188} INFO - [2025-11-17T15:43:36.789+0000] {dag.py:3096} INFO - Sync 1 DAGs
[2025-11-17T15:43:36.797+0000] {logging_mixin.py:188} INFO - [2025-11-17T15:43:36.797+0000] {dag.py:3954} INFO - Setting next_dagrun for example_display_name to None, run_after=None
[2025-11-17T15:43:36.814+0000] {processor.py:183} INFO - Processing /usr/local/python/3.12.1/lib/python3.12/site-packages/airflow/example_dags/example_display_name.py took 0.045 seconds
[2025-11-17T15:44:32.514+0000] {processor.py:161} INFO - Started process (PID=29780) to work on /usr/local/python/3.12.1/lib/python3.12/site-packages/airflow/example_dags/example_display_name.py
[2025-11-17T15:44:32.515+0000] {processor.py:830} INFO - Processing file /usr/local/python/3.12.1/lib/python3.12/site-packages/airflow/example_dags/example_display_name.py for tasks to queue
[2025-11-17T15:44:32.517+0000] {logging_mixin.py:188} INFO - [2025-11-17T15:44:32.516+0000] {dagbag.py:545} INFO - Filling up the DagBag from /usr/local/python/3.12.1/lib/python3.12/site-packages/airflow/example_dags/example_display_name.py
[2025-11-17T15:44:32.522+0000] {processor.py:840} INFO - DAG(s) 'example_display_name' retrieved from /usr/local/python/3.12.1/lib/python3.12/site-packages/airflow/example_dags/example_display_name.py
[2025-11-17T15:44:32.536+0000] {logging_mixin.py:188} INFO - [2025-11-17T15:44:32.536+0000] {dag.py:3096} INFO - Sync 1 DAGs
[2025-11-17T15:44:32.548+0000] {logging_mixin.py:188} INFO - [2025-11-17T15:44:32.548+0000] {dag.py:3954} INFO - Setting next_dagrun for example_display_name to None, run_after=None
[2025-11-17T15:44:32.571+0000] {processor.py:183} INFO - Processing /usr/local/python/3.12.1/lib/python3.12/site-packages/airflow/example_dags/example_display_name.py took 0.061 seconds
[2025-11-17T15:45:32.378+0000] {processor.py:161} INFO - Started process (PID=30852) to work on /usr/local/python/3.12.1/lib/python3.12/site-packages/airflow/example_dags/example_display_name.py
[2025-11-17T15:45:32.379+0000] {processor.py:830} INFO - Processing file /usr/local/python/3.12.1/lib/python3.12/site-packages/airflow/example_dags/example_display_name.py for tasks to queue
[2025-11-17T15:45:32.380+0000] {logging_mixin.py:188} INFO - [2025-11-17T15:45:32.379+0000] {dagbag.py:545} INFO - Filling up the DagBag from /usr/local/python/3.12.1/lib/python3.12/site-packages/airflow/example_dags/example_display_name.py
[2025-11-17T15:45:32.384+0000] {processor.py:840} INFO - DAG(s) 'example_display_name' retrieved from /usr/local/python/3.12.1/lib/python3.12/site-packages/airflow/example_dags/example_display_name.py
[2025-11-17T15:45:32.394+0000] {logging_mixin.py:188} INFO - [2025-11-17T15:45:32.394+0000] {dag.py:3096} INFO - Sync 1 DAGs
[2025-11-17T15:45:32.402+0000] {logging_mixin.py:188} INFO - [2025-11-17T15:45:32.402+0000] {dag.py:3954} INFO - Setting next_dagrun for example_display_name to None, run_after=None
[2025-11-17T15:45:32.418+0000] {processor.py:183} INFO - Processing /usr/local/python/3.12.1/lib/python3.12/site-packages/airflow/example_dags/example_display_name.py took 0.044 seconds
[2025-11-17T16:01:18.021+0000] {processor.py:161} INFO - Started process (PID=41175) to work on /usr/local/python/3.12.1/lib/python3.12/site-packages/airflow/example_dags/example_display_name.py
[2025-11-17T16:01:18.022+0000] {processor.py:830} INFO - Processing file /usr/local/python/3.12.1/lib/python3.12/site-packages/airflow/example_dags/example_display_name.py for tasks to queue
[2025-11-17T16:01:18.023+0000] {logging_mixin.py:188} INFO - [2025-11-17T16:01:18.023+0000] {dagbag.py:545} INFO - Filling up the DagBag from /usr/local/python/3.12.1/lib/python3.12/site-packages/airflow/example_dags/example_display_name.py
[2025-11-17T16:01:18.027+0000] {processor.py:840} INFO - DAG(s) 'example_display_name' retrieved from /usr/local/python/3.12.1/lib/python3.12/site-packages/airflow/example_dags/example_display_name.py
[2025-11-17T16:01:18.037+0000] {logging_mixin.py:188} INFO - [2025-11-17T16:01:18.037+0000] {dag.py:3096} INFO - Sync 1 DAGs
[2025-11-17T16:01:18.045+0000] {logging_mixin.py:188} INFO - [2025-11-17T16:01:18.045+0000] {dag.py:3954} INFO - Setting next_dagrun for example_display_name to None, run_after=None
[2025-11-17T16:01:18.061+0000] {processor.py:183} INFO - Processing /usr/local/python/3.12.1/lib/python3.12/site-packages/airflow/example_dags/example_display_name.py took 0.044 seconds
[2025-11-17T16:02:20.707+0000] {processor.py:161} INFO - Started process (PID=41903) to work on /usr/local/python/3.12.1/lib/python3.12/site-packages/airflow/example_dags/example_display_name.py
[2025-11-17T16:02:20.707+0000] {processor.py:830} INFO - Processing file /usr/local/python/3.12.1/lib/python3.12/site-packages/airflow/example_dags/example_display_name.py for tasks to queue
[2025-11-17T16:02:20.709+0000] {logging_mixin.py:188} INFO - [2025-11-17T16:02:20.708+0000] {dagbag.py:545} INFO - Filling up the DagBag from /usr/local/python/3.12.1/lib/python3.12/site-packages/airflow/example_dags/example_display_name.py
[2025-11-17T16:02:20.713+0000] {processor.py:840} INFO - DAG(s) 'example_display_name' retrieved from /usr/local/python/3.12.1/lib/python3.12/site-packages/airflow/example_dags/example_display_name.py
[2025-11-17T16:02:20.723+0000] {logging_mixin.py:188} INFO - [2025-11-17T16:02:20.723+0000] {dag.py:3096} INFO - Sync 1 DAGs
[2025-11-17T16:02:20.731+0000] {logging_mixin.py:188} INFO - [2025-11-17T16:02:20.731+0000] {dag.py:3954} INFO - Setting next_dagrun for example_display_name to None, run_after=None
[2025-11-17T16:02:20.747+0000] {processor.py:183} INFO - Processing /usr/local/python/3.12.1/lib/python3.12/site-packages/airflow/example_dags/example_display_name.py took 0.044 seconds
[2025-11-17T16:03:25.771+0000] {processor.py:161} INFO - Started process (PID=42743) to work on /usr/local/python/3.12.1/lib/python3.12/site-packages/airflow/example_dags/example_display_name.py
[2025-11-17T16:03:25.771+0000] {processor.py:830} INFO - Processing file /usr/local/python/3.12.1/lib/python3.12/site-packages/airflow/example_dags/example_display_name.py for tasks to queue
[2025-11-17T16:03:25.772+0000] {logging_mixin.py:188} INFO - [2025-11-17T16:03:25.772+0000] {dagbag.py:545} INFO - Filling up the DagBag from /usr/local/python/3.12.1/lib/python3.12/site-packages/airflow/example_dags/example_display_name.py
[2025-11-17T16:03:25.776+0000] {processor.py:840} INFO - DAG(s) 'example_display_name' retrieved from /usr/local/python/3.12.1/lib/python3.12/site-packages/airflow/example_dags/example_display_name.py
[2025-11-17T16:03:25.787+0000] {logging_mixin.py:188} INFO - [2025-11-17T16:03:25.786+0000] {dag.py:3096} INFO - Sync 1 DAGs
[2025-11-17T16:03:25.795+0000] {logging_mixin.py:188} INFO - [2025-11-17T16:03:25.795+0000] {dag.py:3954} INFO - Setting next_dagrun for example_display_name to None, run_after=None
[2025-11-17T16:03:25.811+0000] {processor.py:183} INFO - Processing /usr/local/python/3.12.1/lib/python3.12/site-packages/airflow/example_dags/example_display_name.py took 0.044 seconds
[2025-11-17T16:04:25.854+0000] {processor.py:161} INFO - Started process (PID=43551) to work on /usr/local/python/3.12.1/lib/python3.12/site-packages/airflow/example_dags/example_display_name.py
[2025-11-17T16:04:25.855+0000] {processor.py:830} INFO - Processing file /usr/local/python/3.12.1/lib/python3.12/site-packages/airflow/example_dags/example_display_name.py for tasks to queue
[2025-11-17T16:04:25.856+0000] {logging_mixin.py:188} INFO - [2025-11-17T16:04:25.856+0000] {dagbag.py:545} INFO - Filling up the DagBag from /usr/local/python/3.12.1/lib/python3.12/site-packages/airflow/example_dags/example_display_name.py
[2025-11-17T16:04:25.863+0000] {processor.py:840} INFO - DAG(s) 'example_display_name' retrieved from /usr/local/python/3.12.1/lib/python3.12/site-packages/airflow/example_dags/example_display_name.py
[2025-11-17T16:04:25.878+0000] {logging_mixin.py:188} INFO - [2025-11-17T16:04:25.878+0000] {dag.py:3096} INFO - Sync 1 DAGs
[2025-11-17T16:04:25.888+0000] {logging_mixin.py:188} INFO - [2025-11-17T16:04:25.888+0000] {dag.py:3954} INFO - Setting next_dagrun for example_display_name to None, run_after=None
[2025-11-17T16:04:25.909+0000] {processor.py:183} INFO - Processing /usr/local/python/3.12.1/lib/python3.12/site-packages/airflow/example_dags/example_display_name.py took 0.070 seconds
[2025-11-17T16:06:35.259+0000] {processor.py:161} INFO - Started process (PID=45567) to work on /usr/local/python/3.12.1/lib/python3.12/site-packages/airflow/example_dags/example_display_name.py
[2025-11-17T16:06:35.264+0000] {processor.py:830} INFO - Processing file /usr/local/python/3.12.1/lib/python3.12/site-packages/airflow/example_dags/example_display_name.py for tasks to queue
[2025-11-17T16:06:35.266+0000] {logging_mixin.py:188} INFO - [2025-11-17T16:06:35.265+0000] {dagbag.py:545} INFO - Filling up the DagBag from /usr/local/python/3.12.1/lib/python3.12/site-packages/airflow/example_dags/example_display_name.py
[2025-11-17T16:06:35.272+0000] {processor.py:840} INFO - DAG(s) 'example_display_name' retrieved from /usr/local/python/3.12.1/lib/python3.12/site-packages/airflow/example_dags/example_display_name.py
[2025-11-17T16:06:35.289+0000] {logging_mixin.py:188} INFO - [2025-11-17T16:06:35.289+0000] {dag.py:3096} INFO - Sync 1 DAGs
[2025-11-17T16:06:35.303+0000] {logging_mixin.py:188} INFO - [2025-11-17T16:06:35.302+0000] {dag.py:3954} INFO - Setting next_dagrun for example_display_name to None, run_after=None
[2025-11-17T16:06:35.345+0000] {processor.py:183} INFO - Processing /usr/local/python/3.12.1/lib/python3.12/site-packages/airflow/example_dags/example_display_name.py took 0.106 seconds
[2025-11-17T16:07:25.492+0000] {processor.py:161} INFO - Started process (PID=46658) to work on /usr/local/python/3.12.1/lib/python3.12/site-packages/airflow/example_dags/example_display_name.py
[2025-11-17T16:07:25.492+0000] {processor.py:830} INFO - Processing file /usr/local/python/3.12.1/lib/python3.12/site-packages/airflow/example_dags/example_display_name.py for tasks to queue
[2025-11-17T16:07:25.493+0000] {logging_mixin.py:188} INFO - [2025-11-17T16:07:25.493+0000] {dagbag.py:545} INFO - Filling up the DagBag from /usr/local/python/3.12.1/lib/python3.12/site-packages/airflow/example_dags/example_display_name.py
[2025-11-17T16:07:25.497+0000] {processor.py:840} INFO - DAG(s) 'example_display_name' retrieved from /usr/local/python/3.12.1/lib/python3.12/site-packages/airflow/example_dags/example_display_name.py
[2025-11-17T16:07:25.508+0000] {logging_mixin.py:188} INFO - [2025-11-17T16:07:25.508+0000] {dag.py:3096} INFO - Sync 1 DAGs
[2025-11-17T16:07:25.516+0000] {logging_mixin.py:188} INFO - [2025-11-17T16:07:25.516+0000] {dag.py:3954} INFO - Setting next_dagrun for example_display_name to None, run_after=None
[2025-11-17T16:07:25.534+0000] {processor.py:183} INFO - Processing /usr/local/python/3.12.1/lib/python3.12/site-packages/airflow/example_dags/example_display_name.py took 0.046 seconds
[2025-11-17T16:08:22.258+0000] {processor.py:161} INFO - Started process (PID=47467) to work on /usr/local/python/3.12.1/lib/python3.12/site-packages/airflow/example_dags/example_display_name.py
[2025-11-17T16:08:22.259+0000] {processor.py:830} INFO - Processing file /usr/local/python/3.12.1/lib/python3.12/site-packages/airflow/example_dags/example_display_name.py for tasks to queue
[2025-11-17T16:08:22.260+0000] {logging_mixin.py:188} INFO - [2025-11-17T16:08:22.260+0000] {dagbag.py:545} INFO - Filling up the DagBag from /usr/local/python/3.12.1/lib/python3.12/site-packages/airflow/example_dags/example_display_name.py
[2025-11-17T16:08:22.264+0000] {processor.py:840} INFO - DAG(s) 'example_display_name' retrieved from /usr/local/python/3.12.1/lib/python3.12/site-packages/airflow/example_dags/example_display_name.py
[2025-11-17T16:08:22.274+0000] {logging_mixin.py:188} INFO - [2025-11-17T16:08:22.274+0000] {dag.py:3096} INFO - Sync 1 DAGs
[2025-11-17T16:08:22.283+0000] {logging_mixin.py:188} INFO - [2025-11-17T16:08:22.283+0000] {dag.py:3954} INFO - Setting next_dagrun for example_display_name to None, run_after=None
[2025-11-17T16:08:22.298+0000] {processor.py:183} INFO - Processing /usr/local/python/3.12.1/lib/python3.12/site-packages/airflow/example_dags/example_display_name.py took 0.044 seconds
[2025-11-17T16:09:24.028+0000] {processor.py:161} INFO - Started process (PID=48374) to work on /usr/local/python/3.12.1/lib/python3.12/site-packages/airflow/example_dags/example_display_name.py
[2025-11-17T16:09:24.029+0000] {processor.py:830} INFO - Processing file /usr/local/python/3.12.1/lib/python3.12/site-packages/airflow/example_dags/example_display_name.py for tasks to queue
[2025-11-17T16:09:24.031+0000] {logging_mixin.py:188} INFO - [2025-11-17T16:09:24.030+0000] {dagbag.py:545} INFO - Filling up the DagBag from /usr/local/python/3.12.1/lib/python3.12/site-packages/airflow/example_dags/example_display_name.py
[2025-11-17T16:09:24.036+0000] {processor.py:840} INFO - DAG(s) 'example_display_name' retrieved from /usr/local/python/3.12.1/lib/python3.12/site-packages/airflow/example_dags/example_display_name.py
[2025-11-17T16:09:24.054+0000] {logging_mixin.py:188} INFO - [2025-11-17T16:09:24.053+0000] {dag.py:3096} INFO - Sync 1 DAGs
[2025-11-17T16:09:24.067+0000] {logging_mixin.py:188} INFO - [2025-11-17T16:09:24.067+0000] {dag.py:3954} INFO - Setting next_dagrun for example_display_name to None, run_after=None
[2025-11-17T16:09:24.091+0000] {processor.py:183} INFO - Processing /usr/local/python/3.12.1/lib/python3.12/site-packages/airflow/example_dags/example_display_name.py took 0.069 seconds
[2025-11-17T16:10:22.468+0000] {processor.py:161} INFO - Started process (PID=49246) to work on /usr/local/python/3.12.1/lib/python3.12/site-packages/airflow/example_dags/example_display_name.py
[2025-11-17T16:10:22.468+0000] {processor.py:830} INFO - Processing file /usr/local/python/3.12.1/lib/python3.12/site-packages/airflow/example_dags/example_display_name.py for tasks to queue
[2025-11-17T16:10:22.470+0000] {logging_mixin.py:188} INFO - [2025-11-17T16:10:22.469+0000] {dagbag.py:545} INFO - Filling up the DagBag from /usr/local/python/3.12.1/lib/python3.12/site-packages/airflow/example_dags/example_display_name.py
[2025-11-17T16:10:22.473+0000] {processor.py:840} INFO - DAG(s) 'example_display_name' retrieved from /usr/local/python/3.12.1/lib/python3.12/site-packages/airflow/example_dags/example_display_name.py
[2025-11-17T16:10:22.485+0000] {logging_mixin.py:188} INFO - [2025-11-17T16:10:22.485+0000] {dag.py:3096} INFO - Sync 1 DAGs
[2025-11-17T16:10:22.493+0000] {logging_mixin.py:188} INFO - [2025-11-17T16:10:22.493+0000] {dag.py:3954} INFO - Setting next_dagrun for example_display_name to None, run_after=None
[2025-11-17T16:10:22.509+0000] {processor.py:183} INFO - Processing /usr/local/python/3.12.1/lib/python3.12/site-packages/airflow/example_dags/example_display_name.py took 0.045 seconds
[2025-11-17T16:11:22.372+0000] {processor.py:161} INFO - Started process (PID=50224) to work on /usr/local/python/3.12.1/lib/python3.12/site-packages/airflow/example_dags/example_display_name.py
[2025-11-17T16:11:22.373+0000] {processor.py:830} INFO - Processing file /usr/local/python/3.12.1/lib/python3.12/site-packages/airflow/example_dags/example_display_name.py for tasks to queue
[2025-11-17T16:11:22.374+0000] {logging_mixin.py:188} INFO - [2025-11-17T16:11:22.374+0000] {dagbag.py:545} INFO - Filling up the DagBag from /usr/local/python/3.12.1/lib/python3.12/site-packages/airflow/example_dags/example_display_name.py
[2025-11-17T16:11:22.378+0000] {processor.py:840} INFO - DAG(s) 'example_display_name' retrieved from /usr/local/python/3.12.1/lib/python3.12/site-packages/airflow/example_dags/example_display_name.py
[2025-11-17T16:11:22.389+0000] {logging_mixin.py:188} INFO - [2025-11-17T16:11:22.388+0000] {dag.py:3096} INFO - Sync 1 DAGs
[2025-11-17T16:11:22.477+0000] {logging_mixin.py:188} INFO - [2025-11-17T16:11:22.477+0000] {dag.py:3954} INFO - Setting next_dagrun for example_display_name to None, run_after=None
[2025-11-17T16:11:22.492+0000] {processor.py:183} INFO - Processing /usr/local/python/3.12.1/lib/python3.12/site-packages/airflow/example_dags/example_display_name.py took 0.124 seconds
[2025-11-17T16:12:29.691+0000] {processor.py:161} INFO - Started process (PID=50779) to work on /usr/local/python/3.12.1/lib/python3.12/site-packages/airflow/example_dags/example_display_name.py
[2025-11-17T16:12:29.692+0000] {processor.py:830} INFO - Processing file /usr/local/python/3.12.1/lib/python3.12/site-packages/airflow/example_dags/example_display_name.py for tasks to queue
[2025-11-17T16:12:29.693+0000] {logging_mixin.py:188} INFO - [2025-11-17T16:12:29.693+0000] {dagbag.py:545} INFO - Filling up the DagBag from /usr/local/python/3.12.1/lib/python3.12/site-packages/airflow/example_dags/example_display_name.py
[2025-11-17T16:12:29.697+0000] {processor.py:840} INFO - DAG(s) 'example_display_name' retrieved from /usr/local/python/3.12.1/lib/python3.12/site-packages/airflow/example_dags/example_display_name.py
[2025-11-17T16:12:29.708+0000] {logging_mixin.py:188} INFO - [2025-11-17T16:12:29.708+0000] {dag.py:3096} INFO - Sync 1 DAGs
[2025-11-17T16:12:29.717+0000] {logging_mixin.py:188} INFO - [2025-11-17T16:12:29.717+0000] {dag.py:3954} INFO - Setting next_dagrun for example_display_name to None, run_after=None
[2025-11-17T16:12:29.734+0000] {processor.py:183} INFO - Processing /usr/local/python/3.12.1/lib/python3.12/site-packages/airflow/example_dags/example_display_name.py took 0.047 seconds
[2025-11-17T16:13:36.317+0000] {processor.py:161} INFO - Started process (PID=51291) to work on /usr/local/python/3.12.1/lib/python3.12/site-packages/airflow/example_dags/example_display_name.py
[2025-11-17T16:13:36.318+0000] {processor.py:830} INFO - Processing file /usr/local/python/3.12.1/lib/python3.12/site-packages/airflow/example_dags/example_display_name.py for tasks to queue
[2025-11-17T16:13:36.319+0000] {logging_mixin.py:188} INFO - [2025-11-17T16:13:36.319+0000] {dagbag.py:545} INFO - Filling up the DagBag from /usr/local/python/3.12.1/lib/python3.12/site-packages/airflow/example_dags/example_display_name.py
[2025-11-17T16:13:36.323+0000] {processor.py:840} INFO - DAG(s) 'example_display_name' retrieved from /usr/local/python/3.12.1/lib/python3.12/site-packages/airflow/example_dags/example_display_name.py
[2025-11-17T16:13:36.334+0000] {logging_mixin.py:188} INFO - [2025-11-17T16:13:36.333+0000] {dag.py:3096} INFO - Sync 1 DAGs
[2025-11-17T16:13:36.342+0000] {logging_mixin.py:188} INFO - [2025-11-17T16:13:36.342+0000] {dag.py:3954} INFO - Setting next_dagrun for example_display_name to None, run_after=None
[2025-11-17T16:13:36.359+0000] {processor.py:183} INFO - Processing /usr/local/python/3.12.1/lib/python3.12/site-packages/airflow/example_dags/example_display_name.py took 0.046 seconds
[2025-11-17T16:14:35.515+0000] {processor.py:161} INFO - Started process (PID=51764) to work on /usr/local/python/3.12.1/lib/python3.12/site-packages/airflow/example_dags/example_display_name.py
[2025-11-17T16:14:35.516+0000] {processor.py:830} INFO - Processing file /usr/local/python/3.12.1/lib/python3.12/site-packages/airflow/example_dags/example_display_name.py for tasks to queue
[2025-11-17T16:14:35.517+0000] {logging_mixin.py:188} INFO - [2025-11-17T16:14:35.517+0000] {dagbag.py:545} INFO - Filling up the DagBag from /usr/local/python/3.12.1/lib/python3.12/site-packages/airflow/example_dags/example_display_name.py
[2025-11-17T16:14:35.521+0000] {processor.py:840} INFO - DAG(s) 'example_display_name' retrieved from /usr/local/python/3.12.1/lib/python3.12/site-packages/airflow/example_dags/example_display_name.py
[2025-11-17T16:14:35.532+0000] {logging_mixin.py:188} INFO - [2025-11-17T16:14:35.532+0000] {dag.py:3096} INFO - Sync 1 DAGs
[2025-11-17T16:14:35.540+0000] {logging_mixin.py:188} INFO - [2025-11-17T16:14:35.540+0000] {dag.py:3954} INFO - Setting next_dagrun for example_display_name to None, run_after=None
[2025-11-17T16:14:35.556+0000] {processor.py:183} INFO - Processing /usr/local/python/3.12.1/lib/python3.12/site-packages/airflow/example_dags/example_display_name.py took 0.045 seconds
[2025-11-17T16:15:35.522+0000] {processor.py:161} INFO - Started process (PID=52234) to work on /usr/local/python/3.12.1/lib/python3.12/site-packages/airflow/example_dags/example_display_name.py
[2025-11-17T16:15:35.523+0000] {processor.py:830} INFO - Processing file /usr/local/python/3.12.1/lib/python3.12/site-packages/airflow/example_dags/example_display_name.py for tasks to queue
[2025-11-17T16:15:35.524+0000] {logging_mixin.py:188} INFO - [2025-11-17T16:15:35.524+0000] {dagbag.py:545} INFO - Filling up the DagBag from /usr/local/python/3.12.1/lib/python3.12/site-packages/airflow/example_dags/example_display_name.py
[2025-11-17T16:15:35.529+0000] {processor.py:840} INFO - DAG(s) 'example_display_name' retrieved from /usr/local/python/3.12.1/lib/python3.12/site-packages/airflow/example_dags/example_display_name.py
[2025-11-17T16:15:35.539+0000] {logging_mixin.py:188} INFO - [2025-11-17T16:15:35.539+0000] {dag.py:3096} INFO - Sync 1 DAGs
[2025-11-17T16:15:35.548+0000] {logging_mixin.py:188} INFO - [2025-11-17T16:15:35.548+0000] {dag.py:3954} INFO - Setting next_dagrun for example_display_name to None, run_after=None
[2025-11-17T16:15:35.564+0000] {processor.py:183} INFO - Processing /usr/local/python/3.12.1/lib/python3.12/site-packages/airflow/example_dags/example_display_name.py took 0.046 seconds
[2025-11-17T16:16:27.534+0000] {processor.py:161} INFO - Started process (PID=52691) to work on /usr/local/python/3.12.1/lib/python3.12/site-packages/airflow/example_dags/example_display_name.py
[2025-11-17T16:16:27.535+0000] {processor.py:830} INFO - Processing file /usr/local/python/3.12.1/lib/python3.12/site-packages/airflow/example_dags/example_display_name.py for tasks to queue
[2025-11-17T16:16:27.536+0000] {logging_mixin.py:188} INFO - [2025-11-17T16:16:27.536+0000] {dagbag.py:545} INFO - Filling up the DagBag from /usr/local/python/3.12.1/lib/python3.12/site-packages/airflow/example_dags/example_display_name.py
[2025-11-17T16:16:27.540+0000] {processor.py:840} INFO - DAG(s) 'example_display_name' retrieved from /usr/local/python/3.12.1/lib/python3.12/site-packages/airflow/example_dags/example_display_name.py
[2025-11-17T16:16:27.551+0000] {logging_mixin.py:188} INFO - [2025-11-17T16:16:27.551+0000] {dag.py:3096} INFO - Sync 1 DAGs
[2025-11-17T16:16:27.560+0000] {logging_mixin.py:188} INFO - [2025-11-17T16:16:27.560+0000] {dag.py:3954} INFO - Setting next_dagrun for example_display_name to None, run_after=None
[2025-11-17T16:16:27.577+0000] {processor.py:183} INFO - Processing /usr/local/python/3.12.1/lib/python3.12/site-packages/airflow/example_dags/example_display_name.py took 0.047 seconds
[2025-11-17T16:17:26.676+0000] {processor.py:161} INFO - Started process (PID=53154) to work on /usr/local/python/3.12.1/lib/python3.12/site-packages/airflow/example_dags/example_display_name.py
[2025-11-17T16:17:26.676+0000] {processor.py:830} INFO - Processing file /usr/local/python/3.12.1/lib/python3.12/site-packages/airflow/example_dags/example_display_name.py for tasks to queue
[2025-11-17T16:17:26.678+0000] {logging_mixin.py:188} INFO - [2025-11-17T16:17:26.677+0000] {dagbag.py:545} INFO - Filling up the DagBag from /usr/local/python/3.12.1/lib/python3.12/site-packages/airflow/example_dags/example_display_name.py
[2025-11-17T16:17:26.682+0000] {processor.py:840} INFO - DAG(s) 'example_display_name' retrieved from /usr/local/python/3.12.1/lib/python3.12/site-packages/airflow/example_dags/example_display_name.py
[2025-11-17T16:17:26.693+0000] {logging_mixin.py:188} INFO - [2025-11-17T16:17:26.693+0000] {dag.py:3096} INFO - Sync 1 DAGs
[2025-11-17T16:17:26.701+0000] {logging_mixin.py:188} INFO - [2025-11-17T16:17:26.701+0000] {dag.py:3954} INFO - Setting next_dagrun for example_display_name to None, run_after=None
[2025-11-17T16:17:26.721+0000] {processor.py:183} INFO - Processing /usr/local/python/3.12.1/lib/python3.12/site-packages/airflow/example_dags/example_display_name.py took 0.050 seconds
[2025-11-17T16:18:25.927+0000] {processor.py:161} INFO - Started process (PID=53624) to work on /usr/local/python/3.12.1/lib/python3.12/site-packages/airflow/example_dags/example_display_name.py
[2025-11-17T16:18:25.928+0000] {processor.py:830} INFO - Processing file /usr/local/python/3.12.1/lib/python3.12/site-packages/airflow/example_dags/example_display_name.py for tasks to queue
[2025-11-17T16:18:25.929+0000] {logging_mixin.py:188} INFO - [2025-11-17T16:18:25.929+0000] {dagbag.py:545} INFO - Filling up the DagBag from /usr/local/python/3.12.1/lib/python3.12/site-packages/airflow/example_dags/example_display_name.py
[2025-11-17T16:18:25.933+0000] {processor.py:840} INFO - DAG(s) 'example_display_name' retrieved from /usr/local/python/3.12.1/lib/python3.12/site-packages/airflow/example_dags/example_display_name.py
[2025-11-17T16:18:25.944+0000] {logging_mixin.py:188} INFO - [2025-11-17T16:18:25.944+0000] {dag.py:3096} INFO - Sync 1 DAGs
[2025-11-17T16:18:25.952+0000] {logging_mixin.py:188} INFO - [2025-11-17T16:18:25.952+0000] {dag.py:3954} INFO - Setting next_dagrun for example_display_name to None, run_after=None
[2025-11-17T16:18:25.968+0000] {processor.py:183} INFO - Processing /usr/local/python/3.12.1/lib/python3.12/site-packages/airflow/example_dags/example_display_name.py took 0.045 seconds
[2025-11-17T16:19:23.860+0000] {processor.py:161} INFO - Started process (PID=54090) to work on /usr/local/python/3.12.1/lib/python3.12/site-packages/airflow/example_dags/example_display_name.py
[2025-11-17T16:19:23.861+0000] {processor.py:830} INFO - Processing file /usr/local/python/3.12.1/lib/python3.12/site-packages/airflow/example_dags/example_display_name.py for tasks to queue
[2025-11-17T16:19:23.862+0000] {logging_mixin.py:188} INFO - [2025-11-17T16:19:23.862+0000] {dagbag.py:545} INFO - Filling up the DagBag from /usr/local/python/3.12.1/lib/python3.12/site-packages/airflow/example_dags/example_display_name.py
[2025-11-17T16:19:23.866+0000] {processor.py:840} INFO - DAG(s) 'example_display_name' retrieved from /usr/local/python/3.12.1/lib/python3.12/site-packages/airflow/example_dags/example_display_name.py
[2025-11-17T16:19:23.877+0000] {logging_mixin.py:188} INFO - [2025-11-17T16:19:23.877+0000] {dag.py:3096} INFO - Sync 1 DAGs
[2025-11-17T16:19:23.886+0000] {logging_mixin.py:188} INFO - [2025-11-17T16:19:23.886+0000] {dag.py:3954} INFO - Setting next_dagrun for example_display_name to None, run_after=None
[2025-11-17T16:19:23.902+0000] {processor.py:183} INFO - Processing /usr/local/python/3.12.1/lib/python3.12/site-packages/airflow/example_dags/example_display_name.py took 0.046 seconds
[2025-11-17T16:20:23.514+0000] {processor.py:161} INFO - Started process (PID=54542) to work on /usr/local/python/3.12.1/lib/python3.12/site-packages/airflow/example_dags/example_display_name.py
[2025-11-17T16:20:23.515+0000] {processor.py:830} INFO - Processing file /usr/local/python/3.12.1/lib/python3.12/site-packages/airflow/example_dags/example_display_name.py for tasks to queue
[2025-11-17T16:20:23.516+0000] {logging_mixin.py:188} INFO - [2025-11-17T16:20:23.516+0000] {dagbag.py:545} INFO - Filling up the DagBag from /usr/local/python/3.12.1/lib/python3.12/site-packages/airflow/example_dags/example_display_name.py
[2025-11-17T16:20:23.520+0000] {processor.py:840} INFO - DAG(s) 'example_display_name' retrieved from /usr/local/python/3.12.1/lib/python3.12/site-packages/airflow/example_dags/example_display_name.py
[2025-11-17T16:20:23.531+0000] {logging_mixin.py:188} INFO - [2025-11-17T16:20:23.530+0000] {dag.py:3096} INFO - Sync 1 DAGs
[2025-11-17T16:20:23.540+0000] {logging_mixin.py:188} INFO - [2025-11-17T16:20:23.540+0000] {dag.py:3954} INFO - Setting next_dagrun for example_display_name to None, run_after=None
[2025-11-17T16:20:23.556+0000] {processor.py:183} INFO - Processing /usr/local/python/3.12.1/lib/python3.12/site-packages/airflow/example_dags/example_display_name.py took 0.046 seconds
[2025-11-17T16:21:24.294+0000] {processor.py:161} INFO - Started process (PID=55065) to work on /usr/local/python/3.12.1/lib/python3.12/site-packages/airflow/example_dags/example_display_name.py
[2025-11-17T16:21:24.295+0000] {processor.py:830} INFO - Processing file /usr/local/python/3.12.1/lib/python3.12/site-packages/airflow/example_dags/example_display_name.py for tasks to queue
[2025-11-17T16:21:24.297+0000] {logging_mixin.py:188} INFO - [2025-11-17T16:21:24.296+0000] {dagbag.py:545} INFO - Filling up the DagBag from /usr/local/python/3.12.1/lib/python3.12/site-packages/airflow/example_dags/example_display_name.py
[2025-11-17T16:21:24.303+0000] {processor.py:840} INFO - DAG(s) 'example_display_name' retrieved from /usr/local/python/3.12.1/lib/python3.12/site-packages/airflow/example_dags/example_display_name.py
[2025-11-17T16:21:24.314+0000] {logging_mixin.py:188} INFO - [2025-11-17T16:21:24.314+0000] {dag.py:3096} INFO - Sync 1 DAGs
[2025-11-17T16:21:24.323+0000] {logging_mixin.py:188} INFO - [2025-11-17T16:21:24.323+0000] {dag.py:3954} INFO - Setting next_dagrun for example_display_name to None, run_after=None
[2025-11-17T16:21:24.340+0000] {processor.py:183} INFO - Processing /usr/local/python/3.12.1/lib/python3.12/site-packages/airflow/example_dags/example_display_name.py took 0.051 seconds
[2025-11-17T16:22:25.079+0000] {processor.py:161} INFO - Started process (PID=55543) to work on /usr/local/python/3.12.1/lib/python3.12/site-packages/airflow/example_dags/example_display_name.py
[2025-11-17T16:22:25.080+0000] {processor.py:830} INFO - Processing file /usr/local/python/3.12.1/lib/python3.12/site-packages/airflow/example_dags/example_display_name.py for tasks to queue
[2025-11-17T16:22:25.081+0000] {logging_mixin.py:188} INFO - [2025-11-17T16:22:25.081+0000] {dagbag.py:545} INFO - Filling up the DagBag from /usr/local/python/3.12.1/lib/python3.12/site-packages/airflow/example_dags/example_display_name.py
[2025-11-17T16:22:25.087+0000] {processor.py:840} INFO - DAG(s) 'example_display_name' retrieved from /usr/local/python/3.12.1/lib/python3.12/site-packages/airflow/example_dags/example_display_name.py
[2025-11-17T16:22:25.101+0000] {logging_mixin.py:188} INFO - [2025-11-17T16:22:25.101+0000] {dag.py:3096} INFO - Sync 1 DAGs
[2025-11-17T16:22:25.109+0000] {logging_mixin.py:188} INFO - [2025-11-17T16:22:25.109+0000] {dag.py:3954} INFO - Setting next_dagrun for example_display_name to None, run_after=None
[2025-11-17T16:22:25.127+0000] {processor.py:183} INFO - Processing /usr/local/python/3.12.1/lib/python3.12/site-packages/airflow/example_dags/example_display_name.py took 0.053 seconds
[2025-11-17T16:23:24.765+0000] {processor.py:161} INFO - Started process (PID=56014) to work on /usr/local/python/3.12.1/lib/python3.12/site-packages/airflow/example_dags/example_display_name.py
[2025-11-17T16:23:24.766+0000] {processor.py:830} INFO - Processing file /usr/local/python/3.12.1/lib/python3.12/site-packages/airflow/example_dags/example_display_name.py for tasks to queue
[2025-11-17T16:23:24.768+0000] {logging_mixin.py:188} INFO - [2025-11-17T16:23:24.768+0000] {dagbag.py:545} INFO - Filling up the DagBag from /usr/local/python/3.12.1/lib/python3.12/site-packages/airflow/example_dags/example_display_name.py
[2025-11-17T16:23:24.774+0000] {processor.py:840} INFO - DAG(s) 'example_display_name' retrieved from /usr/local/python/3.12.1/lib/python3.12/site-packages/airflow/example_dags/example_display_name.py
[2025-11-17T16:23:24.787+0000] {logging_mixin.py:188} INFO - [2025-11-17T16:23:24.787+0000] {dag.py:3096} INFO - Sync 1 DAGs
[2025-11-17T16:23:24.800+0000] {logging_mixin.py:188} INFO - [2025-11-17T16:23:24.799+0000] {dag.py:3954} INFO - Setting next_dagrun for example_display_name to None, run_after=None
[2025-11-17T16:23:24.816+0000] {processor.py:183} INFO - Processing /usr/local/python/3.12.1/lib/python3.12/site-packages/airflow/example_dags/example_display_name.py took 0.057 seconds
[2025-11-17T16:24:28.746+0000] {processor.py:161} INFO - Started process (PID=56536) to work on /usr/local/python/3.12.1/lib/python3.12/site-packages/airflow/example_dags/example_display_name.py
[2025-11-17T16:24:28.747+0000] {processor.py:830} INFO - Processing file /usr/local/python/3.12.1/lib/python3.12/site-packages/airflow/example_dags/example_display_name.py for tasks to queue
[2025-11-17T16:24:28.748+0000] {logging_mixin.py:188} INFO - [2025-11-17T16:24:28.748+0000] {dagbag.py:545} INFO - Filling up the DagBag from /usr/local/python/3.12.1/lib/python3.12/site-packages/airflow/example_dags/example_display_name.py
[2025-11-17T16:24:28.752+0000] {processor.py:840} INFO - DAG(s) 'example_display_name' retrieved from /usr/local/python/3.12.1/lib/python3.12/site-packages/airflow/example_dags/example_display_name.py
[2025-11-17T16:24:28.763+0000] {logging_mixin.py:188} INFO - [2025-11-17T16:24:28.763+0000] {dag.py:3096} INFO - Sync 1 DAGs
[2025-11-17T16:24:28.771+0000] {logging_mixin.py:188} INFO - [2025-11-17T16:24:28.771+0000] {dag.py:3954} INFO - Setting next_dagrun for example_display_name to None, run_after=None
[2025-11-17T16:24:28.788+0000] {processor.py:183} INFO - Processing /usr/local/python/3.12.1/lib/python3.12/site-packages/airflow/example_dags/example_display_name.py took 0.046 seconds
[2025-11-17T16:25:25.310+0000] {processor.py:161} INFO - Started process (PID=56967) to work on /usr/local/python/3.12.1/lib/python3.12/site-packages/airflow/example_dags/example_display_name.py
[2025-11-17T16:25:25.310+0000] {processor.py:830} INFO - Processing file /usr/local/python/3.12.1/lib/python3.12/site-packages/airflow/example_dags/example_display_name.py for tasks to queue
[2025-11-17T16:25:25.312+0000] {logging_mixin.py:188} INFO - [2025-11-17T16:25:25.311+0000] {dagbag.py:545} INFO - Filling up the DagBag from /usr/local/python/3.12.1/lib/python3.12/site-packages/airflow/example_dags/example_display_name.py
[2025-11-17T16:25:25.316+0000] {processor.py:840} INFO - DAG(s) 'example_display_name' retrieved from /usr/local/python/3.12.1/lib/python3.12/site-packages/airflow/example_dags/example_display_name.py
[2025-11-17T16:25:25.326+0000] {logging_mixin.py:188} INFO - [2025-11-17T16:25:25.326+0000] {dag.py:3096} INFO - Sync 1 DAGs
[2025-11-17T16:25:25.335+0000] {logging_mixin.py:188} INFO - [2025-11-17T16:25:25.335+0000] {dag.py:3954} INFO - Setting next_dagrun for example_display_name to None, run_after=None
[2025-11-17T16:25:25.350+0000] {processor.py:183} INFO - Processing /usr/local/python/3.12.1/lib/python3.12/site-packages/airflow/example_dags/example_display_name.py took 0.045 seconds
[2025-11-17T16:26:25.745+0000] {processor.py:161} INFO - Started process (PID=57491) to work on /usr/local/python/3.12.1/lib/python3.12/site-packages/airflow/example_dags/example_display_name.py
[2025-11-17T16:26:25.746+0000] {processor.py:830} INFO - Processing file /usr/local/python/3.12.1/lib/python3.12/site-packages/airflow/example_dags/example_display_name.py for tasks to queue
[2025-11-17T16:26:25.747+0000] {logging_mixin.py:188} INFO - [2025-11-17T16:26:25.747+0000] {dagbag.py:545} INFO - Filling up the DagBag from /usr/local/python/3.12.1/lib/python3.12/site-packages/airflow/example_dags/example_display_name.py
[2025-11-17T16:26:25.751+0000] {processor.py:840} INFO - DAG(s) 'example_display_name' retrieved from /usr/local/python/3.12.1/lib/python3.12/site-packages/airflow/example_dags/example_display_name.py
[2025-11-17T16:26:25.762+0000] {logging_mixin.py:188} INFO - [2025-11-17T16:26:25.762+0000] {dag.py:3096} INFO - Sync 1 DAGs
[2025-11-17T16:26:25.770+0000] {logging_mixin.py:188} INFO - [2025-11-17T16:26:25.770+0000] {dag.py:3954} INFO - Setting next_dagrun for example_display_name to None, run_after=None
[2025-11-17T16:26:25.787+0000] {processor.py:183} INFO - Processing /usr/local/python/3.12.1/lib/python3.12/site-packages/airflow/example_dags/example_display_name.py took 0.047 seconds
[2025-11-17T16:27:27.351+0000] {processor.py:161} INFO - Started process (PID=57972) to work on /usr/local/python/3.12.1/lib/python3.12/site-packages/airflow/example_dags/example_display_name.py
[2025-11-17T16:27:27.353+0000] {processor.py:830} INFO - Processing file /usr/local/python/3.12.1/lib/python3.12/site-packages/airflow/example_dags/example_display_name.py for tasks to queue
[2025-11-17T16:27:27.357+0000] {logging_mixin.py:188} INFO - [2025-11-17T16:27:27.356+0000] {dagbag.py:545} INFO - Filling up the DagBag from /usr/local/python/3.12.1/lib/python3.12/site-packages/airflow/example_dags/example_display_name.py
[2025-11-17T16:27:27.364+0000] {processor.py:840} INFO - DAG(s) 'example_display_name' retrieved from /usr/local/python/3.12.1/lib/python3.12/site-packages/airflow/example_dags/example_display_name.py
[2025-11-17T16:27:27.375+0000] {logging_mixin.py:188} INFO - [2025-11-17T16:27:27.375+0000] {dag.py:3096} INFO - Sync 1 DAGs
[2025-11-17T16:27:27.384+0000] {logging_mixin.py:188} INFO - [2025-11-17T16:27:27.383+0000] {dag.py:3954} INFO - Setting next_dagrun for example_display_name to None, run_after=None
[2025-11-17T16:27:27.400+0000] {processor.py:183} INFO - Processing /usr/local/python/3.12.1/lib/python3.12/site-packages/airflow/example_dags/example_display_name.py took 0.061 seconds
[2025-11-17T16:28:22.912+0000] {processor.py:161} INFO - Started process (PID=58418) to work on /usr/local/python/3.12.1/lib/python3.12/site-packages/airflow/example_dags/example_display_name.py
[2025-11-17T16:28:22.913+0000] {processor.py:830} INFO - Processing file /usr/local/python/3.12.1/lib/python3.12/site-packages/airflow/example_dags/example_display_name.py for tasks to queue
[2025-11-17T16:28:22.915+0000] {logging_mixin.py:188} INFO - [2025-11-17T16:28:22.915+0000] {dagbag.py:545} INFO - Filling up the DagBag from /usr/local/python/3.12.1/lib/python3.12/site-packages/airflow/example_dags/example_display_name.py
[2025-11-17T16:28:22.921+0000] {processor.py:840} INFO - DAG(s) 'example_display_name' retrieved from /usr/local/python/3.12.1/lib/python3.12/site-packages/airflow/example_dags/example_display_name.py
[2025-11-17T16:28:22.937+0000] {logging_mixin.py:188} INFO - [2025-11-17T16:28:22.936+0000] {dag.py:3096} INFO - Sync 1 DAGs
[2025-11-17T16:28:22.949+0000] {logging_mixin.py:188} INFO - [2025-11-17T16:28:22.949+0000] {dag.py:3954} INFO - Setting next_dagrun for example_display_name to None, run_after=None
[2025-11-17T16:28:22.981+0000] {processor.py:183} INFO - Processing /usr/local/python/3.12.1/lib/python3.12/site-packages/airflow/example_dags/example_display_name.py took 0.075 seconds
[2025-11-17T16:29:21.338+0000] {processor.py:161} INFO - Started process (PID=58867) to work on /usr/local/python/3.12.1/lib/python3.12/site-packages/airflow/example_dags/example_display_name.py
[2025-11-17T16:29:21.338+0000] {processor.py:830} INFO - Processing file /usr/local/python/3.12.1/lib/python3.12/site-packages/airflow/example_dags/example_display_name.py for tasks to queue
[2025-11-17T16:29:21.340+0000] {logging_mixin.py:188} INFO - [2025-11-17T16:29:21.339+0000] {dagbag.py:545} INFO - Filling up the DagBag from /usr/local/python/3.12.1/lib/python3.12/site-packages/airflow/example_dags/example_display_name.py
[2025-11-17T16:29:21.344+0000] {processor.py:840} INFO - DAG(s) 'example_display_name' retrieved from /usr/local/python/3.12.1/lib/python3.12/site-packages/airflow/example_dags/example_display_name.py
[2025-11-17T16:29:21.355+0000] {logging_mixin.py:188} INFO - [2025-11-17T16:29:21.354+0000] {dag.py:3096} INFO - Sync 1 DAGs
[2025-11-17T16:29:21.363+0000] {logging_mixin.py:188} INFO - [2025-11-17T16:29:21.363+0000] {dag.py:3954} INFO - Setting next_dagrun for example_display_name to None, run_after=None
[2025-11-17T16:29:21.379+0000] {processor.py:183} INFO - Processing /usr/local/python/3.12.1/lib/python3.12/site-packages/airflow/example_dags/example_display_name.py took 0.046 seconds
[2025-11-17T16:30:17.801+0000] {processor.py:161} INFO - Started process (PID=59317) to work on /usr/local/python/3.12.1/lib/python3.12/site-packages/airflow/example_dags/example_display_name.py
[2025-11-17T16:30:17.802+0000] {processor.py:830} INFO - Processing file /usr/local/python/3.12.1/lib/python3.12/site-packages/airflow/example_dags/example_display_name.py for tasks to queue
[2025-11-17T16:30:17.803+0000] {logging_mixin.py:188} INFO - [2025-11-17T16:30:17.803+0000] {dagbag.py:545} INFO - Filling up the DagBag from /usr/local/python/3.12.1/lib/python3.12/site-packages/airflow/example_dags/example_display_name.py
[2025-11-17T16:30:17.807+0000] {processor.py:840} INFO - DAG(s) 'example_display_name' retrieved from /usr/local/python/3.12.1/lib/python3.12/site-packages/airflow/example_dags/example_display_name.py
[2025-11-17T16:30:17.818+0000] {logging_mixin.py:188} INFO - [2025-11-17T16:30:17.818+0000] {dag.py:3096} INFO - Sync 1 DAGs
[2025-11-17T16:30:17.831+0000] {logging_mixin.py:188} INFO - [2025-11-17T16:30:17.831+0000] {dag.py:3954} INFO - Setting next_dagrun for example_display_name to None, run_after=None
[2025-11-17T16:30:17.856+0000] {processor.py:183} INFO - Processing /usr/local/python/3.12.1/lib/python3.12/site-packages/airflow/example_dags/example_display_name.py took 0.060 seconds
[2025-11-17T16:31:17.989+0000] {processor.py:161} INFO - Started process (PID=59842) to work on /usr/local/python/3.12.1/lib/python3.12/site-packages/airflow/example_dags/example_display_name.py
[2025-11-17T16:31:17.990+0000] {processor.py:830} INFO - Processing file /usr/local/python/3.12.1/lib/python3.12/site-packages/airflow/example_dags/example_display_name.py for tasks to queue
[2025-11-17T16:31:17.991+0000] {logging_mixin.py:188} INFO - [2025-11-17T16:31:17.991+0000] {dagbag.py:545} INFO - Filling up the DagBag from /usr/local/python/3.12.1/lib/python3.12/site-packages/airflow/example_dags/example_display_name.py
[2025-11-17T16:31:17.995+0000] {processor.py:840} INFO - DAG(s) 'example_display_name' retrieved from /usr/local/python/3.12.1/lib/python3.12/site-packages/airflow/example_dags/example_display_name.py
[2025-11-17T16:31:18.006+0000] {logging_mixin.py:188} INFO - [2025-11-17T16:31:18.006+0000] {dag.py:3096} INFO - Sync 1 DAGs
[2025-11-17T16:31:18.014+0000] {logging_mixin.py:188} INFO - [2025-11-17T16:31:18.014+0000] {dag.py:3954} INFO - Setting next_dagrun for example_display_name to None, run_after=None
[2025-11-17T16:31:18.030+0000] {processor.py:183} INFO - Processing /usr/local/python/3.12.1/lib/python3.12/site-packages/airflow/example_dags/example_display_name.py took 0.045 seconds
[2025-11-17T16:32:16.850+0000] {processor.py:161} INFO - Started process (PID=60300) to work on /usr/local/python/3.12.1/lib/python3.12/site-packages/airflow/example_dags/example_display_name.py
[2025-11-17T16:32:16.850+0000] {processor.py:830} INFO - Processing file /usr/local/python/3.12.1/lib/python3.12/site-packages/airflow/example_dags/example_display_name.py for tasks to queue
[2025-11-17T16:32:16.852+0000] {logging_mixin.py:188} INFO - [2025-11-17T16:32:16.851+0000] {dagbag.py:545} INFO - Filling up the DagBag from /usr/local/python/3.12.1/lib/python3.12/site-packages/airflow/example_dags/example_display_name.py
[2025-11-17T16:32:16.856+0000] {processor.py:840} INFO - DAG(s) 'example_display_name' retrieved from /usr/local/python/3.12.1/lib/python3.12/site-packages/airflow/example_dags/example_display_name.py
[2025-11-17T16:32:16.867+0000] {logging_mixin.py:188} INFO - [2025-11-17T16:32:16.867+0000] {dag.py:3096} INFO - Sync 1 DAGs
[2025-11-17T16:32:16.875+0000] {logging_mixin.py:188} INFO - [2025-11-17T16:32:16.875+0000] {dag.py:3954} INFO - Setting next_dagrun for example_display_name to None, run_after=None
[2025-11-17T16:32:16.893+0000] {processor.py:183} INFO - Processing /usr/local/python/3.12.1/lib/python3.12/site-packages/airflow/example_dags/example_display_name.py took 0.047 seconds
[2025-11-17T16:33:19.996+0000] {processor.py:161} INFO - Started process (PID=60795) to work on /usr/local/python/3.12.1/lib/python3.12/site-packages/airflow/example_dags/example_display_name.py
[2025-11-17T16:33:19.996+0000] {processor.py:830} INFO - Processing file /usr/local/python/3.12.1/lib/python3.12/site-packages/airflow/example_dags/example_display_name.py for tasks to queue
[2025-11-17T16:33:19.998+0000] {logging_mixin.py:188} INFO - [2025-11-17T16:33:19.997+0000] {dagbag.py:545} INFO - Filling up the DagBag from /usr/local/python/3.12.1/lib/python3.12/site-packages/airflow/example_dags/example_display_name.py
[2025-11-17T16:33:20.002+0000] {processor.py:840} INFO - DAG(s) 'example_display_name' retrieved from /usr/local/python/3.12.1/lib/python3.12/site-packages/airflow/example_dags/example_display_name.py
[2025-11-17T16:33:20.013+0000] {logging_mixin.py:188} INFO - [2025-11-17T16:33:20.012+0000] {dag.py:3096} INFO - Sync 1 DAGs
[2025-11-17T16:33:20.021+0000] {logging_mixin.py:188} INFO - [2025-11-17T16:33:20.021+0000] {dag.py:3954} INFO - Setting next_dagrun for example_display_name to None, run_after=None
[2025-11-17T16:33:20.037+0000] {processor.py:183} INFO - Processing /usr/local/python/3.12.1/lib/python3.12/site-packages/airflow/example_dags/example_display_name.py took 0.046 seconds
[2025-11-17T16:34:19.180+0000] {processor.py:161} INFO - Started process (PID=61267) to work on /usr/local/python/3.12.1/lib/python3.12/site-packages/airflow/example_dags/example_display_name.py
[2025-11-17T16:34:19.181+0000] {processor.py:830} INFO - Processing file /usr/local/python/3.12.1/lib/python3.12/site-packages/airflow/example_dags/example_display_name.py for tasks to queue
[2025-11-17T16:34:19.182+0000] {logging_mixin.py:188} INFO - [2025-11-17T16:34:19.182+0000] {dagbag.py:545} INFO - Filling up the DagBag from /usr/local/python/3.12.1/lib/python3.12/site-packages/airflow/example_dags/example_display_name.py
[2025-11-17T16:34:19.186+0000] {processor.py:840} INFO - DAG(s) 'example_display_name' retrieved from /usr/local/python/3.12.1/lib/python3.12/site-packages/airflow/example_dags/example_display_name.py
[2025-11-17T16:34:19.198+0000] {logging_mixin.py:188} INFO - [2025-11-17T16:34:19.197+0000] {dag.py:3096} INFO - Sync 1 DAGs
[2025-11-17T16:34:19.206+0000] {logging_mixin.py:188} INFO - [2025-11-17T16:34:19.206+0000] {dag.py:3954} INFO - Setting next_dagrun for example_display_name to None, run_after=None
[2025-11-17T16:34:19.223+0000] {processor.py:183} INFO - Processing /usr/local/python/3.12.1/lib/python3.12/site-packages/airflow/example_dags/example_display_name.py took 0.047 seconds
[2025-11-17T16:35:17.223+0000] {processor.py:161} INFO - Started process (PID=61707) to work on /usr/local/python/3.12.1/lib/python3.12/site-packages/airflow/example_dags/example_display_name.py
[2025-11-17T16:35:17.224+0000] {processor.py:830} INFO - Processing file /usr/local/python/3.12.1/lib/python3.12/site-packages/airflow/example_dags/example_display_name.py for tasks to queue
[2025-11-17T16:35:17.226+0000] {logging_mixin.py:188} INFO - [2025-11-17T16:35:17.225+0000] {dagbag.py:545} INFO - Filling up the DagBag from /usr/local/python/3.12.1/lib/python3.12/site-packages/airflow/example_dags/example_display_name.py
[2025-11-17T16:35:17.232+0000] {processor.py:840} INFO - DAG(s) 'example_display_name' retrieved from /usr/local/python/3.12.1/lib/python3.12/site-packages/airflow/example_dags/example_display_name.py
[2025-11-17T16:35:17.243+0000] {logging_mixin.py:188} INFO - [2025-11-17T16:35:17.243+0000] {dag.py:3096} INFO - Sync 1 DAGs
[2025-11-17T16:35:17.252+0000] {logging_mixin.py:188} INFO - [2025-11-17T16:35:17.252+0000] {dag.py:3954} INFO - Setting next_dagrun for example_display_name to None, run_after=None
[2025-11-17T16:35:17.268+0000] {processor.py:183} INFO - Processing /usr/local/python/3.12.1/lib/python3.12/site-packages/airflow/example_dags/example_display_name.py took 0.049 seconds
[2025-11-17T16:36:10.271+0000] {processor.py:161} INFO - Started process (PID=62190) to work on /usr/local/python/3.12.1/lib/python3.12/site-packages/airflow/example_dags/example_display_name.py
[2025-11-17T16:36:10.272+0000] {processor.py:830} INFO - Processing file /usr/local/python/3.12.1/lib/python3.12/site-packages/airflow/example_dags/example_display_name.py for tasks to queue
[2025-11-17T16:36:10.274+0000] {logging_mixin.py:188} INFO - [2025-11-17T16:36:10.273+0000] {dagbag.py:545} INFO - Filling up the DagBag from /usr/local/python/3.12.1/lib/python3.12/site-packages/airflow/example_dags/example_display_name.py
[2025-11-17T16:36:10.278+0000] {processor.py:840} INFO - DAG(s) 'example_display_name' retrieved from /usr/local/python/3.12.1/lib/python3.12/site-packages/airflow/example_dags/example_display_name.py
[2025-11-17T16:36:10.291+0000] {logging_mixin.py:188} INFO - [2025-11-17T16:36:10.290+0000] {dag.py:3096} INFO - Sync 1 DAGs
[2025-11-17T16:36:10.300+0000] {logging_mixin.py:188} INFO - [2025-11-17T16:36:10.300+0000] {dag.py:3954} INFO - Setting next_dagrun for example_display_name to None, run_after=None
[2025-11-17T16:36:10.319+0000] {processor.py:183} INFO - Processing /usr/local/python/3.12.1/lib/python3.12/site-packages/airflow/example_dags/example_display_name.py took 0.052 seconds
[2025-11-17T16:37:08.514+0000] {processor.py:161} INFO - Started process (PID=62639) to work on /usr/local/python/3.12.1/lib/python3.12/site-packages/airflow/example_dags/example_display_name.py
[2025-11-17T16:37:08.514+0000] {processor.py:830} INFO - Processing file /usr/local/python/3.12.1/lib/python3.12/site-packages/airflow/example_dags/example_display_name.py for tasks to queue
[2025-11-17T16:37:08.516+0000] {logging_mixin.py:188} INFO - [2025-11-17T16:37:08.515+0000] {dagbag.py:545} INFO - Filling up the DagBag from /usr/local/python/3.12.1/lib/python3.12/site-packages/airflow/example_dags/example_display_name.py
[2025-11-17T16:37:08.519+0000] {processor.py:840} INFO - DAG(s) 'example_display_name' retrieved from /usr/local/python/3.12.1/lib/python3.12/site-packages/airflow/example_dags/example_display_name.py
[2025-11-17T16:37:08.530+0000] {logging_mixin.py:188} INFO - [2025-11-17T16:37:08.530+0000] {dag.py:3096} INFO - Sync 1 DAGs
[2025-11-17T16:37:08.539+0000] {logging_mixin.py:188} INFO - [2025-11-17T16:37:08.539+0000] {dag.py:3954} INFO - Setting next_dagrun for example_display_name to None, run_after=None
[2025-11-17T16:37:08.556+0000] {processor.py:183} INFO - Processing /usr/local/python/3.12.1/lib/python3.12/site-packages/airflow/example_dags/example_display_name.py took 0.046 seconds
[2025-11-17T16:38:13.622+0000] {processor.py:161} INFO - Started process (PID=63391) to work on /usr/local/python/3.12.1/lib/python3.12/site-packages/airflow/example_dags/example_display_name.py
[2025-11-17T16:38:13.622+0000] {processor.py:830} INFO - Processing file /usr/local/python/3.12.1/lib/python3.12/site-packages/airflow/example_dags/example_display_name.py for tasks to queue
[2025-11-17T16:38:13.624+0000] {logging_mixin.py:188} INFO - [2025-11-17T16:38:13.623+0000] {dagbag.py:545} INFO - Filling up the DagBag from /usr/local/python/3.12.1/lib/python3.12/site-packages/airflow/example_dags/example_display_name.py
[2025-11-17T16:38:13.628+0000] {processor.py:840} INFO - DAG(s) 'example_display_name' retrieved from /usr/local/python/3.12.1/lib/python3.12/site-packages/airflow/example_dags/example_display_name.py
[2025-11-17T16:38:13.639+0000] {logging_mixin.py:188} INFO - [2025-11-17T16:38:13.639+0000] {dag.py:3096} INFO - Sync 1 DAGs
[2025-11-17T16:38:13.647+0000] {logging_mixin.py:188} INFO - [2025-11-17T16:38:13.647+0000] {dag.py:3954} INFO - Setting next_dagrun for example_display_name to None, run_after=None
[2025-11-17T16:38:13.664+0000] {processor.py:183} INFO - Processing /usr/local/python/3.12.1/lib/python3.12/site-packages/airflow/example_dags/example_display_name.py took 0.046 seconds
