[2025-11-17T15:42:34.576+0000] {processor.py:161} INFO - Started process (PID=28085) to work on /usr/local/python/3.12.1/lib/python3.12/site-packages/airflow/example_dags/example_latest_only_with_trigger.py
[2025-11-17T15:42:34.577+0000] {processor.py:830} INFO - Processing file /usr/local/python/3.12.1/lib/python3.12/site-packages/airflow/example_dags/example_latest_only_with_trigger.py for tasks to queue
[2025-11-17T15:42:34.578+0000] {logging_mixin.py:188} INFO - [2025-11-17T15:42:34.578+0000] {dagbag.py:545} INFO - Filling up the DagBag from /usr/local/python/3.12.1/lib/python3.12/site-packages/airflow/example_dags/example_latest_only_with_trigger.py
[2025-11-17T15:42:34.584+0000] {processor.py:840} INFO - DAG(s) 'latest_only_with_trigger' retrieved from /usr/local/python/3.12.1/lib/python3.12/site-packages/airflow/example_dags/example_latest_only_with_trigger.py
[2025-11-17T15:42:34.714+0000] {logging_mixin.py:188} INFO - [2025-11-17T15:42:34.714+0000] {override.py:1829} INFO - Created Permission View: can read on DAG:latest_only_with_trigger
[2025-11-17T15:42:34.726+0000] {logging_mixin.py:188} INFO - [2025-11-17T15:42:34.726+0000] {override.py:1829} INFO - Created Permission View: can edit on DAG:latest_only_with_trigger
[2025-11-17T15:42:34.734+0000] {logging_mixin.py:188} INFO - [2025-11-17T15:42:34.734+0000] {override.py:1829} INFO - Created Permission View: can delete on DAG:latest_only_with_trigger
[2025-11-17T15:42:34.735+0000] {logging_mixin.py:188} INFO - [2025-11-17T15:42:34.735+0000] {dag.py:3096} INFO - Sync 1 DAGs
[2025-11-17T15:42:34.746+0000] {logging_mixin.py:188} INFO - [2025-11-17T15:42:34.746+0000] {dag.py:3118} INFO - Creating ORM DAG for latest_only_with_trigger
[2025-11-17T15:42:34.756+0000] {logging_mixin.py:188} INFO - [2025-11-17T15:42:34.756+0000] {dag.py:3954} INFO - Setting next_dagrun for latest_only_with_trigger to 2025-11-17 08:00:00+00:00, run_after=2025-11-17 12:00:00+00:00
[2025-11-17T15:42:34.776+0000] {processor.py:183} INFO - Processing /usr/local/python/3.12.1/lib/python3.12/site-packages/airflow/example_dags/example_latest_only_with_trigger.py took 0.206 seconds
[2025-11-17T15:43:26.735+0000] {processor.py:161} INFO - Started process (PID=29167) to work on /usr/local/python/3.12.1/lib/python3.12/site-packages/airflow/example_dags/example_latest_only_with_trigger.py
[2025-11-17T15:43:26.736+0000] {processor.py:830} INFO - Processing file /usr/local/python/3.12.1/lib/python3.12/site-packages/airflow/example_dags/example_latest_only_with_trigger.py for tasks to queue
[2025-11-17T15:43:26.738+0000] {logging_mixin.py:188} INFO - [2025-11-17T15:43:26.737+0000] {dagbag.py:545} INFO - Filling up the DagBag from /usr/local/python/3.12.1/lib/python3.12/site-packages/airflow/example_dags/example_latest_only_with_trigger.py
[2025-11-17T15:43:26.745+0000] {processor.py:840} INFO - DAG(s) 'latest_only_with_trigger' retrieved from /usr/local/python/3.12.1/lib/python3.12/site-packages/airflow/example_dags/example_latest_only_with_trigger.py
[2025-11-17T15:43:26.762+0000] {logging_mixin.py:188} INFO - [2025-11-17T15:43:26.762+0000] {dag.py:3096} INFO - Sync 1 DAGs
[2025-11-17T15:43:26.788+0000] {logging_mixin.py:188} INFO - [2025-11-17T15:43:26.788+0000] {dag.py:3954} INFO - Setting next_dagrun for latest_only_with_trigger to 2025-11-17 08:00:00+00:00, run_after=2025-11-17 12:00:00+00:00
[2025-11-17T15:43:26.817+0000] {processor.py:183} INFO - Processing /usr/local/python/3.12.1/lib/python3.12/site-packages/airflow/example_dags/example_latest_only_with_trigger.py took 0.088 seconds
[2025-11-17T15:44:14.428+0000] {processor.py:161} INFO - Started process (PID=29618) to work on /usr/local/python/3.12.1/lib/python3.12/site-packages/airflow/example_dags/example_latest_only_with_trigger.py
[2025-11-17T15:44:14.429+0000] {processor.py:830} INFO - Processing file /usr/local/python/3.12.1/lib/python3.12/site-packages/airflow/example_dags/example_latest_only_with_trigger.py for tasks to queue
[2025-11-17T15:44:14.430+0000] {logging_mixin.py:188} INFO - [2025-11-17T15:44:14.430+0000] {dagbag.py:545} INFO - Filling up the DagBag from /usr/local/python/3.12.1/lib/python3.12/site-packages/airflow/example_dags/example_latest_only_with_trigger.py
[2025-11-17T15:44:14.434+0000] {processor.py:840} INFO - DAG(s) 'latest_only_with_trigger' retrieved from /usr/local/python/3.12.1/lib/python3.12/site-packages/airflow/example_dags/example_latest_only_with_trigger.py
[2025-11-17T15:44:14.445+0000] {logging_mixin.py:188} INFO - [2025-11-17T15:44:14.445+0000] {dag.py:3096} INFO - Sync 1 DAGs
[2025-11-17T15:44:14.459+0000] {logging_mixin.py:188} INFO - [2025-11-17T15:44:14.459+0000] {dag.py:3954} INFO - Setting next_dagrun for latest_only_with_trigger to 2025-11-17 08:00:00+00:00, run_after=2025-11-17 12:00:00+00:00
[2025-11-17T15:44:14.475+0000] {processor.py:183} INFO - Processing /usr/local/python/3.12.1/lib/python3.12/site-packages/airflow/example_dags/example_latest_only_with_trigger.py took 0.052 seconds
[2025-11-17T15:45:11.904+0000] {processor.py:161} INFO - Started process (PID=30654) to work on /usr/local/python/3.12.1/lib/python3.12/site-packages/airflow/example_dags/example_latest_only_with_trigger.py
[2025-11-17T15:45:11.905+0000] {processor.py:830} INFO - Processing file /usr/local/python/3.12.1/lib/python3.12/site-packages/airflow/example_dags/example_latest_only_with_trigger.py for tasks to queue
[2025-11-17T15:45:11.906+0000] {logging_mixin.py:188} INFO - [2025-11-17T15:45:11.906+0000] {dagbag.py:545} INFO - Filling up the DagBag from /usr/local/python/3.12.1/lib/python3.12/site-packages/airflow/example_dags/example_latest_only_with_trigger.py
[2025-11-17T15:45:11.910+0000] {processor.py:840} INFO - DAG(s) 'latest_only_with_trigger' retrieved from /usr/local/python/3.12.1/lib/python3.12/site-packages/airflow/example_dags/example_latest_only_with_trigger.py
[2025-11-17T15:45:11.922+0000] {logging_mixin.py:188} INFO - [2025-11-17T15:45:11.922+0000] {dag.py:3096} INFO - Sync 1 DAGs
[2025-11-17T15:45:11.936+0000] {logging_mixin.py:188} INFO - [2025-11-17T15:45:11.936+0000] {dag.py:3954} INFO - Setting next_dagrun for latest_only_with_trigger to 2025-11-17 08:00:00+00:00, run_after=2025-11-17 12:00:00+00:00
[2025-11-17T15:45:11.951+0000] {processor.py:183} INFO - Processing /usr/local/python/3.12.1/lib/python3.12/site-packages/airflow/example_dags/example_latest_only_with_trigger.py took 0.051 seconds
[2025-11-17T16:01:07.751+0000] {processor.py:161} INFO - Started process (PID=41029) to work on /usr/local/python/3.12.1/lib/python3.12/site-packages/airflow/example_dags/example_latest_only_with_trigger.py
[2025-11-17T16:01:07.751+0000] {processor.py:830} INFO - Processing file /usr/local/python/3.12.1/lib/python3.12/site-packages/airflow/example_dags/example_latest_only_with_trigger.py for tasks to queue
[2025-11-17T16:01:07.752+0000] {logging_mixin.py:188} INFO - [2025-11-17T16:01:07.752+0000] {dagbag.py:545} INFO - Filling up the DagBag from /usr/local/python/3.12.1/lib/python3.12/site-packages/airflow/example_dags/example_latest_only_with_trigger.py
[2025-11-17T16:01:07.756+0000] {processor.py:840} INFO - DAG(s) 'latest_only_with_trigger' retrieved from /usr/local/python/3.12.1/lib/python3.12/site-packages/airflow/example_dags/example_latest_only_with_trigger.py
[2025-11-17T16:01:07.769+0000] {logging_mixin.py:188} INFO - [2025-11-17T16:01:07.769+0000] {dag.py:3096} INFO - Sync 1 DAGs
[2025-11-17T16:01:07.785+0000] {logging_mixin.py:188} INFO - [2025-11-17T16:01:07.785+0000] {dag.py:3954} INFO - Setting next_dagrun for latest_only_with_trigger to 2025-11-17 12:00:00+00:00, run_after=2025-11-17 16:00:00+00:00
[2025-11-17T16:01:07.850+0000] {processor.py:183} INFO - Processing /usr/local/python/3.12.1/lib/python3.12/site-packages/airflow/example_dags/example_latest_only_with_trigger.py took 0.104 seconds
[2025-11-17T16:01:59.030+0000] {processor.py:161} INFO - Started process (PID=41660) to work on /usr/local/python/3.12.1/lib/python3.12/site-packages/airflow/example_dags/example_latest_only_with_trigger.py
[2025-11-17T16:01:59.031+0000] {processor.py:830} INFO - Processing file /usr/local/python/3.12.1/lib/python3.12/site-packages/airflow/example_dags/example_latest_only_with_trigger.py for tasks to queue
[2025-11-17T16:01:59.033+0000] {logging_mixin.py:188} INFO - [2025-11-17T16:01:59.032+0000] {dagbag.py:545} INFO - Filling up the DagBag from /usr/local/python/3.12.1/lib/python3.12/site-packages/airflow/example_dags/example_latest_only_with_trigger.py
[2025-11-17T16:01:59.038+0000] {processor.py:840} INFO - DAG(s) 'latest_only_with_trigger' retrieved from /usr/local/python/3.12.1/lib/python3.12/site-packages/airflow/example_dags/example_latest_only_with_trigger.py
[2025-11-17T16:01:59.055+0000] {logging_mixin.py:188} INFO - [2025-11-17T16:01:59.055+0000] {dag.py:3096} INFO - Sync 1 DAGs
[2025-11-17T16:01:59.074+0000] {logging_mixin.py:188} INFO - [2025-11-17T16:01:59.074+0000] {dag.py:3954} INFO - Setting next_dagrun for latest_only_with_trigger to 2025-11-17 12:00:00+00:00, run_after=2025-11-17 16:00:00+00:00
[2025-11-17T16:01:59.104+0000] {processor.py:183} INFO - Processing /usr/local/python/3.12.1/lib/python3.12/site-packages/airflow/example_dags/example_latest_only_with_trigger.py took 0.079 seconds
[2025-11-17T16:02:49.288+0000] {processor.py:161} INFO - Started process (PID=42385) to work on /usr/local/python/3.12.1/lib/python3.12/site-packages/airflow/example_dags/example_latest_only_with_trigger.py
[2025-11-17T16:02:49.288+0000] {processor.py:830} INFO - Processing file /usr/local/python/3.12.1/lib/python3.12/site-packages/airflow/example_dags/example_latest_only_with_trigger.py for tasks to queue
[2025-11-17T16:02:49.289+0000] {logging_mixin.py:188} INFO - [2025-11-17T16:02:49.289+0000] {dagbag.py:545} INFO - Filling up the DagBag from /usr/local/python/3.12.1/lib/python3.12/site-packages/airflow/example_dags/example_latest_only_with_trigger.py
[2025-11-17T16:02:49.293+0000] {processor.py:840} INFO - DAG(s) 'latest_only_with_trigger' retrieved from /usr/local/python/3.12.1/lib/python3.12/site-packages/airflow/example_dags/example_latest_only_with_trigger.py
[2025-11-17T16:02:49.305+0000] {logging_mixin.py:188} INFO - [2025-11-17T16:02:49.304+0000] {dag.py:3096} INFO - Sync 1 DAGs
[2025-11-17T16:02:49.318+0000] {logging_mixin.py:188} INFO - [2025-11-17T16:02:49.318+0000] {dag.py:3954} INFO - Setting next_dagrun for latest_only_with_trigger to 2025-11-17 12:00:00+00:00, run_after=2025-11-17 16:00:00+00:00
[2025-11-17T16:02:49.335+0000] {processor.py:183} INFO - Processing /usr/local/python/3.12.1/lib/python3.12/site-packages/airflow/example_dags/example_latest_only_with_trigger.py took 0.051 seconds
[2025-11-17T16:03:51.402+0000] {processor.py:161} INFO - Started process (PID=43105) to work on /usr/local/python/3.12.1/lib/python3.12/site-packages/airflow/example_dags/example_latest_only_with_trigger.py
[2025-11-17T16:03:51.403+0000] {processor.py:830} INFO - Processing file /usr/local/python/3.12.1/lib/python3.12/site-packages/airflow/example_dags/example_latest_only_with_trigger.py for tasks to queue
[2025-11-17T16:03:51.404+0000] {logging_mixin.py:188} INFO - [2025-11-17T16:03:51.404+0000] {dagbag.py:545} INFO - Filling up the DagBag from /usr/local/python/3.12.1/lib/python3.12/site-packages/airflow/example_dags/example_latest_only_with_trigger.py
[2025-11-17T16:03:51.408+0000] {processor.py:840} INFO - DAG(s) 'latest_only_with_trigger' retrieved from /usr/local/python/3.12.1/lib/python3.12/site-packages/airflow/example_dags/example_latest_only_with_trigger.py
[2025-11-17T16:03:51.421+0000] {logging_mixin.py:188} INFO - [2025-11-17T16:03:51.421+0000] {dag.py:3096} INFO - Sync 1 DAGs
[2025-11-17T16:03:51.436+0000] {logging_mixin.py:188} INFO - [2025-11-17T16:03:51.436+0000] {dag.py:3954} INFO - Setting next_dagrun for latest_only_with_trigger to 2025-11-17 12:00:00+00:00, run_after=2025-11-17 16:00:00+00:00
[2025-11-17T16:03:51.453+0000] {processor.py:183} INFO - Processing /usr/local/python/3.12.1/lib/python3.12/site-packages/airflow/example_dags/example_latest_only_with_trigger.py took 0.055 seconds
[2025-11-17T16:04:53.701+0000] {processor.py:161} INFO - Started process (PID=43947) to work on /usr/local/python/3.12.1/lib/python3.12/site-packages/airflow/example_dags/example_latest_only_with_trigger.py
[2025-11-17T16:04:53.702+0000] {processor.py:830} INFO - Processing file /usr/local/python/3.12.1/lib/python3.12/site-packages/airflow/example_dags/example_latest_only_with_trigger.py for tasks to queue
[2025-11-17T16:04:53.703+0000] {logging_mixin.py:188} INFO - [2025-11-17T16:04:53.703+0000] {dagbag.py:545} INFO - Filling up the DagBag from /usr/local/python/3.12.1/lib/python3.12/site-packages/airflow/example_dags/example_latest_only_with_trigger.py
[2025-11-17T16:04:53.707+0000] {processor.py:840} INFO - DAG(s) 'latest_only_with_trigger' retrieved from /usr/local/python/3.12.1/lib/python3.12/site-packages/airflow/example_dags/example_latest_only_with_trigger.py
[2025-11-17T16:04:53.718+0000] {logging_mixin.py:188} INFO - [2025-11-17T16:04:53.718+0000] {dag.py:3096} INFO - Sync 1 DAGs
[2025-11-17T16:04:53.732+0000] {logging_mixin.py:188} INFO - [2025-11-17T16:04:53.732+0000] {dag.py:3954} INFO - Setting next_dagrun for latest_only_with_trigger to 2025-11-17 12:00:00+00:00, run_after=2025-11-17 16:00:00+00:00
[2025-11-17T16:04:53.747+0000] {processor.py:183} INFO - Processing /usr/local/python/3.12.1/lib/python3.12/site-packages/airflow/example_dags/example_latest_only_with_trigger.py took 0.050 seconds
[2025-11-17T16:06:24.717+0000] {processor.py:161} INFO - Started process (PID=45094) to work on /usr/local/python/3.12.1/lib/python3.12/site-packages/airflow/example_dags/example_latest_only_with_trigger.py
[2025-11-17T16:06:24.718+0000] {processor.py:830} INFO - Processing file /usr/local/python/3.12.1/lib/python3.12/site-packages/airflow/example_dags/example_latest_only_with_trigger.py for tasks to queue
[2025-11-17T16:06:24.719+0000] {logging_mixin.py:188} INFO - [2025-11-17T16:06:24.718+0000] {dagbag.py:545} INFO - Filling up the DagBag from /usr/local/python/3.12.1/lib/python3.12/site-packages/airflow/example_dags/example_latest_only_with_trigger.py
[2025-11-17T16:06:24.723+0000] {processor.py:840} INFO - DAG(s) 'latest_only_with_trigger' retrieved from /usr/local/python/3.12.1/lib/python3.12/site-packages/airflow/example_dags/example_latest_only_with_trigger.py
[2025-11-17T16:06:24.735+0000] {logging_mixin.py:188} INFO - [2025-11-17T16:06:24.735+0000] {dag.py:3096} INFO - Sync 1 DAGs
[2025-11-17T16:06:24.749+0000] {logging_mixin.py:188} INFO - [2025-11-17T16:06:24.749+0000] {dag.py:3954} INFO - Setting next_dagrun for latest_only_with_trigger to 2025-11-17 12:00:00+00:00, run_after=2025-11-17 16:00:00+00:00
[2025-11-17T16:06:24.764+0000] {processor.py:183} INFO - Processing /usr/local/python/3.12.1/lib/python3.12/site-packages/airflow/example_dags/example_latest_only_with_trigger.py took 0.051 seconds
[2025-11-17T16:07:15.765+0000] {processor.py:161} INFO - Started process (PID=46525) to work on /usr/local/python/3.12.1/lib/python3.12/site-packages/airflow/example_dags/example_latest_only_with_trigger.py
[2025-11-17T16:07:15.766+0000] {processor.py:830} INFO - Processing file /usr/local/python/3.12.1/lib/python3.12/site-packages/airflow/example_dags/example_latest_only_with_trigger.py for tasks to queue
[2025-11-17T16:07:15.767+0000] {logging_mixin.py:188} INFO - [2025-11-17T16:07:15.767+0000] {dagbag.py:545} INFO - Filling up the DagBag from /usr/local/python/3.12.1/lib/python3.12/site-packages/airflow/example_dags/example_latest_only_with_trigger.py
[2025-11-17T16:07:15.771+0000] {processor.py:840} INFO - DAG(s) 'latest_only_with_trigger' retrieved from /usr/local/python/3.12.1/lib/python3.12/site-packages/airflow/example_dags/example_latest_only_with_trigger.py
[2025-11-17T16:07:15.783+0000] {logging_mixin.py:188} INFO - [2025-11-17T16:07:15.783+0000] {dag.py:3096} INFO - Sync 1 DAGs
[2025-11-17T16:07:15.796+0000] {logging_mixin.py:188} INFO - [2025-11-17T16:07:15.796+0000] {dag.py:3954} INFO - Setting next_dagrun for latest_only_with_trigger to 2025-11-17 12:00:00+00:00, run_after=2025-11-17 16:00:00+00:00
[2025-11-17T16:07:15.813+0000] {processor.py:183} INFO - Processing /usr/local/python/3.12.1/lib/python3.12/site-packages/airflow/example_dags/example_latest_only_with_trigger.py took 0.051 seconds
[2025-11-17T16:08:03.365+0000] {processor.py:161} INFO - Started process (PID=47213) to work on /usr/local/python/3.12.1/lib/python3.12/site-packages/airflow/example_dags/example_latest_only_with_trigger.py
[2025-11-17T16:08:03.365+0000] {processor.py:830} INFO - Processing file /usr/local/python/3.12.1/lib/python3.12/site-packages/airflow/example_dags/example_latest_only_with_trigger.py for tasks to queue
[2025-11-17T16:08:03.367+0000] {logging_mixin.py:188} INFO - [2025-11-17T16:08:03.366+0000] {dagbag.py:545} INFO - Filling up the DagBag from /usr/local/python/3.12.1/lib/python3.12/site-packages/airflow/example_dags/example_latest_only_with_trigger.py
[2025-11-17T16:08:03.371+0000] {processor.py:840} INFO - DAG(s) 'latest_only_with_trigger' retrieved from /usr/local/python/3.12.1/lib/python3.12/site-packages/airflow/example_dags/example_latest_only_with_trigger.py
[2025-11-17T16:08:03.383+0000] {logging_mixin.py:188} INFO - [2025-11-17T16:08:03.383+0000] {dag.py:3096} INFO - Sync 1 DAGs
[2025-11-17T16:08:03.397+0000] {logging_mixin.py:188} INFO - [2025-11-17T16:08:03.397+0000] {dag.py:3954} INFO - Setting next_dagrun for latest_only_with_trigger to 2025-11-17 12:00:00+00:00, run_after=2025-11-17 16:00:00+00:00
[2025-11-17T16:08:03.414+0000] {processor.py:183} INFO - Processing /usr/local/python/3.12.1/lib/python3.12/site-packages/airflow/example_dags/example_latest_only_with_trigger.py took 0.054 seconds
[2025-11-17T16:09:02.122+0000] {processor.py:161} INFO - Started process (PID=48028) to work on /usr/local/python/3.12.1/lib/python3.12/site-packages/airflow/example_dags/example_latest_only_with_trigger.py
[2025-11-17T16:09:02.122+0000] {processor.py:830} INFO - Processing file /usr/local/python/3.12.1/lib/python3.12/site-packages/airflow/example_dags/example_latest_only_with_trigger.py for tasks to queue
[2025-11-17T16:09:02.124+0000] {logging_mixin.py:188} INFO - [2025-11-17T16:09:02.123+0000] {dagbag.py:545} INFO - Filling up the DagBag from /usr/local/python/3.12.1/lib/python3.12/site-packages/airflow/example_dags/example_latest_only_with_trigger.py
[2025-11-17T16:09:02.127+0000] {processor.py:840} INFO - DAG(s) 'latest_only_with_trigger' retrieved from /usr/local/python/3.12.1/lib/python3.12/site-packages/airflow/example_dags/example_latest_only_with_trigger.py
[2025-11-17T16:09:02.139+0000] {logging_mixin.py:188} INFO - [2025-11-17T16:09:02.139+0000] {dag.py:3096} INFO - Sync 1 DAGs
[2025-11-17T16:09:02.153+0000] {logging_mixin.py:188} INFO - [2025-11-17T16:09:02.152+0000] {dag.py:3954} INFO - Setting next_dagrun for latest_only_with_trigger to 2025-11-17 12:00:00+00:00, run_after=2025-11-17 16:00:00+00:00
[2025-11-17T16:09:02.169+0000] {processor.py:183} INFO - Processing /usr/local/python/3.12.1/lib/python3.12/site-packages/airflow/example_dags/example_latest_only_with_trigger.py took 0.051 seconds
[2025-11-17T16:10:01.942+0000] {processor.py:161} INFO - Started process (PID=49084) to work on /usr/local/python/3.12.1/lib/python3.12/site-packages/airflow/example_dags/example_latest_only_with_trigger.py
[2025-11-17T16:10:01.943+0000] {processor.py:830} INFO - Processing file /usr/local/python/3.12.1/lib/python3.12/site-packages/airflow/example_dags/example_latest_only_with_trigger.py for tasks to queue
[2025-11-17T16:10:01.944+0000] {logging_mixin.py:188} INFO - [2025-11-17T16:10:01.944+0000] {dagbag.py:545} INFO - Filling up the DagBag from /usr/local/python/3.12.1/lib/python3.12/site-packages/airflow/example_dags/example_latest_only_with_trigger.py
[2025-11-17T16:10:01.948+0000] {processor.py:840} INFO - DAG(s) 'latest_only_with_trigger' retrieved from /usr/local/python/3.12.1/lib/python3.12/site-packages/airflow/example_dags/example_latest_only_with_trigger.py
[2025-11-17T16:10:01.960+0000] {logging_mixin.py:188} INFO - [2025-11-17T16:10:01.959+0000] {dag.py:3096} INFO - Sync 1 DAGs
[2025-11-17T16:10:01.973+0000] {logging_mixin.py:188} INFO - [2025-11-17T16:10:01.973+0000] {dag.py:3954} INFO - Setting next_dagrun for latest_only_with_trigger to 2025-11-17 12:00:00+00:00, run_after=2025-11-17 16:00:00+00:00
[2025-11-17T16:10:01.989+0000] {processor.py:183} INFO - Processing /usr/local/python/3.12.1/lib/python3.12/site-packages/airflow/example_dags/example_latest_only_with_trigger.py took 0.051 seconds
[2025-11-17T16:11:01.116+0000] {processor.py:161} INFO - Started process (PID=49882) to work on /usr/local/python/3.12.1/lib/python3.12/site-packages/airflow/example_dags/example_latest_only_with_trigger.py
[2025-11-17T16:11:01.117+0000] {processor.py:830} INFO - Processing file /usr/local/python/3.12.1/lib/python3.12/site-packages/airflow/example_dags/example_latest_only_with_trigger.py for tasks to queue
[2025-11-17T16:11:01.118+0000] {logging_mixin.py:188} INFO - [2025-11-17T16:11:01.118+0000] {dagbag.py:545} INFO - Filling up the DagBag from /usr/local/python/3.12.1/lib/python3.12/site-packages/airflow/example_dags/example_latest_only_with_trigger.py
[2025-11-17T16:11:01.123+0000] {processor.py:840} INFO - DAG(s) 'latest_only_with_trigger' retrieved from /usr/local/python/3.12.1/lib/python3.12/site-packages/airflow/example_dags/example_latest_only_with_trigger.py
[2025-11-17T16:11:01.135+0000] {logging_mixin.py:188} INFO - [2025-11-17T16:11:01.135+0000] {dag.py:3096} INFO - Sync 1 DAGs
[2025-11-17T16:11:01.150+0000] {logging_mixin.py:188} INFO - [2025-11-17T16:11:01.150+0000] {dag.py:3954} INFO - Setting next_dagrun for latest_only_with_trigger to 2025-11-17 12:00:00+00:00, run_after=2025-11-17 16:00:00+00:00
[2025-11-17T16:11:01.255+0000] {processor.py:183} INFO - Processing /usr/local/python/3.12.1/lib/python3.12/site-packages/airflow/example_dags/example_latest_only_with_trigger.py took 0.143 seconds
[2025-11-17T16:12:03.672+0000] {processor.py:161} INFO - Started process (PID=50569) to work on /usr/local/python/3.12.1/lib/python3.12/site-packages/airflow/example_dags/example_latest_only_with_trigger.py
[2025-11-17T16:12:03.673+0000] {processor.py:830} INFO - Processing file /usr/local/python/3.12.1/lib/python3.12/site-packages/airflow/example_dags/example_latest_only_with_trigger.py for tasks to queue
[2025-11-17T16:12:03.674+0000] {logging_mixin.py:188} INFO - [2025-11-17T16:12:03.674+0000] {dagbag.py:545} INFO - Filling up the DagBag from /usr/local/python/3.12.1/lib/python3.12/site-packages/airflow/example_dags/example_latest_only_with_trigger.py
[2025-11-17T16:12:03.679+0000] {processor.py:840} INFO - DAG(s) 'latest_only_with_trigger' retrieved from /usr/local/python/3.12.1/lib/python3.12/site-packages/airflow/example_dags/example_latest_only_with_trigger.py
[2025-11-17T16:12:03.691+0000] {logging_mixin.py:188} INFO - [2025-11-17T16:12:03.690+0000] {dag.py:3096} INFO - Sync 1 DAGs
[2025-11-17T16:12:03.705+0000] {logging_mixin.py:188} INFO - [2025-11-17T16:12:03.705+0000] {dag.py:3954} INFO - Setting next_dagrun for latest_only_with_trigger to 2025-11-17 12:00:00+00:00, run_after=2025-11-17 16:00:00+00:00
[2025-11-17T16:12:03.721+0000] {processor.py:183} INFO - Processing /usr/local/python/3.12.1/lib/python3.12/site-packages/airflow/example_dags/example_latest_only_with_trigger.py took 0.053 seconds
[2025-11-17T16:13:08.131+0000] {processor.py:161} INFO - Started process (PID=51086) to work on /usr/local/python/3.12.1/lib/python3.12/site-packages/airflow/example_dags/example_latest_only_with_trigger.py
[2025-11-17T16:13:08.132+0000] {processor.py:830} INFO - Processing file /usr/local/python/3.12.1/lib/python3.12/site-packages/airflow/example_dags/example_latest_only_with_trigger.py for tasks to queue
[2025-11-17T16:13:08.133+0000] {logging_mixin.py:188} INFO - [2025-11-17T16:13:08.133+0000] {dagbag.py:545} INFO - Filling up the DagBag from /usr/local/python/3.12.1/lib/python3.12/site-packages/airflow/example_dags/example_latest_only_with_trigger.py
[2025-11-17T16:13:08.137+0000] {processor.py:840} INFO - DAG(s) 'latest_only_with_trigger' retrieved from /usr/local/python/3.12.1/lib/python3.12/site-packages/airflow/example_dags/example_latest_only_with_trigger.py
[2025-11-17T16:13:08.149+0000] {logging_mixin.py:188} INFO - [2025-11-17T16:13:08.149+0000] {dag.py:3096} INFO - Sync 1 DAGs
[2025-11-17T16:13:08.165+0000] {logging_mixin.py:188} INFO - [2025-11-17T16:13:08.165+0000] {dag.py:3954} INFO - Setting next_dagrun for latest_only_with_trigger to 2025-11-17 12:00:00+00:00, run_after=2025-11-17 16:00:00+00:00
[2025-11-17T16:13:08.181+0000] {processor.py:183} INFO - Processing /usr/local/python/3.12.1/lib/python3.12/site-packages/airflow/example_dags/example_latest_only_with_trigger.py took 0.054 seconds
[2025-11-17T16:13:52.424+0000] {processor.py:161} INFO - Started process (PID=51429) to work on /usr/local/python/3.12.1/lib/python3.12/site-packages/airflow/example_dags/example_latest_only_with_trigger.py
[2025-11-17T16:13:52.425+0000] {processor.py:830} INFO - Processing file /usr/local/python/3.12.1/lib/python3.12/site-packages/airflow/example_dags/example_latest_only_with_trigger.py for tasks to queue
[2025-11-17T16:13:52.426+0000] {logging_mixin.py:188} INFO - [2025-11-17T16:13:52.426+0000] {dagbag.py:545} INFO - Filling up the DagBag from /usr/local/python/3.12.1/lib/python3.12/site-packages/airflow/example_dags/example_latest_only_with_trigger.py
[2025-11-17T16:13:52.430+0000] {processor.py:840} INFO - DAG(s) 'latest_only_with_trigger' retrieved from /usr/local/python/3.12.1/lib/python3.12/site-packages/airflow/example_dags/example_latest_only_with_trigger.py
[2025-11-17T16:13:52.442+0000] {logging_mixin.py:188} INFO - [2025-11-17T16:13:52.442+0000] {dag.py:3096} INFO - Sync 1 DAGs
[2025-11-17T16:13:52.456+0000] {logging_mixin.py:188} INFO - [2025-11-17T16:13:52.456+0000] {dag.py:3954} INFO - Setting next_dagrun for latest_only_with_trigger to 2025-11-17 12:00:00+00:00, run_after=2025-11-17 16:00:00+00:00
[2025-11-17T16:13:52.472+0000] {processor.py:183} INFO - Processing /usr/local/python/3.12.1/lib/python3.12/site-packages/airflow/example_dags/example_latest_only_with_trigger.py took 0.051 seconds
[2025-11-17T16:14:50.925+0000] {processor.py:161} INFO - Started process (PID=51890) to work on /usr/local/python/3.12.1/lib/python3.12/site-packages/airflow/example_dags/example_latest_only_with_trigger.py
[2025-11-17T16:14:50.926+0000] {processor.py:830} INFO - Processing file /usr/local/python/3.12.1/lib/python3.12/site-packages/airflow/example_dags/example_latest_only_with_trigger.py for tasks to queue
[2025-11-17T16:14:50.927+0000] {logging_mixin.py:188} INFO - [2025-11-17T16:14:50.927+0000] {dagbag.py:545} INFO - Filling up the DagBag from /usr/local/python/3.12.1/lib/python3.12/site-packages/airflow/example_dags/example_latest_only_with_trigger.py
[2025-11-17T16:14:50.931+0000] {processor.py:840} INFO - DAG(s) 'latest_only_with_trigger' retrieved from /usr/local/python/3.12.1/lib/python3.12/site-packages/airflow/example_dags/example_latest_only_with_trigger.py
[2025-11-17T16:14:50.948+0000] {logging_mixin.py:188} INFO - [2025-11-17T16:14:50.947+0000] {dag.py:3096} INFO - Sync 1 DAGs
[2025-11-17T16:14:50.970+0000] {logging_mixin.py:188} INFO - [2025-11-17T16:14:50.970+0000] {dag.py:3954} INFO - Setting next_dagrun for latest_only_with_trigger to 2025-11-17 12:00:00+00:00, run_after=2025-11-17 16:00:00+00:00
[2025-11-17T16:14:50.993+0000] {processor.py:183} INFO - Processing /usr/local/python/3.12.1/lib/python3.12/site-packages/airflow/example_dags/example_latest_only_with_trigger.py took 0.073 seconds
[2025-11-17T16:15:51.250+0000] {processor.py:161} INFO - Started process (PID=52371) to work on /usr/local/python/3.12.1/lib/python3.12/site-packages/airflow/example_dags/example_latest_only_with_trigger.py
[2025-11-17T16:15:51.250+0000] {processor.py:830} INFO - Processing file /usr/local/python/3.12.1/lib/python3.12/site-packages/airflow/example_dags/example_latest_only_with_trigger.py for tasks to queue
[2025-11-17T16:15:51.251+0000] {logging_mixin.py:188} INFO - [2025-11-17T16:15:51.251+0000] {dagbag.py:545} INFO - Filling up the DagBag from /usr/local/python/3.12.1/lib/python3.12/site-packages/airflow/example_dags/example_latest_only_with_trigger.py
[2025-11-17T16:15:51.256+0000] {processor.py:840} INFO - DAG(s) 'latest_only_with_trigger' retrieved from /usr/local/python/3.12.1/lib/python3.12/site-packages/airflow/example_dags/example_latest_only_with_trigger.py
[2025-11-17T16:15:51.268+0000] {logging_mixin.py:188} INFO - [2025-11-17T16:15:51.267+0000] {dag.py:3096} INFO - Sync 1 DAGs
[2025-11-17T16:15:51.282+0000] {logging_mixin.py:188} INFO - [2025-11-17T16:15:51.282+0000] {dag.py:3954} INFO - Setting next_dagrun for latest_only_with_trigger to 2025-11-17 12:00:00+00:00, run_after=2025-11-17 16:00:00+00:00
[2025-11-17T16:15:51.299+0000] {processor.py:183} INFO - Processing /usr/local/python/3.12.1/lib/python3.12/site-packages/airflow/example_dags/example_latest_only_with_trigger.py took 0.054 seconds
[2025-11-17T16:16:42.901+0000] {processor.py:161} INFO - Started process (PID=52818) to work on /usr/local/python/3.12.1/lib/python3.12/site-packages/airflow/example_dags/example_latest_only_with_trigger.py
[2025-11-17T16:16:42.901+0000] {processor.py:830} INFO - Processing file /usr/local/python/3.12.1/lib/python3.12/site-packages/airflow/example_dags/example_latest_only_with_trigger.py for tasks to queue
[2025-11-17T16:16:42.903+0000] {logging_mixin.py:188} INFO - [2025-11-17T16:16:42.902+0000] {dagbag.py:545} INFO - Filling up the DagBag from /usr/local/python/3.12.1/lib/python3.12/site-packages/airflow/example_dags/example_latest_only_with_trigger.py
[2025-11-17T16:16:42.907+0000] {processor.py:840} INFO - DAG(s) 'latest_only_with_trigger' retrieved from /usr/local/python/3.12.1/lib/python3.12/site-packages/airflow/example_dags/example_latest_only_with_trigger.py
[2025-11-17T16:16:42.919+0000] {logging_mixin.py:188} INFO - [2025-11-17T16:16:42.919+0000] {dag.py:3096} INFO - Sync 1 DAGs
[2025-11-17T16:16:42.933+0000] {logging_mixin.py:188} INFO - [2025-11-17T16:16:42.933+0000] {dag.py:3954} INFO - Setting next_dagrun for latest_only_with_trigger to 2025-11-17 12:00:00+00:00, run_after=2025-11-17 16:00:00+00:00
[2025-11-17T16:16:42.950+0000] {processor.py:183} INFO - Processing /usr/local/python/3.12.1/lib/python3.12/site-packages/airflow/example_dags/example_latest_only_with_trigger.py took 0.053 seconds
[2025-11-17T16:17:42.568+0000] {processor.py:161} INFO - Started process (PID=53290) to work on /usr/local/python/3.12.1/lib/python3.12/site-packages/airflow/example_dags/example_latest_only_with_trigger.py
[2025-11-17T16:17:42.569+0000] {processor.py:830} INFO - Processing file /usr/local/python/3.12.1/lib/python3.12/site-packages/airflow/example_dags/example_latest_only_with_trigger.py for tasks to queue
[2025-11-17T16:17:42.570+0000] {logging_mixin.py:188} INFO - [2025-11-17T16:17:42.570+0000] {dagbag.py:545} INFO - Filling up the DagBag from /usr/local/python/3.12.1/lib/python3.12/site-packages/airflow/example_dags/example_latest_only_with_trigger.py
[2025-11-17T16:17:42.574+0000] {processor.py:840} INFO - DAG(s) 'latest_only_with_trigger' retrieved from /usr/local/python/3.12.1/lib/python3.12/site-packages/airflow/example_dags/example_latest_only_with_trigger.py
[2025-11-17T16:17:42.586+0000] {logging_mixin.py:188} INFO - [2025-11-17T16:17:42.586+0000] {dag.py:3096} INFO - Sync 1 DAGs
[2025-11-17T16:17:42.601+0000] {logging_mixin.py:188} INFO - [2025-11-17T16:17:42.600+0000] {dag.py:3954} INFO - Setting next_dagrun for latest_only_with_trigger to 2025-11-17 12:00:00+00:00, run_after=2025-11-17 16:00:00+00:00
[2025-11-17T16:17:42.617+0000] {processor.py:183} INFO - Processing /usr/local/python/3.12.1/lib/python3.12/site-packages/airflow/example_dags/example_latest_only_with_trigger.py took 0.053 seconds
[2025-11-17T16:18:41.348+0000] {processor.py:161} INFO - Started process (PID=53738) to work on /usr/local/python/3.12.1/lib/python3.12/site-packages/airflow/example_dags/example_latest_only_with_trigger.py
[2025-11-17T16:18:41.348+0000] {processor.py:830} INFO - Processing file /usr/local/python/3.12.1/lib/python3.12/site-packages/airflow/example_dags/example_latest_only_with_trigger.py for tasks to queue
[2025-11-17T16:18:41.350+0000] {logging_mixin.py:188} INFO - [2025-11-17T16:18:41.349+0000] {dagbag.py:545} INFO - Filling up the DagBag from /usr/local/python/3.12.1/lib/python3.12/site-packages/airflow/example_dags/example_latest_only_with_trigger.py
[2025-11-17T16:18:41.354+0000] {processor.py:840} INFO - DAG(s) 'latest_only_with_trigger' retrieved from /usr/local/python/3.12.1/lib/python3.12/site-packages/airflow/example_dags/example_latest_only_with_trigger.py
[2025-11-17T16:18:41.366+0000] {logging_mixin.py:188} INFO - [2025-11-17T16:18:41.366+0000] {dag.py:3096} INFO - Sync 1 DAGs
[2025-11-17T16:18:41.382+0000] {logging_mixin.py:188} INFO - [2025-11-17T16:18:41.382+0000] {dag.py:3954} INFO - Setting next_dagrun for latest_only_with_trigger to 2025-11-17 12:00:00+00:00, run_after=2025-11-17 16:00:00+00:00
[2025-11-17T16:18:41.398+0000] {processor.py:183} INFO - Processing /usr/local/python/3.12.1/lib/python3.12/site-packages/airflow/example_dags/example_latest_only_with_trigger.py took 0.055 seconds
[2025-11-17T16:19:41.529+0000] {processor.py:161} INFO - Started process (PID=54211) to work on /usr/local/python/3.12.1/lib/python3.12/site-packages/airflow/example_dags/example_latest_only_with_trigger.py
[2025-11-17T16:19:41.530+0000] {processor.py:830} INFO - Processing file /usr/local/python/3.12.1/lib/python3.12/site-packages/airflow/example_dags/example_latest_only_with_trigger.py for tasks to queue
[2025-11-17T16:19:41.531+0000] {logging_mixin.py:188} INFO - [2025-11-17T16:19:41.531+0000] {dagbag.py:545} INFO - Filling up the DagBag from /usr/local/python/3.12.1/lib/python3.12/site-packages/airflow/example_dags/example_latest_only_with_trigger.py
[2025-11-17T16:19:41.535+0000] {processor.py:840} INFO - DAG(s) 'latest_only_with_trigger' retrieved from /usr/local/python/3.12.1/lib/python3.12/site-packages/airflow/example_dags/example_latest_only_with_trigger.py
[2025-11-17T16:19:41.547+0000] {logging_mixin.py:188} INFO - [2025-11-17T16:19:41.546+0000] {dag.py:3096} INFO - Sync 1 DAGs
[2025-11-17T16:19:41.560+0000] {logging_mixin.py:188} INFO - [2025-11-17T16:19:41.560+0000] {dag.py:3954} INFO - Setting next_dagrun for latest_only_with_trigger to 2025-11-17 12:00:00+00:00, run_after=2025-11-17 16:00:00+00:00
[2025-11-17T16:19:41.577+0000] {processor.py:183} INFO - Processing /usr/local/python/3.12.1/lib/python3.12/site-packages/airflow/example_dags/example_latest_only_with_trigger.py took 0.052 seconds
[2025-11-17T16:20:39.747+0000] {processor.py:161} INFO - Started process (PID=54678) to work on /usr/local/python/3.12.1/lib/python3.12/site-packages/airflow/example_dags/example_latest_only_with_trigger.py
[2025-11-17T16:20:39.748+0000] {processor.py:830} INFO - Processing file /usr/local/python/3.12.1/lib/python3.12/site-packages/airflow/example_dags/example_latest_only_with_trigger.py for tasks to queue
[2025-11-17T16:20:39.749+0000] {logging_mixin.py:188} INFO - [2025-11-17T16:20:39.749+0000] {dagbag.py:545} INFO - Filling up the DagBag from /usr/local/python/3.12.1/lib/python3.12/site-packages/airflow/example_dags/example_latest_only_with_trigger.py
[2025-11-17T16:20:39.753+0000] {processor.py:840} INFO - DAG(s) 'latest_only_with_trigger' retrieved from /usr/local/python/3.12.1/lib/python3.12/site-packages/airflow/example_dags/example_latest_only_with_trigger.py
[2025-11-17T16:20:39.765+0000] {logging_mixin.py:188} INFO - [2025-11-17T16:20:39.765+0000] {dag.py:3096} INFO - Sync 1 DAGs
[2025-11-17T16:20:39.779+0000] {logging_mixin.py:188} INFO - [2025-11-17T16:20:39.779+0000] {dag.py:3954} INFO - Setting next_dagrun for latest_only_with_trigger to 2025-11-17 12:00:00+00:00, run_after=2025-11-17 16:00:00+00:00
[2025-11-17T16:20:39.798+0000] {processor.py:183} INFO - Processing /usr/local/python/3.12.1/lib/python3.12/site-packages/airflow/example_dags/example_latest_only_with_trigger.py took 0.055 seconds
[2025-11-17T16:21:41.134+0000] {processor.py:161} INFO - Started process (PID=55205) to work on /usr/local/python/3.12.1/lib/python3.12/site-packages/airflow/example_dags/example_latest_only_with_trigger.py
[2025-11-17T16:21:41.134+0000] {processor.py:830} INFO - Processing file /usr/local/python/3.12.1/lib/python3.12/site-packages/airflow/example_dags/example_latest_only_with_trigger.py for tasks to queue
[2025-11-17T16:21:41.136+0000] {logging_mixin.py:188} INFO - [2025-11-17T16:21:41.136+0000] {dagbag.py:545} INFO - Filling up the DagBag from /usr/local/python/3.12.1/lib/python3.12/site-packages/airflow/example_dags/example_latest_only_with_trigger.py
[2025-11-17T16:21:41.140+0000] {processor.py:840} INFO - DAG(s) 'latest_only_with_trigger' retrieved from /usr/local/python/3.12.1/lib/python3.12/site-packages/airflow/example_dags/example_latest_only_with_trigger.py
[2025-11-17T16:21:41.152+0000] {logging_mixin.py:188} INFO - [2025-11-17T16:21:41.151+0000] {dag.py:3096} INFO - Sync 1 DAGs
[2025-11-17T16:21:41.166+0000] {logging_mixin.py:188} INFO - [2025-11-17T16:21:41.165+0000] {dag.py:3954} INFO - Setting next_dagrun for latest_only_with_trigger to 2025-11-17 12:00:00+00:00, run_after=2025-11-17 16:00:00+00:00
[2025-11-17T16:21:41.182+0000] {processor.py:183} INFO - Processing /usr/local/python/3.12.1/lib/python3.12/site-packages/airflow/example_dags/example_latest_only_with_trigger.py took 0.052 seconds
[2025-11-17T16:22:41.993+0000] {processor.py:161} INFO - Started process (PID=55682) to work on /usr/local/python/3.12.1/lib/python3.12/site-packages/airflow/example_dags/example_latest_only_with_trigger.py
[2025-11-17T16:22:41.995+0000] {processor.py:830} INFO - Processing file /usr/local/python/3.12.1/lib/python3.12/site-packages/airflow/example_dags/example_latest_only_with_trigger.py for tasks to queue
[2025-11-17T16:22:41.997+0000] {logging_mixin.py:188} INFO - [2025-11-17T16:22:41.996+0000] {dagbag.py:545} INFO - Filling up the DagBag from /usr/local/python/3.12.1/lib/python3.12/site-packages/airflow/example_dags/example_latest_only_with_trigger.py
[2025-11-17T16:22:42.002+0000] {processor.py:840} INFO - DAG(s) 'latest_only_with_trigger' retrieved from /usr/local/python/3.12.1/lib/python3.12/site-packages/airflow/example_dags/example_latest_only_with_trigger.py
[2025-11-17T16:22:42.024+0000] {logging_mixin.py:188} INFO - [2025-11-17T16:22:42.024+0000] {dag.py:3096} INFO - Sync 1 DAGs
[2025-11-17T16:22:42.040+0000] {logging_mixin.py:188} INFO - [2025-11-17T16:22:42.040+0000] {dag.py:3954} INFO - Setting next_dagrun for latest_only_with_trigger to 2025-11-17 12:00:00+00:00, run_after=2025-11-17 16:00:00+00:00
[2025-11-17T16:22:42.056+0000] {processor.py:183} INFO - Processing /usr/local/python/3.12.1/lib/python3.12/site-packages/airflow/example_dags/example_latest_only_with_trigger.py took 0.069 seconds
[2025-11-17T16:23:42.440+0000] {processor.py:161} INFO - Started process (PID=56159) to work on /usr/local/python/3.12.1/lib/python3.12/site-packages/airflow/example_dags/example_latest_only_with_trigger.py
[2025-11-17T16:23:42.440+0000] {processor.py:830} INFO - Processing file /usr/local/python/3.12.1/lib/python3.12/site-packages/airflow/example_dags/example_latest_only_with_trigger.py for tasks to queue
[2025-11-17T16:23:42.442+0000] {logging_mixin.py:188} INFO - [2025-11-17T16:23:42.441+0000] {dagbag.py:545} INFO - Filling up the DagBag from /usr/local/python/3.12.1/lib/python3.12/site-packages/airflow/example_dags/example_latest_only_with_trigger.py
[2025-11-17T16:23:42.446+0000] {processor.py:840} INFO - DAG(s) 'latest_only_with_trigger' retrieved from /usr/local/python/3.12.1/lib/python3.12/site-packages/airflow/example_dags/example_latest_only_with_trigger.py
[2025-11-17T16:23:42.458+0000] {logging_mixin.py:188} INFO - [2025-11-17T16:23:42.457+0000] {dag.py:3096} INFO - Sync 1 DAGs
[2025-11-17T16:23:42.472+0000] {logging_mixin.py:188} INFO - [2025-11-17T16:23:42.472+0000] {dag.py:3954} INFO - Setting next_dagrun for latest_only_with_trigger to 2025-11-17 12:00:00+00:00, run_after=2025-11-17 16:00:00+00:00
[2025-11-17T16:23:42.488+0000] {processor.py:183} INFO - Processing /usr/local/python/3.12.1/lib/python3.12/site-packages/airflow/example_dags/example_latest_only_with_trigger.py took 0.053 seconds
[2025-11-17T16:24:44.154+0000] {processor.py:161} INFO - Started process (PID=56641) to work on /usr/local/python/3.12.1/lib/python3.12/site-packages/airflow/example_dags/example_latest_only_with_trigger.py
[2025-11-17T16:24:44.155+0000] {processor.py:830} INFO - Processing file /usr/local/python/3.12.1/lib/python3.12/site-packages/airflow/example_dags/example_latest_only_with_trigger.py for tasks to queue
[2025-11-17T16:24:44.157+0000] {logging_mixin.py:188} INFO - [2025-11-17T16:24:44.156+0000] {dagbag.py:545} INFO - Filling up the DagBag from /usr/local/python/3.12.1/lib/python3.12/site-packages/airflow/example_dags/example_latest_only_with_trigger.py
[2025-11-17T16:24:44.160+0000] {processor.py:840} INFO - DAG(s) 'latest_only_with_trigger' retrieved from /usr/local/python/3.12.1/lib/python3.12/site-packages/airflow/example_dags/example_latest_only_with_trigger.py
[2025-11-17T16:24:44.172+0000] {logging_mixin.py:188} INFO - [2025-11-17T16:24:44.172+0000] {dag.py:3096} INFO - Sync 1 DAGs
[2025-11-17T16:24:44.186+0000] {logging_mixin.py:188} INFO - [2025-11-17T16:24:44.186+0000] {dag.py:3954} INFO - Setting next_dagrun for latest_only_with_trigger to 2025-11-17 12:00:00+00:00, run_after=2025-11-17 16:00:00+00:00
[2025-11-17T16:24:44.203+0000] {processor.py:183} INFO - Processing /usr/local/python/3.12.1/lib/python3.12/site-packages/airflow/example_dags/example_latest_only_with_trigger.py took 0.053 seconds
[2025-11-17T16:25:41.965+0000] {processor.py:161} INFO - Started process (PID=57104) to work on /usr/local/python/3.12.1/lib/python3.12/site-packages/airflow/example_dags/example_latest_only_with_trigger.py
[2025-11-17T16:25:41.966+0000] {processor.py:830} INFO - Processing file /usr/local/python/3.12.1/lib/python3.12/site-packages/airflow/example_dags/example_latest_only_with_trigger.py for tasks to queue
[2025-11-17T16:25:41.967+0000] {logging_mixin.py:188} INFO - [2025-11-17T16:25:41.967+0000] {dagbag.py:545} INFO - Filling up the DagBag from /usr/local/python/3.12.1/lib/python3.12/site-packages/airflow/example_dags/example_latest_only_with_trigger.py
[2025-11-17T16:25:41.971+0000] {processor.py:840} INFO - DAG(s) 'latest_only_with_trigger' retrieved from /usr/local/python/3.12.1/lib/python3.12/site-packages/airflow/example_dags/example_latest_only_with_trigger.py
[2025-11-17T16:25:41.983+0000] {logging_mixin.py:188} INFO - [2025-11-17T16:25:41.983+0000] {dag.py:3096} INFO - Sync 1 DAGs
[2025-11-17T16:25:41.997+0000] {logging_mixin.py:188} INFO - [2025-11-17T16:25:41.997+0000] {dag.py:3954} INFO - Setting next_dagrun for latest_only_with_trigger to 2025-11-17 12:00:00+00:00, run_after=2025-11-17 16:00:00+00:00
[2025-11-17T16:25:42.012+0000] {processor.py:183} INFO - Processing /usr/local/python/3.12.1/lib/python3.12/site-packages/airflow/example_dags/example_latest_only_with_trigger.py took 0.051 seconds
[2025-11-17T16:26:42.283+0000] {processor.py:161} INFO - Started process (PID=57627) to work on /usr/local/python/3.12.1/lib/python3.12/site-packages/airflow/example_dags/example_latest_only_with_trigger.py
[2025-11-17T16:26:42.284+0000] {processor.py:830} INFO - Processing file /usr/local/python/3.12.1/lib/python3.12/site-packages/airflow/example_dags/example_latest_only_with_trigger.py for tasks to queue
[2025-11-17T16:26:42.285+0000] {logging_mixin.py:188} INFO - [2025-11-17T16:26:42.285+0000] {dagbag.py:545} INFO - Filling up the DagBag from /usr/local/python/3.12.1/lib/python3.12/site-packages/airflow/example_dags/example_latest_only_with_trigger.py
[2025-11-17T16:26:42.289+0000] {processor.py:840} INFO - DAG(s) 'latest_only_with_trigger' retrieved from /usr/local/python/3.12.1/lib/python3.12/site-packages/airflow/example_dags/example_latest_only_with_trigger.py
[2025-11-17T16:26:42.301+0000] {logging_mixin.py:188} INFO - [2025-11-17T16:26:42.301+0000] {dag.py:3096} INFO - Sync 1 DAGs
[2025-11-17T16:26:42.315+0000] {logging_mixin.py:188} INFO - [2025-11-17T16:26:42.315+0000] {dag.py:3954} INFO - Setting next_dagrun for latest_only_with_trigger to 2025-11-17 12:00:00+00:00, run_after=2025-11-17 16:00:00+00:00
[2025-11-17T16:26:42.331+0000] {processor.py:183} INFO - Processing /usr/local/python/3.12.1/lib/python3.12/site-packages/airflow/example_dags/example_latest_only_with_trigger.py took 0.052 seconds
[2025-11-17T16:27:41.621+0000] {processor.py:161} INFO - Started process (PID=58081) to work on /usr/local/python/3.12.1/lib/python3.12/site-packages/airflow/example_dags/example_latest_only_with_trigger.py
[2025-11-17T16:27:41.621+0000] {processor.py:830} INFO - Processing file /usr/local/python/3.12.1/lib/python3.12/site-packages/airflow/example_dags/example_latest_only_with_trigger.py for tasks to queue
[2025-11-17T16:27:41.623+0000] {logging_mixin.py:188} INFO - [2025-11-17T16:27:41.623+0000] {dagbag.py:545} INFO - Filling up the DagBag from /usr/local/python/3.12.1/lib/python3.12/site-packages/airflow/example_dags/example_latest_only_with_trigger.py
[2025-11-17T16:27:41.630+0000] {processor.py:840} INFO - DAG(s) 'latest_only_with_trigger' retrieved from /usr/local/python/3.12.1/lib/python3.12/site-packages/airflow/example_dags/example_latest_only_with_trigger.py
[2025-11-17T16:27:41.650+0000] {logging_mixin.py:188} INFO - [2025-11-17T16:27:41.650+0000] {dag.py:3096} INFO - Sync 1 DAGs
[2025-11-17T16:27:41.675+0000] {logging_mixin.py:188} INFO - [2025-11-17T16:27:41.675+0000] {dag.py:3954} INFO - Setting next_dagrun for latest_only_with_trigger to 2025-11-17 12:00:00+00:00, run_after=2025-11-17 16:00:00+00:00
[2025-11-17T16:27:41.697+0000] {processor.py:183} INFO - Processing /usr/local/python/3.12.1/lib/python3.12/site-packages/airflow/example_dags/example_latest_only_with_trigger.py took 0.081 seconds
[2025-11-17T16:28:38.318+0000] {processor.py:161} INFO - Started process (PID=58533) to work on /usr/local/python/3.12.1/lib/python3.12/site-packages/airflow/example_dags/example_latest_only_with_trigger.py
[2025-11-17T16:28:38.319+0000] {processor.py:830} INFO - Processing file /usr/local/python/3.12.1/lib/python3.12/site-packages/airflow/example_dags/example_latest_only_with_trigger.py for tasks to queue
[2025-11-17T16:28:38.321+0000] {logging_mixin.py:188} INFO - [2025-11-17T16:28:38.321+0000] {dagbag.py:545} INFO - Filling up the DagBag from /usr/local/python/3.12.1/lib/python3.12/site-packages/airflow/example_dags/example_latest_only_with_trigger.py
[2025-11-17T16:28:38.325+0000] {processor.py:840} INFO - DAG(s) 'latest_only_with_trigger' retrieved from /usr/local/python/3.12.1/lib/python3.12/site-packages/airflow/example_dags/example_latest_only_with_trigger.py
[2025-11-17T16:28:38.336+0000] {logging_mixin.py:188} INFO - [2025-11-17T16:28:38.336+0000] {dag.py:3096} INFO - Sync 1 DAGs
[2025-11-17T16:28:38.351+0000] {logging_mixin.py:188} INFO - [2025-11-17T16:28:38.351+0000] {dag.py:3954} INFO - Setting next_dagrun for latest_only_with_trigger to 2025-11-17 12:00:00+00:00, run_after=2025-11-17 16:00:00+00:00
[2025-11-17T16:28:38.367+0000] {processor.py:183} INFO - Processing /usr/local/python/3.12.1/lib/python3.12/site-packages/airflow/example_dags/example_latest_only_with_trigger.py took 0.053 seconds
[2025-11-17T16:29:36.900+0000] {processor.py:161} INFO - Started process (PID=58998) to work on /usr/local/python/3.12.1/lib/python3.12/site-packages/airflow/example_dags/example_latest_only_with_trigger.py
[2025-11-17T16:29:36.901+0000] {processor.py:830} INFO - Processing file /usr/local/python/3.12.1/lib/python3.12/site-packages/airflow/example_dags/example_latest_only_with_trigger.py for tasks to queue
[2025-11-17T16:29:36.902+0000] {logging_mixin.py:188} INFO - [2025-11-17T16:29:36.902+0000] {dagbag.py:545} INFO - Filling up the DagBag from /usr/local/python/3.12.1/lib/python3.12/site-packages/airflow/example_dags/example_latest_only_with_trigger.py
[2025-11-17T16:29:36.906+0000] {processor.py:840} INFO - DAG(s) 'latest_only_with_trigger' retrieved from /usr/local/python/3.12.1/lib/python3.12/site-packages/airflow/example_dags/example_latest_only_with_trigger.py
[2025-11-17T16:29:36.918+0000] {logging_mixin.py:188} INFO - [2025-11-17T16:29:36.918+0000] {dag.py:3096} INFO - Sync 1 DAGs
[2025-11-17T16:29:36.932+0000] {logging_mixin.py:188} INFO - [2025-11-17T16:29:36.932+0000] {dag.py:3954} INFO - Setting next_dagrun for latest_only_with_trigger to 2025-11-17 12:00:00+00:00, run_after=2025-11-17 16:00:00+00:00
[2025-11-17T16:29:36.948+0000] {processor.py:183} INFO - Processing /usr/local/python/3.12.1/lib/python3.12/site-packages/airflow/example_dags/example_latest_only_with_trigger.py took 0.051 seconds
[2025-11-17T16:30:34.254+0000] {processor.py:161} INFO - Started process (PID=59433) to work on /usr/local/python/3.12.1/lib/python3.12/site-packages/airflow/example_dags/example_latest_only_with_trigger.py
[2025-11-17T16:30:34.255+0000] {processor.py:830} INFO - Processing file /usr/local/python/3.12.1/lib/python3.12/site-packages/airflow/example_dags/example_latest_only_with_trigger.py for tasks to queue
[2025-11-17T16:30:34.258+0000] {logging_mixin.py:188} INFO - [2025-11-17T16:30:34.257+0000] {dagbag.py:545} INFO - Filling up the DagBag from /usr/local/python/3.12.1/lib/python3.12/site-packages/airflow/example_dags/example_latest_only_with_trigger.py
[2025-11-17T16:30:34.263+0000] {processor.py:840} INFO - DAG(s) 'latest_only_with_trigger' retrieved from /usr/local/python/3.12.1/lib/python3.12/site-packages/airflow/example_dags/example_latest_only_with_trigger.py
[2025-11-17T16:30:34.279+0000] {logging_mixin.py:188} INFO - [2025-11-17T16:30:34.279+0000] {dag.py:3096} INFO - Sync 1 DAGs
[2025-11-17T16:30:34.293+0000] {logging_mixin.py:188} INFO - [2025-11-17T16:30:34.293+0000] {dag.py:3954} INFO - Setting next_dagrun for latest_only_with_trigger to 2025-11-17 12:00:00+00:00, run_after=2025-11-17 16:00:00+00:00
[2025-11-17T16:30:34.316+0000] {processor.py:183} INFO - Processing /usr/local/python/3.12.1/lib/python3.12/site-packages/airflow/example_dags/example_latest_only_with_trigger.py took 0.068 seconds
[2025-11-17T16:31:33.122+0000] {processor.py:161} INFO - Started process (PID=59947) to work on /usr/local/python/3.12.1/lib/python3.12/site-packages/airflow/example_dags/example_latest_only_with_trigger.py
[2025-11-17T16:31:33.122+0000] {processor.py:830} INFO - Processing file /usr/local/python/3.12.1/lib/python3.12/site-packages/airflow/example_dags/example_latest_only_with_trigger.py for tasks to queue
[2025-11-17T16:31:33.124+0000] {logging_mixin.py:188} INFO - [2025-11-17T16:31:33.123+0000] {dagbag.py:545} INFO - Filling up the DagBag from /usr/local/python/3.12.1/lib/python3.12/site-packages/airflow/example_dags/example_latest_only_with_trigger.py
[2025-11-17T16:31:33.128+0000] {processor.py:840} INFO - DAG(s) 'latest_only_with_trigger' retrieved from /usr/local/python/3.12.1/lib/python3.12/site-packages/airflow/example_dags/example_latest_only_with_trigger.py
[2025-11-17T16:31:33.140+0000] {logging_mixin.py:188} INFO - [2025-11-17T16:31:33.140+0000] {dag.py:3096} INFO - Sync 1 DAGs
[2025-11-17T16:31:33.155+0000] {logging_mixin.py:188} INFO - [2025-11-17T16:31:33.154+0000] {dag.py:3954} INFO - Setting next_dagrun for latest_only_with_trigger to 2025-11-17 12:00:00+00:00, run_after=2025-11-17 16:00:00+00:00
[2025-11-17T16:31:33.172+0000] {processor.py:183} INFO - Processing /usr/local/python/3.12.1/lib/python3.12/site-packages/airflow/example_dags/example_latest_only_with_trigger.py took 0.054 seconds
[2025-11-17T16:32:33.884+0000] {processor.py:161} INFO - Started process (PID=60425) to work on /usr/local/python/3.12.1/lib/python3.12/site-packages/airflow/example_dags/example_latest_only_with_trigger.py
[2025-11-17T16:32:33.884+0000] {processor.py:830} INFO - Processing file /usr/local/python/3.12.1/lib/python3.12/site-packages/airflow/example_dags/example_latest_only_with_trigger.py for tasks to queue
[2025-11-17T16:32:33.886+0000] {logging_mixin.py:188} INFO - [2025-11-17T16:32:33.885+0000] {dagbag.py:545} INFO - Filling up the DagBag from /usr/local/python/3.12.1/lib/python3.12/site-packages/airflow/example_dags/example_latest_only_with_trigger.py
[2025-11-17T16:32:33.890+0000] {processor.py:840} INFO - DAG(s) 'latest_only_with_trigger' retrieved from /usr/local/python/3.12.1/lib/python3.12/site-packages/airflow/example_dags/example_latest_only_with_trigger.py
[2025-11-17T16:32:33.902+0000] {logging_mixin.py:188} INFO - [2025-11-17T16:32:33.901+0000] {dag.py:3096} INFO - Sync 1 DAGs
[2025-11-17T16:32:33.916+0000] {logging_mixin.py:188} INFO - [2025-11-17T16:32:33.916+0000] {dag.py:3954} INFO - Setting next_dagrun for latest_only_with_trigger to 2025-11-17 12:00:00+00:00, run_after=2025-11-17 16:00:00+00:00
[2025-11-17T16:32:33.931+0000] {processor.py:183} INFO - Processing /usr/local/python/3.12.1/lib/python3.12/site-packages/airflow/example_dags/example_latest_only_with_trigger.py took 0.052 seconds
[2025-11-17T16:33:34.674+0000] {processor.py:161} INFO - Started process (PID=60905) to work on /usr/local/python/3.12.1/lib/python3.12/site-packages/airflow/example_dags/example_latest_only_with_trigger.py
[2025-11-17T16:33:34.675+0000] {processor.py:830} INFO - Processing file /usr/local/python/3.12.1/lib/python3.12/site-packages/airflow/example_dags/example_latest_only_with_trigger.py for tasks to queue
[2025-11-17T16:33:34.676+0000] {logging_mixin.py:188} INFO - [2025-11-17T16:33:34.676+0000] {dagbag.py:545} INFO - Filling up the DagBag from /usr/local/python/3.12.1/lib/python3.12/site-packages/airflow/example_dags/example_latest_only_with_trigger.py
[2025-11-17T16:33:34.680+0000] {processor.py:840} INFO - DAG(s) 'latest_only_with_trigger' retrieved from /usr/local/python/3.12.1/lib/python3.12/site-packages/airflow/example_dags/example_latest_only_with_trigger.py
[2025-11-17T16:33:34.692+0000] {logging_mixin.py:188} INFO - [2025-11-17T16:33:34.691+0000] {dag.py:3096} INFO - Sync 1 DAGs
[2025-11-17T16:33:34.706+0000] {logging_mixin.py:188} INFO - [2025-11-17T16:33:34.706+0000] {dag.py:3954} INFO - Setting next_dagrun for latest_only_with_trigger to 2025-11-17 12:00:00+00:00, run_after=2025-11-17 16:00:00+00:00
[2025-11-17T16:33:34.722+0000] {processor.py:183} INFO - Processing /usr/local/python/3.12.1/lib/python3.12/site-packages/airflow/example_dags/example_latest_only_with_trigger.py took 0.052 seconds
[2025-11-17T16:34:34.333+0000] {processor.py:161} INFO - Started process (PID=61371) to work on /usr/local/python/3.12.1/lib/python3.12/site-packages/airflow/example_dags/example_latest_only_with_trigger.py
[2025-11-17T16:34:34.333+0000] {processor.py:830} INFO - Processing file /usr/local/python/3.12.1/lib/python3.12/site-packages/airflow/example_dags/example_latest_only_with_trigger.py for tasks to queue
[2025-11-17T16:34:34.335+0000] {logging_mixin.py:188} INFO - [2025-11-17T16:34:34.335+0000] {dagbag.py:545} INFO - Filling up the DagBag from /usr/local/python/3.12.1/lib/python3.12/site-packages/airflow/example_dags/example_latest_only_with_trigger.py
[2025-11-17T16:34:34.339+0000] {processor.py:840} INFO - DAG(s) 'latest_only_with_trigger' retrieved from /usr/local/python/3.12.1/lib/python3.12/site-packages/airflow/example_dags/example_latest_only_with_trigger.py
[2025-11-17T16:34:34.351+0000] {logging_mixin.py:188} INFO - [2025-11-17T16:34:34.350+0000] {dag.py:3096} INFO - Sync 1 DAGs
[2025-11-17T16:34:34.365+0000] {logging_mixin.py:188} INFO - [2025-11-17T16:34:34.365+0000] {dag.py:3954} INFO - Setting next_dagrun for latest_only_with_trigger to 2025-11-17 12:00:00+00:00, run_after=2025-11-17 16:00:00+00:00
[2025-11-17T16:34:34.381+0000] {processor.py:183} INFO - Processing /usr/local/python/3.12.1/lib/python3.12/site-packages/airflow/example_dags/example_latest_only_with_trigger.py took 0.052 seconds
[2025-11-17T16:35:30.004+0000] {processor.py:161} INFO - Started process (PID=61831) to work on /usr/local/python/3.12.1/lib/python3.12/site-packages/airflow/example_dags/example_latest_only_with_trigger.py
[2025-11-17T16:35:30.005+0000] {processor.py:830} INFO - Processing file /usr/local/python/3.12.1/lib/python3.12/site-packages/airflow/example_dags/example_latest_only_with_trigger.py for tasks to queue
[2025-11-17T16:35:30.006+0000] {logging_mixin.py:188} INFO - [2025-11-17T16:35:30.006+0000] {dagbag.py:545} INFO - Filling up the DagBag from /usr/local/python/3.12.1/lib/python3.12/site-packages/airflow/example_dags/example_latest_only_with_trigger.py
[2025-11-17T16:35:30.011+0000] {processor.py:840} INFO - DAG(s) 'latest_only_with_trigger' retrieved from /usr/local/python/3.12.1/lib/python3.12/site-packages/airflow/example_dags/example_latest_only_with_trigger.py
[2025-11-17T16:35:30.023+0000] {logging_mixin.py:188} INFO - [2025-11-17T16:35:30.023+0000] {dag.py:3096} INFO - Sync 1 DAGs
[2025-11-17T16:35:30.038+0000] {logging_mixin.py:188} INFO - [2025-11-17T16:35:30.038+0000] {dag.py:3954} INFO - Setting next_dagrun for latest_only_with_trigger to 2025-11-17 12:00:00+00:00, run_after=2025-11-17 16:00:00+00:00
[2025-11-17T16:35:30.054+0000] {processor.py:183} INFO - Processing /usr/local/python/3.12.1/lib/python3.12/site-packages/airflow/example_dags/example_latest_only_with_trigger.py took 0.054 seconds
[2025-11-17T16:36:24.666+0000] {processor.py:161} INFO - Started process (PID=62297) to work on /usr/local/python/3.12.1/lib/python3.12/site-packages/airflow/example_dags/example_latest_only_with_trigger.py
[2025-11-17T16:36:24.667+0000] {processor.py:830} INFO - Processing file /usr/local/python/3.12.1/lib/python3.12/site-packages/airflow/example_dags/example_latest_only_with_trigger.py for tasks to queue
[2025-11-17T16:36:24.669+0000] {logging_mixin.py:188} INFO - [2025-11-17T16:36:24.669+0000] {dagbag.py:545} INFO - Filling up the DagBag from /usr/local/python/3.12.1/lib/python3.12/site-packages/airflow/example_dags/example_latest_only_with_trigger.py
[2025-11-17T16:36:24.673+0000] {processor.py:840} INFO - DAG(s) 'latest_only_with_trigger' retrieved from /usr/local/python/3.12.1/lib/python3.12/site-packages/airflow/example_dags/example_latest_only_with_trigger.py
[2025-11-17T16:36:24.685+0000] {logging_mixin.py:188} INFO - [2025-11-17T16:36:24.685+0000] {dag.py:3096} INFO - Sync 1 DAGs
[2025-11-17T16:36:24.699+0000] {logging_mixin.py:188} INFO - [2025-11-17T16:36:24.699+0000] {dag.py:3954} INFO - Setting next_dagrun for latest_only_with_trigger to 2025-11-17 12:00:00+00:00, run_after=2025-11-17 16:00:00+00:00
[2025-11-17T16:36:24.715+0000] {processor.py:183} INFO - Processing /usr/local/python/3.12.1/lib/python3.12/site-packages/airflow/example_dags/example_latest_only_with_trigger.py took 0.053 seconds
[2025-11-17T16:37:26.710+0000] {processor.py:161} INFO - Started process (PID=62784) to work on /usr/local/python/3.12.1/lib/python3.12/site-packages/airflow/example_dags/example_latest_only_with_trigger.py
[2025-11-17T16:37:26.711+0000] {processor.py:830} INFO - Processing file /usr/local/python/3.12.1/lib/python3.12/site-packages/airflow/example_dags/example_latest_only_with_trigger.py for tasks to queue
[2025-11-17T16:37:26.712+0000] {logging_mixin.py:188} INFO - [2025-11-17T16:37:26.712+0000] {dagbag.py:545} INFO - Filling up the DagBag from /usr/local/python/3.12.1/lib/python3.12/site-packages/airflow/example_dags/example_latest_only_with_trigger.py
[2025-11-17T16:37:26.716+0000] {processor.py:840} INFO - DAG(s) 'latest_only_with_trigger' retrieved from /usr/local/python/3.12.1/lib/python3.12/site-packages/airflow/example_dags/example_latest_only_with_trigger.py
[2025-11-17T16:37:26.728+0000] {logging_mixin.py:188} INFO - [2025-11-17T16:37:26.728+0000] {dag.py:3096} INFO - Sync 1 DAGs
[2025-11-17T16:37:26.743+0000] {logging_mixin.py:188} INFO - [2025-11-17T16:37:26.743+0000] {dag.py:3954} INFO - Setting next_dagrun for latest_only_with_trigger to 2025-11-17 12:00:00+00:00, run_after=2025-11-17 16:00:00+00:00
[2025-11-17T16:37:26.759+0000] {processor.py:183} INFO - Processing /usr/local/python/3.12.1/lib/python3.12/site-packages/airflow/example_dags/example_latest_only_with_trigger.py took 0.053 seconds
[2025-11-17T16:38:32.185+0000] {processor.py:161} INFO - Started process (PID=63464) to work on /usr/local/python/3.12.1/lib/python3.12/site-packages/airflow/example_dags/example_latest_only_with_trigger.py
[2025-11-17T16:38:32.186+0000] {processor.py:830} INFO - Processing file /usr/local/python/3.12.1/lib/python3.12/site-packages/airflow/example_dags/example_latest_only_with_trigger.py for tasks to queue
[2025-11-17T16:38:32.187+0000] {logging_mixin.py:188} INFO - [2025-11-17T16:38:32.187+0000] {dagbag.py:545} INFO - Filling up the DagBag from /usr/local/python/3.12.1/lib/python3.12/site-packages/airflow/example_dags/example_latest_only_with_trigger.py
[2025-11-17T16:38:32.191+0000] {processor.py:840} INFO - DAG(s) 'latest_only_with_trigger' retrieved from /usr/local/python/3.12.1/lib/python3.12/site-packages/airflow/example_dags/example_latest_only_with_trigger.py
[2025-11-17T16:38:32.203+0000] {logging_mixin.py:188} INFO - [2025-11-17T16:38:32.202+0000] {dag.py:3096} INFO - Sync 1 DAGs
[2025-11-17T16:38:32.217+0000] {logging_mixin.py:188} INFO - [2025-11-17T16:38:32.217+0000] {dag.py:3954} INFO - Setting next_dagrun for latest_only_with_trigger to 2025-11-17 12:00:00+00:00, run_after=2025-11-17 16:00:00+00:00
[2025-11-17T16:38:32.232+0000] {processor.py:183} INFO - Processing /usr/local/python/3.12.1/lib/python3.12/site-packages/airflow/example_dags/example_latest_only_with_trigger.py took 0.052 seconds
