[2025-11-17T15:42:47.409+0000] {processor.py:161} INFO - Started process (PID=28282) to work on /usr/local/python/3.12.1/lib/python3.12/site-packages/airflow/example_dags/example_branch_operator.py
[2025-11-17T15:42:47.410+0000] {processor.py:830} INFO - Processing file /usr/local/python/3.12.1/lib/python3.12/site-packages/airflow/example_dags/example_branch_operator.py for tasks to queue
[2025-11-17T15:42:47.411+0000] {logging_mixin.py:188} INFO - [2025-11-17T15:42:47.411+0000] {dagbag.py:545} INFO - Filling up the DagBag from /usr/local/python/3.12.1/lib/python3.12/site-packages/airflow/example_dags/example_branch_operator.py
[2025-11-17T15:42:47.448+0000] {processor.py:840} INFO - DAG(s) 'example_branch_operator' retrieved from /usr/local/python/3.12.1/lib/python3.12/site-packages/airflow/example_dags/example_branch_operator.py
[2025-11-17T15:42:47.613+0000] {logging_mixin.py:188} INFO - [2025-11-17T15:42:47.613+0000] {override.py:1829} INFO - Created Permission View: can read on DAG:example_branch_operator
[2025-11-17T15:42:47.625+0000] {logging_mixin.py:188} INFO - [2025-11-17T15:42:47.624+0000] {override.py:1829} INFO - Created Permission View: can edit on DAG:example_branch_operator
[2025-11-17T15:42:47.633+0000] {logging_mixin.py:188} INFO - [2025-11-17T15:42:47.633+0000] {override.py:1829} INFO - Created Permission View: can delete on DAG:example_branch_operator
[2025-11-17T15:42:47.633+0000] {logging_mixin.py:188} INFO - [2025-11-17T15:42:47.633+0000] {dag.py:3096} INFO - Sync 1 DAGs
[2025-11-17T15:42:47.647+0000] {logging_mixin.py:188} INFO - [2025-11-17T15:42:47.647+0000] {dag.py:3118} INFO - Creating ORM DAG for example_branch_operator
[2025-11-17T15:42:47.660+0000] {logging_mixin.py:188} INFO - [2025-11-17T15:42:47.659+0000] {dag.py:3954} INFO - Setting next_dagrun for example_branch_operator to 2025-11-16 00:00:00+00:00, run_after=2025-11-17 00:00:00+00:00
[2025-11-17T15:42:47.687+0000] {processor.py:183} INFO - Processing /usr/local/python/3.12.1/lib/python3.12/site-packages/airflow/example_dags/example_branch_operator.py took 0.283 seconds
[2025-11-17T15:43:39.432+0000] {processor.py:161} INFO - Started process (PID=29316) to work on /usr/local/python/3.12.1/lib/python3.12/site-packages/airflow/example_dags/example_branch_operator.py
[2025-11-17T15:43:39.432+0000] {processor.py:830} INFO - Processing file /usr/local/python/3.12.1/lib/python3.12/site-packages/airflow/example_dags/example_branch_operator.py for tasks to queue
[2025-11-17T15:43:39.435+0000] {logging_mixin.py:188} INFO - [2025-11-17T15:43:39.434+0000] {dagbag.py:545} INFO - Filling up the DagBag from /usr/local/python/3.12.1/lib/python3.12/site-packages/airflow/example_dags/example_branch_operator.py
[2025-11-17T15:43:39.455+0000] {processor.py:840} INFO - DAG(s) 'example_branch_operator' retrieved from /usr/local/python/3.12.1/lib/python3.12/site-packages/airflow/example_dags/example_branch_operator.py
[2025-11-17T15:43:39.473+0000] {logging_mixin.py:188} INFO - [2025-11-17T15:43:39.473+0000] {dag.py:3096} INFO - Sync 1 DAGs
[2025-11-17T15:43:39.488+0000] {logging_mixin.py:188} INFO - [2025-11-17T15:43:39.487+0000] {dag.py:3954} INFO - Setting next_dagrun for example_branch_operator to 2025-11-16 00:00:00+00:00, run_after=2025-11-17 00:00:00+00:00
[2025-11-17T15:43:39.503+0000] {processor.py:183} INFO - Processing /usr/local/python/3.12.1/lib/python3.12/site-packages/airflow/example_dags/example_branch_operator.py took 0.077 seconds
[2025-11-17T15:44:35.903+0000] {processor.py:161} INFO - Started process (PID=29843) to work on /usr/local/python/3.12.1/lib/python3.12/site-packages/airflow/example_dags/example_branch_operator.py
[2025-11-17T15:44:35.904+0000] {processor.py:830} INFO - Processing file /usr/local/python/3.12.1/lib/python3.12/site-packages/airflow/example_dags/example_branch_operator.py for tasks to queue
[2025-11-17T15:44:35.905+0000] {logging_mixin.py:188} INFO - [2025-11-17T15:44:35.905+0000] {dagbag.py:545} INFO - Filling up the DagBag from /usr/local/python/3.12.1/lib/python3.12/site-packages/airflow/example_dags/example_branch_operator.py
[2025-11-17T15:44:35.918+0000] {processor.py:840} INFO - DAG(s) 'example_branch_operator' retrieved from /usr/local/python/3.12.1/lib/python3.12/site-packages/airflow/example_dags/example_branch_operator.py
[2025-11-17T15:44:35.936+0000] {logging_mixin.py:188} INFO - [2025-11-17T15:44:35.936+0000] {dag.py:3096} INFO - Sync 1 DAGs
[2025-11-17T15:44:35.951+0000] {logging_mixin.py:188} INFO - [2025-11-17T15:44:35.951+0000] {dag.py:3954} INFO - Setting next_dagrun for example_branch_operator to 2025-11-16 00:00:00+00:00, run_after=2025-11-17 00:00:00+00:00
[2025-11-17T15:44:35.966+0000] {processor.py:183} INFO - Processing /usr/local/python/3.12.1/lib/python3.12/site-packages/airflow/example_dags/example_branch_operator.py took 0.067 seconds
[2025-11-17T15:45:35.296+0000] {processor.py:161} INFO - Started process (PID=30888) to work on /usr/local/python/3.12.1/lib/python3.12/site-packages/airflow/example_dags/example_branch_operator.py
[2025-11-17T15:45:35.297+0000] {processor.py:830} INFO - Processing file /usr/local/python/3.12.1/lib/python3.12/site-packages/airflow/example_dags/example_branch_operator.py for tasks to queue
[2025-11-17T15:45:35.299+0000] {logging_mixin.py:188} INFO - [2025-11-17T15:45:35.298+0000] {dagbag.py:545} INFO - Filling up the DagBag from /usr/local/python/3.12.1/lib/python3.12/site-packages/airflow/example_dags/example_branch_operator.py
[2025-11-17T15:45:35.321+0000] {processor.py:840} INFO - DAG(s) 'example_branch_operator' retrieved from /usr/local/python/3.12.1/lib/python3.12/site-packages/airflow/example_dags/example_branch_operator.py
[2025-11-17T15:45:35.348+0000] {logging_mixin.py:188} INFO - [2025-11-17T15:45:35.348+0000] {dag.py:3096} INFO - Sync 1 DAGs
[2025-11-17T15:45:35.363+0000] {logging_mixin.py:188} INFO - [2025-11-17T15:45:35.363+0000] {dag.py:3954} INFO - Setting next_dagrun for example_branch_operator to 2025-11-16 00:00:00+00:00, run_after=2025-11-17 00:00:00+00:00
[2025-11-17T15:45:35.382+0000] {processor.py:183} INFO - Processing /usr/local/python/3.12.1/lib/python3.12/site-packages/airflow/example_dags/example_branch_operator.py took 0.092 seconds
[2025-11-17T16:01:21.131+0000] {processor.py:161} INFO - Started process (PID=41202) to work on /usr/local/python/3.12.1/lib/python3.12/site-packages/airflow/example_dags/example_branch_operator.py
[2025-11-17T16:01:21.132+0000] {processor.py:830} INFO - Processing file /usr/local/python/3.12.1/lib/python3.12/site-packages/airflow/example_dags/example_branch_operator.py for tasks to queue
[2025-11-17T16:01:21.133+0000] {logging_mixin.py:188} INFO - [2025-11-17T16:01:21.133+0000] {dagbag.py:545} INFO - Filling up the DagBag from /usr/local/python/3.12.1/lib/python3.12/site-packages/airflow/example_dags/example_branch_operator.py
[2025-11-17T16:01:21.145+0000] {processor.py:840} INFO - DAG(s) 'example_branch_operator' retrieved from /usr/local/python/3.12.1/lib/python3.12/site-packages/airflow/example_dags/example_branch_operator.py
[2025-11-17T16:01:21.225+0000] {logging_mixin.py:188} INFO - [2025-11-17T16:01:21.225+0000] {dag.py:3096} INFO - Sync 1 DAGs
[2025-11-17T16:01:21.239+0000] {logging_mixin.py:188} INFO - [2025-11-17T16:01:21.238+0000] {dag.py:3954} INFO - Setting next_dagrun for example_branch_operator to 2025-11-16 00:00:00+00:00, run_after=2025-11-17 00:00:00+00:00
[2025-11-17T16:01:21.255+0000] {processor.py:183} INFO - Processing /usr/local/python/3.12.1/lib/python3.12/site-packages/airflow/example_dags/example_branch_operator.py took 0.128 seconds
[2025-11-17T16:02:23.573+0000] {processor.py:161} INFO - Started process (PID=41951) to work on /usr/local/python/3.12.1/lib/python3.12/site-packages/airflow/example_dags/example_branch_operator.py
[2025-11-17T16:02:23.574+0000] {processor.py:830} INFO - Processing file /usr/local/python/3.12.1/lib/python3.12/site-packages/airflow/example_dags/example_branch_operator.py for tasks to queue
[2025-11-17T16:02:23.575+0000] {logging_mixin.py:188} INFO - [2025-11-17T16:02:23.574+0000] {dagbag.py:545} INFO - Filling up the DagBag from /usr/local/python/3.12.1/lib/python3.12/site-packages/airflow/example_dags/example_branch_operator.py
[2025-11-17T16:02:23.587+0000] {processor.py:840} INFO - DAG(s) 'example_branch_operator' retrieved from /usr/local/python/3.12.1/lib/python3.12/site-packages/airflow/example_dags/example_branch_operator.py
[2025-11-17T16:02:23.604+0000] {logging_mixin.py:188} INFO - [2025-11-17T16:02:23.604+0000] {dag.py:3096} INFO - Sync 1 DAGs
[2025-11-17T16:02:23.619+0000] {logging_mixin.py:188} INFO - [2025-11-17T16:02:23.619+0000] {dag.py:3954} INFO - Setting next_dagrun for example_branch_operator to 2025-11-16 00:00:00+00:00, run_after=2025-11-17 00:00:00+00:00
[2025-11-17T16:02:23.634+0000] {processor.py:183} INFO - Processing /usr/local/python/3.12.1/lib/python3.12/site-packages/airflow/example_dags/example_branch_operator.py took 0.065 seconds
[2025-11-17T16:03:28.250+0000] {processor.py:161} INFO - Started process (PID=42774) to work on /usr/local/python/3.12.1/lib/python3.12/site-packages/airflow/example_dags/example_branch_operator.py
[2025-11-17T16:03:28.250+0000] {processor.py:830} INFO - Processing file /usr/local/python/3.12.1/lib/python3.12/site-packages/airflow/example_dags/example_branch_operator.py for tasks to queue
[2025-11-17T16:03:28.251+0000] {logging_mixin.py:188} INFO - [2025-11-17T16:03:28.251+0000] {dagbag.py:545} INFO - Filling up the DagBag from /usr/local/python/3.12.1/lib/python3.12/site-packages/airflow/example_dags/example_branch_operator.py
[2025-11-17T16:03:28.264+0000] {processor.py:840} INFO - DAG(s) 'example_branch_operator' retrieved from /usr/local/python/3.12.1/lib/python3.12/site-packages/airflow/example_dags/example_branch_operator.py
[2025-11-17T16:03:28.281+0000] {logging_mixin.py:188} INFO - [2025-11-17T16:03:28.281+0000] {dag.py:3096} INFO - Sync 1 DAGs
[2025-11-17T16:03:28.295+0000] {logging_mixin.py:188} INFO - [2025-11-17T16:03:28.295+0000] {dag.py:3954} INFO - Setting next_dagrun for example_branch_operator to 2025-11-16 00:00:00+00:00, run_after=2025-11-17 00:00:00+00:00
[2025-11-17T16:03:28.311+0000] {processor.py:183} INFO - Processing /usr/local/python/3.12.1/lib/python3.12/site-packages/airflow/example_dags/example_branch_operator.py took 0.065 seconds
[2025-11-17T16:04:29.062+0000] {processor.py:161} INFO - Started process (PID=43605) to work on /usr/local/python/3.12.1/lib/python3.12/site-packages/airflow/example_dags/example_branch_operator.py
[2025-11-17T16:04:29.062+0000] {processor.py:830} INFO - Processing file /usr/local/python/3.12.1/lib/python3.12/site-packages/airflow/example_dags/example_branch_operator.py for tasks to queue
[2025-11-17T16:04:29.063+0000] {logging_mixin.py:188} INFO - [2025-11-17T16:04:29.063+0000] {dagbag.py:545} INFO - Filling up the DagBag from /usr/local/python/3.12.1/lib/python3.12/site-packages/airflow/example_dags/example_branch_operator.py
[2025-11-17T16:04:29.076+0000] {processor.py:840} INFO - DAG(s) 'example_branch_operator' retrieved from /usr/local/python/3.12.1/lib/python3.12/site-packages/airflow/example_dags/example_branch_operator.py
[2025-11-17T16:04:29.093+0000] {logging_mixin.py:188} INFO - [2025-11-17T16:04:29.093+0000] {dag.py:3096} INFO - Sync 1 DAGs
[2025-11-17T16:04:29.108+0000] {logging_mixin.py:188} INFO - [2025-11-17T16:04:29.108+0000] {dag.py:3954} INFO - Setting next_dagrun for example_branch_operator to 2025-11-16 00:00:00+00:00, run_after=2025-11-17 00:00:00+00:00
[2025-11-17T16:04:29.124+0000] {processor.py:183} INFO - Processing /usr/local/python/3.12.1/lib/python3.12/site-packages/airflow/example_dags/example_branch_operator.py took 0.066 seconds
[2025-11-17T16:06:38.041+0000] {processor.py:161} INFO - Started process (PID=45605) to work on /usr/local/python/3.12.1/lib/python3.12/site-packages/airflow/example_dags/example_branch_operator.py
[2025-11-17T16:06:38.047+0000] {processor.py:830} INFO - Processing file /usr/local/python/3.12.1/lib/python3.12/site-packages/airflow/example_dags/example_branch_operator.py for tasks to queue
[2025-11-17T16:06:38.058+0000] {logging_mixin.py:188} INFO - [2025-11-17T16:06:38.057+0000] {dagbag.py:545} INFO - Filling up the DagBag from /usr/local/python/3.12.1/lib/python3.12/site-packages/airflow/example_dags/example_branch_operator.py
[2025-11-17T16:06:38.164+0000] {processor.py:840} INFO - DAG(s) 'example_branch_operator' retrieved from /usr/local/python/3.12.1/lib/python3.12/site-packages/airflow/example_dags/example_branch_operator.py
[2025-11-17T16:06:38.620+0000] {logging_mixin.py:188} INFO - [2025-11-17T16:06:38.617+0000] {dag.py:3096} INFO - Sync 1 DAGs
[2025-11-17T16:06:38.660+0000] {logging_mixin.py:188} INFO - [2025-11-17T16:06:38.660+0000] {dag.py:3954} INFO - Setting next_dagrun for example_branch_operator to 2025-11-16 00:00:00+00:00, run_after=2025-11-17 00:00:00+00:00
[2025-11-17T16:06:38.857+0000] {processor.py:183} INFO - Processing /usr/local/python/3.12.1/lib/python3.12/site-packages/airflow/example_dags/example_branch_operator.py took 0.830 seconds
[2025-11-17T16:07:42.669+0000] {processor.py:161} INFO - Started process (PID=46953) to work on /usr/local/python/3.12.1/lib/python3.12/site-packages/airflow/example_dags/example_branch_operator.py
[2025-11-17T16:07:42.670+0000] {processor.py:830} INFO - Processing file /usr/local/python/3.12.1/lib/python3.12/site-packages/airflow/example_dags/example_branch_operator.py for tasks to queue
[2025-11-17T16:07:42.671+0000] {logging_mixin.py:188} INFO - [2025-11-17T16:07:42.671+0000] {dagbag.py:545} INFO - Filling up the DagBag from /usr/local/python/3.12.1/lib/python3.12/site-packages/airflow/example_dags/example_branch_operator.py
[2025-11-17T16:07:42.684+0000] {processor.py:840} INFO - DAG(s) 'example_branch_operator' retrieved from /usr/local/python/3.12.1/lib/python3.12/site-packages/airflow/example_dags/example_branch_operator.py
[2025-11-17T16:07:42.705+0000] {logging_mixin.py:188} INFO - [2025-11-17T16:07:42.705+0000] {dag.py:3096} INFO - Sync 1 DAGs
[2025-11-17T16:07:42.720+0000] {logging_mixin.py:188} INFO - [2025-11-17T16:07:42.720+0000] {dag.py:3954} INFO - Setting next_dagrun for example_branch_operator to 2025-11-16 00:00:00+00:00, run_after=2025-11-17 00:00:00+00:00
[2025-11-17T16:07:42.738+0000] {processor.py:183} INFO - Processing /usr/local/python/3.12.1/lib/python3.12/site-packages/airflow/example_dags/example_branch_operator.py took 0.073 seconds
[2025-11-17T16:08:39.308+0000] {processor.py:161} INFO - Started process (PID=47708) to work on /usr/local/python/3.12.1/lib/python3.12/site-packages/airflow/example_dags/example_branch_operator.py
[2025-11-17T16:08:39.309+0000] {processor.py:830} INFO - Processing file /usr/local/python/3.12.1/lib/python3.12/site-packages/airflow/example_dags/example_branch_operator.py for tasks to queue
[2025-11-17T16:08:39.310+0000] {logging_mixin.py:188} INFO - [2025-11-17T16:08:39.310+0000] {dagbag.py:545} INFO - Filling up the DagBag from /usr/local/python/3.12.1/lib/python3.12/site-packages/airflow/example_dags/example_branch_operator.py
[2025-11-17T16:08:39.323+0000] {processor.py:840} INFO - DAG(s) 'example_branch_operator' retrieved from /usr/local/python/3.12.1/lib/python3.12/site-packages/airflow/example_dags/example_branch_operator.py
[2025-11-17T16:08:39.340+0000] {logging_mixin.py:188} INFO - [2025-11-17T16:08:39.340+0000] {dag.py:3096} INFO - Sync 1 DAGs
[2025-11-17T16:08:39.354+0000] {logging_mixin.py:188} INFO - [2025-11-17T16:08:39.354+0000] {dag.py:3954} INFO - Setting next_dagrun for example_branch_operator to 2025-11-16 00:00:00+00:00, run_after=2025-11-17 00:00:00+00:00
[2025-11-17T16:08:39.370+0000] {processor.py:183} INFO - Processing /usr/local/python/3.12.1/lib/python3.12/site-packages/airflow/example_dags/example_branch_operator.py took 0.066 seconds
[2025-11-17T16:09:40.256+0000] {processor.py:161} INFO - Started process (PID=48702) to work on /usr/local/python/3.12.1/lib/python3.12/site-packages/airflow/example_dags/example_branch_operator.py
[2025-11-17T16:09:40.257+0000] {processor.py:830} INFO - Processing file /usr/local/python/3.12.1/lib/python3.12/site-packages/airflow/example_dags/example_branch_operator.py for tasks to queue
[2025-11-17T16:09:40.258+0000] {logging_mixin.py:188} INFO - [2025-11-17T16:09:40.258+0000] {dagbag.py:545} INFO - Filling up the DagBag from /usr/local/python/3.12.1/lib/python3.12/site-packages/airflow/example_dags/example_branch_operator.py
[2025-11-17T16:09:40.272+0000] {processor.py:840} INFO - DAG(s) 'example_branch_operator' retrieved from /usr/local/python/3.12.1/lib/python3.12/site-packages/airflow/example_dags/example_branch_operator.py
[2025-11-17T16:09:40.291+0000] {logging_mixin.py:188} INFO - [2025-11-17T16:09:40.290+0000] {dag.py:3096} INFO - Sync 1 DAGs
[2025-11-17T16:09:40.307+0000] {logging_mixin.py:188} INFO - [2025-11-17T16:09:40.307+0000] {dag.py:3954} INFO - Setting next_dagrun for example_branch_operator to 2025-11-16 00:00:00+00:00, run_after=2025-11-17 00:00:00+00:00
[2025-11-17T16:09:40.328+0000] {processor.py:183} INFO - Processing /usr/local/python/3.12.1/lib/python3.12/site-packages/airflow/example_dags/example_branch_operator.py took 0.076 seconds
[2025-11-17T16:10:39.128+0000] {processor.py:161} INFO - Started process (PID=49407) to work on /usr/local/python/3.12.1/lib/python3.12/site-packages/airflow/example_dags/example_branch_operator.py
[2025-11-17T16:10:39.128+0000] {processor.py:830} INFO - Processing file /usr/local/python/3.12.1/lib/python3.12/site-packages/airflow/example_dags/example_branch_operator.py for tasks to queue
[2025-11-17T16:10:39.130+0000] {logging_mixin.py:188} INFO - [2025-11-17T16:10:39.129+0000] {dagbag.py:545} INFO - Filling up the DagBag from /usr/local/python/3.12.1/lib/python3.12/site-packages/airflow/example_dags/example_branch_operator.py
[2025-11-17T16:10:39.143+0000] {processor.py:840} INFO - DAG(s) 'example_branch_operator' retrieved from /usr/local/python/3.12.1/lib/python3.12/site-packages/airflow/example_dags/example_branch_operator.py
[2025-11-17T16:10:39.160+0000] {logging_mixin.py:188} INFO - [2025-11-17T16:10:39.160+0000] {dag.py:3096} INFO - Sync 1 DAGs
[2025-11-17T16:10:39.176+0000] {logging_mixin.py:188} INFO - [2025-11-17T16:10:39.176+0000] {dag.py:3954} INFO - Setting next_dagrun for example_branch_operator to 2025-11-16 00:00:00+00:00, run_after=2025-11-17 00:00:00+00:00
[2025-11-17T16:10:39.196+0000] {processor.py:183} INFO - Processing /usr/local/python/3.12.1/lib/python3.12/site-packages/airflow/example_dags/example_branch_operator.py took 0.072 seconds
