[2025-11-17T15:42:16.960+0000] {processor.py:161} INFO - Started process (PID=27830) to work on /usr/local/python/3.12.1/lib/python3.12/site-packages/airflow/example_dags/example_trigger_controller_dag.py
[2025-11-17T15:42:16.960+0000] {processor.py:830} INFO - Processing file /usr/local/python/3.12.1/lib/python3.12/site-packages/airflow/example_dags/example_trigger_controller_dag.py for tasks to queue
[2025-11-17T15:42:16.963+0000] {logging_mixin.py:188} INFO - [2025-11-17T15:42:16.962+0000] {dagbag.py:545} INFO - Filling up the DagBag from /usr/local/python/3.12.1/lib/python3.12/site-packages/airflow/example_dags/example_trigger_controller_dag.py
[2025-11-17T15:42:16.971+0000] {processor.py:840} INFO - DAG(s) 'example_trigger_controller_dag' retrieved from /usr/local/python/3.12.1/lib/python3.12/site-packages/airflow/example_dags/example_trigger_controller_dag.py
[2025-11-17T15:42:17.074+0000] {logging_mixin.py:188} INFO - [2025-11-17T15:42:17.074+0000] {override.py:1829} INFO - Created Permission View: can read on DAG:example_trigger_controller_dag
[2025-11-17T15:42:17.087+0000] {logging_mixin.py:188} INFO - [2025-11-17T15:42:17.087+0000] {override.py:1829} INFO - Created Permission View: can edit on DAG:example_trigger_controller_dag
[2025-11-17T15:42:17.094+0000] {logging_mixin.py:188} INFO - [2025-11-17T15:42:17.094+0000] {override.py:1829} INFO - Created Permission View: can delete on DAG:example_trigger_controller_dag
[2025-11-17T15:42:17.094+0000] {logging_mixin.py:188} INFO - [2025-11-17T15:42:17.094+0000] {dag.py:3096} INFO - Sync 1 DAGs
[2025-11-17T15:42:17.107+0000] {logging_mixin.py:188} INFO - [2025-11-17T15:42:17.107+0000] {dag.py:3118} INFO - Creating ORM DAG for example_trigger_controller_dag
[2025-11-17T15:42:17.115+0000] {logging_mixin.py:188} INFO - [2025-11-17T15:42:17.115+0000] {dag.py:3954} INFO - Setting next_dagrun for example_trigger_controller_dag to 2021-01-01 00:00:00+00:00, run_after=2021-01-01 00:00:00+00:00
[2025-11-17T15:42:17.129+0000] {processor.py:183} INFO - Processing /usr/local/python/3.12.1/lib/python3.12/site-packages/airflow/example_dags/example_trigger_controller_dag.py took 0.175 seconds
[2025-11-17T15:43:11.596+0000] {processor.py:161} INFO - Started process (PID=28648) to work on /usr/local/python/3.12.1/lib/python3.12/site-packages/airflow/example_dags/example_trigger_controller_dag.py
[2025-11-17T15:43:11.597+0000] {processor.py:830} INFO - Processing file /usr/local/python/3.12.1/lib/python3.12/site-packages/airflow/example_dags/example_trigger_controller_dag.py for tasks to queue
[2025-11-17T15:43:11.599+0000] {logging_mixin.py:188} INFO - [2025-11-17T15:43:11.598+0000] {dagbag.py:545} INFO - Filling up the DagBag from /usr/local/python/3.12.1/lib/python3.12/site-packages/airflow/example_dags/example_trigger_controller_dag.py
[2025-11-17T15:43:11.602+0000] {processor.py:840} INFO - DAG(s) 'example_trigger_controller_dag' retrieved from /usr/local/python/3.12.1/lib/python3.12/site-packages/airflow/example_dags/example_trigger_controller_dag.py
[2025-11-17T15:43:11.612+0000] {logging_mixin.py:188} INFO - [2025-11-17T15:43:11.612+0000] {dag.py:3096} INFO - Sync 1 DAGs
[2025-11-17T15:43:11.626+0000] {logging_mixin.py:188} INFO - [2025-11-17T15:43:11.626+0000] {dag.py:3954} INFO - Setting next_dagrun for example_trigger_controller_dag to 2021-01-01 00:00:00+00:00, run_after=2021-01-01 00:00:00+00:00
[2025-11-17T15:43:11.642+0000] {processor.py:183} INFO - Processing /usr/local/python/3.12.1/lib/python3.12/site-packages/airflow/example_dags/example_trigger_controller_dag.py took 0.049 seconds
[2025-11-17T15:43:59.818+0000] {processor.py:161} INFO - Started process (PID=29496) to work on /usr/local/python/3.12.1/lib/python3.12/site-packages/airflow/example_dags/example_trigger_controller_dag.py
[2025-11-17T15:43:59.818+0000] {processor.py:830} INFO - Processing file /usr/local/python/3.12.1/lib/python3.12/site-packages/airflow/example_dags/example_trigger_controller_dag.py for tasks to queue
[2025-11-17T15:43:59.820+0000] {logging_mixin.py:188} INFO - [2025-11-17T15:43:59.819+0000] {dagbag.py:545} INFO - Filling up the DagBag from /usr/local/python/3.12.1/lib/python3.12/site-packages/airflow/example_dags/example_trigger_controller_dag.py
[2025-11-17T15:43:59.823+0000] {processor.py:840} INFO - DAG(s) 'example_trigger_controller_dag' retrieved from /usr/local/python/3.12.1/lib/python3.12/site-packages/airflow/example_dags/example_trigger_controller_dag.py
[2025-11-17T15:43:59.834+0000] {logging_mixin.py:188} INFO - [2025-11-17T15:43:59.834+0000] {dag.py:3096} INFO - Sync 1 DAGs
[2025-11-17T15:43:59.848+0000] {logging_mixin.py:188} INFO - [2025-11-17T15:43:59.848+0000] {dag.py:3954} INFO - Setting next_dagrun for example_trigger_controller_dag to 2021-01-01 00:00:00+00:00, run_after=2021-01-01 00:00:00+00:00
[2025-11-17T15:43:59.865+0000] {processor.py:183} INFO - Processing /usr/local/python/3.12.1/lib/python3.12/site-packages/airflow/example_dags/example_trigger_controller_dag.py took 0.051 seconds
[2025-11-17T15:44:45.830+0000] {processor.py:161} INFO - Started process (PID=29949) to work on /usr/local/python/3.12.1/lib/python3.12/site-packages/airflow/example_dags/example_trigger_controller_dag.py
[2025-11-17T15:44:45.831+0000] {processor.py:830} INFO - Processing file /usr/local/python/3.12.1/lib/python3.12/site-packages/airflow/example_dags/example_trigger_controller_dag.py for tasks to queue
[2025-11-17T15:44:45.832+0000] {logging_mixin.py:188} INFO - [2025-11-17T15:44:45.831+0000] {dagbag.py:545} INFO - Filling up the DagBag from /usr/local/python/3.12.1/lib/python3.12/site-packages/airflow/example_dags/example_trigger_controller_dag.py
[2025-11-17T15:44:45.835+0000] {processor.py:840} INFO - DAG(s) 'example_trigger_controller_dag' retrieved from /usr/local/python/3.12.1/lib/python3.12/site-packages/airflow/example_dags/example_trigger_controller_dag.py
[2025-11-17T15:44:45.846+0000] {logging_mixin.py:188} INFO - [2025-11-17T15:44:45.846+0000] {dag.py:3096} INFO - Sync 1 DAGs
[2025-11-17T15:44:45.859+0000] {logging_mixin.py:188} INFO - [2025-11-17T15:44:45.859+0000] {dag.py:3954} INFO - Setting next_dagrun for example_trigger_controller_dag to 2021-01-01 00:00:00+00:00, run_after=2021-01-01 00:00:00+00:00
[2025-11-17T15:44:45.875+0000] {processor.py:183} INFO - Processing /usr/local/python/3.12.1/lib/python3.12/site-packages/airflow/example_dags/example_trigger_controller_dag.py took 0.049 seconds
[2025-11-17T15:45:26.245+0000] {processor.py:161} INFO - Started process (PID=30790) to work on /usr/local/python/3.12.1/lib/python3.12/site-packages/airflow/example_dags/example_trigger_controller_dag.py
[2025-11-17T15:45:26.246+0000] {processor.py:830} INFO - Processing file /usr/local/python/3.12.1/lib/python3.12/site-packages/airflow/example_dags/example_trigger_controller_dag.py for tasks to queue
[2025-11-17T15:45:26.247+0000] {logging_mixin.py:188} INFO - [2025-11-17T15:45:26.247+0000] {dagbag.py:545} INFO - Filling up the DagBag from /usr/local/python/3.12.1/lib/python3.12/site-packages/airflow/example_dags/example_trigger_controller_dag.py
[2025-11-17T15:45:26.251+0000] {processor.py:840} INFO - DAG(s) 'example_trigger_controller_dag' retrieved from /usr/local/python/3.12.1/lib/python3.12/site-packages/airflow/example_dags/example_trigger_controller_dag.py
[2025-11-17T15:45:26.261+0000] {logging_mixin.py:188} INFO - [2025-11-17T15:45:26.261+0000] {dag.py:3096} INFO - Sync 1 DAGs
[2025-11-17T15:45:26.274+0000] {logging_mixin.py:188} INFO - [2025-11-17T15:45:26.274+0000] {dag.py:3954} INFO - Setting next_dagrun for example_trigger_controller_dag to 2021-01-01 00:00:00+00:00, run_after=2021-01-01 00:00:00+00:00
[2025-11-17T15:45:26.290+0000] {processor.py:183} INFO - Processing /usr/local/python/3.12.1/lib/python3.12/site-packages/airflow/example_dags/example_trigger_controller_dag.py took 0.049 seconds
[2025-11-17T16:00:54.485+0000] {processor.py:161} INFO - Started process (PID=40774) to work on /usr/local/python/3.12.1/lib/python3.12/site-packages/airflow/example_dags/example_trigger_controller_dag.py
[2025-11-17T16:00:54.485+0000] {processor.py:830} INFO - Processing file /usr/local/python/3.12.1/lib/python3.12/site-packages/airflow/example_dags/example_trigger_controller_dag.py for tasks to queue
[2025-11-17T16:00:54.487+0000] {logging_mixin.py:188} INFO - [2025-11-17T16:00:54.487+0000] {dagbag.py:545} INFO - Filling up the DagBag from /usr/local/python/3.12.1/lib/python3.12/site-packages/airflow/example_dags/example_trigger_controller_dag.py
[2025-11-17T16:00:54.491+0000] {processor.py:840} INFO - DAG(s) 'example_trigger_controller_dag' retrieved from /usr/local/python/3.12.1/lib/python3.12/site-packages/airflow/example_dags/example_trigger_controller_dag.py
[2025-11-17T16:00:54.504+0000] {logging_mixin.py:188} INFO - [2025-11-17T16:00:54.504+0000] {dag.py:3096} INFO - Sync 1 DAGs
[2025-11-17T16:00:54.519+0000] {logging_mixin.py:188} INFO - [2025-11-17T16:00:54.519+0000] {dag.py:3954} INFO - Setting next_dagrun for example_trigger_controller_dag to 2021-01-01 00:00:00+00:00, run_after=2021-01-01 00:00:00+00:00
[2025-11-17T16:00:54.535+0000] {processor.py:183} INFO - Processing /usr/local/python/3.12.1/lib/python3.12/site-packages/airflow/example_dags/example_trigger_controller_dag.py took 0.054 seconds
[2025-11-17T16:01:43.747+0000] {processor.py:161} INFO - Started process (PID=41457) to work on /usr/local/python/3.12.1/lib/python3.12/site-packages/airflow/example_dags/example_trigger_controller_dag.py
[2025-11-17T16:01:43.748+0000] {processor.py:830} INFO - Processing file /usr/local/python/3.12.1/lib/python3.12/site-packages/airflow/example_dags/example_trigger_controller_dag.py for tasks to queue
[2025-11-17T16:01:43.750+0000] {logging_mixin.py:188} INFO - [2025-11-17T16:01:43.749+0000] {dagbag.py:545} INFO - Filling up the DagBag from /usr/local/python/3.12.1/lib/python3.12/site-packages/airflow/example_dags/example_trigger_controller_dag.py
[2025-11-17T16:01:43.754+0000] {processor.py:840} INFO - DAG(s) 'example_trigger_controller_dag' retrieved from /usr/local/python/3.12.1/lib/python3.12/site-packages/airflow/example_dags/example_trigger_controller_dag.py
[2025-11-17T16:01:43.770+0000] {logging_mixin.py:188} INFO - [2025-11-17T16:01:43.770+0000] {dag.py:3096} INFO - Sync 1 DAGs
[2025-11-17T16:01:43.791+0000] {logging_mixin.py:188} INFO - [2025-11-17T16:01:43.791+0000] {dag.py:3954} INFO - Setting next_dagrun for example_trigger_controller_dag to 2021-01-01 00:00:00+00:00, run_after=2021-01-01 00:00:00+00:00
[2025-11-17T16:01:43.813+0000] {processor.py:183} INFO - Processing /usr/local/python/3.12.1/lib/python3.12/site-packages/airflow/example_dags/example_trigger_controller_dag.py took 0.075 seconds
[2025-11-17T16:02:34.876+0000] {processor.py:161} INFO - Started process (PID=42121) to work on /usr/local/python/3.12.1/lib/python3.12/site-packages/airflow/example_dags/example_trigger_controller_dag.py
[2025-11-17T16:02:34.876+0000] {processor.py:830} INFO - Processing file /usr/local/python/3.12.1/lib/python3.12/site-packages/airflow/example_dags/example_trigger_controller_dag.py for tasks to queue
[2025-11-17T16:02:34.877+0000] {logging_mixin.py:188} INFO - [2025-11-17T16:02:34.877+0000] {dagbag.py:545} INFO - Filling up the DagBag from /usr/local/python/3.12.1/lib/python3.12/site-packages/airflow/example_dags/example_trigger_controller_dag.py
[2025-11-17T16:02:34.881+0000] {processor.py:840} INFO - DAG(s) 'example_trigger_controller_dag' retrieved from /usr/local/python/3.12.1/lib/python3.12/site-packages/airflow/example_dags/example_trigger_controller_dag.py
[2025-11-17T16:02:34.891+0000] {logging_mixin.py:188} INFO - [2025-11-17T16:02:34.891+0000] {dag.py:3096} INFO - Sync 1 DAGs
[2025-11-17T16:02:34.904+0000] {logging_mixin.py:188} INFO - [2025-11-17T16:02:34.904+0000] {dag.py:3954} INFO - Setting next_dagrun for example_trigger_controller_dag to 2021-01-01 00:00:00+00:00, run_after=2021-01-01 00:00:00+00:00
[2025-11-17T16:02:34.920+0000] {processor.py:183} INFO - Processing /usr/local/python/3.12.1/lib/python3.12/site-packages/airflow/example_dags/example_trigger_controller_dag.py took 0.048 seconds
[2025-11-17T16:03:17.846+0000] {processor.py:161} INFO - Started process (PID=42679) to work on /usr/local/python/3.12.1/lib/python3.12/site-packages/airflow/example_dags/example_trigger_controller_dag.py
[2025-11-17T16:03:17.847+0000] {processor.py:830} INFO - Processing file /usr/local/python/3.12.1/lib/python3.12/site-packages/airflow/example_dags/example_trigger_controller_dag.py for tasks to queue
[2025-11-17T16:03:17.848+0000] {logging_mixin.py:188} INFO - [2025-11-17T16:03:17.848+0000] {dagbag.py:545} INFO - Filling up the DagBag from /usr/local/python/3.12.1/lib/python3.12/site-packages/airflow/example_dags/example_trigger_controller_dag.py
[2025-11-17T16:03:17.851+0000] {processor.py:840} INFO - DAG(s) 'example_trigger_controller_dag' retrieved from /usr/local/python/3.12.1/lib/python3.12/site-packages/airflow/example_dags/example_trigger_controller_dag.py
[2025-11-17T16:03:17.862+0000] {logging_mixin.py:188} INFO - [2025-11-17T16:03:17.861+0000] {dag.py:3096} INFO - Sync 1 DAGs
[2025-11-17T16:03:17.879+0000] {logging_mixin.py:188} INFO - [2025-11-17T16:03:17.879+0000] {dag.py:3954} INFO - Setting next_dagrun for example_trigger_controller_dag to 2021-01-01 00:00:00+00:00, run_after=2021-01-01 00:00:00+00:00
[2025-11-17T16:03:17.896+0000] {processor.py:183} INFO - Processing /usr/local/python/3.12.1/lib/python3.12/site-packages/airflow/example_dags/example_trigger_controller_dag.py took 0.053 seconds
[2025-11-17T16:03:58.663+0000] {processor.py:161} INFO - Started process (PID=43218) to work on /usr/local/python/3.12.1/lib/python3.12/site-packages/airflow/example_dags/example_trigger_controller_dag.py
[2025-11-17T16:03:58.663+0000] {processor.py:830} INFO - Processing file /usr/local/python/3.12.1/lib/python3.12/site-packages/airflow/example_dags/example_trigger_controller_dag.py for tasks to queue
[2025-11-17T16:03:58.664+0000] {logging_mixin.py:188} INFO - [2025-11-17T16:03:58.664+0000] {dagbag.py:545} INFO - Filling up the DagBag from /usr/local/python/3.12.1/lib/python3.12/site-packages/airflow/example_dags/example_trigger_controller_dag.py
[2025-11-17T16:03:58.668+0000] {processor.py:840} INFO - DAG(s) 'example_trigger_controller_dag' retrieved from /usr/local/python/3.12.1/lib/python3.12/site-packages/airflow/example_dags/example_trigger_controller_dag.py
[2025-11-17T16:03:58.680+0000] {logging_mixin.py:188} INFO - [2025-11-17T16:03:58.680+0000] {dag.py:3096} INFO - Sync 1 DAGs
[2025-11-17T16:03:58.694+0000] {logging_mixin.py:188} INFO - [2025-11-17T16:03:58.694+0000] {dag.py:3954} INFO - Setting next_dagrun for example_trigger_controller_dag to 2021-01-01 00:00:00+00:00, run_after=2021-01-01 00:00:00+00:00
[2025-11-17T16:03:58.710+0000] {processor.py:183} INFO - Processing /usr/local/python/3.12.1/lib/python3.12/site-packages/airflow/example_dags/example_trigger_controller_dag.py took 0.052 seconds
[2025-11-17T16:04:40.489+0000] {processor.py:161} INFO - Started process (PID=43742) to work on /usr/local/python/3.12.1/lib/python3.12/site-packages/airflow/example_dags/example_trigger_controller_dag.py
[2025-11-17T16:04:40.490+0000] {processor.py:830} INFO - Processing file /usr/local/python/3.12.1/lib/python3.12/site-packages/airflow/example_dags/example_trigger_controller_dag.py for tasks to queue
[2025-11-17T16:04:40.491+0000] {logging_mixin.py:188} INFO - [2025-11-17T16:04:40.491+0000] {dagbag.py:545} INFO - Filling up the DagBag from /usr/local/python/3.12.1/lib/python3.12/site-packages/airflow/example_dags/example_trigger_controller_dag.py
[2025-11-17T16:04:40.497+0000] {processor.py:840} INFO - DAG(s) 'example_trigger_controller_dag' retrieved from /usr/local/python/3.12.1/lib/python3.12/site-packages/airflow/example_dags/example_trigger_controller_dag.py
[2025-11-17T16:04:40.513+0000] {logging_mixin.py:188} INFO - [2025-11-17T16:04:40.513+0000] {dag.py:3096} INFO - Sync 1 DAGs
[2025-11-17T16:04:40.533+0000] {logging_mixin.py:188} INFO - [2025-11-17T16:04:40.533+0000] {dag.py:3954} INFO - Setting next_dagrun for example_trigger_controller_dag to 2021-01-01 00:00:00+00:00, run_after=2021-01-01 00:00:00+00:00
[2025-11-17T16:04:40.551+0000] {processor.py:183} INFO - Processing /usr/local/python/3.12.1/lib/python3.12/site-packages/airflow/example_dags/example_trigger_controller_dag.py took 0.068 seconds
[2025-11-17T16:06:09.209+0000] {processor.py:161} INFO - Started process (PID=44902) to work on /usr/local/python/3.12.1/lib/python3.12/site-packages/airflow/example_dags/example_trigger_controller_dag.py
[2025-11-17T16:06:09.209+0000] {processor.py:830} INFO - Processing file /usr/local/python/3.12.1/lib/python3.12/site-packages/airflow/example_dags/example_trigger_controller_dag.py for tasks to queue
[2025-11-17T16:06:09.211+0000] {logging_mixin.py:188} INFO - [2025-11-17T16:06:09.211+0000] {dagbag.py:545} INFO - Filling up the DagBag from /usr/local/python/3.12.1/lib/python3.12/site-packages/airflow/example_dags/example_trigger_controller_dag.py
[2025-11-17T16:06:09.215+0000] {processor.py:840} INFO - DAG(s) 'example_trigger_controller_dag' retrieved from /usr/local/python/3.12.1/lib/python3.12/site-packages/airflow/example_dags/example_trigger_controller_dag.py
[2025-11-17T16:06:09.228+0000] {logging_mixin.py:188} INFO - [2025-11-17T16:06:09.228+0000] {dag.py:3096} INFO - Sync 1 DAGs
[2025-11-17T16:06:09.241+0000] {logging_mixin.py:188} INFO - [2025-11-17T16:06:09.241+0000] {dag.py:3954} INFO - Setting next_dagrun for example_trigger_controller_dag to 2021-01-01 00:00:00+00:00, run_after=2021-01-01 00:00:00+00:00
[2025-11-17T16:06:09.257+0000] {processor.py:183} INFO - Processing /usr/local/python/3.12.1/lib/python3.12/site-packages/airflow/example_dags/example_trigger_controller_dag.py took 0.052 seconds
[2025-11-17T16:07:01.492+0000] {processor.py:161} INFO - Started process (PID=46343) to work on /usr/local/python/3.12.1/lib/python3.12/site-packages/airflow/example_dags/example_trigger_controller_dag.py
[2025-11-17T16:07:01.493+0000] {processor.py:830} INFO - Processing file /usr/local/python/3.12.1/lib/python3.12/site-packages/airflow/example_dags/example_trigger_controller_dag.py for tasks to queue
[2025-11-17T16:07:01.494+0000] {logging_mixin.py:188} INFO - [2025-11-17T16:07:01.494+0000] {dagbag.py:545} INFO - Filling up the DagBag from /usr/local/python/3.12.1/lib/python3.12/site-packages/airflow/example_dags/example_trigger_controller_dag.py
[2025-11-17T16:07:01.497+0000] {processor.py:840} INFO - DAG(s) 'example_trigger_controller_dag' retrieved from /usr/local/python/3.12.1/lib/python3.12/site-packages/airflow/example_dags/example_trigger_controller_dag.py
[2025-11-17T16:07:01.507+0000] {logging_mixin.py:188} INFO - [2025-11-17T16:07:01.507+0000] {dag.py:3096} INFO - Sync 1 DAGs
[2025-11-17T16:07:01.521+0000] {logging_mixin.py:188} INFO - [2025-11-17T16:07:01.521+0000] {dag.py:3954} INFO - Setting next_dagrun for example_trigger_controller_dag to 2021-01-01 00:00:00+00:00, run_after=2021-01-01 00:00:00+00:00
[2025-11-17T16:07:01.537+0000] {processor.py:183} INFO - Processing /usr/local/python/3.12.1/lib/python3.12/site-packages/airflow/example_dags/example_trigger_controller_dag.py took 0.048 seconds
[2025-11-17T16:07:51.207+0000] {processor.py:161} INFO - Started process (PID=47040) to work on /usr/local/python/3.12.1/lib/python3.12/site-packages/airflow/example_dags/example_trigger_controller_dag.py
[2025-11-17T16:07:51.209+0000] {processor.py:830} INFO - Processing file /usr/local/python/3.12.1/lib/python3.12/site-packages/airflow/example_dags/example_trigger_controller_dag.py for tasks to queue
[2025-11-17T16:07:51.210+0000] {logging_mixin.py:188} INFO - [2025-11-17T16:07:51.210+0000] {dagbag.py:545} INFO - Filling up the DagBag from /usr/local/python/3.12.1/lib/python3.12/site-packages/airflow/example_dags/example_trigger_controller_dag.py
[2025-11-17T16:07:51.217+0000] {processor.py:840} INFO - DAG(s) 'example_trigger_controller_dag' retrieved from /usr/local/python/3.12.1/lib/python3.12/site-packages/airflow/example_dags/example_trigger_controller_dag.py
[2025-11-17T16:07:51.233+0000] {logging_mixin.py:188} INFO - [2025-11-17T16:07:51.232+0000] {dag.py:3096} INFO - Sync 1 DAGs
[2025-11-17T16:07:51.250+0000] {logging_mixin.py:188} INFO - [2025-11-17T16:07:51.250+0000] {dag.py:3954} INFO - Setting next_dagrun for example_trigger_controller_dag to 2021-01-01 00:00:00+00:00, run_after=2021-01-01 00:00:00+00:00
[2025-11-17T16:07:51.274+0000] {processor.py:183} INFO - Processing /usr/local/python/3.12.1/lib/python3.12/site-packages/airflow/example_dags/example_trigger_controller_dag.py took 0.072 seconds
[2025-11-17T16:08:33.033+0000] {processor.py:161} INFO - Started process (PID=47626) to work on /usr/local/python/3.12.1/lib/python3.12/site-packages/airflow/example_dags/example_trigger_controller_dag.py
[2025-11-17T16:08:33.034+0000] {processor.py:830} INFO - Processing file /usr/local/python/3.12.1/lib/python3.12/site-packages/airflow/example_dags/example_trigger_controller_dag.py for tasks to queue
[2025-11-17T16:08:33.035+0000] {logging_mixin.py:188} INFO - [2025-11-17T16:08:33.035+0000] {dagbag.py:545} INFO - Filling up the DagBag from /usr/local/python/3.12.1/lib/python3.12/site-packages/airflow/example_dags/example_trigger_controller_dag.py
[2025-11-17T16:08:33.039+0000] {processor.py:840} INFO - DAG(s) 'example_trigger_controller_dag' retrieved from /usr/local/python/3.12.1/lib/python3.12/site-packages/airflow/example_dags/example_trigger_controller_dag.py
[2025-11-17T16:08:33.049+0000] {logging_mixin.py:188} INFO - [2025-11-17T16:08:33.049+0000] {dag.py:3096} INFO - Sync 1 DAGs
[2025-11-17T16:08:33.062+0000] {logging_mixin.py:188} INFO - [2025-11-17T16:08:33.062+0000] {dag.py:3954} INFO - Setting next_dagrun for example_trigger_controller_dag to 2021-01-01 00:00:00+00:00, run_after=2021-01-01 00:00:00+00:00
[2025-11-17T16:08:33.079+0000] {processor.py:183} INFO - Processing /usr/local/python/3.12.1/lib/python3.12/site-packages/airflow/example_dags/example_trigger_controller_dag.py took 0.050 seconds
[2025-11-17T16:09:14.104+0000] {processor.py:161} INFO - Started process (PID=48202) to work on /usr/local/python/3.12.1/lib/python3.12/site-packages/airflow/example_dags/example_trigger_controller_dag.py
[2025-11-17T16:09:14.105+0000] {processor.py:830} INFO - Processing file /usr/local/python/3.12.1/lib/python3.12/site-packages/airflow/example_dags/example_trigger_controller_dag.py for tasks to queue
[2025-11-17T16:09:14.107+0000] {logging_mixin.py:188} INFO - [2025-11-17T16:09:14.107+0000] {dagbag.py:545} INFO - Filling up the DagBag from /usr/local/python/3.12.1/lib/python3.12/site-packages/airflow/example_dags/example_trigger_controller_dag.py
[2025-11-17T16:09:14.110+0000] {processor.py:840} INFO - DAG(s) 'example_trigger_controller_dag' retrieved from /usr/local/python/3.12.1/lib/python3.12/site-packages/airflow/example_dags/example_trigger_controller_dag.py
[2025-11-17T16:09:14.121+0000] {logging_mixin.py:188} INFO - [2025-11-17T16:09:14.121+0000] {dag.py:3096} INFO - Sync 1 DAGs
[2025-11-17T16:09:14.139+0000] {logging_mixin.py:188} INFO - [2025-11-17T16:09:14.139+0000] {dag.py:3954} INFO - Setting next_dagrun for example_trigger_controller_dag to 2021-01-01 00:00:00+00:00, run_after=2021-01-01 00:00:00+00:00
[2025-11-17T16:09:14.156+0000] {processor.py:183} INFO - Processing /usr/local/python/3.12.1/lib/python3.12/site-packages/airflow/example_dags/example_trigger_controller_dag.py took 0.055 seconds
[2025-11-17T16:09:54.773+0000] {processor.py:161} INFO - Started process (PID=48944) to work on /usr/local/python/3.12.1/lib/python3.12/site-packages/airflow/example_dags/example_trigger_controller_dag.py
[2025-11-17T16:09:54.774+0000] {processor.py:830} INFO - Processing file /usr/local/python/3.12.1/lib/python3.12/site-packages/airflow/example_dags/example_trigger_controller_dag.py for tasks to queue
[2025-11-17T16:09:54.775+0000] {logging_mixin.py:188} INFO - [2025-11-17T16:09:54.775+0000] {dagbag.py:545} INFO - Filling up the DagBag from /usr/local/python/3.12.1/lib/python3.12/site-packages/airflow/example_dags/example_trigger_controller_dag.py
[2025-11-17T16:09:54.779+0000] {processor.py:840} INFO - DAG(s) 'example_trigger_controller_dag' retrieved from /usr/local/python/3.12.1/lib/python3.12/site-packages/airflow/example_dags/example_trigger_controller_dag.py
[2025-11-17T16:09:54.790+0000] {logging_mixin.py:188} INFO - [2025-11-17T16:09:54.789+0000] {dag.py:3096} INFO - Sync 1 DAGs
[2025-11-17T16:09:54.803+0000] {logging_mixin.py:188} INFO - [2025-11-17T16:09:54.803+0000] {dag.py:3954} INFO - Setting next_dagrun for example_trigger_controller_dag to 2021-01-01 00:00:00+00:00, run_after=2021-01-01 00:00:00+00:00
[2025-11-17T16:09:54.821+0000] {processor.py:183} INFO - Processing /usr/local/python/3.12.1/lib/python3.12/site-packages/airflow/example_dags/example_trigger_controller_dag.py took 0.051 seconds
[2025-11-17T16:10:33.883+0000] {processor.py:161} INFO - Started process (PID=49348) to work on /usr/local/python/3.12.1/lib/python3.12/site-packages/airflow/example_dags/example_trigger_controller_dag.py
[2025-11-17T16:10:33.884+0000] {processor.py:830} INFO - Processing file /usr/local/python/3.12.1/lib/python3.12/site-packages/airflow/example_dags/example_trigger_controller_dag.py for tasks to queue
[2025-11-17T16:10:33.886+0000] {logging_mixin.py:188} INFO - [2025-11-17T16:10:33.885+0000] {dagbag.py:545} INFO - Filling up the DagBag from /usr/local/python/3.12.1/lib/python3.12/site-packages/airflow/example_dags/example_trigger_controller_dag.py
[2025-11-17T16:10:33.891+0000] {processor.py:840} INFO - DAG(s) 'example_trigger_controller_dag' retrieved from /usr/local/python/3.12.1/lib/python3.12/site-packages/airflow/example_dags/example_trigger_controller_dag.py
[2025-11-17T16:10:33.902+0000] {logging_mixin.py:188} INFO - [2025-11-17T16:10:33.902+0000] {dag.py:3096} INFO - Sync 1 DAGs
[2025-11-17T16:10:33.917+0000] {logging_mixin.py:188} INFO - [2025-11-17T16:10:33.917+0000] {dag.py:3954} INFO - Setting next_dagrun for example_trigger_controller_dag to 2021-01-01 00:00:00+00:00, run_after=2021-01-01 00:00:00+00:00
[2025-11-17T16:10:33.935+0000] {processor.py:183} INFO - Processing /usr/local/python/3.12.1/lib/python3.12/site-packages/airflow/example_dags/example_trigger_controller_dag.py took 0.056 seconds
[2025-11-17T16:11:14.469+0000] {processor.py:161} INFO - Started process (PID=50135) to work on /usr/local/python/3.12.1/lib/python3.12/site-packages/airflow/example_dags/example_trigger_controller_dag.py
[2025-11-17T16:11:14.470+0000] {processor.py:830} INFO - Processing file /usr/local/python/3.12.1/lib/python3.12/site-packages/airflow/example_dags/example_trigger_controller_dag.py for tasks to queue
[2025-11-17T16:11:14.472+0000] {logging_mixin.py:188} INFO - [2025-11-17T16:11:14.472+0000] {dagbag.py:545} INFO - Filling up the DagBag from /usr/local/python/3.12.1/lib/python3.12/site-packages/airflow/example_dags/example_trigger_controller_dag.py
[2025-11-17T16:11:14.476+0000] {processor.py:840} INFO - DAG(s) 'example_trigger_controller_dag' retrieved from /usr/local/python/3.12.1/lib/python3.12/site-packages/airflow/example_dags/example_trigger_controller_dag.py
[2025-11-17T16:11:14.487+0000] {logging_mixin.py:188} INFO - [2025-11-17T16:11:14.487+0000] {dag.py:3096} INFO - Sync 1 DAGs
[2025-11-17T16:11:14.591+0000] {logging_mixin.py:188} INFO - [2025-11-17T16:11:14.590+0000] {dag.py:3954} INFO - Setting next_dagrun for example_trigger_controller_dag to 2021-01-01 00:00:00+00:00, run_after=2021-01-01 00:00:00+00:00
[2025-11-17T16:11:14.606+0000] {processor.py:183} INFO - Processing /usr/local/python/3.12.1/lib/python3.12/site-packages/airflow/example_dags/example_trigger_controller_dag.py took 0.142 seconds
[2025-11-17T16:11:58.115+0000] {processor.py:161} INFO - Started process (PID=50535) to work on /usr/local/python/3.12.1/lib/python3.12/site-packages/airflow/example_dags/example_trigger_controller_dag.py
[2025-11-17T16:11:58.116+0000] {processor.py:830} INFO - Processing file /usr/local/python/3.12.1/lib/python3.12/site-packages/airflow/example_dags/example_trigger_controller_dag.py for tasks to queue
[2025-11-17T16:11:58.118+0000] {logging_mixin.py:188} INFO - [2025-11-17T16:11:58.117+0000] {dagbag.py:545} INFO - Filling up the DagBag from /usr/local/python/3.12.1/lib/python3.12/site-packages/airflow/example_dags/example_trigger_controller_dag.py
[2025-11-17T16:11:58.122+0000] {processor.py:840} INFO - DAG(s) 'example_trigger_controller_dag' retrieved from /usr/local/python/3.12.1/lib/python3.12/site-packages/airflow/example_dags/example_trigger_controller_dag.py
[2025-11-17T16:11:58.138+0000] {logging_mixin.py:188} INFO - [2025-11-17T16:11:58.138+0000] {dag.py:3096} INFO - Sync 1 DAGs
[2025-11-17T16:11:58.158+0000] {logging_mixin.py:188} INFO - [2025-11-17T16:11:58.158+0000] {dag.py:3954} INFO - Setting next_dagrun for example_trigger_controller_dag to 2021-01-01 00:00:00+00:00, run_after=2021-01-01 00:00:00+00:00
[2025-11-17T16:11:58.179+0000] {processor.py:183} INFO - Processing /usr/local/python/3.12.1/lib/python3.12/site-packages/airflow/example_dags/example_trigger_controller_dag.py took 0.068 seconds
[2025-11-17T16:12:41.501+0000] {processor.py:161} INFO - Started process (PID=50869) to work on /usr/local/python/3.12.1/lib/python3.12/site-packages/airflow/example_dags/example_trigger_controller_dag.py
[2025-11-17T16:12:41.502+0000] {processor.py:830} INFO - Processing file /usr/local/python/3.12.1/lib/python3.12/site-packages/airflow/example_dags/example_trigger_controller_dag.py for tasks to queue
[2025-11-17T16:12:41.504+0000] {logging_mixin.py:188} INFO - [2025-11-17T16:12:41.504+0000] {dagbag.py:545} INFO - Filling up the DagBag from /usr/local/python/3.12.1/lib/python3.12/site-packages/airflow/example_dags/example_trigger_controller_dag.py
[2025-11-17T16:12:41.507+0000] {processor.py:840} INFO - DAG(s) 'example_trigger_controller_dag' retrieved from /usr/local/python/3.12.1/lib/python3.12/site-packages/airflow/example_dags/example_trigger_controller_dag.py
[2025-11-17T16:12:41.518+0000] {logging_mixin.py:188} INFO - [2025-11-17T16:12:41.517+0000] {dag.py:3096} INFO - Sync 1 DAGs
[2025-11-17T16:12:41.531+0000] {logging_mixin.py:188} INFO - [2025-11-17T16:12:41.531+0000] {dag.py:3954} INFO - Setting next_dagrun for example_trigger_controller_dag to 2021-01-01 00:00:00+00:00, run_after=2021-01-01 00:00:00+00:00
[2025-11-17T16:12:41.547+0000] {processor.py:183} INFO - Processing /usr/local/python/3.12.1/lib/python3.12/site-packages/airflow/example_dags/example_trigger_controller_dag.py took 0.050 seconds
[2025-11-17T16:13:25.903+0000] {processor.py:161} INFO - Started process (PID=51211) to work on /usr/local/python/3.12.1/lib/python3.12/site-packages/airflow/example_dags/example_trigger_controller_dag.py
[2025-11-17T16:13:25.904+0000] {processor.py:830} INFO - Processing file /usr/local/python/3.12.1/lib/python3.12/site-packages/airflow/example_dags/example_trigger_controller_dag.py for tasks to queue
[2025-11-17T16:13:25.905+0000] {logging_mixin.py:188} INFO - [2025-11-17T16:13:25.905+0000] {dagbag.py:545} INFO - Filling up the DagBag from /usr/local/python/3.12.1/lib/python3.12/site-packages/airflow/example_dags/example_trigger_controller_dag.py
[2025-11-17T16:13:25.909+0000] {processor.py:840} INFO - DAG(s) 'example_trigger_controller_dag' retrieved from /usr/local/python/3.12.1/lib/python3.12/site-packages/airflow/example_dags/example_trigger_controller_dag.py
[2025-11-17T16:13:25.919+0000] {logging_mixin.py:188} INFO - [2025-11-17T16:13:25.919+0000] {dag.py:3096} INFO - Sync 1 DAGs
[2025-11-17T16:13:25.933+0000] {logging_mixin.py:188} INFO - [2025-11-17T16:13:25.933+0000] {dag.py:3954} INFO - Setting next_dagrun for example_trigger_controller_dag to 2021-01-01 00:00:00+00:00, run_after=2021-01-01 00:00:00+00:00
[2025-11-17T16:13:25.949+0000] {processor.py:183} INFO - Processing /usr/local/python/3.12.1/lib/python3.12/site-packages/airflow/example_dags/example_trigger_controller_dag.py took 0.050 seconds
[2025-11-17T16:14:08.691+0000] {processor.py:161} INFO - Started process (PID=51563) to work on /usr/local/python/3.12.1/lib/python3.12/site-packages/airflow/example_dags/example_trigger_controller_dag.py
[2025-11-17T16:14:08.692+0000] {processor.py:830} INFO - Processing file /usr/local/python/3.12.1/lib/python3.12/site-packages/airflow/example_dags/example_trigger_controller_dag.py for tasks to queue
[2025-11-17T16:14:08.693+0000] {logging_mixin.py:188} INFO - [2025-11-17T16:14:08.693+0000] {dagbag.py:545} INFO - Filling up the DagBag from /usr/local/python/3.12.1/lib/python3.12/site-packages/airflow/example_dags/example_trigger_controller_dag.py
[2025-11-17T16:14:08.697+0000] {processor.py:840} INFO - DAG(s) 'example_trigger_controller_dag' retrieved from /usr/local/python/3.12.1/lib/python3.12/site-packages/airflow/example_dags/example_trigger_controller_dag.py
[2025-11-17T16:14:08.707+0000] {logging_mixin.py:188} INFO - [2025-11-17T16:14:08.707+0000] {dag.py:3096} INFO - Sync 1 DAGs
[2025-11-17T16:14:08.721+0000] {logging_mixin.py:188} INFO - [2025-11-17T16:14:08.721+0000] {dag.py:3954} INFO - Setting next_dagrun for example_trigger_controller_dag to 2021-01-01 00:00:00+00:00, run_after=2021-01-01 00:00:00+00:00
[2025-11-17T16:14:08.737+0000] {processor.py:183} INFO - Processing /usr/local/python/3.12.1/lib/python3.12/site-packages/airflow/example_dags/example_trigger_controller_dag.py took 0.050 seconds
[2025-11-17T16:14:46.917+0000] {processor.py:161} INFO - Started process (PID=51846) to work on /usr/local/python/3.12.1/lib/python3.12/site-packages/airflow/example_dags/example_trigger_controller_dag.py
[2025-11-17T16:14:46.917+0000] {processor.py:830} INFO - Processing file /usr/local/python/3.12.1/lib/python3.12/site-packages/airflow/example_dags/example_trigger_controller_dag.py for tasks to queue
[2025-11-17T16:14:46.919+0000] {logging_mixin.py:188} INFO - [2025-11-17T16:14:46.918+0000] {dagbag.py:545} INFO - Filling up the DagBag from /usr/local/python/3.12.1/lib/python3.12/site-packages/airflow/example_dags/example_trigger_controller_dag.py
[2025-11-17T16:14:46.922+0000] {processor.py:840} INFO - DAG(s) 'example_trigger_controller_dag' retrieved from /usr/local/python/3.12.1/lib/python3.12/site-packages/airflow/example_dags/example_trigger_controller_dag.py
[2025-11-17T16:14:46.933+0000] {logging_mixin.py:188} INFO - [2025-11-17T16:14:46.933+0000] {dag.py:3096} INFO - Sync 1 DAGs
[2025-11-17T16:14:46.946+0000] {logging_mixin.py:188} INFO - [2025-11-17T16:14:46.946+0000] {dag.py:3954} INFO - Setting next_dagrun for example_trigger_controller_dag to 2021-01-01 00:00:00+00:00, run_after=2021-01-01 00:00:00+00:00
[2025-11-17T16:14:46.963+0000] {processor.py:183} INFO - Processing /usr/local/python/3.12.1/lib/python3.12/site-packages/airflow/example_dags/example_trigger_controller_dag.py took 0.050 seconds
[2025-11-17T16:15:26.789+0000] {processor.py:161} INFO - Started process (PID=52162) to work on /usr/local/python/3.12.1/lib/python3.12/site-packages/airflow/example_dags/example_trigger_controller_dag.py
[2025-11-17T16:15:26.790+0000] {processor.py:830} INFO - Processing file /usr/local/python/3.12.1/lib/python3.12/site-packages/airflow/example_dags/example_trigger_controller_dag.py for tasks to queue
[2025-11-17T16:15:26.791+0000] {logging_mixin.py:188} INFO - [2025-11-17T16:15:26.791+0000] {dagbag.py:545} INFO - Filling up the DagBag from /usr/local/python/3.12.1/lib/python3.12/site-packages/airflow/example_dags/example_trigger_controller_dag.py
[2025-11-17T16:15:26.795+0000] {processor.py:840} INFO - DAG(s) 'example_trigger_controller_dag' retrieved from /usr/local/python/3.12.1/lib/python3.12/site-packages/airflow/example_dags/example_trigger_controller_dag.py
[2025-11-17T16:15:26.805+0000] {logging_mixin.py:188} INFO - [2025-11-17T16:15:26.805+0000] {dag.py:3096} INFO - Sync 1 DAGs
[2025-11-17T16:15:26.819+0000] {logging_mixin.py:188} INFO - [2025-11-17T16:15:26.819+0000] {dag.py:3954} INFO - Setting next_dagrun for example_trigger_controller_dag to 2021-01-01 00:00:00+00:00, run_after=2021-01-01 00:00:00+00:00
[2025-11-17T16:15:26.835+0000] {processor.py:183} INFO - Processing /usr/local/python/3.12.1/lib/python3.12/site-packages/airflow/example_dags/example_trigger_controller_dag.py took 0.050 seconds
[2025-11-17T16:16:18.392+0000] {processor.py:161} INFO - Started process (PID=52619) to work on /usr/local/python/3.12.1/lib/python3.12/site-packages/airflow/example_dags/example_trigger_controller_dag.py
[2025-11-17T16:16:18.393+0000] {processor.py:830} INFO - Processing file /usr/local/python/3.12.1/lib/python3.12/site-packages/airflow/example_dags/example_trigger_controller_dag.py for tasks to queue
[2025-11-17T16:16:18.394+0000] {logging_mixin.py:188} INFO - [2025-11-17T16:16:18.394+0000] {dagbag.py:545} INFO - Filling up the DagBag from /usr/local/python/3.12.1/lib/python3.12/site-packages/airflow/example_dags/example_trigger_controller_dag.py
[2025-11-17T16:16:18.398+0000] {processor.py:840} INFO - DAG(s) 'example_trigger_controller_dag' retrieved from /usr/local/python/3.12.1/lib/python3.12/site-packages/airflow/example_dags/example_trigger_controller_dag.py
[2025-11-17T16:16:18.409+0000] {logging_mixin.py:188} INFO - [2025-11-17T16:16:18.409+0000] {dag.py:3096} INFO - Sync 1 DAGs
[2025-11-17T16:16:18.423+0000] {logging_mixin.py:188} INFO - [2025-11-17T16:16:18.423+0000] {dag.py:3954} INFO - Setting next_dagrun for example_trigger_controller_dag to 2021-01-01 00:00:00+00:00, run_after=2021-01-01 00:00:00+00:00
[2025-11-17T16:16:18.439+0000] {processor.py:183} INFO - Processing /usr/local/python/3.12.1/lib/python3.12/site-packages/airflow/example_dags/example_trigger_controller_dag.py took 0.051 seconds
[2025-11-17T16:16:59.754+0000] {processor.py:161} INFO - Started process (PID=52937) to work on /usr/local/python/3.12.1/lib/python3.12/site-packages/airflow/example_dags/example_trigger_controller_dag.py
[2025-11-17T16:16:59.754+0000] {processor.py:830} INFO - Processing file /usr/local/python/3.12.1/lib/python3.12/site-packages/airflow/example_dags/example_trigger_controller_dag.py for tasks to queue
[2025-11-17T16:16:59.756+0000] {logging_mixin.py:188} INFO - [2025-11-17T16:16:59.755+0000] {dagbag.py:545} INFO - Filling up the DagBag from /usr/local/python/3.12.1/lib/python3.12/site-packages/airflow/example_dags/example_trigger_controller_dag.py
[2025-11-17T16:16:59.759+0000] {processor.py:840} INFO - DAG(s) 'example_trigger_controller_dag' retrieved from /usr/local/python/3.12.1/lib/python3.12/site-packages/airflow/example_dags/example_trigger_controller_dag.py
[2025-11-17T16:16:59.770+0000] {logging_mixin.py:188} INFO - [2025-11-17T16:16:59.770+0000] {dag.py:3096} INFO - Sync 1 DAGs
[2025-11-17T16:16:59.784+0000] {logging_mixin.py:188} INFO - [2025-11-17T16:16:59.784+0000] {dag.py:3954} INFO - Setting next_dagrun for example_trigger_controller_dag to 2021-01-01 00:00:00+00:00, run_after=2021-01-01 00:00:00+00:00
[2025-11-17T16:16:59.800+0000] {processor.py:183} INFO - Processing /usr/local/python/3.12.1/lib/python3.12/site-packages/airflow/example_dags/example_trigger_controller_dag.py took 0.051 seconds
[2025-11-17T16:17:56.248+0000] {processor.py:161} INFO - Started process (PID=53395) to work on /usr/local/python/3.12.1/lib/python3.12/site-packages/airflow/example_dags/example_trigger_controller_dag.py
[2025-11-17T16:17:56.249+0000] {processor.py:830} INFO - Processing file /usr/local/python/3.12.1/lib/python3.12/site-packages/airflow/example_dags/example_trigger_controller_dag.py for tasks to queue
[2025-11-17T16:17:56.250+0000] {logging_mixin.py:188} INFO - [2025-11-17T16:17:56.250+0000] {dagbag.py:545} INFO - Filling up the DagBag from /usr/local/python/3.12.1/lib/python3.12/site-packages/airflow/example_dags/example_trigger_controller_dag.py
[2025-11-17T16:17:56.254+0000] {processor.py:840} INFO - DAG(s) 'example_trigger_controller_dag' retrieved from /usr/local/python/3.12.1/lib/python3.12/site-packages/airflow/example_dags/example_trigger_controller_dag.py
[2025-11-17T16:17:56.265+0000] {logging_mixin.py:188} INFO - [2025-11-17T16:17:56.265+0000] {dag.py:3096} INFO - Sync 1 DAGs
[2025-11-17T16:17:56.278+0000] {logging_mixin.py:188} INFO - [2025-11-17T16:17:56.278+0000] {dag.py:3954} INFO - Setting next_dagrun for example_trigger_controller_dag to 2021-01-01 00:00:00+00:00, run_after=2021-01-01 00:00:00+00:00
[2025-11-17T16:17:56.295+0000] {processor.py:183} INFO - Processing /usr/local/python/3.12.1/lib/python3.12/site-packages/airflow/example_dags/example_trigger_controller_dag.py took 0.051 seconds
[2025-11-17T16:18:36.210+0000] {processor.py:161} INFO - Started process (PID=53704) to work on /usr/local/python/3.12.1/lib/python3.12/site-packages/airflow/example_dags/example_trigger_controller_dag.py
[2025-11-17T16:18:36.211+0000] {processor.py:830} INFO - Processing file /usr/local/python/3.12.1/lib/python3.12/site-packages/airflow/example_dags/example_trigger_controller_dag.py for tasks to queue
[2025-11-17T16:18:36.212+0000] {logging_mixin.py:188} INFO - [2025-11-17T16:18:36.212+0000] {dagbag.py:545} INFO - Filling up the DagBag from /usr/local/python/3.12.1/lib/python3.12/site-packages/airflow/example_dags/example_trigger_controller_dag.py
[2025-11-17T16:18:36.216+0000] {processor.py:840} INFO - DAG(s) 'example_trigger_controller_dag' retrieved from /usr/local/python/3.12.1/lib/python3.12/site-packages/airflow/example_dags/example_trigger_controller_dag.py
[2025-11-17T16:18:36.226+0000] {logging_mixin.py:188} INFO - [2025-11-17T16:18:36.226+0000] {dag.py:3096} INFO - Sync 1 DAGs
[2025-11-17T16:18:36.240+0000] {logging_mixin.py:188} INFO - [2025-11-17T16:18:36.240+0000] {dag.py:3954} INFO - Setting next_dagrun for example_trigger_controller_dag to 2021-01-01 00:00:00+00:00, run_after=2021-01-01 00:00:00+00:00
[2025-11-17T16:18:36.257+0000] {processor.py:183} INFO - Processing /usr/local/python/3.12.1/lib/python3.12/site-packages/airflow/example_dags/example_trigger_controller_dag.py took 0.051 seconds
[2025-11-17T16:19:15.884+0000] {processor.py:161} INFO - Started process (PID=54020) to work on /usr/local/python/3.12.1/lib/python3.12/site-packages/airflow/example_dags/example_trigger_controller_dag.py
[2025-11-17T16:19:15.884+0000] {processor.py:830} INFO - Processing file /usr/local/python/3.12.1/lib/python3.12/site-packages/airflow/example_dags/example_trigger_controller_dag.py for tasks to queue
[2025-11-17T16:19:15.885+0000] {logging_mixin.py:188} INFO - [2025-11-17T16:19:15.885+0000] {dagbag.py:545} INFO - Filling up the DagBag from /usr/local/python/3.12.1/lib/python3.12/site-packages/airflow/example_dags/example_trigger_controller_dag.py
[2025-11-17T16:19:15.889+0000] {processor.py:840} INFO - DAG(s) 'example_trigger_controller_dag' retrieved from /usr/local/python/3.12.1/lib/python3.12/site-packages/airflow/example_dags/example_trigger_controller_dag.py
[2025-11-17T16:19:15.900+0000] {logging_mixin.py:188} INFO - [2025-11-17T16:19:15.899+0000] {dag.py:3096} INFO - Sync 1 DAGs
[2025-11-17T16:19:15.913+0000] {logging_mixin.py:188} INFO - [2025-11-17T16:19:15.913+0000] {dag.py:3954} INFO - Setting next_dagrun for example_trigger_controller_dag to 2021-01-01 00:00:00+00:00, run_after=2021-01-01 00:00:00+00:00
[2025-11-17T16:19:15.930+0000] {processor.py:183} INFO - Processing /usr/local/python/3.12.1/lib/python3.12/site-packages/airflow/example_dags/example_trigger_controller_dag.py took 0.051 seconds
[2025-11-17T16:19:54.677+0000] {processor.py:161} INFO - Started process (PID=54329) to work on /usr/local/python/3.12.1/lib/python3.12/site-packages/airflow/example_dags/example_trigger_controller_dag.py
[2025-11-17T16:19:54.678+0000] {processor.py:830} INFO - Processing file /usr/local/python/3.12.1/lib/python3.12/site-packages/airflow/example_dags/example_trigger_controller_dag.py for tasks to queue
[2025-11-17T16:19:54.679+0000] {logging_mixin.py:188} INFO - [2025-11-17T16:19:54.679+0000] {dagbag.py:545} INFO - Filling up the DagBag from /usr/local/python/3.12.1/lib/python3.12/site-packages/airflow/example_dags/example_trigger_controller_dag.py
[2025-11-17T16:19:54.683+0000] {processor.py:840} INFO - DAG(s) 'example_trigger_controller_dag' retrieved from /usr/local/python/3.12.1/lib/python3.12/site-packages/airflow/example_dags/example_trigger_controller_dag.py
[2025-11-17T16:19:54.693+0000] {logging_mixin.py:188} INFO - [2025-11-17T16:19:54.693+0000] {dag.py:3096} INFO - Sync 1 DAGs
[2025-11-17T16:19:54.707+0000] {logging_mixin.py:188} INFO - [2025-11-17T16:19:54.707+0000] {dag.py:3954} INFO - Setting next_dagrun for example_trigger_controller_dag to 2021-01-01 00:00:00+00:00, run_after=2021-01-01 00:00:00+00:00
[2025-11-17T16:19:54.724+0000] {processor.py:183} INFO - Processing /usr/local/python/3.12.1/lib/python3.12/site-packages/airflow/example_dags/example_trigger_controller_dag.py took 0.051 seconds
[2025-11-17T16:20:33.644+0000] {processor.py:161} INFO - Started process (PID=54624) to work on /usr/local/python/3.12.1/lib/python3.12/site-packages/airflow/example_dags/example_trigger_controller_dag.py
[2025-11-17T16:20:33.645+0000] {processor.py:830} INFO - Processing file /usr/local/python/3.12.1/lib/python3.12/site-packages/airflow/example_dags/example_trigger_controller_dag.py for tasks to queue
[2025-11-17T16:20:33.646+0000] {logging_mixin.py:188} INFO - [2025-11-17T16:20:33.646+0000] {dagbag.py:545} INFO - Filling up the DagBag from /usr/local/python/3.12.1/lib/python3.12/site-packages/airflow/example_dags/example_trigger_controller_dag.py
[2025-11-17T16:20:33.650+0000] {processor.py:840} INFO - DAG(s) 'example_trigger_controller_dag' retrieved from /usr/local/python/3.12.1/lib/python3.12/site-packages/airflow/example_dags/example_trigger_controller_dag.py
[2025-11-17T16:20:33.660+0000] {logging_mixin.py:188} INFO - [2025-11-17T16:20:33.660+0000] {dag.py:3096} INFO - Sync 1 DAGs
[2025-11-17T16:20:33.674+0000] {logging_mixin.py:188} INFO - [2025-11-17T16:20:33.674+0000] {dag.py:3954} INFO - Setting next_dagrun for example_trigger_controller_dag to 2021-01-01 00:00:00+00:00, run_after=2021-01-01 00:00:00+00:00
[2025-11-17T16:20:33.690+0000] {processor.py:183} INFO - Processing /usr/local/python/3.12.1/lib/python3.12/site-packages/airflow/example_dags/example_trigger_controller_dag.py took 0.050 seconds
[2025-11-17T16:21:15.323+0000] {processor.py:161} INFO - Started process (PID=54989) to work on /usr/local/python/3.12.1/lib/python3.12/site-packages/airflow/example_dags/example_trigger_controller_dag.py
[2025-11-17T16:21:15.324+0000] {processor.py:830} INFO - Processing file /usr/local/python/3.12.1/lib/python3.12/site-packages/airflow/example_dags/example_trigger_controller_dag.py for tasks to queue
[2025-11-17T16:21:15.325+0000] {logging_mixin.py:188} INFO - [2025-11-17T16:21:15.325+0000] {dagbag.py:545} INFO - Filling up the DagBag from /usr/local/python/3.12.1/lib/python3.12/site-packages/airflow/example_dags/example_trigger_controller_dag.py
[2025-11-17T16:21:15.329+0000] {processor.py:840} INFO - DAG(s) 'example_trigger_controller_dag' retrieved from /usr/local/python/3.12.1/lib/python3.12/site-packages/airflow/example_dags/example_trigger_controller_dag.py
[2025-11-17T16:21:15.339+0000] {logging_mixin.py:188} INFO - [2025-11-17T16:21:15.339+0000] {dag.py:3096} INFO - Sync 1 DAGs
[2025-11-17T16:21:15.353+0000] {logging_mixin.py:188} INFO - [2025-11-17T16:21:15.353+0000] {dag.py:3954} INFO - Setting next_dagrun for example_trigger_controller_dag to 2021-01-01 00:00:00+00:00, run_after=2021-01-01 00:00:00+00:00
[2025-11-17T16:21:15.370+0000] {processor.py:183} INFO - Processing /usr/local/python/3.12.1/lib/python3.12/site-packages/airflow/example_dags/example_trigger_controller_dag.py took 0.051 seconds
[2025-11-17T16:21:54.686+0000] {processor.py:161} INFO - Started process (PID=55299) to work on /usr/local/python/3.12.1/lib/python3.12/site-packages/airflow/example_dags/example_trigger_controller_dag.py
[2025-11-17T16:21:54.687+0000] {processor.py:830} INFO - Processing file /usr/local/python/3.12.1/lib/python3.12/site-packages/airflow/example_dags/example_trigger_controller_dag.py for tasks to queue
[2025-11-17T16:21:54.689+0000] {logging_mixin.py:188} INFO - [2025-11-17T16:21:54.688+0000] {dagbag.py:545} INFO - Filling up the DagBag from /usr/local/python/3.12.1/lib/python3.12/site-packages/airflow/example_dags/example_trigger_controller_dag.py
[2025-11-17T16:21:54.692+0000] {processor.py:840} INFO - DAG(s) 'example_trigger_controller_dag' retrieved from /usr/local/python/3.12.1/lib/python3.12/site-packages/airflow/example_dags/example_trigger_controller_dag.py
[2025-11-17T16:21:54.704+0000] {logging_mixin.py:188} INFO - [2025-11-17T16:21:54.703+0000] {dag.py:3096} INFO - Sync 1 DAGs
[2025-11-17T16:21:54.718+0000] {logging_mixin.py:188} INFO - [2025-11-17T16:21:54.717+0000] {dag.py:3954} INFO - Setting next_dagrun for example_trigger_controller_dag to 2021-01-01 00:00:00+00:00, run_after=2021-01-01 00:00:00+00:00
[2025-11-17T16:21:54.734+0000] {processor.py:183} INFO - Processing /usr/local/python/3.12.1/lib/python3.12/site-packages/airflow/example_dags/example_trigger_controller_dag.py took 0.052 seconds
[2025-11-17T16:22:35.210+0000] {processor.py:161} INFO - Started process (PID=55624) to work on /usr/local/python/3.12.1/lib/python3.12/site-packages/airflow/example_dags/example_trigger_controller_dag.py
[2025-11-17T16:22:35.211+0000] {processor.py:830} INFO - Processing file /usr/local/python/3.12.1/lib/python3.12/site-packages/airflow/example_dags/example_trigger_controller_dag.py for tasks to queue
[2025-11-17T16:22:35.212+0000] {logging_mixin.py:188} INFO - [2025-11-17T16:22:35.212+0000] {dagbag.py:545} INFO - Filling up the DagBag from /usr/local/python/3.12.1/lib/python3.12/site-packages/airflow/example_dags/example_trigger_controller_dag.py
[2025-11-17T16:22:35.216+0000] {processor.py:840} INFO - DAG(s) 'example_trigger_controller_dag' retrieved from /usr/local/python/3.12.1/lib/python3.12/site-packages/airflow/example_dags/example_trigger_controller_dag.py
[2025-11-17T16:22:35.226+0000] {logging_mixin.py:188} INFO - [2025-11-17T16:22:35.226+0000] {dag.py:3096} INFO - Sync 1 DAGs
[2025-11-17T16:22:35.240+0000] {logging_mixin.py:188} INFO - [2025-11-17T16:22:35.240+0000] {dag.py:3954} INFO - Setting next_dagrun for example_trigger_controller_dag to 2021-01-01 00:00:00+00:00, run_after=2021-01-01 00:00:00+00:00
[2025-11-17T16:22:35.257+0000] {processor.py:183} INFO - Processing /usr/local/python/3.12.1/lib/python3.12/site-packages/airflow/example_dags/example_trigger_controller_dag.py took 0.052 seconds
[2025-11-17T16:23:15.689+0000] {processor.py:161} INFO - Started process (PID=55942) to work on /usr/local/python/3.12.1/lib/python3.12/site-packages/airflow/example_dags/example_trigger_controller_dag.py
[2025-11-17T16:23:15.690+0000] {processor.py:830} INFO - Processing file /usr/local/python/3.12.1/lib/python3.12/site-packages/airflow/example_dags/example_trigger_controller_dag.py for tasks to queue
[2025-11-17T16:23:15.691+0000] {logging_mixin.py:188} INFO - [2025-11-17T16:23:15.690+0000] {dagbag.py:545} INFO - Filling up the DagBag from /usr/local/python/3.12.1/lib/python3.12/site-packages/airflow/example_dags/example_trigger_controller_dag.py
[2025-11-17T16:23:15.694+0000] {processor.py:840} INFO - DAG(s) 'example_trigger_controller_dag' retrieved from /usr/local/python/3.12.1/lib/python3.12/site-packages/airflow/example_dags/example_trigger_controller_dag.py
[2025-11-17T16:23:15.705+0000] {logging_mixin.py:188} INFO - [2025-11-17T16:23:15.705+0000] {dag.py:3096} INFO - Sync 1 DAGs
[2025-11-17T16:23:15.723+0000] {logging_mixin.py:188} INFO - [2025-11-17T16:23:15.723+0000] {dag.py:3954} INFO - Setting next_dagrun for example_trigger_controller_dag to 2021-01-01 00:00:00+00:00, run_after=2021-01-01 00:00:00+00:00
[2025-11-17T16:23:15.739+0000] {processor.py:183} INFO - Processing /usr/local/python/3.12.1/lib/python3.12/site-packages/airflow/example_dags/example_trigger_controller_dag.py took 0.054 seconds
[2025-11-17T16:23:56.214+0000] {processor.py:161} INFO - Started process (PID=56266) to work on /usr/local/python/3.12.1/lib/python3.12/site-packages/airflow/example_dags/example_trigger_controller_dag.py
[2025-11-17T16:23:56.214+0000] {processor.py:830} INFO - Processing file /usr/local/python/3.12.1/lib/python3.12/site-packages/airflow/example_dags/example_trigger_controller_dag.py for tasks to queue
[2025-11-17T16:23:56.216+0000] {logging_mixin.py:188} INFO - [2025-11-17T16:23:56.216+0000] {dagbag.py:545} INFO - Filling up the DagBag from /usr/local/python/3.12.1/lib/python3.12/site-packages/airflow/example_dags/example_trigger_controller_dag.py
[2025-11-17T16:23:56.219+0000] {processor.py:840} INFO - DAG(s) 'example_trigger_controller_dag' retrieved from /usr/local/python/3.12.1/lib/python3.12/site-packages/airflow/example_dags/example_trigger_controller_dag.py
[2025-11-17T16:23:56.230+0000] {logging_mixin.py:188} INFO - [2025-11-17T16:23:56.229+0000] {dag.py:3096} INFO - Sync 1 DAGs
[2025-11-17T16:23:56.243+0000] {logging_mixin.py:188} INFO - [2025-11-17T16:23:56.243+0000] {dag.py:3954} INFO - Setting next_dagrun for example_trigger_controller_dag to 2021-01-01 00:00:00+00:00, run_after=2021-01-01 00:00:00+00:00
[2025-11-17T16:23:56.259+0000] {processor.py:183} INFO - Processing /usr/local/python/3.12.1/lib/python3.12/site-packages/airflow/example_dags/example_trigger_controller_dag.py took 0.050 seconds
[2025-11-17T16:24:37.887+0000] {processor.py:161} INFO - Started process (PID=56586) to work on /usr/local/python/3.12.1/lib/python3.12/site-packages/airflow/example_dags/example_trigger_controller_dag.py
[2025-11-17T16:24:37.888+0000] {processor.py:830} INFO - Processing file /usr/local/python/3.12.1/lib/python3.12/site-packages/airflow/example_dags/example_trigger_controller_dag.py for tasks to queue
[2025-11-17T16:24:37.889+0000] {logging_mixin.py:188} INFO - [2025-11-17T16:24:37.889+0000] {dagbag.py:545} INFO - Filling up the DagBag from /usr/local/python/3.12.1/lib/python3.12/site-packages/airflow/example_dags/example_trigger_controller_dag.py
[2025-11-17T16:24:37.893+0000] {processor.py:840} INFO - DAG(s) 'example_trigger_controller_dag' retrieved from /usr/local/python/3.12.1/lib/python3.12/site-packages/airflow/example_dags/example_trigger_controller_dag.py
[2025-11-17T16:24:37.904+0000] {logging_mixin.py:188} INFO - [2025-11-17T16:24:37.904+0000] {dag.py:3096} INFO - Sync 1 DAGs
[2025-11-17T16:24:37.917+0000] {logging_mixin.py:188} INFO - [2025-11-17T16:24:37.917+0000] {dag.py:3954} INFO - Setting next_dagrun for example_trigger_controller_dag to 2021-01-01 00:00:00+00:00, run_after=2021-01-01 00:00:00+00:00
[2025-11-17T16:24:37.934+0000] {processor.py:183} INFO - Processing /usr/local/python/3.12.1/lib/python3.12/site-packages/airflow/example_dags/example_trigger_controller_dag.py took 0.050 seconds
[2025-11-17T16:25:17.135+0000] {processor.py:161} INFO - Started process (PID=56897) to work on /usr/local/python/3.12.1/lib/python3.12/site-packages/airflow/example_dags/example_trigger_controller_dag.py
[2025-11-17T16:25:17.136+0000] {processor.py:830} INFO - Processing file /usr/local/python/3.12.1/lib/python3.12/site-packages/airflow/example_dags/example_trigger_controller_dag.py for tasks to queue
[2025-11-17T16:25:17.137+0000] {logging_mixin.py:188} INFO - [2025-11-17T16:25:17.137+0000] {dagbag.py:545} INFO - Filling up the DagBag from /usr/local/python/3.12.1/lib/python3.12/site-packages/airflow/example_dags/example_trigger_controller_dag.py
[2025-11-17T16:25:17.141+0000] {processor.py:840} INFO - DAG(s) 'example_trigger_controller_dag' retrieved from /usr/local/python/3.12.1/lib/python3.12/site-packages/airflow/example_dags/example_trigger_controller_dag.py
[2025-11-17T16:25:17.151+0000] {logging_mixin.py:188} INFO - [2025-11-17T16:25:17.151+0000] {dag.py:3096} INFO - Sync 1 DAGs
[2025-11-17T16:25:17.165+0000] {logging_mixin.py:188} INFO - [2025-11-17T16:25:17.165+0000] {dag.py:3954} INFO - Setting next_dagrun for example_trigger_controller_dag to 2021-01-01 00:00:00+00:00, run_after=2021-01-01 00:00:00+00:00
[2025-11-17T16:25:17.181+0000] {processor.py:183} INFO - Processing /usr/local/python/3.12.1/lib/python3.12/site-packages/airflow/example_dags/example_trigger_controller_dag.py took 0.049 seconds
[2025-11-17T16:25:56.573+0000] {processor.py:161} INFO - Started process (PID=57262) to work on /usr/local/python/3.12.1/lib/python3.12/site-packages/airflow/example_dags/example_trigger_controller_dag.py
[2025-11-17T16:25:56.574+0000] {processor.py:830} INFO - Processing file /usr/local/python/3.12.1/lib/python3.12/site-packages/airflow/example_dags/example_trigger_controller_dag.py for tasks to queue
[2025-11-17T16:25:56.575+0000] {logging_mixin.py:188} INFO - [2025-11-17T16:25:56.575+0000] {dagbag.py:545} INFO - Filling up the DagBag from /usr/local/python/3.12.1/lib/python3.12/site-packages/airflow/example_dags/example_trigger_controller_dag.py
[2025-11-17T16:25:56.579+0000] {processor.py:840} INFO - DAG(s) 'example_trigger_controller_dag' retrieved from /usr/local/python/3.12.1/lib/python3.12/site-packages/airflow/example_dags/example_trigger_controller_dag.py
[2025-11-17T16:25:56.590+0000] {logging_mixin.py:188} INFO - [2025-11-17T16:25:56.590+0000] {dag.py:3096} INFO - Sync 1 DAGs
[2025-11-17T16:25:56.605+0000] {logging_mixin.py:188} INFO - [2025-11-17T16:25:56.605+0000] {dag.py:3954} INFO - Setting next_dagrun for example_trigger_controller_dag to 2021-01-01 00:00:00+00:00, run_after=2021-01-01 00:00:00+00:00
[2025-11-17T16:25:56.622+0000] {processor.py:183} INFO - Processing /usr/local/python/3.12.1/lib/python3.12/site-packages/airflow/example_dags/example_trigger_controller_dag.py took 0.053 seconds
[2025-11-17T16:26:36.372+0000] {processor.py:161} INFO - Started process (PID=57573) to work on /usr/local/python/3.12.1/lib/python3.12/site-packages/airflow/example_dags/example_trigger_controller_dag.py
[2025-11-17T16:26:36.373+0000] {processor.py:830} INFO - Processing file /usr/local/python/3.12.1/lib/python3.12/site-packages/airflow/example_dags/example_trigger_controller_dag.py for tasks to queue
[2025-11-17T16:26:36.374+0000] {logging_mixin.py:188} INFO - [2025-11-17T16:26:36.373+0000] {dagbag.py:545} INFO - Filling up the DagBag from /usr/local/python/3.12.1/lib/python3.12/site-packages/airflow/example_dags/example_trigger_controller_dag.py
[2025-11-17T16:26:36.377+0000] {processor.py:840} INFO - DAG(s) 'example_trigger_controller_dag' retrieved from /usr/local/python/3.12.1/lib/python3.12/site-packages/airflow/example_dags/example_trigger_controller_dag.py
[2025-11-17T16:26:36.390+0000] {logging_mixin.py:188} INFO - [2025-11-17T16:26:36.389+0000] {dag.py:3096} INFO - Sync 1 DAGs
[2025-11-17T16:26:36.406+0000] {logging_mixin.py:188} INFO - [2025-11-17T16:26:36.406+0000] {dag.py:3954} INFO - Setting next_dagrun for example_trigger_controller_dag to 2021-01-01 00:00:00+00:00, run_after=2021-01-01 00:00:00+00:00
[2025-11-17T16:26:36.422+0000] {processor.py:183} INFO - Processing /usr/local/python/3.12.1/lib/python3.12/site-packages/airflow/example_dags/example_trigger_controller_dag.py took 0.054 seconds
[2025-11-17T16:27:18.191+0000] {processor.py:161} INFO - Started process (PID=57898) to work on /usr/local/python/3.12.1/lib/python3.12/site-packages/airflow/example_dags/example_trigger_controller_dag.py
[2025-11-17T16:27:18.192+0000] {processor.py:830} INFO - Processing file /usr/local/python/3.12.1/lib/python3.12/site-packages/airflow/example_dags/example_trigger_controller_dag.py for tasks to queue
[2025-11-17T16:27:18.193+0000] {logging_mixin.py:188} INFO - [2025-11-17T16:27:18.193+0000] {dagbag.py:545} INFO - Filling up the DagBag from /usr/local/python/3.12.1/lib/python3.12/site-packages/airflow/example_dags/example_trigger_controller_dag.py
[2025-11-17T16:27:18.197+0000] {processor.py:840} INFO - DAG(s) 'example_trigger_controller_dag' retrieved from /usr/local/python/3.12.1/lib/python3.12/site-packages/airflow/example_dags/example_trigger_controller_dag.py
[2025-11-17T16:27:18.207+0000] {logging_mixin.py:188} INFO - [2025-11-17T16:27:18.207+0000] {dag.py:3096} INFO - Sync 1 DAGs
[2025-11-17T16:27:18.220+0000] {logging_mixin.py:188} INFO - [2025-11-17T16:27:18.220+0000] {dag.py:3954} INFO - Setting next_dagrun for example_trigger_controller_dag to 2021-01-01 00:00:00+00:00, run_after=2021-01-01 00:00:00+00:00
[2025-11-17T16:27:18.237+0000] {processor.py:183} INFO - Processing /usr/local/python/3.12.1/lib/python3.12/site-packages/airflow/example_dags/example_trigger_controller_dag.py took 0.050 seconds
[2025-11-17T16:27:56.842+0000] {processor.py:161} INFO - Started process (PID=58207) to work on /usr/local/python/3.12.1/lib/python3.12/site-packages/airflow/example_dags/example_trigger_controller_dag.py
[2025-11-17T16:27:56.843+0000] {processor.py:830} INFO - Processing file /usr/local/python/3.12.1/lib/python3.12/site-packages/airflow/example_dags/example_trigger_controller_dag.py for tasks to queue
[2025-11-17T16:27:56.845+0000] {logging_mixin.py:188} INFO - [2025-11-17T16:27:56.844+0000] {dagbag.py:545} INFO - Filling up the DagBag from /usr/local/python/3.12.1/lib/python3.12/site-packages/airflow/example_dags/example_trigger_controller_dag.py
[2025-11-17T16:27:56.848+0000] {processor.py:840} INFO - DAG(s) 'example_trigger_controller_dag' retrieved from /usr/local/python/3.12.1/lib/python3.12/site-packages/airflow/example_dags/example_trigger_controller_dag.py
[2025-11-17T16:27:56.858+0000] {logging_mixin.py:188} INFO - [2025-11-17T16:27:56.858+0000] {dag.py:3096} INFO - Sync 1 DAGs
[2025-11-17T16:27:56.872+0000] {logging_mixin.py:188} INFO - [2025-11-17T16:27:56.872+0000] {dag.py:3954} INFO - Setting next_dagrun for example_trigger_controller_dag to 2021-01-01 00:00:00+00:00, run_after=2021-01-01 00:00:00+00:00
[2025-11-17T16:27:56.888+0000] {processor.py:183} INFO - Processing /usr/local/python/3.12.1/lib/python3.12/site-packages/airflow/example_dags/example_trigger_controller_dag.py took 0.050 seconds
[2025-11-17T16:28:51.572+0000] {processor.py:161} INFO - Started process (PID=58634) to work on /usr/local/python/3.12.1/lib/python3.12/site-packages/airflow/example_dags/example_trigger_controller_dag.py
[2025-11-17T16:28:51.572+0000] {processor.py:830} INFO - Processing file /usr/local/python/3.12.1/lib/python3.12/site-packages/airflow/example_dags/example_trigger_controller_dag.py for tasks to queue
[2025-11-17T16:28:51.574+0000] {logging_mixin.py:188} INFO - [2025-11-17T16:28:51.573+0000] {dagbag.py:545} INFO - Filling up the DagBag from /usr/local/python/3.12.1/lib/python3.12/site-packages/airflow/example_dags/example_trigger_controller_dag.py
[2025-11-17T16:28:51.577+0000] {processor.py:840} INFO - DAG(s) 'example_trigger_controller_dag' retrieved from /usr/local/python/3.12.1/lib/python3.12/site-packages/airflow/example_dags/example_trigger_controller_dag.py
[2025-11-17T16:28:51.587+0000] {logging_mixin.py:188} INFO - [2025-11-17T16:28:51.587+0000] {dag.py:3096} INFO - Sync 1 DAGs
[2025-11-17T16:28:51.601+0000] {logging_mixin.py:188} INFO - [2025-11-17T16:28:51.601+0000] {dag.py:3954} INFO - Setting next_dagrun for example_trigger_controller_dag to 2021-01-01 00:00:00+00:00, run_after=2021-01-01 00:00:00+00:00
[2025-11-17T16:28:51.618+0000] {processor.py:183} INFO - Processing /usr/local/python/3.12.1/lib/python3.12/site-packages/airflow/example_dags/example_trigger_controller_dag.py took 0.050 seconds
[2025-11-17T16:29:30.333+0000] {processor.py:161} INFO - Started process (PID=58942) to work on /usr/local/python/3.12.1/lib/python3.12/site-packages/airflow/example_dags/example_trigger_controller_dag.py
[2025-11-17T16:29:30.333+0000] {processor.py:830} INFO - Processing file /usr/local/python/3.12.1/lib/python3.12/site-packages/airflow/example_dags/example_trigger_controller_dag.py for tasks to queue
[2025-11-17T16:29:30.334+0000] {logging_mixin.py:188} INFO - [2025-11-17T16:29:30.334+0000] {dagbag.py:545} INFO - Filling up the DagBag from /usr/local/python/3.12.1/lib/python3.12/site-packages/airflow/example_dags/example_trigger_controller_dag.py
[2025-11-17T16:29:30.338+0000] {processor.py:840} INFO - DAG(s) 'example_trigger_controller_dag' retrieved from /usr/local/python/3.12.1/lib/python3.12/site-packages/airflow/example_dags/example_trigger_controller_dag.py
[2025-11-17T16:29:30.348+0000] {logging_mixin.py:188} INFO - [2025-11-17T16:29:30.348+0000] {dag.py:3096} INFO - Sync 1 DAGs
[2025-11-17T16:29:30.363+0000] {logging_mixin.py:188} INFO - [2025-11-17T16:29:30.363+0000] {dag.py:3954} INFO - Setting next_dagrun for example_trigger_controller_dag to 2021-01-01 00:00:00+00:00, run_after=2021-01-01 00:00:00+00:00
[2025-11-17T16:29:30.379+0000] {processor.py:183} INFO - Processing /usr/local/python/3.12.1/lib/python3.12/site-packages/airflow/example_dags/example_trigger_controller_dag.py took 0.050 seconds
[2025-11-17T16:30:09.440+0000] {processor.py:161} INFO - Started process (PID=59252) to work on /usr/local/python/3.12.1/lib/python3.12/site-packages/airflow/example_dags/example_trigger_controller_dag.py
[2025-11-17T16:30:09.441+0000] {processor.py:830} INFO - Processing file /usr/local/python/3.12.1/lib/python3.12/site-packages/airflow/example_dags/example_trigger_controller_dag.py for tasks to queue
[2025-11-17T16:30:09.442+0000] {logging_mixin.py:188} INFO - [2025-11-17T16:30:09.442+0000] {dagbag.py:545} INFO - Filling up the DagBag from /usr/local/python/3.12.1/lib/python3.12/site-packages/airflow/example_dags/example_trigger_controller_dag.py
[2025-11-17T16:30:09.446+0000] {processor.py:840} INFO - DAG(s) 'example_trigger_controller_dag' retrieved from /usr/local/python/3.12.1/lib/python3.12/site-packages/airflow/example_dags/example_trigger_controller_dag.py
[2025-11-17T16:30:09.456+0000] {logging_mixin.py:188} INFO - [2025-11-17T16:30:09.456+0000] {dag.py:3096} INFO - Sync 1 DAGs
[2025-11-17T16:30:09.470+0000] {logging_mixin.py:188} INFO - [2025-11-17T16:30:09.470+0000] {dag.py:3954} INFO - Setting next_dagrun for example_trigger_controller_dag to 2021-01-01 00:00:00+00:00, run_after=2021-01-01 00:00:00+00:00
[2025-11-17T16:30:09.486+0000] {processor.py:183} INFO - Processing /usr/local/python/3.12.1/lib/python3.12/site-packages/airflow/example_dags/example_trigger_controller_dag.py took 0.050 seconds
[2025-11-17T16:30:50.682+0000] {processor.py:161} INFO - Started process (PID=59573) to work on /usr/local/python/3.12.1/lib/python3.12/site-packages/airflow/example_dags/example_trigger_controller_dag.py
[2025-11-17T16:30:50.683+0000] {processor.py:830} INFO - Processing file /usr/local/python/3.12.1/lib/python3.12/site-packages/airflow/example_dags/example_trigger_controller_dag.py for tasks to queue
[2025-11-17T16:30:50.684+0000] {logging_mixin.py:188} INFO - [2025-11-17T16:30:50.684+0000] {dagbag.py:545} INFO - Filling up the DagBag from /usr/local/python/3.12.1/lib/python3.12/site-packages/airflow/example_dags/example_trigger_controller_dag.py
[2025-11-17T16:30:50.688+0000] {processor.py:840} INFO - DAG(s) 'example_trigger_controller_dag' retrieved from /usr/local/python/3.12.1/lib/python3.12/site-packages/airflow/example_dags/example_trigger_controller_dag.py
[2025-11-17T16:30:50.699+0000] {logging_mixin.py:188} INFO - [2025-11-17T16:30:50.699+0000] {dag.py:3096} INFO - Sync 1 DAGs
[2025-11-17T16:30:50.713+0000] {logging_mixin.py:188} INFO - [2025-11-17T16:30:50.713+0000] {dag.py:3954} INFO - Setting next_dagrun for example_trigger_controller_dag to 2021-01-01 00:00:00+00:00, run_after=2021-01-01 00:00:00+00:00
[2025-11-17T16:30:50.729+0000] {processor.py:183} INFO - Processing /usr/local/python/3.12.1/lib/python3.12/site-packages/airflow/example_dags/example_trigger_controller_dag.py took 0.051 seconds
[2025-11-17T16:31:29.396+0000] {processor.py:161} INFO - Started process (PID=59927) to work on /usr/local/python/3.12.1/lib/python3.12/site-packages/airflow/example_dags/example_trigger_controller_dag.py
[2025-11-17T16:31:29.397+0000] {processor.py:830} INFO - Processing file /usr/local/python/3.12.1/lib/python3.12/site-packages/airflow/example_dags/example_trigger_controller_dag.py for tasks to queue
[2025-11-17T16:31:29.398+0000] {logging_mixin.py:188} INFO - [2025-11-17T16:31:29.398+0000] {dagbag.py:545} INFO - Filling up the DagBag from /usr/local/python/3.12.1/lib/python3.12/site-packages/airflow/example_dags/example_trigger_controller_dag.py
[2025-11-17T16:31:29.402+0000] {processor.py:840} INFO - DAG(s) 'example_trigger_controller_dag' retrieved from /usr/local/python/3.12.1/lib/python3.12/site-packages/airflow/example_dags/example_trigger_controller_dag.py
[2025-11-17T16:31:29.412+0000] {logging_mixin.py:188} INFO - [2025-11-17T16:31:29.412+0000] {dag.py:3096} INFO - Sync 1 DAGs
[2025-11-17T16:31:29.426+0000] {logging_mixin.py:188} INFO - [2025-11-17T16:31:29.426+0000] {dag.py:3954} INFO - Setting next_dagrun for example_trigger_controller_dag to 2021-01-01 00:00:00+00:00, run_after=2021-01-01 00:00:00+00:00
[2025-11-17T16:31:29.442+0000] {processor.py:183} INFO - Processing /usr/local/python/3.12.1/lib/python3.12/site-packages/airflow/example_dags/example_trigger_controller_dag.py took 0.050 seconds
[2025-11-17T16:32:27.119+0000] {processor.py:161} INFO - Started process (PID=60381) to work on /usr/local/python/3.12.1/lib/python3.12/site-packages/airflow/example_dags/example_trigger_controller_dag.py
[2025-11-17T16:32:27.120+0000] {processor.py:830} INFO - Processing file /usr/local/python/3.12.1/lib/python3.12/site-packages/airflow/example_dags/example_trigger_controller_dag.py for tasks to queue
[2025-11-17T16:32:27.121+0000] {logging_mixin.py:188} INFO - [2025-11-17T16:32:27.121+0000] {dagbag.py:545} INFO - Filling up the DagBag from /usr/local/python/3.12.1/lib/python3.12/site-packages/airflow/example_dags/example_trigger_controller_dag.py
[2025-11-17T16:32:27.125+0000] {processor.py:840} INFO - DAG(s) 'example_trigger_controller_dag' retrieved from /usr/local/python/3.12.1/lib/python3.12/site-packages/airflow/example_dags/example_trigger_controller_dag.py
[2025-11-17T16:32:27.136+0000] {logging_mixin.py:188} INFO - [2025-11-17T16:32:27.135+0000] {dag.py:3096} INFO - Sync 1 DAGs
[2025-11-17T16:32:27.150+0000] {logging_mixin.py:188} INFO - [2025-11-17T16:32:27.150+0000] {dag.py:3954} INFO - Setting next_dagrun for example_trigger_controller_dag to 2021-01-01 00:00:00+00:00, run_after=2021-01-01 00:00:00+00:00
[2025-11-17T16:32:27.166+0000] {processor.py:183} INFO - Processing /usr/local/python/3.12.1/lib/python3.12/site-packages/airflow/example_dags/example_trigger_controller_dag.py took 0.051 seconds
[2025-11-17T16:33:09.813+0000] {processor.py:161} INFO - Started process (PID=60714) to work on /usr/local/python/3.12.1/lib/python3.12/site-packages/airflow/example_dags/example_trigger_controller_dag.py
[2025-11-17T16:33:09.814+0000] {processor.py:830} INFO - Processing file /usr/local/python/3.12.1/lib/python3.12/site-packages/airflow/example_dags/example_trigger_controller_dag.py for tasks to queue
[2025-11-17T16:33:09.815+0000] {logging_mixin.py:188} INFO - [2025-11-17T16:33:09.815+0000] {dagbag.py:545} INFO - Filling up the DagBag from /usr/local/python/3.12.1/lib/python3.12/site-packages/airflow/example_dags/example_trigger_controller_dag.py
[2025-11-17T16:33:09.819+0000] {processor.py:840} INFO - DAG(s) 'example_trigger_controller_dag' retrieved from /usr/local/python/3.12.1/lib/python3.12/site-packages/airflow/example_dags/example_trigger_controller_dag.py
[2025-11-17T16:33:09.831+0000] {logging_mixin.py:188} INFO - [2025-11-17T16:33:09.831+0000] {dag.py:3096} INFO - Sync 1 DAGs
[2025-11-17T16:33:09.848+0000] {logging_mixin.py:188} INFO - [2025-11-17T16:33:09.848+0000] {dag.py:3954} INFO - Setting next_dagrun for example_trigger_controller_dag to 2021-01-01 00:00:00+00:00, run_after=2021-01-01 00:00:00+00:00
[2025-11-17T16:33:09.866+0000] {processor.py:183} INFO - Processing /usr/local/python/3.12.1/lib/python3.12/site-packages/airflow/example_dags/example_trigger_controller_dag.py took 0.057 seconds
[2025-11-17T16:33:50.477+0000] {processor.py:161} INFO - Started process (PID=61032) to work on /usr/local/python/3.12.1/lib/python3.12/site-packages/airflow/example_dags/example_trigger_controller_dag.py
[2025-11-17T16:33:50.478+0000] {processor.py:830} INFO - Processing file /usr/local/python/3.12.1/lib/python3.12/site-packages/airflow/example_dags/example_trigger_controller_dag.py for tasks to queue
[2025-11-17T16:33:50.480+0000] {logging_mixin.py:188} INFO - [2025-11-17T16:33:50.479+0000] {dagbag.py:545} INFO - Filling up the DagBag from /usr/local/python/3.12.1/lib/python3.12/site-packages/airflow/example_dags/example_trigger_controller_dag.py
[2025-11-17T16:33:50.483+0000] {processor.py:840} INFO - DAG(s) 'example_trigger_controller_dag' retrieved from /usr/local/python/3.12.1/lib/python3.12/site-packages/airflow/example_dags/example_trigger_controller_dag.py
[2025-11-17T16:33:50.495+0000] {logging_mixin.py:188} INFO - [2025-11-17T16:33:50.494+0000] {dag.py:3096} INFO - Sync 1 DAGs
[2025-11-17T16:33:50.509+0000] {logging_mixin.py:188} INFO - [2025-11-17T16:33:50.509+0000] {dag.py:3954} INFO - Setting next_dagrun for example_trigger_controller_dag to 2021-01-01 00:00:00+00:00, run_after=2021-01-01 00:00:00+00:00
[2025-11-17T16:33:50.526+0000] {processor.py:183} INFO - Processing /usr/local/python/3.12.1/lib/python3.12/site-packages/airflow/example_dags/example_trigger_controller_dag.py took 0.053 seconds
[2025-11-17T16:34:29.493+0000] {processor.py:161} INFO - Started process (PID=61349) to work on /usr/local/python/3.12.1/lib/python3.12/site-packages/airflow/example_dags/example_trigger_controller_dag.py
[2025-11-17T16:34:29.494+0000] {processor.py:830} INFO - Processing file /usr/local/python/3.12.1/lib/python3.12/site-packages/airflow/example_dags/example_trigger_controller_dag.py for tasks to queue
[2025-11-17T16:34:29.495+0000] {logging_mixin.py:188} INFO - [2025-11-17T16:34:29.495+0000] {dagbag.py:545} INFO - Filling up the DagBag from /usr/local/python/3.12.1/lib/python3.12/site-packages/airflow/example_dags/example_trigger_controller_dag.py
[2025-11-17T16:34:29.499+0000] {processor.py:840} INFO - DAG(s) 'example_trigger_controller_dag' retrieved from /usr/local/python/3.12.1/lib/python3.12/site-packages/airflow/example_dags/example_trigger_controller_dag.py
[2025-11-17T16:34:29.509+0000] {logging_mixin.py:188} INFO - [2025-11-17T16:34:29.509+0000] {dag.py:3096} INFO - Sync 1 DAGs
[2025-11-17T16:34:29.524+0000] {logging_mixin.py:188} INFO - [2025-11-17T16:34:29.523+0000] {dag.py:3954} INFO - Setting next_dagrun for example_trigger_controller_dag to 2021-01-01 00:00:00+00:00, run_after=2021-01-01 00:00:00+00:00
[2025-11-17T16:34:29.540+0000] {processor.py:183} INFO - Processing /usr/local/python/3.12.1/lib/python3.12/site-packages/airflow/example_dags/example_trigger_controller_dag.py took 0.051 seconds
[2025-11-17T16:35:09.246+0000] {processor.py:161} INFO - Started process (PID=61659) to work on /usr/local/python/3.12.1/lib/python3.12/site-packages/airflow/example_dags/example_trigger_controller_dag.py
[2025-11-17T16:35:09.247+0000] {processor.py:830} INFO - Processing file /usr/local/python/3.12.1/lib/python3.12/site-packages/airflow/example_dags/example_trigger_controller_dag.py for tasks to queue
[2025-11-17T16:35:09.248+0000] {logging_mixin.py:188} INFO - [2025-11-17T16:35:09.248+0000] {dagbag.py:545} INFO - Filling up the DagBag from /usr/local/python/3.12.1/lib/python3.12/site-packages/airflow/example_dags/example_trigger_controller_dag.py
[2025-11-17T16:35:09.252+0000] {processor.py:840} INFO - DAG(s) 'example_trigger_controller_dag' retrieved from /usr/local/python/3.12.1/lib/python3.12/site-packages/airflow/example_dags/example_trigger_controller_dag.py
[2025-11-17T16:35:09.263+0000] {logging_mixin.py:188} INFO - [2025-11-17T16:35:09.263+0000] {dag.py:3096} INFO - Sync 1 DAGs
[2025-11-17T16:35:09.277+0000] {logging_mixin.py:188} INFO - [2025-11-17T16:35:09.277+0000] {dag.py:3954} INFO - Setting next_dagrun for example_trigger_controller_dag to 2021-01-01 00:00:00+00:00, run_after=2021-01-01 00:00:00+00:00
[2025-11-17T16:35:09.293+0000] {processor.py:183} INFO - Processing /usr/local/python/3.12.1/lib/python3.12/site-packages/airflow/example_dags/example_trigger_controller_dag.py took 0.051 seconds
[2025-11-17T16:36:00.704+0000] {processor.py:161} INFO - Started process (PID=62116) to work on /usr/local/python/3.12.1/lib/python3.12/site-packages/airflow/example_dags/example_trigger_controller_dag.py
[2025-11-17T16:36:00.705+0000] {processor.py:830} INFO - Processing file /usr/local/python/3.12.1/lib/python3.12/site-packages/airflow/example_dags/example_trigger_controller_dag.py for tasks to queue
[2025-11-17T16:36:00.706+0000] {logging_mixin.py:188} INFO - [2025-11-17T16:36:00.706+0000] {dagbag.py:545} INFO - Filling up the DagBag from /usr/local/python/3.12.1/lib/python3.12/site-packages/airflow/example_dags/example_trigger_controller_dag.py
[2025-11-17T16:36:00.710+0000] {processor.py:840} INFO - DAG(s) 'example_trigger_controller_dag' retrieved from /usr/local/python/3.12.1/lib/python3.12/site-packages/airflow/example_dags/example_trigger_controller_dag.py
[2025-11-17T16:36:00.721+0000] {logging_mixin.py:188} INFO - [2025-11-17T16:36:00.721+0000] {dag.py:3096} INFO - Sync 1 DAGs
[2025-11-17T16:36:00.736+0000] {logging_mixin.py:188} INFO - [2025-11-17T16:36:00.735+0000] {dag.py:3954} INFO - Setting next_dagrun for example_trigger_controller_dag to 2021-01-01 00:00:00+00:00, run_after=2021-01-01 00:00:00+00:00
[2025-11-17T16:36:00.753+0000] {processor.py:183} INFO - Processing /usr/local/python/3.12.1/lib/python3.12/site-packages/airflow/example_dags/example_trigger_controller_dag.py took 0.053 seconds
[2025-11-17T16:36:38.940+0000] {processor.py:161} INFO - Started process (PID=62399) to work on /usr/local/python/3.12.1/lib/python3.12/site-packages/airflow/example_dags/example_trigger_controller_dag.py
[2025-11-17T16:36:38.940+0000] {processor.py:830} INFO - Processing file /usr/local/python/3.12.1/lib/python3.12/site-packages/airflow/example_dags/example_trigger_controller_dag.py for tasks to queue
[2025-11-17T16:36:38.942+0000] {logging_mixin.py:188} INFO - [2025-11-17T16:36:38.941+0000] {dagbag.py:545} INFO - Filling up the DagBag from /usr/local/python/3.12.1/lib/python3.12/site-packages/airflow/example_dags/example_trigger_controller_dag.py
[2025-11-17T16:36:38.946+0000] {processor.py:840} INFO - DAG(s) 'example_trigger_controller_dag' retrieved from /usr/local/python/3.12.1/lib/python3.12/site-packages/airflow/example_dags/example_trigger_controller_dag.py
[2025-11-17T16:36:38.957+0000] {logging_mixin.py:188} INFO - [2025-11-17T16:36:38.957+0000] {dag.py:3096} INFO - Sync 1 DAGs
[2025-11-17T16:36:38.972+0000] {logging_mixin.py:188} INFO - [2025-11-17T16:36:38.972+0000] {dag.py:3954} INFO - Setting next_dagrun for example_trigger_controller_dag to 2021-01-01 00:00:00+00:00, run_after=2021-01-01 00:00:00+00:00
[2025-11-17T16:36:38.988+0000] {processor.py:183} INFO - Processing /usr/local/python/3.12.1/lib/python3.12/site-packages/airflow/example_dags/example_trigger_controller_dag.py took 0.053 seconds
[2025-11-17T16:37:19.920+0000] {processor.py:161} INFO - Started process (PID=62723) to work on /usr/local/python/3.12.1/lib/python3.12/site-packages/airflow/example_dags/example_trigger_controller_dag.py
[2025-11-17T16:37:19.920+0000] {processor.py:830} INFO - Processing file /usr/local/python/3.12.1/lib/python3.12/site-packages/airflow/example_dags/example_trigger_controller_dag.py for tasks to queue
[2025-11-17T16:37:19.921+0000] {logging_mixin.py:188} INFO - [2025-11-17T16:37:19.921+0000] {dagbag.py:545} INFO - Filling up the DagBag from /usr/local/python/3.12.1/lib/python3.12/site-packages/airflow/example_dags/example_trigger_controller_dag.py
[2025-11-17T16:37:19.925+0000] {processor.py:840} INFO - DAG(s) 'example_trigger_controller_dag' retrieved from /usr/local/python/3.12.1/lib/python3.12/site-packages/airflow/example_dags/example_trigger_controller_dag.py
[2025-11-17T16:37:19.936+0000] {logging_mixin.py:188} INFO - [2025-11-17T16:37:19.936+0000] {dag.py:3096} INFO - Sync 1 DAGs
[2025-11-17T16:37:19.950+0000] {logging_mixin.py:188} INFO - [2025-11-17T16:37:19.950+0000] {dag.py:3954} INFO - Setting next_dagrun for example_trigger_controller_dag to 2021-01-01 00:00:00+00:00, run_after=2021-01-01 00:00:00+00:00
[2025-11-17T16:37:19.967+0000] {processor.py:183} INFO - Processing /usr/local/python/3.12.1/lib/python3.12/site-packages/airflow/example_dags/example_trigger_controller_dag.py took 0.052 seconds
[2025-11-17T16:38:04.904+0000] {processor.py:161} INFO - Started process (PID=63306) to work on /usr/local/python/3.12.1/lib/python3.12/site-packages/airflow/example_dags/example_trigger_controller_dag.py
[2025-11-17T16:38:04.905+0000] {processor.py:830} INFO - Processing file /usr/local/python/3.12.1/lib/python3.12/site-packages/airflow/example_dags/example_trigger_controller_dag.py for tasks to queue
[2025-11-17T16:38:04.906+0000] {logging_mixin.py:188} INFO - [2025-11-17T16:38:04.906+0000] {dagbag.py:545} INFO - Filling up the DagBag from /usr/local/python/3.12.1/lib/python3.12/site-packages/airflow/example_dags/example_trigger_controller_dag.py
[2025-11-17T16:38:04.910+0000] {processor.py:840} INFO - DAG(s) 'example_trigger_controller_dag' retrieved from /usr/local/python/3.12.1/lib/python3.12/site-packages/airflow/example_dags/example_trigger_controller_dag.py
[2025-11-17T16:38:04.920+0000] {logging_mixin.py:188} INFO - [2025-11-17T16:38:04.920+0000] {dag.py:3096} INFO - Sync 1 DAGs
[2025-11-17T16:38:04.934+0000] {logging_mixin.py:188} INFO - [2025-11-17T16:38:04.934+0000] {dag.py:3954} INFO - Setting next_dagrun for example_trigger_controller_dag to 2021-01-01 00:00:00+00:00, run_after=2021-01-01 00:00:00+00:00
[2025-11-17T16:38:04.949+0000] {processor.py:183} INFO - Processing /usr/local/python/3.12.1/lib/python3.12/site-packages/airflow/example_dags/example_trigger_controller_dag.py took 0.050 seconds
[2025-11-17T16:38:46.465+0000] {processor.py:161} INFO - Started process (PID=63550) to work on /usr/local/python/3.12.1/lib/python3.12/site-packages/airflow/example_dags/example_trigger_controller_dag.py
[2025-11-17T16:38:46.466+0000] {processor.py:830} INFO - Processing file /usr/local/python/3.12.1/lib/python3.12/site-packages/airflow/example_dags/example_trigger_controller_dag.py for tasks to queue
[2025-11-17T16:38:46.467+0000] {logging_mixin.py:188} INFO - [2025-11-17T16:38:46.467+0000] {dagbag.py:545} INFO - Filling up the DagBag from /usr/local/python/3.12.1/lib/python3.12/site-packages/airflow/example_dags/example_trigger_controller_dag.py
[2025-11-17T16:38:46.471+0000] {processor.py:840} INFO - DAG(s) 'example_trigger_controller_dag' retrieved from /usr/local/python/3.12.1/lib/python3.12/site-packages/airflow/example_dags/example_trigger_controller_dag.py
[2025-11-17T16:38:46.481+0000] {logging_mixin.py:188} INFO - [2025-11-17T16:38:46.481+0000] {dag.py:3096} INFO - Sync 1 DAGs
[2025-11-17T16:38:46.495+0000] {logging_mixin.py:188} INFO - [2025-11-17T16:38:46.495+0000] {dag.py:3954} INFO - Setting next_dagrun for example_trigger_controller_dag to 2021-01-01 00:00:00+00:00, run_after=2021-01-01 00:00:00+00:00
[2025-11-17T16:38:46.511+0000] {processor.py:183} INFO - Processing /usr/local/python/3.12.1/lib/python3.12/site-packages/airflow/example_dags/example_trigger_controller_dag.py took 0.050 seconds
