[2025-11-17T15:42:13.226+0000] {processor.py:161} INFO - Started process (PID=27768) to work on /usr/local/python/3.12.1/lib/python3.12/site-packages/airflow/example_dags/example_time_delta_sensor_async.py
[2025-11-17T15:42:13.227+0000] {processor.py:830} INFO - Processing file /usr/local/python/3.12.1/lib/python3.12/site-packages/airflow/example_dags/example_time_delta_sensor_async.py for tasks to queue
[2025-11-17T15:42:13.229+0000] {logging_mixin.py:188} INFO - [2025-11-17T15:42:13.229+0000] {dagbag.py:545} INFO - Filling up the DagBag from /usr/local/python/3.12.1/lib/python3.12/site-packages/airflow/example_dags/example_time_delta_sensor_async.py
[2025-11-17T15:42:13.236+0000] {processor.py:840} INFO - DAG(s) 'example_time_delta_sensor_async' retrieved from /usr/local/python/3.12.1/lib/python3.12/site-packages/airflow/example_dags/example_time_delta_sensor_async.py
[2025-11-17T15:42:13.377+0000] {logging_mixin.py:188} INFO - [2025-11-17T15:42:13.376+0000] {override.py:1829} INFO - Created Permission View: can read on DAG:example_time_delta_sensor_async
[2025-11-17T15:42:13.386+0000] {logging_mixin.py:188} INFO - [2025-11-17T15:42:13.386+0000] {override.py:1829} INFO - Created Permission View: can edit on DAG:example_time_delta_sensor_async
[2025-11-17T15:42:13.394+0000] {logging_mixin.py:188} INFO - [2025-11-17T15:42:13.393+0000] {override.py:1829} INFO - Created Permission View: can delete on DAG:example_time_delta_sensor_async
[2025-11-17T15:42:13.394+0000] {logging_mixin.py:188} INFO - [2025-11-17T15:42:13.394+0000] {dag.py:3096} INFO - Sync 1 DAGs
[2025-11-17T15:42:13.404+0000] {logging_mixin.py:188} INFO - [2025-11-17T15:42:13.404+0000] {dag.py:3118} INFO - Creating ORM DAG for example_time_delta_sensor_async
[2025-11-17T15:42:13.405+0000] {logging_mixin.py:188} INFO - [2025-11-17T15:42:13.405+0000] {dag.py:3954} INFO - Setting next_dagrun for example_time_delta_sensor_async to None, run_after=None
[2025-11-17T15:42:13.422+0000] {processor.py:183} INFO - Processing /usr/local/python/3.12.1/lib/python3.12/site-packages/airflow/example_dags/example_time_delta_sensor_async.py took 0.202 seconds
[2025-11-17T15:43:08.709+0000] {processor.py:161} INFO - Started process (PID=28621) to work on /usr/local/python/3.12.1/lib/python3.12/site-packages/airflow/example_dags/example_time_delta_sensor_async.py
[2025-11-17T15:43:08.710+0000] {processor.py:830} INFO - Processing file /usr/local/python/3.12.1/lib/python3.12/site-packages/airflow/example_dags/example_time_delta_sensor_async.py for tasks to queue
[2025-11-17T15:43:08.712+0000] {logging_mixin.py:188} INFO - [2025-11-17T15:43:08.711+0000] {dagbag.py:545} INFO - Filling up the DagBag from /usr/local/python/3.12.1/lib/python3.12/site-packages/airflow/example_dags/example_time_delta_sensor_async.py
[2025-11-17T15:43:08.716+0000] {processor.py:840} INFO - DAG(s) 'example_time_delta_sensor_async' retrieved from /usr/local/python/3.12.1/lib/python3.12/site-packages/airflow/example_dags/example_time_delta_sensor_async.py
[2025-11-17T15:43:08.729+0000] {logging_mixin.py:188} INFO - [2025-11-17T15:43:08.729+0000] {dag.py:3096} INFO - Sync 1 DAGs
[2025-11-17T15:43:08.737+0000] {logging_mixin.py:188} INFO - [2025-11-17T15:43:08.737+0000] {dag.py:3954} INFO - Setting next_dagrun for example_time_delta_sensor_async to None, run_after=None
[2025-11-17T15:43:08.762+0000] {processor.py:183} INFO - Processing /usr/local/python/3.12.1/lib/python3.12/site-packages/airflow/example_dags/example_time_delta_sensor_async.py took 0.058 seconds
[2025-11-17T15:43:53.320+0000] {processor.py:161} INFO - Started process (PID=29431) to work on /usr/local/python/3.12.1/lib/python3.12/site-packages/airflow/example_dags/example_time_delta_sensor_async.py
[2025-11-17T15:43:53.321+0000] {processor.py:830} INFO - Processing file /usr/local/python/3.12.1/lib/python3.12/site-packages/airflow/example_dags/example_time_delta_sensor_async.py for tasks to queue
[2025-11-17T15:43:53.323+0000] {logging_mixin.py:188} INFO - [2025-11-17T15:43:53.322+0000] {dagbag.py:545} INFO - Filling up the DagBag from /usr/local/python/3.12.1/lib/python3.12/site-packages/airflow/example_dags/example_time_delta_sensor_async.py
[2025-11-17T15:43:53.326+0000] {processor.py:840} INFO - DAG(s) 'example_time_delta_sensor_async' retrieved from /usr/local/python/3.12.1/lib/python3.12/site-packages/airflow/example_dags/example_time_delta_sensor_async.py
[2025-11-17T15:43:53.337+0000] {logging_mixin.py:188} INFO - [2025-11-17T15:43:53.337+0000] {dag.py:3096} INFO - Sync 1 DAGs
[2025-11-17T15:43:53.345+0000] {logging_mixin.py:188} INFO - [2025-11-17T15:43:53.345+0000] {dag.py:3954} INFO - Setting next_dagrun for example_time_delta_sensor_async to None, run_after=None
[2025-11-17T15:43:53.361+0000] {processor.py:183} INFO - Processing /usr/local/python/3.12.1/lib/python3.12/site-packages/airflow/example_dags/example_time_delta_sensor_async.py took 0.045 seconds
[2025-11-17T15:44:42.437+0000] {processor.py:161} INFO - Started process (PID=29920) to work on /usr/local/python/3.12.1/lib/python3.12/site-packages/airflow/example_dags/example_time_delta_sensor_async.py
[2025-11-17T15:44:42.438+0000] {processor.py:830} INFO - Processing file /usr/local/python/3.12.1/lib/python3.12/site-packages/airflow/example_dags/example_time_delta_sensor_async.py for tasks to queue
[2025-11-17T15:44:42.439+0000] {logging_mixin.py:188} INFO - [2025-11-17T15:44:42.439+0000] {dagbag.py:545} INFO - Filling up the DagBag from /usr/local/python/3.12.1/lib/python3.12/site-packages/airflow/example_dags/example_time_delta_sensor_async.py
[2025-11-17T15:44:42.442+0000] {processor.py:840} INFO - DAG(s) 'example_time_delta_sensor_async' retrieved from /usr/local/python/3.12.1/lib/python3.12/site-packages/airflow/example_dags/example_time_delta_sensor_async.py
[2025-11-17T15:44:42.453+0000] {logging_mixin.py:188} INFO - [2025-11-17T15:44:42.453+0000] {dag.py:3096} INFO - Sync 1 DAGs
[2025-11-17T15:44:42.461+0000] {logging_mixin.py:188} INFO - [2025-11-17T15:44:42.461+0000] {dag.py:3954} INFO - Setting next_dagrun for example_time_delta_sensor_async to None, run_after=None
[2025-11-17T15:44:42.478+0000] {processor.py:183} INFO - Processing /usr/local/python/3.12.1/lib/python3.12/site-packages/airflow/example_dags/example_time_delta_sensor_async.py took 0.045 seconds
[2025-11-17T15:45:22.850+0000] {processor.py:161} INFO - Started process (PID=30769) to work on /usr/local/python/3.12.1/lib/python3.12/site-packages/airflow/example_dags/example_time_delta_sensor_async.py
[2025-11-17T15:45:22.850+0000] {processor.py:830} INFO - Processing file /usr/local/python/3.12.1/lib/python3.12/site-packages/airflow/example_dags/example_time_delta_sensor_async.py for tasks to queue
[2025-11-17T15:45:22.852+0000] {logging_mixin.py:188} INFO - [2025-11-17T15:45:22.851+0000] {dagbag.py:545} INFO - Filling up the DagBag from /usr/local/python/3.12.1/lib/python3.12/site-packages/airflow/example_dags/example_time_delta_sensor_async.py
[2025-11-17T15:45:22.855+0000] {processor.py:840} INFO - DAG(s) 'example_time_delta_sensor_async' retrieved from /usr/local/python/3.12.1/lib/python3.12/site-packages/airflow/example_dags/example_time_delta_sensor_async.py
[2025-11-17T15:45:22.866+0000] {logging_mixin.py:188} INFO - [2025-11-17T15:45:22.866+0000] {dag.py:3096} INFO - Sync 1 DAGs
[2025-11-17T15:45:22.875+0000] {logging_mixin.py:188} INFO - [2025-11-17T15:45:22.875+0000] {dag.py:3954} INFO - Setting next_dagrun for example_time_delta_sensor_async to None, run_after=None
[2025-11-17T15:45:22.899+0000] {processor.py:183} INFO - Processing /usr/local/python/3.12.1/lib/python3.12/site-packages/airflow/example_dags/example_time_delta_sensor_async.py took 0.053 seconds
[2025-11-17T16:00:51.083+0000] {processor.py:161} INFO - Started process (PID=40730) to work on /usr/local/python/3.12.1/lib/python3.12/site-packages/airflow/example_dags/example_time_delta_sensor_async.py
[2025-11-17T16:00:51.084+0000] {processor.py:830} INFO - Processing file /usr/local/python/3.12.1/lib/python3.12/site-packages/airflow/example_dags/example_time_delta_sensor_async.py for tasks to queue
[2025-11-17T16:00:51.085+0000] {logging_mixin.py:188} INFO - [2025-11-17T16:00:51.085+0000] {dagbag.py:545} INFO - Filling up the DagBag from /usr/local/python/3.12.1/lib/python3.12/site-packages/airflow/example_dags/example_time_delta_sensor_async.py
[2025-11-17T16:00:51.090+0000] {processor.py:840} INFO - DAG(s) 'example_time_delta_sensor_async' retrieved from /usr/local/python/3.12.1/lib/python3.12/site-packages/airflow/example_dags/example_time_delta_sensor_async.py
[2025-11-17T16:00:51.106+0000] {logging_mixin.py:188} INFO - [2025-11-17T16:00:51.106+0000] {dag.py:3096} INFO - Sync 1 DAGs
[2025-11-17T16:00:51.115+0000] {logging_mixin.py:188} INFO - [2025-11-17T16:00:51.115+0000] {dag.py:3954} INFO - Setting next_dagrun for example_time_delta_sensor_async to None, run_after=None
[2025-11-17T16:00:51.132+0000] {processor.py:183} INFO - Processing /usr/local/python/3.12.1/lib/python3.12/site-packages/airflow/example_dags/example_time_delta_sensor_async.py took 0.053 seconds
[2025-11-17T16:01:40.838+0000] {processor.py:161} INFO - Started process (PID=41442) to work on /usr/local/python/3.12.1/lib/python3.12/site-packages/airflow/example_dags/example_time_delta_sensor_async.py
[2025-11-17T16:01:40.838+0000] {processor.py:830} INFO - Processing file /usr/local/python/3.12.1/lib/python3.12/site-packages/airflow/example_dags/example_time_delta_sensor_async.py for tasks to queue
[2025-11-17T16:01:40.840+0000] {logging_mixin.py:188} INFO - [2025-11-17T16:01:40.839+0000] {dagbag.py:545} INFO - Filling up the DagBag from /usr/local/python/3.12.1/lib/python3.12/site-packages/airflow/example_dags/example_time_delta_sensor_async.py
[2025-11-17T16:01:40.843+0000] {processor.py:840} INFO - DAG(s) 'example_time_delta_sensor_async' retrieved from /usr/local/python/3.12.1/lib/python3.12/site-packages/airflow/example_dags/example_time_delta_sensor_async.py
[2025-11-17T16:01:40.862+0000] {logging_mixin.py:188} INFO - [2025-11-17T16:01:40.862+0000] {dag.py:3096} INFO - Sync 1 DAGs
[2025-11-17T16:01:40.876+0000] {logging_mixin.py:188} INFO - [2025-11-17T16:01:40.875+0000] {dag.py:3954} INFO - Setting next_dagrun for example_time_delta_sensor_async to None, run_after=None
[2025-11-17T16:01:40.893+0000] {processor.py:183} INFO - Processing /usr/local/python/3.12.1/lib/python3.12/site-packages/airflow/example_dags/example_time_delta_sensor_async.py took 0.059 seconds
[2025-11-17T16:02:32.000+0000] {processor.py:161} INFO - Started process (PID=42092) to work on /usr/local/python/3.12.1/lib/python3.12/site-packages/airflow/example_dags/example_time_delta_sensor_async.py
[2025-11-17T16:02:32.000+0000] {processor.py:830} INFO - Processing file /usr/local/python/3.12.1/lib/python3.12/site-packages/airflow/example_dags/example_time_delta_sensor_async.py for tasks to queue
[2025-11-17T16:02:32.002+0000] {logging_mixin.py:188} INFO - [2025-11-17T16:02:32.001+0000] {dagbag.py:545} INFO - Filling up the DagBag from /usr/local/python/3.12.1/lib/python3.12/site-packages/airflow/example_dags/example_time_delta_sensor_async.py
[2025-11-17T16:02:32.005+0000] {processor.py:840} INFO - DAG(s) 'example_time_delta_sensor_async' retrieved from /usr/local/python/3.12.1/lib/python3.12/site-packages/airflow/example_dags/example_time_delta_sensor_async.py
[2025-11-17T16:02:32.016+0000] {logging_mixin.py:188} INFO - [2025-11-17T16:02:32.016+0000] {dag.py:3096} INFO - Sync 1 DAGs
[2025-11-17T16:02:32.025+0000] {logging_mixin.py:188} INFO - [2025-11-17T16:02:32.025+0000] {dag.py:3954} INFO - Setting next_dagrun for example_time_delta_sensor_async to None, run_after=None
[2025-11-17T16:02:32.042+0000] {processor.py:183} INFO - Processing /usr/local/python/3.12.1/lib/python3.12/site-packages/airflow/example_dags/example_time_delta_sensor_async.py took 0.047 seconds
[2025-11-17T16:03:14.979+0000] {processor.py:161} INFO - Started process (PID=42641) to work on /usr/local/python/3.12.1/lib/python3.12/site-packages/airflow/example_dags/example_time_delta_sensor_async.py
[2025-11-17T16:03:14.980+0000] {processor.py:830} INFO - Processing file /usr/local/python/3.12.1/lib/python3.12/site-packages/airflow/example_dags/example_time_delta_sensor_async.py for tasks to queue
[2025-11-17T16:03:14.981+0000] {logging_mixin.py:188} INFO - [2025-11-17T16:03:14.981+0000] {dagbag.py:545} INFO - Filling up the DagBag from /usr/local/python/3.12.1/lib/python3.12/site-packages/airflow/example_dags/example_time_delta_sensor_async.py
[2025-11-17T16:03:14.985+0000] {processor.py:840} INFO - DAG(s) 'example_time_delta_sensor_async' retrieved from /usr/local/python/3.12.1/lib/python3.12/site-packages/airflow/example_dags/example_time_delta_sensor_async.py
[2025-11-17T16:03:14.996+0000] {logging_mixin.py:188} INFO - [2025-11-17T16:03:14.996+0000] {dag.py:3096} INFO - Sync 1 DAGs
[2025-11-17T16:03:15.005+0000] {logging_mixin.py:188} INFO - [2025-11-17T16:03:15.004+0000] {dag.py:3954} INFO - Setting next_dagrun for example_time_delta_sensor_async to None, run_after=None
[2025-11-17T16:03:15.020+0000] {processor.py:183} INFO - Processing /usr/local/python/3.12.1/lib/python3.12/site-packages/airflow/example_dags/example_time_delta_sensor_async.py took 0.047 seconds
[2025-11-17T16:03:55.423+0000] {processor.py:161} INFO - Started process (PID=43150) to work on /usr/local/python/3.12.1/lib/python3.12/site-packages/airflow/example_dags/example_time_delta_sensor_async.py
[2025-11-17T16:03:55.424+0000] {processor.py:830} INFO - Processing file /usr/local/python/3.12.1/lib/python3.12/site-packages/airflow/example_dags/example_time_delta_sensor_async.py for tasks to queue
[2025-11-17T16:03:55.426+0000] {logging_mixin.py:188} INFO - [2025-11-17T16:03:55.426+0000] {dagbag.py:545} INFO - Filling up the DagBag from /usr/local/python/3.12.1/lib/python3.12/site-packages/airflow/example_dags/example_time_delta_sensor_async.py
[2025-11-17T16:03:55.431+0000] {processor.py:840} INFO - DAG(s) 'example_time_delta_sensor_async' retrieved from /usr/local/python/3.12.1/lib/python3.12/site-packages/airflow/example_dags/example_time_delta_sensor_async.py
[2025-11-17T16:03:55.449+0000] {logging_mixin.py:188} INFO - [2025-11-17T16:03:55.448+0000] {dag.py:3096} INFO - Sync 1 DAGs
[2025-11-17T16:03:55.466+0000] {logging_mixin.py:188} INFO - [2025-11-17T16:03:55.466+0000] {dag.py:3954} INFO - Setting next_dagrun for example_time_delta_sensor_async to None, run_after=None
[2025-11-17T16:03:55.484+0000] {processor.py:183} INFO - Processing /usr/local/python/3.12.1/lib/python3.12/site-packages/airflow/example_dags/example_time_delta_sensor_async.py took 0.067 seconds
[2025-11-17T16:04:38.368+0000] {processor.py:161} INFO - Started process (PID=43696) to work on /usr/local/python/3.12.1/lib/python3.12/site-packages/airflow/example_dags/example_time_delta_sensor_async.py
[2025-11-17T16:04:38.368+0000] {processor.py:830} INFO - Processing file /usr/local/python/3.12.1/lib/python3.12/site-packages/airflow/example_dags/example_time_delta_sensor_async.py for tasks to queue
[2025-11-17T16:04:38.370+0000] {logging_mixin.py:188} INFO - [2025-11-17T16:04:38.369+0000] {dagbag.py:545} INFO - Filling up the DagBag from /usr/local/python/3.12.1/lib/python3.12/site-packages/airflow/example_dags/example_time_delta_sensor_async.py
[2025-11-17T16:04:38.373+0000] {processor.py:840} INFO - DAG(s) 'example_time_delta_sensor_async' retrieved from /usr/local/python/3.12.1/lib/python3.12/site-packages/airflow/example_dags/example_time_delta_sensor_async.py
[2025-11-17T16:04:38.384+0000] {logging_mixin.py:188} INFO - [2025-11-17T16:04:38.384+0000] {dag.py:3096} INFO - Sync 1 DAGs
[2025-11-17T16:04:38.393+0000] {logging_mixin.py:188} INFO - [2025-11-17T16:04:38.392+0000] {dag.py:3954} INFO - Setting next_dagrun for example_time_delta_sensor_async to None, run_after=None
[2025-11-17T16:04:38.410+0000] {processor.py:183} INFO - Processing /usr/local/python/3.12.1/lib/python3.12/site-packages/airflow/example_dags/example_time_delta_sensor_async.py took 0.046 seconds
[2025-11-17T16:06:06.521+0000] {processor.py:161} INFO - Started process (PID=44883) to work on /usr/local/python/3.12.1/lib/python3.12/site-packages/airflow/example_dags/example_time_delta_sensor_async.py
[2025-11-17T16:06:06.522+0000] {processor.py:830} INFO - Processing file /usr/local/python/3.12.1/lib/python3.12/site-packages/airflow/example_dags/example_time_delta_sensor_async.py for tasks to queue
[2025-11-17T16:06:06.524+0000] {logging_mixin.py:188} INFO - [2025-11-17T16:06:06.524+0000] {dagbag.py:545} INFO - Filling up the DagBag from /usr/local/python/3.12.1/lib/python3.12/site-packages/airflow/example_dags/example_time_delta_sensor_async.py
[2025-11-17T16:06:06.531+0000] {processor.py:840} INFO - DAG(s) 'example_time_delta_sensor_async' retrieved from /usr/local/python/3.12.1/lib/python3.12/site-packages/airflow/example_dags/example_time_delta_sensor_async.py
[2025-11-17T16:06:06.548+0000] {logging_mixin.py:188} INFO - [2025-11-17T16:06:06.548+0000] {dag.py:3096} INFO - Sync 1 DAGs
[2025-11-17T16:06:06.556+0000] {logging_mixin.py:188} INFO - [2025-11-17T16:06:06.556+0000] {dag.py:3954} INFO - Setting next_dagrun for example_time_delta_sensor_async to None, run_after=None
[2025-11-17T16:06:06.573+0000] {processor.py:183} INFO - Processing /usr/local/python/3.12.1/lib/python3.12/site-packages/airflow/example_dags/example_time_delta_sensor_async.py took 0.057 seconds
[2025-11-17T16:06:58.614+0000] {processor.py:161} INFO - Started process (PID=46283) to work on /usr/local/python/3.12.1/lib/python3.12/site-packages/airflow/example_dags/example_time_delta_sensor_async.py
[2025-11-17T16:06:58.615+0000] {processor.py:830} INFO - Processing file /usr/local/python/3.12.1/lib/python3.12/site-packages/airflow/example_dags/example_time_delta_sensor_async.py for tasks to queue
[2025-11-17T16:06:58.616+0000] {logging_mixin.py:188} INFO - [2025-11-17T16:06:58.616+0000] {dagbag.py:545} INFO - Filling up the DagBag from /usr/local/python/3.12.1/lib/python3.12/site-packages/airflow/example_dags/example_time_delta_sensor_async.py
[2025-11-17T16:06:58.623+0000] {processor.py:840} INFO - DAG(s) 'example_time_delta_sensor_async' retrieved from /usr/local/python/3.12.1/lib/python3.12/site-packages/airflow/example_dags/example_time_delta_sensor_async.py
[2025-11-17T16:06:58.639+0000] {logging_mixin.py:188} INFO - [2025-11-17T16:06:58.639+0000] {dag.py:3096} INFO - Sync 1 DAGs
[2025-11-17T16:06:58.653+0000] {logging_mixin.py:188} INFO - [2025-11-17T16:06:58.652+0000] {dag.py:3954} INFO - Setting next_dagrun for example_time_delta_sensor_async to None, run_after=None
[2025-11-17T16:06:58.677+0000] {processor.py:183} INFO - Processing /usr/local/python/3.12.1/lib/python3.12/site-packages/airflow/example_dags/example_time_delta_sensor_async.py took 0.067 seconds
[2025-11-17T16:07:47.808+0000] {processor.py:161} INFO - Started process (PID=47012) to work on /usr/local/python/3.12.1/lib/python3.12/site-packages/airflow/example_dags/example_time_delta_sensor_async.py
[2025-11-17T16:07:47.809+0000] {processor.py:830} INFO - Processing file /usr/local/python/3.12.1/lib/python3.12/site-packages/airflow/example_dags/example_time_delta_sensor_async.py for tasks to queue
[2025-11-17T16:07:47.810+0000] {logging_mixin.py:188} INFO - [2025-11-17T16:07:47.810+0000] {dagbag.py:545} INFO - Filling up the DagBag from /usr/local/python/3.12.1/lib/python3.12/site-packages/airflow/example_dags/example_time_delta_sensor_async.py
[2025-11-17T16:07:47.814+0000] {processor.py:840} INFO - DAG(s) 'example_time_delta_sensor_async' retrieved from /usr/local/python/3.12.1/lib/python3.12/site-packages/airflow/example_dags/example_time_delta_sensor_async.py
[2025-11-17T16:07:47.825+0000] {logging_mixin.py:188} INFO - [2025-11-17T16:07:47.825+0000] {dag.py:3096} INFO - Sync 1 DAGs
[2025-11-17T16:07:47.833+0000] {logging_mixin.py:188} INFO - [2025-11-17T16:07:47.833+0000] {dag.py:3954} INFO - Setting next_dagrun for example_time_delta_sensor_async to None, run_after=None
[2025-11-17T16:07:47.849+0000] {processor.py:183} INFO - Processing /usr/local/python/3.12.1/lib/python3.12/site-packages/airflow/example_dags/example_time_delta_sensor_async.py took 0.045 seconds
[2025-11-17T16:08:30.167+0000] {processor.py:161} INFO - Started process (PID=47590) to work on /usr/local/python/3.12.1/lib/python3.12/site-packages/airflow/example_dags/example_time_delta_sensor_async.py
[2025-11-17T16:08:30.168+0000] {processor.py:830} INFO - Processing file /usr/local/python/3.12.1/lib/python3.12/site-packages/airflow/example_dags/example_time_delta_sensor_async.py for tasks to queue
[2025-11-17T16:08:30.169+0000] {logging_mixin.py:188} INFO - [2025-11-17T16:08:30.169+0000] {dagbag.py:545} INFO - Filling up the DagBag from /usr/local/python/3.12.1/lib/python3.12/site-packages/airflow/example_dags/example_time_delta_sensor_async.py
[2025-11-17T16:08:30.173+0000] {processor.py:840} INFO - DAG(s) 'example_time_delta_sensor_async' retrieved from /usr/local/python/3.12.1/lib/python3.12/site-packages/airflow/example_dags/example_time_delta_sensor_async.py
[2025-11-17T16:08:30.184+0000] {logging_mixin.py:188} INFO - [2025-11-17T16:08:30.184+0000] {dag.py:3096} INFO - Sync 1 DAGs
[2025-11-17T16:08:30.193+0000] {logging_mixin.py:188} INFO - [2025-11-17T16:08:30.192+0000] {dag.py:3954} INFO - Setting next_dagrun for example_time_delta_sensor_async to None, run_after=None
[2025-11-17T16:08:30.209+0000] {processor.py:183} INFO - Processing /usr/local/python/3.12.1/lib/python3.12/site-packages/airflow/example_dags/example_time_delta_sensor_async.py took 0.045 seconds
[2025-11-17T16:09:10.704+0000] {processor.py:161} INFO - Started process (PID=48154) to work on /usr/local/python/3.12.1/lib/python3.12/site-packages/airflow/example_dags/example_time_delta_sensor_async.py
[2025-11-17T16:09:10.705+0000] {processor.py:830} INFO - Processing file /usr/local/python/3.12.1/lib/python3.12/site-packages/airflow/example_dags/example_time_delta_sensor_async.py for tasks to queue
[2025-11-17T16:09:10.706+0000] {logging_mixin.py:188} INFO - [2025-11-17T16:09:10.706+0000] {dagbag.py:545} INFO - Filling up the DagBag from /usr/local/python/3.12.1/lib/python3.12/site-packages/airflow/example_dags/example_time_delta_sensor_async.py
[2025-11-17T16:09:10.709+0000] {processor.py:840} INFO - DAG(s) 'example_time_delta_sensor_async' retrieved from /usr/local/python/3.12.1/lib/python3.12/site-packages/airflow/example_dags/example_time_delta_sensor_async.py
[2025-11-17T16:09:10.721+0000] {logging_mixin.py:188} INFO - [2025-11-17T16:09:10.721+0000] {dag.py:3096} INFO - Sync 1 DAGs
[2025-11-17T16:09:10.730+0000] {logging_mixin.py:188} INFO - [2025-11-17T16:09:10.730+0000] {dag.py:3954} INFO - Setting next_dagrun for example_time_delta_sensor_async to None, run_after=None
[2025-11-17T16:09:10.748+0000] {processor.py:183} INFO - Processing /usr/local/python/3.12.1/lib/python3.12/site-packages/airflow/example_dags/example_time_delta_sensor_async.py took 0.048 seconds
[2025-11-17T16:09:51.787+0000] {processor.py:161} INFO - Started process (PID=48902) to work on /usr/local/python/3.12.1/lib/python3.12/site-packages/airflow/example_dags/example_time_delta_sensor_async.py
[2025-11-17T16:09:51.788+0000] {processor.py:830} INFO - Processing file /usr/local/python/3.12.1/lib/python3.12/site-packages/airflow/example_dags/example_time_delta_sensor_async.py for tasks to queue
[2025-11-17T16:09:51.790+0000] {logging_mixin.py:188} INFO - [2025-11-17T16:09:51.789+0000] {dagbag.py:545} INFO - Filling up the DagBag from /usr/local/python/3.12.1/lib/python3.12/site-packages/airflow/example_dags/example_time_delta_sensor_async.py
[2025-11-17T16:09:51.795+0000] {processor.py:840} INFO - DAG(s) 'example_time_delta_sensor_async' retrieved from /usr/local/python/3.12.1/lib/python3.12/site-packages/airflow/example_dags/example_time_delta_sensor_async.py
[2025-11-17T16:09:51.808+0000] {logging_mixin.py:188} INFO - [2025-11-17T16:09:51.808+0000] {dag.py:3096} INFO - Sync 1 DAGs
[2025-11-17T16:09:51.817+0000] {logging_mixin.py:188} INFO - [2025-11-17T16:09:51.817+0000] {dag.py:3954} INFO - Setting next_dagrun for example_time_delta_sensor_async to None, run_after=None
[2025-11-17T16:09:51.833+0000] {processor.py:183} INFO - Processing /usr/local/python/3.12.1/lib/python3.12/site-packages/airflow/example_dags/example_time_delta_sensor_async.py took 0.051 seconds
[2025-11-17T16:10:31.000+0000] {processor.py:161} INFO - Started process (PID=49312) to work on /usr/local/python/3.12.1/lib/python3.12/site-packages/airflow/example_dags/example_time_delta_sensor_async.py
[2025-11-17T16:10:31.000+0000] {processor.py:830} INFO - Processing file /usr/local/python/3.12.1/lib/python3.12/site-packages/airflow/example_dags/example_time_delta_sensor_async.py for tasks to queue
[2025-11-17T16:10:31.002+0000] {logging_mixin.py:188} INFO - [2025-11-17T16:10:31.001+0000] {dagbag.py:545} INFO - Filling up the DagBag from /usr/local/python/3.12.1/lib/python3.12/site-packages/airflow/example_dags/example_time_delta_sensor_async.py
[2025-11-17T16:10:31.005+0000] {processor.py:840} INFO - DAG(s) 'example_time_delta_sensor_async' retrieved from /usr/local/python/3.12.1/lib/python3.12/site-packages/airflow/example_dags/example_time_delta_sensor_async.py
[2025-11-17T16:10:31.016+0000] {logging_mixin.py:188} INFO - [2025-11-17T16:10:31.016+0000] {dag.py:3096} INFO - Sync 1 DAGs
[2025-11-17T16:10:31.025+0000] {logging_mixin.py:188} INFO - [2025-11-17T16:10:31.024+0000] {dag.py:3954} INFO - Setting next_dagrun for example_time_delta_sensor_async to None, run_after=None
[2025-11-17T16:10:31.040+0000] {processor.py:183} INFO - Processing /usr/local/python/3.12.1/lib/python3.12/site-packages/airflow/example_dags/example_time_delta_sensor_async.py took 0.045 seconds
[2025-11-17T16:11:11.513+0000] {processor.py:161} INFO - Started process (PID=50117) to work on /usr/local/python/3.12.1/lib/python3.12/site-packages/airflow/example_dags/example_time_delta_sensor_async.py
[2025-11-17T16:11:11.513+0000] {processor.py:830} INFO - Processing file /usr/local/python/3.12.1/lib/python3.12/site-packages/airflow/example_dags/example_time_delta_sensor_async.py for tasks to queue
[2025-11-17T16:11:11.515+0000] {logging_mixin.py:188} INFO - [2025-11-17T16:11:11.514+0000] {dagbag.py:545} INFO - Filling up the DagBag from /usr/local/python/3.12.1/lib/python3.12/site-packages/airflow/example_dags/example_time_delta_sensor_async.py
[2025-11-17T16:11:11.518+0000] {processor.py:840} INFO - DAG(s) 'example_time_delta_sensor_async' retrieved from /usr/local/python/3.12.1/lib/python3.12/site-packages/airflow/example_dags/example_time_delta_sensor_async.py
[2025-11-17T16:11:11.529+0000] {logging_mixin.py:188} INFO - [2025-11-17T16:11:11.529+0000] {dag.py:3096} INFO - Sync 1 DAGs
[2025-11-17T16:11:11.537+0000] {logging_mixin.py:188} INFO - [2025-11-17T16:11:11.537+0000] {dag.py:3954} INFO - Setting next_dagrun for example_time_delta_sensor_async to None, run_after=None
[2025-11-17T16:11:11.631+0000] {processor.py:183} INFO - Processing /usr/local/python/3.12.1/lib/python3.12/site-packages/airflow/example_dags/example_time_delta_sensor_async.py took 0.122 seconds
[2025-11-17T16:11:55.136+0000] {processor.py:161} INFO - Started process (PID=50499) to work on /usr/local/python/3.12.1/lib/python3.12/site-packages/airflow/example_dags/example_time_delta_sensor_async.py
[2025-11-17T16:11:55.136+0000] {processor.py:830} INFO - Processing file /usr/local/python/3.12.1/lib/python3.12/site-packages/airflow/example_dags/example_time_delta_sensor_async.py for tasks to queue
[2025-11-17T16:11:55.138+0000] {logging_mixin.py:188} INFO - [2025-11-17T16:11:55.137+0000] {dagbag.py:545} INFO - Filling up the DagBag from /usr/local/python/3.12.1/lib/python3.12/site-packages/airflow/example_dags/example_time_delta_sensor_async.py
[2025-11-17T16:11:55.141+0000] {processor.py:840} INFO - DAG(s) 'example_time_delta_sensor_async' retrieved from /usr/local/python/3.12.1/lib/python3.12/site-packages/airflow/example_dags/example_time_delta_sensor_async.py
[2025-11-17T16:11:55.152+0000] {logging_mixin.py:188} INFO - [2025-11-17T16:11:55.152+0000] {dag.py:3096} INFO - Sync 1 DAGs
[2025-11-17T16:11:55.161+0000] {logging_mixin.py:188} INFO - [2025-11-17T16:11:55.161+0000] {dag.py:3954} INFO - Setting next_dagrun for example_time_delta_sensor_async to None, run_after=None
[2025-11-17T16:11:55.177+0000] {processor.py:183} INFO - Processing /usr/local/python/3.12.1/lib/python3.12/site-packages/airflow/example_dags/example_time_delta_sensor_async.py took 0.046 seconds
[2025-11-17T16:12:38.633+0000] {processor.py:161} INFO - Started process (PID=50857) to work on /usr/local/python/3.12.1/lib/python3.12/site-packages/airflow/example_dags/example_time_delta_sensor_async.py
[2025-11-17T16:12:38.634+0000] {processor.py:830} INFO - Processing file /usr/local/python/3.12.1/lib/python3.12/site-packages/airflow/example_dags/example_time_delta_sensor_async.py for tasks to queue
[2025-11-17T16:12:38.635+0000] {logging_mixin.py:188} INFO - [2025-11-17T16:12:38.635+0000] {dagbag.py:545} INFO - Filling up the DagBag from /usr/local/python/3.12.1/lib/python3.12/site-packages/airflow/example_dags/example_time_delta_sensor_async.py
[2025-11-17T16:12:38.639+0000] {processor.py:840} INFO - DAG(s) 'example_time_delta_sensor_async' retrieved from /usr/local/python/3.12.1/lib/python3.12/site-packages/airflow/example_dags/example_time_delta_sensor_async.py
[2025-11-17T16:12:38.650+0000] {logging_mixin.py:188} INFO - [2025-11-17T16:12:38.650+0000] {dag.py:3096} INFO - Sync 1 DAGs
[2025-11-17T16:12:38.659+0000] {logging_mixin.py:188} INFO - [2025-11-17T16:12:38.659+0000] {dag.py:3954} INFO - Setting next_dagrun for example_time_delta_sensor_async to None, run_after=None
[2025-11-17T16:12:38.675+0000] {processor.py:183} INFO - Processing /usr/local/python/3.12.1/lib/python3.12/site-packages/airflow/example_dags/example_time_delta_sensor_async.py took 0.046 seconds
[2025-11-17T16:13:22.508+0000] {processor.py:161} INFO - Started process (PID=51192) to work on /usr/local/python/3.12.1/lib/python3.12/site-packages/airflow/example_dags/example_time_delta_sensor_async.py
[2025-11-17T16:13:22.509+0000] {processor.py:830} INFO - Processing file /usr/local/python/3.12.1/lib/python3.12/site-packages/airflow/example_dags/example_time_delta_sensor_async.py for tasks to queue
[2025-11-17T16:13:22.510+0000] {logging_mixin.py:188} INFO - [2025-11-17T16:13:22.510+0000] {dagbag.py:545} INFO - Filling up the DagBag from /usr/local/python/3.12.1/lib/python3.12/site-packages/airflow/example_dags/example_time_delta_sensor_async.py
[2025-11-17T16:13:22.514+0000] {processor.py:840} INFO - DAG(s) 'example_time_delta_sensor_async' retrieved from /usr/local/python/3.12.1/lib/python3.12/site-packages/airflow/example_dags/example_time_delta_sensor_async.py
[2025-11-17T16:13:22.525+0000] {logging_mixin.py:188} INFO - [2025-11-17T16:13:22.525+0000] {dag.py:3096} INFO - Sync 1 DAGs
[2025-11-17T16:13:22.533+0000] {logging_mixin.py:188} INFO - [2025-11-17T16:13:22.533+0000] {dag.py:3954} INFO - Setting next_dagrun for example_time_delta_sensor_async to None, run_after=None
[2025-11-17T16:13:22.549+0000] {processor.py:183} INFO - Processing /usr/local/python/3.12.1/lib/python3.12/site-packages/airflow/example_dags/example_time_delta_sensor_async.py took 0.044 seconds
[2025-11-17T16:14:05.955+0000] {processor.py:161} INFO - Started process (PID=51528) to work on /usr/local/python/3.12.1/lib/python3.12/site-packages/airflow/example_dags/example_time_delta_sensor_async.py
[2025-11-17T16:14:05.956+0000] {processor.py:830} INFO - Processing file /usr/local/python/3.12.1/lib/python3.12/site-packages/airflow/example_dags/example_time_delta_sensor_async.py for tasks to queue
[2025-11-17T16:14:05.958+0000] {logging_mixin.py:188} INFO - [2025-11-17T16:14:05.957+0000] {dagbag.py:545} INFO - Filling up the DagBag from /usr/local/python/3.12.1/lib/python3.12/site-packages/airflow/example_dags/example_time_delta_sensor_async.py
[2025-11-17T16:14:05.961+0000] {processor.py:840} INFO - DAG(s) 'example_time_delta_sensor_async' retrieved from /usr/local/python/3.12.1/lib/python3.12/site-packages/airflow/example_dags/example_time_delta_sensor_async.py
[2025-11-17T16:14:05.972+0000] {logging_mixin.py:188} INFO - [2025-11-17T16:14:05.972+0000] {dag.py:3096} INFO - Sync 1 DAGs
[2025-11-17T16:14:05.980+0000] {logging_mixin.py:188} INFO - [2025-11-17T16:14:05.980+0000] {dag.py:3954} INFO - Setting next_dagrun for example_time_delta_sensor_async to None, run_after=None
[2025-11-17T16:14:05.996+0000] {processor.py:183} INFO - Processing /usr/local/python/3.12.1/lib/python3.12/site-packages/airflow/example_dags/example_time_delta_sensor_async.py took 0.045 seconds
[2025-11-17T16:14:44.040+0000] {processor.py:161} INFO - Started process (PID=51835) to work on /usr/local/python/3.12.1/lib/python3.12/site-packages/airflow/example_dags/example_time_delta_sensor_async.py
[2025-11-17T16:14:44.040+0000] {processor.py:830} INFO - Processing file /usr/local/python/3.12.1/lib/python3.12/site-packages/airflow/example_dags/example_time_delta_sensor_async.py for tasks to queue
[2025-11-17T16:14:44.042+0000] {logging_mixin.py:188} INFO - [2025-11-17T16:14:44.041+0000] {dagbag.py:545} INFO - Filling up the DagBag from /usr/local/python/3.12.1/lib/python3.12/site-packages/airflow/example_dags/example_time_delta_sensor_async.py
[2025-11-17T16:14:44.045+0000] {processor.py:840} INFO - DAG(s) 'example_time_delta_sensor_async' retrieved from /usr/local/python/3.12.1/lib/python3.12/site-packages/airflow/example_dags/example_time_delta_sensor_async.py
[2025-11-17T16:14:44.056+0000] {logging_mixin.py:188} INFO - [2025-11-17T16:14:44.056+0000] {dag.py:3096} INFO - Sync 1 DAGs
[2025-11-17T16:14:44.065+0000] {logging_mixin.py:188} INFO - [2025-11-17T16:14:44.064+0000] {dag.py:3954} INFO - Setting next_dagrun for example_time_delta_sensor_async to None, run_after=None
[2025-11-17T16:14:44.081+0000] {processor.py:183} INFO - Processing /usr/local/python/3.12.1/lib/python3.12/site-packages/airflow/example_dags/example_time_delta_sensor_async.py took 0.045 seconds
[2025-11-17T16:15:23.912+0000] {processor.py:161} INFO - Started process (PID=52144) to work on /usr/local/python/3.12.1/lib/python3.12/site-packages/airflow/example_dags/example_time_delta_sensor_async.py
[2025-11-17T16:15:23.913+0000] {processor.py:830} INFO - Processing file /usr/local/python/3.12.1/lib/python3.12/site-packages/airflow/example_dags/example_time_delta_sensor_async.py for tasks to queue
[2025-11-17T16:15:23.914+0000] {logging_mixin.py:188} INFO - [2025-11-17T16:15:23.914+0000] {dagbag.py:545} INFO - Filling up the DagBag from /usr/local/python/3.12.1/lib/python3.12/site-packages/airflow/example_dags/example_time_delta_sensor_async.py
[2025-11-17T16:15:23.918+0000] {processor.py:840} INFO - DAG(s) 'example_time_delta_sensor_async' retrieved from /usr/local/python/3.12.1/lib/python3.12/site-packages/airflow/example_dags/example_time_delta_sensor_async.py
[2025-11-17T16:15:23.929+0000] {logging_mixin.py:188} INFO - [2025-11-17T16:15:23.929+0000] {dag.py:3096} INFO - Sync 1 DAGs
[2025-11-17T16:15:23.937+0000] {logging_mixin.py:188} INFO - [2025-11-17T16:15:23.937+0000] {dag.py:3954} INFO - Setting next_dagrun for example_time_delta_sensor_async to None, run_after=None
[2025-11-17T16:15:23.954+0000] {processor.py:183} INFO - Processing /usr/local/python/3.12.1/lib/python3.12/site-packages/airflow/example_dags/example_time_delta_sensor_async.py took 0.045 seconds
[2025-11-17T16:16:01.530+0000] {processor.py:161} INFO - Started process (PID=52499) to work on /usr/local/python/3.12.1/lib/python3.12/site-packages/airflow/example_dags/example_time_delta_sensor_async.py
[2025-11-17T16:16:01.531+0000] {processor.py:830} INFO - Processing file /usr/local/python/3.12.1/lib/python3.12/site-packages/airflow/example_dags/example_time_delta_sensor_async.py for tasks to queue
[2025-11-17T16:16:01.533+0000] {logging_mixin.py:188} INFO - [2025-11-17T16:16:01.532+0000] {dagbag.py:545} INFO - Filling up the DagBag from /usr/local/python/3.12.1/lib/python3.12/site-packages/airflow/example_dags/example_time_delta_sensor_async.py
[2025-11-17T16:16:01.536+0000] {processor.py:840} INFO - DAG(s) 'example_time_delta_sensor_async' retrieved from /usr/local/python/3.12.1/lib/python3.12/site-packages/airflow/example_dags/example_time_delta_sensor_async.py
[2025-11-17T16:16:01.548+0000] {logging_mixin.py:188} INFO - [2025-11-17T16:16:01.548+0000] {dag.py:3096} INFO - Sync 1 DAGs
[2025-11-17T16:16:01.557+0000] {logging_mixin.py:188} INFO - [2025-11-17T16:16:01.557+0000] {dag.py:3954} INFO - Setting next_dagrun for example_time_delta_sensor_async to None, run_after=None
[2025-11-17T16:16:01.573+0000] {processor.py:183} INFO - Processing /usr/local/python/3.12.1/lib/python3.12/site-packages/airflow/example_dags/example_time_delta_sensor_async.py took 0.047 seconds
[2025-11-17T16:16:56.883+0000] {processor.py:161} INFO - Started process (PID=52925) to work on /usr/local/python/3.12.1/lib/python3.12/site-packages/airflow/example_dags/example_time_delta_sensor_async.py
[2025-11-17T16:16:56.883+0000] {processor.py:830} INFO - Processing file /usr/local/python/3.12.1/lib/python3.12/site-packages/airflow/example_dags/example_time_delta_sensor_async.py for tasks to queue
[2025-11-17T16:16:56.885+0000] {logging_mixin.py:188} INFO - [2025-11-17T16:16:56.885+0000] {dagbag.py:545} INFO - Filling up the DagBag from /usr/local/python/3.12.1/lib/python3.12/site-packages/airflow/example_dags/example_time_delta_sensor_async.py
[2025-11-17T16:16:56.888+0000] {processor.py:840} INFO - DAG(s) 'example_time_delta_sensor_async' retrieved from /usr/local/python/3.12.1/lib/python3.12/site-packages/airflow/example_dags/example_time_delta_sensor_async.py
[2025-11-17T16:16:56.900+0000] {logging_mixin.py:188} INFO - [2025-11-17T16:16:56.899+0000] {dag.py:3096} INFO - Sync 1 DAGs
[2025-11-17T16:16:56.908+0000] {logging_mixin.py:188} INFO - [2025-11-17T16:16:56.908+0000] {dag.py:3954} INFO - Setting next_dagrun for example_time_delta_sensor_async to None, run_after=None
[2025-11-17T16:16:56.924+0000] {processor.py:183} INFO - Processing /usr/local/python/3.12.1/lib/python3.12/site-packages/airflow/example_dags/example_time_delta_sensor_async.py took 0.046 seconds
[2025-11-17T16:17:36.959+0000] {processor.py:161} INFO - Started process (PID=53236) to work on /usr/local/python/3.12.1/lib/python3.12/site-packages/airflow/example_dags/example_time_delta_sensor_async.py
[2025-11-17T16:17:36.960+0000] {processor.py:830} INFO - Processing file /usr/local/python/3.12.1/lib/python3.12/site-packages/airflow/example_dags/example_time_delta_sensor_async.py for tasks to queue
[2025-11-17T16:17:36.961+0000] {logging_mixin.py:188} INFO - [2025-11-17T16:17:36.961+0000] {dagbag.py:545} INFO - Filling up the DagBag from /usr/local/python/3.12.1/lib/python3.12/site-packages/airflow/example_dags/example_time_delta_sensor_async.py
[2025-11-17T16:17:36.966+0000] {processor.py:840} INFO - DAG(s) 'example_time_delta_sensor_async' retrieved from /usr/local/python/3.12.1/lib/python3.12/site-packages/airflow/example_dags/example_time_delta_sensor_async.py
[2025-11-17T16:17:36.983+0000] {logging_mixin.py:188} INFO - [2025-11-17T16:17:36.983+0000] {dag.py:3096} INFO - Sync 1 DAGs
[2025-11-17T16:17:36.997+0000] {logging_mixin.py:188} INFO - [2025-11-17T16:17:36.997+0000] {dag.py:3954} INFO - Setting next_dagrun for example_time_delta_sensor_async to None, run_after=None
[2025-11-17T16:17:37.018+0000] {processor.py:183} INFO - Processing /usr/local/python/3.12.1/lib/python3.12/site-packages/airflow/example_dags/example_time_delta_sensor_async.py took 0.064 seconds
[2025-11-17T16:18:15.946+0000] {processor.py:161} INFO - Started process (PID=53545) to work on /usr/local/python/3.12.1/lib/python3.12/site-packages/airflow/example_dags/example_time_delta_sensor_async.py
[2025-11-17T16:18:15.947+0000] {processor.py:830} INFO - Processing file /usr/local/python/3.12.1/lib/python3.12/site-packages/airflow/example_dags/example_time_delta_sensor_async.py for tasks to queue
[2025-11-17T16:18:15.948+0000] {logging_mixin.py:188} INFO - [2025-11-17T16:18:15.948+0000] {dagbag.py:545} INFO - Filling up the DagBag from /usr/local/python/3.12.1/lib/python3.12/site-packages/airflow/example_dags/example_time_delta_sensor_async.py
[2025-11-17T16:18:15.952+0000] {processor.py:840} INFO - DAG(s) 'example_time_delta_sensor_async' retrieved from /usr/local/python/3.12.1/lib/python3.12/site-packages/airflow/example_dags/example_time_delta_sensor_async.py
[2025-11-17T16:18:15.963+0000] {logging_mixin.py:188} INFO - [2025-11-17T16:18:15.963+0000] {dag.py:3096} INFO - Sync 1 DAGs
[2025-11-17T16:18:15.972+0000] {logging_mixin.py:188} INFO - [2025-11-17T16:18:15.972+0000] {dag.py:3954} INFO - Setting next_dagrun for example_time_delta_sensor_async to None, run_after=None
[2025-11-17T16:18:15.988+0000] {processor.py:183} INFO - Processing /usr/local/python/3.12.1/lib/python3.12/site-packages/airflow/example_dags/example_time_delta_sensor_async.py took 0.046 seconds
[2025-11-17T16:18:54.228+0000] {processor.py:161} INFO - Started process (PID=53850) to work on /usr/local/python/3.12.1/lib/python3.12/site-packages/airflow/example_dags/example_time_delta_sensor_async.py
[2025-11-17T16:18:54.229+0000] {processor.py:830} INFO - Processing file /usr/local/python/3.12.1/lib/python3.12/site-packages/airflow/example_dags/example_time_delta_sensor_async.py for tasks to queue
[2025-11-17T16:18:54.230+0000] {logging_mixin.py:188} INFO - [2025-11-17T16:18:54.230+0000] {dagbag.py:545} INFO - Filling up the DagBag from /usr/local/python/3.12.1/lib/python3.12/site-packages/airflow/example_dags/example_time_delta_sensor_async.py
[2025-11-17T16:18:54.233+0000] {processor.py:840} INFO - DAG(s) 'example_time_delta_sensor_async' retrieved from /usr/local/python/3.12.1/lib/python3.12/site-packages/airflow/example_dags/example_time_delta_sensor_async.py
[2025-11-17T16:18:54.244+0000] {logging_mixin.py:188} INFO - [2025-11-17T16:18:54.244+0000] {dag.py:3096} INFO - Sync 1 DAGs
[2025-11-17T16:18:54.253+0000] {logging_mixin.py:188} INFO - [2025-11-17T16:18:54.253+0000] {dag.py:3954} INFO - Setting next_dagrun for example_time_delta_sensor_async to None, run_after=None
[2025-11-17T16:18:54.269+0000] {processor.py:183} INFO - Processing /usr/local/python/3.12.1/lib/python3.12/site-packages/airflow/example_dags/example_time_delta_sensor_async.py took 0.045 seconds
[2025-11-17T16:19:32.996+0000] {processor.py:161} INFO - Started process (PID=54141) to work on /usr/local/python/3.12.1/lib/python3.12/site-packages/airflow/example_dags/example_time_delta_sensor_async.py
[2025-11-17T16:19:32.997+0000] {processor.py:830} INFO - Processing file /usr/local/python/3.12.1/lib/python3.12/site-packages/airflow/example_dags/example_time_delta_sensor_async.py for tasks to queue
[2025-11-17T16:19:32.998+0000] {logging_mixin.py:188} INFO - [2025-11-17T16:19:32.998+0000] {dagbag.py:545} INFO - Filling up the DagBag from /usr/local/python/3.12.1/lib/python3.12/site-packages/airflow/example_dags/example_time_delta_sensor_async.py
[2025-11-17T16:19:33.001+0000] {processor.py:840} INFO - DAG(s) 'example_time_delta_sensor_async' retrieved from /usr/local/python/3.12.1/lib/python3.12/site-packages/airflow/example_dags/example_time_delta_sensor_async.py
[2025-11-17T16:19:33.012+0000] {logging_mixin.py:188} INFO - [2025-11-17T16:19:33.012+0000] {dag.py:3096} INFO - Sync 1 DAGs
[2025-11-17T16:19:33.021+0000] {logging_mixin.py:188} INFO - [2025-11-17T16:19:33.021+0000] {dag.py:3954} INFO - Setting next_dagrun for example_time_delta_sensor_async to None, run_after=None
[2025-11-17T16:19:33.038+0000] {processor.py:183} INFO - Processing /usr/local/python/3.12.1/lib/python3.12/site-packages/airflow/example_dags/example_time_delta_sensor_async.py took 0.046 seconds
[2025-11-17T16:20:14.090+0000] {processor.py:161} INFO - Started process (PID=54464) to work on /usr/local/python/3.12.1/lib/python3.12/site-packages/airflow/example_dags/example_time_delta_sensor_async.py
[2025-11-17T16:20:14.090+0000] {processor.py:830} INFO - Processing file /usr/local/python/3.12.1/lib/python3.12/site-packages/airflow/example_dags/example_time_delta_sensor_async.py for tasks to queue
[2025-11-17T16:20:14.092+0000] {logging_mixin.py:188} INFO - [2025-11-17T16:20:14.091+0000] {dagbag.py:545} INFO - Filling up the DagBag from /usr/local/python/3.12.1/lib/python3.12/site-packages/airflow/example_dags/example_time_delta_sensor_async.py
[2025-11-17T16:20:14.095+0000] {processor.py:840} INFO - DAG(s) 'example_time_delta_sensor_async' retrieved from /usr/local/python/3.12.1/lib/python3.12/site-packages/airflow/example_dags/example_time_delta_sensor_async.py
[2025-11-17T16:20:14.106+0000] {logging_mixin.py:188} INFO - [2025-11-17T16:20:14.106+0000] {dag.py:3096} INFO - Sync 1 DAGs
[2025-11-17T16:20:14.114+0000] {logging_mixin.py:188} INFO - [2025-11-17T16:20:14.114+0000] {dag.py:3954} INFO - Setting next_dagrun for example_time_delta_sensor_async to None, run_after=None
[2025-11-17T16:20:14.133+0000] {processor.py:183} INFO - Processing /usr/local/python/3.12.1/lib/python3.12/site-packages/airflow/example_dags/example_time_delta_sensor_async.py took 0.048 seconds
[2025-11-17T16:20:53.254+0000] {processor.py:161} INFO - Started process (PID=54794) to work on /usr/local/python/3.12.1/lib/python3.12/site-packages/airflow/example_dags/example_time_delta_sensor_async.py
[2025-11-17T16:20:53.254+0000] {processor.py:830} INFO - Processing file /usr/local/python/3.12.1/lib/python3.12/site-packages/airflow/example_dags/example_time_delta_sensor_async.py for tasks to queue
[2025-11-17T16:20:53.256+0000] {logging_mixin.py:188} INFO - [2025-11-17T16:20:53.255+0000] {dagbag.py:545} INFO - Filling up the DagBag from /usr/local/python/3.12.1/lib/python3.12/site-packages/airflow/example_dags/example_time_delta_sensor_async.py
[2025-11-17T16:20:53.259+0000] {processor.py:840} INFO - DAG(s) 'example_time_delta_sensor_async' retrieved from /usr/local/python/3.12.1/lib/python3.12/site-packages/airflow/example_dags/example_time_delta_sensor_async.py
[2025-11-17T16:20:53.271+0000] {logging_mixin.py:188} INFO - [2025-11-17T16:20:53.270+0000] {dag.py:3096} INFO - Sync 1 DAGs
[2025-11-17T16:20:53.279+0000] {logging_mixin.py:188} INFO - [2025-11-17T16:20:53.279+0000] {dag.py:3954} INFO - Setting next_dagrun for example_time_delta_sensor_async to None, run_after=None
[2025-11-17T16:20:53.296+0000] {processor.py:183} INFO - Processing /usr/local/python/3.12.1/lib/python3.12/site-packages/airflow/example_dags/example_time_delta_sensor_async.py took 0.046 seconds
[2025-11-17T16:21:34.422+0000] {processor.py:161} INFO - Started process (PID=55144) to work on /usr/local/python/3.12.1/lib/python3.12/site-packages/airflow/example_dags/example_time_delta_sensor_async.py
[2025-11-17T16:21:34.422+0000] {processor.py:830} INFO - Processing file /usr/local/python/3.12.1/lib/python3.12/site-packages/airflow/example_dags/example_time_delta_sensor_async.py for tasks to queue
[2025-11-17T16:21:34.424+0000] {logging_mixin.py:188} INFO - [2025-11-17T16:21:34.423+0000] {dagbag.py:545} INFO - Filling up the DagBag from /usr/local/python/3.12.1/lib/python3.12/site-packages/airflow/example_dags/example_time_delta_sensor_async.py
[2025-11-17T16:21:34.427+0000] {processor.py:840} INFO - DAG(s) 'example_time_delta_sensor_async' retrieved from /usr/local/python/3.12.1/lib/python3.12/site-packages/airflow/example_dags/example_time_delta_sensor_async.py
[2025-11-17T16:21:34.438+0000] {logging_mixin.py:188} INFO - [2025-11-17T16:21:34.438+0000] {dag.py:3096} INFO - Sync 1 DAGs
[2025-11-17T16:21:34.447+0000] {logging_mixin.py:188} INFO - [2025-11-17T16:21:34.446+0000] {dag.py:3954} INFO - Setting next_dagrun for example_time_delta_sensor_async to None, run_after=None
[2025-11-17T16:21:34.462+0000] {processor.py:183} INFO - Processing /usr/local/python/3.12.1/lib/python3.12/site-packages/airflow/example_dags/example_time_delta_sensor_async.py took 0.045 seconds
[2025-11-17T16:22:16.078+0000] {processor.py:161} INFO - Started process (PID=55471) to work on /usr/local/python/3.12.1/lib/python3.12/site-packages/airflow/example_dags/example_time_delta_sensor_async.py
[2025-11-17T16:22:16.079+0000] {processor.py:830} INFO - Processing file /usr/local/python/3.12.1/lib/python3.12/site-packages/airflow/example_dags/example_time_delta_sensor_async.py for tasks to queue
[2025-11-17T16:22:16.080+0000] {logging_mixin.py:188} INFO - [2025-11-17T16:22:16.080+0000] {dagbag.py:545} INFO - Filling up the DagBag from /usr/local/python/3.12.1/lib/python3.12/site-packages/airflow/example_dags/example_time_delta_sensor_async.py
[2025-11-17T16:22:16.084+0000] {processor.py:840} INFO - DAG(s) 'example_time_delta_sensor_async' retrieved from /usr/local/python/3.12.1/lib/python3.12/site-packages/airflow/example_dags/example_time_delta_sensor_async.py
[2025-11-17T16:22:16.095+0000] {logging_mixin.py:188} INFO - [2025-11-17T16:22:16.095+0000] {dag.py:3096} INFO - Sync 1 DAGs
[2025-11-17T16:22:16.104+0000] {logging_mixin.py:188} INFO - [2025-11-17T16:22:16.104+0000] {dag.py:3954} INFO - Setting next_dagrun for example_time_delta_sensor_async to None, run_after=None
[2025-11-17T16:22:16.120+0000] {processor.py:183} INFO - Processing /usr/local/python/3.12.1/lib/python3.12/site-packages/airflow/example_dags/example_time_delta_sensor_async.py took 0.045 seconds
[2025-11-17T16:22:55.142+0000] {processor.py:161} INFO - Started process (PID=55780) to work on /usr/local/python/3.12.1/lib/python3.12/site-packages/airflow/example_dags/example_time_delta_sensor_async.py
[2025-11-17T16:22:55.142+0000] {processor.py:830} INFO - Processing file /usr/local/python/3.12.1/lib/python3.12/site-packages/airflow/example_dags/example_time_delta_sensor_async.py for tasks to queue
[2025-11-17T16:22:55.144+0000] {logging_mixin.py:188} INFO - [2025-11-17T16:22:55.143+0000] {dagbag.py:545} INFO - Filling up the DagBag from /usr/local/python/3.12.1/lib/python3.12/site-packages/airflow/example_dags/example_time_delta_sensor_async.py
[2025-11-17T16:22:55.147+0000] {processor.py:840} INFO - DAG(s) 'example_time_delta_sensor_async' retrieved from /usr/local/python/3.12.1/lib/python3.12/site-packages/airflow/example_dags/example_time_delta_sensor_async.py
[2025-11-17T16:22:55.159+0000] {logging_mixin.py:188} INFO - [2025-11-17T16:22:55.159+0000] {dag.py:3096} INFO - Sync 1 DAGs
[2025-11-17T16:22:55.168+0000] {logging_mixin.py:188} INFO - [2025-11-17T16:22:55.168+0000] {dag.py:3954} INFO - Setting next_dagrun for example_time_delta_sensor_async to None, run_after=None
[2025-11-17T16:22:55.185+0000] {processor.py:183} INFO - Processing /usr/local/python/3.12.1/lib/python3.12/site-packages/airflow/example_dags/example_time_delta_sensor_async.py took 0.047 seconds
[2025-11-17T16:23:35.035+0000] {processor.py:161} INFO - Started process (PID=56097) to work on /usr/local/python/3.12.1/lib/python3.12/site-packages/airflow/example_dags/example_time_delta_sensor_async.py
[2025-11-17T16:23:35.035+0000] {processor.py:830} INFO - Processing file /usr/local/python/3.12.1/lib/python3.12/site-packages/airflow/example_dags/example_time_delta_sensor_async.py for tasks to queue
[2025-11-17T16:23:35.037+0000] {logging_mixin.py:188} INFO - [2025-11-17T16:23:35.036+0000] {dagbag.py:545} INFO - Filling up the DagBag from /usr/local/python/3.12.1/lib/python3.12/site-packages/airflow/example_dags/example_time_delta_sensor_async.py
[2025-11-17T16:23:35.041+0000] {processor.py:840} INFO - DAG(s) 'example_time_delta_sensor_async' retrieved from /usr/local/python/3.12.1/lib/python3.12/site-packages/airflow/example_dags/example_time_delta_sensor_async.py
[2025-11-17T16:23:35.052+0000] {logging_mixin.py:188} INFO - [2025-11-17T16:23:35.052+0000] {dag.py:3096} INFO - Sync 1 DAGs
[2025-11-17T16:23:35.061+0000] {logging_mixin.py:188} INFO - [2025-11-17T16:23:35.061+0000] {dag.py:3954} INFO - Setting next_dagrun for example_time_delta_sensor_async to None, run_after=None
[2025-11-17T16:23:35.077+0000] {processor.py:183} INFO - Processing /usr/local/python/3.12.1/lib/python3.12/site-packages/airflow/example_dags/example_time_delta_sensor_async.py took 0.046 seconds
[2025-11-17T16:24:17.609+0000] {processor.py:161} INFO - Started process (PID=56430) to work on /usr/local/python/3.12.1/lib/python3.12/site-packages/airflow/example_dags/example_time_delta_sensor_async.py
[2025-11-17T16:24:17.610+0000] {processor.py:830} INFO - Processing file /usr/local/python/3.12.1/lib/python3.12/site-packages/airflow/example_dags/example_time_delta_sensor_async.py for tasks to queue
[2025-11-17T16:24:17.611+0000] {logging_mixin.py:188} INFO - [2025-11-17T16:24:17.611+0000] {dagbag.py:545} INFO - Filling up the DagBag from /usr/local/python/3.12.1/lib/python3.12/site-packages/airflow/example_dags/example_time_delta_sensor_async.py
[2025-11-17T16:24:17.615+0000] {processor.py:840} INFO - DAG(s) 'example_time_delta_sensor_async' retrieved from /usr/local/python/3.12.1/lib/python3.12/site-packages/airflow/example_dags/example_time_delta_sensor_async.py
[2025-11-17T16:24:17.625+0000] {logging_mixin.py:188} INFO - [2025-11-17T16:24:17.625+0000] {dag.py:3096} INFO - Sync 1 DAGs
[2025-11-17T16:24:17.634+0000] {logging_mixin.py:188} INFO - [2025-11-17T16:24:17.634+0000] {dag.py:3954} INFO - Setting next_dagrun for example_time_delta_sensor_async to None, run_after=None
[2025-11-17T16:24:17.650+0000] {processor.py:183} INFO - Processing /usr/local/python/3.12.1/lib/python3.12/site-packages/airflow/example_dags/example_time_delta_sensor_async.py took 0.045 seconds
[2025-11-17T16:24:56.875+0000] {processor.py:161} INFO - Started process (PID=56741) to work on /usr/local/python/3.12.1/lib/python3.12/site-packages/airflow/example_dags/example_time_delta_sensor_async.py
[2025-11-17T16:24:56.876+0000] {processor.py:830} INFO - Processing file /usr/local/python/3.12.1/lib/python3.12/site-packages/airflow/example_dags/example_time_delta_sensor_async.py for tasks to queue
[2025-11-17T16:24:56.877+0000] {logging_mixin.py:188} INFO - [2025-11-17T16:24:56.877+0000] {dagbag.py:545} INFO - Filling up the DagBag from /usr/local/python/3.12.1/lib/python3.12/site-packages/airflow/example_dags/example_time_delta_sensor_async.py
[2025-11-17T16:24:56.880+0000] {processor.py:840} INFO - DAG(s) 'example_time_delta_sensor_async' retrieved from /usr/local/python/3.12.1/lib/python3.12/site-packages/airflow/example_dags/example_time_delta_sensor_async.py
[2025-11-17T16:24:56.891+0000] {logging_mixin.py:188} INFO - [2025-11-17T16:24:56.891+0000] {dag.py:3096} INFO - Sync 1 DAGs
[2025-11-17T16:24:56.900+0000] {logging_mixin.py:188} INFO - [2025-11-17T16:24:56.900+0000] {dag.py:3954} INFO - Setting next_dagrun for example_time_delta_sensor_async to None, run_after=None
[2025-11-17T16:24:56.916+0000] {processor.py:183} INFO - Processing /usr/local/python/3.12.1/lib/python3.12/site-packages/airflow/example_dags/example_time_delta_sensor_async.py took 0.045 seconds
[2025-11-17T16:25:34.679+0000] {processor.py:161} INFO - Started process (PID=57048) to work on /usr/local/python/3.12.1/lib/python3.12/site-packages/airflow/example_dags/example_time_delta_sensor_async.py
[2025-11-17T16:25:34.680+0000] {processor.py:830} INFO - Processing file /usr/local/python/3.12.1/lib/python3.12/site-packages/airflow/example_dags/example_time_delta_sensor_async.py for tasks to queue
[2025-11-17T16:25:34.681+0000] {logging_mixin.py:188} INFO - [2025-11-17T16:25:34.681+0000] {dagbag.py:545} INFO - Filling up the DagBag from /usr/local/python/3.12.1/lib/python3.12/site-packages/airflow/example_dags/example_time_delta_sensor_async.py
[2025-11-17T16:25:34.684+0000] {processor.py:840} INFO - DAG(s) 'example_time_delta_sensor_async' retrieved from /usr/local/python/3.12.1/lib/python3.12/site-packages/airflow/example_dags/example_time_delta_sensor_async.py
[2025-11-17T16:25:34.696+0000] {logging_mixin.py:188} INFO - [2025-11-17T16:25:34.696+0000] {dag.py:3096} INFO - Sync 1 DAGs
[2025-11-17T16:25:34.705+0000] {logging_mixin.py:188} INFO - [2025-11-17T16:25:34.705+0000] {dag.py:3954} INFO - Setting next_dagrun for example_time_delta_sensor_async to None, run_after=None
[2025-11-17T16:25:34.721+0000] {processor.py:183} INFO - Processing /usr/local/python/3.12.1/lib/python3.12/site-packages/airflow/example_dags/example_time_delta_sensor_async.py took 0.046 seconds
[2025-11-17T16:26:15.471+0000] {processor.py:161} INFO - Started process (PID=57410) to work on /usr/local/python/3.12.1/lib/python3.12/site-packages/airflow/example_dags/example_time_delta_sensor_async.py
[2025-11-17T16:26:15.472+0000] {processor.py:830} INFO - Processing file /usr/local/python/3.12.1/lib/python3.12/site-packages/airflow/example_dags/example_time_delta_sensor_async.py for tasks to queue
[2025-11-17T16:26:15.473+0000] {logging_mixin.py:188} INFO - [2025-11-17T16:26:15.473+0000] {dagbag.py:545} INFO - Filling up the DagBag from /usr/local/python/3.12.1/lib/python3.12/site-packages/airflow/example_dags/example_time_delta_sensor_async.py
[2025-11-17T16:26:15.477+0000] {processor.py:840} INFO - DAG(s) 'example_time_delta_sensor_async' retrieved from /usr/local/python/3.12.1/lib/python3.12/site-packages/airflow/example_dags/example_time_delta_sensor_async.py
[2025-11-17T16:26:15.488+0000] {logging_mixin.py:188} INFO - [2025-11-17T16:26:15.487+0000] {dag.py:3096} INFO - Sync 1 DAGs
[2025-11-17T16:26:15.496+0000] {logging_mixin.py:188} INFO - [2025-11-17T16:26:15.496+0000] {dag.py:3954} INFO - Setting next_dagrun for example_time_delta_sensor_async to None, run_after=None
[2025-11-17T16:26:15.513+0000] {processor.py:183} INFO - Processing /usr/local/python/3.12.1/lib/python3.12/site-packages/airflow/example_dags/example_time_delta_sensor_async.py took 0.046 seconds
[2025-11-17T16:26:56.565+0000] {processor.py:161} INFO - Started process (PID=57735) to work on /usr/local/python/3.12.1/lib/python3.12/site-packages/airflow/example_dags/example_time_delta_sensor_async.py
[2025-11-17T16:26:56.566+0000] {processor.py:830} INFO - Processing file /usr/local/python/3.12.1/lib/python3.12/site-packages/airflow/example_dags/example_time_delta_sensor_async.py for tasks to queue
[2025-11-17T16:26:56.568+0000] {logging_mixin.py:188} INFO - [2025-11-17T16:26:56.568+0000] {dagbag.py:545} INFO - Filling up the DagBag from /usr/local/python/3.12.1/lib/python3.12/site-packages/airflow/example_dags/example_time_delta_sensor_async.py
[2025-11-17T16:26:56.573+0000] {processor.py:840} INFO - DAG(s) 'example_time_delta_sensor_async' retrieved from /usr/local/python/3.12.1/lib/python3.12/site-packages/airflow/example_dags/example_time_delta_sensor_async.py
[2025-11-17T16:26:56.585+0000] {logging_mixin.py:188} INFO - [2025-11-17T16:26:56.584+0000] {dag.py:3096} INFO - Sync 1 DAGs
[2025-11-17T16:26:56.593+0000] {logging_mixin.py:188} INFO - [2025-11-17T16:26:56.593+0000] {dag.py:3954} INFO - Setting next_dagrun for example_time_delta_sensor_async to None, run_after=None
[2025-11-17T16:26:56.610+0000] {processor.py:183} INFO - Processing /usr/local/python/3.12.1/lib/python3.12/site-packages/airflow/example_dags/example_time_delta_sensor_async.py took 0.050 seconds
[2025-11-17T16:27:36.478+0000] {processor.py:161} INFO - Started process (PID=58046) to work on /usr/local/python/3.12.1/lib/python3.12/site-packages/airflow/example_dags/example_time_delta_sensor_async.py
[2025-11-17T16:27:36.479+0000] {processor.py:830} INFO - Processing file /usr/local/python/3.12.1/lib/python3.12/site-packages/airflow/example_dags/example_time_delta_sensor_async.py for tasks to queue
[2025-11-17T16:27:36.480+0000] {logging_mixin.py:188} INFO - [2025-11-17T16:27:36.480+0000] {dagbag.py:545} INFO - Filling up the DagBag from /usr/local/python/3.12.1/lib/python3.12/site-packages/airflow/example_dags/example_time_delta_sensor_async.py
[2025-11-17T16:27:36.483+0000] {processor.py:840} INFO - DAG(s) 'example_time_delta_sensor_async' retrieved from /usr/local/python/3.12.1/lib/python3.12/site-packages/airflow/example_dags/example_time_delta_sensor_async.py
[2025-11-17T16:27:36.494+0000] {logging_mixin.py:188} INFO - [2025-11-17T16:27:36.494+0000] {dag.py:3096} INFO - Sync 1 DAGs
[2025-11-17T16:27:36.503+0000] {logging_mixin.py:188} INFO - [2025-11-17T16:27:36.502+0000] {dag.py:3954} INFO - Setting next_dagrun for example_time_delta_sensor_async to None, run_after=None
[2025-11-17T16:27:36.519+0000] {processor.py:183} INFO - Processing /usr/local/python/3.12.1/lib/python3.12/site-packages/airflow/example_dags/example_time_delta_sensor_async.py took 0.045 seconds
[2025-11-17T16:28:14.747+0000] {processor.py:161} INFO - Started process (PID=58353) to work on /usr/local/python/3.12.1/lib/python3.12/site-packages/airflow/example_dags/example_time_delta_sensor_async.py
[2025-11-17T16:28:14.747+0000] {processor.py:830} INFO - Processing file /usr/local/python/3.12.1/lib/python3.12/site-packages/airflow/example_dags/example_time_delta_sensor_async.py for tasks to queue
[2025-11-17T16:28:14.748+0000] {logging_mixin.py:188} INFO - [2025-11-17T16:28:14.748+0000] {dagbag.py:545} INFO - Filling up the DagBag from /usr/local/python/3.12.1/lib/python3.12/site-packages/airflow/example_dags/example_time_delta_sensor_async.py
[2025-11-17T16:28:14.752+0000] {processor.py:840} INFO - DAG(s) 'example_time_delta_sensor_async' retrieved from /usr/local/python/3.12.1/lib/python3.12/site-packages/airflow/example_dags/example_time_delta_sensor_async.py
[2025-11-17T16:28:14.763+0000] {logging_mixin.py:188} INFO - [2025-11-17T16:28:14.763+0000] {dag.py:3096} INFO - Sync 1 DAGs
[2025-11-17T16:28:14.772+0000] {logging_mixin.py:188} INFO - [2025-11-17T16:28:14.771+0000] {dag.py:3954} INFO - Setting next_dagrun for example_time_delta_sensor_async to None, run_after=None
[2025-11-17T16:28:14.789+0000] {processor.py:183} INFO - Processing /usr/local/python/3.12.1/lib/python3.12/site-packages/airflow/example_dags/example_time_delta_sensor_async.py took 0.047 seconds
[2025-11-17T16:29:10.072+0000] {processor.py:161} INFO - Started process (PID=58779) to work on /usr/local/python/3.12.1/lib/python3.12/site-packages/airflow/example_dags/example_time_delta_sensor_async.py
[2025-11-17T16:29:10.073+0000] {processor.py:830} INFO - Processing file /usr/local/python/3.12.1/lib/python3.12/site-packages/airflow/example_dags/example_time_delta_sensor_async.py for tasks to queue
[2025-11-17T16:29:10.074+0000] {logging_mixin.py:188} INFO - [2025-11-17T16:29:10.074+0000] {dagbag.py:545} INFO - Filling up the DagBag from /usr/local/python/3.12.1/lib/python3.12/site-packages/airflow/example_dags/example_time_delta_sensor_async.py
[2025-11-17T16:29:10.078+0000] {processor.py:840} INFO - DAG(s) 'example_time_delta_sensor_async' retrieved from /usr/local/python/3.12.1/lib/python3.12/site-packages/airflow/example_dags/example_time_delta_sensor_async.py
[2025-11-17T16:29:10.089+0000] {logging_mixin.py:188} INFO - [2025-11-17T16:29:10.089+0000] {dag.py:3096} INFO - Sync 1 DAGs
[2025-11-17T16:29:10.098+0000] {logging_mixin.py:188} INFO - [2025-11-17T16:29:10.098+0000] {dag.py:3954} INFO - Setting next_dagrun for example_time_delta_sensor_async to None, run_after=None
[2025-11-17T16:29:10.115+0000] {processor.py:183} INFO - Processing /usr/local/python/3.12.1/lib/python3.12/site-packages/airflow/example_dags/example_time_delta_sensor_async.py took 0.046 seconds
[2025-11-17T16:29:50.567+0000] {processor.py:161} INFO - Started process (PID=59104) to work on /usr/local/python/3.12.1/lib/python3.12/site-packages/airflow/example_dags/example_time_delta_sensor_async.py
[2025-11-17T16:29:50.568+0000] {processor.py:830} INFO - Processing file /usr/local/python/3.12.1/lib/python3.12/site-packages/airflow/example_dags/example_time_delta_sensor_async.py for tasks to queue
[2025-11-17T16:29:50.569+0000] {logging_mixin.py:188} INFO - [2025-11-17T16:29:50.569+0000] {dagbag.py:545} INFO - Filling up the DagBag from /usr/local/python/3.12.1/lib/python3.12/site-packages/airflow/example_dags/example_time_delta_sensor_async.py
[2025-11-17T16:29:50.573+0000] {processor.py:840} INFO - DAG(s) 'example_time_delta_sensor_async' retrieved from /usr/local/python/3.12.1/lib/python3.12/site-packages/airflow/example_dags/example_time_delta_sensor_async.py
[2025-11-17T16:29:50.584+0000] {logging_mixin.py:188} INFO - [2025-11-17T16:29:50.584+0000] {dag.py:3096} INFO - Sync 1 DAGs
[2025-11-17T16:29:50.593+0000] {logging_mixin.py:188} INFO - [2025-11-17T16:29:50.592+0000] {dag.py:3954} INFO - Setting next_dagrun for example_time_delta_sensor_async to None, run_after=None
[2025-11-17T16:29:50.609+0000] {processor.py:183} INFO - Processing /usr/local/python/3.12.1/lib/python3.12/site-packages/airflow/example_dags/example_time_delta_sensor_async.py took 0.046 seconds
[2025-11-17T16:30:27.977+0000] {processor.py:161} INFO - Started process (PID=59397) to work on /usr/local/python/3.12.1/lib/python3.12/site-packages/airflow/example_dags/example_time_delta_sensor_async.py
[2025-11-17T16:30:27.978+0000] {processor.py:830} INFO - Processing file /usr/local/python/3.12.1/lib/python3.12/site-packages/airflow/example_dags/example_time_delta_sensor_async.py for tasks to queue
[2025-11-17T16:30:27.979+0000] {logging_mixin.py:188} INFO - [2025-11-17T16:30:27.979+0000] {dagbag.py:545} INFO - Filling up the DagBag from /usr/local/python/3.12.1/lib/python3.12/site-packages/airflow/example_dags/example_time_delta_sensor_async.py
[2025-11-17T16:30:27.983+0000] {processor.py:840} INFO - DAG(s) 'example_time_delta_sensor_async' retrieved from /usr/local/python/3.12.1/lib/python3.12/site-packages/airflow/example_dags/example_time_delta_sensor_async.py
[2025-11-17T16:30:27.994+0000] {logging_mixin.py:188} INFO - [2025-11-17T16:30:27.994+0000] {dag.py:3096} INFO - Sync 1 DAGs
[2025-11-17T16:30:28.002+0000] {logging_mixin.py:188} INFO - [2025-11-17T16:30:28.002+0000] {dag.py:3954} INFO - Setting next_dagrun for example_time_delta_sensor_async to None, run_after=None
[2025-11-17T16:30:28.019+0000] {processor.py:183} INFO - Processing /usr/local/python/3.12.1/lib/python3.12/site-packages/airflow/example_dags/example_time_delta_sensor_async.py took 0.045 seconds
[2025-11-17T16:31:07.714+0000] {processor.py:161} INFO - Started process (PID=59763) to work on /usr/local/python/3.12.1/lib/python3.12/site-packages/airflow/example_dags/example_time_delta_sensor_async.py
[2025-11-17T16:31:07.714+0000] {processor.py:830} INFO - Processing file /usr/local/python/3.12.1/lib/python3.12/site-packages/airflow/example_dags/example_time_delta_sensor_async.py for tasks to queue
[2025-11-17T16:31:07.716+0000] {logging_mixin.py:188} INFO - [2025-11-17T16:31:07.715+0000] {dagbag.py:545} INFO - Filling up the DagBag from /usr/local/python/3.12.1/lib/python3.12/site-packages/airflow/example_dags/example_time_delta_sensor_async.py
[2025-11-17T16:31:07.719+0000] {processor.py:840} INFO - DAG(s) 'example_time_delta_sensor_async' retrieved from /usr/local/python/3.12.1/lib/python3.12/site-packages/airflow/example_dags/example_time_delta_sensor_async.py
[2025-11-17T16:31:07.731+0000] {logging_mixin.py:188} INFO - [2025-11-17T16:31:07.731+0000] {dag.py:3096} INFO - Sync 1 DAGs
[2025-11-17T16:31:07.740+0000] {logging_mixin.py:188} INFO - [2025-11-17T16:31:07.740+0000] {dag.py:3954} INFO - Setting next_dagrun for example_time_delta_sensor_async to None, run_after=None
[2025-11-17T16:31:07.756+0000] {processor.py:183} INFO - Processing /usr/local/python/3.12.1/lib/python3.12/site-packages/airflow/example_dags/example_time_delta_sensor_async.py took 0.046 seconds
[2025-11-17T16:31:45.938+0000] {processor.py:161} INFO - Started process (PID=60063) to work on /usr/local/python/3.12.1/lib/python3.12/site-packages/airflow/example_dags/example_time_delta_sensor_async.py
[2025-11-17T16:31:45.938+0000] {processor.py:830} INFO - Processing file /usr/local/python/3.12.1/lib/python3.12/site-packages/airflow/example_dags/example_time_delta_sensor_async.py for tasks to queue
[2025-11-17T16:31:45.940+0000] {logging_mixin.py:188} INFO - [2025-11-17T16:31:45.939+0000] {dagbag.py:545} INFO - Filling up the DagBag from /usr/local/python/3.12.1/lib/python3.12/site-packages/airflow/example_dags/example_time_delta_sensor_async.py
[2025-11-17T16:31:45.943+0000] {processor.py:840} INFO - DAG(s) 'example_time_delta_sensor_async' retrieved from /usr/local/python/3.12.1/lib/python3.12/site-packages/airflow/example_dags/example_time_delta_sensor_async.py
[2025-11-17T16:31:45.954+0000] {logging_mixin.py:188} INFO - [2025-11-17T16:31:45.954+0000] {dag.py:3096} INFO - Sync 1 DAGs
[2025-11-17T16:31:45.962+0000] {logging_mixin.py:188} INFO - [2025-11-17T16:31:45.962+0000] {dag.py:3954} INFO - Setting next_dagrun for example_time_delta_sensor_async to None, run_after=None
[2025-11-17T16:31:45.978+0000] {processor.py:183} INFO - Processing /usr/local/python/3.12.1/lib/python3.12/site-packages/airflow/example_dags/example_time_delta_sensor_async.py took 0.045 seconds
[2025-11-17T16:32:25.994+0000] {processor.py:161} INFO - Started process (PID=60361) to work on /usr/local/python/3.12.1/lib/python3.12/site-packages/airflow/example_dags/example_time_delta_sensor_async.py
[2025-11-17T16:32:25.995+0000] {processor.py:830} INFO - Processing file /usr/local/python/3.12.1/lib/python3.12/site-packages/airflow/example_dags/example_time_delta_sensor_async.py for tasks to queue
[2025-11-17T16:32:25.996+0000] {logging_mixin.py:188} INFO - [2025-11-17T16:32:25.996+0000] {dagbag.py:545} INFO - Filling up the DagBag from /usr/local/python/3.12.1/lib/python3.12/site-packages/airflow/example_dags/example_time_delta_sensor_async.py
[2025-11-17T16:32:26.001+0000] {processor.py:840} INFO - DAG(s) 'example_time_delta_sensor_async' retrieved from /usr/local/python/3.12.1/lib/python3.12/site-packages/airflow/example_dags/example_time_delta_sensor_async.py
[2025-11-17T16:32:26.015+0000] {logging_mixin.py:188} INFO - [2025-11-17T16:32:26.015+0000] {dag.py:3096} INFO - Sync 1 DAGs
[2025-11-17T16:32:26.024+0000] {logging_mixin.py:188} INFO - [2025-11-17T16:32:26.024+0000] {dag.py:3954} INFO - Setting next_dagrun for example_time_delta_sensor_async to None, run_after=None
[2025-11-17T16:32:26.041+0000] {processor.py:183} INFO - Processing /usr/local/python/3.12.1/lib/python3.12/site-packages/airflow/example_dags/example_time_delta_sensor_async.py took 0.053 seconds
[2025-11-17T16:33:08.681+0000] {processor.py:161} INFO - Started process (PID=60712) to work on /usr/local/python/3.12.1/lib/python3.12/site-packages/airflow/example_dags/example_time_delta_sensor_async.py
[2025-11-17T16:33:08.682+0000] {processor.py:830} INFO - Processing file /usr/local/python/3.12.1/lib/python3.12/site-packages/airflow/example_dags/example_time_delta_sensor_async.py for tasks to queue
[2025-11-17T16:33:08.683+0000] {logging_mixin.py:188} INFO - [2025-11-17T16:33:08.683+0000] {dagbag.py:545} INFO - Filling up the DagBag from /usr/local/python/3.12.1/lib/python3.12/site-packages/airflow/example_dags/example_time_delta_sensor_async.py
[2025-11-17T16:33:08.687+0000] {processor.py:840} INFO - DAG(s) 'example_time_delta_sensor_async' retrieved from /usr/local/python/3.12.1/lib/python3.12/site-packages/airflow/example_dags/example_time_delta_sensor_async.py
[2025-11-17T16:33:08.700+0000] {logging_mixin.py:188} INFO - [2025-11-17T16:33:08.699+0000] {dag.py:3096} INFO - Sync 1 DAGs
[2025-11-17T16:33:08.711+0000] {logging_mixin.py:188} INFO - [2025-11-17T16:33:08.711+0000] {dag.py:3954} INFO - Setting next_dagrun for example_time_delta_sensor_async to None, run_after=None
[2025-11-17T16:33:08.732+0000] {processor.py:183} INFO - Processing /usr/local/python/3.12.1/lib/python3.12/site-packages/airflow/example_dags/example_time_delta_sensor_async.py took 0.055 seconds
[2025-11-17T16:33:49.342+0000] {processor.py:161} INFO - Started process (PID=61024) to work on /usr/local/python/3.12.1/lib/python3.12/site-packages/airflow/example_dags/example_time_delta_sensor_async.py
[2025-11-17T16:33:49.343+0000] {processor.py:830} INFO - Processing file /usr/local/python/3.12.1/lib/python3.12/site-packages/airflow/example_dags/example_time_delta_sensor_async.py for tasks to queue
[2025-11-17T16:33:49.344+0000] {logging_mixin.py:188} INFO - [2025-11-17T16:33:49.344+0000] {dagbag.py:545} INFO - Filling up the DagBag from /usr/local/python/3.12.1/lib/python3.12/site-packages/airflow/example_dags/example_time_delta_sensor_async.py
[2025-11-17T16:33:49.348+0000] {processor.py:840} INFO - DAG(s) 'example_time_delta_sensor_async' retrieved from /usr/local/python/3.12.1/lib/python3.12/site-packages/airflow/example_dags/example_time_delta_sensor_async.py
[2025-11-17T16:33:49.360+0000] {logging_mixin.py:188} INFO - [2025-11-17T16:33:49.360+0000] {dag.py:3096} INFO - Sync 1 DAGs
[2025-11-17T16:33:49.369+0000] {logging_mixin.py:188} INFO - [2025-11-17T16:33:49.369+0000] {dag.py:3954} INFO - Setting next_dagrun for example_time_delta_sensor_async to None, run_after=None
[2025-11-17T16:33:49.387+0000] {processor.py:183} INFO - Processing /usr/local/python/3.12.1/lib/python3.12/site-packages/airflow/example_dags/example_time_delta_sensor_async.py took 0.049 seconds
[2025-11-17T16:34:28.326+0000] {processor.py:161} INFO - Started process (PID=61322) to work on /usr/local/python/3.12.1/lib/python3.12/site-packages/airflow/example_dags/example_time_delta_sensor_async.py
[2025-11-17T16:34:28.326+0000] {processor.py:830} INFO - Processing file /usr/local/python/3.12.1/lib/python3.12/site-packages/airflow/example_dags/example_time_delta_sensor_async.py for tasks to queue
[2025-11-17T16:34:28.328+0000] {logging_mixin.py:188} INFO - [2025-11-17T16:34:28.328+0000] {dagbag.py:545} INFO - Filling up the DagBag from /usr/local/python/3.12.1/lib/python3.12/site-packages/airflow/example_dags/example_time_delta_sensor_async.py
[2025-11-17T16:34:28.334+0000] {processor.py:840} INFO - DAG(s) 'example_time_delta_sensor_async' retrieved from /usr/local/python/3.12.1/lib/python3.12/site-packages/airflow/example_dags/example_time_delta_sensor_async.py
[2025-11-17T16:34:28.363+0000] {logging_mixin.py:188} INFO - [2025-11-17T16:34:28.363+0000] {dag.py:3096} INFO - Sync 1 DAGs
[2025-11-17T16:34:28.381+0000] {logging_mixin.py:188} INFO - [2025-11-17T16:34:28.381+0000] {dag.py:3954} INFO - Setting next_dagrun for example_time_delta_sensor_async to None, run_after=None
[2025-11-17T16:34:28.415+0000] {processor.py:183} INFO - Processing /usr/local/python/3.12.1/lib/python3.12/site-packages/airflow/example_dags/example_time_delta_sensor_async.py took 0.096 seconds
[2025-11-17T16:35:08.117+0000] {processor.py:161} INFO - Started process (PID=61639) to work on /usr/local/python/3.12.1/lib/python3.12/site-packages/airflow/example_dags/example_time_delta_sensor_async.py
[2025-11-17T16:35:08.118+0000] {processor.py:830} INFO - Processing file /usr/local/python/3.12.1/lib/python3.12/site-packages/airflow/example_dags/example_time_delta_sensor_async.py for tasks to queue
[2025-11-17T16:35:08.119+0000] {logging_mixin.py:188} INFO - [2025-11-17T16:35:08.119+0000] {dagbag.py:545} INFO - Filling up the DagBag from /usr/local/python/3.12.1/lib/python3.12/site-packages/airflow/example_dags/example_time_delta_sensor_async.py
[2025-11-17T16:35:08.122+0000] {processor.py:840} INFO - DAG(s) 'example_time_delta_sensor_async' retrieved from /usr/local/python/3.12.1/lib/python3.12/site-packages/airflow/example_dags/example_time_delta_sensor_async.py
[2025-11-17T16:35:08.135+0000] {logging_mixin.py:188} INFO - [2025-11-17T16:35:08.135+0000] {dag.py:3096} INFO - Sync 1 DAGs
[2025-11-17T16:35:08.143+0000] {logging_mixin.py:188} INFO - [2025-11-17T16:35:08.143+0000] {dag.py:3954} INFO - Setting next_dagrun for example_time_delta_sensor_async to None, run_after=None
[2025-11-17T16:35:08.160+0000] {processor.py:183} INFO - Processing /usr/local/python/3.12.1/lib/python3.12/site-packages/airflow/example_dags/example_time_delta_sensor_async.py took 0.047 seconds
[2025-11-17T16:36:00.500+0000] {processor.py:161} INFO - Started process (PID=62109) to work on /usr/local/python/3.12.1/lib/python3.12/site-packages/airflow/example_dags/example_time_delta_sensor_async.py
[2025-11-17T16:36:00.501+0000] {processor.py:830} INFO - Processing file /usr/local/python/3.12.1/lib/python3.12/site-packages/airflow/example_dags/example_time_delta_sensor_async.py for tasks to queue
[2025-11-17T16:36:00.502+0000] {logging_mixin.py:188} INFO - [2025-11-17T16:36:00.502+0000] {dagbag.py:545} INFO - Filling up the DagBag from /usr/local/python/3.12.1/lib/python3.12/site-packages/airflow/example_dags/example_time_delta_sensor_async.py
[2025-11-17T16:36:00.506+0000] {processor.py:840} INFO - DAG(s) 'example_time_delta_sensor_async' retrieved from /usr/local/python/3.12.1/lib/python3.12/site-packages/airflow/example_dags/example_time_delta_sensor_async.py
[2025-11-17T16:36:00.519+0000] {logging_mixin.py:188} INFO - [2025-11-17T16:36:00.519+0000] {dag.py:3096} INFO - Sync 1 DAGs
[2025-11-17T16:36:00.532+0000] {logging_mixin.py:188} INFO - [2025-11-17T16:36:00.531+0000] {dag.py:3954} INFO - Setting next_dagrun for example_time_delta_sensor_async to None, run_after=None
[2025-11-17T16:36:00.557+0000] {processor.py:183} INFO - Processing /usr/local/python/3.12.1/lib/python3.12/site-packages/airflow/example_dags/example_time_delta_sensor_async.py took 0.060 seconds
[2025-11-17T16:36:36.674+0000] {processor.py:161} INFO - Started process (PID=62389) to work on /usr/local/python/3.12.1/lib/python3.12/site-packages/airflow/example_dags/example_time_delta_sensor_async.py
[2025-11-17T16:36:36.674+0000] {processor.py:830} INFO - Processing file /usr/local/python/3.12.1/lib/python3.12/site-packages/airflow/example_dags/example_time_delta_sensor_async.py for tasks to queue
[2025-11-17T16:36:36.676+0000] {logging_mixin.py:188} INFO - [2025-11-17T16:36:36.675+0000] {dagbag.py:545} INFO - Filling up the DagBag from /usr/local/python/3.12.1/lib/python3.12/site-packages/airflow/example_dags/example_time_delta_sensor_async.py
[2025-11-17T16:36:36.679+0000] {processor.py:840} INFO - DAG(s) 'example_time_delta_sensor_async' retrieved from /usr/local/python/3.12.1/lib/python3.12/site-packages/airflow/example_dags/example_time_delta_sensor_async.py
[2025-11-17T16:36:36.691+0000] {logging_mixin.py:188} INFO - [2025-11-17T16:36:36.691+0000] {dag.py:3096} INFO - Sync 1 DAGs
[2025-11-17T16:36:36.699+0000] {logging_mixin.py:188} INFO - [2025-11-17T16:36:36.699+0000] {dag.py:3954} INFO - Setting next_dagrun for example_time_delta_sensor_async to None, run_after=None
[2025-11-17T16:36:36.717+0000] {processor.py:183} INFO - Processing /usr/local/python/3.12.1/lib/python3.12/site-packages/airflow/example_dags/example_time_delta_sensor_async.py took 0.048 seconds
[2025-11-17T16:37:17.650+0000] {processor.py:161} INFO - Started process (PID=62707) to work on /usr/local/python/3.12.1/lib/python3.12/site-packages/airflow/example_dags/example_time_delta_sensor_async.py
[2025-11-17T16:37:17.651+0000] {processor.py:830} INFO - Processing file /usr/local/python/3.12.1/lib/python3.12/site-packages/airflow/example_dags/example_time_delta_sensor_async.py for tasks to queue
[2025-11-17T16:37:17.652+0000] {logging_mixin.py:188} INFO - [2025-11-17T16:37:17.652+0000] {dagbag.py:545} INFO - Filling up the DagBag from /usr/local/python/3.12.1/lib/python3.12/site-packages/airflow/example_dags/example_time_delta_sensor_async.py
[2025-11-17T16:37:17.655+0000] {processor.py:840} INFO - DAG(s) 'example_time_delta_sensor_async' retrieved from /usr/local/python/3.12.1/lib/python3.12/site-packages/airflow/example_dags/example_time_delta_sensor_async.py
[2025-11-17T16:37:17.667+0000] {logging_mixin.py:188} INFO - [2025-11-17T16:37:17.667+0000] {dag.py:3096} INFO - Sync 1 DAGs
[2025-11-17T16:37:17.677+0000] {logging_mixin.py:188} INFO - [2025-11-17T16:37:17.677+0000] {dag.py:3954} INFO - Setting next_dagrun for example_time_delta_sensor_async to None, run_after=None
[2025-11-17T16:37:17.695+0000] {processor.py:183} INFO - Processing /usr/local/python/3.12.1/lib/python3.12/site-packages/airflow/example_dags/example_time_delta_sensor_async.py took 0.049 seconds
[2025-11-17T16:38:02.646+0000] {processor.py:161} INFO - Started process (PID=63288) to work on /usr/local/python/3.12.1/lib/python3.12/site-packages/airflow/example_dags/example_time_delta_sensor_async.py
[2025-11-17T16:38:02.646+0000] {processor.py:830} INFO - Processing file /usr/local/python/3.12.1/lib/python3.12/site-packages/airflow/example_dags/example_time_delta_sensor_async.py for tasks to queue
[2025-11-17T16:38:02.648+0000] {logging_mixin.py:188} INFO - [2025-11-17T16:38:02.647+0000] {dagbag.py:545} INFO - Filling up the DagBag from /usr/local/python/3.12.1/lib/python3.12/site-packages/airflow/example_dags/example_time_delta_sensor_async.py
[2025-11-17T16:38:02.651+0000] {processor.py:840} INFO - DAG(s) 'example_time_delta_sensor_async' retrieved from /usr/local/python/3.12.1/lib/python3.12/site-packages/airflow/example_dags/example_time_delta_sensor_async.py
[2025-11-17T16:38:02.663+0000] {logging_mixin.py:188} INFO - [2025-11-17T16:38:02.662+0000] {dag.py:3096} INFO - Sync 1 DAGs
[2025-11-17T16:38:02.671+0000] {logging_mixin.py:188} INFO - [2025-11-17T16:38:02.671+0000] {dag.py:3954} INFO - Setting next_dagrun for example_time_delta_sensor_async to None, run_after=None
[2025-11-17T16:38:02.688+0000] {processor.py:183} INFO - Processing /usr/local/python/3.12.1/lib/python3.12/site-packages/airflow/example_dags/example_time_delta_sensor_async.py took 0.046 seconds
[2025-11-17T16:38:44.286+0000] {processor.py:161} INFO - Started process (PID=63539) to work on /usr/local/python/3.12.1/lib/python3.12/site-packages/airflow/example_dags/example_time_delta_sensor_async.py
[2025-11-17T16:38:44.287+0000] {processor.py:830} INFO - Processing file /usr/local/python/3.12.1/lib/python3.12/site-packages/airflow/example_dags/example_time_delta_sensor_async.py for tasks to queue
[2025-11-17T16:38:44.288+0000] {logging_mixin.py:188} INFO - [2025-11-17T16:38:44.288+0000] {dagbag.py:545} INFO - Filling up the DagBag from /usr/local/python/3.12.1/lib/python3.12/site-packages/airflow/example_dags/example_time_delta_sensor_async.py
[2025-11-17T16:38:44.291+0000] {processor.py:840} INFO - DAG(s) 'example_time_delta_sensor_async' retrieved from /usr/local/python/3.12.1/lib/python3.12/site-packages/airflow/example_dags/example_time_delta_sensor_async.py
[2025-11-17T16:38:44.303+0000] {logging_mixin.py:188} INFO - [2025-11-17T16:38:44.302+0000] {dag.py:3096} INFO - Sync 1 DAGs
[2025-11-17T16:38:44.311+0000] {logging_mixin.py:188} INFO - [2025-11-17T16:38:44.311+0000] {dag.py:3954} INFO - Setting next_dagrun for example_time_delta_sensor_async to None, run_after=None
[2025-11-17T16:38:44.327+0000] {processor.py:183} INFO - Processing /usr/local/python/3.12.1/lib/python3.12/site-packages/airflow/example_dags/example_time_delta_sensor_async.py took 0.045 seconds
