[2025-11-17T15:42:42.062+0000] {processor.py:161} INFO - Started process (PID=28190) to work on /usr/local/python/3.12.1/lib/python3.12/site-packages/airflow/example_dags/example_dag_decorator.py
[2025-11-17T15:42:42.062+0000] {processor.py:830} INFO - Processing file /usr/local/python/3.12.1/lib/python3.12/site-packages/airflow/example_dags/example_dag_decorator.py for tasks to queue
[2025-11-17T15:42:42.063+0000] {logging_mixin.py:188} INFO - [2025-11-17T15:42:42.063+0000] {dagbag.py:545} INFO - Filling up the DagBag from /usr/local/python/3.12.1/lib/python3.12/site-packages/airflow/example_dags/example_dag_decorator.py
[2025-11-17T15:42:42.135+0000] {processor.py:840} INFO - DAG(s) 'example_dag_decorator' retrieved from /usr/local/python/3.12.1/lib/python3.12/site-packages/airflow/example_dags/example_dag_decorator.py
[2025-11-17T15:42:42.221+0000] {logging_mixin.py:188} INFO - [2025-11-17T15:42:42.220+0000] {override.py:1829} INFO - Created Permission View: can read on DAG:example_dag_decorator
[2025-11-17T15:42:42.231+0000] {logging_mixin.py:188} INFO - [2025-11-17T15:42:42.231+0000] {override.py:1829} INFO - Created Permission View: can edit on DAG:example_dag_decorator
[2025-11-17T15:42:42.237+0000] {logging_mixin.py:188} INFO - [2025-11-17T15:42:42.237+0000] {override.py:1829} INFO - Created Permission View: can delete on DAG:example_dag_decorator
[2025-11-17T15:42:42.237+0000] {logging_mixin.py:188} INFO - [2025-11-17T15:42:42.237+0000] {dag.py:3096} INFO - Sync 1 DAGs
[2025-11-17T15:42:42.245+0000] {logging_mixin.py:188} INFO - [2025-11-17T15:42:42.245+0000] {dag.py:3118} INFO - Creating ORM DAG for example_dag_decorator
[2025-11-17T15:42:42.246+0000] {logging_mixin.py:188} INFO - [2025-11-17T15:42:42.246+0000] {dag.py:3954} INFO - Setting next_dagrun for example_dag_decorator to None, run_after=None
[2025-11-17T15:42:42.264+0000] {processor.py:183} INFO - Processing /usr/local/python/3.12.1/lib/python3.12/site-packages/airflow/example_dags/example_dag_decorator.py took 0.206 seconds
[2025-11-17T15:43:34.404+0000] {processor.py:161} INFO - Started process (PID=29263) to work on /usr/local/python/3.12.1/lib/python3.12/site-packages/airflow/example_dags/example_dag_decorator.py
[2025-11-17T15:43:34.405+0000] {processor.py:830} INFO - Processing file /usr/local/python/3.12.1/lib/python3.12/site-packages/airflow/example_dags/example_dag_decorator.py for tasks to queue
[2025-11-17T15:43:34.406+0000] {logging_mixin.py:188} INFO - [2025-11-17T15:43:34.406+0000] {dagbag.py:545} INFO - Filling up the DagBag from /usr/local/python/3.12.1/lib/python3.12/site-packages/airflow/example_dags/example_dag_decorator.py
[2025-11-17T15:43:34.479+0000] {processor.py:840} INFO - DAG(s) 'example_dag_decorator' retrieved from /usr/local/python/3.12.1/lib/python3.12/site-packages/airflow/example_dags/example_dag_decorator.py
[2025-11-17T15:43:34.557+0000] {logging_mixin.py:188} INFO - [2025-11-17T15:43:34.556+0000] {dag.py:3096} INFO - Sync 1 DAGs
[2025-11-17T15:43:34.563+0000] {logging_mixin.py:188} INFO - [2025-11-17T15:43:34.563+0000] {dag.py:3954} INFO - Setting next_dagrun for example_dag_decorator to None, run_after=None
[2025-11-17T15:43:34.579+0000] {processor.py:183} INFO - Processing /usr/local/python/3.12.1/lib/python3.12/site-packages/airflow/example_dags/example_dag_decorator.py took 0.180 seconds
[2025-11-17T15:44:30.170+0000] {processor.py:161} INFO - Started process (PID=29768) to work on /usr/local/python/3.12.1/lib/python3.12/site-packages/airflow/example_dags/example_dag_decorator.py
[2025-11-17T15:44:30.170+0000] {processor.py:830} INFO - Processing file /usr/local/python/3.12.1/lib/python3.12/site-packages/airflow/example_dags/example_dag_decorator.py for tasks to queue
[2025-11-17T15:44:30.172+0000] {logging_mixin.py:188} INFO - [2025-11-17T15:44:30.171+0000] {dagbag.py:545} INFO - Filling up the DagBag from /usr/local/python/3.12.1/lib/python3.12/site-packages/airflow/example_dags/example_dag_decorator.py
[2025-11-17T15:44:30.244+0000] {processor.py:840} INFO - DAG(s) 'example_dag_decorator' retrieved from /usr/local/python/3.12.1/lib/python3.12/site-packages/airflow/example_dags/example_dag_decorator.py
[2025-11-17T15:44:30.321+0000] {logging_mixin.py:188} INFO - [2025-11-17T15:44:30.321+0000] {dag.py:3096} INFO - Sync 1 DAGs
[2025-11-17T15:44:30.416+0000] {logging_mixin.py:188} INFO - [2025-11-17T15:44:30.416+0000] {dag.py:3954} INFO - Setting next_dagrun for example_dag_decorator to None, run_after=None
[2025-11-17T15:44:30.437+0000] {processor.py:183} INFO - Processing /usr/local/python/3.12.1/lib/python3.12/site-packages/airflow/example_dags/example_dag_decorator.py took 0.271 seconds
[2025-11-17T15:45:29.918+0000] {processor.py:161} INFO - Started process (PID=30840) to work on /usr/local/python/3.12.1/lib/python3.12/site-packages/airflow/example_dags/example_dag_decorator.py
[2025-11-17T15:45:29.919+0000] {processor.py:830} INFO - Processing file /usr/local/python/3.12.1/lib/python3.12/site-packages/airflow/example_dags/example_dag_decorator.py for tasks to queue
[2025-11-17T15:45:29.920+0000] {logging_mixin.py:188} INFO - [2025-11-17T15:45:29.920+0000] {dagbag.py:545} INFO - Filling up the DagBag from /usr/local/python/3.12.1/lib/python3.12/site-packages/airflow/example_dags/example_dag_decorator.py
[2025-11-17T15:45:29.997+0000] {processor.py:840} INFO - DAG(s) 'example_dag_decorator' retrieved from /usr/local/python/3.12.1/lib/python3.12/site-packages/airflow/example_dags/example_dag_decorator.py
[2025-11-17T15:45:30.150+0000] {logging_mixin.py:188} INFO - [2025-11-17T15:45:30.150+0000] {dag.py:3096} INFO - Sync 1 DAGs
[2025-11-17T15:45:30.156+0000] {logging_mixin.py:188} INFO - [2025-11-17T15:45:30.156+0000] {dag.py:3954} INFO - Setting next_dagrun for example_dag_decorator to None, run_after=None
[2025-11-17T15:45:30.171+0000] {processor.py:183} INFO - Processing /usr/local/python/3.12.1/lib/python3.12/site-packages/airflow/example_dags/example_dag_decorator.py took 0.257 seconds
[2025-11-17T16:01:16.281+0000] {processor.py:161} INFO - Started process (PID=41169) to work on /usr/local/python/3.12.1/lib/python3.12/site-packages/airflow/example_dags/example_dag_decorator.py
[2025-11-17T16:01:16.282+0000] {processor.py:830} INFO - Processing file /usr/local/python/3.12.1/lib/python3.12/site-packages/airflow/example_dags/example_dag_decorator.py for tasks to queue
[2025-11-17T16:01:16.283+0000] {logging_mixin.py:188} INFO - [2025-11-17T16:01:16.282+0000] {dagbag.py:545} INFO - Filling up the DagBag from /usr/local/python/3.12.1/lib/python3.12/site-packages/airflow/example_dags/example_dag_decorator.py
[2025-11-17T16:01:16.353+0000] {processor.py:840} INFO - DAG(s) 'example_dag_decorator' retrieved from /usr/local/python/3.12.1/lib/python3.12/site-packages/airflow/example_dags/example_dag_decorator.py
[2025-11-17T16:01:16.428+0000] {logging_mixin.py:188} INFO - [2025-11-17T16:01:16.428+0000] {dag.py:3096} INFO - Sync 1 DAGs
[2025-11-17T16:01:16.435+0000] {logging_mixin.py:188} INFO - [2025-11-17T16:01:16.435+0000] {dag.py:3954} INFO - Setting next_dagrun for example_dag_decorator to None, run_after=None
[2025-11-17T16:01:16.450+0000] {processor.py:183} INFO - Processing /usr/local/python/3.12.1/lib/python3.12/site-packages/airflow/example_dags/example_dag_decorator.py took 0.173 seconds
[2025-11-17T16:02:06.634+0000] {processor.py:161} INFO - Started process (PID=41756) to work on /usr/local/python/3.12.1/lib/python3.12/site-packages/airflow/example_dags/example_dag_decorator.py
[2025-11-17T16:02:06.635+0000] {processor.py:830} INFO - Processing file /usr/local/python/3.12.1/lib/python3.12/site-packages/airflow/example_dags/example_dag_decorator.py for tasks to queue
[2025-11-17T16:02:06.636+0000] {logging_mixin.py:188} INFO - [2025-11-17T16:02:06.636+0000] {dagbag.py:545} INFO - Filling up the DagBag from /usr/local/python/3.12.1/lib/python3.12/site-packages/airflow/example_dags/example_dag_decorator.py
[2025-11-17T16:02:06.712+0000] {processor.py:840} INFO - DAG(s) 'example_dag_decorator' retrieved from /usr/local/python/3.12.1/lib/python3.12/site-packages/airflow/example_dags/example_dag_decorator.py
[2025-11-17T16:02:06.787+0000] {logging_mixin.py:188} INFO - [2025-11-17T16:02:06.787+0000] {dag.py:3096} INFO - Sync 1 DAGs
[2025-11-17T16:02:06.794+0000] {logging_mixin.py:188} INFO - [2025-11-17T16:02:06.793+0000] {dag.py:3954} INFO - Setting next_dagrun for example_dag_decorator to None, run_after=None
[2025-11-17T16:02:06.809+0000] {processor.py:183} INFO - Processing /usr/local/python/3.12.1/lib/python3.12/site-packages/airflow/example_dags/example_dag_decorator.py took 0.178 seconds
[2025-11-17T16:03:10.244+0000] {processor.py:161} INFO - Started process (PID=42608) to work on /usr/local/python/3.12.1/lib/python3.12/site-packages/airflow/example_dags/example_dag_decorator.py
[2025-11-17T16:03:10.245+0000] {processor.py:830} INFO - Processing file /usr/local/python/3.12.1/lib/python3.12/site-packages/airflow/example_dags/example_dag_decorator.py for tasks to queue
[2025-11-17T16:03:10.246+0000] {logging_mixin.py:188} INFO - [2025-11-17T16:03:10.246+0000] {dagbag.py:545} INFO - Filling up the DagBag from /usr/local/python/3.12.1/lib/python3.12/site-packages/airflow/example_dags/example_dag_decorator.py
[2025-11-17T16:03:10.316+0000] {processor.py:840} INFO - DAG(s) 'example_dag_decorator' retrieved from /usr/local/python/3.12.1/lib/python3.12/site-packages/airflow/example_dags/example_dag_decorator.py
[2025-11-17T16:03:10.391+0000] {logging_mixin.py:188} INFO - [2025-11-17T16:03:10.390+0000] {dag.py:3096} INFO - Sync 1 DAGs
[2025-11-17T16:03:10.476+0000] {logging_mixin.py:188} INFO - [2025-11-17T16:03:10.476+0000] {dag.py:3954} INFO - Setting next_dagrun for example_dag_decorator to None, run_after=None
[2025-11-17T16:03:10.492+0000] {processor.py:183} INFO - Processing /usr/local/python/3.12.1/lib/python3.12/site-packages/airflow/example_dags/example_dag_decorator.py took 0.252 seconds
[2025-11-17T16:04:11.057+0000] {processor.py:161} INFO - Started process (PID=43385) to work on /usr/local/python/3.12.1/lib/python3.12/site-packages/airflow/example_dags/example_dag_decorator.py
[2025-11-17T16:04:11.058+0000] {processor.py:830} INFO - Processing file /usr/local/python/3.12.1/lib/python3.12/site-packages/airflow/example_dags/example_dag_decorator.py for tasks to queue
[2025-11-17T16:04:11.059+0000] {logging_mixin.py:188} INFO - [2025-11-17T16:04:11.059+0000] {dagbag.py:545} INFO - Filling up the DagBag from /usr/local/python/3.12.1/lib/python3.12/site-packages/airflow/example_dags/example_dag_decorator.py
[2025-11-17T16:04:11.133+0000] {processor.py:840} INFO - DAG(s) 'example_dag_decorator' retrieved from /usr/local/python/3.12.1/lib/python3.12/site-packages/airflow/example_dags/example_dag_decorator.py
[2025-11-17T16:04:11.305+0000] {logging_mixin.py:188} INFO - [2025-11-17T16:04:11.305+0000] {dag.py:3096} INFO - Sync 1 DAGs
[2025-11-17T16:04:11.311+0000] {logging_mixin.py:188} INFO - [2025-11-17T16:04:11.311+0000] {dag.py:3954} INFO - Setting next_dagrun for example_dag_decorator to None, run_after=None
[2025-11-17T16:04:11.326+0000] {processor.py:183} INFO - Processing /usr/local/python/3.12.1/lib/python3.12/site-packages/airflow/example_dags/example_dag_decorator.py took 0.273 seconds
[2025-11-17T16:05:13.565+0000] {processor.py:161} INFO - Started process (PID=44169) to work on /usr/local/python/3.12.1/lib/python3.12/site-packages/airflow/example_dags/example_dag_decorator.py
[2025-11-17T16:05:13.566+0000] {processor.py:830} INFO - Processing file /usr/local/python/3.12.1/lib/python3.12/site-packages/airflow/example_dags/example_dag_decorator.py for tasks to queue
[2025-11-17T16:05:13.567+0000] {logging_mixin.py:188} INFO - [2025-11-17T16:05:13.566+0000] {dagbag.py:545} INFO - Filling up the DagBag from /usr/local/python/3.12.1/lib/python3.12/site-packages/airflow/example_dags/example_dag_decorator.py
[2025-11-17T16:05:13.638+0000] {processor.py:840} INFO - DAG(s) 'example_dag_decorator' retrieved from /usr/local/python/3.12.1/lib/python3.12/site-packages/airflow/example_dags/example_dag_decorator.py
[2025-11-17T16:05:13.821+0000] {logging_mixin.py:188} INFO - [2025-11-17T16:05:13.820+0000] {dag.py:3096} INFO - Sync 1 DAGs
[2025-11-17T16:05:13.829+0000] {logging_mixin.py:188} INFO - [2025-11-17T16:05:13.829+0000] {dag.py:3954} INFO - Setting next_dagrun for example_dag_decorator to None, run_after=None
[2025-11-17T16:05:13.845+0000] {processor.py:183} INFO - Processing /usr/local/python/3.12.1/lib/python3.12/site-packages/airflow/example_dags/example_dag_decorator.py took 0.284 seconds
[2025-11-17T16:06:32.725+0000] {processor.py:161} INFO - Started process (PID=45164) to work on /usr/local/python/3.12.1/lib/python3.12/site-packages/airflow/example_dags/example_dag_decorator.py
[2025-11-17T16:06:32.725+0000] {processor.py:830} INFO - Processing file /usr/local/python/3.12.1/lib/python3.12/site-packages/airflow/example_dags/example_dag_decorator.py for tasks to queue
[2025-11-17T16:06:32.727+0000] {logging_mixin.py:188} INFO - [2025-11-17T16:06:32.726+0000] {dagbag.py:545} INFO - Filling up the DagBag from /usr/local/python/3.12.1/lib/python3.12/site-packages/airflow/example_dags/example_dag_decorator.py
[2025-11-17T16:06:32.796+0000] {processor.py:840} INFO - DAG(s) 'example_dag_decorator' retrieved from /usr/local/python/3.12.1/lib/python3.12/site-packages/airflow/example_dags/example_dag_decorator.py
[2025-11-17T16:06:32.875+0000] {logging_mixin.py:188} INFO - [2025-11-17T16:06:32.875+0000] {dag.py:3096} INFO - Sync 1 DAGs
[2025-11-17T16:06:32.884+0000] {logging_mixin.py:188} INFO - [2025-11-17T16:06:32.884+0000] {dag.py:3954} INFO - Setting next_dagrun for example_dag_decorator to None, run_after=None
[2025-11-17T16:06:32.907+0000] {processor.py:183} INFO - Processing /usr/local/python/3.12.1/lib/python3.12/site-packages/airflow/example_dags/example_dag_decorator.py took 0.186 seconds
[2025-11-17T16:07:23.129+0000] {processor.py:161} INFO - Started process (PID=46632) to work on /usr/local/python/3.12.1/lib/python3.12/site-packages/airflow/example_dags/example_dag_decorator.py
[2025-11-17T16:07:23.129+0000] {processor.py:830} INFO - Processing file /usr/local/python/3.12.1/lib/python3.12/site-packages/airflow/example_dags/example_dag_decorator.py for tasks to queue
[2025-11-17T16:07:23.131+0000] {logging_mixin.py:188} INFO - [2025-11-17T16:07:23.130+0000] {dagbag.py:545} INFO - Filling up the DagBag from /usr/local/python/3.12.1/lib/python3.12/site-packages/airflow/example_dags/example_dag_decorator.py
[2025-11-17T16:07:23.224+0000] {processor.py:840} INFO - DAG(s) 'example_dag_decorator' retrieved from /usr/local/python/3.12.1/lib/python3.12/site-packages/airflow/example_dags/example_dag_decorator.py
[2025-11-17T16:07:23.243+0000] {logging_mixin.py:188} INFO - [2025-11-17T16:07:23.243+0000] {dag.py:3096} INFO - Sync 1 DAGs
[2025-11-17T16:07:23.256+0000] {logging_mixin.py:188} INFO - [2025-11-17T16:07:23.255+0000] {dag.py:3954} INFO - Setting next_dagrun for example_dag_decorator to None, run_after=None
[2025-11-17T16:07:23.279+0000] {processor.py:183} INFO - Processing /usr/local/python/3.12.1/lib/python3.12/site-packages/airflow/example_dags/example_dag_decorator.py took 0.154 seconds
[2025-11-17T16:08:19.799+0000] {processor.py:161} INFO - Started process (PID=47435) to work on /usr/local/python/3.12.1/lib/python3.12/site-packages/airflow/example_dags/example_dag_decorator.py
[2025-11-17T16:08:19.799+0000] {processor.py:830} INFO - Processing file /usr/local/python/3.12.1/lib/python3.12/site-packages/airflow/example_dags/example_dag_decorator.py for tasks to queue
[2025-11-17T16:08:19.801+0000] {logging_mixin.py:188} INFO - [2025-11-17T16:08:19.801+0000] {dagbag.py:545} INFO - Filling up the DagBag from /usr/local/python/3.12.1/lib/python3.12/site-packages/airflow/example_dags/example_dag_decorator.py
[2025-11-17T16:08:19.872+0000] {processor.py:840} INFO - DAG(s) 'example_dag_decorator' retrieved from /usr/local/python/3.12.1/lib/python3.12/site-packages/airflow/example_dags/example_dag_decorator.py
[2025-11-17T16:08:19.957+0000] {logging_mixin.py:188} INFO - [2025-11-17T16:08:19.957+0000] {dag.py:3096} INFO - Sync 1 DAGs
[2025-11-17T16:08:20.047+0000] {logging_mixin.py:188} INFO - [2025-11-17T16:08:20.047+0000] {dag.py:3954} INFO - Setting next_dagrun for example_dag_decorator to None, run_after=None
[2025-11-17T16:08:20.062+0000] {processor.py:183} INFO - Processing /usr/local/python/3.12.1/lib/python3.12/site-packages/airflow/example_dags/example_dag_decorator.py took 0.268 seconds
[2025-11-17T16:09:21.429+0000] {processor.py:161} INFO - Started process (PID=48310) to work on /usr/local/python/3.12.1/lib/python3.12/site-packages/airflow/example_dags/example_dag_decorator.py
[2025-11-17T16:09:21.429+0000] {processor.py:830} INFO - Processing file /usr/local/python/3.12.1/lib/python3.12/site-packages/airflow/example_dags/example_dag_decorator.py for tasks to queue
[2025-11-17T16:09:21.431+0000] {logging_mixin.py:188} INFO - [2025-11-17T16:09:21.430+0000] {dagbag.py:545} INFO - Filling up the DagBag from /usr/local/python/3.12.1/lib/python3.12/site-packages/airflow/example_dags/example_dag_decorator.py
[2025-11-17T16:09:21.501+0000] {processor.py:840} INFO - DAG(s) 'example_dag_decorator' retrieved from /usr/local/python/3.12.1/lib/python3.12/site-packages/airflow/example_dags/example_dag_decorator.py
[2025-11-17T16:09:21.665+0000] {logging_mixin.py:188} INFO - [2025-11-17T16:09:21.665+0000] {dag.py:3096} INFO - Sync 1 DAGs
[2025-11-17T16:09:21.674+0000] {logging_mixin.py:188} INFO - [2025-11-17T16:09:21.674+0000] {dag.py:3954} INFO - Setting next_dagrun for example_dag_decorator to None, run_after=None
[2025-11-17T16:09:21.693+0000] {processor.py:183} INFO - Processing /usr/local/python/3.12.1/lib/python3.12/site-packages/airflow/example_dags/example_dag_decorator.py took 0.270 seconds
[2025-11-17T16:10:20.702+0000] {processor.py:161} INFO - Started process (PID=49231) to work on /usr/local/python/3.12.1/lib/python3.12/site-packages/airflow/example_dags/example_dag_decorator.py
[2025-11-17T16:10:20.703+0000] {processor.py:830} INFO - Processing file /usr/local/python/3.12.1/lib/python3.12/site-packages/airflow/example_dags/example_dag_decorator.py for tasks to queue
[2025-11-17T16:10:20.704+0000] {logging_mixin.py:188} INFO - [2025-11-17T16:10:20.704+0000] {dagbag.py:545} INFO - Filling up the DagBag from /usr/local/python/3.12.1/lib/python3.12/site-packages/airflow/example_dags/example_dag_decorator.py
[2025-11-17T16:10:20.775+0000] {processor.py:840} INFO - DAG(s) 'example_dag_decorator' retrieved from /usr/local/python/3.12.1/lib/python3.12/site-packages/airflow/example_dags/example_dag_decorator.py
[2025-11-17T16:10:20.926+0000] {logging_mixin.py:188} INFO - [2025-11-17T16:10:20.925+0000] {dag.py:3096} INFO - Sync 1 DAGs
[2025-11-17T16:10:20.932+0000] {logging_mixin.py:188} INFO - [2025-11-17T16:10:20.932+0000] {dag.py:3954} INFO - Setting next_dagrun for example_dag_decorator to None, run_after=None
[2025-11-17T16:10:20.947+0000] {processor.py:183} INFO - Processing /usr/local/python/3.12.1/lib/python3.12/site-packages/airflow/example_dags/example_dag_decorator.py took 0.249 seconds
[2025-11-17T16:11:19.702+0000] {processor.py:161} INFO - Started process (PID=50194) to work on /usr/local/python/3.12.1/lib/python3.12/site-packages/airflow/example_dags/example_dag_decorator.py
[2025-11-17T16:11:19.704+0000] {processor.py:830} INFO - Processing file /usr/local/python/3.12.1/lib/python3.12/site-packages/airflow/example_dags/example_dag_decorator.py for tasks to queue
[2025-11-17T16:11:19.705+0000] {logging_mixin.py:188} INFO - [2025-11-17T16:11:19.705+0000] {dagbag.py:545} INFO - Filling up the DagBag from /usr/local/python/3.12.1/lib/python3.12/site-packages/airflow/example_dags/example_dag_decorator.py
[2025-11-17T16:11:19.881+0000] {processor.py:840} INFO - DAG(s) 'example_dag_decorator' retrieved from /usr/local/python/3.12.1/lib/python3.12/site-packages/airflow/example_dags/example_dag_decorator.py
[2025-11-17T16:11:19.954+0000] {logging_mixin.py:188} INFO - [2025-11-17T16:11:19.953+0000] {dag.py:3096} INFO - Sync 1 DAGs
[2025-11-17T16:11:19.960+0000] {logging_mixin.py:188} INFO - [2025-11-17T16:11:19.960+0000] {dag.py:3954} INFO - Setting next_dagrun for example_dag_decorator to None, run_after=None
[2025-11-17T16:11:19.976+0000] {processor.py:183} INFO - Processing /usr/local/python/3.12.1/lib/python3.12/site-packages/airflow/example_dags/example_dag_decorator.py took 0.278 seconds
[2025-11-17T16:12:27.221+0000] {processor.py:161} INFO - Started process (PID=50769) to work on /usr/local/python/3.12.1/lib/python3.12/site-packages/airflow/example_dags/example_dag_decorator.py
[2025-11-17T16:12:27.221+0000] {processor.py:830} INFO - Processing file /usr/local/python/3.12.1/lib/python3.12/site-packages/airflow/example_dags/example_dag_decorator.py for tasks to queue
[2025-11-17T16:12:27.223+0000] {logging_mixin.py:188} INFO - [2025-11-17T16:12:27.222+0000] {dagbag.py:545} INFO - Filling up the DagBag from /usr/local/python/3.12.1/lib/python3.12/site-packages/airflow/example_dags/example_dag_decorator.py
[2025-11-17T16:12:27.307+0000] {processor.py:840} INFO - DAG(s) 'example_dag_decorator' retrieved from /usr/local/python/3.12.1/lib/python3.12/site-packages/airflow/example_dags/example_dag_decorator.py
[2025-11-17T16:12:27.393+0000] {logging_mixin.py:188} INFO - [2025-11-17T16:12:27.393+0000] {dag.py:3096} INFO - Sync 1 DAGs
[2025-11-17T16:12:27.401+0000] {logging_mixin.py:188} INFO - [2025-11-17T16:12:27.400+0000] {dag.py:3954} INFO - Setting next_dagrun for example_dag_decorator to None, run_after=None
[2025-11-17T16:12:27.416+0000] {processor.py:183} INFO - Processing /usr/local/python/3.12.1/lib/python3.12/site-packages/airflow/example_dags/example_dag_decorator.py took 0.201 seconds
[2025-11-17T16:13:33.957+0000] {processor.py:161} INFO - Started process (PID=51281) to work on /usr/local/python/3.12.1/lib/python3.12/site-packages/airflow/example_dags/example_dag_decorator.py
[2025-11-17T16:13:33.957+0000] {processor.py:830} INFO - Processing file /usr/local/python/3.12.1/lib/python3.12/site-packages/airflow/example_dags/example_dag_decorator.py for tasks to queue
[2025-11-17T16:13:33.958+0000] {logging_mixin.py:188} INFO - [2025-11-17T16:13:33.958+0000] {dagbag.py:545} INFO - Filling up the DagBag from /usr/local/python/3.12.1/lib/python3.12/site-packages/airflow/example_dags/example_dag_decorator.py
[2025-11-17T16:13:34.032+0000] {processor.py:840} INFO - DAG(s) 'example_dag_decorator' retrieved from /usr/local/python/3.12.1/lib/python3.12/site-packages/airflow/example_dags/example_dag_decorator.py
[2025-11-17T16:13:34.108+0000] {logging_mixin.py:188} INFO - [2025-11-17T16:13:34.107+0000] {dag.py:3096} INFO - Sync 1 DAGs
[2025-11-17T16:13:34.115+0000] {logging_mixin.py:188} INFO - [2025-11-17T16:13:34.115+0000] {dag.py:3954} INFO - Setting next_dagrun for example_dag_decorator to None, run_after=None
[2025-11-17T16:13:34.131+0000] {processor.py:183} INFO - Processing /usr/local/python/3.12.1/lib/python3.12/site-packages/airflow/example_dags/example_dag_decorator.py took 0.179 seconds
[2025-11-17T16:14:33.774+0000] {processor.py:161} INFO - Started process (PID=51754) to work on /usr/local/python/3.12.1/lib/python3.12/site-packages/airflow/example_dags/example_dag_decorator.py
[2025-11-17T16:14:33.774+0000] {processor.py:830} INFO - Processing file /usr/local/python/3.12.1/lib/python3.12/site-packages/airflow/example_dags/example_dag_decorator.py for tasks to queue
[2025-11-17T16:14:33.776+0000] {logging_mixin.py:188} INFO - [2025-11-17T16:14:33.775+0000] {dagbag.py:545} INFO - Filling up the DagBag from /usr/local/python/3.12.1/lib/python3.12/site-packages/airflow/example_dags/example_dag_decorator.py
[2025-11-17T16:14:33.847+0000] {processor.py:840} INFO - DAG(s) 'example_dag_decorator' retrieved from /usr/local/python/3.12.1/lib/python3.12/site-packages/airflow/example_dags/example_dag_decorator.py
[2025-11-17T16:14:33.922+0000] {logging_mixin.py:188} INFO - [2025-11-17T16:14:33.922+0000] {dag.py:3096} INFO - Sync 1 DAGs
[2025-11-17T16:14:33.930+0000] {logging_mixin.py:188} INFO - [2025-11-17T16:14:33.930+0000] {dag.py:3954} INFO - Setting next_dagrun for example_dag_decorator to None, run_after=None
[2025-11-17T16:14:33.947+0000] {processor.py:183} INFO - Processing /usr/local/python/3.12.1/lib/python3.12/site-packages/airflow/example_dags/example_dag_decorator.py took 0.177 seconds
[2025-11-17T16:15:33.058+0000] {processor.py:161} INFO - Started process (PID=52224) to work on /usr/local/python/3.12.1/lib/python3.12/site-packages/airflow/example_dags/example_dag_decorator.py
[2025-11-17T16:15:33.059+0000] {processor.py:830} INFO - Processing file /usr/local/python/3.12.1/lib/python3.12/site-packages/airflow/example_dags/example_dag_decorator.py for tasks to queue
[2025-11-17T16:15:33.060+0000] {logging_mixin.py:188} INFO - [2025-11-17T16:15:33.060+0000] {dagbag.py:545} INFO - Filling up the DagBag from /usr/local/python/3.12.1/lib/python3.12/site-packages/airflow/example_dags/example_dag_decorator.py
[2025-11-17T16:15:33.151+0000] {processor.py:840} INFO - DAG(s) 'example_dag_decorator' retrieved from /usr/local/python/3.12.1/lib/python3.12/site-packages/airflow/example_dags/example_dag_decorator.py
[2025-11-17T16:15:33.170+0000] {logging_mixin.py:188} INFO - [2025-11-17T16:15:33.170+0000] {dag.py:3096} INFO - Sync 1 DAGs
[2025-11-17T16:15:33.178+0000] {logging_mixin.py:188} INFO - [2025-11-17T16:15:33.178+0000] {dag.py:3954} INFO - Setting next_dagrun for example_dag_decorator to None, run_after=None
[2025-11-17T16:15:33.194+0000] {processor.py:183} INFO - Processing /usr/local/python/3.12.1/lib/python3.12/site-packages/airflow/example_dags/example_dag_decorator.py took 0.140 seconds
[2025-11-17T16:16:25.798+0000] {processor.py:161} INFO - Started process (PID=52681) to work on /usr/local/python/3.12.1/lib/python3.12/site-packages/airflow/example_dags/example_dag_decorator.py
[2025-11-17T16:16:25.799+0000] {processor.py:830} INFO - Processing file /usr/local/python/3.12.1/lib/python3.12/site-packages/airflow/example_dags/example_dag_decorator.py for tasks to queue
[2025-11-17T16:16:25.800+0000] {logging_mixin.py:188} INFO - [2025-11-17T16:16:25.800+0000] {dagbag.py:545} INFO - Filling up the DagBag from /usr/local/python/3.12.1/lib/python3.12/site-packages/airflow/example_dags/example_dag_decorator.py
[2025-11-17T16:16:25.872+0000] {processor.py:840} INFO - DAG(s) 'example_dag_decorator' retrieved from /usr/local/python/3.12.1/lib/python3.12/site-packages/airflow/example_dags/example_dag_decorator.py
[2025-11-17T16:16:25.949+0000] {logging_mixin.py:188} INFO - [2025-11-17T16:16:25.949+0000] {dag.py:3096} INFO - Sync 1 DAGs
[2025-11-17T16:16:25.956+0000] {logging_mixin.py:188} INFO - [2025-11-17T16:16:25.956+0000] {dag.py:3954} INFO - Setting next_dagrun for example_dag_decorator to None, run_after=None
[2025-11-17T16:16:25.973+0000] {processor.py:183} INFO - Processing /usr/local/python/3.12.1/lib/python3.12/site-packages/airflow/example_dags/example_dag_decorator.py took 0.178 seconds
[2025-11-17T16:17:24.306+0000] {processor.py:161} INFO - Started process (PID=53144) to work on /usr/local/python/3.12.1/lib/python3.12/site-packages/airflow/example_dags/example_dag_decorator.py
[2025-11-17T16:17:24.307+0000] {processor.py:830} INFO - Processing file /usr/local/python/3.12.1/lib/python3.12/site-packages/airflow/example_dags/example_dag_decorator.py for tasks to queue
[2025-11-17T16:17:24.308+0000] {logging_mixin.py:188} INFO - [2025-11-17T16:17:24.308+0000] {dagbag.py:545} INFO - Filling up the DagBag from /usr/local/python/3.12.1/lib/python3.12/site-packages/airflow/example_dags/example_dag_decorator.py
[2025-11-17T16:17:24.381+0000] {processor.py:840} INFO - DAG(s) 'example_dag_decorator' retrieved from /usr/local/python/3.12.1/lib/python3.12/site-packages/airflow/example_dags/example_dag_decorator.py
[2025-11-17T16:17:24.458+0000] {logging_mixin.py:188} INFO - [2025-11-17T16:17:24.458+0000] {dag.py:3096} INFO - Sync 1 DAGs
[2025-11-17T16:17:24.465+0000] {logging_mixin.py:188} INFO - [2025-11-17T16:17:24.465+0000] {dag.py:3954} INFO - Setting next_dagrun for example_dag_decorator to None, run_after=None
[2025-11-17T16:17:24.482+0000] {processor.py:183} INFO - Processing /usr/local/python/3.12.1/lib/python3.12/site-packages/airflow/example_dags/example_dag_decorator.py took 0.180 seconds
[2025-11-17T16:18:24.190+0000] {processor.py:161} INFO - Started process (PID=53614) to work on /usr/local/python/3.12.1/lib/python3.12/site-packages/airflow/example_dags/example_dag_decorator.py
[2025-11-17T16:18:24.191+0000] {processor.py:830} INFO - Processing file /usr/local/python/3.12.1/lib/python3.12/site-packages/airflow/example_dags/example_dag_decorator.py for tasks to queue
[2025-11-17T16:18:24.192+0000] {logging_mixin.py:188} INFO - [2025-11-17T16:18:24.192+0000] {dagbag.py:545} INFO - Filling up the DagBag from /usr/local/python/3.12.1/lib/python3.12/site-packages/airflow/example_dags/example_dag_decorator.py
[2025-11-17T16:18:24.285+0000] {processor.py:840} INFO - DAG(s) 'example_dag_decorator' retrieved from /usr/local/python/3.12.1/lib/python3.12/site-packages/airflow/example_dags/example_dag_decorator.py
[2025-11-17T16:18:24.370+0000] {logging_mixin.py:188} INFO - [2025-11-17T16:18:24.370+0000] {dag.py:3096} INFO - Sync 1 DAGs
[2025-11-17T16:18:24.377+0000] {logging_mixin.py:188} INFO - [2025-11-17T16:18:24.377+0000] {dag.py:3954} INFO - Setting next_dagrun for example_dag_decorator to None, run_after=None
[2025-11-17T16:18:24.393+0000] {processor.py:183} INFO - Processing /usr/local/python/3.12.1/lib/python3.12/site-packages/airflow/example_dags/example_dag_decorator.py took 0.207 seconds
[2025-11-17T16:19:22.143+0000] {processor.py:161} INFO - Started process (PID=54056) to work on /usr/local/python/3.12.1/lib/python3.12/site-packages/airflow/example_dags/example_dag_decorator.py
[2025-11-17T16:19:22.144+0000] {processor.py:830} INFO - Processing file /usr/local/python/3.12.1/lib/python3.12/site-packages/airflow/example_dags/example_dag_decorator.py for tasks to queue
[2025-11-17T16:19:22.145+0000] {logging_mixin.py:188} INFO - [2025-11-17T16:19:22.145+0000] {dagbag.py:545} INFO - Filling up the DagBag from /usr/local/python/3.12.1/lib/python3.12/site-packages/airflow/example_dags/example_dag_decorator.py
[2025-11-17T16:19:22.217+0000] {processor.py:840} INFO - DAG(s) 'example_dag_decorator' retrieved from /usr/local/python/3.12.1/lib/python3.12/site-packages/airflow/example_dags/example_dag_decorator.py
[2025-11-17T16:19:22.294+0000] {logging_mixin.py:188} INFO - [2025-11-17T16:19:22.294+0000] {dag.py:3096} INFO - Sync 1 DAGs
[2025-11-17T16:19:22.300+0000] {logging_mixin.py:188} INFO - [2025-11-17T16:19:22.300+0000] {dag.py:3954} INFO - Setting next_dagrun for example_dag_decorator to None, run_after=None
[2025-11-17T16:19:22.320+0000] {processor.py:183} INFO - Processing /usr/local/python/3.12.1/lib/python3.12/site-packages/airflow/example_dags/example_dag_decorator.py took 0.181 seconds
[2025-11-17T16:20:21.470+0000] {processor.py:161} INFO - Started process (PID=54526) to work on /usr/local/python/3.12.1/lib/python3.12/site-packages/airflow/example_dags/example_dag_decorator.py
[2025-11-17T16:20:21.471+0000] {processor.py:830} INFO - Processing file /usr/local/python/3.12.1/lib/python3.12/site-packages/airflow/example_dags/example_dag_decorator.py for tasks to queue
[2025-11-17T16:20:21.472+0000] {logging_mixin.py:188} INFO - [2025-11-17T16:20:21.472+0000] {dagbag.py:545} INFO - Filling up the DagBag from /usr/local/python/3.12.1/lib/python3.12/site-packages/airflow/example_dags/example_dag_decorator.py
[2025-11-17T16:20:21.545+0000] {processor.py:840} INFO - DAG(s) 'example_dag_decorator' retrieved from /usr/local/python/3.12.1/lib/python3.12/site-packages/airflow/example_dags/example_dag_decorator.py
[2025-11-17T16:20:21.621+0000] {logging_mixin.py:188} INFO - [2025-11-17T16:20:21.621+0000] {dag.py:3096} INFO - Sync 1 DAGs
[2025-11-17T16:20:21.627+0000] {logging_mixin.py:188} INFO - [2025-11-17T16:20:21.627+0000] {dag.py:3954} INFO - Setting next_dagrun for example_dag_decorator to None, run_after=None
[2025-11-17T16:20:21.643+0000] {processor.py:183} INFO - Processing /usr/local/python/3.12.1/lib/python3.12/site-packages/airflow/example_dags/example_dag_decorator.py took 0.178 seconds
[2025-11-17T16:21:21.928+0000] {processor.py:161} INFO - Started process (PID=55046) to work on /usr/local/python/3.12.1/lib/python3.12/site-packages/airflow/example_dags/example_dag_decorator.py
[2025-11-17T16:21:21.929+0000] {processor.py:830} INFO - Processing file /usr/local/python/3.12.1/lib/python3.12/site-packages/airflow/example_dags/example_dag_decorator.py for tasks to queue
[2025-11-17T16:21:21.930+0000] {logging_mixin.py:188} INFO - [2025-11-17T16:21:21.930+0000] {dagbag.py:545} INFO - Filling up the DagBag from /usr/local/python/3.12.1/lib/python3.12/site-packages/airflow/example_dags/example_dag_decorator.py
[2025-11-17T16:21:22.002+0000] {processor.py:840} INFO - DAG(s) 'example_dag_decorator' retrieved from /usr/local/python/3.12.1/lib/python3.12/site-packages/airflow/example_dags/example_dag_decorator.py
[2025-11-17T16:21:22.079+0000] {logging_mixin.py:188} INFO - [2025-11-17T16:21:22.079+0000] {dag.py:3096} INFO - Sync 1 DAGs
[2025-11-17T16:21:22.086+0000] {logging_mixin.py:188} INFO - [2025-11-17T16:21:22.086+0000] {dag.py:3954} INFO - Setting next_dagrun for example_dag_decorator to None, run_after=None
[2025-11-17T16:21:22.102+0000] {processor.py:183} INFO - Processing /usr/local/python/3.12.1/lib/python3.12/site-packages/airflow/example_dags/example_dag_decorator.py took 0.178 seconds
[2025-11-17T16:22:23.076+0000] {processor.py:161} INFO - Started process (PID=55533) to work on /usr/local/python/3.12.1/lib/python3.12/site-packages/airflow/example_dags/example_dag_decorator.py
[2025-11-17T16:22:23.077+0000] {processor.py:830} INFO - Processing file /usr/local/python/3.12.1/lib/python3.12/site-packages/airflow/example_dags/example_dag_decorator.py for tasks to queue
[2025-11-17T16:22:23.078+0000] {logging_mixin.py:188} INFO - [2025-11-17T16:22:23.078+0000] {dagbag.py:545} INFO - Filling up the DagBag from /usr/local/python/3.12.1/lib/python3.12/site-packages/airflow/example_dags/example_dag_decorator.py
[2025-11-17T16:22:23.149+0000] {processor.py:840} INFO - DAG(s) 'example_dag_decorator' retrieved from /usr/local/python/3.12.1/lib/python3.12/site-packages/airflow/example_dags/example_dag_decorator.py
[2025-11-17T16:22:23.224+0000] {logging_mixin.py:188} INFO - [2025-11-17T16:22:23.223+0000] {dag.py:3096} INFO - Sync 1 DAGs
[2025-11-17T16:22:23.231+0000] {logging_mixin.py:188} INFO - [2025-11-17T16:22:23.231+0000] {dag.py:3954} INFO - Setting next_dagrun for example_dag_decorator to None, run_after=None
[2025-11-17T16:22:23.247+0000] {processor.py:183} INFO - Processing /usr/local/python/3.12.1/lib/python3.12/site-packages/airflow/example_dags/example_dag_decorator.py took 0.175 seconds
[2025-11-17T16:23:23.017+0000] {processor.py:161} INFO - Started process (PID=56011) to work on /usr/local/python/3.12.1/lib/python3.12/site-packages/airflow/example_dags/example_dag_decorator.py
[2025-11-17T16:23:23.018+0000] {processor.py:830} INFO - Processing file /usr/local/python/3.12.1/lib/python3.12/site-packages/airflow/example_dags/example_dag_decorator.py for tasks to queue
[2025-11-17T16:23:23.019+0000] {logging_mixin.py:188} INFO - [2025-11-17T16:23:23.019+0000] {dagbag.py:545} INFO - Filling up the DagBag from /usr/local/python/3.12.1/lib/python3.12/site-packages/airflow/example_dags/example_dag_decorator.py
[2025-11-17T16:23:23.117+0000] {processor.py:840} INFO - DAG(s) 'example_dag_decorator' retrieved from /usr/local/python/3.12.1/lib/python3.12/site-packages/airflow/example_dags/example_dag_decorator.py
[2025-11-17T16:23:23.192+0000] {logging_mixin.py:188} INFO - [2025-11-17T16:23:23.191+0000] {dag.py:3096} INFO - Sync 1 DAGs
[2025-11-17T16:23:23.199+0000] {logging_mixin.py:188} INFO - [2025-11-17T16:23:23.198+0000] {dag.py:3954} INFO - Setting next_dagrun for example_dag_decorator to None, run_after=None
[2025-11-17T16:23:23.214+0000] {processor.py:183} INFO - Processing /usr/local/python/3.12.1/lib/python3.12/site-packages/airflow/example_dags/example_dag_decorator.py took 0.202 seconds
[2025-11-17T16:24:26.278+0000] {processor.py:161} INFO - Started process (PID=56496) to work on /usr/local/python/3.12.1/lib/python3.12/site-packages/airflow/example_dags/example_dag_decorator.py
[2025-11-17T16:24:26.279+0000] {processor.py:830} INFO - Processing file /usr/local/python/3.12.1/lib/python3.12/site-packages/airflow/example_dags/example_dag_decorator.py for tasks to queue
[2025-11-17T16:24:26.280+0000] {logging_mixin.py:188} INFO - [2025-11-17T16:24:26.280+0000] {dagbag.py:545} INFO - Filling up the DagBag from /usr/local/python/3.12.1/lib/python3.12/site-packages/airflow/example_dags/example_dag_decorator.py
[2025-11-17T16:24:26.356+0000] {processor.py:840} INFO - DAG(s) 'example_dag_decorator' retrieved from /usr/local/python/3.12.1/lib/python3.12/site-packages/airflow/example_dags/example_dag_decorator.py
[2025-11-17T16:24:26.454+0000] {logging_mixin.py:188} INFO - [2025-11-17T16:24:26.454+0000] {dag.py:3096} INFO - Sync 1 DAGs
[2025-11-17T16:24:26.461+0000] {logging_mixin.py:188} INFO - [2025-11-17T16:24:26.461+0000] {dag.py:3954} INFO - Setting next_dagrun for example_dag_decorator to None, run_after=None
[2025-11-17T16:24:26.477+0000] {processor.py:183} INFO - Processing /usr/local/python/3.12.1/lib/python3.12/site-packages/airflow/example_dags/example_dag_decorator.py took 0.203 seconds
[2025-11-17T16:25:22.941+0000] {processor.py:161} INFO - Started process (PID=56956) to work on /usr/local/python/3.12.1/lib/python3.12/site-packages/airflow/example_dags/example_dag_decorator.py
[2025-11-17T16:25:22.941+0000] {processor.py:830} INFO - Processing file /usr/local/python/3.12.1/lib/python3.12/site-packages/airflow/example_dags/example_dag_decorator.py for tasks to queue
[2025-11-17T16:25:22.943+0000] {logging_mixin.py:188} INFO - [2025-11-17T16:25:22.942+0000] {dagbag.py:545} INFO - Filling up the DagBag from /usr/local/python/3.12.1/lib/python3.12/site-packages/airflow/example_dags/example_dag_decorator.py
[2025-11-17T16:25:23.014+0000] {processor.py:840} INFO - DAG(s) 'example_dag_decorator' retrieved from /usr/local/python/3.12.1/lib/python3.12/site-packages/airflow/example_dags/example_dag_decorator.py
[2025-11-17T16:25:23.109+0000] {logging_mixin.py:188} INFO - [2025-11-17T16:25:23.109+0000] {dag.py:3096} INFO - Sync 1 DAGs
[2025-11-17T16:25:23.116+0000] {logging_mixin.py:188} INFO - [2025-11-17T16:25:23.116+0000] {dag.py:3954} INFO - Setting next_dagrun for example_dag_decorator to None, run_after=None
[2025-11-17T16:25:23.132+0000] {processor.py:183} INFO - Processing /usr/local/python/3.12.1/lib/python3.12/site-packages/airflow/example_dags/example_dag_decorator.py took 0.195 seconds
[2025-11-17T16:26:23.487+0000] {processor.py:161} INFO - Started process (PID=57481) to work on /usr/local/python/3.12.1/lib/python3.12/site-packages/airflow/example_dags/example_dag_decorator.py
[2025-11-17T16:26:23.488+0000] {processor.py:830} INFO - Processing file /usr/local/python/3.12.1/lib/python3.12/site-packages/airflow/example_dags/example_dag_decorator.py for tasks to queue
[2025-11-17T16:26:23.489+0000] {logging_mixin.py:188} INFO - [2025-11-17T16:26:23.488+0000] {dagbag.py:545} INFO - Filling up the DagBag from /usr/local/python/3.12.1/lib/python3.12/site-packages/airflow/example_dags/example_dag_decorator.py
[2025-11-17T16:26:23.566+0000] {processor.py:840} INFO - DAG(s) 'example_dag_decorator' retrieved from /usr/local/python/3.12.1/lib/python3.12/site-packages/airflow/example_dags/example_dag_decorator.py
[2025-11-17T16:26:23.580+0000] {logging_mixin.py:188} INFO - [2025-11-17T16:26:23.579+0000] {dag.py:3096} INFO - Sync 1 DAGs
[2025-11-17T16:26:23.589+0000] {logging_mixin.py:188} INFO - [2025-11-17T16:26:23.589+0000] {dag.py:3954} INFO - Setting next_dagrun for example_dag_decorator to None, run_after=None
[2025-11-17T16:26:23.606+0000] {processor.py:183} INFO - Processing /usr/local/python/3.12.1/lib/python3.12/site-packages/airflow/example_dags/example_dag_decorator.py took 0.123 seconds
[2025-11-17T16:27:25.595+0000] {processor.py:161} INFO - Started process (PID=57962) to work on /usr/local/python/3.12.1/lib/python3.12/site-packages/airflow/example_dags/example_dag_decorator.py
[2025-11-17T16:27:25.595+0000] {processor.py:830} INFO - Processing file /usr/local/python/3.12.1/lib/python3.12/site-packages/airflow/example_dags/example_dag_decorator.py for tasks to queue
[2025-11-17T16:27:25.597+0000] {logging_mixin.py:188} INFO - [2025-11-17T16:27:25.596+0000] {dagbag.py:545} INFO - Filling up the DagBag from /usr/local/python/3.12.1/lib/python3.12/site-packages/airflow/example_dags/example_dag_decorator.py
[2025-11-17T16:27:25.668+0000] {processor.py:840} INFO - DAG(s) 'example_dag_decorator' retrieved from /usr/local/python/3.12.1/lib/python3.12/site-packages/airflow/example_dags/example_dag_decorator.py
[2025-11-17T16:27:25.746+0000] {logging_mixin.py:188} INFO - [2025-11-17T16:27:25.746+0000] {dag.py:3096} INFO - Sync 1 DAGs
[2025-11-17T16:27:25.753+0000] {logging_mixin.py:188} INFO - [2025-11-17T16:27:25.753+0000] {dag.py:3954} INFO - Setting next_dagrun for example_dag_decorator to None, run_after=None
[2025-11-17T16:27:25.770+0000] {processor.py:183} INFO - Processing /usr/local/python/3.12.1/lib/python3.12/site-packages/airflow/example_dags/example_dag_decorator.py took 0.180 seconds
[2025-11-17T16:28:21.104+0000] {processor.py:161} INFO - Started process (PID=58390) to work on /usr/local/python/3.12.1/lib/python3.12/site-packages/airflow/example_dags/example_dag_decorator.py
[2025-11-17T16:28:21.104+0000] {processor.py:830} INFO - Processing file /usr/local/python/3.12.1/lib/python3.12/site-packages/airflow/example_dags/example_dag_decorator.py for tasks to queue
[2025-11-17T16:28:21.106+0000] {logging_mixin.py:188} INFO - [2025-11-17T16:28:21.105+0000] {dagbag.py:545} INFO - Filling up the DagBag from /usr/local/python/3.12.1/lib/python3.12/site-packages/airflow/example_dags/example_dag_decorator.py
[2025-11-17T16:28:21.198+0000] {processor.py:840} INFO - DAG(s) 'example_dag_decorator' retrieved from /usr/local/python/3.12.1/lib/python3.12/site-packages/airflow/example_dags/example_dag_decorator.py
[2025-11-17T16:28:21.288+0000] {logging_mixin.py:188} INFO - [2025-11-17T16:28:21.288+0000] {dag.py:3096} INFO - Sync 1 DAGs
[2025-11-17T16:28:21.295+0000] {logging_mixin.py:188} INFO - [2025-11-17T16:28:21.295+0000] {dag.py:3954} INFO - Setting next_dagrun for example_dag_decorator to None, run_after=None
[2025-11-17T16:28:21.312+0000] {processor.py:183} INFO - Processing /usr/local/python/3.12.1/lib/python3.12/site-packages/airflow/example_dags/example_dag_decorator.py took 0.212 seconds
[2025-11-17T16:29:19.730+0000] {processor.py:161} INFO - Started process (PID=58858) to work on /usr/local/python/3.12.1/lib/python3.12/site-packages/airflow/example_dags/example_dag_decorator.py
[2025-11-17T16:29:19.730+0000] {processor.py:830} INFO - Processing file /usr/local/python/3.12.1/lib/python3.12/site-packages/airflow/example_dags/example_dag_decorator.py for tasks to queue
[2025-11-17T16:29:19.732+0000] {logging_mixin.py:188} INFO - [2025-11-17T16:29:19.731+0000] {dagbag.py:545} INFO - Filling up the DagBag from /usr/local/python/3.12.1/lib/python3.12/site-packages/airflow/example_dags/example_dag_decorator.py
[2025-11-17T16:29:19.808+0000] {processor.py:840} INFO - DAG(s) 'example_dag_decorator' retrieved from /usr/local/python/3.12.1/lib/python3.12/site-packages/airflow/example_dags/example_dag_decorator.py
[2025-11-17T16:29:19.883+0000] {logging_mixin.py:188} INFO - [2025-11-17T16:29:19.883+0000] {dag.py:3096} INFO - Sync 1 DAGs
[2025-11-17T16:29:19.891+0000] {logging_mixin.py:188} INFO - [2025-11-17T16:29:19.890+0000] {dag.py:3954} INFO - Setting next_dagrun for example_dag_decorator to None, run_after=None
[2025-11-17T16:29:19.906+0000] {processor.py:183} INFO - Processing /usr/local/python/3.12.1/lib/python3.12/site-packages/airflow/example_dags/example_dag_decorator.py took 0.181 seconds
[2025-11-17T16:30:16.053+0000] {processor.py:161} INFO - Started process (PID=59307) to work on /usr/local/python/3.12.1/lib/python3.12/site-packages/airflow/example_dags/example_dag_decorator.py
[2025-11-17T16:30:16.053+0000] {processor.py:830} INFO - Processing file /usr/local/python/3.12.1/lib/python3.12/site-packages/airflow/example_dags/example_dag_decorator.py for tasks to queue
[2025-11-17T16:30:16.055+0000] {logging_mixin.py:188} INFO - [2025-11-17T16:30:16.054+0000] {dagbag.py:545} INFO - Filling up the DagBag from /usr/local/python/3.12.1/lib/python3.12/site-packages/airflow/example_dags/example_dag_decorator.py
[2025-11-17T16:30:16.126+0000] {processor.py:840} INFO - DAG(s) 'example_dag_decorator' retrieved from /usr/local/python/3.12.1/lib/python3.12/site-packages/airflow/example_dags/example_dag_decorator.py
[2025-11-17T16:30:16.200+0000] {logging_mixin.py:188} INFO - [2025-11-17T16:30:16.200+0000] {dag.py:3096} INFO - Sync 1 DAGs
[2025-11-17T16:30:16.207+0000] {logging_mixin.py:188} INFO - [2025-11-17T16:30:16.207+0000] {dag.py:3954} INFO - Setting next_dagrun for example_dag_decorator to None, run_after=None
[2025-11-17T16:30:16.224+0000] {processor.py:183} INFO - Processing /usr/local/python/3.12.1/lib/python3.12/site-packages/airflow/example_dags/example_dag_decorator.py took 0.175 seconds
[2025-11-17T16:31:16.261+0000] {processor.py:161} INFO - Started process (PID=59826) to work on /usr/local/python/3.12.1/lib/python3.12/site-packages/airflow/example_dags/example_dag_decorator.py
[2025-11-17T16:31:16.262+0000] {processor.py:830} INFO - Processing file /usr/local/python/3.12.1/lib/python3.12/site-packages/airflow/example_dags/example_dag_decorator.py for tasks to queue
[2025-11-17T16:31:16.263+0000] {logging_mixin.py:188} INFO - [2025-11-17T16:31:16.263+0000] {dagbag.py:545} INFO - Filling up the DagBag from /usr/local/python/3.12.1/lib/python3.12/site-packages/airflow/example_dags/example_dag_decorator.py
[2025-11-17T16:31:16.335+0000] {processor.py:840} INFO - DAG(s) 'example_dag_decorator' retrieved from /usr/local/python/3.12.1/lib/python3.12/site-packages/airflow/example_dags/example_dag_decorator.py
[2025-11-17T16:31:16.349+0000] {logging_mixin.py:188} INFO - [2025-11-17T16:31:16.349+0000] {dag.py:3096} INFO - Sync 1 DAGs
[2025-11-17T16:31:16.357+0000] {logging_mixin.py:188} INFO - [2025-11-17T16:31:16.357+0000] {dag.py:3954} INFO - Setting next_dagrun for example_dag_decorator to None, run_after=None
[2025-11-17T16:31:16.373+0000] {processor.py:183} INFO - Processing /usr/local/python/3.12.1/lib/python3.12/site-packages/airflow/example_dags/example_dag_decorator.py took 0.116 seconds
[2025-11-17T16:32:14.478+0000] {processor.py:161} INFO - Started process (PID=60271) to work on /usr/local/python/3.12.1/lib/python3.12/site-packages/airflow/example_dags/example_dag_decorator.py
[2025-11-17T16:32:14.479+0000] {processor.py:830} INFO - Processing file /usr/local/python/3.12.1/lib/python3.12/site-packages/airflow/example_dags/example_dag_decorator.py for tasks to queue
[2025-11-17T16:32:14.480+0000] {logging_mixin.py:188} INFO - [2025-11-17T16:32:14.480+0000] {dagbag.py:545} INFO - Filling up the DagBag from /usr/local/python/3.12.1/lib/python3.12/site-packages/airflow/example_dags/example_dag_decorator.py
[2025-11-17T16:32:14.551+0000] {processor.py:840} INFO - DAG(s) 'example_dag_decorator' retrieved from /usr/local/python/3.12.1/lib/python3.12/site-packages/airflow/example_dags/example_dag_decorator.py
[2025-11-17T16:32:14.631+0000] {logging_mixin.py:188} INFO - [2025-11-17T16:32:14.630+0000] {dag.py:3096} INFO - Sync 1 DAGs
[2025-11-17T16:32:14.637+0000] {logging_mixin.py:188} INFO - [2025-11-17T16:32:14.637+0000] {dag.py:3954} INFO - Setting next_dagrun for example_dag_decorator to None, run_after=None
[2025-11-17T16:32:14.654+0000] {processor.py:183} INFO - Processing /usr/local/python/3.12.1/lib/python3.12/site-packages/airflow/example_dags/example_dag_decorator.py took 0.180 seconds
[2025-11-17T16:33:17.633+0000] {processor.py:161} INFO - Started process (PID=60778) to work on /usr/local/python/3.12.1/lib/python3.12/site-packages/airflow/example_dags/example_dag_decorator.py
[2025-11-17T16:33:17.634+0000] {processor.py:830} INFO - Processing file /usr/local/python/3.12.1/lib/python3.12/site-packages/airflow/example_dags/example_dag_decorator.py for tasks to queue
[2025-11-17T16:33:17.635+0000] {logging_mixin.py:188} INFO - [2025-11-17T16:33:17.635+0000] {dagbag.py:545} INFO - Filling up the DagBag from /usr/local/python/3.12.1/lib/python3.12/site-packages/airflow/example_dags/example_dag_decorator.py
[2025-11-17T16:33:17.711+0000] {processor.py:840} INFO - DAG(s) 'example_dag_decorator' retrieved from /usr/local/python/3.12.1/lib/python3.12/site-packages/airflow/example_dags/example_dag_decorator.py
[2025-11-17T16:33:17.726+0000] {logging_mixin.py:188} INFO - [2025-11-17T16:33:17.726+0000] {dag.py:3096} INFO - Sync 1 DAGs
[2025-11-17T16:33:17.737+0000] {logging_mixin.py:188} INFO - [2025-11-17T16:33:17.736+0000] {dag.py:3954} INFO - Setting next_dagrun for example_dag_decorator to None, run_after=None
[2025-11-17T16:33:17.753+0000] {processor.py:183} INFO - Processing /usr/local/python/3.12.1/lib/python3.12/site-packages/airflow/example_dags/example_dag_decorator.py took 0.125 seconds
[2025-11-17T16:34:17.465+0000] {processor.py:161} INFO - Started process (PID=61233) to work on /usr/local/python/3.12.1/lib/python3.12/site-packages/airflow/example_dags/example_dag_decorator.py
[2025-11-17T16:34:17.465+0000] {processor.py:830} INFO - Processing file /usr/local/python/3.12.1/lib/python3.12/site-packages/airflow/example_dags/example_dag_decorator.py for tasks to queue
[2025-11-17T16:34:17.467+0000] {logging_mixin.py:188} INFO - [2025-11-17T16:34:17.466+0000] {dagbag.py:545} INFO - Filling up the DagBag from /usr/local/python/3.12.1/lib/python3.12/site-packages/airflow/example_dags/example_dag_decorator.py
[2025-11-17T16:34:17.541+0000] {processor.py:840} INFO - DAG(s) 'example_dag_decorator' retrieved from /usr/local/python/3.12.1/lib/python3.12/site-packages/airflow/example_dags/example_dag_decorator.py
[2025-11-17T16:34:17.555+0000] {logging_mixin.py:188} INFO - [2025-11-17T16:34:17.555+0000] {dag.py:3096} INFO - Sync 1 DAGs
[2025-11-17T16:34:17.563+0000] {logging_mixin.py:188} INFO - [2025-11-17T16:34:17.563+0000] {dag.py:3954} INFO - Setting next_dagrun for example_dag_decorator to None, run_after=None
[2025-11-17T16:34:17.580+0000] {processor.py:183} INFO - Processing /usr/local/python/3.12.1/lib/python3.12/site-packages/airflow/example_dags/example_dag_decorator.py took 0.119 seconds
[2025-11-17T16:35:14.861+0000] {processor.py:161} INFO - Started process (PID=61696) to work on /usr/local/python/3.12.1/lib/python3.12/site-packages/airflow/example_dags/example_dag_decorator.py
[2025-11-17T16:35:14.862+0000] {processor.py:830} INFO - Processing file /usr/local/python/3.12.1/lib/python3.12/site-packages/airflow/example_dags/example_dag_decorator.py for tasks to queue
[2025-11-17T16:35:14.863+0000] {logging_mixin.py:188} INFO - [2025-11-17T16:35:14.863+0000] {dagbag.py:545} INFO - Filling up the DagBag from /usr/local/python/3.12.1/lib/python3.12/site-packages/airflow/example_dags/example_dag_decorator.py
[2025-11-17T16:35:14.939+0000] {processor.py:840} INFO - DAG(s) 'example_dag_decorator' retrieved from /usr/local/python/3.12.1/lib/python3.12/site-packages/airflow/example_dags/example_dag_decorator.py
[2025-11-17T16:35:14.953+0000] {logging_mixin.py:188} INFO - [2025-11-17T16:35:14.953+0000] {dag.py:3096} INFO - Sync 1 DAGs
[2025-11-17T16:35:14.961+0000] {logging_mixin.py:188} INFO - [2025-11-17T16:35:14.961+0000] {dag.py:3954} INFO - Setting next_dagrun for example_dag_decorator to None, run_after=None
[2025-11-17T16:35:14.977+0000] {processor.py:183} INFO - Processing /usr/local/python/3.12.1/lib/python3.12/site-packages/airflow/example_dags/example_dag_decorator.py took 0.122 seconds
[2025-11-17T16:36:08.112+0000] {processor.py:161} INFO - Started process (PID=62161) to work on /usr/local/python/3.12.1/lib/python3.12/site-packages/airflow/example_dags/example_dag_decorator.py
[2025-11-17T16:36:08.113+0000] {processor.py:830} INFO - Processing file /usr/local/python/3.12.1/lib/python3.12/site-packages/airflow/example_dags/example_dag_decorator.py for tasks to queue
[2025-11-17T16:36:08.114+0000] {logging_mixin.py:188} INFO - [2025-11-17T16:36:08.114+0000] {dagbag.py:545} INFO - Filling up the DagBag from /usr/local/python/3.12.1/lib/python3.12/site-packages/airflow/example_dags/example_dag_decorator.py
[2025-11-17T16:36:08.188+0000] {processor.py:840} INFO - DAG(s) 'example_dag_decorator' retrieved from /usr/local/python/3.12.1/lib/python3.12/site-packages/airflow/example_dags/example_dag_decorator.py
[2025-11-17T16:36:08.266+0000] {logging_mixin.py:188} INFO - [2025-11-17T16:36:08.266+0000] {dag.py:3096} INFO - Sync 1 DAGs
[2025-11-17T16:36:08.273+0000] {logging_mixin.py:188} INFO - [2025-11-17T16:36:08.273+0000] {dag.py:3954} INFO - Setting next_dagrun for example_dag_decorator to None, run_after=None
[2025-11-17T16:36:08.289+0000] {processor.py:183} INFO - Processing /usr/local/python/3.12.1/lib/python3.12/site-packages/airflow/example_dags/example_dag_decorator.py took 0.181 seconds
[2025-11-17T16:37:06.349+0000] {processor.py:161} INFO - Started process (PID=62623) to work on /usr/local/python/3.12.1/lib/python3.12/site-packages/airflow/example_dags/example_dag_decorator.py
[2025-11-17T16:37:06.350+0000] {processor.py:830} INFO - Processing file /usr/local/python/3.12.1/lib/python3.12/site-packages/airflow/example_dags/example_dag_decorator.py for tasks to queue
[2025-11-17T16:37:06.351+0000] {logging_mixin.py:188} INFO - [2025-11-17T16:37:06.351+0000] {dagbag.py:545} INFO - Filling up the DagBag from /usr/local/python/3.12.1/lib/python3.12/site-packages/airflow/example_dags/example_dag_decorator.py
[2025-11-17T16:37:06.422+0000] {processor.py:840} INFO - DAG(s) 'example_dag_decorator' retrieved from /usr/local/python/3.12.1/lib/python3.12/site-packages/airflow/example_dags/example_dag_decorator.py
[2025-11-17T16:37:06.502+0000] {logging_mixin.py:188} INFO - [2025-11-17T16:37:06.501+0000] {dag.py:3096} INFO - Sync 1 DAGs
[2025-11-17T16:37:06.509+0000] {logging_mixin.py:188} INFO - [2025-11-17T16:37:06.509+0000] {dag.py:3954} INFO - Setting next_dagrun for example_dag_decorator to None, run_after=None
[2025-11-17T16:37:06.525+0000] {processor.py:183} INFO - Processing /usr/local/python/3.12.1/lib/python3.12/site-packages/airflow/example_dags/example_dag_decorator.py took 0.180 seconds
[2025-11-17T16:38:11.249+0000] {processor.py:161} INFO - Started process (PID=63362) to work on /usr/local/python/3.12.1/lib/python3.12/site-packages/airflow/example_dags/example_dag_decorator.py
[2025-11-17T16:38:11.250+0000] {processor.py:830} INFO - Processing file /usr/local/python/3.12.1/lib/python3.12/site-packages/airflow/example_dags/example_dag_decorator.py for tasks to queue
[2025-11-17T16:38:11.251+0000] {logging_mixin.py:188} INFO - [2025-11-17T16:38:11.251+0000] {dagbag.py:545} INFO - Filling up the DagBag from /usr/local/python/3.12.1/lib/python3.12/site-packages/airflow/example_dags/example_dag_decorator.py
[2025-11-17T16:38:11.322+0000] {processor.py:840} INFO - DAG(s) 'example_dag_decorator' retrieved from /usr/local/python/3.12.1/lib/python3.12/site-packages/airflow/example_dags/example_dag_decorator.py
[2025-11-17T16:38:11.398+0000] {logging_mixin.py:188} INFO - [2025-11-17T16:38:11.398+0000] {dag.py:3096} INFO - Sync 1 DAGs
[2025-11-17T16:38:11.405+0000] {logging_mixin.py:188} INFO - [2025-11-17T16:38:11.405+0000] {dag.py:3954} INFO - Setting next_dagrun for example_dag_decorator to None, run_after=None
[2025-11-17T16:38:11.420+0000] {processor.py:183} INFO - Processing /usr/local/python/3.12.1/lib/python3.12/site-packages/airflow/example_dags/example_dag_decorator.py took 0.176 seconds
[2025-11-17T16:39:15.993+0000] {processor.py:161} INFO - Started process (PID=64721) to work on /usr/local/python/3.12.1/lib/python3.12/site-packages/airflow/example_dags/example_dag_decorator.py
[2025-11-17T16:39:15.994+0000] {processor.py:830} INFO - Processing file /usr/local/python/3.12.1/lib/python3.12/site-packages/airflow/example_dags/example_dag_decorator.py for tasks to queue
[2025-11-17T16:39:15.995+0000] {logging_mixin.py:188} INFO - [2025-11-17T16:39:15.995+0000] {dagbag.py:545} INFO - Filling up the DagBag from /usr/local/python/3.12.1/lib/python3.12/site-packages/airflow/example_dags/example_dag_decorator.py
[2025-11-17T16:39:16.067+0000] {processor.py:840} INFO - DAG(s) 'example_dag_decorator' retrieved from /usr/local/python/3.12.1/lib/python3.12/site-packages/airflow/example_dags/example_dag_decorator.py
[2025-11-17T16:39:16.081+0000] {logging_mixin.py:188} INFO - [2025-11-17T16:39:16.081+0000] {dag.py:3096} INFO - Sync 1 DAGs
[2025-11-17T16:39:16.090+0000] {logging_mixin.py:188} INFO - [2025-11-17T16:39:16.089+0000] {dag.py:3954} INFO - Setting next_dagrun for example_dag_decorator to None, run_after=None
[2025-11-17T16:39:16.106+0000] {processor.py:183} INFO - Processing /usr/local/python/3.12.1/lib/python3.12/site-packages/airflow/example_dags/example_dag_decorator.py took 0.117 seconds
