[2025-11-17T15:42:11.782+0000] {processor.py:161} INFO - Started process (PID=27753) to work on /usr/local/python/3.12.1/lib/python3.12/site-packages/airflow/example_dags/example_task_group.py
[2025-11-17T15:42:11.783+0000] {processor.py:830} INFO - Processing file /usr/local/python/3.12.1/lib/python3.12/site-packages/airflow/example_dags/example_task_group.py for tasks to queue
[2025-11-17T15:42:11.785+0000] {logging_mixin.py:188} INFO - [2025-11-17T15:42:11.784+0000] {dagbag.py:545} INFO - Filling up the DagBag from /usr/local/python/3.12.1/lib/python3.12/site-packages/airflow/example_dags/example_task_group.py
[2025-11-17T15:42:11.795+0000] {processor.py:840} INFO - DAG(s) 'example_task_group' retrieved from /usr/local/python/3.12.1/lib/python3.12/site-packages/airflow/example_dags/example_task_group.py
[2025-11-17T15:42:12.026+0000] {logging_mixin.py:188} INFO - [2025-11-17T15:42:12.025+0000] {override.py:1829} INFO - Created Permission View: can read on DAG:example_task_group
[2025-11-17T15:42:12.048+0000] {logging_mixin.py:188} INFO - [2025-11-17T15:42:12.048+0000] {override.py:1829} INFO - Created Permission View: can edit on DAG:example_task_group
[2025-11-17T15:42:12.057+0000] {logging_mixin.py:188} INFO - [2025-11-17T15:42:12.056+0000] {override.py:1829} INFO - Created Permission View: can delete on DAG:example_task_group
[2025-11-17T15:42:12.057+0000] {logging_mixin.py:188} INFO - [2025-11-17T15:42:12.057+0000] {dag.py:3096} INFO - Sync 1 DAGs
[2025-11-17T15:42:12.067+0000] {logging_mixin.py:188} INFO - [2025-11-17T15:42:12.067+0000] {dag.py:3118} INFO - Creating ORM DAG for example_task_group
[2025-11-17T15:42:12.078+0000] {logging_mixin.py:188} INFO - [2025-11-17T15:42:12.078+0000] {dag.py:3954} INFO - Setting next_dagrun for example_task_group to 2025-11-16 00:00:00+00:00, run_after=2025-11-17 00:00:00+00:00
[2025-11-17T15:42:12.105+0000] {processor.py:183} INFO - Processing /usr/local/python/3.12.1/lib/python3.12/site-packages/airflow/example_dags/example_task_group.py took 0.329 seconds
[2025-11-17T15:43:07.870+0000] {processor.py:161} INFO - Started process (PID=28615) to work on /usr/local/python/3.12.1/lib/python3.12/site-packages/airflow/example_dags/example_task_group.py
[2025-11-17T15:43:07.871+0000] {processor.py:830} INFO - Processing file /usr/local/python/3.12.1/lib/python3.12/site-packages/airflow/example_dags/example_task_group.py for tasks to queue
[2025-11-17T15:43:07.872+0000] {logging_mixin.py:188} INFO - [2025-11-17T15:43:07.871+0000] {dagbag.py:545} INFO - Filling up the DagBag from /usr/local/python/3.12.1/lib/python3.12/site-packages/airflow/example_dags/example_task_group.py
[2025-11-17T15:43:07.877+0000] {processor.py:840} INFO - DAG(s) 'example_task_group' retrieved from /usr/local/python/3.12.1/lib/python3.12/site-packages/airflow/example_dags/example_task_group.py
[2025-11-17T15:43:07.889+0000] {logging_mixin.py:188} INFO - [2025-11-17T15:43:07.889+0000] {dag.py:3096} INFO - Sync 1 DAGs
[2025-11-17T15:43:07.906+0000] {logging_mixin.py:188} INFO - [2025-11-17T15:43:07.906+0000] {dag.py:3954} INFO - Setting next_dagrun for example_task_group to 2025-11-16 00:00:00+00:00, run_after=2025-11-17 00:00:00+00:00
[2025-11-17T15:43:07.922+0000] {processor.py:183} INFO - Processing /usr/local/python/3.12.1/lib/python3.12/site-packages/airflow/example_dags/example_task_group.py took 0.056 seconds
[2025-11-17T15:43:52.192+0000] {processor.py:161} INFO - Started process (PID=29422) to work on /usr/local/python/3.12.1/lib/python3.12/site-packages/airflow/example_dags/example_task_group.py
[2025-11-17T15:43:52.193+0000] {processor.py:830} INFO - Processing file /usr/local/python/3.12.1/lib/python3.12/site-packages/airflow/example_dags/example_task_group.py for tasks to queue
[2025-11-17T15:43:52.194+0000] {logging_mixin.py:188} INFO - [2025-11-17T15:43:52.194+0000] {dagbag.py:545} INFO - Filling up the DagBag from /usr/local/python/3.12.1/lib/python3.12/site-packages/airflow/example_dags/example_task_group.py
[2025-11-17T15:43:52.199+0000] {processor.py:840} INFO - DAG(s) 'example_task_group' retrieved from /usr/local/python/3.12.1/lib/python3.12/site-packages/airflow/example_dags/example_task_group.py
[2025-11-17T15:43:52.212+0000] {logging_mixin.py:188} INFO - [2025-11-17T15:43:52.211+0000] {dag.py:3096} INFO - Sync 1 DAGs
[2025-11-17T15:43:52.226+0000] {logging_mixin.py:188} INFO - [2025-11-17T15:43:52.225+0000] {dag.py:3954} INFO - Setting next_dagrun for example_task_group to 2025-11-16 00:00:00+00:00, run_after=2025-11-17 00:00:00+00:00
[2025-11-17T15:43:52.242+0000] {processor.py:183} INFO - Processing /usr/local/python/3.12.1/lib/python3.12/site-packages/airflow/example_dags/example_task_group.py took 0.055 seconds
[2025-11-17T15:44:41.647+0000] {processor.py:161} INFO - Started process (PID=29916) to work on /usr/local/python/3.12.1/lib/python3.12/site-packages/airflow/example_dags/example_task_group.py
[2025-11-17T15:44:41.648+0000] {processor.py:830} INFO - Processing file /usr/local/python/3.12.1/lib/python3.12/site-packages/airflow/example_dags/example_task_group.py for tasks to queue
[2025-11-17T15:44:41.649+0000] {logging_mixin.py:188} INFO - [2025-11-17T15:44:41.649+0000] {dagbag.py:545} INFO - Filling up the DagBag from /usr/local/python/3.12.1/lib/python3.12/site-packages/airflow/example_dags/example_task_group.py
[2025-11-17T15:44:41.654+0000] {processor.py:840} INFO - DAG(s) 'example_task_group' retrieved from /usr/local/python/3.12.1/lib/python3.12/site-packages/airflow/example_dags/example_task_group.py
[2025-11-17T15:44:41.667+0000] {logging_mixin.py:188} INFO - [2025-11-17T15:44:41.667+0000] {dag.py:3096} INFO - Sync 1 DAGs
[2025-11-17T15:44:41.681+0000] {logging_mixin.py:188} INFO - [2025-11-17T15:44:41.681+0000] {dag.py:3954} INFO - Setting next_dagrun for example_task_group to 2025-11-16 00:00:00+00:00, run_after=2025-11-17 00:00:00+00:00
[2025-11-17T15:44:41.700+0000] {processor.py:183} INFO - Processing /usr/local/python/3.12.1/lib/python3.12/site-packages/airflow/example_dags/example_task_group.py took 0.059 seconds
[2025-11-17T15:45:22.033+0000] {processor.py:161} INFO - Started process (PID=30760) to work on /usr/local/python/3.12.1/lib/python3.12/site-packages/airflow/example_dags/example_task_group.py
[2025-11-17T15:45:22.034+0000] {processor.py:830} INFO - Processing file /usr/local/python/3.12.1/lib/python3.12/site-packages/airflow/example_dags/example_task_group.py for tasks to queue
[2025-11-17T15:45:22.035+0000] {logging_mixin.py:188} INFO - [2025-11-17T15:45:22.035+0000] {dagbag.py:545} INFO - Filling up the DagBag from /usr/local/python/3.12.1/lib/python3.12/site-packages/airflow/example_dags/example_task_group.py
[2025-11-17T15:45:22.040+0000] {processor.py:840} INFO - DAG(s) 'example_task_group' retrieved from /usr/local/python/3.12.1/lib/python3.12/site-packages/airflow/example_dags/example_task_group.py
[2025-11-17T15:45:22.052+0000] {logging_mixin.py:188} INFO - [2025-11-17T15:45:22.052+0000] {dag.py:3096} INFO - Sync 1 DAGs
[2025-11-17T15:45:22.066+0000] {logging_mixin.py:188} INFO - [2025-11-17T15:45:22.065+0000] {dag.py:3954} INFO - Setting next_dagrun for example_task_group to 2025-11-16 00:00:00+00:00, run_after=2025-11-17 00:00:00+00:00
[2025-11-17T15:45:22.082+0000] {processor.py:183} INFO - Processing /usr/local/python/3.12.1/lib/python3.12/site-packages/airflow/example_dags/example_task_group.py took 0.052 seconds
[2025-11-17T16:00:50.747+0000] {processor.py:161} INFO - Started process (PID=40729) to work on /usr/local/python/3.12.1/lib/python3.12/site-packages/airflow/example_dags/example_task_group.py
[2025-11-17T16:00:50.748+0000] {processor.py:830} INFO - Processing file /usr/local/python/3.12.1/lib/python3.12/site-packages/airflow/example_dags/example_task_group.py for tasks to queue
[2025-11-17T16:00:50.749+0000] {logging_mixin.py:188} INFO - [2025-11-17T16:00:50.749+0000] {dagbag.py:545} INFO - Filling up the DagBag from /usr/local/python/3.12.1/lib/python3.12/site-packages/airflow/example_dags/example_task_group.py
[2025-11-17T16:00:50.756+0000] {processor.py:840} INFO - DAG(s) 'example_task_group' retrieved from /usr/local/python/3.12.1/lib/python3.12/site-packages/airflow/example_dags/example_task_group.py
[2025-11-17T16:00:50.775+0000] {logging_mixin.py:188} INFO - [2025-11-17T16:00:50.774+0000] {dag.py:3096} INFO - Sync 1 DAGs
[2025-11-17T16:00:50.788+0000] {logging_mixin.py:188} INFO - [2025-11-17T16:00:50.788+0000] {dag.py:3954} INFO - Setting next_dagrun for example_task_group to 2025-11-16 00:00:00+00:00, run_after=2025-11-17 00:00:00+00:00
[2025-11-17T16:00:50.804+0000] {processor.py:183} INFO - Processing /usr/local/python/3.12.1/lib/python3.12/site-packages/airflow/example_dags/example_task_group.py took 0.061 seconds
[2025-11-17T16:01:39.709+0000] {processor.py:161} INFO - Started process (PID=41427) to work on /usr/local/python/3.12.1/lib/python3.12/site-packages/airflow/example_dags/example_task_group.py
[2025-11-17T16:01:39.709+0000] {processor.py:830} INFO - Processing file /usr/local/python/3.12.1/lib/python3.12/site-packages/airflow/example_dags/example_task_group.py for tasks to queue
[2025-11-17T16:01:39.710+0000] {logging_mixin.py:188} INFO - [2025-11-17T16:01:39.710+0000] {dagbag.py:545} INFO - Filling up the DagBag from /usr/local/python/3.12.1/lib/python3.12/site-packages/airflow/example_dags/example_task_group.py
[2025-11-17T16:01:39.715+0000] {processor.py:840} INFO - DAG(s) 'example_task_group' retrieved from /usr/local/python/3.12.1/lib/python3.12/site-packages/airflow/example_dags/example_task_group.py
[2025-11-17T16:01:39.728+0000] {logging_mixin.py:188} INFO - [2025-11-17T16:01:39.727+0000] {dag.py:3096} INFO - Sync 1 DAGs
[2025-11-17T16:01:39.743+0000] {logging_mixin.py:188} INFO - [2025-11-17T16:01:39.742+0000] {dag.py:3954} INFO - Setting next_dagrun for example_task_group to 2025-11-16 00:00:00+00:00, run_after=2025-11-17 00:00:00+00:00
[2025-11-17T16:01:39.759+0000] {processor.py:183} INFO - Processing /usr/local/python/3.12.1/lib/python3.12/site-packages/airflow/example_dags/example_task_group.py took 0.054 seconds
[2025-11-17T16:02:30.870+0000] {processor.py:161} INFO - Started process (PID=42083) to work on /usr/local/python/3.12.1/lib/python3.12/site-packages/airflow/example_dags/example_task_group.py
[2025-11-17T16:02:30.870+0000] {processor.py:830} INFO - Processing file /usr/local/python/3.12.1/lib/python3.12/site-packages/airflow/example_dags/example_task_group.py for tasks to queue
[2025-11-17T16:02:30.872+0000] {logging_mixin.py:188} INFO - [2025-11-17T16:02:30.871+0000] {dagbag.py:545} INFO - Filling up the DagBag from /usr/local/python/3.12.1/lib/python3.12/site-packages/airflow/example_dags/example_task_group.py
[2025-11-17T16:02:30.876+0000] {processor.py:840} INFO - DAG(s) 'example_task_group' retrieved from /usr/local/python/3.12.1/lib/python3.12/site-packages/airflow/example_dags/example_task_group.py
[2025-11-17T16:02:30.889+0000] {logging_mixin.py:188} INFO - [2025-11-17T16:02:30.888+0000] {dag.py:3096} INFO - Sync 1 DAGs
[2025-11-17T16:02:30.904+0000] {logging_mixin.py:188} INFO - [2025-11-17T16:02:30.904+0000] {dag.py:3954} INFO - Setting next_dagrun for example_task_group to 2025-11-16 00:00:00+00:00, run_after=2025-11-17 00:00:00+00:00
[2025-11-17T16:02:30.920+0000] {processor.py:183} INFO - Processing /usr/local/python/3.12.1/lib/python3.12/site-packages/airflow/example_dags/example_task_group.py took 0.054 seconds
[2025-11-17T16:03:13.845+0000] {processor.py:161} INFO - Started process (PID=42638) to work on /usr/local/python/3.12.1/lib/python3.12/site-packages/airflow/example_dags/example_task_group.py
[2025-11-17T16:03:13.845+0000] {processor.py:830} INFO - Processing file /usr/local/python/3.12.1/lib/python3.12/site-packages/airflow/example_dags/example_task_group.py for tasks to queue
[2025-11-17T16:03:13.846+0000] {logging_mixin.py:188} INFO - [2025-11-17T16:03:13.846+0000] {dagbag.py:545} INFO - Filling up the DagBag from /usr/local/python/3.12.1/lib/python3.12/site-packages/airflow/example_dags/example_task_group.py
[2025-11-17T16:03:13.851+0000] {processor.py:840} INFO - DAG(s) 'example_task_group' retrieved from /usr/local/python/3.12.1/lib/python3.12/site-packages/airflow/example_dags/example_task_group.py
[2025-11-17T16:03:13.865+0000] {logging_mixin.py:188} INFO - [2025-11-17T16:03:13.865+0000] {dag.py:3096} INFO - Sync 1 DAGs
[2025-11-17T16:03:13.879+0000] {logging_mixin.py:188} INFO - [2025-11-17T16:03:13.879+0000] {dag.py:3954} INFO - Setting next_dagrun for example_task_group to 2025-11-16 00:00:00+00:00, run_after=2025-11-17 00:00:00+00:00
[2025-11-17T16:03:13.895+0000] {processor.py:183} INFO - Processing /usr/local/python/3.12.1/lib/python3.12/site-packages/airflow/example_dags/example_task_group.py took 0.055 seconds
[2025-11-17T16:03:54.286+0000] {processor.py:161} INFO - Started process (PID=43147) to work on /usr/local/python/3.12.1/lib/python3.12/site-packages/airflow/example_dags/example_task_group.py
[2025-11-17T16:03:54.287+0000] {processor.py:830} INFO - Processing file /usr/local/python/3.12.1/lib/python3.12/site-packages/airflow/example_dags/example_task_group.py for tasks to queue
[2025-11-17T16:03:54.288+0000] {logging_mixin.py:188} INFO - [2025-11-17T16:03:54.288+0000] {dagbag.py:545} INFO - Filling up the DagBag from /usr/local/python/3.12.1/lib/python3.12/site-packages/airflow/example_dags/example_task_group.py
[2025-11-17T16:03:54.293+0000] {processor.py:840} INFO - DAG(s) 'example_task_group' retrieved from /usr/local/python/3.12.1/lib/python3.12/site-packages/airflow/example_dags/example_task_group.py
[2025-11-17T16:03:54.306+0000] {logging_mixin.py:188} INFO - [2025-11-17T16:03:54.306+0000] {dag.py:3096} INFO - Sync 1 DAGs
[2025-11-17T16:03:54.320+0000] {logging_mixin.py:188} INFO - [2025-11-17T16:03:54.319+0000] {dag.py:3954} INFO - Setting next_dagrun for example_task_group to 2025-11-16 00:00:00+00:00, run_after=2025-11-17 00:00:00+00:00
[2025-11-17T16:03:54.335+0000] {processor.py:183} INFO - Processing /usr/local/python/3.12.1/lib/python3.12/site-packages/airflow/example_dags/example_task_group.py took 0.053 seconds
[2025-11-17T16:04:37.277+0000] {processor.py:161} INFO - Started process (PID=43693) to work on /usr/local/python/3.12.1/lib/python3.12/site-packages/airflow/example_dags/example_task_group.py
[2025-11-17T16:04:37.278+0000] {processor.py:830} INFO - Processing file /usr/local/python/3.12.1/lib/python3.12/site-packages/airflow/example_dags/example_task_group.py for tasks to queue
[2025-11-17T16:04:37.279+0000] {logging_mixin.py:188} INFO - [2025-11-17T16:04:37.279+0000] {dagbag.py:545} INFO - Filling up the DagBag from /usr/local/python/3.12.1/lib/python3.12/site-packages/airflow/example_dags/example_task_group.py
[2025-11-17T16:04:37.285+0000] {processor.py:840} INFO - DAG(s) 'example_task_group' retrieved from /usr/local/python/3.12.1/lib/python3.12/site-packages/airflow/example_dags/example_task_group.py
[2025-11-17T16:04:37.301+0000] {logging_mixin.py:188} INFO - [2025-11-17T16:04:37.300+0000] {dag.py:3096} INFO - Sync 1 DAGs
[2025-11-17T16:04:37.317+0000] {logging_mixin.py:188} INFO - [2025-11-17T16:04:37.317+0000] {dag.py:3954} INFO - Setting next_dagrun for example_task_group to 2025-11-16 00:00:00+00:00, run_after=2025-11-17 00:00:00+00:00
[2025-11-17T16:04:37.333+0000] {processor.py:183} INFO - Processing /usr/local/python/3.12.1/lib/python3.12/site-packages/airflow/example_dags/example_task_group.py took 0.060 seconds
[2025-11-17T16:06:06.354+0000] {processor.py:161} INFO - Started process (PID=44866) to work on /usr/local/python/3.12.1/lib/python3.12/site-packages/airflow/example_dags/example_task_group.py
[2025-11-17T16:06:06.355+0000] {processor.py:830} INFO - Processing file /usr/local/python/3.12.1/lib/python3.12/site-packages/airflow/example_dags/example_task_group.py for tasks to queue
[2025-11-17T16:06:06.356+0000] {logging_mixin.py:188} INFO - [2025-11-17T16:06:06.356+0000] {dagbag.py:545} INFO - Filling up the DagBag from /usr/local/python/3.12.1/lib/python3.12/site-packages/airflow/example_dags/example_task_group.py
[2025-11-17T16:06:06.365+0000] {processor.py:840} INFO - DAG(s) 'example_task_group' retrieved from /usr/local/python/3.12.1/lib/python3.12/site-packages/airflow/example_dags/example_task_group.py
[2025-11-17T16:06:06.386+0000] {logging_mixin.py:188} INFO - [2025-11-17T16:06:06.386+0000] {dag.py:3096} INFO - Sync 1 DAGs
[2025-11-17T16:06:06.411+0000] {logging_mixin.py:188} INFO - [2025-11-17T16:06:06.410+0000] {dag.py:3954} INFO - Setting next_dagrun for example_task_group to 2025-11-16 00:00:00+00:00, run_after=2025-11-17 00:00:00+00:00
[2025-11-17T16:06:06.434+0000] {processor.py:183} INFO - Processing /usr/local/python/3.12.1/lib/python3.12/site-packages/airflow/example_dags/example_task_group.py took 0.087 seconds
[2025-11-17T16:06:57.485+0000] {processor.py:161} INFO - Started process (PID=46269) to work on /usr/local/python/3.12.1/lib/python3.12/site-packages/airflow/example_dags/example_task_group.py
[2025-11-17T16:06:57.486+0000] {processor.py:830} INFO - Processing file /usr/local/python/3.12.1/lib/python3.12/site-packages/airflow/example_dags/example_task_group.py for tasks to queue
[2025-11-17T16:06:57.487+0000] {logging_mixin.py:188} INFO - [2025-11-17T16:06:57.487+0000] {dagbag.py:545} INFO - Filling up the DagBag from /usr/local/python/3.12.1/lib/python3.12/site-packages/airflow/example_dags/example_task_group.py
[2025-11-17T16:06:57.492+0000] {processor.py:840} INFO - DAG(s) 'example_task_group' retrieved from /usr/local/python/3.12.1/lib/python3.12/site-packages/airflow/example_dags/example_task_group.py
[2025-11-17T16:06:57.506+0000] {logging_mixin.py:188} INFO - [2025-11-17T16:06:57.506+0000] {dag.py:3096} INFO - Sync 1 DAGs
[2025-11-17T16:06:57.526+0000] {logging_mixin.py:188} INFO - [2025-11-17T16:06:57.526+0000] {dag.py:3954} INFO - Setting next_dagrun for example_task_group to 2025-11-16 00:00:00+00:00, run_after=2025-11-17 00:00:00+00:00
[2025-11-17T16:06:57.549+0000] {processor.py:183} INFO - Processing /usr/local/python/3.12.1/lib/python3.12/site-packages/airflow/example_dags/example_task_group.py took 0.067 seconds
[2025-11-17T16:07:41.514+0000] {processor.py:161} INFO - Started process (PID=46905) to work on /usr/local/python/3.12.1/lib/python3.12/site-packages/airflow/example_dags/example_task_group.py
[2025-11-17T16:07:41.516+0000] {processor.py:830} INFO - Processing file /usr/local/python/3.12.1/lib/python3.12/site-packages/airflow/example_dags/example_task_group.py for tasks to queue
[2025-11-17T16:07:41.517+0000] {logging_mixin.py:188} INFO - [2025-11-17T16:07:41.517+0000] {dagbag.py:545} INFO - Filling up the DagBag from /usr/local/python/3.12.1/lib/python3.12/site-packages/airflow/example_dags/example_task_group.py
[2025-11-17T16:07:41.525+0000] {processor.py:840} INFO - DAG(s) 'example_task_group' retrieved from /usr/local/python/3.12.1/lib/python3.12/site-packages/airflow/example_dags/example_task_group.py
[2025-11-17T16:07:41.544+0000] {logging_mixin.py:188} INFO - [2025-11-17T16:07:41.544+0000] {dag.py:3096} INFO - Sync 1 DAGs
[2025-11-17T16:07:41.563+0000] {logging_mixin.py:188} INFO - [2025-11-17T16:07:41.563+0000] {dag.py:3954} INFO - Setting next_dagrun for example_task_group to 2025-11-16 00:00:00+00:00, run_after=2025-11-17 00:00:00+00:00
[2025-11-17T16:07:41.585+0000] {processor.py:183} INFO - Processing /usr/local/python/3.12.1/lib/python3.12/site-packages/airflow/example_dags/example_task_group.py took 0.077 seconds
[2025-11-17T16:08:29.040+0000] {processor.py:161} INFO - Started process (PID=47567) to work on /usr/local/python/3.12.1/lib/python3.12/site-packages/airflow/example_dags/example_task_group.py
[2025-11-17T16:08:29.040+0000] {processor.py:830} INFO - Processing file /usr/local/python/3.12.1/lib/python3.12/site-packages/airflow/example_dags/example_task_group.py for tasks to queue
[2025-11-17T16:08:29.042+0000] {logging_mixin.py:188} INFO - [2025-11-17T16:08:29.042+0000] {dagbag.py:545} INFO - Filling up the DagBag from /usr/local/python/3.12.1/lib/python3.12/site-packages/airflow/example_dags/example_task_group.py
[2025-11-17T16:08:29.049+0000] {processor.py:840} INFO - DAG(s) 'example_task_group' retrieved from /usr/local/python/3.12.1/lib/python3.12/site-packages/airflow/example_dags/example_task_group.py
[2025-11-17T16:08:29.068+0000] {logging_mixin.py:188} INFO - [2025-11-17T16:08:29.068+0000] {dag.py:3096} INFO - Sync 1 DAGs
[2025-11-17T16:08:29.088+0000] {logging_mixin.py:188} INFO - [2025-11-17T16:08:29.088+0000] {dag.py:3954} INFO - Setting next_dagrun for example_task_group to 2025-11-16 00:00:00+00:00, run_after=2025-11-17 00:00:00+00:00
[2025-11-17T16:08:29.113+0000] {processor.py:183} INFO - Processing /usr/local/python/3.12.1/lib/python3.12/site-packages/airflow/example_dags/example_task_group.py took 0.079 seconds
[2025-11-17T16:09:09.571+0000] {processor.py:161} INFO - Started process (PID=48146) to work on /usr/local/python/3.12.1/lib/python3.12/site-packages/airflow/example_dags/example_task_group.py
[2025-11-17T16:09:09.572+0000] {processor.py:830} INFO - Processing file /usr/local/python/3.12.1/lib/python3.12/site-packages/airflow/example_dags/example_task_group.py for tasks to queue
[2025-11-17T16:09:09.573+0000] {logging_mixin.py:188} INFO - [2025-11-17T16:09:09.573+0000] {dagbag.py:545} INFO - Filling up the DagBag from /usr/local/python/3.12.1/lib/python3.12/site-packages/airflow/example_dags/example_task_group.py
[2025-11-17T16:09:09.579+0000] {processor.py:840} INFO - DAG(s) 'example_task_group' retrieved from /usr/local/python/3.12.1/lib/python3.12/site-packages/airflow/example_dags/example_task_group.py
[2025-11-17T16:09:09.591+0000] {logging_mixin.py:188} INFO - [2025-11-17T16:09:09.591+0000] {dag.py:3096} INFO - Sync 1 DAGs
[2025-11-17T16:09:09.605+0000] {logging_mixin.py:188} INFO - [2025-11-17T16:09:09.605+0000] {dag.py:3954} INFO - Setting next_dagrun for example_task_group to 2025-11-16 00:00:00+00:00, run_after=2025-11-17 00:00:00+00:00
[2025-11-17T16:09:09.623+0000] {processor.py:183} INFO - Processing /usr/local/python/3.12.1/lib/python3.12/site-packages/airflow/example_dags/example_task_group.py took 0.056 seconds
[2025-11-17T16:09:51.654+0000] {processor.py:161} INFO - Started process (PID=48901) to work on /usr/local/python/3.12.1/lib/python3.12/site-packages/airflow/example_dags/example_task_group.py
[2025-11-17T16:09:51.654+0000] {processor.py:830} INFO - Processing file /usr/local/python/3.12.1/lib/python3.12/site-packages/airflow/example_dags/example_task_group.py for tasks to queue
[2025-11-17T16:09:51.656+0000] {logging_mixin.py:188} INFO - [2025-11-17T16:09:51.655+0000] {dagbag.py:545} INFO - Filling up the DagBag from /usr/local/python/3.12.1/lib/python3.12/site-packages/airflow/example_dags/example_task_group.py
[2025-11-17T16:09:51.661+0000] {processor.py:840} INFO - DAG(s) 'example_task_group' retrieved from /usr/local/python/3.12.1/lib/python3.12/site-packages/airflow/example_dags/example_task_group.py
[2025-11-17T16:09:51.673+0000] {logging_mixin.py:188} INFO - [2025-11-17T16:09:51.673+0000] {dag.py:3096} INFO - Sync 1 DAGs
[2025-11-17T16:09:51.687+0000] {logging_mixin.py:188} INFO - [2025-11-17T16:09:51.687+0000] {dag.py:3954} INFO - Setting next_dagrun for example_task_group to 2025-11-16 00:00:00+00:00, run_after=2025-11-17 00:00:00+00:00
[2025-11-17T16:09:51.703+0000] {processor.py:183} INFO - Processing /usr/local/python/3.12.1/lib/python3.12/site-packages/airflow/example_dags/example_task_group.py took 0.053 seconds
[2025-11-17T16:10:29.870+0000] {processor.py:161} INFO - Started process (PID=49310) to work on /usr/local/python/3.12.1/lib/python3.12/site-packages/airflow/example_dags/example_task_group.py
[2025-11-17T16:10:29.871+0000] {processor.py:830} INFO - Processing file /usr/local/python/3.12.1/lib/python3.12/site-packages/airflow/example_dags/example_task_group.py for tasks to queue
[2025-11-17T16:10:29.872+0000] {logging_mixin.py:188} INFO - [2025-11-17T16:10:29.872+0000] {dagbag.py:545} INFO - Filling up the DagBag from /usr/local/python/3.12.1/lib/python3.12/site-packages/airflow/example_dags/example_task_group.py
[2025-11-17T16:10:29.877+0000] {processor.py:840} INFO - DAG(s) 'example_task_group' retrieved from /usr/local/python/3.12.1/lib/python3.12/site-packages/airflow/example_dags/example_task_group.py
[2025-11-17T16:10:29.889+0000] {logging_mixin.py:188} INFO - [2025-11-17T16:10:29.889+0000] {dag.py:3096} INFO - Sync 1 DAGs
[2025-11-17T16:10:29.903+0000] {logging_mixin.py:188} INFO - [2025-11-17T16:10:29.903+0000] {dag.py:3954} INFO - Setting next_dagrun for example_task_group to 2025-11-16 00:00:00+00:00, run_after=2025-11-17 00:00:00+00:00
[2025-11-17T16:10:29.919+0000] {processor.py:183} INFO - Processing /usr/local/python/3.12.1/lib/python3.12/site-packages/airflow/example_dags/example_task_group.py took 0.053 seconds
[2025-11-17T16:11:10.461+0000] {processor.py:161} INFO - Started process (PID=50108) to work on /usr/local/python/3.12.1/lib/python3.12/site-packages/airflow/example_dags/example_task_group.py
[2025-11-17T16:11:10.462+0000] {processor.py:830} INFO - Processing file /usr/local/python/3.12.1/lib/python3.12/site-packages/airflow/example_dags/example_task_group.py for tasks to queue
[2025-11-17T16:11:10.463+0000] {logging_mixin.py:188} INFO - [2025-11-17T16:11:10.463+0000] {dagbag.py:545} INFO - Filling up the DagBag from /usr/local/python/3.12.1/lib/python3.12/site-packages/airflow/example_dags/example_task_group.py
[2025-11-17T16:11:10.470+0000] {processor.py:840} INFO - DAG(s) 'example_task_group' retrieved from /usr/local/python/3.12.1/lib/python3.12/site-packages/airflow/example_dags/example_task_group.py
[2025-11-17T16:11:10.487+0000] {logging_mixin.py:188} INFO - [2025-11-17T16:11:10.487+0000] {dag.py:3096} INFO - Sync 1 DAGs
[2025-11-17T16:11:10.602+0000] {logging_mixin.py:188} INFO - [2025-11-17T16:11:10.602+0000] {dag.py:3954} INFO - Setting next_dagrun for example_task_group to 2025-11-16 00:00:00+00:00, run_after=2025-11-17 00:00:00+00:00
[2025-11-17T16:11:10.617+0000] {processor.py:183} INFO - Processing /usr/local/python/3.12.1/lib/python3.12/site-packages/airflow/example_dags/example_task_group.py took 0.160 seconds
[2025-11-17T16:11:54.421+0000] {processor.py:161} INFO - Started process (PID=50497) to work on /usr/local/python/3.12.1/lib/python3.12/site-packages/airflow/example_dags/example_task_group.py
[2025-11-17T16:11:54.422+0000] {processor.py:830} INFO - Processing file /usr/local/python/3.12.1/lib/python3.12/site-packages/airflow/example_dags/example_task_group.py for tasks to queue
[2025-11-17T16:11:54.424+0000] {logging_mixin.py:188} INFO - [2025-11-17T16:11:54.423+0000] {dagbag.py:545} INFO - Filling up the DagBag from /usr/local/python/3.12.1/lib/python3.12/site-packages/airflow/example_dags/example_task_group.py
[2025-11-17T16:11:54.429+0000] {processor.py:840} INFO - DAG(s) 'example_task_group' retrieved from /usr/local/python/3.12.1/lib/python3.12/site-packages/airflow/example_dags/example_task_group.py
[2025-11-17T16:11:54.442+0000] {logging_mixin.py:188} INFO - [2025-11-17T16:11:54.442+0000] {dag.py:3096} INFO - Sync 1 DAGs
[2025-11-17T16:11:54.456+0000] {logging_mixin.py:188} INFO - [2025-11-17T16:11:54.456+0000] {dag.py:3954} INFO - Setting next_dagrun for example_task_group to 2025-11-16 00:00:00+00:00, run_after=2025-11-17 00:00:00+00:00
[2025-11-17T16:11:54.474+0000] {processor.py:183} INFO - Processing /usr/local/python/3.12.1/lib/python3.12/site-packages/airflow/example_dags/example_task_group.py took 0.056 seconds
[2025-11-17T16:12:37.502+0000] {processor.py:161} INFO - Started process (PID=50843) to work on /usr/local/python/3.12.1/lib/python3.12/site-packages/airflow/example_dags/example_task_group.py
[2025-11-17T16:12:37.502+0000] {processor.py:830} INFO - Processing file /usr/local/python/3.12.1/lib/python3.12/site-packages/airflow/example_dags/example_task_group.py for tasks to queue
[2025-11-17T16:12:37.504+0000] {logging_mixin.py:188} INFO - [2025-11-17T16:12:37.503+0000] {dagbag.py:545} INFO - Filling up the DagBag from /usr/local/python/3.12.1/lib/python3.12/site-packages/airflow/example_dags/example_task_group.py
[2025-11-17T16:12:37.509+0000] {processor.py:840} INFO - DAG(s) 'example_task_group' retrieved from /usr/local/python/3.12.1/lib/python3.12/site-packages/airflow/example_dags/example_task_group.py
[2025-11-17T16:12:37.521+0000] {logging_mixin.py:188} INFO - [2025-11-17T16:12:37.521+0000] {dag.py:3096} INFO - Sync 1 DAGs
[2025-11-17T16:12:37.535+0000] {logging_mixin.py:188} INFO - [2025-11-17T16:12:37.535+0000] {dag.py:3954} INFO - Setting next_dagrun for example_task_group to 2025-11-16 00:00:00+00:00, run_after=2025-11-17 00:00:00+00:00
[2025-11-17T16:12:37.551+0000] {processor.py:183} INFO - Processing /usr/local/python/3.12.1/lib/python3.12/site-packages/airflow/example_dags/example_task_group.py took 0.054 seconds
[2025-11-17T16:13:21.664+0000] {processor.py:161} INFO - Started process (PID=51190) to work on /usr/local/python/3.12.1/lib/python3.12/site-packages/airflow/example_dags/example_task_group.py
[2025-11-17T16:13:21.665+0000] {processor.py:830} INFO - Processing file /usr/local/python/3.12.1/lib/python3.12/site-packages/airflow/example_dags/example_task_group.py for tasks to queue
[2025-11-17T16:13:21.666+0000] {logging_mixin.py:188} INFO - [2025-11-17T16:13:21.666+0000] {dagbag.py:545} INFO - Filling up the DagBag from /usr/local/python/3.12.1/lib/python3.12/site-packages/airflow/example_dags/example_task_group.py
[2025-11-17T16:13:21.671+0000] {processor.py:840} INFO - DAG(s) 'example_task_group' retrieved from /usr/local/python/3.12.1/lib/python3.12/site-packages/airflow/example_dags/example_task_group.py
[2025-11-17T16:13:21.684+0000] {logging_mixin.py:188} INFO - [2025-11-17T16:13:21.684+0000] {dag.py:3096} INFO - Sync 1 DAGs
[2025-11-17T16:13:21.699+0000] {logging_mixin.py:188} INFO - [2025-11-17T16:13:21.698+0000] {dag.py:3954} INFO - Setting next_dagrun for example_task_group to 2025-11-16 00:00:00+00:00, run_after=2025-11-17 00:00:00+00:00
[2025-11-17T16:13:21.715+0000] {processor.py:183} INFO - Processing /usr/local/python/3.12.1/lib/python3.12/site-packages/airflow/example_dags/example_task_group.py took 0.055 seconds
[2025-11-17T16:14:04.826+0000] {processor.py:161} INFO - Started process (PID=51519) to work on /usr/local/python/3.12.1/lib/python3.12/site-packages/airflow/example_dags/example_task_group.py
[2025-11-17T16:14:04.827+0000] {processor.py:830} INFO - Processing file /usr/local/python/3.12.1/lib/python3.12/site-packages/airflow/example_dags/example_task_group.py for tasks to queue
[2025-11-17T16:14:04.828+0000] {logging_mixin.py:188} INFO - [2025-11-17T16:14:04.828+0000] {dagbag.py:545} INFO - Filling up the DagBag from /usr/local/python/3.12.1/lib/python3.12/site-packages/airflow/example_dags/example_task_group.py
[2025-11-17T16:14:04.834+0000] {processor.py:840} INFO - DAG(s) 'example_task_group' retrieved from /usr/local/python/3.12.1/lib/python3.12/site-packages/airflow/example_dags/example_task_group.py
[2025-11-17T16:14:04.846+0000] {logging_mixin.py:188} INFO - [2025-11-17T16:14:04.846+0000] {dag.py:3096} INFO - Sync 1 DAGs
[2025-11-17T16:14:04.860+0000] {logging_mixin.py:188} INFO - [2025-11-17T16:14:04.860+0000] {dag.py:3954} INFO - Setting next_dagrun for example_task_group to 2025-11-16 00:00:00+00:00, run_after=2025-11-17 00:00:00+00:00
[2025-11-17T16:14:04.877+0000] {processor.py:183} INFO - Processing /usr/local/python/3.12.1/lib/python3.12/site-packages/airflow/example_dags/example_task_group.py took 0.055 seconds
[2025-11-17T16:14:42.910+0000] {processor.py:161} INFO - Started process (PID=51820) to work on /usr/local/python/3.12.1/lib/python3.12/site-packages/airflow/example_dags/example_task_group.py
[2025-11-17T16:14:42.911+0000] {processor.py:830} INFO - Processing file /usr/local/python/3.12.1/lib/python3.12/site-packages/airflow/example_dags/example_task_group.py for tasks to queue
[2025-11-17T16:14:42.912+0000] {logging_mixin.py:188} INFO - [2025-11-17T16:14:42.912+0000] {dagbag.py:545} INFO - Filling up the DagBag from /usr/local/python/3.12.1/lib/python3.12/site-packages/airflow/example_dags/example_task_group.py
[2025-11-17T16:14:42.918+0000] {processor.py:840} INFO - DAG(s) 'example_task_group' retrieved from /usr/local/python/3.12.1/lib/python3.12/site-packages/airflow/example_dags/example_task_group.py
[2025-11-17T16:14:42.930+0000] {logging_mixin.py:188} INFO - [2025-11-17T16:14:42.930+0000] {dag.py:3096} INFO - Sync 1 DAGs
[2025-11-17T16:14:42.945+0000] {logging_mixin.py:188} INFO - [2025-11-17T16:14:42.945+0000] {dag.py:3954} INFO - Setting next_dagrun for example_task_group to 2025-11-16 00:00:00+00:00, run_after=2025-11-17 00:00:00+00:00
[2025-11-17T16:14:42.962+0000] {processor.py:183} INFO - Processing /usr/local/python/3.12.1/lib/python3.12/site-packages/airflow/example_dags/example_task_group.py took 0.056 seconds
[2025-11-17T16:15:22.783+0000] {processor.py:161} INFO - Started process (PID=52142) to work on /usr/local/python/3.12.1/lib/python3.12/site-packages/airflow/example_dags/example_task_group.py
[2025-11-17T16:15:22.784+0000] {processor.py:830} INFO - Processing file /usr/local/python/3.12.1/lib/python3.12/site-packages/airflow/example_dags/example_task_group.py for tasks to queue
[2025-11-17T16:15:22.785+0000] {logging_mixin.py:188} INFO - [2025-11-17T16:15:22.785+0000] {dagbag.py:545} INFO - Filling up the DagBag from /usr/local/python/3.12.1/lib/python3.12/site-packages/airflow/example_dags/example_task_group.py
[2025-11-17T16:15:22.790+0000] {processor.py:840} INFO - DAG(s) 'example_task_group' retrieved from /usr/local/python/3.12.1/lib/python3.12/site-packages/airflow/example_dags/example_task_group.py
[2025-11-17T16:15:22.803+0000] {logging_mixin.py:188} INFO - [2025-11-17T16:15:22.802+0000] {dag.py:3096} INFO - Sync 1 DAGs
[2025-11-17T16:15:22.818+0000] {logging_mixin.py:188} INFO - [2025-11-17T16:15:22.818+0000] {dag.py:3954} INFO - Setting next_dagrun for example_task_group to 2025-11-16 00:00:00+00:00, run_after=2025-11-17 00:00:00+00:00
[2025-11-17T16:15:22.834+0000] {processor.py:183} INFO - Processing /usr/local/python/3.12.1/lib/python3.12/site-packages/airflow/example_dags/example_task_group.py took 0.055 seconds
[2025-11-17T16:16:01.245+0000] {processor.py:161} INFO - Started process (PID=52498) to work on /usr/local/python/3.12.1/lib/python3.12/site-packages/airflow/example_dags/example_task_group.py
[2025-11-17T16:16:01.246+0000] {processor.py:830} INFO - Processing file /usr/local/python/3.12.1/lib/python3.12/site-packages/airflow/example_dags/example_task_group.py for tasks to queue
[2025-11-17T16:16:01.247+0000] {logging_mixin.py:188} INFO - [2025-11-17T16:16:01.247+0000] {dagbag.py:545} INFO - Filling up the DagBag from /usr/local/python/3.12.1/lib/python3.12/site-packages/airflow/example_dags/example_task_group.py
[2025-11-17T16:16:01.253+0000] {processor.py:840} INFO - DAG(s) 'example_task_group' retrieved from /usr/local/python/3.12.1/lib/python3.12/site-packages/airflow/example_dags/example_task_group.py
[2025-11-17T16:16:01.265+0000] {logging_mixin.py:188} INFO - [2025-11-17T16:16:01.265+0000] {dag.py:3096} INFO - Sync 1 DAGs
[2025-11-17T16:16:01.279+0000] {logging_mixin.py:188} INFO - [2025-11-17T16:16:01.279+0000] {dag.py:3954} INFO - Setting next_dagrun for example_task_group to 2025-11-16 00:00:00+00:00, run_after=2025-11-17 00:00:00+00:00
[2025-11-17T16:16:01.297+0000] {processor.py:183} INFO - Processing /usr/local/python/3.12.1/lib/python3.12/site-packages/airflow/example_dags/example_task_group.py took 0.057 seconds
[2025-11-17T16:16:55.752+0000] {processor.py:161} INFO - Started process (PID=52917) to work on /usr/local/python/3.12.1/lib/python3.12/site-packages/airflow/example_dags/example_task_group.py
[2025-11-17T16:16:55.752+0000] {processor.py:830} INFO - Processing file /usr/local/python/3.12.1/lib/python3.12/site-packages/airflow/example_dags/example_task_group.py for tasks to queue
[2025-11-17T16:16:55.753+0000] {logging_mixin.py:188} INFO - [2025-11-17T16:16:55.753+0000] {dagbag.py:545} INFO - Filling up the DagBag from /usr/local/python/3.12.1/lib/python3.12/site-packages/airflow/example_dags/example_task_group.py
[2025-11-17T16:16:55.759+0000] {processor.py:840} INFO - DAG(s) 'example_task_group' retrieved from /usr/local/python/3.12.1/lib/python3.12/site-packages/airflow/example_dags/example_task_group.py
[2025-11-17T16:16:55.771+0000] {logging_mixin.py:188} INFO - [2025-11-17T16:16:55.771+0000] {dag.py:3096} INFO - Sync 1 DAGs
[2025-11-17T16:16:55.785+0000] {logging_mixin.py:188} INFO - [2025-11-17T16:16:55.785+0000] {dag.py:3954} INFO - Setting next_dagrun for example_task_group to 2025-11-16 00:00:00+00:00, run_after=2025-11-17 00:00:00+00:00
[2025-11-17T16:16:55.802+0000] {processor.py:183} INFO - Processing /usr/local/python/3.12.1/lib/python3.12/site-packages/airflow/example_dags/example_task_group.py took 0.054 seconds
[2025-11-17T16:17:35.831+0000] {processor.py:161} INFO - Started process (PID=53234) to work on /usr/local/python/3.12.1/lib/python3.12/site-packages/airflow/example_dags/example_task_group.py
[2025-11-17T16:17:35.832+0000] {processor.py:830} INFO - Processing file /usr/local/python/3.12.1/lib/python3.12/site-packages/airflow/example_dags/example_task_group.py for tasks to queue
[2025-11-17T16:17:35.834+0000] {logging_mixin.py:188} INFO - [2025-11-17T16:17:35.834+0000] {dagbag.py:545} INFO - Filling up the DagBag from /usr/local/python/3.12.1/lib/python3.12/site-packages/airflow/example_dags/example_task_group.py
[2025-11-17T16:17:35.842+0000] {processor.py:840} INFO - DAG(s) 'example_task_group' retrieved from /usr/local/python/3.12.1/lib/python3.12/site-packages/airflow/example_dags/example_task_group.py
[2025-11-17T16:17:35.858+0000] {logging_mixin.py:188} INFO - [2025-11-17T16:17:35.858+0000] {dag.py:3096} INFO - Sync 1 DAGs
[2025-11-17T16:17:35.872+0000] {logging_mixin.py:188} INFO - [2025-11-17T16:17:35.872+0000] {dag.py:3954} INFO - Setting next_dagrun for example_task_group to 2025-11-16 00:00:00+00:00, run_after=2025-11-17 00:00:00+00:00
[2025-11-17T16:17:35.889+0000] {processor.py:183} INFO - Processing /usr/local/python/3.12.1/lib/python3.12/site-packages/airflow/example_dags/example_task_group.py took 0.063 seconds
[2025-11-17T16:18:15.660+0000] {processor.py:161} INFO - Started process (PID=53544) to work on /usr/local/python/3.12.1/lib/python3.12/site-packages/airflow/example_dags/example_task_group.py
[2025-11-17T16:18:15.660+0000] {processor.py:830} INFO - Processing file /usr/local/python/3.12.1/lib/python3.12/site-packages/airflow/example_dags/example_task_group.py for tasks to queue
[2025-11-17T16:18:15.661+0000] {logging_mixin.py:188} INFO - [2025-11-17T16:18:15.661+0000] {dagbag.py:545} INFO - Filling up the DagBag from /usr/local/python/3.12.1/lib/python3.12/site-packages/airflow/example_dags/example_task_group.py
[2025-11-17T16:18:15.667+0000] {processor.py:840} INFO - DAG(s) 'example_task_group' retrieved from /usr/local/python/3.12.1/lib/python3.12/site-packages/airflow/example_dags/example_task_group.py
[2025-11-17T16:18:15.679+0000] {logging_mixin.py:188} INFO - [2025-11-17T16:18:15.679+0000] {dag.py:3096} INFO - Sync 1 DAGs
[2025-11-17T16:18:15.693+0000] {logging_mixin.py:188} INFO - [2025-11-17T16:18:15.693+0000] {dag.py:3954} INFO - Setting next_dagrun for example_task_group to 2025-11-16 00:00:00+00:00, run_after=2025-11-17 00:00:00+00:00
[2025-11-17T16:18:15.708+0000] {processor.py:183} INFO - Processing /usr/local/python/3.12.1/lib/python3.12/site-packages/airflow/example_dags/example_task_group.py took 0.053 seconds
[2025-11-17T16:18:53.084+0000] {processor.py:161} INFO - Started process (PID=53831) to work on /usr/local/python/3.12.1/lib/python3.12/site-packages/airflow/example_dags/example_task_group.py
[2025-11-17T16:18:53.085+0000] {processor.py:830} INFO - Processing file /usr/local/python/3.12.1/lib/python3.12/site-packages/airflow/example_dags/example_task_group.py for tasks to queue
[2025-11-17T16:18:53.086+0000] {logging_mixin.py:188} INFO - [2025-11-17T16:18:53.086+0000] {dagbag.py:545} INFO - Filling up the DagBag from /usr/local/python/3.12.1/lib/python3.12/site-packages/airflow/example_dags/example_task_group.py
[2025-11-17T16:18:53.092+0000] {processor.py:840} INFO - DAG(s) 'example_task_group' retrieved from /usr/local/python/3.12.1/lib/python3.12/site-packages/airflow/example_dags/example_task_group.py
[2025-11-17T16:18:53.105+0000] {logging_mixin.py:188} INFO - [2025-11-17T16:18:53.105+0000] {dag.py:3096} INFO - Sync 1 DAGs
[2025-11-17T16:18:53.119+0000] {logging_mixin.py:188} INFO - [2025-11-17T16:18:53.119+0000] {dag.py:3954} INFO - Setting next_dagrun for example_task_group to 2025-11-16 00:00:00+00:00, run_after=2025-11-17 00:00:00+00:00
[2025-11-17T16:18:53.137+0000] {processor.py:183} INFO - Processing /usr/local/python/3.12.1/lib/python3.12/site-packages/airflow/example_dags/example_task_group.py took 0.057 seconds
[2025-11-17T16:19:32.858+0000] {processor.py:161} INFO - Started process (PID=54140) to work on /usr/local/python/3.12.1/lib/python3.12/site-packages/airflow/example_dags/example_task_group.py
[2025-11-17T16:19:32.858+0000] {processor.py:830} INFO - Processing file /usr/local/python/3.12.1/lib/python3.12/site-packages/airflow/example_dags/example_task_group.py for tasks to queue
[2025-11-17T16:19:32.860+0000] {logging_mixin.py:188} INFO - [2025-11-17T16:19:32.859+0000] {dagbag.py:545} INFO - Filling up the DagBag from /usr/local/python/3.12.1/lib/python3.12/site-packages/airflow/example_dags/example_task_group.py
[2025-11-17T16:19:32.867+0000] {processor.py:840} INFO - DAG(s) 'example_task_group' retrieved from /usr/local/python/3.12.1/lib/python3.12/site-packages/airflow/example_dags/example_task_group.py
[2025-11-17T16:19:32.880+0000] {logging_mixin.py:188} INFO - [2025-11-17T16:19:32.880+0000] {dag.py:3096} INFO - Sync 1 DAGs
[2025-11-17T16:19:32.895+0000] {logging_mixin.py:188} INFO - [2025-11-17T16:19:32.895+0000] {dag.py:3954} INFO - Setting next_dagrun for example_task_group to 2025-11-16 00:00:00+00:00, run_after=2025-11-17 00:00:00+00:00
[2025-11-17T16:19:32.911+0000] {processor.py:183} INFO - Processing /usr/local/python/3.12.1/lib/python3.12/site-packages/airflow/example_dags/example_task_group.py took 0.057 seconds
[2025-11-17T16:20:13.383+0000] {processor.py:161} INFO - Started process (PID=54462) to work on /usr/local/python/3.12.1/lib/python3.12/site-packages/airflow/example_dags/example_task_group.py
[2025-11-17T16:20:13.384+0000] {processor.py:830} INFO - Processing file /usr/local/python/3.12.1/lib/python3.12/site-packages/airflow/example_dags/example_task_group.py for tasks to queue
[2025-11-17T16:20:13.385+0000] {logging_mixin.py:188} INFO - [2025-11-17T16:20:13.385+0000] {dagbag.py:545} INFO - Filling up the DagBag from /usr/local/python/3.12.1/lib/python3.12/site-packages/airflow/example_dags/example_task_group.py
[2025-11-17T16:20:13.390+0000] {processor.py:840} INFO - DAG(s) 'example_task_group' retrieved from /usr/local/python/3.12.1/lib/python3.12/site-packages/airflow/example_dags/example_task_group.py
[2025-11-17T16:20:13.402+0000] {logging_mixin.py:188} INFO - [2025-11-17T16:20:13.402+0000] {dag.py:3096} INFO - Sync 1 DAGs
[2025-11-17T16:20:13.416+0000] {logging_mixin.py:188} INFO - [2025-11-17T16:20:13.416+0000] {dag.py:3954} INFO - Setting next_dagrun for example_task_group to 2025-11-16 00:00:00+00:00, run_after=2025-11-17 00:00:00+00:00
[2025-11-17T16:20:13.432+0000] {processor.py:183} INFO - Processing /usr/local/python/3.12.1/lib/python3.12/site-packages/airflow/example_dags/example_task_group.py took 0.053 seconds
[2025-11-17T16:20:52.993+0000] {processor.py:161} INFO - Started process (PID=54777) to work on /usr/local/python/3.12.1/lib/python3.12/site-packages/airflow/example_dags/example_task_group.py
[2025-11-17T16:20:52.994+0000] {processor.py:830} INFO - Processing file /usr/local/python/3.12.1/lib/python3.12/site-packages/airflow/example_dags/example_task_group.py for tasks to queue
[2025-11-17T16:20:52.995+0000] {logging_mixin.py:188} INFO - [2025-11-17T16:20:52.995+0000] {dagbag.py:545} INFO - Filling up the DagBag from /usr/local/python/3.12.1/lib/python3.12/site-packages/airflow/example_dags/example_task_group.py
[2025-11-17T16:20:53.003+0000] {processor.py:840} INFO - DAG(s) 'example_task_group' retrieved from /usr/local/python/3.12.1/lib/python3.12/site-packages/airflow/example_dags/example_task_group.py
[2025-11-17T16:20:53.021+0000] {logging_mixin.py:188} INFO - [2025-11-17T16:20:53.021+0000] {dag.py:3096} INFO - Sync 1 DAGs
[2025-11-17T16:20:53.035+0000] {logging_mixin.py:188} INFO - [2025-11-17T16:20:53.035+0000] {dag.py:3954} INFO - Setting next_dagrun for example_task_group to 2025-11-16 00:00:00+00:00, run_after=2025-11-17 00:00:00+00:00
[2025-11-17T16:20:53.066+0000] {processor.py:183} INFO - Processing /usr/local/python/3.12.1/lib/python3.12/site-packages/airflow/example_dags/example_task_group.py took 0.079 seconds
[2025-11-17T16:21:33.711+0000] {processor.py:161} INFO - Started process (PID=55143) to work on /usr/local/python/3.12.1/lib/python3.12/site-packages/airflow/example_dags/example_task_group.py
[2025-11-17T16:21:33.712+0000] {processor.py:830} INFO - Processing file /usr/local/python/3.12.1/lib/python3.12/site-packages/airflow/example_dags/example_task_group.py for tasks to queue
[2025-11-17T16:21:33.713+0000] {logging_mixin.py:188} INFO - [2025-11-17T16:21:33.713+0000] {dagbag.py:545} INFO - Filling up the DagBag from /usr/local/python/3.12.1/lib/python3.12/site-packages/airflow/example_dags/example_task_group.py
[2025-11-17T16:21:33.719+0000] {processor.py:840} INFO - DAG(s) 'example_task_group' retrieved from /usr/local/python/3.12.1/lib/python3.12/site-packages/airflow/example_dags/example_task_group.py
[2025-11-17T16:21:33.731+0000] {logging_mixin.py:188} INFO - [2025-11-17T16:21:33.731+0000] {dag.py:3096} INFO - Sync 1 DAGs
[2025-11-17T16:21:33.745+0000] {logging_mixin.py:188} INFO - [2025-11-17T16:21:33.745+0000] {dag.py:3954} INFO - Setting next_dagrun for example_task_group to 2025-11-16 00:00:00+00:00, run_after=2025-11-17 00:00:00+00:00
[2025-11-17T16:21:33.762+0000] {processor.py:183} INFO - Processing /usr/local/python/3.12.1/lib/python3.12/site-packages/airflow/example_dags/example_task_group.py took 0.055 seconds
[2025-11-17T16:22:14.948+0000] {processor.py:161} INFO - Started process (PID=55463) to work on /usr/local/python/3.12.1/lib/python3.12/site-packages/airflow/example_dags/example_task_group.py
[2025-11-17T16:22:14.948+0000] {processor.py:830} INFO - Processing file /usr/local/python/3.12.1/lib/python3.12/site-packages/airflow/example_dags/example_task_group.py for tasks to queue
[2025-11-17T16:22:14.950+0000] {logging_mixin.py:188} INFO - [2025-11-17T16:22:14.949+0000] {dagbag.py:545} INFO - Filling up the DagBag from /usr/local/python/3.12.1/lib/python3.12/site-packages/airflow/example_dags/example_task_group.py
[2025-11-17T16:22:14.955+0000] {processor.py:840} INFO - DAG(s) 'example_task_group' retrieved from /usr/local/python/3.12.1/lib/python3.12/site-packages/airflow/example_dags/example_task_group.py
[2025-11-17T16:22:14.967+0000] {logging_mixin.py:188} INFO - [2025-11-17T16:22:14.967+0000] {dag.py:3096} INFO - Sync 1 DAGs
[2025-11-17T16:22:14.982+0000] {logging_mixin.py:188} INFO - [2025-11-17T16:22:14.982+0000] {dag.py:3954} INFO - Setting next_dagrun for example_task_group to 2025-11-16 00:00:00+00:00, run_after=2025-11-17 00:00:00+00:00
[2025-11-17T16:22:14.999+0000] {processor.py:183} INFO - Processing /usr/local/python/3.12.1/lib/python3.12/site-packages/airflow/example_dags/example_task_group.py took 0.055 seconds
[2025-11-17T16:22:54.006+0000] {processor.py:161} INFO - Started process (PID=55772) to work on /usr/local/python/3.12.1/lib/python3.12/site-packages/airflow/example_dags/example_task_group.py
[2025-11-17T16:22:54.007+0000] {processor.py:830} INFO - Processing file /usr/local/python/3.12.1/lib/python3.12/site-packages/airflow/example_dags/example_task_group.py for tasks to queue
[2025-11-17T16:22:54.008+0000] {logging_mixin.py:188} INFO - [2025-11-17T16:22:54.008+0000] {dagbag.py:545} INFO - Filling up the DagBag from /usr/local/python/3.12.1/lib/python3.12/site-packages/airflow/example_dags/example_task_group.py
[2025-11-17T16:22:54.013+0000] {processor.py:840} INFO - DAG(s) 'example_task_group' retrieved from /usr/local/python/3.12.1/lib/python3.12/site-packages/airflow/example_dags/example_task_group.py
[2025-11-17T16:22:54.026+0000] {logging_mixin.py:188} INFO - [2025-11-17T16:22:54.026+0000] {dag.py:3096} INFO - Sync 1 DAGs
[2025-11-17T16:22:54.040+0000] {logging_mixin.py:188} INFO - [2025-11-17T16:22:54.040+0000] {dag.py:3954} INFO - Setting next_dagrun for example_task_group to 2025-11-16 00:00:00+00:00, run_after=2025-11-17 00:00:00+00:00
[2025-11-17T16:22:54.056+0000] {processor.py:183} INFO - Processing /usr/local/python/3.12.1/lib/python3.12/site-packages/airflow/example_dags/example_task_group.py took 0.054 seconds
[2025-11-17T16:23:34.744+0000] {processor.py:161} INFO - Started process (PID=56095) to work on /usr/local/python/3.12.1/lib/python3.12/site-packages/airflow/example_dags/example_task_group.py
[2025-11-17T16:23:34.745+0000] {processor.py:830} INFO - Processing file /usr/local/python/3.12.1/lib/python3.12/site-packages/airflow/example_dags/example_task_group.py for tasks to queue
[2025-11-17T16:23:34.746+0000] {logging_mixin.py:188} INFO - [2025-11-17T16:23:34.746+0000] {dagbag.py:545} INFO - Filling up the DagBag from /usr/local/python/3.12.1/lib/python3.12/site-packages/airflow/example_dags/example_task_group.py
[2025-11-17T16:23:34.751+0000] {processor.py:840} INFO - DAG(s) 'example_task_group' retrieved from /usr/local/python/3.12.1/lib/python3.12/site-packages/airflow/example_dags/example_task_group.py
[2025-11-17T16:23:34.763+0000] {logging_mixin.py:188} INFO - [2025-11-17T16:23:34.763+0000] {dag.py:3096} INFO - Sync 1 DAGs
[2025-11-17T16:23:34.777+0000] {logging_mixin.py:188} INFO - [2025-11-17T16:23:34.777+0000] {dag.py:3954} INFO - Setting next_dagrun for example_task_group to 2025-11-16 00:00:00+00:00, run_after=2025-11-17 00:00:00+00:00
[2025-11-17T16:23:34.794+0000] {processor.py:183} INFO - Processing /usr/local/python/3.12.1/lib/python3.12/site-packages/airflow/example_dags/example_task_group.py took 0.054 seconds
[2025-11-17T16:24:16.479+0000] {processor.py:161} INFO - Started process (PID=56422) to work on /usr/local/python/3.12.1/lib/python3.12/site-packages/airflow/example_dags/example_task_group.py
[2025-11-17T16:24:16.480+0000] {processor.py:830} INFO - Processing file /usr/local/python/3.12.1/lib/python3.12/site-packages/airflow/example_dags/example_task_group.py for tasks to queue
[2025-11-17T16:24:16.481+0000] {logging_mixin.py:188} INFO - [2025-11-17T16:24:16.481+0000] {dagbag.py:545} INFO - Filling up the DagBag from /usr/local/python/3.12.1/lib/python3.12/site-packages/airflow/example_dags/example_task_group.py
[2025-11-17T16:24:16.486+0000] {processor.py:840} INFO - DAG(s) 'example_task_group' retrieved from /usr/local/python/3.12.1/lib/python3.12/site-packages/airflow/example_dags/example_task_group.py
[2025-11-17T16:24:16.499+0000] {logging_mixin.py:188} INFO - [2025-11-17T16:24:16.498+0000] {dag.py:3096} INFO - Sync 1 DAGs
[2025-11-17T16:24:16.512+0000] {logging_mixin.py:188} INFO - [2025-11-17T16:24:16.512+0000] {dag.py:3954} INFO - Setting next_dagrun for example_task_group to 2025-11-16 00:00:00+00:00, run_after=2025-11-17 00:00:00+00:00
[2025-11-17T16:24:16.528+0000] {processor.py:183} INFO - Processing /usr/local/python/3.12.1/lib/python3.12/site-packages/airflow/example_dags/example_task_group.py took 0.053 seconds
[2025-11-17T16:24:56.442+0000] {processor.py:161} INFO - Started process (PID=56740) to work on /usr/local/python/3.12.1/lib/python3.12/site-packages/airflow/example_dags/example_task_group.py
[2025-11-17T16:24:56.443+0000] {processor.py:830} INFO - Processing file /usr/local/python/3.12.1/lib/python3.12/site-packages/airflow/example_dags/example_task_group.py for tasks to queue
[2025-11-17T16:24:56.444+0000] {logging_mixin.py:188} INFO - [2025-11-17T16:24:56.444+0000] {dagbag.py:545} INFO - Filling up the DagBag from /usr/local/python/3.12.1/lib/python3.12/site-packages/airflow/example_dags/example_task_group.py
[2025-11-17T16:24:56.449+0000] {processor.py:840} INFO - DAG(s) 'example_task_group' retrieved from /usr/local/python/3.12.1/lib/python3.12/site-packages/airflow/example_dags/example_task_group.py
[2025-11-17T16:24:56.461+0000] {logging_mixin.py:188} INFO - [2025-11-17T16:24:56.461+0000] {dag.py:3096} INFO - Sync 1 DAGs
[2025-11-17T16:24:56.476+0000] {logging_mixin.py:188} INFO - [2025-11-17T16:24:56.476+0000] {dag.py:3954} INFO - Setting next_dagrun for example_task_group to 2025-11-16 00:00:00+00:00, run_after=2025-11-17 00:00:00+00:00
[2025-11-17T16:24:56.492+0000] {processor.py:183} INFO - Processing /usr/local/python/3.12.1/lib/python3.12/site-packages/airflow/example_dags/example_task_group.py took 0.054 seconds
[2025-11-17T16:25:34.457+0000] {processor.py:161} INFO - Started process (PID=57047) to work on /usr/local/python/3.12.1/lib/python3.12/site-packages/airflow/example_dags/example_task_group.py
[2025-11-17T16:25:34.458+0000] {processor.py:830} INFO - Processing file /usr/local/python/3.12.1/lib/python3.12/site-packages/airflow/example_dags/example_task_group.py for tasks to queue
[2025-11-17T16:25:34.459+0000] {logging_mixin.py:188} INFO - [2025-11-17T16:25:34.459+0000] {dagbag.py:545} INFO - Filling up the DagBag from /usr/local/python/3.12.1/lib/python3.12/site-packages/airflow/example_dags/example_task_group.py
[2025-11-17T16:25:34.464+0000] {processor.py:840} INFO - DAG(s) 'example_task_group' retrieved from /usr/local/python/3.12.1/lib/python3.12/site-packages/airflow/example_dags/example_task_group.py
[2025-11-17T16:25:34.476+0000] {logging_mixin.py:188} INFO - [2025-11-17T16:25:34.476+0000] {dag.py:3096} INFO - Sync 1 DAGs
[2025-11-17T16:25:34.490+0000] {logging_mixin.py:188} INFO - [2025-11-17T16:25:34.490+0000] {dag.py:3954} INFO - Setting next_dagrun for example_task_group to 2025-11-16 00:00:00+00:00, run_after=2025-11-17 00:00:00+00:00
[2025-11-17T16:25:34.507+0000] {processor.py:183} INFO - Processing /usr/local/python/3.12.1/lib/python3.12/site-packages/airflow/example_dags/example_task_group.py took 0.054 seconds
[2025-11-17T16:26:14.336+0000] {processor.py:161} INFO - Started process (PID=57402) to work on /usr/local/python/3.12.1/lib/python3.12/site-packages/airflow/example_dags/example_task_group.py
[2025-11-17T16:26:14.337+0000] {processor.py:830} INFO - Processing file /usr/local/python/3.12.1/lib/python3.12/site-packages/airflow/example_dags/example_task_group.py for tasks to queue
[2025-11-17T16:26:14.338+0000] {logging_mixin.py:188} INFO - [2025-11-17T16:26:14.338+0000] {dagbag.py:545} INFO - Filling up the DagBag from /usr/local/python/3.12.1/lib/python3.12/site-packages/airflow/example_dags/example_task_group.py
[2025-11-17T16:26:14.343+0000] {processor.py:840} INFO - DAG(s) 'example_task_group' retrieved from /usr/local/python/3.12.1/lib/python3.12/site-packages/airflow/example_dags/example_task_group.py
[2025-11-17T16:26:14.356+0000] {logging_mixin.py:188} INFO - [2025-11-17T16:26:14.355+0000] {dag.py:3096} INFO - Sync 1 DAGs
[2025-11-17T16:26:14.371+0000] {logging_mixin.py:188} INFO - [2025-11-17T16:26:14.370+0000] {dag.py:3954} INFO - Setting next_dagrun for example_task_group to 2025-11-16 00:00:00+00:00, run_after=2025-11-17 00:00:00+00:00
[2025-11-17T16:26:14.387+0000] {processor.py:183} INFO - Processing /usr/local/python/3.12.1/lib/python3.12/site-packages/airflow/example_dags/example_task_group.py took 0.055 seconds
[2025-11-17T16:26:55.427+0000] {processor.py:161} INFO - Started process (PID=57721) to work on /usr/local/python/3.12.1/lib/python3.12/site-packages/airflow/example_dags/example_task_group.py
[2025-11-17T16:26:55.428+0000] {processor.py:830} INFO - Processing file /usr/local/python/3.12.1/lib/python3.12/site-packages/airflow/example_dags/example_task_group.py for tasks to queue
[2025-11-17T16:26:55.429+0000] {logging_mixin.py:188} INFO - [2025-11-17T16:26:55.429+0000] {dagbag.py:545} INFO - Filling up the DagBag from /usr/local/python/3.12.1/lib/python3.12/site-packages/airflow/example_dags/example_task_group.py
[2025-11-17T16:26:55.434+0000] {processor.py:840} INFO - DAG(s) 'example_task_group' retrieved from /usr/local/python/3.12.1/lib/python3.12/site-packages/airflow/example_dags/example_task_group.py
[2025-11-17T16:26:55.447+0000] {logging_mixin.py:188} INFO - [2025-11-17T16:26:55.446+0000] {dag.py:3096} INFO - Sync 1 DAGs
[2025-11-17T16:26:55.461+0000] {logging_mixin.py:188} INFO - [2025-11-17T16:26:55.461+0000] {dag.py:3954} INFO - Setting next_dagrun for example_task_group to 2025-11-16 00:00:00+00:00, run_after=2025-11-17 00:00:00+00:00
[2025-11-17T16:26:55.477+0000] {processor.py:183} INFO - Processing /usr/local/python/3.12.1/lib/python3.12/site-packages/airflow/example_dags/example_task_group.py took 0.054 seconds
[2025-11-17T16:27:35.699+0000] {processor.py:161} INFO - Started process (PID=58044) to work on /usr/local/python/3.12.1/lib/python3.12/site-packages/airflow/example_dags/example_task_group.py
[2025-11-17T16:27:35.700+0000] {processor.py:830} INFO - Processing file /usr/local/python/3.12.1/lib/python3.12/site-packages/airflow/example_dags/example_task_group.py for tasks to queue
[2025-11-17T16:27:35.701+0000] {logging_mixin.py:188} INFO - [2025-11-17T16:27:35.701+0000] {dagbag.py:545} INFO - Filling up the DagBag from /usr/local/python/3.12.1/lib/python3.12/site-packages/airflow/example_dags/example_task_group.py
[2025-11-17T16:27:35.707+0000] {processor.py:840} INFO - DAG(s) 'example_task_group' retrieved from /usr/local/python/3.12.1/lib/python3.12/site-packages/airflow/example_dags/example_task_group.py
[2025-11-17T16:27:35.719+0000] {logging_mixin.py:188} INFO - [2025-11-17T16:27:35.718+0000] {dag.py:3096} INFO - Sync 1 DAGs
[2025-11-17T16:27:35.733+0000] {logging_mixin.py:188} INFO - [2025-11-17T16:27:35.733+0000] {dag.py:3954} INFO - Setting next_dagrun for example_task_group to 2025-11-16 00:00:00+00:00, run_after=2025-11-17 00:00:00+00:00
[2025-11-17T16:27:35.749+0000] {processor.py:183} INFO - Processing /usr/local/python/3.12.1/lib/python3.12/site-packages/airflow/example_dags/example_task_group.py took 0.053 seconds
[2025-11-17T16:28:13.618+0000] {processor.py:161} INFO - Started process (PID=58351) to work on /usr/local/python/3.12.1/lib/python3.12/site-packages/airflow/example_dags/example_task_group.py
[2025-11-17T16:28:13.619+0000] {processor.py:830} INFO - Processing file /usr/local/python/3.12.1/lib/python3.12/site-packages/airflow/example_dags/example_task_group.py for tasks to queue
[2025-11-17T16:28:13.620+0000] {logging_mixin.py:188} INFO - [2025-11-17T16:28:13.620+0000] {dagbag.py:545} INFO - Filling up the DagBag from /usr/local/python/3.12.1/lib/python3.12/site-packages/airflow/example_dags/example_task_group.py
[2025-11-17T16:28:13.625+0000] {processor.py:840} INFO - DAG(s) 'example_task_group' retrieved from /usr/local/python/3.12.1/lib/python3.12/site-packages/airflow/example_dags/example_task_group.py
[2025-11-17T16:28:13.638+0000] {logging_mixin.py:188} INFO - [2025-11-17T16:28:13.638+0000] {dag.py:3096} INFO - Sync 1 DAGs
[2025-11-17T16:28:13.652+0000] {logging_mixin.py:188} INFO - [2025-11-17T16:28:13.652+0000] {dag.py:3954} INFO - Setting next_dagrun for example_task_group to 2025-11-16 00:00:00+00:00, run_after=2025-11-17 00:00:00+00:00
[2025-11-17T16:28:13.669+0000] {processor.py:183} INFO - Processing /usr/local/python/3.12.1/lib/python3.12/site-packages/airflow/example_dags/example_task_group.py took 0.055 seconds
[2025-11-17T16:28:50.942+0000] {processor.py:161} INFO - Started process (PID=58632) to work on /usr/local/python/3.12.1/lib/python3.12/site-packages/airflow/example_dags/example_task_group.py
[2025-11-17T16:28:50.942+0000] {processor.py:830} INFO - Processing file /usr/local/python/3.12.1/lib/python3.12/site-packages/airflow/example_dags/example_task_group.py for tasks to queue
[2025-11-17T16:28:50.944+0000] {logging_mixin.py:188} INFO - [2025-11-17T16:28:50.943+0000] {dagbag.py:545} INFO - Filling up the DagBag from /usr/local/python/3.12.1/lib/python3.12/site-packages/airflow/example_dags/example_task_group.py
[2025-11-17T16:28:50.949+0000] {processor.py:840} INFO - DAG(s) 'example_task_group' retrieved from /usr/local/python/3.12.1/lib/python3.12/site-packages/airflow/example_dags/example_task_group.py
[2025-11-17T16:28:50.961+0000] {logging_mixin.py:188} INFO - [2025-11-17T16:28:50.961+0000] {dag.py:3096} INFO - Sync 1 DAGs
[2025-11-17T16:28:50.975+0000] {logging_mixin.py:188} INFO - [2025-11-17T16:28:50.975+0000] {dag.py:3954} INFO - Setting next_dagrun for example_task_group to 2025-11-16 00:00:00+00:00, run_after=2025-11-17 00:00:00+00:00
[2025-11-17T16:28:50.992+0000] {processor.py:183} INFO - Processing /usr/local/python/3.12.1/lib/python3.12/site-packages/airflow/example_dags/example_task_group.py took 0.054 seconds
[2025-11-17T16:29:30.101+0000] {processor.py:161} INFO - Started process (PID=58941) to work on /usr/local/python/3.12.1/lib/python3.12/site-packages/airflow/example_dags/example_task_group.py
[2025-11-17T16:29:30.102+0000] {processor.py:830} INFO - Processing file /usr/local/python/3.12.1/lib/python3.12/site-packages/airflow/example_dags/example_task_group.py for tasks to queue
[2025-11-17T16:29:30.103+0000] {logging_mixin.py:188} INFO - [2025-11-17T16:29:30.103+0000] {dagbag.py:545} INFO - Filling up the DagBag from /usr/local/python/3.12.1/lib/python3.12/site-packages/airflow/example_dags/example_task_group.py
[2025-11-17T16:29:30.110+0000] {processor.py:840} INFO - DAG(s) 'example_task_group' retrieved from /usr/local/python/3.12.1/lib/python3.12/site-packages/airflow/example_dags/example_task_group.py
[2025-11-17T16:29:30.122+0000] {logging_mixin.py:188} INFO - [2025-11-17T16:29:30.122+0000] {dag.py:3096} INFO - Sync 1 DAGs
[2025-11-17T16:29:30.136+0000] {logging_mixin.py:188} INFO - [2025-11-17T16:29:30.136+0000] {dag.py:3954} INFO - Setting next_dagrun for example_task_group to 2025-11-16 00:00:00+00:00, run_after=2025-11-17 00:00:00+00:00
[2025-11-17T16:29:30.152+0000] {processor.py:183} INFO - Processing /usr/local/python/3.12.1/lib/python3.12/site-packages/airflow/example_dags/example_task_group.py took 0.055 seconds
[2025-11-17T16:30:08.312+0000] {processor.py:161} INFO - Started process (PID=59250) to work on /usr/local/python/3.12.1/lib/python3.12/site-packages/airflow/example_dags/example_task_group.py
[2025-11-17T16:30:08.312+0000] {processor.py:830} INFO - Processing file /usr/local/python/3.12.1/lib/python3.12/site-packages/airflow/example_dags/example_task_group.py for tasks to queue
[2025-11-17T16:30:08.314+0000] {logging_mixin.py:188} INFO - [2025-11-17T16:30:08.313+0000] {dagbag.py:545} INFO - Filling up the DagBag from /usr/local/python/3.12.1/lib/python3.12/site-packages/airflow/example_dags/example_task_group.py
[2025-11-17T16:30:08.319+0000] {processor.py:840} INFO - DAG(s) 'example_task_group' retrieved from /usr/local/python/3.12.1/lib/python3.12/site-packages/airflow/example_dags/example_task_group.py
[2025-11-17T16:30:08.332+0000] {logging_mixin.py:188} INFO - [2025-11-17T16:30:08.331+0000] {dag.py:3096} INFO - Sync 1 DAGs
[2025-11-17T16:30:08.346+0000] {logging_mixin.py:188} INFO - [2025-11-17T16:30:08.345+0000] {dag.py:3954} INFO - Setting next_dagrun for example_task_group to 2025-11-16 00:00:00+00:00, run_after=2025-11-17 00:00:00+00:00
[2025-11-17T16:30:08.362+0000] {processor.py:183} INFO - Processing /usr/local/python/3.12.1/lib/python3.12/site-packages/airflow/example_dags/example_task_group.py took 0.055 seconds
[2025-11-17T16:30:47.284+0000] {processor.py:161} INFO - Started process (PID=59554) to work on /usr/local/python/3.12.1/lib/python3.12/site-packages/airflow/example_dags/example_task_group.py
[2025-11-17T16:30:47.284+0000] {processor.py:830} INFO - Processing file /usr/local/python/3.12.1/lib/python3.12/site-packages/airflow/example_dags/example_task_group.py for tasks to queue
[2025-11-17T16:30:47.286+0000] {logging_mixin.py:188} INFO - [2025-11-17T16:30:47.285+0000] {dagbag.py:545} INFO - Filling up the DagBag from /usr/local/python/3.12.1/lib/python3.12/site-packages/airflow/example_dags/example_task_group.py
[2025-11-17T16:30:47.291+0000] {processor.py:840} INFO - DAG(s) 'example_task_group' retrieved from /usr/local/python/3.12.1/lib/python3.12/site-packages/airflow/example_dags/example_task_group.py
[2025-11-17T16:30:47.304+0000] {logging_mixin.py:188} INFO - [2025-11-17T16:30:47.304+0000] {dag.py:3096} INFO - Sync 1 DAGs
[2025-11-17T16:30:47.319+0000] {logging_mixin.py:188} INFO - [2025-11-17T16:30:47.319+0000] {dag.py:3954} INFO - Setting next_dagrun for example_task_group to 2025-11-16 00:00:00+00:00, run_after=2025-11-17 00:00:00+00:00
[2025-11-17T16:30:47.337+0000] {processor.py:183} INFO - Processing /usr/local/python/3.12.1/lib/python3.12/site-packages/airflow/example_dags/example_task_group.py took 0.057 seconds
[2025-11-17T16:31:26.937+0000] {processor.py:161} INFO - Started process (PID=59910) to work on /usr/local/python/3.12.1/lib/python3.12/site-packages/airflow/example_dags/example_task_group.py
[2025-11-17T16:31:26.939+0000] {processor.py:830} INFO - Processing file /usr/local/python/3.12.1/lib/python3.12/site-packages/airflow/example_dags/example_task_group.py for tasks to queue
[2025-11-17T16:31:26.940+0000] {logging_mixin.py:188} INFO - [2025-11-17T16:31:26.940+0000] {dagbag.py:545} INFO - Filling up the DagBag from /usr/local/python/3.12.1/lib/python3.12/site-packages/airflow/example_dags/example_task_group.py
[2025-11-17T16:31:26.945+0000] {processor.py:840} INFO - DAG(s) 'example_task_group' retrieved from /usr/local/python/3.12.1/lib/python3.12/site-packages/airflow/example_dags/example_task_group.py
[2025-11-17T16:31:26.958+0000] {logging_mixin.py:188} INFO - [2025-11-17T16:31:26.958+0000] {dag.py:3096} INFO - Sync 1 DAGs
[2025-11-17T16:31:26.973+0000] {logging_mixin.py:188} INFO - [2025-11-17T16:31:26.973+0000] {dag.py:3954} INFO - Setting next_dagrun for example_task_group to 2025-11-16 00:00:00+00:00, run_after=2025-11-17 00:00:00+00:00
[2025-11-17T16:31:26.990+0000] {processor.py:183} INFO - Processing /usr/local/python/3.12.1/lib/python3.12/site-packages/airflow/example_dags/example_task_group.py took 0.060 seconds
[2025-11-17T16:32:05.358+0000] {processor.py:161} INFO - Started process (PID=60199) to work on /usr/local/python/3.12.1/lib/python3.12/site-packages/airflow/example_dags/example_task_group.py
[2025-11-17T16:32:05.359+0000] {processor.py:830} INFO - Processing file /usr/local/python/3.12.1/lib/python3.12/site-packages/airflow/example_dags/example_task_group.py for tasks to queue
[2025-11-17T16:32:05.360+0000] {logging_mixin.py:188} INFO - [2025-11-17T16:32:05.360+0000] {dagbag.py:545} INFO - Filling up the DagBag from /usr/local/python/3.12.1/lib/python3.12/site-packages/airflow/example_dags/example_task_group.py
[2025-11-17T16:32:05.366+0000] {processor.py:840} INFO - DAG(s) 'example_task_group' retrieved from /usr/local/python/3.12.1/lib/python3.12/site-packages/airflow/example_dags/example_task_group.py
[2025-11-17T16:32:05.378+0000] {logging_mixin.py:188} INFO - [2025-11-17T16:32:05.378+0000] {dag.py:3096} INFO - Sync 1 DAGs
[2025-11-17T16:32:05.393+0000] {logging_mixin.py:188} INFO - [2025-11-17T16:32:05.392+0000] {dag.py:3954} INFO - Setting next_dagrun for example_task_group to 2025-11-16 00:00:00+00:00, run_after=2025-11-17 00:00:00+00:00
[2025-11-17T16:32:05.409+0000] {processor.py:183} INFO - Processing /usr/local/python/3.12.1/lib/python3.12/site-packages/airflow/example_dags/example_task_group.py took 0.054 seconds
[2025-11-17T16:32:47.931+0000] {processor.py:161} INFO - Started process (PID=60547) to work on /usr/local/python/3.12.1/lib/python3.12/site-packages/airflow/example_dags/example_task_group.py
[2025-11-17T16:32:47.932+0000] {processor.py:830} INFO - Processing file /usr/local/python/3.12.1/lib/python3.12/site-packages/airflow/example_dags/example_task_group.py for tasks to queue
[2025-11-17T16:32:47.934+0000] {logging_mixin.py:188} INFO - [2025-11-17T16:32:47.933+0000] {dagbag.py:545} INFO - Filling up the DagBag from /usr/local/python/3.12.1/lib/python3.12/site-packages/airflow/example_dags/example_task_group.py
[2025-11-17T16:32:47.942+0000] {processor.py:840} INFO - DAG(s) 'example_task_group' retrieved from /usr/local/python/3.12.1/lib/python3.12/site-packages/airflow/example_dags/example_task_group.py
[2025-11-17T16:32:47.962+0000] {logging_mixin.py:188} INFO - [2025-11-17T16:32:47.962+0000] {dag.py:3096} INFO - Sync 1 DAGs
[2025-11-17T16:32:47.977+0000] {logging_mixin.py:188} INFO - [2025-11-17T16:32:47.977+0000] {dag.py:3954} INFO - Setting next_dagrun for example_task_group to 2025-11-16 00:00:00+00:00, run_after=2025-11-17 00:00:00+00:00
[2025-11-17T16:32:47.996+0000] {processor.py:183} INFO - Processing /usr/local/python/3.12.1/lib/python3.12/site-packages/airflow/example_dags/example_task_group.py took 0.072 seconds
[2025-11-17T16:33:27.918+0000] {processor.py:161} INFO - Started process (PID=60862) to work on /usr/local/python/3.12.1/lib/python3.12/site-packages/airflow/example_dags/example_task_group.py
[2025-11-17T16:33:27.919+0000] {processor.py:830} INFO - Processing file /usr/local/python/3.12.1/lib/python3.12/site-packages/airflow/example_dags/example_task_group.py for tasks to queue
[2025-11-17T16:33:27.920+0000] {logging_mixin.py:188} INFO - [2025-11-17T16:33:27.920+0000] {dagbag.py:545} INFO - Filling up the DagBag from /usr/local/python/3.12.1/lib/python3.12/site-packages/airflow/example_dags/example_task_group.py
[2025-11-17T16:33:27.925+0000] {processor.py:840} INFO - DAG(s) 'example_task_group' retrieved from /usr/local/python/3.12.1/lib/python3.12/site-packages/airflow/example_dags/example_task_group.py
[2025-11-17T16:33:27.938+0000] {logging_mixin.py:188} INFO - [2025-11-17T16:33:27.938+0000] {dag.py:3096} INFO - Sync 1 DAGs
[2025-11-17T16:33:27.952+0000] {logging_mixin.py:188} INFO - [2025-11-17T16:33:27.952+0000] {dag.py:3954} INFO - Setting next_dagrun for example_task_group to 2025-11-16 00:00:00+00:00, run_after=2025-11-17 00:00:00+00:00
[2025-11-17T16:33:27.968+0000] {processor.py:183} INFO - Processing /usr/local/python/3.12.1/lib/python3.12/site-packages/airflow/example_dags/example_task_group.py took 0.054 seconds
[2025-11-17T16:34:08.772+0000] {processor.py:161} INFO - Started process (PID=61184) to work on /usr/local/python/3.12.1/lib/python3.12/site-packages/airflow/example_dags/example_task_group.py
[2025-11-17T16:34:08.772+0000] {processor.py:830} INFO - Processing file /usr/local/python/3.12.1/lib/python3.12/site-packages/airflow/example_dags/example_task_group.py for tasks to queue
[2025-11-17T16:34:08.773+0000] {logging_mixin.py:188} INFO - [2025-11-17T16:34:08.773+0000] {dagbag.py:545} INFO - Filling up the DagBag from /usr/local/python/3.12.1/lib/python3.12/site-packages/airflow/example_dags/example_task_group.py
[2025-11-17T16:34:08.779+0000] {processor.py:840} INFO - DAG(s) 'example_task_group' retrieved from /usr/local/python/3.12.1/lib/python3.12/site-packages/airflow/example_dags/example_task_group.py
[2025-11-17T16:34:08.791+0000] {logging_mixin.py:188} INFO - [2025-11-17T16:34:08.791+0000] {dag.py:3096} INFO - Sync 1 DAGs
[2025-11-17T16:34:08.805+0000] {logging_mixin.py:188} INFO - [2025-11-17T16:34:08.805+0000] {dag.py:3954} INFO - Setting next_dagrun for example_task_group to 2025-11-16 00:00:00+00:00, run_after=2025-11-17 00:00:00+00:00
[2025-11-17T16:34:08.821+0000] {processor.py:183} INFO - Processing /usr/local/python/3.12.1/lib/python3.12/site-packages/airflow/example_dags/example_task_group.py took 0.054 seconds
[2025-11-17T16:34:48.261+0000] {processor.py:161} INFO - Started process (PID=61478) to work on /usr/local/python/3.12.1/lib/python3.12/site-packages/airflow/example_dags/example_task_group.py
[2025-11-17T16:34:48.262+0000] {processor.py:830} INFO - Processing file /usr/local/python/3.12.1/lib/python3.12/site-packages/airflow/example_dags/example_task_group.py for tasks to queue
[2025-11-17T16:34:48.263+0000] {logging_mixin.py:188} INFO - [2025-11-17T16:34:48.263+0000] {dagbag.py:545} INFO - Filling up the DagBag from /usr/local/python/3.12.1/lib/python3.12/site-packages/airflow/example_dags/example_task_group.py
[2025-11-17T16:34:48.268+0000] {processor.py:840} INFO - DAG(s) 'example_task_group' retrieved from /usr/local/python/3.12.1/lib/python3.12/site-packages/airflow/example_dags/example_task_group.py
[2025-11-17T16:34:48.280+0000] {logging_mixin.py:188} INFO - [2025-11-17T16:34:48.280+0000] {dag.py:3096} INFO - Sync 1 DAGs
[2025-11-17T16:34:48.295+0000] {logging_mixin.py:188} INFO - [2025-11-17T16:34:48.295+0000] {dag.py:3954} INFO - Setting next_dagrun for example_task_group to 2025-11-16 00:00:00+00:00, run_after=2025-11-17 00:00:00+00:00
[2025-11-17T16:34:48.311+0000] {processor.py:183} INFO - Processing /usr/local/python/3.12.1/lib/python3.12/site-packages/airflow/example_dags/example_task_group.py took 0.054 seconds
[2025-11-17T16:35:25.090+0000] {processor.py:161} INFO - Started process (PID=61780) to work on /usr/local/python/3.12.1/lib/python3.12/site-packages/airflow/example_dags/example_task_group.py
[2025-11-17T16:35:25.091+0000] {processor.py:830} INFO - Processing file /usr/local/python/3.12.1/lib/python3.12/site-packages/airflow/example_dags/example_task_group.py for tasks to queue
[2025-11-17T16:35:25.092+0000] {logging_mixin.py:188} INFO - [2025-11-17T16:35:25.092+0000] {dagbag.py:545} INFO - Filling up the DagBag from /usr/local/python/3.12.1/lib/python3.12/site-packages/airflow/example_dags/example_task_group.py
[2025-11-17T16:35:25.098+0000] {processor.py:840} INFO - DAG(s) 'example_task_group' retrieved from /usr/local/python/3.12.1/lib/python3.12/site-packages/airflow/example_dags/example_task_group.py
[2025-11-17T16:35:25.110+0000] {logging_mixin.py:188} INFO - [2025-11-17T16:35:25.110+0000] {dag.py:3096} INFO - Sync 1 DAGs
[2025-11-17T16:35:25.126+0000] {logging_mixin.py:188} INFO - [2025-11-17T16:35:25.126+0000] {dag.py:3954} INFO - Setting next_dagrun for example_task_group to 2025-11-16 00:00:00+00:00, run_after=2025-11-17 00:00:00+00:00
[2025-11-17T16:35:25.142+0000] {processor.py:183} INFO - Processing /usr/local/python/3.12.1/lib/python3.12/site-packages/airflow/example_dags/example_task_group.py took 0.056 seconds
[2025-11-17T16:36:19.514+0000] {processor.py:161} INFO - Started process (PID=62251) to work on /usr/local/python/3.12.1/lib/python3.12/site-packages/airflow/example_dags/example_task_group.py
[2025-11-17T16:36:19.515+0000] {processor.py:830} INFO - Processing file /usr/local/python/3.12.1/lib/python3.12/site-packages/airflow/example_dags/example_task_group.py for tasks to queue
[2025-11-17T16:36:19.516+0000] {logging_mixin.py:188} INFO - [2025-11-17T16:36:19.516+0000] {dagbag.py:545} INFO - Filling up the DagBag from /usr/local/python/3.12.1/lib/python3.12/site-packages/airflow/example_dags/example_task_group.py
[2025-11-17T16:36:19.522+0000] {processor.py:840} INFO - DAG(s) 'example_task_group' retrieved from /usr/local/python/3.12.1/lib/python3.12/site-packages/airflow/example_dags/example_task_group.py
[2025-11-17T16:36:19.535+0000] {logging_mixin.py:188} INFO - [2025-11-17T16:36:19.535+0000] {dag.py:3096} INFO - Sync 1 DAGs
[2025-11-17T16:36:19.551+0000] {logging_mixin.py:188} INFO - [2025-11-17T16:36:19.551+0000] {dag.py:3954} INFO - Setting next_dagrun for example_task_group to 2025-11-16 00:00:00+00:00, run_after=2025-11-17 00:00:00+00:00
[2025-11-17T16:36:19.568+0000] {processor.py:183} INFO - Processing /usr/local/python/3.12.1/lib/python3.12/site-packages/airflow/example_dags/example_task_group.py took 0.059 seconds
[2025-11-17T16:36:57.102+0000] {processor.py:161} INFO - Started process (PID=62550) to work on /usr/local/python/3.12.1/lib/python3.12/site-packages/airflow/example_dags/example_task_group.py
[2025-11-17T16:36:57.102+0000] {processor.py:830} INFO - Processing file /usr/local/python/3.12.1/lib/python3.12/site-packages/airflow/example_dags/example_task_group.py for tasks to queue
[2025-11-17T16:36:57.104+0000] {logging_mixin.py:188} INFO - [2025-11-17T16:36:57.103+0000] {dagbag.py:545} INFO - Filling up the DagBag from /usr/local/python/3.12.1/lib/python3.12/site-packages/airflow/example_dags/example_task_group.py
[2025-11-17T16:36:57.109+0000] {processor.py:840} INFO - DAG(s) 'example_task_group' retrieved from /usr/local/python/3.12.1/lib/python3.12/site-packages/airflow/example_dags/example_task_group.py
[2025-11-17T16:36:57.122+0000] {logging_mixin.py:188} INFO - [2025-11-17T16:36:57.122+0000] {dag.py:3096} INFO - Sync 1 DAGs
[2025-11-17T16:36:57.136+0000] {logging_mixin.py:188} INFO - [2025-11-17T16:36:57.136+0000] {dag.py:3954} INFO - Setting next_dagrun for example_task_group to 2025-11-16 00:00:00+00:00, run_after=2025-11-17 00:00:00+00:00
[2025-11-17T16:36:57.153+0000] {processor.py:183} INFO - Processing /usr/local/python/3.12.1/lib/python3.12/site-packages/airflow/example_dags/example_task_group.py took 0.056 seconds
[2025-11-17T16:37:40.381+0000] {processor.py:161} INFO - Started process (PID=62886) to work on /usr/local/python/3.12.1/lib/python3.12/site-packages/airflow/example_dags/example_task_group.py
[2025-11-17T16:37:40.382+0000] {processor.py:830} INFO - Processing file /usr/local/python/3.12.1/lib/python3.12/site-packages/airflow/example_dags/example_task_group.py for tasks to queue
[2025-11-17T16:37:40.383+0000] {logging_mixin.py:188} INFO - [2025-11-17T16:37:40.383+0000] {dagbag.py:545} INFO - Filling up the DagBag from /usr/local/python/3.12.1/lib/python3.12/site-packages/airflow/example_dags/example_task_group.py
[2025-11-17T16:37:40.388+0000] {processor.py:840} INFO - DAG(s) 'example_task_group' retrieved from /usr/local/python/3.12.1/lib/python3.12/site-packages/airflow/example_dags/example_task_group.py
[2025-11-17T16:37:40.400+0000] {logging_mixin.py:188} INFO - [2025-11-17T16:37:40.400+0000] {dag.py:3096} INFO - Sync 1 DAGs
[2025-11-17T16:37:40.415+0000] {logging_mixin.py:188} INFO - [2025-11-17T16:37:40.414+0000] {dag.py:3954} INFO - Setting next_dagrun for example_task_group to 2025-11-16 00:00:00+00:00, run_after=2025-11-17 00:00:00+00:00
[2025-11-17T16:37:40.431+0000] {processor.py:183} INFO - Processing /usr/local/python/3.12.1/lib/python3.12/site-packages/airflow/example_dags/example_task_group.py took 0.054 seconds
[2025-11-17T16:38:24.171+0000] {processor.py:161} INFO - Started process (PID=63435) to work on /usr/local/python/3.12.1/lib/python3.12/site-packages/airflow/example_dags/example_task_group.py
[2025-11-17T16:38:24.172+0000] {processor.py:830} INFO - Processing file /usr/local/python/3.12.1/lib/python3.12/site-packages/airflow/example_dags/example_task_group.py for tasks to queue
[2025-11-17T16:38:24.173+0000] {logging_mixin.py:188} INFO - [2025-11-17T16:38:24.173+0000] {dagbag.py:545} INFO - Filling up the DagBag from /usr/local/python/3.12.1/lib/python3.12/site-packages/airflow/example_dags/example_task_group.py
[2025-11-17T16:38:24.178+0000] {processor.py:840} INFO - DAG(s) 'example_task_group' retrieved from /usr/local/python/3.12.1/lib/python3.12/site-packages/airflow/example_dags/example_task_group.py
[2025-11-17T16:38:24.192+0000] {logging_mixin.py:188} INFO - [2025-11-17T16:38:24.192+0000] {dag.py:3096} INFO - Sync 1 DAGs
[2025-11-17T16:38:24.206+0000] {logging_mixin.py:188} INFO - [2025-11-17T16:38:24.206+0000] {dag.py:3954} INFO - Setting next_dagrun for example_task_group to 2025-11-16 00:00:00+00:00, run_after=2025-11-17 00:00:00+00:00
[2025-11-17T16:38:24.222+0000] {processor.py:183} INFO - Processing /usr/local/python/3.12.1/lib/python3.12/site-packages/airflow/example_dags/example_task_group.py took 0.055 seconds
[2025-11-17T16:39:07.459+0000] {processor.py:161} INFO - Started process (PID=64603) to work on /usr/local/python/3.12.1/lib/python3.12/site-packages/airflow/example_dags/example_task_group.py
[2025-11-17T16:39:07.460+0000] {processor.py:830} INFO - Processing file /usr/local/python/3.12.1/lib/python3.12/site-packages/airflow/example_dags/example_task_group.py for tasks to queue
[2025-11-17T16:39:07.461+0000] {logging_mixin.py:188} INFO - [2025-11-17T16:39:07.461+0000] {dagbag.py:545} INFO - Filling up the DagBag from /usr/local/python/3.12.1/lib/python3.12/site-packages/airflow/example_dags/example_task_group.py
[2025-11-17T16:39:07.466+0000] {processor.py:840} INFO - DAG(s) 'example_task_group' retrieved from /usr/local/python/3.12.1/lib/python3.12/site-packages/airflow/example_dags/example_task_group.py
[2025-11-17T16:39:07.479+0000] {logging_mixin.py:188} INFO - [2025-11-17T16:39:07.479+0000] {dag.py:3096} INFO - Sync 1 DAGs
[2025-11-17T16:39:07.493+0000] {logging_mixin.py:188} INFO - [2025-11-17T16:39:07.493+0000] {dag.py:3954} INFO - Setting next_dagrun for example_task_group to 2025-11-16 00:00:00+00:00, run_after=2025-11-17 00:00:00+00:00
[2025-11-17T16:39:07.509+0000] {processor.py:183} INFO - Processing /usr/local/python/3.12.1/lib/python3.12/site-packages/airflow/example_dags/example_task_group.py took 0.055 seconds
