[2025-11-17T15:42:28.991+0000] {processor.py:161} INFO - Started process (PID=28008) to work on /usr/local/python/3.12.1/lib/python3.12/site-packages/airflow/example_dags/example_nested_branch_dag.py
[2025-11-17T15:42:28.992+0000] {processor.py:830} INFO - Processing file /usr/local/python/3.12.1/lib/python3.12/site-packages/airflow/example_dags/example_nested_branch_dag.py for tasks to queue
[2025-11-17T15:42:28.993+0000] {logging_mixin.py:188} INFO - [2025-11-17T15:42:28.992+0000] {dagbag.py:545} INFO - Filling up the DagBag from /usr/local/python/3.12.1/lib/python3.12/site-packages/airflow/example_dags/example_nested_branch_dag.py
[2025-11-17T15:42:29.000+0000] {processor.py:840} INFO - DAG(s) 'example_nested_branch_dag' retrieved from /usr/local/python/3.12.1/lib/python3.12/site-packages/airflow/example_dags/example_nested_branch_dag.py
[2025-11-17T15:42:29.095+0000] {logging_mixin.py:188} INFO - [2025-11-17T15:42:29.095+0000] {override.py:1829} INFO - Created Permission View: can read on DAG:example_nested_branch_dag
[2025-11-17T15:42:29.104+0000] {logging_mixin.py:188} INFO - [2025-11-17T15:42:29.103+0000] {override.py:1829} INFO - Created Permission View: can edit on DAG:example_nested_branch_dag
[2025-11-17T15:42:29.110+0000] {logging_mixin.py:188} INFO - [2025-11-17T15:42:29.109+0000] {override.py:1829} INFO - Created Permission View: can delete on DAG:example_nested_branch_dag
[2025-11-17T15:42:29.110+0000] {logging_mixin.py:188} INFO - [2025-11-17T15:42:29.110+0000] {dag.py:3096} INFO - Sync 1 DAGs
[2025-11-17T15:42:29.117+0000] {logging_mixin.py:188} INFO - [2025-11-17T15:42:29.117+0000] {dag.py:3118} INFO - Creating ORM DAG for example_nested_branch_dag
[2025-11-17T15:42:29.124+0000] {logging_mixin.py:188} INFO - [2025-11-17T15:42:29.124+0000] {dag.py:3954} INFO - Setting next_dagrun for example_nested_branch_dag to 2025-11-16 00:00:00+00:00, run_after=2025-11-17 00:00:00+00:00
[2025-11-17T15:42:29.139+0000] {processor.py:183} INFO - Processing /usr/local/python/3.12.1/lib/python3.12/site-packages/airflow/example_dags/example_nested_branch_dag.py took 0.152 seconds
[2025-11-17T15:43:23.649+0000] {processor.py:161} INFO - Started process (PID=29139) to work on /usr/local/python/3.12.1/lib/python3.12/site-packages/airflow/example_dags/example_nested_branch_dag.py
[2025-11-17T15:43:23.650+0000] {processor.py:830} INFO - Processing file /usr/local/python/3.12.1/lib/python3.12/site-packages/airflow/example_dags/example_nested_branch_dag.py for tasks to queue
[2025-11-17T15:43:23.651+0000] {logging_mixin.py:188} INFO - [2025-11-17T15:43:23.651+0000] {dagbag.py:545} INFO - Filling up the DagBag from /usr/local/python/3.12.1/lib/python3.12/site-packages/airflow/example_dags/example_nested_branch_dag.py
[2025-11-17T15:43:23.662+0000] {processor.py:840} INFO - DAG(s) 'example_nested_branch_dag' retrieved from /usr/local/python/3.12.1/lib/python3.12/site-packages/airflow/example_dags/example_nested_branch_dag.py
[2025-11-17T15:43:23.682+0000] {logging_mixin.py:188} INFO - [2025-11-17T15:43:23.682+0000] {dag.py:3096} INFO - Sync 1 DAGs
[2025-11-17T15:43:23.701+0000] {logging_mixin.py:188} INFO - [2025-11-17T15:43:23.701+0000] {dag.py:3954} INFO - Setting next_dagrun for example_nested_branch_dag to 2025-11-16 00:00:00+00:00, run_after=2025-11-17 00:00:00+00:00
[2025-11-17T15:43:23.720+0000] {processor.py:183} INFO - Processing /usr/local/python/3.12.1/lib/python3.12/site-packages/airflow/example_dags/example_nested_branch_dag.py took 0.077 seconds
[2025-11-17T15:44:10.483+0000] {processor.py:161} INFO - Started process (PID=29588) to work on /usr/local/python/3.12.1/lib/python3.12/site-packages/airflow/example_dags/example_nested_branch_dag.py
[2025-11-17T15:44:10.483+0000] {processor.py:830} INFO - Processing file /usr/local/python/3.12.1/lib/python3.12/site-packages/airflow/example_dags/example_nested_branch_dag.py for tasks to queue
[2025-11-17T15:44:10.485+0000] {logging_mixin.py:188} INFO - [2025-11-17T15:44:10.484+0000] {dagbag.py:545} INFO - Filling up the DagBag from /usr/local/python/3.12.1/lib/python3.12/site-packages/airflow/example_dags/example_nested_branch_dag.py
[2025-11-17T15:44:10.492+0000] {processor.py:840} INFO - DAG(s) 'example_nested_branch_dag' retrieved from /usr/local/python/3.12.1/lib/python3.12/site-packages/airflow/example_dags/example_nested_branch_dag.py
[2025-11-17T15:44:10.504+0000] {logging_mixin.py:188} INFO - [2025-11-17T15:44:10.504+0000] {dag.py:3096} INFO - Sync 1 DAGs
[2025-11-17T15:44:10.518+0000] {logging_mixin.py:188} INFO - [2025-11-17T15:44:10.518+0000] {dag.py:3954} INFO - Setting next_dagrun for example_nested_branch_dag to 2025-11-16 00:00:00+00:00, run_after=2025-11-17 00:00:00+00:00
[2025-11-17T15:44:10.535+0000] {processor.py:183} INFO - Processing /usr/local/python/3.12.1/lib/python3.12/site-packages/airflow/example_dags/example_nested_branch_dag.py took 0.056 seconds
[2025-11-17T15:45:07.437+0000] {processor.py:161} INFO - Started process (PID=30600) to work on /usr/local/python/3.12.1/lib/python3.12/site-packages/airflow/example_dags/example_nested_branch_dag.py
[2025-11-17T15:45:07.438+0000] {processor.py:830} INFO - Processing file /usr/local/python/3.12.1/lib/python3.12/site-packages/airflow/example_dags/example_nested_branch_dag.py for tasks to queue
[2025-11-17T15:45:07.439+0000] {logging_mixin.py:188} INFO - [2025-11-17T15:45:07.439+0000] {dagbag.py:545} INFO - Filling up the DagBag from /usr/local/python/3.12.1/lib/python3.12/site-packages/airflow/example_dags/example_nested_branch_dag.py
[2025-11-17T15:45:07.446+0000] {processor.py:840} INFO - DAG(s) 'example_nested_branch_dag' retrieved from /usr/local/python/3.12.1/lib/python3.12/site-packages/airflow/example_dags/example_nested_branch_dag.py
[2025-11-17T15:45:07.459+0000] {logging_mixin.py:188} INFO - [2025-11-17T15:45:07.459+0000] {dag.py:3096} INFO - Sync 1 DAGs
[2025-11-17T15:45:07.473+0000] {logging_mixin.py:188} INFO - [2025-11-17T15:45:07.473+0000] {dag.py:3954} INFO - Setting next_dagrun for example_nested_branch_dag to 2025-11-16 00:00:00+00:00, run_after=2025-11-17 00:00:00+00:00
[2025-11-17T15:45:07.489+0000] {processor.py:183} INFO - Processing /usr/local/python/3.12.1/lib/python3.12/site-packages/airflow/example_dags/example_nested_branch_dag.py took 0.056 seconds
[2025-11-17T16:01:04.764+0000] {processor.py:161} INFO - Started process (PID=40967) to work on /usr/local/python/3.12.1/lib/python3.12/site-packages/airflow/example_dags/example_nested_branch_dag.py
[2025-11-17T16:01:04.765+0000] {processor.py:830} INFO - Processing file /usr/local/python/3.12.1/lib/python3.12/site-packages/airflow/example_dags/example_nested_branch_dag.py for tasks to queue
[2025-11-17T16:01:04.766+0000] {logging_mixin.py:188} INFO - [2025-11-17T16:01:04.766+0000] {dagbag.py:545} INFO - Filling up the DagBag from /usr/local/python/3.12.1/lib/python3.12/site-packages/airflow/example_dags/example_nested_branch_dag.py
[2025-11-17T16:01:04.775+0000] {processor.py:840} INFO - DAG(s) 'example_nested_branch_dag' retrieved from /usr/local/python/3.12.1/lib/python3.12/site-packages/airflow/example_dags/example_nested_branch_dag.py
[2025-11-17T16:01:04.794+0000] {logging_mixin.py:188} INFO - [2025-11-17T16:01:04.794+0000] {dag.py:3096} INFO - Sync 1 DAGs
[2025-11-17T16:01:04.822+0000] {logging_mixin.py:188} INFO - [2025-11-17T16:01:04.821+0000] {dag.py:3954} INFO - Setting next_dagrun for example_nested_branch_dag to 2025-11-16 00:00:00+00:00, run_after=2025-11-17 00:00:00+00:00
[2025-11-17T16:01:04.846+0000] {processor.py:183} INFO - Processing /usr/local/python/3.12.1/lib/python3.12/site-packages/airflow/example_dags/example_nested_branch_dag.py took 0.086 seconds
[2025-11-17T16:01:55.038+0000] {processor.py:161} INFO - Started process (PID=41580) to work on /usr/local/python/3.12.1/lib/python3.12/site-packages/airflow/example_dags/example_nested_branch_dag.py
[2025-11-17T16:01:55.039+0000] {processor.py:830} INFO - Processing file /usr/local/python/3.12.1/lib/python3.12/site-packages/airflow/example_dags/example_nested_branch_dag.py for tasks to queue
[2025-11-17T16:01:55.040+0000] {logging_mixin.py:188} INFO - [2025-11-17T16:01:55.040+0000] {dagbag.py:545} INFO - Filling up the DagBag from /usr/local/python/3.12.1/lib/python3.12/site-packages/airflow/example_dags/example_nested_branch_dag.py
[2025-11-17T16:01:55.050+0000] {processor.py:840} INFO - DAG(s) 'example_nested_branch_dag' retrieved from /usr/local/python/3.12.1/lib/python3.12/site-packages/airflow/example_dags/example_nested_branch_dag.py
[2025-11-17T16:01:55.065+0000] {logging_mixin.py:188} INFO - [2025-11-17T16:01:55.065+0000] {dag.py:3096} INFO - Sync 1 DAGs
[2025-11-17T16:01:55.081+0000] {logging_mixin.py:188} INFO - [2025-11-17T16:01:55.081+0000] {dag.py:3954} INFO - Setting next_dagrun for example_nested_branch_dag to 2025-11-16 00:00:00+00:00, run_after=2025-11-17 00:00:00+00:00
[2025-11-17T16:01:55.099+0000] {processor.py:183} INFO - Processing /usr/local/python/3.12.1/lib/python3.12/site-packages/airflow/example_dags/example_nested_branch_dag.py took 0.065 seconds
[2025-11-17T16:02:45.300+0000] {processor.py:161} INFO - Started process (PID=42296) to work on /usr/local/python/3.12.1/lib/python3.12/site-packages/airflow/example_dags/example_nested_branch_dag.py
[2025-11-17T16:02:45.301+0000] {processor.py:830} INFO - Processing file /usr/local/python/3.12.1/lib/python3.12/site-packages/airflow/example_dags/example_nested_branch_dag.py for tasks to queue
[2025-11-17T16:02:45.302+0000] {logging_mixin.py:188} INFO - [2025-11-17T16:02:45.302+0000] {dagbag.py:545} INFO - Filling up the DagBag from /usr/local/python/3.12.1/lib/python3.12/site-packages/airflow/example_dags/example_nested_branch_dag.py
[2025-11-17T16:02:45.314+0000] {processor.py:840} INFO - DAG(s) 'example_nested_branch_dag' retrieved from /usr/local/python/3.12.1/lib/python3.12/site-packages/airflow/example_dags/example_nested_branch_dag.py
[2025-11-17T16:02:45.332+0000] {logging_mixin.py:188} INFO - [2025-11-17T16:02:45.332+0000] {dag.py:3096} INFO - Sync 1 DAGs
[2025-11-17T16:02:45.358+0000] {logging_mixin.py:188} INFO - [2025-11-17T16:02:45.358+0000] {dag.py:3954} INFO - Setting next_dagrun for example_nested_branch_dag to 2025-11-16 00:00:00+00:00, run_after=2025-11-17 00:00:00+00:00
[2025-11-17T16:02:45.398+0000] {processor.py:183} INFO - Processing /usr/local/python/3.12.1/lib/python3.12/site-packages/airflow/example_dags/example_nested_branch_dag.py took 0.104 seconds
[2025-11-17T16:03:47.407+0000] {processor.py:161} INFO - Started process (PID=43017) to work on /usr/local/python/3.12.1/lib/python3.12/site-packages/airflow/example_dags/example_nested_branch_dag.py
[2025-11-17T16:03:47.408+0000] {processor.py:830} INFO - Processing file /usr/local/python/3.12.1/lib/python3.12/site-packages/airflow/example_dags/example_nested_branch_dag.py for tasks to queue
[2025-11-17T16:03:47.409+0000] {logging_mixin.py:188} INFO - [2025-11-17T16:03:47.409+0000] {dagbag.py:545} INFO - Filling up the DagBag from /usr/local/python/3.12.1/lib/python3.12/site-packages/airflow/example_dags/example_nested_branch_dag.py
[2025-11-17T16:03:47.417+0000] {processor.py:840} INFO - DAG(s) 'example_nested_branch_dag' retrieved from /usr/local/python/3.12.1/lib/python3.12/site-packages/airflow/example_dags/example_nested_branch_dag.py
[2025-11-17T16:03:47.431+0000] {logging_mixin.py:188} INFO - [2025-11-17T16:03:47.431+0000] {dag.py:3096} INFO - Sync 1 DAGs
[2025-11-17T16:03:47.445+0000] {logging_mixin.py:188} INFO - [2025-11-17T16:03:47.445+0000] {dag.py:3954} INFO - Setting next_dagrun for example_nested_branch_dag to 2025-11-16 00:00:00+00:00, run_after=2025-11-17 00:00:00+00:00
[2025-11-17T16:03:47.461+0000] {processor.py:183} INFO - Processing /usr/local/python/3.12.1/lib/python3.12/site-packages/airflow/example_dags/example_nested_branch_dag.py took 0.058 seconds
[2025-11-17T16:04:49.478+0000] {processor.py:161} INFO - Started process (PID=43885) to work on /usr/local/python/3.12.1/lib/python3.12/site-packages/airflow/example_dags/example_nested_branch_dag.py
[2025-11-17T16:04:49.478+0000] {processor.py:830} INFO - Processing file /usr/local/python/3.12.1/lib/python3.12/site-packages/airflow/example_dags/example_nested_branch_dag.py for tasks to queue
[2025-11-17T16:04:49.479+0000] {logging_mixin.py:188} INFO - [2025-11-17T16:04:49.479+0000] {dagbag.py:545} INFO - Filling up the DagBag from /usr/local/python/3.12.1/lib/python3.12/site-packages/airflow/example_dags/example_nested_branch_dag.py
[2025-11-17T16:04:49.487+0000] {processor.py:840} INFO - DAG(s) 'example_nested_branch_dag' retrieved from /usr/local/python/3.12.1/lib/python3.12/site-packages/airflow/example_dags/example_nested_branch_dag.py
[2025-11-17T16:04:49.502+0000] {logging_mixin.py:188} INFO - [2025-11-17T16:04:49.502+0000] {dag.py:3096} INFO - Sync 1 DAGs
[2025-11-17T16:04:49.525+0000] {logging_mixin.py:188} INFO - [2025-11-17T16:04:49.525+0000] {dag.py:3954} INFO - Setting next_dagrun for example_nested_branch_dag to 2025-11-16 00:00:00+00:00, run_after=2025-11-17 00:00:00+00:00
[2025-11-17T16:04:49.547+0000] {processor.py:183} INFO - Processing /usr/local/python/3.12.1/lib/python3.12/site-packages/airflow/example_dags/example_nested_branch_dag.py took 0.073 seconds
[2025-11-17T16:06:20.611+0000] {processor.py:161} INFO - Started process (PID=45062) to work on /usr/local/python/3.12.1/lib/python3.12/site-packages/airflow/example_dags/example_nested_branch_dag.py
[2025-11-17T16:06:20.612+0000] {processor.py:830} INFO - Processing file /usr/local/python/3.12.1/lib/python3.12/site-packages/airflow/example_dags/example_nested_branch_dag.py for tasks to queue
[2025-11-17T16:06:20.613+0000] {logging_mixin.py:188} INFO - [2025-11-17T16:06:20.613+0000] {dagbag.py:545} INFO - Filling up the DagBag from /usr/local/python/3.12.1/lib/python3.12/site-packages/airflow/example_dags/example_nested_branch_dag.py
[2025-11-17T16:06:20.620+0000] {processor.py:840} INFO - DAG(s) 'example_nested_branch_dag' retrieved from /usr/local/python/3.12.1/lib/python3.12/site-packages/airflow/example_dags/example_nested_branch_dag.py
[2025-11-17T16:06:20.633+0000] {logging_mixin.py:188} INFO - [2025-11-17T16:06:20.633+0000] {dag.py:3096} INFO - Sync 1 DAGs
[2025-11-17T16:06:20.648+0000] {logging_mixin.py:188} INFO - [2025-11-17T16:06:20.648+0000] {dag.py:3954} INFO - Setting next_dagrun for example_nested_branch_dag to 2025-11-16 00:00:00+00:00, run_after=2025-11-17 00:00:00+00:00
[2025-11-17T16:06:20.663+0000] {processor.py:183} INFO - Processing /usr/local/python/3.12.1/lib/python3.12/site-packages/airflow/example_dags/example_nested_branch_dag.py took 0.056 seconds
[2025-11-17T16:07:11.766+0000] {processor.py:161} INFO - Started process (PID=46484) to work on /usr/local/python/3.12.1/lib/python3.12/site-packages/airflow/example_dags/example_nested_branch_dag.py
[2025-11-17T16:07:11.766+0000] {processor.py:830} INFO - Processing file /usr/local/python/3.12.1/lib/python3.12/site-packages/airflow/example_dags/example_nested_branch_dag.py for tasks to queue
[2025-11-17T16:07:11.767+0000] {logging_mixin.py:188} INFO - [2025-11-17T16:07:11.767+0000] {dagbag.py:545} INFO - Filling up the DagBag from /usr/local/python/3.12.1/lib/python3.12/site-packages/airflow/example_dags/example_nested_branch_dag.py
[2025-11-17T16:07:11.775+0000] {processor.py:840} INFO - DAG(s) 'example_nested_branch_dag' retrieved from /usr/local/python/3.12.1/lib/python3.12/site-packages/airflow/example_dags/example_nested_branch_dag.py
[2025-11-17T16:07:11.787+0000] {logging_mixin.py:188} INFO - [2025-11-17T16:07:11.787+0000] {dag.py:3096} INFO - Sync 1 DAGs
[2025-11-17T16:07:11.801+0000] {logging_mixin.py:188} INFO - [2025-11-17T16:07:11.801+0000] {dag.py:3954} INFO - Setting next_dagrun for example_nested_branch_dag to 2025-11-16 00:00:00+00:00, run_after=2025-11-17 00:00:00+00:00
[2025-11-17T16:07:11.817+0000] {processor.py:183} INFO - Processing /usr/local/python/3.12.1/lib/python3.12/site-packages/airflow/example_dags/example_nested_branch_dag.py took 0.055 seconds
[2025-11-17T16:08:00.319+0000] {processor.py:161} INFO - Started process (PID=47177) to work on /usr/local/python/3.12.1/lib/python3.12/site-packages/airflow/example_dags/example_nested_branch_dag.py
[2025-11-17T16:08:00.319+0000] {processor.py:830} INFO - Processing file /usr/local/python/3.12.1/lib/python3.12/site-packages/airflow/example_dags/example_nested_branch_dag.py for tasks to queue
[2025-11-17T16:08:00.321+0000] {logging_mixin.py:188} INFO - [2025-11-17T16:08:00.320+0000] {dagbag.py:545} INFO - Filling up the DagBag from /usr/local/python/3.12.1/lib/python3.12/site-packages/airflow/example_dags/example_nested_branch_dag.py
[2025-11-17T16:08:00.328+0000] {processor.py:840} INFO - DAG(s) 'example_nested_branch_dag' retrieved from /usr/local/python/3.12.1/lib/python3.12/site-packages/airflow/example_dags/example_nested_branch_dag.py
[2025-11-17T16:08:00.341+0000] {logging_mixin.py:188} INFO - [2025-11-17T16:08:00.340+0000] {dag.py:3096} INFO - Sync 1 DAGs
[2025-11-17T16:08:00.355+0000] {logging_mixin.py:188} INFO - [2025-11-17T16:08:00.355+0000] {dag.py:3954} INFO - Setting next_dagrun for example_nested_branch_dag to 2025-11-16 00:00:00+00:00, run_after=2025-11-17 00:00:00+00:00
[2025-11-17T16:08:00.372+0000] {processor.py:183} INFO - Processing /usr/local/python/3.12.1/lib/python3.12/site-packages/airflow/example_dags/example_nested_branch_dag.py took 0.057 seconds
[2025-11-17T16:08:57.831+0000] {processor.py:161} INFO - Started process (PID=47972) to work on /usr/local/python/3.12.1/lib/python3.12/site-packages/airflow/example_dags/example_nested_branch_dag.py
[2025-11-17T16:08:57.832+0000] {processor.py:830} INFO - Processing file /usr/local/python/3.12.1/lib/python3.12/site-packages/airflow/example_dags/example_nested_branch_dag.py for tasks to queue
[2025-11-17T16:08:57.833+0000] {logging_mixin.py:188} INFO - [2025-11-17T16:08:57.833+0000] {dagbag.py:545} INFO - Filling up the DagBag from /usr/local/python/3.12.1/lib/python3.12/site-packages/airflow/example_dags/example_nested_branch_dag.py
[2025-11-17T16:08:57.841+0000] {processor.py:840} INFO - DAG(s) 'example_nested_branch_dag' retrieved from /usr/local/python/3.12.1/lib/python3.12/site-packages/airflow/example_dags/example_nested_branch_dag.py
[2025-11-17T16:08:57.853+0000] {logging_mixin.py:188} INFO - [2025-11-17T16:08:57.853+0000] {dag.py:3096} INFO - Sync 1 DAGs
[2025-11-17T16:08:57.867+0000] {logging_mixin.py:188} INFO - [2025-11-17T16:08:57.867+0000] {dag.py:3954} INFO - Setting next_dagrun for example_nested_branch_dag to 2025-11-16 00:00:00+00:00, run_after=2025-11-17 00:00:00+00:00
[2025-11-17T16:08:57.883+0000] {processor.py:183} INFO - Processing /usr/local/python/3.12.1/lib/python3.12/site-packages/airflow/example_dags/example_nested_branch_dag.py took 0.056 seconds
[2025-11-17T16:09:57.935+0000] {processor.py:161} INFO - Started process (PID=49011) to work on /usr/local/python/3.12.1/lib/python3.12/site-packages/airflow/example_dags/example_nested_branch_dag.py
[2025-11-17T16:09:57.936+0000] {processor.py:830} INFO - Processing file /usr/local/python/3.12.1/lib/python3.12/site-packages/airflow/example_dags/example_nested_branch_dag.py for tasks to queue
[2025-11-17T16:09:57.937+0000] {logging_mixin.py:188} INFO - [2025-11-17T16:09:57.937+0000] {dagbag.py:545} INFO - Filling up the DagBag from /usr/local/python/3.12.1/lib/python3.12/site-packages/airflow/example_dags/example_nested_branch_dag.py
[2025-11-17T16:09:57.944+0000] {processor.py:840} INFO - DAG(s) 'example_nested_branch_dag' retrieved from /usr/local/python/3.12.1/lib/python3.12/site-packages/airflow/example_dags/example_nested_branch_dag.py
[2025-11-17T16:09:57.957+0000] {logging_mixin.py:188} INFO - [2025-11-17T16:09:57.957+0000] {dag.py:3096} INFO - Sync 1 DAGs
[2025-11-17T16:09:57.971+0000] {logging_mixin.py:188} INFO - [2025-11-17T16:09:57.971+0000] {dag.py:3954} INFO - Setting next_dagrun for example_nested_branch_dag to 2025-11-16 00:00:00+00:00, run_after=2025-11-17 00:00:00+00:00
[2025-11-17T16:09:57.987+0000] {processor.py:183} INFO - Processing /usr/local/python/3.12.1/lib/python3.12/site-packages/airflow/example_dags/example_nested_branch_dag.py took 0.056 seconds
[2025-11-17T16:10:56.278+0000] {processor.py:161} INFO - Started process (PID=49749) to work on /usr/local/python/3.12.1/lib/python3.12/site-packages/airflow/example_dags/example_nested_branch_dag.py
[2025-11-17T16:10:56.279+0000] {processor.py:830} INFO - Processing file /usr/local/python/3.12.1/lib/python3.12/site-packages/airflow/example_dags/example_nested_branch_dag.py for tasks to queue
[2025-11-17T16:10:56.280+0000] {logging_mixin.py:188} INFO - [2025-11-17T16:10:56.280+0000] {dagbag.py:545} INFO - Filling up the DagBag from /usr/local/python/3.12.1/lib/python3.12/site-packages/airflow/example_dags/example_nested_branch_dag.py
[2025-11-17T16:10:56.288+0000] {processor.py:840} INFO - DAG(s) 'example_nested_branch_dag' retrieved from /usr/local/python/3.12.1/lib/python3.12/site-packages/airflow/example_dags/example_nested_branch_dag.py
[2025-11-17T16:10:56.300+0000] {logging_mixin.py:188} INFO - [2025-11-17T16:10:56.300+0000] {dag.py:3096} INFO - Sync 1 DAGs
[2025-11-17T16:10:56.315+0000] {logging_mixin.py:188} INFO - [2025-11-17T16:10:56.315+0000] {dag.py:3954} INFO - Setting next_dagrun for example_nested_branch_dag to 2025-11-16 00:00:00+00:00, run_after=2025-11-17 00:00:00+00:00
[2025-11-17T16:10:56.412+0000] {processor.py:183} INFO - Processing /usr/local/python/3.12.1/lib/python3.12/site-packages/airflow/example_dags/example_nested_branch_dag.py took 0.138 seconds
[2025-11-17T16:11:59.245+0000] {processor.py:161} INFO - Started process (PID=50537) to work on /usr/local/python/3.12.1/lib/python3.12/site-packages/airflow/example_dags/example_nested_branch_dag.py
[2025-11-17T16:11:59.246+0000] {processor.py:830} INFO - Processing file /usr/local/python/3.12.1/lib/python3.12/site-packages/airflow/example_dags/example_nested_branch_dag.py for tasks to queue
[2025-11-17T16:11:59.247+0000] {logging_mixin.py:188} INFO - [2025-11-17T16:11:59.247+0000] {dagbag.py:545} INFO - Filling up the DagBag from /usr/local/python/3.12.1/lib/python3.12/site-packages/airflow/example_dags/example_nested_branch_dag.py
[2025-11-17T16:11:59.255+0000] {processor.py:840} INFO - DAG(s) 'example_nested_branch_dag' retrieved from /usr/local/python/3.12.1/lib/python3.12/site-packages/airflow/example_dags/example_nested_branch_dag.py
[2025-11-17T16:11:59.267+0000] {logging_mixin.py:188} INFO - [2025-11-17T16:11:59.267+0000] {dag.py:3096} INFO - Sync 1 DAGs
[2025-11-17T16:11:59.283+0000] {logging_mixin.py:188} INFO - [2025-11-17T16:11:59.283+0000] {dag.py:3954} INFO - Setting next_dagrun for example_nested_branch_dag to 2025-11-16 00:00:00+00:00, run_after=2025-11-17 00:00:00+00:00
[2025-11-17T16:11:59.300+0000] {processor.py:183} INFO - Processing /usr/local/python/3.12.1/lib/python3.12/site-packages/airflow/example_dags/example_nested_branch_dag.py took 0.059 seconds
[2025-11-17T16:12:44.824+0000] {processor.py:161} INFO - Started process (PID=50894) to work on /usr/local/python/3.12.1/lib/python3.12/site-packages/airflow/example_dags/example_nested_branch_dag.py
[2025-11-17T16:12:44.824+0000] {processor.py:830} INFO - Processing file /usr/local/python/3.12.1/lib/python3.12/site-packages/airflow/example_dags/example_nested_branch_dag.py for tasks to queue
[2025-11-17T16:12:44.826+0000] {logging_mixin.py:188} INFO - [2025-11-17T16:12:44.825+0000] {dagbag.py:545} INFO - Filling up the DagBag from /usr/local/python/3.12.1/lib/python3.12/site-packages/airflow/example_dags/example_nested_branch_dag.py
[2025-11-17T16:12:44.833+0000] {processor.py:840} INFO - DAG(s) 'example_nested_branch_dag' retrieved from /usr/local/python/3.12.1/lib/python3.12/site-packages/airflow/example_dags/example_nested_branch_dag.py
[2025-11-17T16:12:44.845+0000] {logging_mixin.py:188} INFO - [2025-11-17T16:12:44.845+0000] {dag.py:3096} INFO - Sync 1 DAGs
[2025-11-17T16:12:44.860+0000] {logging_mixin.py:188} INFO - [2025-11-17T16:12:44.860+0000] {dag.py:3954} INFO - Setting next_dagrun for example_nested_branch_dag to 2025-11-16 00:00:00+00:00, run_after=2025-11-17 00:00:00+00:00
[2025-11-17T16:12:44.876+0000] {processor.py:183} INFO - Processing /usr/local/python/3.12.1/lib/python3.12/site-packages/airflow/example_dags/example_nested_branch_dag.py took 0.056 seconds
[2025-11-17T16:13:31.675+0000] {processor.py:161} INFO - Started process (PID=51264) to work on /usr/local/python/3.12.1/lib/python3.12/site-packages/airflow/example_dags/example_nested_branch_dag.py
[2025-11-17T16:13:31.676+0000] {processor.py:830} INFO - Processing file /usr/local/python/3.12.1/lib/python3.12/site-packages/airflow/example_dags/example_nested_branch_dag.py for tasks to queue
[2025-11-17T16:13:31.677+0000] {logging_mixin.py:188} INFO - [2025-11-17T16:13:31.677+0000] {dagbag.py:545} INFO - Filling up the DagBag from /usr/local/python/3.12.1/lib/python3.12/site-packages/airflow/example_dags/example_nested_branch_dag.py
[2025-11-17T16:13:31.685+0000] {processor.py:840} INFO - DAG(s) 'example_nested_branch_dag' retrieved from /usr/local/python/3.12.1/lib/python3.12/site-packages/airflow/example_dags/example_nested_branch_dag.py
[2025-11-17T16:13:31.698+0000] {logging_mixin.py:188} INFO - [2025-11-17T16:13:31.698+0000] {dag.py:3096} INFO - Sync 1 DAGs
[2025-11-17T16:13:31.713+0000] {logging_mixin.py:188} INFO - [2025-11-17T16:13:31.713+0000] {dag.py:3954} INFO - Setting next_dagrun for example_nested_branch_dag to 2025-11-16 00:00:00+00:00, run_after=2025-11-17 00:00:00+00:00
[2025-11-17T16:13:31.730+0000] {processor.py:183} INFO - Processing /usr/local/python/3.12.1/lib/python3.12/site-packages/airflow/example_dags/example_nested_branch_dag.py took 0.058 seconds
[2025-11-17T16:14:31.509+0000] {processor.py:161} INFO - Started process (PID=51738) to work on /usr/local/python/3.12.1/lib/python3.12/site-packages/airflow/example_dags/example_nested_branch_dag.py
[2025-11-17T16:14:31.510+0000] {processor.py:830} INFO - Processing file /usr/local/python/3.12.1/lib/python3.12/site-packages/airflow/example_dags/example_nested_branch_dag.py for tasks to queue
[2025-11-17T16:14:31.511+0000] {logging_mixin.py:188} INFO - [2025-11-17T16:14:31.511+0000] {dagbag.py:545} INFO - Filling up the DagBag from /usr/local/python/3.12.1/lib/python3.12/site-packages/airflow/example_dags/example_nested_branch_dag.py
[2025-11-17T16:14:31.519+0000] {processor.py:840} INFO - DAG(s) 'example_nested_branch_dag' retrieved from /usr/local/python/3.12.1/lib/python3.12/site-packages/airflow/example_dags/example_nested_branch_dag.py
[2025-11-17T16:14:31.531+0000] {logging_mixin.py:188} INFO - [2025-11-17T16:14:31.531+0000] {dag.py:3096} INFO - Sync 1 DAGs
[2025-11-17T16:14:31.546+0000] {logging_mixin.py:188} INFO - [2025-11-17T16:14:31.546+0000] {dag.py:3954} INFO - Setting next_dagrun for example_nested_branch_dag to 2025-11-16 00:00:00+00:00, run_after=2025-11-17 00:00:00+00:00
[2025-11-17T16:14:31.562+0000] {processor.py:183} INFO - Processing /usr/local/python/3.12.1/lib/python3.12/site-packages/airflow/example_dags/example_nested_branch_dag.py took 0.056 seconds
[2025-11-17T16:15:30.790+0000] {processor.py:161} INFO - Started process (PID=52207) to work on /usr/local/python/3.12.1/lib/python3.12/site-packages/airflow/example_dags/example_nested_branch_dag.py
[2025-11-17T16:15:30.790+0000] {processor.py:830} INFO - Processing file /usr/local/python/3.12.1/lib/python3.12/site-packages/airflow/example_dags/example_nested_branch_dag.py for tasks to queue
[2025-11-17T16:15:30.792+0000] {logging_mixin.py:188} INFO - [2025-11-17T16:15:30.791+0000] {dagbag.py:545} INFO - Filling up the DagBag from /usr/local/python/3.12.1/lib/python3.12/site-packages/airflow/example_dags/example_nested_branch_dag.py
[2025-11-17T16:15:30.799+0000] {processor.py:840} INFO - DAG(s) 'example_nested_branch_dag' retrieved from /usr/local/python/3.12.1/lib/python3.12/site-packages/airflow/example_dags/example_nested_branch_dag.py
[2025-11-17T16:15:30.811+0000] {logging_mixin.py:188} INFO - [2025-11-17T16:15:30.811+0000] {dag.py:3096} INFO - Sync 1 DAGs
[2025-11-17T16:15:30.826+0000] {logging_mixin.py:188} INFO - [2025-11-17T16:15:30.826+0000] {dag.py:3954} INFO - Setting next_dagrun for example_nested_branch_dag to 2025-11-16 00:00:00+00:00, run_after=2025-11-17 00:00:00+00:00
[2025-11-17T16:15:30.842+0000] {processor.py:183} INFO - Processing /usr/local/python/3.12.1/lib/python3.12/site-packages/airflow/example_dags/example_nested_branch_dag.py took 0.057 seconds
[2025-11-17T16:16:23.542+0000] {processor.py:161} INFO - Started process (PID=52671) to work on /usr/local/python/3.12.1/lib/python3.12/site-packages/airflow/example_dags/example_nested_branch_dag.py
[2025-11-17T16:16:23.542+0000] {processor.py:830} INFO - Processing file /usr/local/python/3.12.1/lib/python3.12/site-packages/airflow/example_dags/example_nested_branch_dag.py for tasks to queue
[2025-11-17T16:16:23.544+0000] {logging_mixin.py:188} INFO - [2025-11-17T16:16:23.543+0000] {dagbag.py:545} INFO - Filling up the DagBag from /usr/local/python/3.12.1/lib/python3.12/site-packages/airflow/example_dags/example_nested_branch_dag.py
[2025-11-17T16:16:23.552+0000] {processor.py:840} INFO - DAG(s) 'example_nested_branch_dag' retrieved from /usr/local/python/3.12.1/lib/python3.12/site-packages/airflow/example_dags/example_nested_branch_dag.py
[2025-11-17T16:16:23.565+0000] {logging_mixin.py:188} INFO - [2025-11-17T16:16:23.565+0000] {dag.py:3096} INFO - Sync 1 DAGs
[2025-11-17T16:16:23.580+0000] {logging_mixin.py:188} INFO - [2025-11-17T16:16:23.580+0000] {dag.py:3954} INFO - Setting next_dagrun for example_nested_branch_dag to 2025-11-16 00:00:00+00:00, run_after=2025-11-17 00:00:00+00:00
[2025-11-17T16:16:23.597+0000] {processor.py:183} INFO - Processing /usr/local/python/3.12.1/lib/python3.12/site-packages/airflow/example_dags/example_nested_branch_dag.py took 0.061 seconds
[2025-11-17T16:17:22.306+0000] {processor.py:161} INFO - Started process (PID=53134) to work on /usr/local/python/3.12.1/lib/python3.12/site-packages/airflow/example_dags/example_nested_branch_dag.py
[2025-11-17T16:17:22.307+0000] {processor.py:830} INFO - Processing file /usr/local/python/3.12.1/lib/python3.12/site-packages/airflow/example_dags/example_nested_branch_dag.py for tasks to queue
[2025-11-17T16:17:22.309+0000] {logging_mixin.py:188} INFO - [2025-11-17T16:17:22.308+0000] {dagbag.py:545} INFO - Filling up the DagBag from /usr/local/python/3.12.1/lib/python3.12/site-packages/airflow/example_dags/example_nested_branch_dag.py
[2025-11-17T16:17:22.320+0000] {processor.py:840} INFO - DAG(s) 'example_nested_branch_dag' retrieved from /usr/local/python/3.12.1/lib/python3.12/site-packages/airflow/example_dags/example_nested_branch_dag.py
[2025-11-17T16:17:22.339+0000] {logging_mixin.py:188} INFO - [2025-11-17T16:17:22.339+0000] {dag.py:3096} INFO - Sync 1 DAGs
[2025-11-17T16:17:22.355+0000] {logging_mixin.py:188} INFO - [2025-11-17T16:17:22.355+0000] {dag.py:3954} INFO - Setting next_dagrun for example_nested_branch_dag to 2025-11-16 00:00:00+00:00, run_after=2025-11-17 00:00:00+00:00
[2025-11-17T16:17:22.374+0000] {processor.py:183} INFO - Processing /usr/local/python/3.12.1/lib/python3.12/site-packages/airflow/example_dags/example_nested_branch_dag.py took 0.073 seconds
[2025-11-17T16:18:21.928+0000] {processor.py:161} INFO - Started process (PID=53581) to work on /usr/local/python/3.12.1/lib/python3.12/site-packages/airflow/example_dags/example_nested_branch_dag.py
[2025-11-17T16:18:21.929+0000] {processor.py:830} INFO - Processing file /usr/local/python/3.12.1/lib/python3.12/site-packages/airflow/example_dags/example_nested_branch_dag.py for tasks to queue
[2025-11-17T16:18:21.930+0000] {logging_mixin.py:188} INFO - [2025-11-17T16:18:21.930+0000] {dagbag.py:545} INFO - Filling up the DagBag from /usr/local/python/3.12.1/lib/python3.12/site-packages/airflow/example_dags/example_nested_branch_dag.py
[2025-11-17T16:18:21.937+0000] {processor.py:840} INFO - DAG(s) 'example_nested_branch_dag' retrieved from /usr/local/python/3.12.1/lib/python3.12/site-packages/airflow/example_dags/example_nested_branch_dag.py
[2025-11-17T16:18:21.950+0000] {logging_mixin.py:188} INFO - [2025-11-17T16:18:21.950+0000] {dag.py:3096} INFO - Sync 1 DAGs
[2025-11-17T16:18:21.964+0000] {logging_mixin.py:188} INFO - [2025-11-17T16:18:21.964+0000] {dag.py:3954} INFO - Setting next_dagrun for example_nested_branch_dag to 2025-11-16 00:00:00+00:00, run_after=2025-11-17 00:00:00+00:00
[2025-11-17T16:18:21.980+0000] {processor.py:183} INFO - Processing /usr/local/python/3.12.1/lib/python3.12/site-packages/airflow/example_dags/example_nested_branch_dag.py took 0.057 seconds
[2025-11-17T16:19:19.883+0000] {processor.py:161} INFO - Started process (PID=54046) to work on /usr/local/python/3.12.1/lib/python3.12/site-packages/airflow/example_dags/example_nested_branch_dag.py
[2025-11-17T16:19:19.884+0000] {processor.py:830} INFO - Processing file /usr/local/python/3.12.1/lib/python3.12/site-packages/airflow/example_dags/example_nested_branch_dag.py for tasks to queue
[2025-11-17T16:19:19.885+0000] {logging_mixin.py:188} INFO - [2025-11-17T16:19:19.885+0000] {dagbag.py:545} INFO - Filling up the DagBag from /usr/local/python/3.12.1/lib/python3.12/site-packages/airflow/example_dags/example_nested_branch_dag.py
[2025-11-17T16:19:19.893+0000] {processor.py:840} INFO - DAG(s) 'example_nested_branch_dag' retrieved from /usr/local/python/3.12.1/lib/python3.12/site-packages/airflow/example_dags/example_nested_branch_dag.py
[2025-11-17T16:19:19.905+0000] {logging_mixin.py:188} INFO - [2025-11-17T16:19:19.905+0000] {dag.py:3096} INFO - Sync 1 DAGs
[2025-11-17T16:19:19.920+0000] {logging_mixin.py:188} INFO - [2025-11-17T16:19:19.919+0000] {dag.py:3954} INFO - Setting next_dagrun for example_nested_branch_dag to 2025-11-16 00:00:00+00:00, run_after=2025-11-17 00:00:00+00:00
[2025-11-17T16:19:19.935+0000] {processor.py:183} INFO - Processing /usr/local/python/3.12.1/lib/python3.12/site-packages/airflow/example_dags/example_nested_branch_dag.py took 0.056 seconds
[2025-11-17T16:20:19.203+0000] {processor.py:161} INFO - Started process (PID=54516) to work on /usr/local/python/3.12.1/lib/python3.12/site-packages/airflow/example_dags/example_nested_branch_dag.py
[2025-11-17T16:20:19.204+0000] {processor.py:830} INFO - Processing file /usr/local/python/3.12.1/lib/python3.12/site-packages/airflow/example_dags/example_nested_branch_dag.py for tasks to queue
[2025-11-17T16:20:19.205+0000] {logging_mixin.py:188} INFO - [2025-11-17T16:20:19.205+0000] {dagbag.py:545} INFO - Filling up the DagBag from /usr/local/python/3.12.1/lib/python3.12/site-packages/airflow/example_dags/example_nested_branch_dag.py
[2025-11-17T16:20:19.212+0000] {processor.py:840} INFO - DAG(s) 'example_nested_branch_dag' retrieved from /usr/local/python/3.12.1/lib/python3.12/site-packages/airflow/example_dags/example_nested_branch_dag.py
[2025-11-17T16:20:19.224+0000] {logging_mixin.py:188} INFO - [2025-11-17T16:20:19.224+0000] {dag.py:3096} INFO - Sync 1 DAGs
[2025-11-17T16:20:19.239+0000] {logging_mixin.py:188} INFO - [2025-11-17T16:20:19.239+0000] {dag.py:3954} INFO - Setting next_dagrun for example_nested_branch_dag to 2025-11-16 00:00:00+00:00, run_after=2025-11-17 00:00:00+00:00
[2025-11-17T16:20:19.260+0000] {processor.py:183} INFO - Processing /usr/local/python/3.12.1/lib/python3.12/site-packages/airflow/example_dags/example_nested_branch_dag.py took 0.063 seconds
[2025-11-17T16:21:19.694+0000] {processor.py:161} INFO - Started process (PID=55036) to work on /usr/local/python/3.12.1/lib/python3.12/site-packages/airflow/example_dags/example_nested_branch_dag.py
[2025-11-17T16:21:19.695+0000] {processor.py:830} INFO - Processing file /usr/local/python/3.12.1/lib/python3.12/site-packages/airflow/example_dags/example_nested_branch_dag.py for tasks to queue
[2025-11-17T16:21:19.696+0000] {logging_mixin.py:188} INFO - [2025-11-17T16:21:19.696+0000] {dagbag.py:545} INFO - Filling up the DagBag from /usr/local/python/3.12.1/lib/python3.12/site-packages/airflow/example_dags/example_nested_branch_dag.py
[2025-11-17T16:21:19.704+0000] {processor.py:840} INFO - DAG(s) 'example_nested_branch_dag' retrieved from /usr/local/python/3.12.1/lib/python3.12/site-packages/airflow/example_dags/example_nested_branch_dag.py
[2025-11-17T16:21:19.716+0000] {logging_mixin.py:188} INFO - [2025-11-17T16:21:19.716+0000] {dag.py:3096} INFO - Sync 1 DAGs
[2025-11-17T16:21:19.731+0000] {logging_mixin.py:188} INFO - [2025-11-17T16:21:19.731+0000] {dag.py:3954} INFO - Setting next_dagrun for example_nested_branch_dag to 2025-11-16 00:00:00+00:00, run_after=2025-11-17 00:00:00+00:00
[2025-11-17T16:21:19.748+0000] {processor.py:183} INFO - Processing /usr/local/python/3.12.1/lib/python3.12/site-packages/airflow/example_dags/example_nested_branch_dag.py took 0.058 seconds
[2025-11-17T16:22:21.336+0000] {processor.py:161} INFO - Started process (PID=55517) to work on /usr/local/python/3.12.1/lib/python3.12/site-packages/airflow/example_dags/example_nested_branch_dag.py
[2025-11-17T16:22:21.336+0000] {processor.py:830} INFO - Processing file /usr/local/python/3.12.1/lib/python3.12/site-packages/airflow/example_dags/example_nested_branch_dag.py for tasks to queue
[2025-11-17T16:22:21.338+0000] {logging_mixin.py:188} INFO - [2025-11-17T16:22:21.337+0000] {dagbag.py:545} INFO - Filling up the DagBag from /usr/local/python/3.12.1/lib/python3.12/site-packages/airflow/example_dags/example_nested_branch_dag.py
[2025-11-17T16:22:21.345+0000] {processor.py:840} INFO - DAG(s) 'example_nested_branch_dag' retrieved from /usr/local/python/3.12.1/lib/python3.12/site-packages/airflow/example_dags/example_nested_branch_dag.py
[2025-11-17T16:22:21.358+0000] {logging_mixin.py:188} INFO - [2025-11-17T16:22:21.357+0000] {dag.py:3096} INFO - Sync 1 DAGs
[2025-11-17T16:22:21.373+0000] {logging_mixin.py:188} INFO - [2025-11-17T16:22:21.373+0000] {dag.py:3954} INFO - Setting next_dagrun for example_nested_branch_dag to 2025-11-16 00:00:00+00:00, run_after=2025-11-17 00:00:00+00:00
[2025-11-17T16:22:21.389+0000] {processor.py:183} INFO - Processing /usr/local/python/3.12.1/lib/python3.12/site-packages/airflow/example_dags/example_nested_branch_dag.py took 0.057 seconds
[2025-11-17T16:23:20.754+0000] {processor.py:161} INFO - Started process (PID=55988) to work on /usr/local/python/3.12.1/lib/python3.12/site-packages/airflow/example_dags/example_nested_branch_dag.py
[2025-11-17T16:23:20.755+0000] {processor.py:830} INFO - Processing file /usr/local/python/3.12.1/lib/python3.12/site-packages/airflow/example_dags/example_nested_branch_dag.py for tasks to queue
[2025-11-17T16:23:20.756+0000] {logging_mixin.py:188} INFO - [2025-11-17T16:23:20.756+0000] {dagbag.py:545} INFO - Filling up the DagBag from /usr/local/python/3.12.1/lib/python3.12/site-packages/airflow/example_dags/example_nested_branch_dag.py
[2025-11-17T16:23:20.766+0000] {processor.py:840} INFO - DAG(s) 'example_nested_branch_dag' retrieved from /usr/local/python/3.12.1/lib/python3.12/site-packages/airflow/example_dags/example_nested_branch_dag.py
[2025-11-17T16:23:20.778+0000] {logging_mixin.py:188} INFO - [2025-11-17T16:23:20.778+0000] {dag.py:3096} INFO - Sync 1 DAGs
[2025-11-17T16:23:20.793+0000] {logging_mixin.py:188} INFO - [2025-11-17T16:23:20.793+0000] {dag.py:3954} INFO - Setting next_dagrun for example_nested_branch_dag to 2025-11-16 00:00:00+00:00, run_after=2025-11-17 00:00:00+00:00
[2025-11-17T16:23:20.808+0000] {processor.py:183} INFO - Processing /usr/local/python/3.12.1/lib/python3.12/site-packages/airflow/example_dags/example_nested_branch_dag.py took 0.060 seconds
[2025-11-17T16:24:23.422+0000] {processor.py:161} INFO - Started process (PID=56484) to work on /usr/local/python/3.12.1/lib/python3.12/site-packages/airflow/example_dags/example_nested_branch_dag.py
[2025-11-17T16:24:23.423+0000] {processor.py:830} INFO - Processing file /usr/local/python/3.12.1/lib/python3.12/site-packages/airflow/example_dags/example_nested_branch_dag.py for tasks to queue
[2025-11-17T16:24:23.424+0000] {logging_mixin.py:188} INFO - [2025-11-17T16:24:23.424+0000] {dagbag.py:545} INFO - Filling up the DagBag from /usr/local/python/3.12.1/lib/python3.12/site-packages/airflow/example_dags/example_nested_branch_dag.py
[2025-11-17T16:24:23.431+0000] {processor.py:840} INFO - DAG(s) 'example_nested_branch_dag' retrieved from /usr/local/python/3.12.1/lib/python3.12/site-packages/airflow/example_dags/example_nested_branch_dag.py
[2025-11-17T16:24:23.444+0000] {logging_mixin.py:188} INFO - [2025-11-17T16:24:23.444+0000] {dag.py:3096} INFO - Sync 1 DAGs
[2025-11-17T16:24:23.459+0000] {logging_mixin.py:188} INFO - [2025-11-17T16:24:23.458+0000] {dag.py:3954} INFO - Setting next_dagrun for example_nested_branch_dag to 2025-11-16 00:00:00+00:00, run_after=2025-11-17 00:00:00+00:00
[2025-11-17T16:24:23.475+0000] {processor.py:183} INFO - Processing /usr/local/python/3.12.1/lib/python3.12/site-packages/airflow/example_dags/example_nested_branch_dag.py took 0.057 seconds
[2025-11-17T16:25:19.549+0000] {processor.py:161} INFO - Started process (PID=56932) to work on /usr/local/python/3.12.1/lib/python3.12/site-packages/airflow/example_dags/example_nested_branch_dag.py
[2025-11-17T16:25:19.550+0000] {processor.py:830} INFO - Processing file /usr/local/python/3.12.1/lib/python3.12/site-packages/airflow/example_dags/example_nested_branch_dag.py for tasks to queue
[2025-11-17T16:25:19.551+0000] {logging_mixin.py:188} INFO - [2025-11-17T16:25:19.551+0000] {dagbag.py:545} INFO - Filling up the DagBag from /usr/local/python/3.12.1/lib/python3.12/site-packages/airflow/example_dags/example_nested_branch_dag.py
[2025-11-17T16:25:19.559+0000] {processor.py:840} INFO - DAG(s) 'example_nested_branch_dag' retrieved from /usr/local/python/3.12.1/lib/python3.12/site-packages/airflow/example_dags/example_nested_branch_dag.py
[2025-11-17T16:25:19.571+0000] {logging_mixin.py:188} INFO - [2025-11-17T16:25:19.571+0000] {dag.py:3096} INFO - Sync 1 DAGs
[2025-11-17T16:25:19.586+0000] {logging_mixin.py:188} INFO - [2025-11-17T16:25:19.586+0000] {dag.py:3954} INFO - Setting next_dagrun for example_nested_branch_dag to 2025-11-16 00:00:00+00:00, run_after=2025-11-17 00:00:00+00:00
[2025-11-17T16:25:19.603+0000] {processor.py:183} INFO - Processing /usr/local/python/3.12.1/lib/python3.12/site-packages/airflow/example_dags/example_nested_branch_dag.py took 0.057 seconds
[2025-11-17T16:26:20.098+0000] {processor.py:161} INFO - Started process (PID=57438) to work on /usr/local/python/3.12.1/lib/python3.12/site-packages/airflow/example_dags/example_nested_branch_dag.py
[2025-11-17T16:26:20.099+0000] {processor.py:830} INFO - Processing file /usr/local/python/3.12.1/lib/python3.12/site-packages/airflow/example_dags/example_nested_branch_dag.py for tasks to queue
[2025-11-17T16:26:20.100+0000] {logging_mixin.py:188} INFO - [2025-11-17T16:26:20.100+0000] {dagbag.py:545} INFO - Filling up the DagBag from /usr/local/python/3.12.1/lib/python3.12/site-packages/airflow/example_dags/example_nested_branch_dag.py
[2025-11-17T16:26:20.107+0000] {processor.py:840} INFO - DAG(s) 'example_nested_branch_dag' retrieved from /usr/local/python/3.12.1/lib/python3.12/site-packages/airflow/example_dags/example_nested_branch_dag.py
[2025-11-17T16:26:20.123+0000] {logging_mixin.py:188} INFO - [2025-11-17T16:26:20.122+0000] {dag.py:3096} INFO - Sync 1 DAGs
[2025-11-17T16:26:20.147+0000] {logging_mixin.py:188} INFO - [2025-11-17T16:26:20.147+0000] {dag.py:3954} INFO - Setting next_dagrun for example_nested_branch_dag to 2025-11-16 00:00:00+00:00, run_after=2025-11-17 00:00:00+00:00
[2025-11-17T16:26:20.167+0000] {processor.py:183} INFO - Processing /usr/local/python/3.12.1/lib/python3.12/site-packages/airflow/example_dags/example_nested_branch_dag.py took 0.073 seconds
[2025-11-17T16:27:22.199+0000] {processor.py:161} INFO - Started process (PID=57937) to work on /usr/local/python/3.12.1/lib/python3.12/site-packages/airflow/example_dags/example_nested_branch_dag.py
[2025-11-17T16:27:22.200+0000] {processor.py:830} INFO - Processing file /usr/local/python/3.12.1/lib/python3.12/site-packages/airflow/example_dags/example_nested_branch_dag.py for tasks to queue
[2025-11-17T16:27:22.201+0000] {logging_mixin.py:188} INFO - [2025-11-17T16:27:22.201+0000] {dagbag.py:545} INFO - Filling up the DagBag from /usr/local/python/3.12.1/lib/python3.12/site-packages/airflow/example_dags/example_nested_branch_dag.py
[2025-11-17T16:27:22.208+0000] {processor.py:840} INFO - DAG(s) 'example_nested_branch_dag' retrieved from /usr/local/python/3.12.1/lib/python3.12/site-packages/airflow/example_dags/example_nested_branch_dag.py
[2025-11-17T16:27:22.220+0000] {logging_mixin.py:188} INFO - [2025-11-17T16:27:22.220+0000] {dag.py:3096} INFO - Sync 1 DAGs
[2025-11-17T16:27:22.235+0000] {logging_mixin.py:188} INFO - [2025-11-17T16:27:22.235+0000] {dag.py:3954} INFO - Setting next_dagrun for example_nested_branch_dag to 2025-11-16 00:00:00+00:00, run_after=2025-11-17 00:00:00+00:00
[2025-11-17T16:27:22.255+0000] {processor.py:183} INFO - Processing /usr/local/python/3.12.1/lib/python3.12/site-packages/airflow/example_dags/example_nested_branch_dag.py took 0.060 seconds
[2025-11-17T16:28:18.905+0000] {processor.py:161} INFO - Started process (PID=58379) to work on /usr/local/python/3.12.1/lib/python3.12/site-packages/airflow/example_dags/example_nested_branch_dag.py
[2025-11-17T16:28:18.905+0000] {processor.py:830} INFO - Processing file /usr/local/python/3.12.1/lib/python3.12/site-packages/airflow/example_dags/example_nested_branch_dag.py for tasks to queue
[2025-11-17T16:28:18.907+0000] {logging_mixin.py:188} INFO - [2025-11-17T16:28:18.906+0000] {dagbag.py:545} INFO - Filling up the DagBag from /usr/local/python/3.12.1/lib/python3.12/site-packages/airflow/example_dags/example_nested_branch_dag.py
[2025-11-17T16:28:18.914+0000] {processor.py:840} INFO - DAG(s) 'example_nested_branch_dag' retrieved from /usr/local/python/3.12.1/lib/python3.12/site-packages/airflow/example_dags/example_nested_branch_dag.py
[2025-11-17T16:28:18.926+0000] {logging_mixin.py:188} INFO - [2025-11-17T16:28:18.926+0000] {dag.py:3096} INFO - Sync 1 DAGs
[2025-11-17T16:28:18.941+0000] {logging_mixin.py:188} INFO - [2025-11-17T16:28:18.941+0000] {dag.py:3954} INFO - Setting next_dagrun for example_nested_branch_dag to 2025-11-16 00:00:00+00:00, run_after=2025-11-17 00:00:00+00:00
[2025-11-17T16:28:18.958+0000] {processor.py:183} INFO - Processing /usr/local/python/3.12.1/lib/python3.12/site-packages/airflow/example_dags/example_nested_branch_dag.py took 0.057 seconds
[2025-11-17T16:29:16.860+0000] {processor.py:161} INFO - Started process (PID=58834) to work on /usr/local/python/3.12.1/lib/python3.12/site-packages/airflow/example_dags/example_nested_branch_dag.py
[2025-11-17T16:29:16.860+0000] {processor.py:830} INFO - Processing file /usr/local/python/3.12.1/lib/python3.12/site-packages/airflow/example_dags/example_nested_branch_dag.py for tasks to queue
[2025-11-17T16:29:16.862+0000] {logging_mixin.py:188} INFO - [2025-11-17T16:29:16.861+0000] {dagbag.py:545} INFO - Filling up the DagBag from /usr/local/python/3.12.1/lib/python3.12/site-packages/airflow/example_dags/example_nested_branch_dag.py
[2025-11-17T16:29:16.869+0000] {processor.py:840} INFO - DAG(s) 'example_nested_branch_dag' retrieved from /usr/local/python/3.12.1/lib/python3.12/site-packages/airflow/example_dags/example_nested_branch_dag.py
[2025-11-17T16:29:16.881+0000] {logging_mixin.py:188} INFO - [2025-11-17T16:29:16.881+0000] {dag.py:3096} INFO - Sync 1 DAGs
[2025-11-17T16:29:16.897+0000] {logging_mixin.py:188} INFO - [2025-11-17T16:29:16.896+0000] {dag.py:3954} INFO - Setting next_dagrun for example_nested_branch_dag to 2025-11-16 00:00:00+00:00, run_after=2025-11-17 00:00:00+00:00
[2025-11-17T16:29:16.912+0000] {processor.py:183} INFO - Processing /usr/local/python/3.12.1/lib/python3.12/site-packages/airflow/example_dags/example_nested_branch_dag.py took 0.057 seconds
[2025-11-17T16:30:12.665+0000] {processor.py:161} INFO - Started process (PID=59277) to work on /usr/local/python/3.12.1/lib/python3.12/site-packages/airflow/example_dags/example_nested_branch_dag.py
[2025-11-17T16:30:12.666+0000] {processor.py:830} INFO - Processing file /usr/local/python/3.12.1/lib/python3.12/site-packages/airflow/example_dags/example_nested_branch_dag.py for tasks to queue
[2025-11-17T16:30:12.667+0000] {logging_mixin.py:188} INFO - [2025-11-17T16:30:12.667+0000] {dagbag.py:545} INFO - Filling up the DagBag from /usr/local/python/3.12.1/lib/python3.12/site-packages/airflow/example_dags/example_nested_branch_dag.py
[2025-11-17T16:30:12.674+0000] {processor.py:840} INFO - DAG(s) 'example_nested_branch_dag' retrieved from /usr/local/python/3.12.1/lib/python3.12/site-packages/airflow/example_dags/example_nested_branch_dag.py
[2025-11-17T16:30:12.687+0000] {logging_mixin.py:188} INFO - [2025-11-17T16:30:12.686+0000] {dag.py:3096} INFO - Sync 1 DAGs
[2025-11-17T16:30:12.701+0000] {logging_mixin.py:188} INFO - [2025-11-17T16:30:12.701+0000] {dag.py:3954} INFO - Setting next_dagrun for example_nested_branch_dag to 2025-11-16 00:00:00+00:00, run_after=2025-11-17 00:00:00+00:00
[2025-11-17T16:30:12.718+0000] {processor.py:183} INFO - Processing /usr/local/python/3.12.1/lib/python3.12/site-packages/airflow/example_dags/example_nested_branch_dag.py took 0.057 seconds
[2025-11-17T16:31:12.853+0000] {processor.py:161} INFO - Started process (PID=59791) to work on /usr/local/python/3.12.1/lib/python3.12/site-packages/airflow/example_dags/example_nested_branch_dag.py
[2025-11-17T16:31:12.854+0000] {processor.py:830} INFO - Processing file /usr/local/python/3.12.1/lib/python3.12/site-packages/airflow/example_dags/example_nested_branch_dag.py for tasks to queue
[2025-11-17T16:31:12.855+0000] {logging_mixin.py:188} INFO - [2025-11-17T16:31:12.855+0000] {dagbag.py:545} INFO - Filling up the DagBag from /usr/local/python/3.12.1/lib/python3.12/site-packages/airflow/example_dags/example_nested_branch_dag.py
[2025-11-17T16:31:12.863+0000] {processor.py:840} INFO - DAG(s) 'example_nested_branch_dag' retrieved from /usr/local/python/3.12.1/lib/python3.12/site-packages/airflow/example_dags/example_nested_branch_dag.py
[2025-11-17T16:31:12.875+0000] {logging_mixin.py:188} INFO - [2025-11-17T16:31:12.875+0000] {dag.py:3096} INFO - Sync 1 DAGs
[2025-11-17T16:31:12.897+0000] {logging_mixin.py:188} INFO - [2025-11-17T16:31:12.897+0000] {dag.py:3954} INFO - Setting next_dagrun for example_nested_branch_dag to 2025-11-16 00:00:00+00:00, run_after=2025-11-17 00:00:00+00:00
[2025-11-17T16:31:12.938+0000] {processor.py:183} INFO - Processing /usr/local/python/3.12.1/lib/python3.12/site-packages/airflow/example_dags/example_nested_branch_dag.py took 0.088 seconds
[2025-11-17T16:32:11.608+0000] {processor.py:161} INFO - Started process (PID=60253) to work on /usr/local/python/3.12.1/lib/python3.12/site-packages/airflow/example_dags/example_nested_branch_dag.py
[2025-11-17T16:32:11.609+0000] {processor.py:830} INFO - Processing file /usr/local/python/3.12.1/lib/python3.12/site-packages/airflow/example_dags/example_nested_branch_dag.py for tasks to queue
[2025-11-17T16:32:11.610+0000] {logging_mixin.py:188} INFO - [2025-11-17T16:32:11.610+0000] {dagbag.py:545} INFO - Filling up the DagBag from /usr/local/python/3.12.1/lib/python3.12/site-packages/airflow/example_dags/example_nested_branch_dag.py
[2025-11-17T16:32:11.618+0000] {processor.py:840} INFO - DAG(s) 'example_nested_branch_dag' retrieved from /usr/local/python/3.12.1/lib/python3.12/site-packages/airflow/example_dags/example_nested_branch_dag.py
[2025-11-17T16:32:11.631+0000] {logging_mixin.py:188} INFO - [2025-11-17T16:32:11.631+0000] {dag.py:3096} INFO - Sync 1 DAGs
[2025-11-17T16:32:11.646+0000] {logging_mixin.py:188} INFO - [2025-11-17T16:32:11.645+0000] {dag.py:3954} INFO - Setting next_dagrun for example_nested_branch_dag to 2025-11-16 00:00:00+00:00, run_after=2025-11-17 00:00:00+00:00
[2025-11-17T16:32:11.662+0000] {processor.py:183} INFO - Processing /usr/local/python/3.12.1/lib/python3.12/site-packages/airflow/example_dags/example_nested_branch_dag.py took 0.058 seconds
[2025-11-17T16:33:14.414+0000] {processor.py:161} INFO - Started process (PID=60742) to work on /usr/local/python/3.12.1/lib/python3.12/site-packages/airflow/example_dags/example_nested_branch_dag.py
[2025-11-17T16:33:14.415+0000] {processor.py:830} INFO - Processing file /usr/local/python/3.12.1/lib/python3.12/site-packages/airflow/example_dags/example_nested_branch_dag.py for tasks to queue
[2025-11-17T16:33:14.416+0000] {logging_mixin.py:188} INFO - [2025-11-17T16:33:14.416+0000] {dagbag.py:545} INFO - Filling up the DagBag from /usr/local/python/3.12.1/lib/python3.12/site-packages/airflow/example_dags/example_nested_branch_dag.py
[2025-11-17T16:33:14.423+0000] {processor.py:840} INFO - DAG(s) 'example_nested_branch_dag' retrieved from /usr/local/python/3.12.1/lib/python3.12/site-packages/airflow/example_dags/example_nested_branch_dag.py
[2025-11-17T16:33:14.437+0000] {logging_mixin.py:188} INFO - [2025-11-17T16:33:14.436+0000] {dag.py:3096} INFO - Sync 1 DAGs
[2025-11-17T16:33:14.453+0000] {logging_mixin.py:188} INFO - [2025-11-17T16:33:14.453+0000] {dag.py:3954} INFO - Setting next_dagrun for example_nested_branch_dag to 2025-11-16 00:00:00+00:00, run_after=2025-11-17 00:00:00+00:00
[2025-11-17T16:33:14.470+0000] {processor.py:183} INFO - Processing /usr/local/python/3.12.1/lib/python3.12/site-packages/airflow/example_dags/example_nested_branch_dag.py took 0.061 seconds
[2025-11-17T16:34:14.070+0000] {processor.py:161} INFO - Started process (PID=61221) to work on /usr/local/python/3.12.1/lib/python3.12/site-packages/airflow/example_dags/example_nested_branch_dag.py
[2025-11-17T16:34:14.071+0000] {processor.py:830} INFO - Processing file /usr/local/python/3.12.1/lib/python3.12/site-packages/airflow/example_dags/example_nested_branch_dag.py for tasks to queue
[2025-11-17T16:34:14.072+0000] {logging_mixin.py:188} INFO - [2025-11-17T16:34:14.072+0000] {dagbag.py:545} INFO - Filling up the DagBag from /usr/local/python/3.12.1/lib/python3.12/site-packages/airflow/example_dags/example_nested_branch_dag.py
[2025-11-17T16:34:14.079+0000] {processor.py:840} INFO - DAG(s) 'example_nested_branch_dag' retrieved from /usr/local/python/3.12.1/lib/python3.12/site-packages/airflow/example_dags/example_nested_branch_dag.py
[2025-11-17T16:34:14.092+0000] {logging_mixin.py:188} INFO - [2025-11-17T16:34:14.092+0000] {dag.py:3096} INFO - Sync 1 DAGs
[2025-11-17T16:34:14.108+0000] {logging_mixin.py:188} INFO - [2025-11-17T16:34:14.107+0000] {dag.py:3954} INFO - Setting next_dagrun for example_nested_branch_dag to 2025-11-16 00:00:00+00:00, run_after=2025-11-17 00:00:00+00:00
[2025-11-17T16:34:14.124+0000] {processor.py:183} INFO - Processing /usr/local/python/3.12.1/lib/python3.12/site-packages/airflow/example_dags/example_nested_branch_dag.py took 0.058 seconds
[2025-11-17T16:35:13.125+0000] {processor.py:161} INFO - Started process (PID=61686) to work on /usr/local/python/3.12.1/lib/python3.12/site-packages/airflow/example_dags/example_nested_branch_dag.py
[2025-11-17T16:35:13.125+0000] {processor.py:830} INFO - Processing file /usr/local/python/3.12.1/lib/python3.12/site-packages/airflow/example_dags/example_nested_branch_dag.py for tasks to queue
[2025-11-17T16:35:13.127+0000] {logging_mixin.py:188} INFO - [2025-11-17T16:35:13.126+0000] {dagbag.py:545} INFO - Filling up the DagBag from /usr/local/python/3.12.1/lib/python3.12/site-packages/airflow/example_dags/example_nested_branch_dag.py
[2025-11-17T16:35:13.134+0000] {processor.py:840} INFO - DAG(s) 'example_nested_branch_dag' retrieved from /usr/local/python/3.12.1/lib/python3.12/site-packages/airflow/example_dags/example_nested_branch_dag.py
[2025-11-17T16:35:13.156+0000] {logging_mixin.py:188} INFO - [2025-11-17T16:35:13.156+0000] {dag.py:3096} INFO - Sync 1 DAGs
[2025-11-17T16:35:13.178+0000] {logging_mixin.py:188} INFO - [2025-11-17T16:35:13.178+0000] {dag.py:3954} INFO - Setting next_dagrun for example_nested_branch_dag to 2025-11-16 00:00:00+00:00, run_after=2025-11-17 00:00:00+00:00
[2025-11-17T16:35:13.195+0000] {processor.py:183} INFO - Processing /usr/local/python/3.12.1/lib/python3.12/site-packages/airflow/example_dags/example_nested_branch_dag.py took 0.075 seconds
[2025-11-17T16:36:05.559+0000] {processor.py:161} INFO - Started process (PID=62144) to work on /usr/local/python/3.12.1/lib/python3.12/site-packages/airflow/example_dags/example_nested_branch_dag.py
[2025-11-17T16:36:05.560+0000] {processor.py:830} INFO - Processing file /usr/local/python/3.12.1/lib/python3.12/site-packages/airflow/example_dags/example_nested_branch_dag.py for tasks to queue
[2025-11-17T16:36:05.561+0000] {logging_mixin.py:188} INFO - [2025-11-17T16:36:05.561+0000] {dagbag.py:545} INFO - Filling up the DagBag from /usr/local/python/3.12.1/lib/python3.12/site-packages/airflow/example_dags/example_nested_branch_dag.py
[2025-11-17T16:36:05.569+0000] {processor.py:840} INFO - DAG(s) 'example_nested_branch_dag' retrieved from /usr/local/python/3.12.1/lib/python3.12/site-packages/airflow/example_dags/example_nested_branch_dag.py
[2025-11-17T16:36:05.581+0000] {logging_mixin.py:188} INFO - [2025-11-17T16:36:05.581+0000] {dag.py:3096} INFO - Sync 1 DAGs
[2025-11-17T16:36:05.596+0000] {logging_mixin.py:188} INFO - [2025-11-17T16:36:05.596+0000] {dag.py:3954} INFO - Setting next_dagrun for example_nested_branch_dag to 2025-11-16 00:00:00+00:00, run_after=2025-11-17 00:00:00+00:00
[2025-11-17T16:36:05.613+0000] {processor.py:183} INFO - Processing /usr/local/python/3.12.1/lib/python3.12/site-packages/airflow/example_dags/example_nested_branch_dag.py took 0.058 seconds
[2025-11-17T16:37:03.375+0000] {processor.py:161} INFO - Started process (PID=62605) to work on /usr/local/python/3.12.1/lib/python3.12/site-packages/airflow/example_dags/example_nested_branch_dag.py
[2025-11-17T16:37:03.376+0000] {processor.py:830} INFO - Processing file /usr/local/python/3.12.1/lib/python3.12/site-packages/airflow/example_dags/example_nested_branch_dag.py for tasks to queue
[2025-11-17T16:37:03.377+0000] {logging_mixin.py:188} INFO - [2025-11-17T16:37:03.377+0000] {dagbag.py:545} INFO - Filling up the DagBag from /usr/local/python/3.12.1/lib/python3.12/site-packages/airflow/example_dags/example_nested_branch_dag.py
[2025-11-17T16:37:03.385+0000] {processor.py:840} INFO - DAG(s) 'example_nested_branch_dag' retrieved from /usr/local/python/3.12.1/lib/python3.12/site-packages/airflow/example_dags/example_nested_branch_dag.py
[2025-11-17T16:37:03.397+0000] {logging_mixin.py:188} INFO - [2025-11-17T16:37:03.397+0000] {dag.py:3096} INFO - Sync 1 DAGs
[2025-11-17T16:37:03.413+0000] {logging_mixin.py:188} INFO - [2025-11-17T16:37:03.413+0000] {dag.py:3954} INFO - Setting next_dagrun for example_nested_branch_dag to 2025-11-16 00:00:00+00:00, run_after=2025-11-17 00:00:00+00:00
[2025-11-17T16:37:03.429+0000] {processor.py:183} INFO - Processing /usr/local/python/3.12.1/lib/python3.12/site-packages/airflow/example_dags/example_nested_branch_dag.py took 0.058 seconds
[2025-11-17T16:37:46.972+0000] {processor.py:161} INFO - Started process (PID=62991) to work on /usr/local/python/3.12.1/lib/python3.12/site-packages/airflow/example_dags/example_nested_branch_dag.py
[2025-11-17T16:37:46.973+0000] {processor.py:830} INFO - Processing file /usr/local/python/3.12.1/lib/python3.12/site-packages/airflow/example_dags/example_nested_branch_dag.py for tasks to queue
[2025-11-17T16:37:46.975+0000] {logging_mixin.py:188} INFO - [2025-11-17T16:37:46.974+0000] {dagbag.py:545} INFO - Filling up the DagBag from /usr/local/python/3.12.1/lib/python3.12/site-packages/airflow/example_dags/example_nested_branch_dag.py
[2025-11-17T16:37:46.985+0000] {processor.py:840} INFO - DAG(s) 'example_nested_branch_dag' retrieved from /usr/local/python/3.12.1/lib/python3.12/site-packages/airflow/example_dags/example_nested_branch_dag.py
[2025-11-17T16:37:47.004+0000] {logging_mixin.py:188} INFO - [2025-11-17T16:37:47.004+0000] {dag.py:3096} INFO - Sync 1 DAGs
[2025-11-17T16:37:47.028+0000] {logging_mixin.py:188} INFO - [2025-11-17T16:37:47.028+0000] {dag.py:3954} INFO - Setting next_dagrun for example_nested_branch_dag to 2025-11-16 00:00:00+00:00, run_after=2025-11-17 00:00:00+00:00
[2025-11-17T16:37:47.044+0000] {processor.py:183} INFO - Processing /usr/local/python/3.12.1/lib/python3.12/site-packages/airflow/example_dags/example_nested_branch_dag.py took 0.077 seconds
[2025-11-17T16:38:51.178+0000] {processor.py:161} INFO - Started process (PID=63948) to work on /usr/local/python/3.12.1/lib/python3.12/site-packages/airflow/example_dags/example_nested_branch_dag.py
[2025-11-17T16:38:51.179+0000] {processor.py:830} INFO - Processing file /usr/local/python/3.12.1/lib/python3.12/site-packages/airflow/example_dags/example_nested_branch_dag.py for tasks to queue
[2025-11-17T16:38:51.181+0000] {logging_mixin.py:188} INFO - [2025-11-17T16:38:51.181+0000] {dagbag.py:545} INFO - Filling up the DagBag from /usr/local/python/3.12.1/lib/python3.12/site-packages/airflow/example_dags/example_nested_branch_dag.py
[2025-11-17T16:38:51.193+0000] {processor.py:840} INFO - DAG(s) 'example_nested_branch_dag' retrieved from /usr/local/python/3.12.1/lib/python3.12/site-packages/airflow/example_dags/example_nested_branch_dag.py
[2025-11-17T16:38:51.206+0000] {logging_mixin.py:188} INFO - [2025-11-17T16:38:51.205+0000] {dag.py:3096} INFO - Sync 1 DAGs
[2025-11-17T16:38:51.220+0000] {logging_mixin.py:188} INFO - [2025-11-17T16:38:51.220+0000] {dag.py:3954} INFO - Setting next_dagrun for example_nested_branch_dag to 2025-11-16 00:00:00+00:00, run_after=2025-11-17 00:00:00+00:00
[2025-11-17T16:38:51.236+0000] {processor.py:183} INFO - Processing /usr/local/python/3.12.1/lib/python3.12/site-packages/airflow/example_dags/example_nested_branch_dag.py took 0.064 seconds
