[2025-11-17T15:42:25.779+0000] {processor.py:161} INFO - Started process (PID=27970) to work on /usr/local/python/3.12.1/lib/python3.12/site-packages/airflow/example_dags/example_short_circuit_operator.py
[2025-11-17T15:42:25.780+0000] {processor.py:830} INFO - Processing file /usr/local/python/3.12.1/lib/python3.12/site-packages/airflow/example_dags/example_short_circuit_operator.py for tasks to queue
[2025-11-17T15:42:25.782+0000] {logging_mixin.py:188} INFO - [2025-11-17T15:42:25.782+0000] {dagbag.py:545} INFO - Filling up the DagBag from /usr/local/python/3.12.1/lib/python3.12/site-packages/airflow/example_dags/example_short_circuit_operator.py
[2025-11-17T15:42:25.790+0000] {processor.py:840} INFO - DAG(s) 'example_short_circuit_operator' retrieved from /usr/local/python/3.12.1/lib/python3.12/site-packages/airflow/example_dags/example_short_circuit_operator.py
[2025-11-17T15:42:25.945+0000] {logging_mixin.py:188} INFO - [2025-11-17T15:42:25.944+0000] {override.py:1829} INFO - Created Permission View: can read on DAG:example_short_circuit_operator
[2025-11-17T15:42:25.977+0000] {logging_mixin.py:188} INFO - [2025-11-17T15:42:25.977+0000] {override.py:1829} INFO - Created Permission View: can edit on DAG:example_short_circuit_operator
[2025-11-17T15:42:25.994+0000] {logging_mixin.py:188} INFO - [2025-11-17T15:42:25.994+0000] {override.py:1829} INFO - Created Permission View: can delete on DAG:example_short_circuit_operator
[2025-11-17T15:42:25.994+0000] {logging_mixin.py:188} INFO - [2025-11-17T15:42:25.994+0000] {dag.py:3096} INFO - Sync 1 DAGs
[2025-11-17T15:42:26.006+0000] {logging_mixin.py:188} INFO - [2025-11-17T15:42:26.006+0000] {dag.py:3118} INFO - Creating ORM DAG for example_short_circuit_operator
[2025-11-17T15:42:26.017+0000] {logging_mixin.py:188} INFO - [2025-11-17T15:42:26.016+0000] {dag.py:3954} INFO - Setting next_dagrun for example_short_circuit_operator to 2025-11-16 00:00:00+00:00, run_after=2025-11-17 00:00:00+00:00
[2025-11-17T15:42:26.051+0000] {processor.py:183} INFO - Processing /usr/local/python/3.12.1/lib/python3.12/site-packages/airflow/example_dags/example_short_circuit_operator.py took 0.277 seconds
[2025-11-17T15:43:20.119+0000] {processor.py:161} INFO - Started process (PID=29098) to work on /usr/local/python/3.12.1/lib/python3.12/site-packages/airflow/example_dags/example_short_circuit_operator.py
[2025-11-17T15:43:20.120+0000] {processor.py:830} INFO - Processing file /usr/local/python/3.12.1/lib/python3.12/site-packages/airflow/example_dags/example_short_circuit_operator.py for tasks to queue
[2025-11-17T15:43:20.121+0000] {logging_mixin.py:188} INFO - [2025-11-17T15:43:20.121+0000] {dagbag.py:545} INFO - Filling up the DagBag from /usr/local/python/3.12.1/lib/python3.12/site-packages/airflow/example_dags/example_short_circuit_operator.py
[2025-11-17T15:43:20.129+0000] {processor.py:840} INFO - DAG(s) 'example_short_circuit_operator' retrieved from /usr/local/python/3.12.1/lib/python3.12/site-packages/airflow/example_dags/example_short_circuit_operator.py
[2025-11-17T15:43:20.145+0000] {logging_mixin.py:188} INFO - [2025-11-17T15:43:20.145+0000] {dag.py:3096} INFO - Sync 1 DAGs
[2025-11-17T15:43:20.161+0000] {logging_mixin.py:188} INFO - [2025-11-17T15:43:20.161+0000] {dag.py:3954} INFO - Setting next_dagrun for example_short_circuit_operator to 2025-11-16 00:00:00+00:00, run_after=2025-11-17 00:00:00+00:00
[2025-11-17T15:43:20.177+0000] {processor.py:183} INFO - Processing /usr/local/python/3.12.1/lib/python3.12/site-packages/airflow/example_dags/example_short_circuit_operator.py took 0.062 seconds
[2025-11-17T15:44:07.613+0000] {processor.py:161} INFO - Started process (PID=29556) to work on /usr/local/python/3.12.1/lib/python3.12/site-packages/airflow/example_dags/example_short_circuit_operator.py
[2025-11-17T15:44:07.613+0000] {processor.py:830} INFO - Processing file /usr/local/python/3.12.1/lib/python3.12/site-packages/airflow/example_dags/example_short_circuit_operator.py for tasks to queue
[2025-11-17T15:44:07.614+0000] {logging_mixin.py:188} INFO - [2025-11-17T15:44:07.614+0000] {dagbag.py:545} INFO - Filling up the DagBag from /usr/local/python/3.12.1/lib/python3.12/site-packages/airflow/example_dags/example_short_circuit_operator.py
[2025-11-17T15:44:07.619+0000] {processor.py:840} INFO - DAG(s) 'example_short_circuit_operator' retrieved from /usr/local/python/3.12.1/lib/python3.12/site-packages/airflow/example_dags/example_short_circuit_operator.py
[2025-11-17T15:44:07.639+0000] {logging_mixin.py:188} INFO - [2025-11-17T15:44:07.639+0000] {dag.py:3096} INFO - Sync 1 DAGs
[2025-11-17T15:44:07.662+0000] {logging_mixin.py:188} INFO - [2025-11-17T15:44:07.662+0000] {dag.py:3954} INFO - Setting next_dagrun for example_short_circuit_operator to 2025-11-16 00:00:00+00:00, run_after=2025-11-17 00:00:00+00:00
[2025-11-17T15:44:07.684+0000] {processor.py:183} INFO - Processing /usr/local/python/3.12.1/lib/python3.12/site-packages/airflow/example_dags/example_short_circuit_operator.py took 0.075 seconds
[2025-11-17T15:45:04.568+0000] {processor.py:161} INFO - Started process (PID=30565) to work on /usr/local/python/3.12.1/lib/python3.12/site-packages/airflow/example_dags/example_short_circuit_operator.py
[2025-11-17T15:45:04.568+0000] {processor.py:830} INFO - Processing file /usr/local/python/3.12.1/lib/python3.12/site-packages/airflow/example_dags/example_short_circuit_operator.py for tasks to queue
[2025-11-17T15:45:04.569+0000] {logging_mixin.py:188} INFO - [2025-11-17T15:45:04.569+0000] {dagbag.py:545} INFO - Filling up the DagBag from /usr/local/python/3.12.1/lib/python3.12/site-packages/airflow/example_dags/example_short_circuit_operator.py
[2025-11-17T15:45:04.575+0000] {processor.py:840} INFO - DAG(s) 'example_short_circuit_operator' retrieved from /usr/local/python/3.12.1/lib/python3.12/site-packages/airflow/example_dags/example_short_circuit_operator.py
[2025-11-17T15:45:04.591+0000] {logging_mixin.py:188} INFO - [2025-11-17T15:45:04.591+0000] {dag.py:3096} INFO - Sync 1 DAGs
[2025-11-17T15:45:04.606+0000] {logging_mixin.py:188} INFO - [2025-11-17T15:45:04.606+0000] {dag.py:3954} INFO - Setting next_dagrun for example_short_circuit_operator to 2025-11-16 00:00:00+00:00, run_after=2025-11-17 00:00:00+00:00
[2025-11-17T15:45:04.622+0000] {processor.py:183} INFO - Processing /usr/local/python/3.12.1/lib/python3.12/site-packages/airflow/example_dags/example_short_circuit_operator.py took 0.058 seconds
[2025-11-17T16:01:01.355+0000] {processor.py:161} INFO - Started process (PID=40906) to work on /usr/local/python/3.12.1/lib/python3.12/site-packages/airflow/example_dags/example_short_circuit_operator.py
[2025-11-17T16:01:01.355+0000] {processor.py:830} INFO - Processing file /usr/local/python/3.12.1/lib/python3.12/site-packages/airflow/example_dags/example_short_circuit_operator.py for tasks to queue
[2025-11-17T16:01:01.357+0000] {logging_mixin.py:188} INFO - [2025-11-17T16:01:01.356+0000] {dagbag.py:545} INFO - Filling up the DagBag from /usr/local/python/3.12.1/lib/python3.12/site-packages/airflow/example_dags/example_short_circuit_operator.py
[2025-11-17T16:01:01.363+0000] {processor.py:840} INFO - DAG(s) 'example_short_circuit_operator' retrieved from /usr/local/python/3.12.1/lib/python3.12/site-packages/airflow/example_dags/example_short_circuit_operator.py
[2025-11-17T16:01:01.378+0000] {logging_mixin.py:188} INFO - [2025-11-17T16:01:01.378+0000] {dag.py:3096} INFO - Sync 1 DAGs
[2025-11-17T16:01:01.391+0000] {logging_mixin.py:188} INFO - [2025-11-17T16:01:01.391+0000] {dag.py:3954} INFO - Setting next_dagrun for example_short_circuit_operator to 2025-11-16 00:00:00+00:00, run_after=2025-11-17 00:00:00+00:00
[2025-11-17T16:01:01.407+0000] {processor.py:183} INFO - Processing /usr/local/python/3.12.1/lib/python3.12/site-packages/airflow/example_dags/example_short_circuit_operator.py took 0.056 seconds
[2025-11-17T16:01:51.500+0000] {processor.py:161} INFO - Started process (PID=41529) to work on /usr/local/python/3.12.1/lib/python3.12/site-packages/airflow/example_dags/example_short_circuit_operator.py
[2025-11-17T16:01:51.501+0000] {processor.py:830} INFO - Processing file /usr/local/python/3.12.1/lib/python3.12/site-packages/airflow/example_dags/example_short_circuit_operator.py for tasks to queue
[2025-11-17T16:01:51.502+0000] {logging_mixin.py:188} INFO - [2025-11-17T16:01:51.502+0000] {dagbag.py:545} INFO - Filling up the DagBag from /usr/local/python/3.12.1/lib/python3.12/site-packages/airflow/example_dags/example_short_circuit_operator.py
[2025-11-17T16:01:51.507+0000] {processor.py:840} INFO - DAG(s) 'example_short_circuit_operator' retrieved from /usr/local/python/3.12.1/lib/python3.12/site-packages/airflow/example_dags/example_short_circuit_operator.py
[2025-11-17T16:01:51.526+0000] {logging_mixin.py:188} INFO - [2025-11-17T16:01:51.526+0000] {dag.py:3096} INFO - Sync 1 DAGs
[2025-11-17T16:01:51.544+0000] {logging_mixin.py:188} INFO - [2025-11-17T16:01:51.544+0000] {dag.py:3954} INFO - Setting next_dagrun for example_short_circuit_operator to 2025-11-16 00:00:00+00:00, run_after=2025-11-17 00:00:00+00:00
[2025-11-17T16:01:51.572+0000] {processor.py:183} INFO - Processing /usr/local/python/3.12.1/lib/python3.12/site-packages/airflow/example_dags/example_short_circuit_operator.py took 0.075 seconds
[2025-11-17T16:02:42.306+0000] {processor.py:161} INFO - Started process (PID=42257) to work on /usr/local/python/3.12.1/lib/python3.12/site-packages/airflow/example_dags/example_short_circuit_operator.py
[2025-11-17T16:02:42.311+0000] {processor.py:830} INFO - Processing file /usr/local/python/3.12.1/lib/python3.12/site-packages/airflow/example_dags/example_short_circuit_operator.py for tasks to queue
[2025-11-17T16:02:42.312+0000] {logging_mixin.py:188} INFO - [2025-11-17T16:02:42.312+0000] {dagbag.py:545} INFO - Filling up the DagBag from /usr/local/python/3.12.1/lib/python3.12/site-packages/airflow/example_dags/example_short_circuit_operator.py
[2025-11-17T16:02:42.332+0000] {processor.py:840} INFO - DAG(s) 'example_short_circuit_operator' retrieved from /usr/local/python/3.12.1/lib/python3.12/site-packages/airflow/example_dags/example_short_circuit_operator.py
[2025-11-17T16:02:42.356+0000] {logging_mixin.py:188} INFO - [2025-11-17T16:02:42.355+0000] {dag.py:3096} INFO - Sync 1 DAGs
[2025-11-17T16:02:42.376+0000] {logging_mixin.py:188} INFO - [2025-11-17T16:02:42.376+0000] {dag.py:3954} INFO - Setting next_dagrun for example_short_circuit_operator to 2025-11-16 00:00:00+00:00, run_after=2025-11-17 00:00:00+00:00
[2025-11-17T16:02:42.399+0000] {processor.py:183} INFO - Processing /usr/local/python/3.12.1/lib/python3.12/site-packages/airflow/example_dags/example_short_circuit_operator.py took 0.103 seconds
[2025-11-17T16:03:24.646+0000] {processor.py:161} INFO - Started process (PID=42728) to work on /usr/local/python/3.12.1/lib/python3.12/site-packages/airflow/example_dags/example_short_circuit_operator.py
[2025-11-17T16:03:24.647+0000] {processor.py:830} INFO - Processing file /usr/local/python/3.12.1/lib/python3.12/site-packages/airflow/example_dags/example_short_circuit_operator.py for tasks to queue
[2025-11-17T16:03:24.649+0000] {logging_mixin.py:188} INFO - [2025-11-17T16:03:24.648+0000] {dagbag.py:545} INFO - Filling up the DagBag from /usr/local/python/3.12.1/lib/python3.12/site-packages/airflow/example_dags/example_short_circuit_operator.py
[2025-11-17T16:03:24.657+0000] {processor.py:840} INFO - DAG(s) 'example_short_circuit_operator' retrieved from /usr/local/python/3.12.1/lib/python3.12/site-packages/airflow/example_dags/example_short_circuit_operator.py
[2025-11-17T16:03:24.676+0000] {logging_mixin.py:188} INFO - [2025-11-17T16:03:24.676+0000] {dag.py:3096} INFO - Sync 1 DAGs
[2025-11-17T16:03:24.690+0000] {logging_mixin.py:188} INFO - [2025-11-17T16:03:24.690+0000] {dag.py:3954} INFO - Setting next_dagrun for example_short_circuit_operator to 2025-11-16 00:00:00+00:00, run_after=2025-11-17 00:00:00+00:00
[2025-11-17T16:03:24.706+0000] {processor.py:183} INFO - Processing /usr/local/python/3.12.1/lib/python3.12/site-packages/airflow/example_dags/example_short_circuit_operator.py took 0.066 seconds
[2025-11-17T16:04:24.571+0000] {processor.py:161} INFO - Started process (PID=43520) to work on /usr/local/python/3.12.1/lib/python3.12/site-packages/airflow/example_dags/example_short_circuit_operator.py
[2025-11-17T16:04:24.571+0000] {processor.py:830} INFO - Processing file /usr/local/python/3.12.1/lib/python3.12/site-packages/airflow/example_dags/example_short_circuit_operator.py for tasks to queue
[2025-11-17T16:04:24.573+0000] {logging_mixin.py:188} INFO - [2025-11-17T16:04:24.573+0000] {dagbag.py:545} INFO - Filling up the DagBag from /usr/local/python/3.12.1/lib/python3.12/site-packages/airflow/example_dags/example_short_circuit_operator.py
[2025-11-17T16:04:24.581+0000] {processor.py:840} INFO - DAG(s) 'example_short_circuit_operator' retrieved from /usr/local/python/3.12.1/lib/python3.12/site-packages/airflow/example_dags/example_short_circuit_operator.py
[2025-11-17T16:04:24.608+0000] {logging_mixin.py:188} INFO - [2025-11-17T16:04:24.608+0000] {dag.py:3096} INFO - Sync 1 DAGs
[2025-11-17T16:04:24.644+0000] {logging_mixin.py:188} INFO - [2025-11-17T16:04:24.644+0000] {dag.py:3954} INFO - Setting next_dagrun for example_short_circuit_operator to 2025-11-16 00:00:00+00:00, run_after=2025-11-17 00:00:00+00:00
[2025-11-17T16:04:24.677+0000] {processor.py:183} INFO - Processing /usr/local/python/3.12.1/lib/python3.12/site-packages/airflow/example_dags/example_short_circuit_operator.py took 0.113 seconds
[2025-11-17T16:05:07.403+0000] {processor.py:161} INFO - Started process (PID=44087) to work on /usr/local/python/3.12.1/lib/python3.12/site-packages/airflow/example_dags/example_short_circuit_operator.py
[2025-11-17T16:05:07.404+0000] {processor.py:830} INFO - Processing file /usr/local/python/3.12.1/lib/python3.12/site-packages/airflow/example_dags/example_short_circuit_operator.py for tasks to queue
[2025-11-17T16:05:07.406+0000] {logging_mixin.py:188} INFO - [2025-11-17T16:05:07.406+0000] {dagbag.py:545} INFO - Filling up the DagBag from /usr/local/python/3.12.1/lib/python3.12/site-packages/airflow/example_dags/example_short_circuit_operator.py
[2025-11-17T16:05:07.414+0000] {processor.py:840} INFO - DAG(s) 'example_short_circuit_operator' retrieved from /usr/local/python/3.12.1/lib/python3.12/site-packages/airflow/example_dags/example_short_circuit_operator.py
[2025-11-17T16:05:07.434+0000] {logging_mixin.py:188} INFO - [2025-11-17T16:05:07.434+0000] {dag.py:3096} INFO - Sync 1 DAGs
[2025-11-17T16:05:07.448+0000] {logging_mixin.py:188} INFO - [2025-11-17T16:05:07.447+0000] {dag.py:3954} INFO - Setting next_dagrun for example_short_circuit_operator to 2025-11-16 00:00:00+00:00, run_after=2025-11-17 00:00:00+00:00
[2025-11-17T16:05:07.465+0000] {processor.py:183} INFO - Processing /usr/local/python/3.12.1/lib/python3.12/site-packages/airflow/example_dags/example_short_circuit_operator.py took 0.067 seconds
[2025-11-17T16:06:17.215+0000] {processor.py:161} INFO - Started process (PID=45020) to work on /usr/local/python/3.12.1/lib/python3.12/site-packages/airflow/example_dags/example_short_circuit_operator.py
[2025-11-17T16:06:17.215+0000] {processor.py:830} INFO - Processing file /usr/local/python/3.12.1/lib/python3.12/site-packages/airflow/example_dags/example_short_circuit_operator.py for tasks to queue
[2025-11-17T16:06:17.216+0000] {logging_mixin.py:188} INFO - [2025-11-17T16:06:17.216+0000] {dagbag.py:545} INFO - Filling up the DagBag from /usr/local/python/3.12.1/lib/python3.12/site-packages/airflow/example_dags/example_short_circuit_operator.py
[2025-11-17T16:06:17.223+0000] {processor.py:840} INFO - DAG(s) 'example_short_circuit_operator' retrieved from /usr/local/python/3.12.1/lib/python3.12/site-packages/airflow/example_dags/example_short_circuit_operator.py
[2025-11-17T16:06:17.238+0000] {logging_mixin.py:188} INFO - [2025-11-17T16:06:17.237+0000] {dag.py:3096} INFO - Sync 1 DAGs
[2025-11-17T16:06:17.251+0000] {logging_mixin.py:188} INFO - [2025-11-17T16:06:17.251+0000] {dag.py:3954} INFO - Setting next_dagrun for example_short_circuit_operator to 2025-11-16 00:00:00+00:00, run_after=2025-11-17 00:00:00+00:00
[2025-11-17T16:06:17.268+0000] {processor.py:183} INFO - Processing /usr/local/python/3.12.1/lib/python3.12/site-packages/airflow/example_dags/example_short_circuit_operator.py took 0.057 seconds
[2025-11-17T16:07:09.131+0000] {processor.py:161} INFO - Started process (PID=46419) to work on /usr/local/python/3.12.1/lib/python3.12/site-packages/airflow/example_dags/example_short_circuit_operator.py
[2025-11-17T16:07:09.131+0000] {processor.py:830} INFO - Processing file /usr/local/python/3.12.1/lib/python3.12/site-packages/airflow/example_dags/example_short_circuit_operator.py for tasks to queue
[2025-11-17T16:07:09.133+0000] {logging_mixin.py:188} INFO - [2025-11-17T16:07:09.132+0000] {dagbag.py:545} INFO - Filling up the DagBag from /usr/local/python/3.12.1/lib/python3.12/site-packages/airflow/example_dags/example_short_circuit_operator.py
[2025-11-17T16:07:09.138+0000] {processor.py:840} INFO - DAG(s) 'example_short_circuit_operator' retrieved from /usr/local/python/3.12.1/lib/python3.12/site-packages/airflow/example_dags/example_short_circuit_operator.py
[2025-11-17T16:07:09.152+0000] {logging_mixin.py:188} INFO - [2025-11-17T16:07:09.152+0000] {dag.py:3096} INFO - Sync 1 DAGs
[2025-11-17T16:07:09.166+0000] {logging_mixin.py:188} INFO - [2025-11-17T16:07:09.166+0000] {dag.py:3954} INFO - Setting next_dagrun for example_short_circuit_operator to 2025-11-16 00:00:00+00:00, run_after=2025-11-17 00:00:00+00:00
[2025-11-17T16:07:09.184+0000] {processor.py:183} INFO - Processing /usr/local/python/3.12.1/lib/python3.12/site-packages/airflow/example_dags/example_short_circuit_operator.py took 0.058 seconds
[2025-11-17T16:07:56.920+0000] {processor.py:161} INFO - Started process (PID=47122) to work on /usr/local/python/3.12.1/lib/python3.12/site-packages/airflow/example_dags/example_short_circuit_operator.py
[2025-11-17T16:07:56.920+0000] {processor.py:830} INFO - Processing file /usr/local/python/3.12.1/lib/python3.12/site-packages/airflow/example_dags/example_short_circuit_operator.py for tasks to queue
[2025-11-17T16:07:56.921+0000] {logging_mixin.py:188} INFO - [2025-11-17T16:07:56.921+0000] {dagbag.py:545} INFO - Filling up the DagBag from /usr/local/python/3.12.1/lib/python3.12/site-packages/airflow/example_dags/example_short_circuit_operator.py
[2025-11-17T16:07:56.927+0000] {processor.py:840} INFO - DAG(s) 'example_short_circuit_operator' retrieved from /usr/local/python/3.12.1/lib/python3.12/site-packages/airflow/example_dags/example_short_circuit_operator.py
[2025-11-17T16:07:56.940+0000] {logging_mixin.py:188} INFO - [2025-11-17T16:07:56.940+0000] {dag.py:3096} INFO - Sync 1 DAGs
[2025-11-17T16:07:56.953+0000] {logging_mixin.py:188} INFO - [2025-11-17T16:07:56.953+0000] {dag.py:3954} INFO - Setting next_dagrun for example_short_circuit_operator to 2025-11-16 00:00:00+00:00, run_after=2025-11-17 00:00:00+00:00
[2025-11-17T16:07:56.971+0000] {processor.py:183} INFO - Processing /usr/local/python/3.12.1/lib/python3.12/site-packages/airflow/example_dags/example_short_circuit_operator.py took 0.055 seconds
[2025-11-17T16:08:54.439+0000] {processor.py:161} INFO - Started process (PID=47939) to work on /usr/local/python/3.12.1/lib/python3.12/site-packages/airflow/example_dags/example_short_circuit_operator.py
[2025-11-17T16:08:54.440+0000] {processor.py:830} INFO - Processing file /usr/local/python/3.12.1/lib/python3.12/site-packages/airflow/example_dags/example_short_circuit_operator.py for tasks to queue
[2025-11-17T16:08:54.441+0000] {logging_mixin.py:188} INFO - [2025-11-17T16:08:54.441+0000] {dagbag.py:545} INFO - Filling up the DagBag from /usr/local/python/3.12.1/lib/python3.12/site-packages/airflow/example_dags/example_short_circuit_operator.py
[2025-11-17T16:08:54.447+0000] {processor.py:840} INFO - DAG(s) 'example_short_circuit_operator' retrieved from /usr/local/python/3.12.1/lib/python3.12/site-packages/airflow/example_dags/example_short_circuit_operator.py
[2025-11-17T16:08:54.460+0000] {logging_mixin.py:188} INFO - [2025-11-17T16:08:54.460+0000] {dag.py:3096} INFO - Sync 1 DAGs
[2025-11-17T16:08:54.473+0000] {logging_mixin.py:188} INFO - [2025-11-17T16:08:54.473+0000] {dag.py:3954} INFO - Setting next_dagrun for example_short_circuit_operator to 2025-11-16 00:00:00+00:00, run_after=2025-11-17 00:00:00+00:00
[2025-11-17T16:08:54.490+0000] {processor.py:183} INFO - Processing /usr/local/python/3.12.1/lib/python3.12/site-packages/airflow/example_dags/example_short_circuit_operator.py took 0.055 seconds
[2025-11-17T16:09:39.823+0000] {processor.py:161} INFO - Started process (PID=48675) to work on /usr/local/python/3.12.1/lib/python3.12/site-packages/airflow/example_dags/example_short_circuit_operator.py
[2025-11-17T16:09:39.824+0000] {processor.py:830} INFO - Processing file /usr/local/python/3.12.1/lib/python3.12/site-packages/airflow/example_dags/example_short_circuit_operator.py for tasks to queue
[2025-11-17T16:09:39.825+0000] {logging_mixin.py:188} INFO - [2025-11-17T16:09:39.825+0000] {dagbag.py:545} INFO - Filling up the DagBag from /usr/local/python/3.12.1/lib/python3.12/site-packages/airflow/example_dags/example_short_circuit_operator.py
[2025-11-17T16:09:39.834+0000] {processor.py:840} INFO - DAG(s) 'example_short_circuit_operator' retrieved from /usr/local/python/3.12.1/lib/python3.12/site-packages/airflow/example_dags/example_short_circuit_operator.py
[2025-11-17T16:09:39.856+0000] {logging_mixin.py:188} INFO - [2025-11-17T16:09:39.856+0000] {dag.py:3096} INFO - Sync 1 DAGs
[2025-11-17T16:09:39.879+0000] {logging_mixin.py:188} INFO - [2025-11-17T16:09:39.879+0000] {dag.py:3954} INFO - Setting next_dagrun for example_short_circuit_operator to 2025-11-16 00:00:00+00:00, run_after=2025-11-17 00:00:00+00:00
[2025-11-17T16:09:39.903+0000] {processor.py:183} INFO - Processing /usr/local/python/3.12.1/lib/python3.12/site-packages/airflow/example_dags/example_short_circuit_operator.py took 0.087 seconds
[2025-11-17T16:10:36.751+0000] {processor.py:161} INFO - Started process (PID=49379) to work on /usr/local/python/3.12.1/lib/python3.12/site-packages/airflow/example_dags/example_short_circuit_operator.py
[2025-11-17T16:10:36.752+0000] {processor.py:830} INFO - Processing file /usr/local/python/3.12.1/lib/python3.12/site-packages/airflow/example_dags/example_short_circuit_operator.py for tasks to queue
[2025-11-17T16:10:36.754+0000] {logging_mixin.py:188} INFO - [2025-11-17T16:10:36.753+0000] {dagbag.py:545} INFO - Filling up the DagBag from /usr/local/python/3.12.1/lib/python3.12/site-packages/airflow/example_dags/example_short_circuit_operator.py
[2025-11-17T16:10:36.762+0000] {processor.py:840} INFO - DAG(s) 'example_short_circuit_operator' retrieved from /usr/local/python/3.12.1/lib/python3.12/site-packages/airflow/example_dags/example_short_circuit_operator.py
[2025-11-17T16:10:36.782+0000] {logging_mixin.py:188} INFO - [2025-11-17T16:10:36.782+0000] {dag.py:3096} INFO - Sync 1 DAGs
[2025-11-17T16:10:36.800+0000] {logging_mixin.py:188} INFO - [2025-11-17T16:10:36.800+0000] {dag.py:3954} INFO - Setting next_dagrun for example_short_circuit_operator to 2025-11-16 00:00:00+00:00, run_after=2025-11-17 00:00:00+00:00
[2025-11-17T16:10:36.827+0000] {processor.py:183} INFO - Processing /usr/local/python/3.12.1/lib/python3.12/site-packages/airflow/example_dags/example_short_circuit_operator.py took 0.082 seconds
