[2025-11-17T15:42:02.698+0000] {processor.py:161} INFO - Started process (PID=27607) to work on /usr/local/python/3.12.1/lib/python3.12/site-packages/airflow/example_dags/tutorial_taskflow_api.py
[2025-11-17T15:42:02.699+0000] {processor.py:830} INFO - Processing file /usr/local/python/3.12.1/lib/python3.12/site-packages/airflow/example_dags/tutorial_taskflow_api.py for tasks to queue
[2025-11-17T15:42:02.700+0000] {logging_mixin.py:188} INFO - [2025-11-17T15:42:02.699+0000] {dagbag.py:545} INFO - Filling up the DagBag from /usr/local/python/3.12.1/lib/python3.12/site-packages/airflow/example_dags/tutorial_taskflow_api.py
[2025-11-17T15:42:02.706+0000] {processor.py:840} INFO - DAG(s) 'tutorial_taskflow_api' retrieved from /usr/local/python/3.12.1/lib/python3.12/site-packages/airflow/example_dags/tutorial_taskflow_api.py
[2025-11-17T15:42:02.797+0000] {logging_mixin.py:188} INFO - [2025-11-17T15:42:02.796+0000] {override.py:1829} INFO - Created Permission View: can read on DAG:tutorial_taskflow_api
[2025-11-17T15:42:02.806+0000] {logging_mixin.py:188} INFO - [2025-11-17T15:42:02.805+0000] {override.py:1829} INFO - Created Permission View: can edit on DAG:tutorial_taskflow_api
[2025-11-17T15:42:02.812+0000] {logging_mixin.py:188} INFO - [2025-11-17T15:42:02.811+0000] {override.py:1829} INFO - Created Permission View: can delete on DAG:tutorial_taskflow_api
[2025-11-17T15:42:02.812+0000] {logging_mixin.py:188} INFO - [2025-11-17T15:42:02.812+0000] {dag.py:3096} INFO - Sync 1 DAGs
[2025-11-17T15:42:02.819+0000] {logging_mixin.py:188} INFO - [2025-11-17T15:42:02.819+0000] {dag.py:3118} INFO - Creating ORM DAG for tutorial_taskflow_api
[2025-11-17T15:42:02.820+0000] {logging_mixin.py:188} INFO - [2025-11-17T15:42:02.819+0000] {dag.py:3954} INFO - Setting next_dagrun for tutorial_taskflow_api to None, run_after=None
[2025-11-17T15:42:02.835+0000] {processor.py:183} INFO - Processing /usr/local/python/3.12.1/lib/python3.12/site-packages/airflow/example_dags/tutorial_taskflow_api.py took 0.140 seconds
[2025-11-17T15:43:00.710+0000] {processor.py:161} INFO - Started process (PID=28502) to work on /usr/local/python/3.12.1/lib/python3.12/site-packages/airflow/example_dags/tutorial_taskflow_api.py
[2025-11-17T15:43:00.711+0000] {processor.py:830} INFO - Processing file /usr/local/python/3.12.1/lib/python3.12/site-packages/airflow/example_dags/tutorial_taskflow_api.py for tasks to queue
[2025-11-17T15:43:00.713+0000] {logging_mixin.py:188} INFO - [2025-11-17T15:43:00.712+0000] {dagbag.py:545} INFO - Filling up the DagBag from /usr/local/python/3.12.1/lib/python3.12/site-packages/airflow/example_dags/tutorial_taskflow_api.py
[2025-11-17T15:43:00.718+0000] {processor.py:840} INFO - DAG(s) 'tutorial_taskflow_api' retrieved from /usr/local/python/3.12.1/lib/python3.12/site-packages/airflow/example_dags/tutorial_taskflow_api.py
[2025-11-17T15:43:00.729+0000] {logging_mixin.py:188} INFO - [2025-11-17T15:43:00.729+0000] {dag.py:3096} INFO - Sync 1 DAGs
[2025-11-17T15:43:00.738+0000] {logging_mixin.py:188} INFO - [2025-11-17T15:43:00.738+0000] {dag.py:3954} INFO - Setting next_dagrun for tutorial_taskflow_api to None, run_after=None
[2025-11-17T15:43:00.754+0000] {processor.py:183} INFO - Processing /usr/local/python/3.12.1/lib/python3.12/site-packages/airflow/example_dags/tutorial_taskflow_api.py took 0.053 seconds
[2025-11-17T15:43:45.917+0000] {processor.py:161} INFO - Started process (PID=29362) to work on /usr/local/python/3.12.1/lib/python3.12/site-packages/airflow/example_dags/tutorial_taskflow_api.py
[2025-11-17T15:43:45.918+0000] {processor.py:830} INFO - Processing file /usr/local/python/3.12.1/lib/python3.12/site-packages/airflow/example_dags/tutorial_taskflow_api.py for tasks to queue
[2025-11-17T15:43:45.919+0000] {logging_mixin.py:188} INFO - [2025-11-17T15:43:45.919+0000] {dagbag.py:545} INFO - Filling up the DagBag from /usr/local/python/3.12.1/lib/python3.12/site-packages/airflow/example_dags/tutorial_taskflow_api.py
[2025-11-17T15:43:45.923+0000] {processor.py:840} INFO - DAG(s) 'tutorial_taskflow_api' retrieved from /usr/local/python/3.12.1/lib/python3.12/site-packages/airflow/example_dags/tutorial_taskflow_api.py
[2025-11-17T15:43:45.934+0000] {logging_mixin.py:188} INFO - [2025-11-17T15:43:45.934+0000] {dag.py:3096} INFO - Sync 1 DAGs
[2025-11-17T15:43:45.942+0000] {logging_mixin.py:188} INFO - [2025-11-17T15:43:45.942+0000] {dag.py:3954} INFO - Setting next_dagrun for tutorial_taskflow_api to None, run_after=None
[2025-11-17T15:43:45.959+0000] {processor.py:183} INFO - Processing /usr/local/python/3.12.1/lib/python3.12/site-packages/airflow/example_dags/tutorial_taskflow_api.py took 0.045 seconds
[2025-11-17T15:44:23.366+0000] {processor.py:161} INFO - Started process (PID=29705) to work on /usr/local/python/3.12.1/lib/python3.12/site-packages/airflow/example_dags/tutorial_taskflow_api.py
[2025-11-17T15:44:23.367+0000] {processor.py:830} INFO - Processing file /usr/local/python/3.12.1/lib/python3.12/site-packages/airflow/example_dags/tutorial_taskflow_api.py for tasks to queue
[2025-11-17T15:44:23.368+0000] {logging_mixin.py:188} INFO - [2025-11-17T15:44:23.367+0000] {dagbag.py:545} INFO - Filling up the DagBag from /usr/local/python/3.12.1/lib/python3.12/site-packages/airflow/example_dags/tutorial_taskflow_api.py
[2025-11-17T15:44:23.372+0000] {processor.py:840} INFO - DAG(s) 'tutorial_taskflow_api' retrieved from /usr/local/python/3.12.1/lib/python3.12/site-packages/airflow/example_dags/tutorial_taskflow_api.py
[2025-11-17T15:44:23.383+0000] {logging_mixin.py:188} INFO - [2025-11-17T15:44:23.383+0000] {dag.py:3096} INFO - Sync 1 DAGs
[2025-11-17T15:44:23.391+0000] {logging_mixin.py:188} INFO - [2025-11-17T15:44:23.391+0000] {dag.py:3954} INFO - Setting next_dagrun for tutorial_taskflow_api to None, run_after=None
[2025-11-17T15:44:23.407+0000] {processor.py:183} INFO - Processing /usr/local/python/3.12.1/lib/python3.12/site-packages/airflow/example_dags/tutorial_taskflow_api.py took 0.045 seconds
[2025-11-17T15:45:02.300+0000] {processor.py:161} INFO - Started process (PID=30543) to work on /usr/local/python/3.12.1/lib/python3.12/site-packages/airflow/example_dags/tutorial_taskflow_api.py
[2025-11-17T15:45:02.300+0000] {processor.py:830} INFO - Processing file /usr/local/python/3.12.1/lib/python3.12/site-packages/airflow/example_dags/tutorial_taskflow_api.py for tasks to queue
[2025-11-17T15:45:02.301+0000] {logging_mixin.py:188} INFO - [2025-11-17T15:45:02.301+0000] {dagbag.py:545} INFO - Filling up the DagBag from /usr/local/python/3.12.1/lib/python3.12/site-packages/airflow/example_dags/tutorial_taskflow_api.py
[2025-11-17T15:45:02.306+0000] {processor.py:840} INFO - DAG(s) 'tutorial_taskflow_api' retrieved from /usr/local/python/3.12.1/lib/python3.12/site-packages/airflow/example_dags/tutorial_taskflow_api.py
[2025-11-17T15:45:02.317+0000] {logging_mixin.py:188} INFO - [2025-11-17T15:45:02.316+0000] {dag.py:3096} INFO - Sync 1 DAGs
[2025-11-17T15:45:02.325+0000] {logging_mixin.py:188} INFO - [2025-11-17T15:45:02.325+0000] {dag.py:3954} INFO - Setting next_dagrun for tutorial_taskflow_api to None, run_after=None
[2025-11-17T15:45:02.341+0000] {processor.py:183} INFO - Processing /usr/local/python/3.12.1/lib/python3.12/site-packages/airflow/example_dags/tutorial_taskflow_api.py took 0.045 seconds
[2025-11-17T16:00:43.228+0000] {processor.py:161} INFO - Started process (PID=40616) to work on /usr/local/python/3.12.1/lib/python3.12/site-packages/airflow/example_dags/tutorial_taskflow_api.py
[2025-11-17T16:00:43.229+0000] {processor.py:830} INFO - Processing file /usr/local/python/3.12.1/lib/python3.12/site-packages/airflow/example_dags/tutorial_taskflow_api.py for tasks to queue
[2025-11-17T16:00:43.230+0000] {logging_mixin.py:188} INFO - [2025-11-17T16:00:43.230+0000] {dagbag.py:545} INFO - Filling up the DagBag from /usr/local/python/3.12.1/lib/python3.12/site-packages/airflow/example_dags/tutorial_taskflow_api.py
[2025-11-17T16:00:43.238+0000] {processor.py:840} INFO - DAG(s) 'tutorial_taskflow_api' retrieved from /usr/local/python/3.12.1/lib/python3.12/site-packages/airflow/example_dags/tutorial_taskflow_api.py
[2025-11-17T16:00:43.256+0000] {logging_mixin.py:188} INFO - [2025-11-17T16:00:43.256+0000] {dag.py:3096} INFO - Sync 1 DAGs
[2025-11-17T16:00:43.264+0000] {logging_mixin.py:188} INFO - [2025-11-17T16:00:43.264+0000] {dag.py:3954} INFO - Setting next_dagrun for tutorial_taskflow_api to None, run_after=None
[2025-11-17T16:00:43.281+0000] {processor.py:183} INFO - Processing /usr/local/python/3.12.1/lib/python3.12/site-packages/airflow/example_dags/tutorial_taskflow_api.py took 0.057 seconds
[2025-11-17T16:01:33.439+0000] {processor.py:161} INFO - Started process (PID=41350) to work on /usr/local/python/3.12.1/lib/python3.12/site-packages/airflow/example_dags/tutorial_taskflow_api.py
[2025-11-17T16:01:33.440+0000] {processor.py:830} INFO - Processing file /usr/local/python/3.12.1/lib/python3.12/site-packages/airflow/example_dags/tutorial_taskflow_api.py for tasks to queue
[2025-11-17T16:01:33.441+0000] {logging_mixin.py:188} INFO - [2025-11-17T16:01:33.441+0000] {dagbag.py:545} INFO - Filling up the DagBag from /usr/local/python/3.12.1/lib/python3.12/site-packages/airflow/example_dags/tutorial_taskflow_api.py
[2025-11-17T16:01:33.447+0000] {processor.py:840} INFO - DAG(s) 'tutorial_taskflow_api' retrieved from /usr/local/python/3.12.1/lib/python3.12/site-packages/airflow/example_dags/tutorial_taskflow_api.py
[2025-11-17T16:01:33.469+0000] {logging_mixin.py:188} INFO - [2025-11-17T16:01:33.468+0000] {dag.py:3096} INFO - Sync 1 DAGs
[2025-11-17T16:01:33.496+0000] {logging_mixin.py:188} INFO - [2025-11-17T16:01:33.496+0000] {dag.py:3954} INFO - Setting next_dagrun for tutorial_taskflow_api to None, run_after=None
[2025-11-17T16:01:33.557+0000] {processor.py:183} INFO - Processing /usr/local/python/3.12.1/lib/python3.12/site-packages/airflow/example_dags/tutorial_taskflow_api.py took 0.121 seconds
[2025-11-17T16:02:14.435+0000] {processor.py:161} INFO - Started process (PID=41830) to work on /usr/local/python/3.12.1/lib/python3.12/site-packages/airflow/example_dags/tutorial_taskflow_api.py
[2025-11-17T16:02:14.436+0000] {processor.py:830} INFO - Processing file /usr/local/python/3.12.1/lib/python3.12/site-packages/airflow/example_dags/tutorial_taskflow_api.py for tasks to queue
[2025-11-17T16:02:14.437+0000] {logging_mixin.py:188} INFO - [2025-11-17T16:02:14.437+0000] {dagbag.py:545} INFO - Filling up the DagBag from /usr/local/python/3.12.1/lib/python3.12/site-packages/airflow/example_dags/tutorial_taskflow_api.py
[2025-11-17T16:02:14.442+0000] {processor.py:840} INFO - DAG(s) 'tutorial_taskflow_api' retrieved from /usr/local/python/3.12.1/lib/python3.12/site-packages/airflow/example_dags/tutorial_taskflow_api.py
[2025-11-17T16:02:14.452+0000] {logging_mixin.py:188} INFO - [2025-11-17T16:02:14.452+0000] {dag.py:3096} INFO - Sync 1 DAGs
[2025-11-17T16:02:14.461+0000] {logging_mixin.py:188} INFO - [2025-11-17T16:02:14.460+0000] {dag.py:3954} INFO - Setting next_dagrun for tutorial_taskflow_api to None, run_after=None
[2025-11-17T16:02:14.477+0000] {processor.py:183} INFO - Processing /usr/local/python/3.12.1/lib/python3.12/site-packages/airflow/example_dags/tutorial_taskflow_api.py took 0.046 seconds
[2025-11-17T16:02:57.139+0000] {processor.py:161} INFO - Started process (PID=42484) to work on /usr/local/python/3.12.1/lib/python3.12/site-packages/airflow/example_dags/tutorial_taskflow_api.py
[2025-11-17T16:02:57.140+0000] {processor.py:830} INFO - Processing file /usr/local/python/3.12.1/lib/python3.12/site-packages/airflow/example_dags/tutorial_taskflow_api.py for tasks to queue
[2025-11-17T16:02:57.141+0000] {logging_mixin.py:188} INFO - [2025-11-17T16:02:57.141+0000] {dagbag.py:545} INFO - Filling up the DagBag from /usr/local/python/3.12.1/lib/python3.12/site-packages/airflow/example_dags/tutorial_taskflow_api.py
[2025-11-17T16:02:57.145+0000] {processor.py:840} INFO - DAG(s) 'tutorial_taskflow_api' retrieved from /usr/local/python/3.12.1/lib/python3.12/site-packages/airflow/example_dags/tutorial_taskflow_api.py
[2025-11-17T16:02:57.156+0000] {logging_mixin.py:188} INFO - [2025-11-17T16:02:57.156+0000] {dag.py:3096} INFO - Sync 1 DAGs
[2025-11-17T16:02:57.164+0000] {logging_mixin.py:188} INFO - [2025-11-17T16:02:57.164+0000] {dag.py:3954} INFO - Setting next_dagrun for tutorial_taskflow_api to None, run_after=None
[2025-11-17T16:02:57.181+0000] {processor.py:183} INFO - Processing /usr/local/python/3.12.1/lib/python3.12/site-packages/airflow/example_dags/tutorial_taskflow_api.py took 0.046 seconds
[2025-11-17T16:03:39.512+0000] {processor.py:161} INFO - Started process (PID=42881) to work on /usr/local/python/3.12.1/lib/python3.12/site-packages/airflow/example_dags/tutorial_taskflow_api.py
[2025-11-17T16:03:39.513+0000] {processor.py:830} INFO - Processing file /usr/local/python/3.12.1/lib/python3.12/site-packages/airflow/example_dags/tutorial_taskflow_api.py for tasks to queue
[2025-11-17T16:03:39.514+0000] {logging_mixin.py:188} INFO - [2025-11-17T16:03:39.514+0000] {dagbag.py:545} INFO - Filling up the DagBag from /usr/local/python/3.12.1/lib/python3.12/site-packages/airflow/example_dags/tutorial_taskflow_api.py
[2025-11-17T16:03:39.519+0000] {processor.py:840} INFO - DAG(s) 'tutorial_taskflow_api' retrieved from /usr/local/python/3.12.1/lib/python3.12/site-packages/airflow/example_dags/tutorial_taskflow_api.py
[2025-11-17T16:03:39.533+0000] {logging_mixin.py:188} INFO - [2025-11-17T16:03:39.533+0000] {dag.py:3096} INFO - Sync 1 DAGs
[2025-11-17T16:03:39.545+0000] {logging_mixin.py:188} INFO - [2025-11-17T16:03:39.545+0000] {dag.py:3954} INFO - Setting next_dagrun for tutorial_taskflow_api to None, run_after=None
[2025-11-17T16:03:39.571+0000] {processor.py:183} INFO - Processing /usr/local/python/3.12.1/lib/python3.12/site-packages/airflow/example_dags/tutorial_taskflow_api.py took 0.062 seconds
[2025-11-17T16:04:20.061+0000] {processor.py:161} INFO - Started process (PID=43479) to work on /usr/local/python/3.12.1/lib/python3.12/site-packages/airflow/example_dags/tutorial_taskflow_api.py
[2025-11-17T16:04:20.061+0000] {processor.py:830} INFO - Processing file /usr/local/python/3.12.1/lib/python3.12/site-packages/airflow/example_dags/tutorial_taskflow_api.py for tasks to queue
[2025-11-17T16:04:20.063+0000] {logging_mixin.py:188} INFO - [2025-11-17T16:04:20.062+0000] {dagbag.py:545} INFO - Filling up the DagBag from /usr/local/python/3.12.1/lib/python3.12/site-packages/airflow/example_dags/tutorial_taskflow_api.py
[2025-11-17T16:04:20.067+0000] {processor.py:840} INFO - DAG(s) 'tutorial_taskflow_api' retrieved from /usr/local/python/3.12.1/lib/python3.12/site-packages/airflow/example_dags/tutorial_taskflow_api.py
[2025-11-17T16:04:20.078+0000] {logging_mixin.py:188} INFO - [2025-11-17T16:04:20.078+0000] {dag.py:3096} INFO - Sync 1 DAGs
[2025-11-17T16:04:20.087+0000] {logging_mixin.py:188} INFO - [2025-11-17T16:04:20.087+0000] {dag.py:3954} INFO - Setting next_dagrun for tutorial_taskflow_api to None, run_after=None
[2025-11-17T16:04:20.103+0000] {processor.py:183} INFO - Processing /usr/local/python/3.12.1/lib/python3.12/site-packages/airflow/example_dags/tutorial_taskflow_api.py took 0.046 seconds
[2025-11-17T16:05:02.322+0000] {processor.py:161} INFO - Started process (PID=44054) to work on /usr/local/python/3.12.1/lib/python3.12/site-packages/airflow/example_dags/tutorial_taskflow_api.py
[2025-11-17T16:05:02.323+0000] {processor.py:830} INFO - Processing file /usr/local/python/3.12.1/lib/python3.12/site-packages/airflow/example_dags/tutorial_taskflow_api.py for tasks to queue
[2025-11-17T16:05:02.325+0000] {logging_mixin.py:188} INFO - [2025-11-17T16:05:02.324+0000] {dagbag.py:545} INFO - Filling up the DagBag from /usr/local/python/3.12.1/lib/python3.12/site-packages/airflow/example_dags/tutorial_taskflow_api.py
[2025-11-17T16:05:02.331+0000] {processor.py:840} INFO - DAG(s) 'tutorial_taskflow_api' retrieved from /usr/local/python/3.12.1/lib/python3.12/site-packages/airflow/example_dags/tutorial_taskflow_api.py
[2025-11-17T16:05:02.348+0000] {logging_mixin.py:188} INFO - [2025-11-17T16:05:02.347+0000] {dag.py:3096} INFO - Sync 1 DAGs
[2025-11-17T16:05:02.357+0000] {logging_mixin.py:188} INFO - [2025-11-17T16:05:02.357+0000] {dag.py:3954} INFO - Setting next_dagrun for tutorial_taskflow_api to None, run_after=None
[2025-11-17T16:05:02.373+0000] {processor.py:183} INFO - Processing /usr/local/python/3.12.1/lib/python3.12/site-packages/airflow/example_dags/tutorial_taskflow_api.py took 0.057 seconds
[2025-11-17T16:05:59.012+0000] {processor.py:161} INFO - Started process (PID=44745) to work on /usr/local/python/3.12.1/lib/python3.12/site-packages/airflow/example_dags/tutorial_taskflow_api.py
[2025-11-17T16:05:59.013+0000] {processor.py:830} INFO - Processing file /usr/local/python/3.12.1/lib/python3.12/site-packages/airflow/example_dags/tutorial_taskflow_api.py for tasks to queue
[2025-11-17T16:05:59.014+0000] {logging_mixin.py:188} INFO - [2025-11-17T16:05:59.013+0000] {dagbag.py:545} INFO - Filling up the DagBag from /usr/local/python/3.12.1/lib/python3.12/site-packages/airflow/example_dags/tutorial_taskflow_api.py
[2025-11-17T16:05:59.020+0000] {processor.py:840} INFO - DAG(s) 'tutorial_taskflow_api' retrieved from /usr/local/python/3.12.1/lib/python3.12/site-packages/airflow/example_dags/tutorial_taskflow_api.py
[2025-11-17T16:05:59.036+0000] {logging_mixin.py:188} INFO - [2025-11-17T16:05:59.036+0000] {dag.py:3096} INFO - Sync 1 DAGs
[2025-11-17T16:05:59.044+0000] {logging_mixin.py:188} INFO - [2025-11-17T16:05:59.044+0000] {dag.py:3954} INFO - Setting next_dagrun for tutorial_taskflow_api to None, run_after=None
[2025-11-17T16:05:59.060+0000] {processor.py:183} INFO - Processing /usr/local/python/3.12.1/lib/python3.12/site-packages/airflow/example_dags/tutorial_taskflow_api.py took 0.052 seconds
[2025-11-17T16:06:51.519+0000] {processor.py:161} INFO - Started process (PID=46208) to work on /usr/local/python/3.12.1/lib/python3.12/site-packages/airflow/example_dags/tutorial_taskflow_api.py
[2025-11-17T16:06:51.520+0000] {processor.py:830} INFO - Processing file /usr/local/python/3.12.1/lib/python3.12/site-packages/airflow/example_dags/tutorial_taskflow_api.py for tasks to queue
[2025-11-17T16:06:51.521+0000] {logging_mixin.py:188} INFO - [2025-11-17T16:06:51.521+0000] {dagbag.py:545} INFO - Filling up the DagBag from /usr/local/python/3.12.1/lib/python3.12/site-packages/airflow/example_dags/tutorial_taskflow_api.py
[2025-11-17T16:06:51.526+0000] {processor.py:840} INFO - DAG(s) 'tutorial_taskflow_api' retrieved from /usr/local/python/3.12.1/lib/python3.12/site-packages/airflow/example_dags/tutorial_taskflow_api.py
[2025-11-17T16:06:51.537+0000] {logging_mixin.py:188} INFO - [2025-11-17T16:06:51.537+0000] {dag.py:3096} INFO - Sync 1 DAGs
[2025-11-17T16:06:51.545+0000] {logging_mixin.py:188} INFO - [2025-11-17T16:06:51.545+0000] {dag.py:3954} INFO - Setting next_dagrun for tutorial_taskflow_api to None, run_after=None
[2025-11-17T16:06:51.561+0000] {processor.py:183} INFO - Processing /usr/local/python/3.12.1/lib/python3.12/site-packages/airflow/example_dags/tutorial_taskflow_api.py took 0.046 seconds
[2025-11-17T16:07:34.090+0000] {processor.py:161} INFO - Started process (PID=46788) to work on /usr/local/python/3.12.1/lib/python3.12/site-packages/airflow/example_dags/tutorial_taskflow_api.py
[2025-11-17T16:07:34.091+0000] {processor.py:830} INFO - Processing file /usr/local/python/3.12.1/lib/python3.12/site-packages/airflow/example_dags/tutorial_taskflow_api.py for tasks to queue
[2025-11-17T16:07:34.093+0000] {logging_mixin.py:188} INFO - [2025-11-17T16:07:34.092+0000] {dagbag.py:545} INFO - Filling up the DagBag from /usr/local/python/3.12.1/lib/python3.12/site-packages/airflow/example_dags/tutorial_taskflow_api.py
[2025-11-17T16:07:34.097+0000] {processor.py:840} INFO - DAG(s) 'tutorial_taskflow_api' retrieved from /usr/local/python/3.12.1/lib/python3.12/site-packages/airflow/example_dags/tutorial_taskflow_api.py
[2025-11-17T16:07:34.108+0000] {logging_mixin.py:188} INFO - [2025-11-17T16:07:34.108+0000] {dag.py:3096} INFO - Sync 1 DAGs
[2025-11-17T16:07:34.116+0000] {logging_mixin.py:188} INFO - [2025-11-17T16:07:34.116+0000] {dag.py:3954} INFO - Setting next_dagrun for tutorial_taskflow_api to None, run_after=None
[2025-11-17T16:07:34.133+0000] {processor.py:183} INFO - Processing /usr/local/python/3.12.1/lib/python3.12/site-packages/airflow/example_dags/tutorial_taskflow_api.py took 0.046 seconds
[2025-11-17T16:08:11.325+0000] {processor.py:161} INFO - Started process (PID=47321) to work on /usr/local/python/3.12.1/lib/python3.12/site-packages/airflow/example_dags/tutorial_taskflow_api.py
[2025-11-17T16:08:11.326+0000] {processor.py:830} INFO - Processing file /usr/local/python/3.12.1/lib/python3.12/site-packages/airflow/example_dags/tutorial_taskflow_api.py for tasks to queue
[2025-11-17T16:08:11.327+0000] {logging_mixin.py:188} INFO - [2025-11-17T16:08:11.327+0000] {dagbag.py:545} INFO - Filling up the DagBag from /usr/local/python/3.12.1/lib/python3.12/site-packages/airflow/example_dags/tutorial_taskflow_api.py
[2025-11-17T16:08:11.332+0000] {processor.py:840} INFO - DAG(s) 'tutorial_taskflow_api' retrieved from /usr/local/python/3.12.1/lib/python3.12/site-packages/airflow/example_dags/tutorial_taskflow_api.py
[2025-11-17T16:08:11.343+0000] {logging_mixin.py:188} INFO - [2025-11-17T16:08:11.343+0000] {dag.py:3096} INFO - Sync 1 DAGs
[2025-11-17T16:08:11.353+0000] {logging_mixin.py:188} INFO - [2025-11-17T16:08:11.353+0000] {dag.py:3954} INFO - Setting next_dagrun for tutorial_taskflow_api to None, run_after=None
[2025-11-17T16:08:11.369+0000] {processor.py:183} INFO - Processing /usr/local/python/3.12.1/lib/python3.12/site-packages/airflow/example_dags/tutorial_taskflow_api.py took 0.048 seconds
[2025-11-17T16:08:51.656+0000] {processor.py:161} INFO - Started process (PID=47887) to work on /usr/local/python/3.12.1/lib/python3.12/site-packages/airflow/example_dags/tutorial_taskflow_api.py
[2025-11-17T16:08:51.657+0000] {processor.py:830} INFO - Processing file /usr/local/python/3.12.1/lib/python3.12/site-packages/airflow/example_dags/tutorial_taskflow_api.py for tasks to queue
[2025-11-17T16:08:51.658+0000] {logging_mixin.py:188} INFO - [2025-11-17T16:08:51.658+0000] {dagbag.py:545} INFO - Filling up the DagBag from /usr/local/python/3.12.1/lib/python3.12/site-packages/airflow/example_dags/tutorial_taskflow_api.py
[2025-11-17T16:08:51.662+0000] {processor.py:840} INFO - DAG(s) 'tutorial_taskflow_api' retrieved from /usr/local/python/3.12.1/lib/python3.12/site-packages/airflow/example_dags/tutorial_taskflow_api.py
[2025-11-17T16:08:51.673+0000] {logging_mixin.py:188} INFO - [2025-11-17T16:08:51.673+0000] {dag.py:3096} INFO - Sync 1 DAGs
[2025-11-17T16:08:51.681+0000] {logging_mixin.py:188} INFO - [2025-11-17T16:08:51.681+0000] {dag.py:3954} INFO - Setting next_dagrun for tutorial_taskflow_api to None, run_after=None
[2025-11-17T16:08:51.697+0000] {processor.py:183} INFO - Processing /usr/local/python/3.12.1/lib/python3.12/site-packages/airflow/example_dags/tutorial_taskflow_api.py took 0.044 seconds
[2025-11-17T16:09:32.245+0000] {processor.py:161} INFO - Started process (PID=48478) to work on /usr/local/python/3.12.1/lib/python3.12/site-packages/airflow/example_dags/tutorial_taskflow_api.py
[2025-11-17T16:09:32.246+0000] {processor.py:830} INFO - Processing file /usr/local/python/3.12.1/lib/python3.12/site-packages/airflow/example_dags/tutorial_taskflow_api.py for tasks to queue
[2025-11-17T16:09:32.247+0000] {logging_mixin.py:188} INFO - [2025-11-17T16:09:32.247+0000] {dagbag.py:545} INFO - Filling up the DagBag from /usr/local/python/3.12.1/lib/python3.12/site-packages/airflow/example_dags/tutorial_taskflow_api.py
[2025-11-17T16:09:32.252+0000] {processor.py:840} INFO - DAG(s) 'tutorial_taskflow_api' retrieved from /usr/local/python/3.12.1/lib/python3.12/site-packages/airflow/example_dags/tutorial_taskflow_api.py
[2025-11-17T16:09:32.263+0000] {logging_mixin.py:188} INFO - [2025-11-17T16:09:32.263+0000] {dag.py:3096} INFO - Sync 1 DAGs
[2025-11-17T16:09:32.271+0000] {logging_mixin.py:188} INFO - [2025-11-17T16:09:32.271+0000] {dag.py:3954} INFO - Setting next_dagrun for tutorial_taskflow_api to None, run_after=None
[2025-11-17T16:09:32.289+0000] {processor.py:183} INFO - Processing /usr/local/python/3.12.1/lib/python3.12/site-packages/airflow/example_dags/tutorial_taskflow_api.py took 0.048 seconds
[2025-11-17T16:10:12.215+0000] {processor.py:161} INFO - Started process (PID=49166) to work on /usr/local/python/3.12.1/lib/python3.12/site-packages/airflow/example_dags/tutorial_taskflow_api.py
[2025-11-17T16:10:12.216+0000] {processor.py:830} INFO - Processing file /usr/local/python/3.12.1/lib/python3.12/site-packages/airflow/example_dags/tutorial_taskflow_api.py for tasks to queue
[2025-11-17T16:10:12.218+0000] {logging_mixin.py:188} INFO - [2025-11-17T16:10:12.217+0000] {dagbag.py:545} INFO - Filling up the DagBag from /usr/local/python/3.12.1/lib/python3.12/site-packages/airflow/example_dags/tutorial_taskflow_api.py
[2025-11-17T16:10:12.222+0000] {processor.py:840} INFO - DAG(s) 'tutorial_taskflow_api' retrieved from /usr/local/python/3.12.1/lib/python3.12/site-packages/airflow/example_dags/tutorial_taskflow_api.py
[2025-11-17T16:10:12.233+0000] {logging_mixin.py:188} INFO - [2025-11-17T16:10:12.233+0000] {dag.py:3096} INFO - Sync 1 DAGs
[2025-11-17T16:10:12.242+0000] {logging_mixin.py:188} INFO - [2025-11-17T16:10:12.242+0000] {dag.py:3954} INFO - Setting next_dagrun for tutorial_taskflow_api to None, run_after=None
[2025-11-17T16:10:12.258+0000] {processor.py:183} INFO - Processing /usr/local/python/3.12.1/lib/python3.12/site-packages/airflow/example_dags/tutorial_taskflow_api.py took 0.047 seconds
[2025-11-17T16:10:50.939+0000] {processor.py:161} INFO - Started process (PID=49623) to work on /usr/local/python/3.12.1/lib/python3.12/site-packages/airflow/example_dags/tutorial_taskflow_api.py
[2025-11-17T16:10:50.939+0000] {processor.py:830} INFO - Processing file /usr/local/python/3.12.1/lib/python3.12/site-packages/airflow/example_dags/tutorial_taskflow_api.py for tasks to queue
[2025-11-17T16:10:50.941+0000] {logging_mixin.py:188} INFO - [2025-11-17T16:10:50.940+0000] {dagbag.py:545} INFO - Filling up the DagBag from /usr/local/python/3.12.1/lib/python3.12/site-packages/airflow/example_dags/tutorial_taskflow_api.py
[2025-11-17T16:10:50.945+0000] {processor.py:840} INFO - DAG(s) 'tutorial_taskflow_api' retrieved from /usr/local/python/3.12.1/lib/python3.12/site-packages/airflow/example_dags/tutorial_taskflow_api.py
[2025-11-17T16:10:50.956+0000] {logging_mixin.py:188} INFO - [2025-11-17T16:10:50.956+0000] {dag.py:3096} INFO - Sync 1 DAGs
[2025-11-17T16:10:50.965+0000] {logging_mixin.py:188} INFO - [2025-11-17T16:10:50.965+0000] {dag.py:3954} INFO - Setting next_dagrun for tutorial_taskflow_api to None, run_after=None
[2025-11-17T16:10:50.981+0000] {processor.py:183} INFO - Processing /usr/local/python/3.12.1/lib/python3.12/site-packages/airflow/example_dags/tutorial_taskflow_api.py took 0.046 seconds
[2025-11-17T16:11:31.621+0000] {processor.py:161} INFO - Started process (PID=50320) to work on /usr/local/python/3.12.1/lib/python3.12/site-packages/airflow/example_dags/tutorial_taskflow_api.py
[2025-11-17T16:11:31.622+0000] {processor.py:830} INFO - Processing file /usr/local/python/3.12.1/lib/python3.12/site-packages/airflow/example_dags/tutorial_taskflow_api.py for tasks to queue
[2025-11-17T16:11:31.624+0000] {logging_mixin.py:188} INFO - [2025-11-17T16:11:31.623+0000] {dagbag.py:545} INFO - Filling up the DagBag from /usr/local/python/3.12.1/lib/python3.12/site-packages/airflow/example_dags/tutorial_taskflow_api.py
[2025-11-17T16:11:31.631+0000] {processor.py:840} INFO - DAG(s) 'tutorial_taskflow_api' retrieved from /usr/local/python/3.12.1/lib/python3.12/site-packages/airflow/example_dags/tutorial_taskflow_api.py
[2025-11-17T16:11:31.733+0000] {logging_mixin.py:188} INFO - [2025-11-17T16:11:31.733+0000] {dag.py:3096} INFO - Sync 1 DAGs
[2025-11-17T16:11:31.740+0000] {logging_mixin.py:188} INFO - [2025-11-17T16:11:31.740+0000] {dag.py:3954} INFO - Setting next_dagrun for tutorial_taskflow_api to None, run_after=None
[2025-11-17T16:11:31.755+0000] {processor.py:183} INFO - Processing /usr/local/python/3.12.1/lib/python3.12/site-packages/airflow/example_dags/tutorial_taskflow_api.py took 0.140 seconds
[2025-11-17T16:12:17.243+0000] {processor.py:161} INFO - Started process (PID=50689) to work on /usr/local/python/3.12.1/lib/python3.12/site-packages/airflow/example_dags/tutorial_taskflow_api.py
[2025-11-17T16:12:17.244+0000] {processor.py:830} INFO - Processing file /usr/local/python/3.12.1/lib/python3.12/site-packages/airflow/example_dags/tutorial_taskflow_api.py for tasks to queue
[2025-11-17T16:12:17.245+0000] {logging_mixin.py:188} INFO - [2025-11-17T16:12:17.245+0000] {dagbag.py:545} INFO - Filling up the DagBag from /usr/local/python/3.12.1/lib/python3.12/site-packages/airflow/example_dags/tutorial_taskflow_api.py
[2025-11-17T16:12:17.249+0000] {processor.py:840} INFO - DAG(s) 'tutorial_taskflow_api' retrieved from /usr/local/python/3.12.1/lib/python3.12/site-packages/airflow/example_dags/tutorial_taskflow_api.py
[2025-11-17T16:12:17.260+0000] {logging_mixin.py:188} INFO - [2025-11-17T16:12:17.260+0000] {dag.py:3096} INFO - Sync 1 DAGs
[2025-11-17T16:12:17.268+0000] {logging_mixin.py:188} INFO - [2025-11-17T16:12:17.268+0000] {dag.py:3954} INFO - Setting next_dagrun for tutorial_taskflow_api to None, run_after=None
[2025-11-17T16:12:17.285+0000] {processor.py:183} INFO - Processing /usr/local/python/3.12.1/lib/python3.12/site-packages/airflow/example_dags/tutorial_taskflow_api.py took 0.046 seconds
[2025-11-17T16:13:00.262+0000] {processor.py:161} INFO - Started process (PID=51022) to work on /usr/local/python/3.12.1/lib/python3.12/site-packages/airflow/example_dags/tutorial_taskflow_api.py
[2025-11-17T16:13:00.263+0000] {processor.py:830} INFO - Processing file /usr/local/python/3.12.1/lib/python3.12/site-packages/airflow/example_dags/tutorial_taskflow_api.py for tasks to queue
[2025-11-17T16:13:00.264+0000] {logging_mixin.py:188} INFO - [2025-11-17T16:13:00.264+0000] {dagbag.py:545} INFO - Filling up the DagBag from /usr/local/python/3.12.1/lib/python3.12/site-packages/airflow/example_dags/tutorial_taskflow_api.py
[2025-11-17T16:13:00.269+0000] {processor.py:840} INFO - DAG(s) 'tutorial_taskflow_api' retrieved from /usr/local/python/3.12.1/lib/python3.12/site-packages/airflow/example_dags/tutorial_taskflow_api.py
[2025-11-17T16:13:00.280+0000] {logging_mixin.py:188} INFO - [2025-11-17T16:13:00.280+0000] {dag.py:3096} INFO - Sync 1 DAGs
[2025-11-17T16:13:00.289+0000] {logging_mixin.py:188} INFO - [2025-11-17T16:13:00.289+0000] {dag.py:3954} INFO - Setting next_dagrun for tutorial_taskflow_api to None, run_after=None
[2025-11-17T16:13:00.313+0000] {processor.py:183} INFO - Processing /usr/local/python/3.12.1/lib/python3.12/site-packages/airflow/example_dags/tutorial_taskflow_api.py took 0.055 seconds
[2025-11-17T16:13:44.543+0000] {processor.py:161} INFO - Started process (PID=51364) to work on /usr/local/python/3.12.1/lib/python3.12/site-packages/airflow/example_dags/tutorial_taskflow_api.py
[2025-11-17T16:13:44.543+0000] {processor.py:830} INFO - Processing file /usr/local/python/3.12.1/lib/python3.12/site-packages/airflow/example_dags/tutorial_taskflow_api.py for tasks to queue
[2025-11-17T16:13:44.545+0000] {logging_mixin.py:188} INFO - [2025-11-17T16:13:44.544+0000] {dagbag.py:545} INFO - Filling up the DagBag from /usr/local/python/3.12.1/lib/python3.12/site-packages/airflow/example_dags/tutorial_taskflow_api.py
[2025-11-17T16:13:44.549+0000] {processor.py:840} INFO - DAG(s) 'tutorial_taskflow_api' retrieved from /usr/local/python/3.12.1/lib/python3.12/site-packages/airflow/example_dags/tutorial_taskflow_api.py
[2025-11-17T16:13:44.560+0000] {logging_mixin.py:188} INFO - [2025-11-17T16:13:44.560+0000] {dag.py:3096} INFO - Sync 1 DAGs
[2025-11-17T16:13:44.569+0000] {logging_mixin.py:188} INFO - [2025-11-17T16:13:44.569+0000] {dag.py:3954} INFO - Setting next_dagrun for tutorial_taskflow_api to None, run_after=None
[2025-11-17T16:13:44.586+0000] {processor.py:183} INFO - Processing /usr/local/python/3.12.1/lib/python3.12/site-packages/airflow/example_dags/tutorial_taskflow_api.py took 0.048 seconds
[2025-11-17T16:14:25.241+0000] {processor.py:161} INFO - Started process (PID=51684) to work on /usr/local/python/3.12.1/lib/python3.12/site-packages/airflow/example_dags/tutorial_taskflow_api.py
[2025-11-17T16:14:25.242+0000] {processor.py:830} INFO - Processing file /usr/local/python/3.12.1/lib/python3.12/site-packages/airflow/example_dags/tutorial_taskflow_api.py for tasks to queue
[2025-11-17T16:14:25.243+0000] {logging_mixin.py:188} INFO - [2025-11-17T16:14:25.243+0000] {dagbag.py:545} INFO - Filling up the DagBag from /usr/local/python/3.12.1/lib/python3.12/site-packages/airflow/example_dags/tutorial_taskflow_api.py
[2025-11-17T16:14:25.248+0000] {processor.py:840} INFO - DAG(s) 'tutorial_taskflow_api' retrieved from /usr/local/python/3.12.1/lib/python3.12/site-packages/airflow/example_dags/tutorial_taskflow_api.py
[2025-11-17T16:14:25.260+0000] {logging_mixin.py:188} INFO - [2025-11-17T16:14:25.259+0000] {dag.py:3096} INFO - Sync 1 DAGs
[2025-11-17T16:14:25.268+0000] {logging_mixin.py:188} INFO - [2025-11-17T16:14:25.268+0000] {dag.py:3954} INFO - Setting next_dagrun for tutorial_taskflow_api to None, run_after=None
[2025-11-17T16:14:25.285+0000] {processor.py:183} INFO - Processing /usr/local/python/3.12.1/lib/python3.12/site-packages/airflow/example_dags/tutorial_taskflow_api.py took 0.048 seconds
[2025-11-17T16:15:03.668+0000] {processor.py:161} INFO - Started process (PID=51984) to work on /usr/local/python/3.12.1/lib/python3.12/site-packages/airflow/example_dags/tutorial_taskflow_api.py
[2025-11-17T16:15:03.669+0000] {processor.py:830} INFO - Processing file /usr/local/python/3.12.1/lib/python3.12/site-packages/airflow/example_dags/tutorial_taskflow_api.py for tasks to queue
[2025-11-17T16:15:03.670+0000] {logging_mixin.py:188} INFO - [2025-11-17T16:15:03.670+0000] {dagbag.py:545} INFO - Filling up the DagBag from /usr/local/python/3.12.1/lib/python3.12/site-packages/airflow/example_dags/tutorial_taskflow_api.py
[2025-11-17T16:15:03.675+0000] {processor.py:840} INFO - DAG(s) 'tutorial_taskflow_api' retrieved from /usr/local/python/3.12.1/lib/python3.12/site-packages/airflow/example_dags/tutorial_taskflow_api.py
[2025-11-17T16:15:03.686+0000] {logging_mixin.py:188} INFO - [2025-11-17T16:15:03.686+0000] {dag.py:3096} INFO - Sync 1 DAGs
[2025-11-17T16:15:03.698+0000] {logging_mixin.py:188} INFO - [2025-11-17T16:15:03.698+0000] {dag.py:3954} INFO - Setting next_dagrun for tutorial_taskflow_api to None, run_after=None
[2025-11-17T16:15:03.721+0000] {processor.py:183} INFO - Processing /usr/local/python/3.12.1/lib/python3.12/site-packages/airflow/example_dags/tutorial_taskflow_api.py took 0.057 seconds
[2025-11-17T16:15:44.581+0000] {processor.py:161} INFO - Started process (PID=52308) to work on /usr/local/python/3.12.1/lib/python3.12/site-packages/airflow/example_dags/tutorial_taskflow_api.py
[2025-11-17T16:15:44.582+0000] {processor.py:830} INFO - Processing file /usr/local/python/3.12.1/lib/python3.12/site-packages/airflow/example_dags/tutorial_taskflow_api.py for tasks to queue
[2025-11-17T16:15:44.583+0000] {logging_mixin.py:188} INFO - [2025-11-17T16:15:44.583+0000] {dagbag.py:545} INFO - Filling up the DagBag from /usr/local/python/3.12.1/lib/python3.12/site-packages/airflow/example_dags/tutorial_taskflow_api.py
[2025-11-17T16:15:44.588+0000] {processor.py:840} INFO - DAG(s) 'tutorial_taskflow_api' retrieved from /usr/local/python/3.12.1/lib/python3.12/site-packages/airflow/example_dags/tutorial_taskflow_api.py
[2025-11-17T16:15:44.599+0000] {logging_mixin.py:188} INFO - [2025-11-17T16:15:44.599+0000] {dag.py:3096} INFO - Sync 1 DAGs
[2025-11-17T16:15:44.608+0000] {logging_mixin.py:188} INFO - [2025-11-17T16:15:44.608+0000] {dag.py:3954} INFO - Setting next_dagrun for tutorial_taskflow_api to None, run_after=None
[2025-11-17T16:15:44.625+0000] {processor.py:183} INFO - Processing /usr/local/python/3.12.1/lib/python3.12/site-packages/airflow/example_dags/tutorial_taskflow_api.py took 0.049 seconds
[2025-11-17T16:16:30.506+0000] {processor.py:161} INFO - Started process (PID=52710) to work on /usr/local/python/3.12.1/lib/python3.12/site-packages/airflow/example_dags/tutorial_taskflow_api.py
[2025-11-17T16:16:30.506+0000] {processor.py:830} INFO - Processing file /usr/local/python/3.12.1/lib/python3.12/site-packages/airflow/example_dags/tutorial_taskflow_api.py for tasks to queue
[2025-11-17T16:16:30.508+0000] {logging_mixin.py:188} INFO - [2025-11-17T16:16:30.507+0000] {dagbag.py:545} INFO - Filling up the DagBag from /usr/local/python/3.12.1/lib/python3.12/site-packages/airflow/example_dags/tutorial_taskflow_api.py
[2025-11-17T16:16:30.513+0000] {processor.py:840} INFO - DAG(s) 'tutorial_taskflow_api' retrieved from /usr/local/python/3.12.1/lib/python3.12/site-packages/airflow/example_dags/tutorial_taskflow_api.py
[2025-11-17T16:16:30.524+0000] {logging_mixin.py:188} INFO - [2025-11-17T16:16:30.524+0000] {dag.py:3096} INFO - Sync 1 DAGs
[2025-11-17T16:16:30.532+0000] {logging_mixin.py:188} INFO - [2025-11-17T16:16:30.532+0000] {dag.py:3954} INFO - Setting next_dagrun for tutorial_taskflow_api to None, run_after=None
[2025-11-17T16:16:30.549+0000] {processor.py:183} INFO - Processing /usr/local/python/3.12.1/lib/python3.12/site-packages/airflow/example_dags/tutorial_taskflow_api.py took 0.047 seconds
[2025-11-17T16:17:11.035+0000] {processor.py:161} INFO - Started process (PID=53026) to work on /usr/local/python/3.12.1/lib/python3.12/site-packages/airflow/example_dags/tutorial_taskflow_api.py
[2025-11-17T16:17:11.035+0000] {processor.py:830} INFO - Processing file /usr/local/python/3.12.1/lib/python3.12/site-packages/airflow/example_dags/tutorial_taskflow_api.py for tasks to queue
[2025-11-17T16:17:11.037+0000] {logging_mixin.py:188} INFO - [2025-11-17T16:17:11.036+0000] {dagbag.py:545} INFO - Filling up the DagBag from /usr/local/python/3.12.1/lib/python3.12/site-packages/airflow/example_dags/tutorial_taskflow_api.py
[2025-11-17T16:17:11.042+0000] {processor.py:840} INFO - DAG(s) 'tutorial_taskflow_api' retrieved from /usr/local/python/3.12.1/lib/python3.12/site-packages/airflow/example_dags/tutorial_taskflow_api.py
[2025-11-17T16:17:11.053+0000] {logging_mixin.py:188} INFO - [2025-11-17T16:17:11.053+0000] {dag.py:3096} INFO - Sync 1 DAGs
[2025-11-17T16:17:11.061+0000] {logging_mixin.py:188} INFO - [2025-11-17T16:17:11.061+0000] {dag.py:3954} INFO - Setting next_dagrun for tutorial_taskflow_api to None, run_after=None
[2025-11-17T16:17:11.078+0000] {processor.py:183} INFO - Processing /usr/local/python/3.12.1/lib/python3.12/site-packages/airflow/example_dags/tutorial_taskflow_api.py took 0.047 seconds
[2025-11-17T16:17:51.110+0000] {processor.py:161} INFO - Started process (PID=53342) to work on /usr/local/python/3.12.1/lib/python3.12/site-packages/airflow/example_dags/tutorial_taskflow_api.py
[2025-11-17T16:17:51.111+0000] {processor.py:830} INFO - Processing file /usr/local/python/3.12.1/lib/python3.12/site-packages/airflow/example_dags/tutorial_taskflow_api.py for tasks to queue
[2025-11-17T16:17:51.112+0000] {logging_mixin.py:188} INFO - [2025-11-17T16:17:51.112+0000] {dagbag.py:545} INFO - Filling up the DagBag from /usr/local/python/3.12.1/lib/python3.12/site-packages/airflow/example_dags/tutorial_taskflow_api.py
[2025-11-17T16:17:51.117+0000] {processor.py:840} INFO - DAG(s) 'tutorial_taskflow_api' retrieved from /usr/local/python/3.12.1/lib/python3.12/site-packages/airflow/example_dags/tutorial_taskflow_api.py
[2025-11-17T16:17:51.129+0000] {logging_mixin.py:188} INFO - [2025-11-17T16:17:51.129+0000] {dag.py:3096} INFO - Sync 1 DAGs
[2025-11-17T16:17:51.138+0000] {logging_mixin.py:188} INFO - [2025-11-17T16:17:51.138+0000] {dag.py:3954} INFO - Setting next_dagrun for tutorial_taskflow_api to None, run_after=None
[2025-11-17T16:17:51.154+0000] {processor.py:183} INFO - Processing /usr/local/python/3.12.1/lib/python3.12/site-packages/airflow/example_dags/tutorial_taskflow_api.py took 0.048 seconds
[2025-11-17T16:18:30.462+0000] {processor.py:161} INFO - Started process (PID=53657) to work on /usr/local/python/3.12.1/lib/python3.12/site-packages/airflow/example_dags/tutorial_taskflow_api.py
[2025-11-17T16:18:30.462+0000] {processor.py:830} INFO - Processing file /usr/local/python/3.12.1/lib/python3.12/site-packages/airflow/example_dags/tutorial_taskflow_api.py for tasks to queue
[2025-11-17T16:18:30.464+0000] {logging_mixin.py:188} INFO - [2025-11-17T16:18:30.464+0000] {dagbag.py:545} INFO - Filling up the DagBag from /usr/local/python/3.12.1/lib/python3.12/site-packages/airflow/example_dags/tutorial_taskflow_api.py
[2025-11-17T16:18:30.469+0000] {processor.py:840} INFO - DAG(s) 'tutorial_taskflow_api' retrieved from /usr/local/python/3.12.1/lib/python3.12/site-packages/airflow/example_dags/tutorial_taskflow_api.py
[2025-11-17T16:18:30.481+0000] {logging_mixin.py:188} INFO - [2025-11-17T16:18:30.480+0000] {dag.py:3096} INFO - Sync 1 DAGs
[2025-11-17T16:18:30.489+0000] {logging_mixin.py:188} INFO - [2025-11-17T16:18:30.489+0000] {dag.py:3954} INFO - Setting next_dagrun for tutorial_taskflow_api to None, run_after=None
[2025-11-17T16:18:30.506+0000] {processor.py:183} INFO - Processing /usr/local/python/3.12.1/lib/python3.12/site-packages/airflow/example_dags/tutorial_taskflow_api.py took 0.049 seconds
[2025-11-17T16:19:08.477+0000] {processor.py:161} INFO - Started process (PID=53958) to work on /usr/local/python/3.12.1/lib/python3.12/site-packages/airflow/example_dags/tutorial_taskflow_api.py
[2025-11-17T16:19:08.478+0000] {processor.py:830} INFO - Processing file /usr/local/python/3.12.1/lib/python3.12/site-packages/airflow/example_dags/tutorial_taskflow_api.py for tasks to queue
[2025-11-17T16:19:08.479+0000] {logging_mixin.py:188} INFO - [2025-11-17T16:19:08.479+0000] {dagbag.py:545} INFO - Filling up the DagBag from /usr/local/python/3.12.1/lib/python3.12/site-packages/airflow/example_dags/tutorial_taskflow_api.py
[2025-11-17T16:19:08.484+0000] {processor.py:840} INFO - DAG(s) 'tutorial_taskflow_api' retrieved from /usr/local/python/3.12.1/lib/python3.12/site-packages/airflow/example_dags/tutorial_taskflow_api.py
[2025-11-17T16:19:08.495+0000] {logging_mixin.py:188} INFO - [2025-11-17T16:19:08.495+0000] {dag.py:3096} INFO - Sync 1 DAGs
[2025-11-17T16:19:08.504+0000] {logging_mixin.py:188} INFO - [2025-11-17T16:19:08.504+0000] {dag.py:3954} INFO - Setting next_dagrun for tutorial_taskflow_api to None, run_after=None
[2025-11-17T16:19:08.520+0000] {processor.py:183} INFO - Processing /usr/local/python/3.12.1/lib/python3.12/site-packages/airflow/example_dags/tutorial_taskflow_api.py took 0.046 seconds
[2025-11-17T16:19:48.405+0000] {processor.py:161} INFO - Started process (PID=54273) to work on /usr/local/python/3.12.1/lib/python3.12/site-packages/airflow/example_dags/tutorial_taskflow_api.py
[2025-11-17T16:19:48.405+0000] {processor.py:830} INFO - Processing file /usr/local/python/3.12.1/lib/python3.12/site-packages/airflow/example_dags/tutorial_taskflow_api.py for tasks to queue
[2025-11-17T16:19:48.407+0000] {logging_mixin.py:188} INFO - [2025-11-17T16:19:48.406+0000] {dagbag.py:545} INFO - Filling up the DagBag from /usr/local/python/3.12.1/lib/python3.12/site-packages/airflow/example_dags/tutorial_taskflow_api.py
[2025-11-17T16:19:48.412+0000] {processor.py:840} INFO - DAG(s) 'tutorial_taskflow_api' retrieved from /usr/local/python/3.12.1/lib/python3.12/site-packages/airflow/example_dags/tutorial_taskflow_api.py
[2025-11-17T16:19:48.422+0000] {logging_mixin.py:188} INFO - [2025-11-17T16:19:48.422+0000] {dag.py:3096} INFO - Sync 1 DAGs
[2025-11-17T16:19:48.431+0000] {logging_mixin.py:188} INFO - [2025-11-17T16:19:48.431+0000] {dag.py:3954} INFO - Setting next_dagrun for tutorial_taskflow_api to None, run_after=None
[2025-11-17T16:19:48.447+0000] {processor.py:183} INFO - Processing /usr/local/python/3.12.1/lib/python3.12/site-packages/airflow/example_dags/tutorial_taskflow_api.py took 0.047 seconds
[2025-11-17T16:20:27.735+0000] {processor.py:161} INFO - Started process (PID=54581) to work on /usr/local/python/3.12.1/lib/python3.12/site-packages/airflow/example_dags/tutorial_taskflow_api.py
[2025-11-17T16:20:27.735+0000] {processor.py:830} INFO - Processing file /usr/local/python/3.12.1/lib/python3.12/site-packages/airflow/example_dags/tutorial_taskflow_api.py for tasks to queue
[2025-11-17T16:20:27.737+0000] {logging_mixin.py:188} INFO - [2025-11-17T16:20:27.736+0000] {dagbag.py:545} INFO - Filling up the DagBag from /usr/local/python/3.12.1/lib/python3.12/site-packages/airflow/example_dags/tutorial_taskflow_api.py
[2025-11-17T16:20:27.741+0000] {processor.py:840} INFO - DAG(s) 'tutorial_taskflow_api' retrieved from /usr/local/python/3.12.1/lib/python3.12/site-packages/airflow/example_dags/tutorial_taskflow_api.py
[2025-11-17T16:20:27.752+0000] {logging_mixin.py:188} INFO - [2025-11-17T16:20:27.752+0000] {dag.py:3096} INFO - Sync 1 DAGs
[2025-11-17T16:20:27.761+0000] {logging_mixin.py:188} INFO - [2025-11-17T16:20:27.760+0000] {dag.py:3954} INFO - Setting next_dagrun for tutorial_taskflow_api to None, run_after=None
[2025-11-17T16:20:27.776+0000] {processor.py:183} INFO - Processing /usr/local/python/3.12.1/lib/python3.12/site-packages/airflow/example_dags/tutorial_taskflow_api.py took 0.046 seconds
[2025-11-17T16:21:08.780+0000] {processor.py:161} INFO - Started process (PID=54952) to work on /usr/local/python/3.12.1/lib/python3.12/site-packages/airflow/example_dags/tutorial_taskflow_api.py
[2025-11-17T16:21:08.781+0000] {processor.py:830} INFO - Processing file /usr/local/python/3.12.1/lib/python3.12/site-packages/airflow/example_dags/tutorial_taskflow_api.py for tasks to queue
[2025-11-17T16:21:08.782+0000] {logging_mixin.py:188} INFO - [2025-11-17T16:21:08.782+0000] {dagbag.py:545} INFO - Filling up the DagBag from /usr/local/python/3.12.1/lib/python3.12/site-packages/airflow/example_dags/tutorial_taskflow_api.py
[2025-11-17T16:21:08.787+0000] {processor.py:840} INFO - DAG(s) 'tutorial_taskflow_api' retrieved from /usr/local/python/3.12.1/lib/python3.12/site-packages/airflow/example_dags/tutorial_taskflow_api.py
[2025-11-17T16:21:08.799+0000] {logging_mixin.py:188} INFO - [2025-11-17T16:21:08.799+0000] {dag.py:3096} INFO - Sync 1 DAGs
[2025-11-17T16:21:08.807+0000] {logging_mixin.py:188} INFO - [2025-11-17T16:21:08.807+0000] {dag.py:3954} INFO - Setting next_dagrun for tutorial_taskflow_api to None, run_after=None
[2025-11-17T16:21:08.824+0000] {processor.py:183} INFO - Processing /usr/local/python/3.12.1/lib/python3.12/site-packages/airflow/example_dags/tutorial_taskflow_api.py took 0.048 seconds
[2025-11-17T16:21:48.839+0000] {processor.py:161} INFO - Started process (PID=55267) to work on /usr/local/python/3.12.1/lib/python3.12/site-packages/airflow/example_dags/tutorial_taskflow_api.py
[2025-11-17T16:21:48.840+0000] {processor.py:830} INFO - Processing file /usr/local/python/3.12.1/lib/python3.12/site-packages/airflow/example_dags/tutorial_taskflow_api.py for tasks to queue
[2025-11-17T16:21:48.842+0000] {logging_mixin.py:188} INFO - [2025-11-17T16:21:48.842+0000] {dagbag.py:545} INFO - Filling up the DagBag from /usr/local/python/3.12.1/lib/python3.12/site-packages/airflow/example_dags/tutorial_taskflow_api.py
[2025-11-17T16:21:48.847+0000] {processor.py:840} INFO - DAG(s) 'tutorial_taskflow_api' retrieved from /usr/local/python/3.12.1/lib/python3.12/site-packages/airflow/example_dags/tutorial_taskflow_api.py
[2025-11-17T16:21:48.858+0000] {logging_mixin.py:188} INFO - [2025-11-17T16:21:48.858+0000] {dag.py:3096} INFO - Sync 1 DAGs
[2025-11-17T16:21:48.867+0000] {logging_mixin.py:188} INFO - [2025-11-17T16:21:48.867+0000] {dag.py:3954} INFO - Setting next_dagrun for tutorial_taskflow_api to None, run_after=None
[2025-11-17T16:21:48.884+0000] {processor.py:183} INFO - Processing /usr/local/python/3.12.1/lib/python3.12/site-packages/airflow/example_dags/tutorial_taskflow_api.py took 0.050 seconds
[2025-11-17T16:22:29.453+0000] {processor.py:161} INFO - Started process (PID=55587) to work on /usr/local/python/3.12.1/lib/python3.12/site-packages/airflow/example_dags/tutorial_taskflow_api.py
[2025-11-17T16:22:29.454+0000] {processor.py:830} INFO - Processing file /usr/local/python/3.12.1/lib/python3.12/site-packages/airflow/example_dags/tutorial_taskflow_api.py for tasks to queue
[2025-11-17T16:22:29.455+0000] {logging_mixin.py:188} INFO - [2025-11-17T16:22:29.455+0000] {dagbag.py:545} INFO - Filling up the DagBag from /usr/local/python/3.12.1/lib/python3.12/site-packages/airflow/example_dags/tutorial_taskflow_api.py
[2025-11-17T16:22:29.460+0000] {processor.py:840} INFO - DAG(s) 'tutorial_taskflow_api' retrieved from /usr/local/python/3.12.1/lib/python3.12/site-packages/airflow/example_dags/tutorial_taskflow_api.py
[2025-11-17T16:22:29.471+0000] {logging_mixin.py:188} INFO - [2025-11-17T16:22:29.471+0000] {dag.py:3096} INFO - Sync 1 DAGs
[2025-11-17T16:22:29.479+0000] {logging_mixin.py:188} INFO - [2025-11-17T16:22:29.479+0000] {dag.py:3954} INFO - Setting next_dagrun for tutorial_taskflow_api to None, run_after=None
[2025-11-17T16:22:29.495+0000] {processor.py:183} INFO - Processing /usr/local/python/3.12.1/lib/python3.12/site-packages/airflow/example_dags/tutorial_taskflow_api.py took 0.046 seconds
[2025-11-17T16:23:09.003+0000] {processor.py:161} INFO - Started process (PID=55905) to work on /usr/local/python/3.12.1/lib/python3.12/site-packages/airflow/example_dags/tutorial_taskflow_api.py
[2025-11-17T16:23:09.004+0000] {processor.py:830} INFO - Processing file /usr/local/python/3.12.1/lib/python3.12/site-packages/airflow/example_dags/tutorial_taskflow_api.py for tasks to queue
[2025-11-17T16:23:09.006+0000] {logging_mixin.py:188} INFO - [2025-11-17T16:23:09.006+0000] {dagbag.py:545} INFO - Filling up the DagBag from /usr/local/python/3.12.1/lib/python3.12/site-packages/airflow/example_dags/tutorial_taskflow_api.py
[2025-11-17T16:23:09.013+0000] {processor.py:840} INFO - DAG(s) 'tutorial_taskflow_api' retrieved from /usr/local/python/3.12.1/lib/python3.12/site-packages/airflow/example_dags/tutorial_taskflow_api.py
[2025-11-17T16:23:09.028+0000] {logging_mixin.py:188} INFO - [2025-11-17T16:23:09.028+0000] {dag.py:3096} INFO - Sync 1 DAGs
[2025-11-17T16:23:09.037+0000] {logging_mixin.py:188} INFO - [2025-11-17T16:23:09.037+0000] {dag.py:3954} INFO - Setting next_dagrun for tutorial_taskflow_api to None, run_after=None
[2025-11-17T16:23:09.053+0000] {processor.py:183} INFO - Processing /usr/local/python/3.12.1/lib/python3.12/site-packages/airflow/example_dags/tutorial_taskflow_api.py took 0.055 seconds
[2025-11-17T16:23:49.875+0000] {processor.py:161} INFO - Started process (PID=56222) to work on /usr/local/python/3.12.1/lib/python3.12/site-packages/airflow/example_dags/tutorial_taskflow_api.py
[2025-11-17T16:23:49.875+0000] {processor.py:830} INFO - Processing file /usr/local/python/3.12.1/lib/python3.12/site-packages/airflow/example_dags/tutorial_taskflow_api.py for tasks to queue
[2025-11-17T16:23:49.877+0000] {logging_mixin.py:188} INFO - [2025-11-17T16:23:49.876+0000] {dagbag.py:545} INFO - Filling up the DagBag from /usr/local/python/3.12.1/lib/python3.12/site-packages/airflow/example_dags/tutorial_taskflow_api.py
[2025-11-17T16:23:49.881+0000] {processor.py:840} INFO - DAG(s) 'tutorial_taskflow_api' retrieved from /usr/local/python/3.12.1/lib/python3.12/site-packages/airflow/example_dags/tutorial_taskflow_api.py
[2025-11-17T16:23:49.893+0000] {logging_mixin.py:188} INFO - [2025-11-17T16:23:49.893+0000] {dag.py:3096} INFO - Sync 1 DAGs
[2025-11-17T16:23:49.902+0000] {logging_mixin.py:188} INFO - [2025-11-17T16:23:49.902+0000] {dag.py:3954} INFO - Setting next_dagrun for tutorial_taskflow_api to None, run_after=None
[2025-11-17T16:23:49.918+0000] {processor.py:183} INFO - Processing /usr/local/python/3.12.1/lib/python3.12/site-packages/airflow/example_dags/tutorial_taskflow_api.py took 0.047 seconds
[2025-11-17T16:24:32.753+0000] {processor.py:161} INFO - Started process (PID=56556) to work on /usr/local/python/3.12.1/lib/python3.12/site-packages/airflow/example_dags/tutorial_taskflow_api.py
[2025-11-17T16:24:32.753+0000] {processor.py:830} INFO - Processing file /usr/local/python/3.12.1/lib/python3.12/site-packages/airflow/example_dags/tutorial_taskflow_api.py for tasks to queue
[2025-11-17T16:24:32.755+0000] {logging_mixin.py:188} INFO - [2025-11-17T16:24:32.754+0000] {dagbag.py:545} INFO - Filling up the DagBag from /usr/local/python/3.12.1/lib/python3.12/site-packages/airflow/example_dags/tutorial_taskflow_api.py
[2025-11-17T16:24:32.761+0000] {processor.py:840} INFO - DAG(s) 'tutorial_taskflow_api' retrieved from /usr/local/python/3.12.1/lib/python3.12/site-packages/airflow/example_dags/tutorial_taskflow_api.py
[2025-11-17T16:24:32.775+0000] {logging_mixin.py:188} INFO - [2025-11-17T16:24:32.775+0000] {dag.py:3096} INFO - Sync 1 DAGs
[2025-11-17T16:24:32.784+0000] {logging_mixin.py:188} INFO - [2025-11-17T16:24:32.784+0000] {dag.py:3954} INFO - Setting next_dagrun for tutorial_taskflow_api to None, run_after=None
[2025-11-17T16:24:32.800+0000] {processor.py:183} INFO - Processing /usr/local/python/3.12.1/lib/python3.12/site-packages/airflow/example_dags/tutorial_taskflow_api.py took 0.052 seconds
[2025-11-17T16:25:09.836+0000] {processor.py:161} INFO - Started process (PID=56858) to work on /usr/local/python/3.12.1/lib/python3.12/site-packages/airflow/example_dags/tutorial_taskflow_api.py
[2025-11-17T16:25:09.837+0000] {processor.py:830} INFO - Processing file /usr/local/python/3.12.1/lib/python3.12/site-packages/airflow/example_dags/tutorial_taskflow_api.py for tasks to queue
[2025-11-17T16:25:09.838+0000] {logging_mixin.py:188} INFO - [2025-11-17T16:25:09.838+0000] {dagbag.py:545} INFO - Filling up the DagBag from /usr/local/python/3.12.1/lib/python3.12/site-packages/airflow/example_dags/tutorial_taskflow_api.py
[2025-11-17T16:25:09.843+0000] {processor.py:840} INFO - DAG(s) 'tutorial_taskflow_api' retrieved from /usr/local/python/3.12.1/lib/python3.12/site-packages/airflow/example_dags/tutorial_taskflow_api.py
[2025-11-17T16:25:09.854+0000] {logging_mixin.py:188} INFO - [2025-11-17T16:25:09.854+0000] {dag.py:3096} INFO - Sync 1 DAGs
[2025-11-17T16:25:09.863+0000] {logging_mixin.py:188} INFO - [2025-11-17T16:25:09.863+0000] {dag.py:3954} INFO - Setting next_dagrun for tutorial_taskflow_api to None, run_after=None
[2025-11-17T16:25:09.880+0000] {processor.py:183} INFO - Processing /usr/local/python/3.12.1/lib/python3.12/site-packages/airflow/example_dags/tutorial_taskflow_api.py took 0.048 seconds
[2025-11-17T16:25:49.804+0000] {processor.py:161} INFO - Started process (PID=57150) to work on /usr/local/python/3.12.1/lib/python3.12/site-packages/airflow/example_dags/tutorial_taskflow_api.py
[2025-11-17T16:25:49.805+0000] {processor.py:830} INFO - Processing file /usr/local/python/3.12.1/lib/python3.12/site-packages/airflow/example_dags/tutorial_taskflow_api.py for tasks to queue
[2025-11-17T16:25:49.807+0000] {logging_mixin.py:188} INFO - [2025-11-17T16:25:49.806+0000] {dagbag.py:545} INFO - Filling up the DagBag from /usr/local/python/3.12.1/lib/python3.12/site-packages/airflow/example_dags/tutorial_taskflow_api.py
[2025-11-17T16:25:49.813+0000] {processor.py:840} INFO - DAG(s) 'tutorial_taskflow_api' retrieved from /usr/local/python/3.12.1/lib/python3.12/site-packages/airflow/example_dags/tutorial_taskflow_api.py
[2025-11-17T16:25:49.834+0000] {logging_mixin.py:188} INFO - [2025-11-17T16:25:49.834+0000] {dag.py:3096} INFO - Sync 1 DAGs
[2025-11-17T16:25:49.847+0000] {logging_mixin.py:188} INFO - [2025-11-17T16:25:49.847+0000] {dag.py:3954} INFO - Setting next_dagrun for tutorial_taskflow_api to None, run_after=None
[2025-11-17T16:25:49.873+0000] {processor.py:183} INFO - Processing /usr/local/python/3.12.1/lib/python3.12/site-packages/airflow/example_dags/tutorial_taskflow_api.py took 0.075 seconds
[2025-11-17T16:26:29.745+0000] {processor.py:161} INFO - Started process (PID=57517) to work on /usr/local/python/3.12.1/lib/python3.12/site-packages/airflow/example_dags/tutorial_taskflow_api.py
[2025-11-17T16:26:29.745+0000] {processor.py:830} INFO - Processing file /usr/local/python/3.12.1/lib/python3.12/site-packages/airflow/example_dags/tutorial_taskflow_api.py for tasks to queue
[2025-11-17T16:26:29.747+0000] {logging_mixin.py:188} INFO - [2025-11-17T16:26:29.746+0000] {dagbag.py:545} INFO - Filling up the DagBag from /usr/local/python/3.12.1/lib/python3.12/site-packages/airflow/example_dags/tutorial_taskflow_api.py
[2025-11-17T16:26:29.751+0000] {processor.py:840} INFO - DAG(s) 'tutorial_taskflow_api' retrieved from /usr/local/python/3.12.1/lib/python3.12/site-packages/airflow/example_dags/tutorial_taskflow_api.py
[2025-11-17T16:26:29.762+0000] {logging_mixin.py:188} INFO - [2025-11-17T16:26:29.762+0000] {dag.py:3096} INFO - Sync 1 DAGs
[2025-11-17T16:26:29.771+0000] {logging_mixin.py:188} INFO - [2025-11-17T16:26:29.771+0000] {dag.py:3954} INFO - Setting next_dagrun for tutorial_taskflow_api to None, run_after=None
[2025-11-17T16:26:29.787+0000] {processor.py:183} INFO - Processing /usr/local/python/3.12.1/lib/python3.12/site-packages/airflow/example_dags/tutorial_taskflow_api.py took 0.046 seconds
[2025-11-17T16:27:10.789+0000] {processor.py:161} INFO - Started process (PID=57836) to work on /usr/local/python/3.12.1/lib/python3.12/site-packages/airflow/example_dags/tutorial_taskflow_api.py
[2025-11-17T16:27:10.790+0000] {processor.py:830} INFO - Processing file /usr/local/python/3.12.1/lib/python3.12/site-packages/airflow/example_dags/tutorial_taskflow_api.py for tasks to queue
[2025-11-17T16:27:10.791+0000] {logging_mixin.py:188} INFO - [2025-11-17T16:27:10.791+0000] {dagbag.py:545} INFO - Filling up the DagBag from /usr/local/python/3.12.1/lib/python3.12/site-packages/airflow/example_dags/tutorial_taskflow_api.py
[2025-11-17T16:27:10.796+0000] {processor.py:840} INFO - DAG(s) 'tutorial_taskflow_api' retrieved from /usr/local/python/3.12.1/lib/python3.12/site-packages/airflow/example_dags/tutorial_taskflow_api.py
[2025-11-17T16:27:10.807+0000] {logging_mixin.py:188} INFO - [2025-11-17T16:27:10.806+0000] {dag.py:3096} INFO - Sync 1 DAGs
[2025-11-17T16:27:10.815+0000] {logging_mixin.py:188} INFO - [2025-11-17T16:27:10.815+0000] {dag.py:3954} INFO - Setting next_dagrun for tutorial_taskflow_api to None, run_after=None
[2025-11-17T16:27:10.831+0000] {processor.py:183} INFO - Processing /usr/local/python/3.12.1/lib/python3.12/site-packages/airflow/example_dags/tutorial_taskflow_api.py took 0.046 seconds
[2025-11-17T16:27:50.158+0000] {processor.py:161} INFO - Started process (PID=58145) to work on /usr/local/python/3.12.1/lib/python3.12/site-packages/airflow/example_dags/tutorial_taskflow_api.py
[2025-11-17T16:27:50.159+0000] {processor.py:830} INFO - Processing file /usr/local/python/3.12.1/lib/python3.12/site-packages/airflow/example_dags/tutorial_taskflow_api.py for tasks to queue
[2025-11-17T16:27:50.160+0000] {logging_mixin.py:188} INFO - [2025-11-17T16:27:50.160+0000] {dagbag.py:545} INFO - Filling up the DagBag from /usr/local/python/3.12.1/lib/python3.12/site-packages/airflow/example_dags/tutorial_taskflow_api.py
[2025-11-17T16:27:50.165+0000] {processor.py:840} INFO - DAG(s) 'tutorial_taskflow_api' retrieved from /usr/local/python/3.12.1/lib/python3.12/site-packages/airflow/example_dags/tutorial_taskflow_api.py
[2025-11-17T16:27:50.176+0000] {logging_mixin.py:188} INFO - [2025-11-17T16:27:50.176+0000] {dag.py:3096} INFO - Sync 1 DAGs
[2025-11-17T16:27:50.184+0000] {logging_mixin.py:188} INFO - [2025-11-17T16:27:50.184+0000] {dag.py:3954} INFO - Setting next_dagrun for tutorial_taskflow_api to None, run_after=None
[2025-11-17T16:27:50.201+0000] {processor.py:183} INFO - Processing /usr/local/python/3.12.1/lib/python3.12/site-packages/airflow/example_dags/tutorial_taskflow_api.py took 0.047 seconds
[2025-11-17T16:28:27.435+0000] {processor.py:161} INFO - Started process (PID=58445) to work on /usr/local/python/3.12.1/lib/python3.12/site-packages/airflow/example_dags/tutorial_taskflow_api.py
[2025-11-17T16:28:27.436+0000] {processor.py:830} INFO - Processing file /usr/local/python/3.12.1/lib/python3.12/site-packages/airflow/example_dags/tutorial_taskflow_api.py for tasks to queue
[2025-11-17T16:28:27.437+0000] {logging_mixin.py:188} INFO - [2025-11-17T16:28:27.437+0000] {dagbag.py:545} INFO - Filling up the DagBag from /usr/local/python/3.12.1/lib/python3.12/site-packages/airflow/example_dags/tutorial_taskflow_api.py
[2025-11-17T16:28:27.442+0000] {processor.py:840} INFO - DAG(s) 'tutorial_taskflow_api' retrieved from /usr/local/python/3.12.1/lib/python3.12/site-packages/airflow/example_dags/tutorial_taskflow_api.py
[2025-11-17T16:28:27.453+0000] {logging_mixin.py:188} INFO - [2025-11-17T16:28:27.453+0000] {dag.py:3096} INFO - Sync 1 DAGs
[2025-11-17T16:28:27.461+0000] {logging_mixin.py:188} INFO - [2025-11-17T16:28:27.461+0000] {dag.py:3954} INFO - Setting next_dagrun for tutorial_taskflow_api to None, run_after=None
[2025-11-17T16:28:27.477+0000] {processor.py:183} INFO - Processing /usr/local/python/3.12.1/lib/python3.12/site-packages/airflow/example_dags/tutorial_taskflow_api.py took 0.046 seconds
[2025-11-17T16:29:04.362+0000] {processor.py:161} INFO - Started process (PID=58743) to work on /usr/local/python/3.12.1/lib/python3.12/site-packages/airflow/example_dags/tutorial_taskflow_api.py
[2025-11-17T16:29:04.363+0000] {processor.py:830} INFO - Processing file /usr/local/python/3.12.1/lib/python3.12/site-packages/airflow/example_dags/tutorial_taskflow_api.py for tasks to queue
[2025-11-17T16:29:04.364+0000] {logging_mixin.py:188} INFO - [2025-11-17T16:29:04.364+0000] {dagbag.py:545} INFO - Filling up the DagBag from /usr/local/python/3.12.1/lib/python3.12/site-packages/airflow/example_dags/tutorial_taskflow_api.py
[2025-11-17T16:29:04.369+0000] {processor.py:840} INFO - DAG(s) 'tutorial_taskflow_api' retrieved from /usr/local/python/3.12.1/lib/python3.12/site-packages/airflow/example_dags/tutorial_taskflow_api.py
[2025-11-17T16:29:04.380+0000] {logging_mixin.py:188} INFO - [2025-11-17T16:29:04.380+0000] {dag.py:3096} INFO - Sync 1 DAGs
[2025-11-17T16:29:04.388+0000] {logging_mixin.py:188} INFO - [2025-11-17T16:29:04.388+0000] {dag.py:3954} INFO - Setting next_dagrun for tutorial_taskflow_api to None, run_after=None
[2025-11-17T16:29:04.405+0000] {processor.py:183} INFO - Processing /usr/local/python/3.12.1/lib/python3.12/site-packages/airflow/example_dags/tutorial_taskflow_api.py took 0.047 seconds
[2025-11-17T16:29:44.985+0000] {processor.py:161} INFO - Started process (PID=59062) to work on /usr/local/python/3.12.1/lib/python3.12/site-packages/airflow/example_dags/tutorial_taskflow_api.py
[2025-11-17T16:29:44.986+0000] {processor.py:830} INFO - Processing file /usr/local/python/3.12.1/lib/python3.12/site-packages/airflow/example_dags/tutorial_taskflow_api.py for tasks to queue
[2025-11-17T16:29:44.987+0000] {logging_mixin.py:188} INFO - [2025-11-17T16:29:44.987+0000] {dagbag.py:545} INFO - Filling up the DagBag from /usr/local/python/3.12.1/lib/python3.12/site-packages/airflow/example_dags/tutorial_taskflow_api.py
[2025-11-17T16:29:44.992+0000] {processor.py:840} INFO - DAG(s) 'tutorial_taskflow_api' retrieved from /usr/local/python/3.12.1/lib/python3.12/site-packages/airflow/example_dags/tutorial_taskflow_api.py
[2025-11-17T16:29:45.004+0000] {logging_mixin.py:188} INFO - [2025-11-17T16:29:45.004+0000] {dag.py:3096} INFO - Sync 1 DAGs
[2025-11-17T16:29:45.017+0000] {logging_mixin.py:188} INFO - [2025-11-17T16:29:45.017+0000] {dag.py:3954} INFO - Setting next_dagrun for tutorial_taskflow_api to None, run_after=None
[2025-11-17T16:29:45.041+0000] {processor.py:183} INFO - Processing /usr/local/python/3.12.1/lib/python3.12/site-packages/airflow/example_dags/tutorial_taskflow_api.py took 0.060 seconds
[2025-11-17T16:30:21.802+0000] {processor.py:161} INFO - Started process (PID=59343) to work on /usr/local/python/3.12.1/lib/python3.12/site-packages/airflow/example_dags/tutorial_taskflow_api.py
[2025-11-17T16:30:21.802+0000] {processor.py:830} INFO - Processing file /usr/local/python/3.12.1/lib/python3.12/site-packages/airflow/example_dags/tutorial_taskflow_api.py for tasks to queue
[2025-11-17T16:30:21.803+0000] {logging_mixin.py:188} INFO - [2025-11-17T16:30:21.803+0000] {dagbag.py:545} INFO - Filling up the DagBag from /usr/local/python/3.12.1/lib/python3.12/site-packages/airflow/example_dags/tutorial_taskflow_api.py
[2025-11-17T16:30:21.808+0000] {processor.py:840} INFO - DAG(s) 'tutorial_taskflow_api' retrieved from /usr/local/python/3.12.1/lib/python3.12/site-packages/airflow/example_dags/tutorial_taskflow_api.py
[2025-11-17T16:30:21.820+0000] {logging_mixin.py:188} INFO - [2025-11-17T16:30:21.819+0000] {dag.py:3096} INFO - Sync 1 DAGs
[2025-11-17T16:30:21.828+0000] {logging_mixin.py:188} INFO - [2025-11-17T16:30:21.828+0000] {dag.py:3954} INFO - Setting next_dagrun for tutorial_taskflow_api to None, run_after=None
[2025-11-17T16:30:21.844+0000] {processor.py:183} INFO - Processing /usr/local/python/3.12.1/lib/python3.12/site-packages/airflow/example_dags/tutorial_taskflow_api.py took 0.047 seconds
[2025-11-17T16:31:01.490+0000] {processor.py:161} INFO - Started process (PID=59702) to work on /usr/local/python/3.12.1/lib/python3.12/site-packages/airflow/example_dags/tutorial_taskflow_api.py
[2025-11-17T16:31:01.491+0000] {processor.py:830} INFO - Processing file /usr/local/python/3.12.1/lib/python3.12/site-packages/airflow/example_dags/tutorial_taskflow_api.py for tasks to queue
[2025-11-17T16:31:01.492+0000] {logging_mixin.py:188} INFO - [2025-11-17T16:31:01.492+0000] {dagbag.py:545} INFO - Filling up the DagBag from /usr/local/python/3.12.1/lib/python3.12/site-packages/airflow/example_dags/tutorial_taskflow_api.py
[2025-11-17T16:31:01.497+0000] {processor.py:840} INFO - DAG(s) 'tutorial_taskflow_api' retrieved from /usr/local/python/3.12.1/lib/python3.12/site-packages/airflow/example_dags/tutorial_taskflow_api.py
[2025-11-17T16:31:01.509+0000] {logging_mixin.py:188} INFO - [2025-11-17T16:31:01.509+0000] {dag.py:3096} INFO - Sync 1 DAGs
[2025-11-17T16:31:01.518+0000] {logging_mixin.py:188} INFO - [2025-11-17T16:31:01.518+0000] {dag.py:3954} INFO - Setting next_dagrun for tutorial_taskflow_api to None, run_after=None
[2025-11-17T16:31:01.534+0000] {processor.py:183} INFO - Processing /usr/local/python/3.12.1/lib/python3.12/site-packages/airflow/example_dags/tutorial_taskflow_api.py took 0.049 seconds
[2025-11-17T16:31:40.810+0000] {processor.py:161} INFO - Started process (PID=60016) to work on /usr/local/python/3.12.1/lib/python3.12/site-packages/airflow/example_dags/tutorial_taskflow_api.py
[2025-11-17T16:31:40.811+0000] {processor.py:830} INFO - Processing file /usr/local/python/3.12.1/lib/python3.12/site-packages/airflow/example_dags/tutorial_taskflow_api.py for tasks to queue
[2025-11-17T16:31:40.812+0000] {logging_mixin.py:188} INFO - [2025-11-17T16:31:40.812+0000] {dagbag.py:545} INFO - Filling up the DagBag from /usr/local/python/3.12.1/lib/python3.12/site-packages/airflow/example_dags/tutorial_taskflow_api.py
[2025-11-17T16:31:40.817+0000] {processor.py:840} INFO - DAG(s) 'tutorial_taskflow_api' retrieved from /usr/local/python/3.12.1/lib/python3.12/site-packages/airflow/example_dags/tutorial_taskflow_api.py
[2025-11-17T16:31:40.828+0000] {logging_mixin.py:188} INFO - [2025-11-17T16:31:40.828+0000] {dag.py:3096} INFO - Sync 1 DAGs
[2025-11-17T16:31:40.837+0000] {logging_mixin.py:188} INFO - [2025-11-17T16:31:40.837+0000] {dag.py:3954} INFO - Setting next_dagrun for tutorial_taskflow_api to None, run_after=None
[2025-11-17T16:31:40.854+0000] {processor.py:183} INFO - Processing /usr/local/python/3.12.1/lib/python3.12/site-packages/airflow/example_dags/tutorial_taskflow_api.py took 0.048 seconds
[2025-11-17T16:32:20.851+0000] {processor.py:161} INFO - Started process (PID=60326) to work on /usr/local/python/3.12.1/lib/python3.12/site-packages/airflow/example_dags/tutorial_taskflow_api.py
[2025-11-17T16:32:20.852+0000] {processor.py:830} INFO - Processing file /usr/local/python/3.12.1/lib/python3.12/site-packages/airflow/example_dags/tutorial_taskflow_api.py for tasks to queue
[2025-11-17T16:32:20.853+0000] {logging_mixin.py:188} INFO - [2025-11-17T16:32:20.853+0000] {dagbag.py:545} INFO - Filling up the DagBag from /usr/local/python/3.12.1/lib/python3.12/site-packages/airflow/example_dags/tutorial_taskflow_api.py
[2025-11-17T16:32:20.858+0000] {processor.py:840} INFO - DAG(s) 'tutorial_taskflow_api' retrieved from /usr/local/python/3.12.1/lib/python3.12/site-packages/airflow/example_dags/tutorial_taskflow_api.py
[2025-11-17T16:32:20.869+0000] {logging_mixin.py:188} INFO - [2025-11-17T16:32:20.869+0000] {dag.py:3096} INFO - Sync 1 DAGs
[2025-11-17T16:32:20.882+0000] {logging_mixin.py:188} INFO - [2025-11-17T16:32:20.882+0000] {dag.py:3954} INFO - Setting next_dagrun for tutorial_taskflow_api to None, run_after=None
[2025-11-17T16:32:20.906+0000] {processor.py:183} INFO - Processing /usr/local/python/3.12.1/lib/python3.12/site-packages/airflow/example_dags/tutorial_taskflow_api.py took 0.059 seconds
[2025-11-17T16:33:03.147+0000] {processor.py:161} INFO - Started process (PID=60659) to work on /usr/local/python/3.12.1/lib/python3.12/site-packages/airflow/example_dags/tutorial_taskflow_api.py
[2025-11-17T16:33:03.148+0000] {processor.py:830} INFO - Processing file /usr/local/python/3.12.1/lib/python3.12/site-packages/airflow/example_dags/tutorial_taskflow_api.py for tasks to queue
[2025-11-17T16:33:03.149+0000] {logging_mixin.py:188} INFO - [2025-11-17T16:33:03.149+0000] {dagbag.py:545} INFO - Filling up the DagBag from /usr/local/python/3.12.1/lib/python3.12/site-packages/airflow/example_dags/tutorial_taskflow_api.py
[2025-11-17T16:33:03.154+0000] {processor.py:840} INFO - DAG(s) 'tutorial_taskflow_api' retrieved from /usr/local/python/3.12.1/lib/python3.12/site-packages/airflow/example_dags/tutorial_taskflow_api.py
[2025-11-17T16:33:03.168+0000] {logging_mixin.py:188} INFO - [2025-11-17T16:33:03.167+0000] {dag.py:3096} INFO - Sync 1 DAGs
[2025-11-17T16:33:03.177+0000] {logging_mixin.py:188} INFO - [2025-11-17T16:33:03.177+0000] {dag.py:3954} INFO - Setting next_dagrun for tutorial_taskflow_api to None, run_after=None
[2025-11-17T16:33:03.196+0000] {processor.py:183} INFO - Processing /usr/local/python/3.12.1/lib/python3.12/site-packages/airflow/example_dags/tutorial_taskflow_api.py took 0.053 seconds
[2025-11-17T16:33:43.207+0000] {processor.py:161} INFO - Started process (PID=60970) to work on /usr/local/python/3.12.1/lib/python3.12/site-packages/airflow/example_dags/tutorial_taskflow_api.py
[2025-11-17T16:33:43.208+0000] {processor.py:830} INFO - Processing file /usr/local/python/3.12.1/lib/python3.12/site-packages/airflow/example_dags/tutorial_taskflow_api.py for tasks to queue
[2025-11-17T16:33:43.209+0000] {logging_mixin.py:188} INFO - [2025-11-17T16:33:43.209+0000] {dagbag.py:545} INFO - Filling up the DagBag from /usr/local/python/3.12.1/lib/python3.12/site-packages/airflow/example_dags/tutorial_taskflow_api.py
[2025-11-17T16:33:43.214+0000] {processor.py:840} INFO - DAG(s) 'tutorial_taskflow_api' retrieved from /usr/local/python/3.12.1/lib/python3.12/site-packages/airflow/example_dags/tutorial_taskflow_api.py
[2025-11-17T16:33:43.226+0000] {logging_mixin.py:188} INFO - [2025-11-17T16:33:43.225+0000] {dag.py:3096} INFO - Sync 1 DAGs
[2025-11-17T16:33:43.234+0000] {logging_mixin.py:188} INFO - [2025-11-17T16:33:43.234+0000] {dag.py:3954} INFO - Setting next_dagrun for tutorial_taskflow_api to None, run_after=None
[2025-11-17T16:33:43.251+0000] {processor.py:183} INFO - Processing /usr/local/python/3.12.1/lib/python3.12/site-packages/airflow/example_dags/tutorial_taskflow_api.py took 0.048 seconds
[2025-11-17T16:34:23.181+0000] {processor.py:161} INFO - Started process (PID=61287) to work on /usr/local/python/3.12.1/lib/python3.12/site-packages/airflow/example_dags/tutorial_taskflow_api.py
[2025-11-17T16:34:23.181+0000] {processor.py:830} INFO - Processing file /usr/local/python/3.12.1/lib/python3.12/site-packages/airflow/example_dags/tutorial_taskflow_api.py for tasks to queue
[2025-11-17T16:34:23.183+0000] {logging_mixin.py:188} INFO - [2025-11-17T16:34:23.182+0000] {dagbag.py:545} INFO - Filling up the DagBag from /usr/local/python/3.12.1/lib/python3.12/site-packages/airflow/example_dags/tutorial_taskflow_api.py
[2025-11-17T16:34:23.188+0000] {processor.py:840} INFO - DAG(s) 'tutorial_taskflow_api' retrieved from /usr/local/python/3.12.1/lib/python3.12/site-packages/airflow/example_dags/tutorial_taskflow_api.py
[2025-11-17T16:34:23.199+0000] {logging_mixin.py:188} INFO - [2025-11-17T16:34:23.199+0000] {dag.py:3096} INFO - Sync 1 DAGs
[2025-11-17T16:34:23.208+0000] {logging_mixin.py:188} INFO - [2025-11-17T16:34:23.208+0000] {dag.py:3954} INFO - Setting next_dagrun for tutorial_taskflow_api to None, run_after=None
[2025-11-17T16:34:23.226+0000] {processor.py:183} INFO - Processing /usr/local/python/3.12.1/lib/python3.12/site-packages/airflow/example_dags/tutorial_taskflow_api.py took 0.049 seconds
[2025-11-17T16:35:02.581+0000] {processor.py:161} INFO - Started process (PID=61603) to work on /usr/local/python/3.12.1/lib/python3.12/site-packages/airflow/example_dags/tutorial_taskflow_api.py
[2025-11-17T16:35:02.582+0000] {processor.py:830} INFO - Processing file /usr/local/python/3.12.1/lib/python3.12/site-packages/airflow/example_dags/tutorial_taskflow_api.py for tasks to queue
[2025-11-17T16:35:02.583+0000] {logging_mixin.py:188} INFO - [2025-11-17T16:35:02.583+0000] {dagbag.py:545} INFO - Filling up the DagBag from /usr/local/python/3.12.1/lib/python3.12/site-packages/airflow/example_dags/tutorial_taskflow_api.py
[2025-11-17T16:35:02.588+0000] {processor.py:840} INFO - DAG(s) 'tutorial_taskflow_api' retrieved from /usr/local/python/3.12.1/lib/python3.12/site-packages/airflow/example_dags/tutorial_taskflow_api.py
[2025-11-17T16:35:02.599+0000] {logging_mixin.py:188} INFO - [2025-11-17T16:35:02.599+0000] {dag.py:3096} INFO - Sync 1 DAGs
[2025-11-17T16:35:02.608+0000] {logging_mixin.py:188} INFO - [2025-11-17T16:35:02.608+0000] {dag.py:3954} INFO - Setting next_dagrun for tutorial_taskflow_api to None, run_after=None
[2025-11-17T16:35:02.625+0000] {processor.py:183} INFO - Processing /usr/local/python/3.12.1/lib/python3.12/site-packages/airflow/example_dags/tutorial_taskflow_api.py took 0.048 seconds
[2025-11-17T16:35:38.553+0000] {processor.py:161} INFO - Started process (PID=61878) to work on /usr/local/python/3.12.1/lib/python3.12/site-packages/airflow/example_dags/tutorial_taskflow_api.py
[2025-11-17T16:35:38.554+0000] {processor.py:830} INFO - Processing file /usr/local/python/3.12.1/lib/python3.12/site-packages/airflow/example_dags/tutorial_taskflow_api.py for tasks to queue
[2025-11-17T16:35:38.555+0000] {logging_mixin.py:188} INFO - [2025-11-17T16:35:38.555+0000] {dagbag.py:545} INFO - Filling up the DagBag from /usr/local/python/3.12.1/lib/python3.12/site-packages/airflow/example_dags/tutorial_taskflow_api.py
[2025-11-17T16:35:38.560+0000] {processor.py:840} INFO - DAG(s) 'tutorial_taskflow_api' retrieved from /usr/local/python/3.12.1/lib/python3.12/site-packages/airflow/example_dags/tutorial_taskflow_api.py
[2025-11-17T16:35:38.571+0000] {logging_mixin.py:188} INFO - [2025-11-17T16:35:38.571+0000] {dag.py:3096} INFO - Sync 1 DAGs
[2025-11-17T16:35:38.580+0000] {logging_mixin.py:188} INFO - [2025-11-17T16:35:38.580+0000] {dag.py:3954} INFO - Setting next_dagrun for tutorial_taskflow_api to None, run_after=None
[2025-11-17T16:35:38.596+0000] {processor.py:183} INFO - Processing /usr/local/python/3.12.1/lib/python3.12/site-packages/airflow/example_dags/tutorial_taskflow_api.py took 0.048 seconds
[2025-11-17T16:36:14.390+0000] {processor.py:161} INFO - Started process (PID=62216) to work on /usr/local/python/3.12.1/lib/python3.12/site-packages/airflow/example_dags/tutorial_taskflow_api.py
[2025-11-17T16:36:14.390+0000] {processor.py:830} INFO - Processing file /usr/local/python/3.12.1/lib/python3.12/site-packages/airflow/example_dags/tutorial_taskflow_api.py for tasks to queue
[2025-11-17T16:36:14.392+0000] {logging_mixin.py:188} INFO - [2025-11-17T16:36:14.391+0000] {dagbag.py:545} INFO - Filling up the DagBag from /usr/local/python/3.12.1/lib/python3.12/site-packages/airflow/example_dags/tutorial_taskflow_api.py
[2025-11-17T16:36:14.396+0000] {processor.py:840} INFO - DAG(s) 'tutorial_taskflow_api' retrieved from /usr/local/python/3.12.1/lib/python3.12/site-packages/airflow/example_dags/tutorial_taskflow_api.py
[2025-11-17T16:36:14.408+0000] {logging_mixin.py:188} INFO - [2025-11-17T16:36:14.408+0000] {dag.py:3096} INFO - Sync 1 DAGs
[2025-11-17T16:36:14.417+0000] {logging_mixin.py:188} INFO - [2025-11-17T16:36:14.417+0000] {dag.py:3954} INFO - Setting next_dagrun for tutorial_taskflow_api to None, run_after=None
[2025-11-17T16:36:14.434+0000] {processor.py:183} INFO - Processing /usr/local/python/3.12.1/lib/python3.12/site-packages/airflow/example_dags/tutorial_taskflow_api.py took 0.048 seconds
[2025-11-17T16:36:51.965+0000] {processor.py:161} INFO - Started process (PID=62521) to work on /usr/local/python/3.12.1/lib/python3.12/site-packages/airflow/example_dags/tutorial_taskflow_api.py
[2025-11-17T16:36:51.966+0000] {processor.py:830} INFO - Processing file /usr/local/python/3.12.1/lib/python3.12/site-packages/airflow/example_dags/tutorial_taskflow_api.py for tasks to queue
[2025-11-17T16:36:51.967+0000] {logging_mixin.py:188} INFO - [2025-11-17T16:36:51.967+0000] {dagbag.py:545} INFO - Filling up the DagBag from /usr/local/python/3.12.1/lib/python3.12/site-packages/airflow/example_dags/tutorial_taskflow_api.py
[2025-11-17T16:36:51.972+0000] {processor.py:840} INFO - DAG(s) 'tutorial_taskflow_api' retrieved from /usr/local/python/3.12.1/lib/python3.12/site-packages/airflow/example_dags/tutorial_taskflow_api.py
[2025-11-17T16:36:51.984+0000] {logging_mixin.py:188} INFO - [2025-11-17T16:36:51.984+0000] {dag.py:3096} INFO - Sync 1 DAGs
[2025-11-17T16:36:51.993+0000] {logging_mixin.py:188} INFO - [2025-11-17T16:36:51.993+0000] {dag.py:3954} INFO - Setting next_dagrun for tutorial_taskflow_api to None, run_after=None
[2025-11-17T16:36:52.010+0000] {processor.py:183} INFO - Processing /usr/local/python/3.12.1/lib/python3.12/site-packages/airflow/example_dags/tutorial_taskflow_api.py took 0.049 seconds
[2025-11-17T16:37:35.246+0000] {processor.py:161} INFO - Started process (PID=62854) to work on /usr/local/python/3.12.1/lib/python3.12/site-packages/airflow/example_dags/tutorial_taskflow_api.py
[2025-11-17T16:37:35.247+0000] {processor.py:830} INFO - Processing file /usr/local/python/3.12.1/lib/python3.12/site-packages/airflow/example_dags/tutorial_taskflow_api.py for tasks to queue
[2025-11-17T16:37:35.248+0000] {logging_mixin.py:188} INFO - [2025-11-17T16:37:35.248+0000] {dagbag.py:545} INFO - Filling up the DagBag from /usr/local/python/3.12.1/lib/python3.12/site-packages/airflow/example_dags/tutorial_taskflow_api.py
[2025-11-17T16:37:35.253+0000] {processor.py:840} INFO - DAG(s) 'tutorial_taskflow_api' retrieved from /usr/local/python/3.12.1/lib/python3.12/site-packages/airflow/example_dags/tutorial_taskflow_api.py
[2025-11-17T16:37:35.264+0000] {logging_mixin.py:188} INFO - [2025-11-17T16:37:35.264+0000] {dag.py:3096} INFO - Sync 1 DAGs
[2025-11-17T16:37:35.272+0000] {logging_mixin.py:188} INFO - [2025-11-17T16:37:35.272+0000] {dag.py:3954} INFO - Setting next_dagrun for tutorial_taskflow_api to None, run_after=None
[2025-11-17T16:37:35.288+0000] {processor.py:183} INFO - Processing /usr/local/python/3.12.1/lib/python3.12/site-packages/airflow/example_dags/tutorial_taskflow_api.py took 0.046 seconds
[2025-11-17T16:38:17.387+0000] {processor.py:161} INFO - Started process (PID=63398) to work on /usr/local/python/3.12.1/lib/python3.12/site-packages/airflow/example_dags/tutorial_taskflow_api.py
[2025-11-17T16:38:17.388+0000] {processor.py:830} INFO - Processing file /usr/local/python/3.12.1/lib/python3.12/site-packages/airflow/example_dags/tutorial_taskflow_api.py for tasks to queue
[2025-11-17T16:38:17.389+0000] {logging_mixin.py:188} INFO - [2025-11-17T16:38:17.389+0000] {dagbag.py:545} INFO - Filling up the DagBag from /usr/local/python/3.12.1/lib/python3.12/site-packages/airflow/example_dags/tutorial_taskflow_api.py
[2025-11-17T16:38:17.394+0000] {processor.py:840} INFO - DAG(s) 'tutorial_taskflow_api' retrieved from /usr/local/python/3.12.1/lib/python3.12/site-packages/airflow/example_dags/tutorial_taskflow_api.py
[2025-11-17T16:38:17.405+0000] {logging_mixin.py:188} INFO - [2025-11-17T16:38:17.404+0000] {dag.py:3096} INFO - Sync 1 DAGs
[2025-11-17T16:38:17.414+0000] {logging_mixin.py:188} INFO - [2025-11-17T16:38:17.414+0000] {dag.py:3954} INFO - Setting next_dagrun for tutorial_taskflow_api to None, run_after=None
[2025-11-17T16:38:17.431+0000] {processor.py:183} INFO - Processing /usr/local/python/3.12.1/lib/python3.12/site-packages/airflow/example_dags/tutorial_taskflow_api.py took 0.048 seconds
[2025-11-17T16:39:01.554+0000] {processor.py:161} INFO - Started process (PID=64101) to work on /usr/local/python/3.12.1/lib/python3.12/site-packages/airflow/example_dags/tutorial_taskflow_api.py
[2025-11-17T16:39:01.555+0000] {processor.py:830} INFO - Processing file /usr/local/python/3.12.1/lib/python3.12/site-packages/airflow/example_dags/tutorial_taskflow_api.py for tasks to queue
[2025-11-17T16:39:01.557+0000] {logging_mixin.py:188} INFO - [2025-11-17T16:39:01.556+0000] {dagbag.py:545} INFO - Filling up the DagBag from /usr/local/python/3.12.1/lib/python3.12/site-packages/airflow/example_dags/tutorial_taskflow_api.py
[2025-11-17T16:39:01.564+0000] {processor.py:840} INFO - DAG(s) 'tutorial_taskflow_api' retrieved from /usr/local/python/3.12.1/lib/python3.12/site-packages/airflow/example_dags/tutorial_taskflow_api.py
[2025-11-17T16:39:01.581+0000] {logging_mixin.py:188} INFO - [2025-11-17T16:39:01.580+0000] {dag.py:3096} INFO - Sync 1 DAGs
[2025-11-17T16:39:01.594+0000] {logging_mixin.py:188} INFO - [2025-11-17T16:39:01.594+0000] {dag.py:3954} INFO - Setting next_dagrun for tutorial_taskflow_api to None, run_after=None
[2025-11-17T16:39:01.618+0000] {processor.py:183} INFO - Processing /usr/local/python/3.12.1/lib/python3.12/site-packages/airflow/example_dags/tutorial_taskflow_api.py took 0.070 seconds
