[2025-11-17T15:42:01.464+0000] {processor.py:161} INFO - Started process (PID=27593) to work on /usr/local/python/3.12.1/lib/python3.12/site-packages/airflow/example_dags/tutorial_taskflow_api_virtualenv.py
[2025-11-17T15:42:01.465+0000] {processor.py:830} INFO - Processing file /usr/local/python/3.12.1/lib/python3.12/site-packages/airflow/example_dags/tutorial_taskflow_api_virtualenv.py for tasks to queue
[2025-11-17T15:42:01.466+0000] {logging_mixin.py:188} INFO - [2025-11-17T15:42:01.466+0000] {dagbag.py:545} INFO - Filling up the DagBag from /usr/local/python/3.12.1/lib/python3.12/site-packages/airflow/example_dags/tutorial_taskflow_api_virtualenv.py
[2025-11-17T15:42:01.475+0000] {processor.py:840} INFO - DAG(s) 'tutorial_taskflow_api_virtualenv' retrieved from /usr/local/python/3.12.1/lib/python3.12/site-packages/airflow/example_dags/tutorial_taskflow_api_virtualenv.py
[2025-11-17T15:42:01.559+0000] {logging_mixin.py:188} INFO - [2025-11-17T15:42:01.559+0000] {override.py:1829} INFO - Created Permission View: can read on DAG:tutorial_taskflow_api_virtualenv
[2025-11-17T15:42:01.567+0000] {logging_mixin.py:188} INFO - [2025-11-17T15:42:01.567+0000] {override.py:1829} INFO - Created Permission View: can edit on DAG:tutorial_taskflow_api_virtualenv
[2025-11-17T15:42:01.574+0000] {logging_mixin.py:188} INFO - [2025-11-17T15:42:01.573+0000] {override.py:1829} INFO - Created Permission View: can delete on DAG:tutorial_taskflow_api_virtualenv
[2025-11-17T15:42:01.574+0000] {logging_mixin.py:188} INFO - [2025-11-17T15:42:01.574+0000] {dag.py:3096} INFO - Sync 1 DAGs
[2025-11-17T15:42:01.581+0000] {logging_mixin.py:188} INFO - [2025-11-17T15:42:01.581+0000] {dag.py:3118} INFO - Creating ORM DAG for tutorial_taskflow_api_virtualenv
[2025-11-17T15:42:01.581+0000] {logging_mixin.py:188} INFO - [2025-11-17T15:42:01.581+0000] {dag.py:3954} INFO - Setting next_dagrun for tutorial_taskflow_api_virtualenv to None, run_after=None
[2025-11-17T15:42:01.595+0000] {processor.py:183} INFO - Processing /usr/local/python/3.12.1/lib/python3.12/site-packages/airflow/example_dags/tutorial_taskflow_api_virtualenv.py took 0.136 seconds
[2025-11-17T15:42:59.570+0000] {processor.py:161} INFO - Started process (PID=28493) to work on /usr/local/python/3.12.1/lib/python3.12/site-packages/airflow/example_dags/tutorial_taskflow_api_virtualenv.py
[2025-11-17T15:42:59.570+0000] {processor.py:830} INFO - Processing file /usr/local/python/3.12.1/lib/python3.12/site-packages/airflow/example_dags/tutorial_taskflow_api_virtualenv.py for tasks to queue
[2025-11-17T15:42:59.571+0000] {logging_mixin.py:188} INFO - [2025-11-17T15:42:59.571+0000] {dagbag.py:545} INFO - Filling up the DagBag from /usr/local/python/3.12.1/lib/python3.12/site-packages/airflow/example_dags/tutorial_taskflow_api_virtualenv.py
[2025-11-17T15:42:59.579+0000] {processor.py:840} INFO - DAG(s) 'tutorial_taskflow_api_virtualenv' retrieved from /usr/local/python/3.12.1/lib/python3.12/site-packages/airflow/example_dags/tutorial_taskflow_api_virtualenv.py
[2025-11-17T15:42:59.590+0000] {logging_mixin.py:188} INFO - [2025-11-17T15:42:59.590+0000] {dag.py:3096} INFO - Sync 1 DAGs
[2025-11-17T15:42:59.598+0000] {logging_mixin.py:188} INFO - [2025-11-17T15:42:59.598+0000] {dag.py:3954} INFO - Setting next_dagrun for tutorial_taskflow_api_virtualenv to None, run_after=None
[2025-11-17T15:42:59.614+0000] {processor.py:183} INFO - Processing /usr/local/python/3.12.1/lib/python3.12/site-packages/airflow/example_dags/tutorial_taskflow_api_virtualenv.py took 0.048 seconds
[2025-11-17T15:43:44.781+0000] {processor.py:161} INFO - Started process (PID=29359) to work on /usr/local/python/3.12.1/lib/python3.12/site-packages/airflow/example_dags/tutorial_taskflow_api_virtualenv.py
[2025-11-17T15:43:44.781+0000] {processor.py:830} INFO - Processing file /usr/local/python/3.12.1/lib/python3.12/site-packages/airflow/example_dags/tutorial_taskflow_api_virtualenv.py for tasks to queue
[2025-11-17T15:43:44.783+0000] {logging_mixin.py:188} INFO - [2025-11-17T15:43:44.782+0000] {dagbag.py:545} INFO - Filling up the DagBag from /usr/local/python/3.12.1/lib/python3.12/site-packages/airflow/example_dags/tutorial_taskflow_api_virtualenv.py
[2025-11-17T15:43:44.790+0000] {processor.py:840} INFO - DAG(s) 'tutorial_taskflow_api_virtualenv' retrieved from /usr/local/python/3.12.1/lib/python3.12/site-packages/airflow/example_dags/tutorial_taskflow_api_virtualenv.py
[2025-11-17T15:43:44.801+0000] {logging_mixin.py:188} INFO - [2025-11-17T15:43:44.801+0000] {dag.py:3096} INFO - Sync 1 DAGs
[2025-11-17T15:43:44.809+0000] {logging_mixin.py:188} INFO - [2025-11-17T15:43:44.809+0000] {dag.py:3954} INFO - Setting next_dagrun for tutorial_taskflow_api_virtualenv to None, run_after=None
[2025-11-17T15:43:44.828+0000] {processor.py:183} INFO - Processing /usr/local/python/3.12.1/lib/python3.12/site-packages/airflow/example_dags/tutorial_taskflow_api_virtualenv.py took 0.051 seconds
[2025-11-17T15:44:22.237+0000] {processor.py:161} INFO - Started process (PID=29690) to work on /usr/local/python/3.12.1/lib/python3.12/site-packages/airflow/example_dags/tutorial_taskflow_api_virtualenv.py
[2025-11-17T15:44:22.238+0000] {processor.py:830} INFO - Processing file /usr/local/python/3.12.1/lib/python3.12/site-packages/airflow/example_dags/tutorial_taskflow_api_virtualenv.py for tasks to queue
[2025-11-17T15:44:22.239+0000] {logging_mixin.py:188} INFO - [2025-11-17T15:44:22.238+0000] {dagbag.py:545} INFO - Filling up the DagBag from /usr/local/python/3.12.1/lib/python3.12/site-packages/airflow/example_dags/tutorial_taskflow_api_virtualenv.py
[2025-11-17T15:44:22.246+0000] {processor.py:840} INFO - DAG(s) 'tutorial_taskflow_api_virtualenv' retrieved from /usr/local/python/3.12.1/lib/python3.12/site-packages/airflow/example_dags/tutorial_taskflow_api_virtualenv.py
[2025-11-17T15:44:22.257+0000] {logging_mixin.py:188} INFO - [2025-11-17T15:44:22.257+0000] {dag.py:3096} INFO - Sync 1 DAGs
[2025-11-17T15:44:22.265+0000] {logging_mixin.py:188} INFO - [2025-11-17T15:44:22.265+0000] {dag.py:3954} INFO - Setting next_dagrun for tutorial_taskflow_api_virtualenv to None, run_after=None
[2025-11-17T15:44:22.282+0000] {processor.py:183} INFO - Processing /usr/local/python/3.12.1/lib/python3.12/site-packages/airflow/example_dags/tutorial_taskflow_api_virtualenv.py took 0.049 seconds
[2025-11-17T15:45:01.149+0000] {processor.py:161} INFO - Started process (PID=30474) to work on /usr/local/python/3.12.1/lib/python3.12/site-packages/airflow/example_dags/tutorial_taskflow_api_virtualenv.py
[2025-11-17T15:45:01.151+0000] {processor.py:830} INFO - Processing file /usr/local/python/3.12.1/lib/python3.12/site-packages/airflow/example_dags/tutorial_taskflow_api_virtualenv.py for tasks to queue
[2025-11-17T15:45:01.153+0000] {logging_mixin.py:188} INFO - [2025-11-17T15:45:01.152+0000] {dagbag.py:545} INFO - Filling up the DagBag from /usr/local/python/3.12.1/lib/python3.12/site-packages/airflow/example_dags/tutorial_taskflow_api_virtualenv.py
[2025-11-17T15:45:01.165+0000] {processor.py:840} INFO - DAG(s) 'tutorial_taskflow_api_virtualenv' retrieved from /usr/local/python/3.12.1/lib/python3.12/site-packages/airflow/example_dags/tutorial_taskflow_api_virtualenv.py
[2025-11-17T15:45:01.186+0000] {logging_mixin.py:188} INFO - [2025-11-17T15:45:01.186+0000] {dag.py:3096} INFO - Sync 1 DAGs
[2025-11-17T15:45:01.214+0000] {logging_mixin.py:188} INFO - [2025-11-17T15:45:01.214+0000] {dag.py:3954} INFO - Setting next_dagrun for tutorial_taskflow_api_virtualenv to None, run_after=None
[2025-11-17T15:45:01.241+0000] {processor.py:183} INFO - Processing /usr/local/python/3.12.1/lib/python3.12/site-packages/airflow/example_dags/tutorial_taskflow_api_virtualenv.py took 0.100 seconds
[2025-11-17T16:00:41.986+0000] {processor.py:161} INFO - Started process (PID=40605) to work on /usr/local/python/3.12.1/lib/python3.12/site-packages/airflow/example_dags/tutorial_taskflow_api_virtualenv.py
[2025-11-17T16:00:41.987+0000] {processor.py:830} INFO - Processing file /usr/local/python/3.12.1/lib/python3.12/site-packages/airflow/example_dags/tutorial_taskflow_api_virtualenv.py for tasks to queue
[2025-11-17T16:00:41.988+0000] {logging_mixin.py:188} INFO - [2025-11-17T16:00:41.988+0000] {dagbag.py:545} INFO - Filling up the DagBag from /usr/local/python/3.12.1/lib/python3.12/site-packages/airflow/example_dags/tutorial_taskflow_api_virtualenv.py
[2025-11-17T16:00:41.997+0000] {processor.py:840} INFO - DAG(s) 'tutorial_taskflow_api_virtualenv' retrieved from /usr/local/python/3.12.1/lib/python3.12/site-packages/airflow/example_dags/tutorial_taskflow_api_virtualenv.py
[2025-11-17T16:00:42.075+0000] {logging_mixin.py:188} INFO - [2025-11-17T16:00:42.075+0000] {dag.py:3096} INFO - Sync 1 DAGs
[2025-11-17T16:00:42.082+0000] {logging_mixin.py:188} INFO - [2025-11-17T16:00:42.082+0000] {dag.py:3954} INFO - Setting next_dagrun for tutorial_taskflow_api_virtualenv to None, run_after=None
[2025-11-17T16:00:42.097+0000] {processor.py:183} INFO - Processing /usr/local/python/3.12.1/lib/python3.12/site-packages/airflow/example_dags/tutorial_taskflow_api_virtualenv.py took 0.115 seconds
[2025-11-17T16:01:32.303+0000] {processor.py:161} INFO - Started process (PID=41326) to work on /usr/local/python/3.12.1/lib/python3.12/site-packages/airflow/example_dags/tutorial_taskflow_api_virtualenv.py
[2025-11-17T16:01:32.304+0000] {processor.py:830} INFO - Processing file /usr/local/python/3.12.1/lib/python3.12/site-packages/airflow/example_dags/tutorial_taskflow_api_virtualenv.py for tasks to queue
[2025-11-17T16:01:32.306+0000] {logging_mixin.py:188} INFO - [2025-11-17T16:01:32.305+0000] {dagbag.py:545} INFO - Filling up the DagBag from /usr/local/python/3.12.1/lib/python3.12/site-packages/airflow/example_dags/tutorial_taskflow_api_virtualenv.py
[2025-11-17T16:01:32.317+0000] {processor.py:840} INFO - DAG(s) 'tutorial_taskflow_api_virtualenv' retrieved from /usr/local/python/3.12.1/lib/python3.12/site-packages/airflow/example_dags/tutorial_taskflow_api_virtualenv.py
[2025-11-17T16:01:32.334+0000] {logging_mixin.py:188} INFO - [2025-11-17T16:01:32.334+0000] {dag.py:3096} INFO - Sync 1 DAGs
[2025-11-17T16:01:32.348+0000] {logging_mixin.py:188} INFO - [2025-11-17T16:01:32.347+0000] {dag.py:3954} INFO - Setting next_dagrun for tutorial_taskflow_api_virtualenv to None, run_after=None
[2025-11-17T16:01:32.367+0000] {processor.py:183} INFO - Processing /usr/local/python/3.12.1/lib/python3.12/site-packages/airflow/example_dags/tutorial_taskflow_api_virtualenv.py took 0.070 seconds
[2025-11-17T16:02:13.297+0000] {processor.py:161} INFO - Started process (PID=41815) to work on /usr/local/python/3.12.1/lib/python3.12/site-packages/airflow/example_dags/tutorial_taskflow_api_virtualenv.py
[2025-11-17T16:02:13.297+0000] {processor.py:830} INFO - Processing file /usr/local/python/3.12.1/lib/python3.12/site-packages/airflow/example_dags/tutorial_taskflow_api_virtualenv.py for tasks to queue
[2025-11-17T16:02:13.298+0000] {logging_mixin.py:188} INFO - [2025-11-17T16:02:13.298+0000] {dagbag.py:545} INFO - Filling up the DagBag from /usr/local/python/3.12.1/lib/python3.12/site-packages/airflow/example_dags/tutorial_taskflow_api_virtualenv.py
[2025-11-17T16:02:13.306+0000] {processor.py:840} INFO - DAG(s) 'tutorial_taskflow_api_virtualenv' retrieved from /usr/local/python/3.12.1/lib/python3.12/site-packages/airflow/example_dags/tutorial_taskflow_api_virtualenv.py
[2025-11-17T16:02:13.318+0000] {logging_mixin.py:188} INFO - [2025-11-17T16:02:13.318+0000] {dag.py:3096} INFO - Sync 1 DAGs
[2025-11-17T16:02:13.327+0000] {logging_mixin.py:188} INFO - [2025-11-17T16:02:13.327+0000] {dag.py:3954} INFO - Setting next_dagrun for tutorial_taskflow_api_virtualenv to None, run_after=None
[2025-11-17T16:02:13.343+0000] {processor.py:183} INFO - Processing /usr/local/python/3.12.1/lib/python3.12/site-packages/airflow/example_dags/tutorial_taskflow_api_virtualenv.py took 0.051 seconds
[2025-11-17T16:02:56.010+0000] {processor.py:161} INFO - Started process (PID=42457) to work on /usr/local/python/3.12.1/lib/python3.12/site-packages/airflow/example_dags/tutorial_taskflow_api_virtualenv.py
[2025-11-17T16:02:56.010+0000] {processor.py:830} INFO - Processing file /usr/local/python/3.12.1/lib/python3.12/site-packages/airflow/example_dags/tutorial_taskflow_api_virtualenv.py for tasks to queue
[2025-11-17T16:02:56.012+0000] {logging_mixin.py:188} INFO - [2025-11-17T16:02:56.011+0000] {dagbag.py:545} INFO - Filling up the DagBag from /usr/local/python/3.12.1/lib/python3.12/site-packages/airflow/example_dags/tutorial_taskflow_api_virtualenv.py
[2025-11-17T16:02:56.020+0000] {processor.py:840} INFO - DAG(s) 'tutorial_taskflow_api_virtualenv' retrieved from /usr/local/python/3.12.1/lib/python3.12/site-packages/airflow/example_dags/tutorial_taskflow_api_virtualenv.py
[2025-11-17T16:02:56.031+0000] {logging_mixin.py:188} INFO - [2025-11-17T16:02:56.031+0000] {dag.py:3096} INFO - Sync 1 DAGs
[2025-11-17T16:02:56.039+0000] {logging_mixin.py:188} INFO - [2025-11-17T16:02:56.039+0000] {dag.py:3954} INFO - Setting next_dagrun for tutorial_taskflow_api_virtualenv to None, run_after=None
[2025-11-17T16:02:56.056+0000] {processor.py:183} INFO - Processing /usr/local/python/3.12.1/lib/python3.12/site-packages/airflow/example_dags/tutorial_taskflow_api_virtualenv.py took 0.050 seconds
[2025-11-17T16:03:38.381+0000] {processor.py:161} INFO - Started process (PID=42878) to work on /usr/local/python/3.12.1/lib/python3.12/site-packages/airflow/example_dags/tutorial_taskflow_api_virtualenv.py
[2025-11-17T16:03:38.381+0000] {processor.py:830} INFO - Processing file /usr/local/python/3.12.1/lib/python3.12/site-packages/airflow/example_dags/tutorial_taskflow_api_virtualenv.py for tasks to queue
[2025-11-17T16:03:38.382+0000] {logging_mixin.py:188} INFO - [2025-11-17T16:03:38.382+0000] {dagbag.py:545} INFO - Filling up the DagBag from /usr/local/python/3.12.1/lib/python3.12/site-packages/airflow/example_dags/tutorial_taskflow_api_virtualenv.py
[2025-11-17T16:03:38.392+0000] {processor.py:840} INFO - DAG(s) 'tutorial_taskflow_api_virtualenv' retrieved from /usr/local/python/3.12.1/lib/python3.12/site-packages/airflow/example_dags/tutorial_taskflow_api_virtualenv.py
[2025-11-17T16:03:38.408+0000] {logging_mixin.py:188} INFO - [2025-11-17T16:03:38.408+0000] {dag.py:3096} INFO - Sync 1 DAGs
[2025-11-17T16:03:38.420+0000] {logging_mixin.py:188} INFO - [2025-11-17T16:03:38.420+0000] {dag.py:3954} INFO - Setting next_dagrun for tutorial_taskflow_api_virtualenv to None, run_after=None
[2025-11-17T16:03:38.443+0000] {processor.py:183} INFO - Processing /usr/local/python/3.12.1/lib/python3.12/site-packages/airflow/example_dags/tutorial_taskflow_api_virtualenv.py took 0.066 seconds
[2025-11-17T16:04:18.929+0000] {processor.py:161} INFO - Started process (PID=43470) to work on /usr/local/python/3.12.1/lib/python3.12/site-packages/airflow/example_dags/tutorial_taskflow_api_virtualenv.py
[2025-11-17T16:04:18.930+0000] {processor.py:830} INFO - Processing file /usr/local/python/3.12.1/lib/python3.12/site-packages/airflow/example_dags/tutorial_taskflow_api_virtualenv.py for tasks to queue
[2025-11-17T16:04:18.931+0000] {logging_mixin.py:188} INFO - [2025-11-17T16:04:18.931+0000] {dagbag.py:545} INFO - Filling up the DagBag from /usr/local/python/3.12.1/lib/python3.12/site-packages/airflow/example_dags/tutorial_taskflow_api_virtualenv.py
[2025-11-17T16:04:18.940+0000] {processor.py:840} INFO - DAG(s) 'tutorial_taskflow_api_virtualenv' retrieved from /usr/local/python/3.12.1/lib/python3.12/site-packages/airflow/example_dags/tutorial_taskflow_api_virtualenv.py
[2025-11-17T16:04:18.952+0000] {logging_mixin.py:188} INFO - [2025-11-17T16:04:18.952+0000] {dag.py:3096} INFO - Sync 1 DAGs
[2025-11-17T16:04:18.961+0000] {logging_mixin.py:188} INFO - [2025-11-17T16:04:18.961+0000] {dag.py:3954} INFO - Setting next_dagrun for tutorial_taskflow_api_virtualenv to None, run_after=None
[2025-11-17T16:04:18.978+0000] {processor.py:183} INFO - Processing /usr/local/python/3.12.1/lib/python3.12/site-packages/airflow/example_dags/tutorial_taskflow_api_virtualenv.py took 0.053 seconds
[2025-11-17T16:05:01.164+0000] {processor.py:161} INFO - Started process (PID=44043) to work on /usr/local/python/3.12.1/lib/python3.12/site-packages/airflow/example_dags/tutorial_taskflow_api_virtualenv.py
[2025-11-17T16:05:01.164+0000] {processor.py:830} INFO - Processing file /usr/local/python/3.12.1/lib/python3.12/site-packages/airflow/example_dags/tutorial_taskflow_api_virtualenv.py for tasks to queue
[2025-11-17T16:05:01.166+0000] {logging_mixin.py:188} INFO - [2025-11-17T16:05:01.165+0000] {dagbag.py:545} INFO - Filling up the DagBag from /usr/local/python/3.12.1/lib/python3.12/site-packages/airflow/example_dags/tutorial_taskflow_api_virtualenv.py
[2025-11-17T16:05:01.173+0000] {processor.py:840} INFO - DAG(s) 'tutorial_taskflow_api_virtualenv' retrieved from /usr/local/python/3.12.1/lib/python3.12/site-packages/airflow/example_dags/tutorial_taskflow_api_virtualenv.py
[2025-11-17T16:05:01.185+0000] {logging_mixin.py:188} INFO - [2025-11-17T16:05:01.184+0000] {dag.py:3096} INFO - Sync 1 DAGs
[2025-11-17T16:05:01.193+0000] {logging_mixin.py:188} INFO - [2025-11-17T16:05:01.193+0000] {dag.py:3954} INFO - Setting next_dagrun for tutorial_taskflow_api_virtualenv to None, run_after=None
[2025-11-17T16:05:01.210+0000] {processor.py:183} INFO - Processing /usr/local/python/3.12.1/lib/python3.12/site-packages/airflow/example_dags/tutorial_taskflow_api_virtualenv.py took 0.050 seconds
[2025-11-17T16:05:57.772+0000] {processor.py:161} INFO - Started process (PID=44736) to work on /usr/local/python/3.12.1/lib/python3.12/site-packages/airflow/example_dags/tutorial_taskflow_api_virtualenv.py
[2025-11-17T16:05:57.773+0000] {processor.py:830} INFO - Processing file /usr/local/python/3.12.1/lib/python3.12/site-packages/airflow/example_dags/tutorial_taskflow_api_virtualenv.py for tasks to queue
[2025-11-17T16:05:57.774+0000] {logging_mixin.py:188} INFO - [2025-11-17T16:05:57.774+0000] {dagbag.py:545} INFO - Filling up the DagBag from /usr/local/python/3.12.1/lib/python3.12/site-packages/airflow/example_dags/tutorial_taskflow_api_virtualenv.py
[2025-11-17T16:05:57.783+0000] {processor.py:840} INFO - DAG(s) 'tutorial_taskflow_api_virtualenv' retrieved from /usr/local/python/3.12.1/lib/python3.12/site-packages/airflow/example_dags/tutorial_taskflow_api_virtualenv.py
[2025-11-17T16:05:57.861+0000] {logging_mixin.py:188} INFO - [2025-11-17T16:05:57.861+0000] {dag.py:3096} INFO - Sync 1 DAGs
[2025-11-17T16:05:57.868+0000] {logging_mixin.py:188} INFO - [2025-11-17T16:05:57.868+0000] {dag.py:3954} INFO - Setting next_dagrun for tutorial_taskflow_api_virtualenv to None, run_after=None
[2025-11-17T16:05:57.885+0000] {processor.py:183} INFO - Processing /usr/local/python/3.12.1/lib/python3.12/site-packages/airflow/example_dags/tutorial_taskflow_api_virtualenv.py took 0.117 seconds
[2025-11-17T16:06:51.229+0000] {processor.py:161} INFO - Started process (PID=46196) to work on /usr/local/python/3.12.1/lib/python3.12/site-packages/airflow/example_dags/tutorial_taskflow_api_virtualenv.py
[2025-11-17T16:06:51.230+0000] {processor.py:830} INFO - Processing file /usr/local/python/3.12.1/lib/python3.12/site-packages/airflow/example_dags/tutorial_taskflow_api_virtualenv.py for tasks to queue
[2025-11-17T16:06:51.231+0000] {logging_mixin.py:188} INFO - [2025-11-17T16:06:51.231+0000] {dagbag.py:545} INFO - Filling up the DagBag from /usr/local/python/3.12.1/lib/python3.12/site-packages/airflow/example_dags/tutorial_taskflow_api_virtualenv.py
[2025-11-17T16:06:51.244+0000] {processor.py:840} INFO - DAG(s) 'tutorial_taskflow_api_virtualenv' retrieved from /usr/local/python/3.12.1/lib/python3.12/site-packages/airflow/example_dags/tutorial_taskflow_api_virtualenv.py
[2025-11-17T16:06:51.259+0000] {logging_mixin.py:188} INFO - [2025-11-17T16:06:51.259+0000] {dag.py:3096} INFO - Sync 1 DAGs
[2025-11-17T16:06:51.275+0000] {logging_mixin.py:188} INFO - [2025-11-17T16:06:51.275+0000] {dag.py:3954} INFO - Setting next_dagrun for tutorial_taskflow_api_virtualenv to None, run_after=None
[2025-11-17T16:06:51.294+0000] {processor.py:183} INFO - Processing /usr/local/python/3.12.1/lib/python3.12/site-packages/airflow/example_dags/tutorial_taskflow_api_virtualenv.py took 0.072 seconds
[2025-11-17T16:07:32.959+0000] {processor.py:161} INFO - Started process (PID=46786) to work on /usr/local/python/3.12.1/lib/python3.12/site-packages/airflow/example_dags/tutorial_taskflow_api_virtualenv.py
[2025-11-17T16:07:32.960+0000] {processor.py:830} INFO - Processing file /usr/local/python/3.12.1/lib/python3.12/site-packages/airflow/example_dags/tutorial_taskflow_api_virtualenv.py for tasks to queue
[2025-11-17T16:07:32.961+0000] {logging_mixin.py:188} INFO - [2025-11-17T16:07:32.961+0000] {dagbag.py:545} INFO - Filling up the DagBag from /usr/local/python/3.12.1/lib/python3.12/site-packages/airflow/example_dags/tutorial_taskflow_api_virtualenv.py
[2025-11-17T16:07:32.969+0000] {processor.py:840} INFO - DAG(s) 'tutorial_taskflow_api_virtualenv' retrieved from /usr/local/python/3.12.1/lib/python3.12/site-packages/airflow/example_dags/tutorial_taskflow_api_virtualenv.py
[2025-11-17T16:07:32.980+0000] {logging_mixin.py:188} INFO - [2025-11-17T16:07:32.980+0000] {dag.py:3096} INFO - Sync 1 DAGs
[2025-11-17T16:07:32.988+0000] {logging_mixin.py:188} INFO - [2025-11-17T16:07:32.988+0000] {dag.py:3954} INFO - Setting next_dagrun for tutorial_taskflow_api_virtualenv to None, run_after=None
[2025-11-17T16:07:33.004+0000] {processor.py:183} INFO - Processing /usr/local/python/3.12.1/lib/python3.12/site-packages/airflow/example_dags/tutorial_taskflow_api_virtualenv.py took 0.048 seconds
[2025-11-17T16:08:10.195+0000] {processor.py:161} INFO - Started process (PID=47318) to work on /usr/local/python/3.12.1/lib/python3.12/site-packages/airflow/example_dags/tutorial_taskflow_api_virtualenv.py
[2025-11-17T16:08:10.196+0000] {processor.py:830} INFO - Processing file /usr/local/python/3.12.1/lib/python3.12/site-packages/airflow/example_dags/tutorial_taskflow_api_virtualenv.py for tasks to queue
[2025-11-17T16:08:10.197+0000] {logging_mixin.py:188} INFO - [2025-11-17T16:08:10.197+0000] {dagbag.py:545} INFO - Filling up the DagBag from /usr/local/python/3.12.1/lib/python3.12/site-packages/airflow/example_dags/tutorial_taskflow_api_virtualenv.py
[2025-11-17T16:08:10.205+0000] {processor.py:840} INFO - DAG(s) 'tutorial_taskflow_api_virtualenv' retrieved from /usr/local/python/3.12.1/lib/python3.12/site-packages/airflow/example_dags/tutorial_taskflow_api_virtualenv.py
[2025-11-17T16:08:10.216+0000] {logging_mixin.py:188} INFO - [2025-11-17T16:08:10.216+0000] {dag.py:3096} INFO - Sync 1 DAGs
[2025-11-17T16:08:10.225+0000] {logging_mixin.py:188} INFO - [2025-11-17T16:08:10.224+0000] {dag.py:3954} INFO - Setting next_dagrun for tutorial_taskflow_api_virtualenv to None, run_after=None
[2025-11-17T16:08:10.242+0000] {processor.py:183} INFO - Processing /usr/local/python/3.12.1/lib/python3.12/site-packages/airflow/example_dags/tutorial_taskflow_api_virtualenv.py took 0.051 seconds
[2025-11-17T16:08:51.099+0000] {processor.py:161} INFO - Started process (PID=47885) to work on /usr/local/python/3.12.1/lib/python3.12/site-packages/airflow/example_dags/tutorial_taskflow_api_virtualenv.py
[2025-11-17T16:08:51.100+0000] {processor.py:830} INFO - Processing file /usr/local/python/3.12.1/lib/python3.12/site-packages/airflow/example_dags/tutorial_taskflow_api_virtualenv.py for tasks to queue
[2025-11-17T16:08:51.101+0000] {logging_mixin.py:188} INFO - [2025-11-17T16:08:51.101+0000] {dagbag.py:545} INFO - Filling up the DagBag from /usr/local/python/3.12.1/lib/python3.12/site-packages/airflow/example_dags/tutorial_taskflow_api_virtualenv.py
[2025-11-17T16:08:51.109+0000] {processor.py:840} INFO - DAG(s) 'tutorial_taskflow_api_virtualenv' retrieved from /usr/local/python/3.12.1/lib/python3.12/site-packages/airflow/example_dags/tutorial_taskflow_api_virtualenv.py
[2025-11-17T16:08:51.120+0000] {logging_mixin.py:188} INFO - [2025-11-17T16:08:51.120+0000] {dag.py:3096} INFO - Sync 1 DAGs
[2025-11-17T16:08:51.128+0000] {logging_mixin.py:188} INFO - [2025-11-17T16:08:51.128+0000] {dag.py:3954} INFO - Setting next_dagrun for tutorial_taskflow_api_virtualenv to None, run_after=None
[2025-11-17T16:08:51.144+0000] {processor.py:183} INFO - Processing /usr/local/python/3.12.1/lib/python3.12/site-packages/airflow/example_dags/tutorial_taskflow_api_virtualenv.py took 0.049 seconds
[2025-11-17T16:09:31.115+0000] {processor.py:161} INFO - Started process (PID=48464) to work on /usr/local/python/3.12.1/lib/python3.12/site-packages/airflow/example_dags/tutorial_taskflow_api_virtualenv.py
[2025-11-17T16:09:31.115+0000] {processor.py:830} INFO - Processing file /usr/local/python/3.12.1/lib/python3.12/site-packages/airflow/example_dags/tutorial_taskflow_api_virtualenv.py for tasks to queue
[2025-11-17T16:09:31.117+0000] {logging_mixin.py:188} INFO - [2025-11-17T16:09:31.116+0000] {dagbag.py:545} INFO - Filling up the DagBag from /usr/local/python/3.12.1/lib/python3.12/site-packages/airflow/example_dags/tutorial_taskflow_api_virtualenv.py
[2025-11-17T16:09:31.124+0000] {processor.py:840} INFO - DAG(s) 'tutorial_taskflow_api_virtualenv' retrieved from /usr/local/python/3.12.1/lib/python3.12/site-packages/airflow/example_dags/tutorial_taskflow_api_virtualenv.py
[2025-11-17T16:09:31.136+0000] {logging_mixin.py:188} INFO - [2025-11-17T16:09:31.136+0000] {dag.py:3096} INFO - Sync 1 DAGs
[2025-11-17T16:09:31.144+0000] {logging_mixin.py:188} INFO - [2025-11-17T16:09:31.144+0000] {dag.py:3954} INFO - Setting next_dagrun for tutorial_taskflow_api_virtualenv to None, run_after=None
[2025-11-17T16:09:31.160+0000] {processor.py:183} INFO - Processing /usr/local/python/3.12.1/lib/python3.12/site-packages/airflow/example_dags/tutorial_taskflow_api_virtualenv.py took 0.050 seconds
[2025-11-17T16:10:11.079+0000] {processor.py:161} INFO - Started process (PID=49164) to work on /usr/local/python/3.12.1/lib/python3.12/site-packages/airflow/example_dags/tutorial_taskflow_api_virtualenv.py
[2025-11-17T16:10:11.080+0000] {processor.py:830} INFO - Processing file /usr/local/python/3.12.1/lib/python3.12/site-packages/airflow/example_dags/tutorial_taskflow_api_virtualenv.py for tasks to queue
[2025-11-17T16:10:11.081+0000] {logging_mixin.py:188} INFO - [2025-11-17T16:10:11.081+0000] {dagbag.py:545} INFO - Filling up the DagBag from /usr/local/python/3.12.1/lib/python3.12/site-packages/airflow/example_dags/tutorial_taskflow_api_virtualenv.py
[2025-11-17T16:10:11.089+0000] {processor.py:840} INFO - DAG(s) 'tutorial_taskflow_api_virtualenv' retrieved from /usr/local/python/3.12.1/lib/python3.12/site-packages/airflow/example_dags/tutorial_taskflow_api_virtualenv.py
[2025-11-17T16:10:11.100+0000] {logging_mixin.py:188} INFO - [2025-11-17T16:10:11.100+0000] {dag.py:3096} INFO - Sync 1 DAGs
[2025-11-17T16:10:11.109+0000] {logging_mixin.py:188} INFO - [2025-11-17T16:10:11.109+0000] {dag.py:3954} INFO - Setting next_dagrun for tutorial_taskflow_api_virtualenv to None, run_after=None
[2025-11-17T16:10:11.125+0000] {processor.py:183} INFO - Processing /usr/local/python/3.12.1/lib/python3.12/site-packages/airflow/example_dags/tutorial_taskflow_api_virtualenv.py took 0.050 seconds
